[2025-09-05T11:57:22.185+0200] {taskinstance.py:1090} INFO - Dependencies all met for dep_context=non-requeueable deps ti=<TaskInstance: executing_multiple_tasks.taskB scheduled__2025-09-04T00:00:00+00:00 [queued]>
[2025-09-05T11:57:22.206+0200] {taskinstance.py:1090} INFO - Dependencies all met for dep_context=requeueable deps ti=<TaskInstance: executing_multiple_tasks.taskB scheduled__2025-09-04T00:00:00+00:00 [queued]>
[2025-09-05T11:57:22.206+0200] {taskinstance.py:1288} INFO - 
--------------------------------------------------------------------------------
[2025-09-05T11:57:22.206+0200] {taskinstance.py:1289} INFO - Starting attempt 1 of 1
[2025-09-05T11:57:22.206+0200] {taskinstance.py:1290} INFO - 
--------------------------------------------------------------------------------
[2025-09-05T11:57:22.228+0200] {taskinstance.py:1309} INFO - Executing <Task(BashOperator): taskB> on 2025-09-04 00:00:00+00:00
[2025-09-05T11:57:22.242+0200] {standard_task_runner.py:55} INFO - Started process 51231 to run task
[2025-09-05T11:57:22.293+0200] {standard_task_runner.py:82} INFO - Running: ['airflow', 'tasks', 'run', 'executing_multiple_tasks', 'taskB', 'scheduled__2025-09-04T00:00:00+00:00', '--job-id', '16', '--raw', '--subdir', 'DAGS_FOLDER/execute_multiple_tasks.py', '--cfg-path', '/tmp/tmpwvdfhwmg']
[2025-09-05T11:57:22.326+0200] {standard_task_runner.py:83} INFO - Job 16: Subtask taskB
[2025-09-05T11:57:23.000+0200] {task_command.py:389} INFO - Running <TaskInstance: executing_multiple_tasks.taskB scheduled__2025-09-04T00:00:00+00:00 [running]> on host LAPTOP-OQGSU8SC.localdomain
[2025-09-05T11:57:23.178+0200] {taskinstance.py:1516} INFO - Exporting the following env vars:
AIRFLOW_CTX_DAG_OWNER=loonycorn
AIRFLOW_CTX_DAG_ID=executing_multiple_tasks
AIRFLOW_CTX_TASK_ID=taskB
AIRFLOW_CTX_EXECUTION_DATE=2025-09-04T00:00:00+00:00
AIRFLOW_CTX_TRY_NUMBER=1
AIRFLOW_CTX_DAG_RUN_ID=scheduled__2025-09-04T00:00:00+00:00
[2025-09-05T11:57:23.182+0200] {subprocess.py:63} INFO - Tmp dir root location: 
 /tmp
[2025-09-05T11:57:23.184+0200] {subprocess.py:75} INFO - Running command: ['/usr/bin/bash', '-c', 'echo TASK B has executed!']
[2025-09-05T11:57:23.237+0200] {subprocess.py:86} INFO - Output:
[2025-09-05T11:57:23.247+0200] {subprocess.py:93} INFO - TASK B has executed!
[2025-09-05T11:57:23.249+0200] {subprocess.py:97} INFO - Command exited with return code 0
[2025-09-05T11:57:23.300+0200] {taskinstance.py:1327} INFO - Marking task as SUCCESS. dag_id=executing_multiple_tasks, task_id=taskB, execution_date=20250904T000000, start_date=20250905T095722, end_date=20250905T095723
[2025-09-05T11:57:23.373+0200] {local_task_job.py:212} INFO - Task exited with return code 0
[2025-09-05T11:57:23.406+0200] {taskinstance.py:2596} INFO - 1 downstream tasks scheduled from follow-on schedule check
