[2025-09-04T18:38:42.978+0200] {taskinstance.py:1090} INFO - Dependencies all met for dep_context=non-requeueable deps ti=<TaskInstance: executing_multiple_tasks.taskA manual__2025-09-04T16:38:25.586103+00:00 [queued]>
[2025-09-04T18:38:42.992+0200] {taskinstance.py:1090} INFO - Dependencies all met for dep_context=requeueable deps ti=<TaskInstance: executing_multiple_tasks.taskA manual__2025-09-04T16:38:25.586103+00:00 [queued]>
[2025-09-04T18:38:42.993+0200] {taskinstance.py:1288} INFO - 
--------------------------------------------------------------------------------
[2025-09-04T18:38:42.993+0200] {taskinstance.py:1289} INFO - Starting attempt 1 of 1
[2025-09-04T18:38:42.993+0200] {taskinstance.py:1290} INFO - 
--------------------------------------------------------------------------------
[2025-09-04T18:38:43.035+0200] {taskinstance.py:1309} INFO - Executing <Task(BashOperator): taskA> on 2025-09-04 16:38:25.586103+00:00
[2025-09-04T18:38:43.044+0200] {standard_task_runner.py:55} INFO - Started process 47261 to run task
[2025-09-04T18:38:43.054+0200] {standard_task_runner.py:82} INFO - Running: ['airflow', 'tasks', 'run', 'executing_multiple_tasks', 'taskA', 'manual__2025-09-04T16:38:25.586103+00:00', '--job-id', '14', '--raw', '--subdir', 'DAGS_FOLDER/execute_multiple_tasks.py', '--cfg-path', '/tmp/tmpbnfb8bb9']
[2025-09-04T18:38:43.058+0200] {standard_task_runner.py:83} INFO - Job 14: Subtask taskA
[2025-09-04T18:38:43.172+0200] {task_command.py:389} INFO - Running <TaskInstance: executing_multiple_tasks.taskA manual__2025-09-04T16:38:25.586103+00:00 [running]> on host LAPTOP-OQGSU8SC.localdomain
[2025-09-04T18:38:43.301+0200] {taskinstance.py:1516} INFO - Exporting the following env vars:
AIRFLOW_CTX_DAG_OWNER=loonycorn
AIRFLOW_CTX_DAG_ID=executing_multiple_tasks
AIRFLOW_CTX_TASK_ID=taskA
AIRFLOW_CTX_EXECUTION_DATE=2025-09-04T16:38:25.586103+00:00
AIRFLOW_CTX_TRY_NUMBER=1
AIRFLOW_CTX_DAG_RUN_ID=manual__2025-09-04T16:38:25.586103+00:00
[2025-09-04T18:38:43.307+0200] {subprocess.py:63} INFO - Tmp dir root location: 
 /tmp
[2025-09-04T18:38:43.310+0200] {subprocess.py:75} INFO - Running command: ['/usr/bin/bash', '-c', 'echo TASK A has executed!']
[2025-09-04T18:38:43.327+0200] {subprocess.py:86} INFO - Output:
[2025-09-04T18:38:43.329+0200] {subprocess.py:93} INFO - TASK A has executed!
[2025-09-04T18:38:43.330+0200] {subprocess.py:97} INFO - Command exited with return code 0
[2025-09-04T18:38:43.364+0200] {taskinstance.py:1327} INFO - Marking task as SUCCESS. dag_id=executing_multiple_tasks, task_id=taskA, execution_date=20250904T163825, start_date=20250904T163842, end_date=20250904T163843
[2025-09-04T18:38:43.429+0200] {local_task_job.py:212} INFO - Task exited with return code 0
[2025-09-04T18:38:43.449+0200] {taskinstance.py:2596} INFO - 0 downstream tasks scheduled from follow-on schedule check
