[2025-09-04T18:29:16.859+0200] {taskinstance.py:1090} INFO - Dependencies all met for dep_context=non-requeueable deps ti=<TaskInstance: executing_multiple_tasks.taskA scheduled__2025-09-03T00:00:00+00:00 [queued]>
[2025-09-04T18:29:16.900+0200] {taskinstance.py:1090} INFO - Dependencies all met for dep_context=requeueable deps ti=<TaskInstance: executing_multiple_tasks.taskA scheduled__2025-09-03T00:00:00+00:00 [queued]>
[2025-09-04T18:29:16.900+0200] {taskinstance.py:1288} INFO - 
--------------------------------------------------------------------------------
[2025-09-04T18:29:16.900+0200] {taskinstance.py:1289} INFO - Starting attempt 1 of 1
[2025-09-04T18:29:16.900+0200] {taskinstance.py:1290} INFO - 
--------------------------------------------------------------------------------
[2025-09-04T18:29:16.925+0200] {taskinstance.py:1309} INFO - Executing <Task(BashOperator): taskA> on 2025-09-03 00:00:00+00:00
[2025-09-04T18:29:16.939+0200] {standard_task_runner.py:55} INFO - Started process 45411 to run task
[2025-09-04T18:29:16.983+0200] {standard_task_runner.py:82} INFO - Running: ['airflow', 'tasks', 'run', 'executing_multiple_tasks', 'taskA', 'scheduled__2025-09-03T00:00:00+00:00', '--job-id', '11', '--raw', '--subdir', 'DAGS_FOLDER/execute_multiple_tasks.py', '--cfg-path', '/tmp/tmpeu7mg9dk']
[2025-09-04T18:29:17.015+0200] {standard_task_runner.py:83} INFO - Job 11: Subtask taskA
[2025-09-04T18:29:17.514+0200] {task_command.py:389} INFO - Running <TaskInstance: executing_multiple_tasks.taskA scheduled__2025-09-03T00:00:00+00:00 [running]> on host LAPTOP-OQGSU8SC.localdomain
[2025-09-04T18:29:17.798+0200] {taskinstance.py:1516} INFO - Exporting the following env vars:
AIRFLOW_CTX_DAG_OWNER=loonycorn
AIRFLOW_CTX_DAG_ID=executing_multiple_tasks
AIRFLOW_CTX_TASK_ID=taskA
AIRFLOW_CTX_EXECUTION_DATE=2025-09-03T00:00:00+00:00
AIRFLOW_CTX_TRY_NUMBER=1
AIRFLOW_CTX_DAG_RUN_ID=scheduled__2025-09-03T00:00:00+00:00
[2025-09-04T18:29:17.812+0200] {subprocess.py:63} INFO - Tmp dir root location: 
 /tmp
[2025-09-04T18:29:17.820+0200] {subprocess.py:75} INFO - Running command: ['/usr/bin/bash', '-c', 'echo TASK A has executed!']
[2025-09-04T18:29:17.855+0200] {subprocess.py:86} INFO - Output:
[2025-09-04T18:29:17.890+0200] {subprocess.py:93} INFO - TASK A has executed!
[2025-09-04T18:29:17.891+0200] {subprocess.py:97} INFO - Command exited with return code 0
[2025-09-04T18:29:17.919+0200] {taskinstance.py:1327} INFO - Marking task as SUCCESS. dag_id=executing_multiple_tasks, task_id=taskA, execution_date=20250903T000000, start_date=20250904T162916, end_date=20250904T162917
[2025-09-04T18:29:17.964+0200] {local_task_job.py:212} INFO - Task exited with return code 0
[2025-09-04T18:29:17.988+0200] {taskinstance.py:2596} INFO - 1 downstream tasks scheduled from follow-on schedule check
