[2025-09-05T11:57:26.061+0200] {taskinstance.py:1090} INFO - Dependencies all met for dep_context=non-requeueable deps ti=<TaskInstance: executing_multiple_tasks.taskA scheduled__2025-09-04T00:00:00+00:00 [queued]>
[2025-09-05T11:57:26.077+0200] {taskinstance.py:1090} INFO - Dependencies all met for dep_context=requeueable deps ti=<TaskInstance: executing_multiple_tasks.taskA scheduled__2025-09-04T00:00:00+00:00 [queued]>
[2025-09-05T11:57:26.077+0200] {taskinstance.py:1288} INFO - 
--------------------------------------------------------------------------------
[2025-09-05T11:57:26.077+0200] {taskinstance.py:1289} INFO - Starting attempt 1 of 1
[2025-09-05T11:57:26.077+0200] {taskinstance.py:1290} INFO - 
--------------------------------------------------------------------------------
[2025-09-05T11:57:26.104+0200] {taskinstance.py:1309} INFO - Executing <Task(BashOperator): taskA> on 2025-09-04 00:00:00+00:00
[2025-09-05T11:57:26.109+0200] {standard_task_runner.py:55} INFO - Started process 51236 to run task
[2025-09-05T11:57:26.119+0200] {standard_task_runner.py:82} INFO - Running: ['airflow', 'tasks', 'run', 'executing_multiple_tasks', 'taskA', 'scheduled__2025-09-04T00:00:00+00:00', '--job-id', '17', '--raw', '--subdir', 'DAGS_FOLDER/execute_multiple_tasks.py', '--cfg-path', '/tmp/tmpyma_qg_c']
[2025-09-05T11:57:26.123+0200] {standard_task_runner.py:83} INFO - Job 17: Subtask taskA
[2025-09-05T11:57:26.217+0200] {task_command.py:389} INFO - Running <TaskInstance: executing_multiple_tasks.taskA scheduled__2025-09-04T00:00:00+00:00 [running]> on host LAPTOP-OQGSU8SC.localdomain
[2025-09-05T11:57:26.317+0200] {taskinstance.py:1516} INFO - Exporting the following env vars:
AIRFLOW_CTX_DAG_OWNER=loonycorn
AIRFLOW_CTX_DAG_ID=executing_multiple_tasks
AIRFLOW_CTX_TASK_ID=taskA
AIRFLOW_CTX_EXECUTION_DATE=2025-09-04T00:00:00+00:00
AIRFLOW_CTX_TRY_NUMBER=1
AIRFLOW_CTX_DAG_RUN_ID=scheduled__2025-09-04T00:00:00+00:00
[2025-09-05T11:57:26.318+0200] {subprocess.py:63} INFO - Tmp dir root location: 
 /tmp
[2025-09-05T11:57:26.319+0200] {subprocess.py:75} INFO - Running command: ['/usr/bin/bash', '-c', 'echo TASK A has executed!']
[2025-09-05T11:57:26.332+0200] {subprocess.py:86} INFO - Output:
[2025-09-05T11:57:26.336+0200] {subprocess.py:93} INFO - TASK A has executed!
[2025-09-05T11:57:26.337+0200] {subprocess.py:97} INFO - Command exited with return code 0
[2025-09-05T11:57:26.362+0200] {taskinstance.py:1327} INFO - Marking task as SUCCESS. dag_id=executing_multiple_tasks, task_id=taskA, execution_date=20250904T000000, start_date=20250905T095726, end_date=20250905T095726
[2025-09-05T11:57:26.412+0200] {local_task_job.py:212} INFO - Task exited with return code 0
[2025-09-05T11:57:26.424+0200] {taskinstance.py:2596} INFO - 0 downstream tasks scheduled from follow-on schedule check
