[2025-09-04T17:04:04.355+0200] {taskinstance.py:1090} INFO - Dependencies all met for dep_context=non-requeueable deps ti=<TaskInstance: hello_world.hello_world_task manual__2025-09-04T15:03:58.705186+00:00 [queued]>
[2025-09-04T17:04:04.374+0200] {taskinstance.py:1090} INFO - Dependencies all met for dep_context=requeueable deps ti=<TaskInstance: hello_world.hello_world_task manual__2025-09-04T15:03:58.705186+00:00 [queued]>
[2025-09-04T17:04:04.375+0200] {taskinstance.py:1288} INFO - 
--------------------------------------------------------------------------------
[2025-09-04T17:04:04.375+0200] {taskinstance.py:1289} INFO - Starting attempt 1 of 1
[2025-09-04T17:04:04.375+0200] {taskinstance.py:1290} INFO - 
--------------------------------------------------------------------------------
[2025-09-04T17:04:04.402+0200] {taskinstance.py:1309} INFO - Executing <Task(BashOperator): hello_world_task> on 2025-09-04 15:03:58.705186+00:00
[2025-09-04T17:04:04.408+0200] {standard_task_runner.py:55} INFO - Started process 30319 to run task
[2025-09-04T17:04:04.418+0200] {standard_task_runner.py:82} INFO - Running: ['airflow', 'tasks', 'run', 'hello_world', 'hello_world_task', 'manual__2025-09-04T15:03:58.705186+00:00', '--job-id', '10', '--raw', '--subdir', 'DAGS_FOLDER/first_dag.py', '--cfg-path', '/tmp/tmphovvzjtx']
[2025-09-04T17:04:04.422+0200] {standard_task_runner.py:83} INFO - Job 10: Subtask hello_world_task
[2025-09-04T17:04:04.526+0200] {task_command.py:389} INFO - Running <TaskInstance: hello_world.hello_world_task manual__2025-09-04T15:03:58.705186+00:00 [running]> on host LAPTOP-OQGSU8SC.localdomain
[2025-09-04T17:04:04.649+0200] {taskinstance.py:1516} INFO - Exporting the following env vars:
AIRFLOW_CTX_DAG_OWNER=varun25
AIRFLOW_CTX_DAG_ID=hello_world
AIRFLOW_CTX_TASK_ID=hello_world_task
AIRFLOW_CTX_EXECUTION_DATE=2025-09-04T15:03:58.705186+00:00
AIRFLOW_CTX_TRY_NUMBER=1
AIRFLOW_CTX_DAG_RUN_ID=manual__2025-09-04T15:03:58.705186+00:00
[2025-09-04T17:04:04.651+0200] {subprocess.py:63} INFO - Tmp dir root location: 
 /tmp
[2025-09-04T17:04:04.653+0200] {subprocess.py:75} INFO - Running command: ['/usr/bin/bash', '-c', 'echo Hello world once again!']
[2025-09-04T17:04:04.674+0200] {subprocess.py:86} INFO - Output:
[2025-09-04T17:04:04.701+0200] {subprocess.py:93} INFO - Hello world once again!
[2025-09-04T17:04:04.703+0200] {subprocess.py:97} INFO - Command exited with return code 0
[2025-09-04T17:04:08.320+0200] {taskinstance.py:1327} INFO - Marking task as SUCCESS. dag_id=hello_world, task_id=hello_world_task, execution_date=20250904T150358, start_date=20250904T150404, end_date=20250904T150408
[2025-09-04T17:04:08.374+0200] {local_task_job.py:212} INFO - Task exited with return code 0
[2025-09-04T17:04:08.392+0200] {taskinstance.py:2596} INFO - 0 downstream tasks scheduled from follow-on schedule check
