[2025-09-03T19:56:04.081+0200] {taskinstance.py:1090} INFO - Dependencies all met for dep_context=non-requeueable deps ti=<TaskInstance: example_branch_operator.branching manual__2025-09-03T17:55:58.387706+00:00 [queued]>
[2025-09-03T19:56:04.092+0200] {taskinstance.py:1090} INFO - Dependencies all met for dep_context=requeueable deps ti=<TaskInstance: example_branch_operator.branching manual__2025-09-03T17:55:58.387706+00:00 [queued]>
[2025-09-03T19:56:04.092+0200] {taskinstance.py:1288} INFO - 
--------------------------------------------------------------------------------
[2025-09-03T19:56:04.093+0200] {taskinstance.py:1289} INFO - Starting attempt 1 of 1
[2025-09-03T19:56:04.093+0200] {taskinstance.py:1290} INFO - 
--------------------------------------------------------------------------------
[2025-09-03T19:56:04.116+0200] {taskinstance.py:1309} INFO - Executing <Task(BranchPythonOperator): branching> on 2025-09-03 17:55:58.387706+00:00
[2025-09-03T19:56:04.121+0200] {standard_task_runner.py:55} INFO - Started process 3882 to run task
[2025-09-03T19:56:04.128+0200] {standard_task_runner.py:82} INFO - Running: ['airflow', 'tasks', 'run', 'example_branch_operator', 'branching', 'manual__2025-09-03T17:55:58.387706+00:00', '--job-id', '3', '--raw', '--subdir', '/home/varun/miniconda3/envs/python38/lib/python3.8/site-packages/airflow/example_dags/example_branch_operator.py', '--cfg-path', '/tmp/tmpurn3ixnz']
[2025-09-03T19:56:04.131+0200] {standard_task_runner.py:83} INFO - Job 3: Subtask branching
[2025-09-03T19:56:04.204+0200] {task_command.py:389} INFO - Running <TaskInstance: example_branch_operator.branching manual__2025-09-03T17:55:58.387706+00:00 [running]> on host LAPTOP-OQGSU8SC.localdomain
[2025-09-03T19:56:04.269+0200] {taskinstance.py:1516} INFO - Exporting the following env vars:
AIRFLOW_CTX_DAG_OWNER=airflow
AIRFLOW_CTX_DAG_ID=example_branch_operator
AIRFLOW_CTX_TASK_ID=branching
AIRFLOW_CTX_EXECUTION_DATE=2025-09-03T17:55:58.387706+00:00
AIRFLOW_CTX_TRY_NUMBER=1
AIRFLOW_CTX_DAG_RUN_ID=manual__2025-09-03T17:55:58.387706+00:00
[2025-09-03T19:56:04.271+0200] {python.py:177} INFO - Done. Returned value was: branch_d
[2025-09-03T19:56:04.271+0200] {python.py:211} INFO - Branch callable return branch_d
[2025-09-03T19:56:04.271+0200] {skipmixin.py:155} INFO - Following branch branch_d
[2025-09-03T19:56:04.272+0200] {skipmixin.py:211} INFO - Skipping tasks ['branch_c', 'branch_a', 'branch_b']
[2025-09-03T19:56:04.314+0200] {taskinstance.py:1327} INFO - Marking task as SUCCESS. dag_id=example_branch_operator, task_id=branching, execution_date=20250903T175558, start_date=20250903T175604, end_date=20250903T175604
[2025-09-03T19:56:04.379+0200] {local_task_job.py:212} INFO - Task exited with return code 0
[2025-09-03T19:56:04.405+0200] {taskinstance.py:2596} INFO - 0 downstream tasks scheduled from follow-on schedule check
