[2025-09-04T16:38:19.517+0200] {taskinstance.py:1090} INFO - Dependencies all met for dep_context=non-requeueable deps ti=<TaskInstance: hello_world.hello_world_task manual__2025-09-04T14:38:15.472782+00:00 [queued]>
[2025-09-04T16:38:19.539+0200] {taskinstance.py:1090} INFO - Dependencies all met for dep_context=requeueable deps ti=<TaskInstance: hello_world.hello_world_task manual__2025-09-04T14:38:15.472782+00:00 [queued]>
[2025-09-04T16:38:19.539+0200] {taskinstance.py:1288} INFO - 
--------------------------------------------------------------------------------
[2025-09-04T16:38:19.540+0200] {taskinstance.py:1289} INFO - Starting attempt 1 of 1
[2025-09-04T16:38:19.540+0200] {taskinstance.py:1290} INFO - 
--------------------------------------------------------------------------------
[2025-09-04T16:38:19.566+0200] {taskinstance.py:1309} INFO - Executing <Task(BashOperator): hello_world_task> on 2025-09-04 14:38:15.472782+00:00
[2025-09-04T16:38:19.573+0200] {standard_task_runner.py:55} INFO - Started process 26311 to run task
[2025-09-04T16:38:19.582+0200] {standard_task_runner.py:82} INFO - Running: ['airflow', 'tasks', 'run', 'hello_world', 'hello_world_task', 'manual__2025-09-04T14:38:15.472782+00:00', '--job-id', '8', '--raw', '--subdir', 'DAGS_FOLDER/first_dag.py', '--cfg-path', '/tmp/tmpexx641sy']
[2025-09-04T16:38:19.587+0200] {standard_task_runner.py:83} INFO - Job 8: Subtask hello_world_task
[2025-09-04T16:38:19.684+0200] {task_command.py:389} INFO - Running <TaskInstance: hello_world.hello_world_task manual__2025-09-04T14:38:15.472782+00:00 [running]> on host LAPTOP-OQGSU8SC.localdomain
[2025-09-04T16:38:20.048+0200] {taskinstance.py:1516} INFO - Exporting the following env vars:
AIRFLOW_CTX_DAG_OWNER=varun25
AIRFLOW_CTX_DAG_ID=hello_world
AIRFLOW_CTX_TASK_ID=hello_world_task
AIRFLOW_CTX_EXECUTION_DATE=2025-09-04T14:38:15.472782+00:00
AIRFLOW_CTX_TRY_NUMBER=1
AIRFLOW_CTX_DAG_RUN_ID=manual__2025-09-04T14:38:15.472782+00:00
[2025-09-04T16:38:20.068+0200] {subprocess.py:63} INFO - Tmp dir root location: 
 /tmp
[2025-09-04T16:38:20.078+0200] {subprocess.py:75} INFO - Running command: ['/usr/bin/bash', '-c', 'echo Hello world']
[2025-09-04T16:38:20.139+0200] {subprocess.py:86} INFO - Output:
[2025-09-04T16:38:20.151+0200] {subprocess.py:93} INFO - Hello world
[2025-09-04T16:38:20.152+0200] {subprocess.py:97} INFO - Command exited with return code 0
[2025-09-04T16:38:20.204+0200] {taskinstance.py:1327} INFO - Marking task as SUCCESS. dag_id=hello_world, task_id=hello_world_task, execution_date=20250904T143815, start_date=20250904T143819, end_date=20250904T143820
[2025-09-04T16:38:20.278+0200] {local_task_job.py:212} INFO - Task exited with return code 0
[2025-09-04T16:38:20.298+0200] {taskinstance.py:2596} INFO - 0 downstream tasks scheduled from follow-on schedule check
