[2025-09-03T19:42:09.857+0200] {processor.py:153} INFO - Started process (PID=3078) to work on /home/varun/miniconda3/envs/python38/lib/python3.8/site-packages/airflow/example_dags/subdags/subdag.py
[2025-09-03T19:42:09.858+0200] {processor.py:743} INFO - Processing file /home/varun/miniconda3/envs/python38/lib/python3.8/site-packages/airflow/example_dags/subdags/subdag.py for tasks to queue
[2025-09-03T19:42:09.859+0200] {logging_mixin.py:137} INFO - [2025-09-03T19:42:09.859+0200] {dagbag.py:532} INFO - Filling up the DagBag from /home/varun/miniconda3/envs/python38/lib/python3.8/site-packages/airflow/example_dags/subdags/subdag.py
[2025-09-03T19:42:09.866+0200] {processor.py:755} WARNING - No viable dags retrieved from /home/varun/miniconda3/envs/python38/lib/python3.8/site-packages/airflow/example_dags/subdags/subdag.py
[2025-09-03T19:42:09.879+0200] {processor.py:175} INFO - Processing /home/varun/miniconda3/envs/python38/lib/python3.8/site-packages/airflow/example_dags/subdags/subdag.py took 0.027 seconds
[2025-09-03T19:43:01.027+0200] {processor.py:153} INFO - Started process (PID=3120) to work on /home/varun/miniconda3/envs/python38/lib/python3.8/site-packages/airflow/example_dags/subdags/subdag.py
[2025-09-03T19:43:01.029+0200] {processor.py:743} INFO - Processing file /home/varun/miniconda3/envs/python38/lib/python3.8/site-packages/airflow/example_dags/subdags/subdag.py for tasks to queue
[2025-09-03T19:43:01.030+0200] {logging_mixin.py:137} INFO - [2025-09-03T19:43:01.030+0200] {dagbag.py:532} INFO - Filling up the DagBag from /home/varun/miniconda3/envs/python38/lib/python3.8/site-packages/airflow/example_dags/subdags/subdag.py
[2025-09-03T19:43:01.036+0200] {processor.py:755} WARNING - No viable dags retrieved from /home/varun/miniconda3/envs/python38/lib/python3.8/site-packages/airflow/example_dags/subdags/subdag.py
[2025-09-03T19:43:01.050+0200] {processor.py:175} INFO - Processing /home/varun/miniconda3/envs/python38/lib/python3.8/site-packages/airflow/example_dags/subdags/subdag.py took 0.027 seconds
[2025-09-03T19:43:50.655+0200] {processor.py:153} INFO - Started process (PID=3162) to work on /home/varun/miniconda3/envs/python38/lib/python3.8/site-packages/airflow/example_dags/subdags/subdag.py
[2025-09-03T19:43:50.656+0200] {processor.py:743} INFO - Processing file /home/varun/miniconda3/envs/python38/lib/python3.8/site-packages/airflow/example_dags/subdags/subdag.py for tasks to queue
[2025-09-03T19:43:50.657+0200] {logging_mixin.py:137} INFO - [2025-09-03T19:43:50.657+0200] {dagbag.py:532} INFO - Filling up the DagBag from /home/varun/miniconda3/envs/python38/lib/python3.8/site-packages/airflow/example_dags/subdags/subdag.py
[2025-09-03T19:43:50.660+0200] {processor.py:755} WARNING - No viable dags retrieved from /home/varun/miniconda3/envs/python38/lib/python3.8/site-packages/airflow/example_dags/subdags/subdag.py
[2025-09-03T19:43:50.672+0200] {processor.py:175} INFO - Processing /home/varun/miniconda3/envs/python38/lib/python3.8/site-packages/airflow/example_dags/subdags/subdag.py took 0.020 seconds
[2025-09-03T19:44:37.167+0200] {processor.py:153} INFO - Started process (PID=3204) to work on /home/varun/miniconda3/envs/python38/lib/python3.8/site-packages/airflow/example_dags/subdags/subdag.py
[2025-09-03T19:44:37.168+0200] {processor.py:743} INFO - Processing file /home/varun/miniconda3/envs/python38/lib/python3.8/site-packages/airflow/example_dags/subdags/subdag.py for tasks to queue
[2025-09-03T19:44:37.169+0200] {logging_mixin.py:137} INFO - [2025-09-03T19:44:37.169+0200] {dagbag.py:532} INFO - Filling up the DagBag from /home/varun/miniconda3/envs/python38/lib/python3.8/site-packages/airflow/example_dags/subdags/subdag.py
[2025-09-03T19:44:37.173+0200] {processor.py:755} WARNING - No viable dags retrieved from /home/varun/miniconda3/envs/python38/lib/python3.8/site-packages/airflow/example_dags/subdags/subdag.py
[2025-09-03T19:44:37.184+0200] {processor.py:175} INFO - Processing /home/varun/miniconda3/envs/python38/lib/python3.8/site-packages/airflow/example_dags/subdags/subdag.py took 0.021 seconds
[2025-09-03T19:45:29.161+0200] {processor.py:153} INFO - Started process (PID=3247) to work on /home/varun/miniconda3/envs/python38/lib/python3.8/site-packages/airflow/example_dags/subdags/subdag.py
[2025-09-03T19:45:29.162+0200] {processor.py:743} INFO - Processing file /home/varun/miniconda3/envs/python38/lib/python3.8/site-packages/airflow/example_dags/subdags/subdag.py for tasks to queue
[2025-09-03T19:45:29.163+0200] {logging_mixin.py:137} INFO - [2025-09-03T19:45:29.163+0200] {dagbag.py:532} INFO - Filling up the DagBag from /home/varun/miniconda3/envs/python38/lib/python3.8/site-packages/airflow/example_dags/subdags/subdag.py
[2025-09-03T19:45:29.167+0200] {processor.py:755} WARNING - No viable dags retrieved from /home/varun/miniconda3/envs/python38/lib/python3.8/site-packages/airflow/example_dags/subdags/subdag.py
[2025-09-03T19:45:29.179+0200] {processor.py:175} INFO - Processing /home/varun/miniconda3/envs/python38/lib/python3.8/site-packages/airflow/example_dags/subdags/subdag.py took 0.021 seconds
[2025-09-03T19:46:13.071+0200] {processor.py:153} INFO - Started process (PID=3317) to work on /home/varun/miniconda3/envs/python38/lib/python3.8/site-packages/airflow/example_dags/subdags/subdag.py
[2025-09-03T19:46:13.073+0200] {processor.py:743} INFO - Processing file /home/varun/miniconda3/envs/python38/lib/python3.8/site-packages/airflow/example_dags/subdags/subdag.py for tasks to queue
[2025-09-03T19:46:13.074+0200] {logging_mixin.py:137} INFO - [2025-09-03T19:46:13.074+0200] {dagbag.py:532} INFO - Filling up the DagBag from /home/varun/miniconda3/envs/python38/lib/python3.8/site-packages/airflow/example_dags/subdags/subdag.py
[2025-09-03T19:46:13.079+0200] {processor.py:755} WARNING - No viable dags retrieved from /home/varun/miniconda3/envs/python38/lib/python3.8/site-packages/airflow/example_dags/subdags/subdag.py
[2025-09-03T19:46:13.094+0200] {processor.py:175} INFO - Processing /home/varun/miniconda3/envs/python38/lib/python3.8/site-packages/airflow/example_dags/subdags/subdag.py took 0.029 seconds
[2025-09-03T19:46:58.279+0200] {processor.py:153} INFO - Started process (PID=3365) to work on /home/varun/miniconda3/envs/python38/lib/python3.8/site-packages/airflow/example_dags/subdags/subdag.py
[2025-09-03T19:46:58.281+0200] {processor.py:743} INFO - Processing file /home/varun/miniconda3/envs/python38/lib/python3.8/site-packages/airflow/example_dags/subdags/subdag.py for tasks to queue
[2025-09-03T19:46:58.282+0200] {logging_mixin.py:137} INFO - [2025-09-03T19:46:58.282+0200] {dagbag.py:532} INFO - Filling up the DagBag from /home/varun/miniconda3/envs/python38/lib/python3.8/site-packages/airflow/example_dags/subdags/subdag.py
[2025-09-03T19:46:58.287+0200] {processor.py:755} WARNING - No viable dags retrieved from /home/varun/miniconda3/envs/python38/lib/python3.8/site-packages/airflow/example_dags/subdags/subdag.py
[2025-09-03T19:46:58.302+0200] {processor.py:175} INFO - Processing /home/varun/miniconda3/envs/python38/lib/python3.8/site-packages/airflow/example_dags/subdags/subdag.py took 0.027 seconds
[2025-09-03T19:47:44.452+0200] {processor.py:153} INFO - Started process (PID=3415) to work on /home/varun/miniconda3/envs/python38/lib/python3.8/site-packages/airflow/example_dags/subdags/subdag.py
[2025-09-03T19:47:44.454+0200] {processor.py:743} INFO - Processing file /home/varun/miniconda3/envs/python38/lib/python3.8/site-packages/airflow/example_dags/subdags/subdag.py for tasks to queue
[2025-09-03T19:47:44.455+0200] {logging_mixin.py:137} INFO - [2025-09-03T19:47:44.455+0200] {dagbag.py:532} INFO - Filling up the DagBag from /home/varun/miniconda3/envs/python38/lib/python3.8/site-packages/airflow/example_dags/subdags/subdag.py
[2025-09-03T19:47:44.459+0200] {processor.py:755} WARNING - No viable dags retrieved from /home/varun/miniconda3/envs/python38/lib/python3.8/site-packages/airflow/example_dags/subdags/subdag.py
[2025-09-03T19:47:44.471+0200] {processor.py:175} INFO - Processing /home/varun/miniconda3/envs/python38/lib/python3.8/site-packages/airflow/example_dags/subdags/subdag.py took 0.023 seconds
[2025-09-03T19:48:34.406+0200] {processor.py:153} INFO - Started process (PID=3457) to work on /home/varun/miniconda3/envs/python38/lib/python3.8/site-packages/airflow/example_dags/subdags/subdag.py
[2025-09-03T19:48:34.408+0200] {processor.py:743} INFO - Processing file /home/varun/miniconda3/envs/python38/lib/python3.8/site-packages/airflow/example_dags/subdags/subdag.py for tasks to queue
[2025-09-03T19:48:34.410+0200] {logging_mixin.py:137} INFO - [2025-09-03T19:48:34.410+0200] {dagbag.py:532} INFO - Filling up the DagBag from /home/varun/miniconda3/envs/python38/lib/python3.8/site-packages/airflow/example_dags/subdags/subdag.py
[2025-09-03T19:48:34.420+0200] {processor.py:755} WARNING - No viable dags retrieved from /home/varun/miniconda3/envs/python38/lib/python3.8/site-packages/airflow/example_dags/subdags/subdag.py
[2025-09-03T19:48:34.447+0200] {processor.py:175} INFO - Processing /home/varun/miniconda3/envs/python38/lib/python3.8/site-packages/airflow/example_dags/subdags/subdag.py took 0.048 seconds
[2025-09-03T19:49:23.471+0200] {processor.py:153} INFO - Started process (PID=3499) to work on /home/varun/miniconda3/envs/python38/lib/python3.8/site-packages/airflow/example_dags/subdags/subdag.py
[2025-09-03T19:49:23.473+0200] {processor.py:743} INFO - Processing file /home/varun/miniconda3/envs/python38/lib/python3.8/site-packages/airflow/example_dags/subdags/subdag.py for tasks to queue
[2025-09-03T19:49:23.474+0200] {logging_mixin.py:137} INFO - [2025-09-03T19:49:23.474+0200] {dagbag.py:532} INFO - Filling up the DagBag from /home/varun/miniconda3/envs/python38/lib/python3.8/site-packages/airflow/example_dags/subdags/subdag.py
[2025-09-03T19:49:23.479+0200] {processor.py:755} WARNING - No viable dags retrieved from /home/varun/miniconda3/envs/python38/lib/python3.8/site-packages/airflow/example_dags/subdags/subdag.py
[2025-09-03T19:49:23.494+0200] {processor.py:175} INFO - Processing /home/varun/miniconda3/envs/python38/lib/python3.8/site-packages/airflow/example_dags/subdags/subdag.py took 0.026 seconds
[2025-09-03T19:50:09.929+0200] {processor.py:153} INFO - Started process (PID=3550) to work on /home/varun/miniconda3/envs/python38/lib/python3.8/site-packages/airflow/example_dags/subdags/subdag.py
[2025-09-03T19:50:09.931+0200] {processor.py:743} INFO - Processing file /home/varun/miniconda3/envs/python38/lib/python3.8/site-packages/airflow/example_dags/subdags/subdag.py for tasks to queue
[2025-09-03T19:50:09.932+0200] {logging_mixin.py:137} INFO - [2025-09-03T19:50:09.932+0200] {dagbag.py:532} INFO - Filling up the DagBag from /home/varun/miniconda3/envs/python38/lib/python3.8/site-packages/airflow/example_dags/subdags/subdag.py
[2025-09-03T19:50:09.937+0200] {processor.py:755} WARNING - No viable dags retrieved from /home/varun/miniconda3/envs/python38/lib/python3.8/site-packages/airflow/example_dags/subdags/subdag.py
[2025-09-03T19:50:09.955+0200] {processor.py:175} INFO - Processing /home/varun/miniconda3/envs/python38/lib/python3.8/site-packages/airflow/example_dags/subdags/subdag.py took 0.030 seconds
[2025-09-03T19:50:59.591+0200] {processor.py:153} INFO - Started process (PID=3596) to work on /home/varun/miniconda3/envs/python38/lib/python3.8/site-packages/airflow/example_dags/subdags/subdag.py
[2025-09-03T19:50:59.592+0200] {processor.py:743} INFO - Processing file /home/varun/miniconda3/envs/python38/lib/python3.8/site-packages/airflow/example_dags/subdags/subdag.py for tasks to queue
[2025-09-03T19:50:59.593+0200] {logging_mixin.py:137} INFO - [2025-09-03T19:50:59.593+0200] {dagbag.py:532} INFO - Filling up the DagBag from /home/varun/miniconda3/envs/python38/lib/python3.8/site-packages/airflow/example_dags/subdags/subdag.py
[2025-09-03T19:50:59.597+0200] {processor.py:755} WARNING - No viable dags retrieved from /home/varun/miniconda3/envs/python38/lib/python3.8/site-packages/airflow/example_dags/subdags/subdag.py
[2025-09-03T19:50:59.609+0200] {processor.py:175} INFO - Processing /home/varun/miniconda3/envs/python38/lib/python3.8/site-packages/airflow/example_dags/subdags/subdag.py took 0.023 seconds
[2025-09-03T19:51:46.095+0200] {processor.py:153} INFO - Started process (PID=3651) to work on /home/varun/miniconda3/envs/python38/lib/python3.8/site-packages/airflow/example_dags/subdags/subdag.py
[2025-09-03T19:51:46.097+0200] {processor.py:743} INFO - Processing file /home/varun/miniconda3/envs/python38/lib/python3.8/site-packages/airflow/example_dags/subdags/subdag.py for tasks to queue
[2025-09-03T19:51:46.098+0200] {logging_mixin.py:137} INFO - [2025-09-03T19:51:46.098+0200] {dagbag.py:532} INFO - Filling up the DagBag from /home/varun/miniconda3/envs/python38/lib/python3.8/site-packages/airflow/example_dags/subdags/subdag.py
[2025-09-03T19:51:46.102+0200] {processor.py:755} WARNING - No viable dags retrieved from /home/varun/miniconda3/envs/python38/lib/python3.8/site-packages/airflow/example_dags/subdags/subdag.py
[2025-09-03T19:51:46.116+0200] {processor.py:175} INFO - Processing /home/varun/miniconda3/envs/python38/lib/python3.8/site-packages/airflow/example_dags/subdags/subdag.py took 0.025 seconds
[2025-09-03T19:52:39.299+0200] {processor.py:153} INFO - Started process (PID=3697) to work on /home/varun/miniconda3/envs/python38/lib/python3.8/site-packages/airflow/example_dags/subdags/subdag.py
[2025-09-03T19:52:39.301+0200] {processor.py:743} INFO - Processing file /home/varun/miniconda3/envs/python38/lib/python3.8/site-packages/airflow/example_dags/subdags/subdag.py for tasks to queue
[2025-09-03T19:52:39.303+0200] {logging_mixin.py:137} INFO - [2025-09-03T19:52:39.302+0200] {dagbag.py:532} INFO - Filling up the DagBag from /home/varun/miniconda3/envs/python38/lib/python3.8/site-packages/airflow/example_dags/subdags/subdag.py
[2025-09-03T19:52:39.309+0200] {processor.py:755} WARNING - No viable dags retrieved from /home/varun/miniconda3/envs/python38/lib/python3.8/site-packages/airflow/example_dags/subdags/subdag.py
[2025-09-03T19:52:39.329+0200] {processor.py:175} INFO - Processing /home/varun/miniconda3/envs/python38/lib/python3.8/site-packages/airflow/example_dags/subdags/subdag.py took 0.034 seconds
[2025-09-03T19:53:28.751+0200] {processor.py:153} INFO - Started process (PID=3739) to work on /home/varun/miniconda3/envs/python38/lib/python3.8/site-packages/airflow/example_dags/subdags/subdag.py
[2025-09-03T19:53:28.753+0200] {processor.py:743} INFO - Processing file /home/varun/miniconda3/envs/python38/lib/python3.8/site-packages/airflow/example_dags/subdags/subdag.py for tasks to queue
[2025-09-03T19:53:28.754+0200] {logging_mixin.py:137} INFO - [2025-09-03T19:53:28.753+0200] {dagbag.py:532} INFO - Filling up the DagBag from /home/varun/miniconda3/envs/python38/lib/python3.8/site-packages/airflow/example_dags/subdags/subdag.py
[2025-09-03T19:53:28.759+0200] {processor.py:755} WARNING - No viable dags retrieved from /home/varun/miniconda3/envs/python38/lib/python3.8/site-packages/airflow/example_dags/subdags/subdag.py
[2025-09-03T19:53:28.770+0200] {processor.py:175} INFO - Processing /home/varun/miniconda3/envs/python38/lib/python3.8/site-packages/airflow/example_dags/subdags/subdag.py took 0.023 seconds
[2025-09-03T19:54:30.195+0200] {processor.py:153} INFO - Started process (PID=3790) to work on /home/varun/miniconda3/envs/python38/lib/python3.8/site-packages/airflow/example_dags/subdags/subdag.py
[2025-09-03T19:54:30.196+0200] {processor.py:743} INFO - Processing file /home/varun/miniconda3/envs/python38/lib/python3.8/site-packages/airflow/example_dags/subdags/subdag.py for tasks to queue
[2025-09-03T19:54:30.197+0200] {logging_mixin.py:137} INFO - [2025-09-03T19:54:30.197+0200] {dagbag.py:532} INFO - Filling up the DagBag from /home/varun/miniconda3/envs/python38/lib/python3.8/site-packages/airflow/example_dags/subdags/subdag.py
[2025-09-03T19:54:30.202+0200] {processor.py:755} WARNING - No viable dags retrieved from /home/varun/miniconda3/envs/python38/lib/python3.8/site-packages/airflow/example_dags/subdags/subdag.py
[2025-09-03T19:54:30.216+0200] {processor.py:175} INFO - Processing /home/varun/miniconda3/envs/python38/lib/python3.8/site-packages/airflow/example_dags/subdags/subdag.py took 0.025 seconds
[2025-09-03T19:55:26.020+0200] {processor.py:153} INFO - Started process (PID=3848) to work on /home/varun/miniconda3/envs/python38/lib/python3.8/site-packages/airflow/example_dags/subdags/subdag.py
[2025-09-03T19:55:26.022+0200] {processor.py:743} INFO - Processing file /home/varun/miniconda3/envs/python38/lib/python3.8/site-packages/airflow/example_dags/subdags/subdag.py for tasks to queue
[2025-09-03T19:55:26.023+0200] {logging_mixin.py:137} INFO - [2025-09-03T19:55:26.023+0200] {dagbag.py:532} INFO - Filling up the DagBag from /home/varun/miniconda3/envs/python38/lib/python3.8/site-packages/airflow/example_dags/subdags/subdag.py
[2025-09-03T19:55:26.029+0200] {processor.py:755} WARNING - No viable dags retrieved from /home/varun/miniconda3/envs/python38/lib/python3.8/site-packages/airflow/example_dags/subdags/subdag.py
[2025-09-03T19:55:26.048+0200] {processor.py:175} INFO - Processing /home/varun/miniconda3/envs/python38/lib/python3.8/site-packages/airflow/example_dags/subdags/subdag.py took 0.034 seconds
[2025-09-03T19:56:27.945+0200] {processor.py:153} INFO - Started process (PID=3898) to work on /home/varun/miniconda3/envs/python38/lib/python3.8/site-packages/airflow/example_dags/subdags/subdag.py
[2025-09-03T19:56:27.947+0200] {processor.py:743} INFO - Processing file /home/varun/miniconda3/envs/python38/lib/python3.8/site-packages/airflow/example_dags/subdags/subdag.py for tasks to queue
[2025-09-03T19:56:27.948+0200] {logging_mixin.py:137} INFO - [2025-09-03T19:56:27.948+0200] {dagbag.py:532} INFO - Filling up the DagBag from /home/varun/miniconda3/envs/python38/lib/python3.8/site-packages/airflow/example_dags/subdags/subdag.py
[2025-09-03T19:56:27.951+0200] {processor.py:755} WARNING - No viable dags retrieved from /home/varun/miniconda3/envs/python38/lib/python3.8/site-packages/airflow/example_dags/subdags/subdag.py
[2025-09-03T19:56:27.963+0200] {processor.py:175} INFO - Processing /home/varun/miniconda3/envs/python38/lib/python3.8/site-packages/airflow/example_dags/subdags/subdag.py took 0.022 seconds
[2025-09-03T19:57:20.256+0200] {processor.py:153} INFO - Started process (PID=3945) to work on /home/varun/miniconda3/envs/python38/lib/python3.8/site-packages/airflow/example_dags/subdags/subdag.py
[2025-09-03T19:57:20.258+0200] {processor.py:743} INFO - Processing file /home/varun/miniconda3/envs/python38/lib/python3.8/site-packages/airflow/example_dags/subdags/subdag.py for tasks to queue
[2025-09-03T19:57:20.259+0200] {logging_mixin.py:137} INFO - [2025-09-03T19:57:20.259+0200] {dagbag.py:532} INFO - Filling up the DagBag from /home/varun/miniconda3/envs/python38/lib/python3.8/site-packages/airflow/example_dags/subdags/subdag.py
[2025-09-03T19:57:20.265+0200] {processor.py:755} WARNING - No viable dags retrieved from /home/varun/miniconda3/envs/python38/lib/python3.8/site-packages/airflow/example_dags/subdags/subdag.py
[2025-09-03T19:57:20.276+0200] {processor.py:175} INFO - Processing /home/varun/miniconda3/envs/python38/lib/python3.8/site-packages/airflow/example_dags/subdags/subdag.py took 0.023 seconds
[2025-09-03T19:58:11.612+0200] {processor.py:153} INFO - Started process (PID=3987) to work on /home/varun/miniconda3/envs/python38/lib/python3.8/site-packages/airflow/example_dags/subdags/subdag.py
[2025-09-03T19:58:11.614+0200] {processor.py:743} INFO - Processing file /home/varun/miniconda3/envs/python38/lib/python3.8/site-packages/airflow/example_dags/subdags/subdag.py for tasks to queue
[2025-09-03T19:58:11.615+0200] {logging_mixin.py:137} INFO - [2025-09-03T19:58:11.615+0200] {dagbag.py:532} INFO - Filling up the DagBag from /home/varun/miniconda3/envs/python38/lib/python3.8/site-packages/airflow/example_dags/subdags/subdag.py
[2025-09-03T19:58:11.623+0200] {processor.py:755} WARNING - No viable dags retrieved from /home/varun/miniconda3/envs/python38/lib/python3.8/site-packages/airflow/example_dags/subdags/subdag.py
[2025-09-03T19:58:11.638+0200] {processor.py:175} INFO - Processing /home/varun/miniconda3/envs/python38/lib/python3.8/site-packages/airflow/example_dags/subdags/subdag.py took 0.030 seconds
[2025-09-03T20:00:29.201+0200] {processor.py:153} INFO - Started process (PID=4004) to work on /home/varun/miniconda3/envs/python38/lib/python3.8/site-packages/airflow/example_dags/subdags/subdag.py
[2025-09-03T20:00:29.203+0200] {processor.py:743} INFO - Processing file /home/varun/miniconda3/envs/python38/lib/python3.8/site-packages/airflow/example_dags/subdags/subdag.py for tasks to queue
[2025-09-03T20:00:29.204+0200] {logging_mixin.py:137} INFO - [2025-09-03T20:00:29.204+0200] {dagbag.py:532} INFO - Filling up the DagBag from /home/varun/miniconda3/envs/python38/lib/python3.8/site-packages/airflow/example_dags/subdags/subdag.py
[2025-09-03T20:00:29.208+0200] {processor.py:755} WARNING - No viable dags retrieved from /home/varun/miniconda3/envs/python38/lib/python3.8/site-packages/airflow/example_dags/subdags/subdag.py
[2025-09-03T20:00:29.220+0200] {processor.py:175} INFO - Processing /home/varun/miniconda3/envs/python38/lib/python3.8/site-packages/airflow/example_dags/subdags/subdag.py took 0.024 seconds
[2025-09-03T20:01:15.346+0200] {processor.py:153} INFO - Started process (PID=4061) to work on /home/varun/miniconda3/envs/python38/lib/python3.8/site-packages/airflow/example_dags/subdags/subdag.py
[2025-09-03T20:01:15.350+0200] {processor.py:743} INFO - Processing file /home/varun/miniconda3/envs/python38/lib/python3.8/site-packages/airflow/example_dags/subdags/subdag.py for tasks to queue
[2025-09-03T20:01:15.351+0200] {logging_mixin.py:137} INFO - [2025-09-03T20:01:15.351+0200] {dagbag.py:532} INFO - Filling up the DagBag from /home/varun/miniconda3/envs/python38/lib/python3.8/site-packages/airflow/example_dags/subdags/subdag.py
[2025-09-03T20:01:15.359+0200] {processor.py:755} WARNING - No viable dags retrieved from /home/varun/miniconda3/envs/python38/lib/python3.8/site-packages/airflow/example_dags/subdags/subdag.py
[2025-09-03T20:01:15.409+0200] {processor.py:175} INFO - Processing /home/varun/miniconda3/envs/python38/lib/python3.8/site-packages/airflow/example_dags/subdags/subdag.py took 0.070 seconds
[2025-09-03T20:02:01.469+0200] {processor.py:153} INFO - Started process (PID=4105) to work on /home/varun/miniconda3/envs/python38/lib/python3.8/site-packages/airflow/example_dags/subdags/subdag.py
[2025-09-03T20:02:01.471+0200] {processor.py:743} INFO - Processing file /home/varun/miniconda3/envs/python38/lib/python3.8/site-packages/airflow/example_dags/subdags/subdag.py for tasks to queue
[2025-09-03T20:02:01.472+0200] {logging_mixin.py:137} INFO - [2025-09-03T20:02:01.472+0200] {dagbag.py:532} INFO - Filling up the DagBag from /home/varun/miniconda3/envs/python38/lib/python3.8/site-packages/airflow/example_dags/subdags/subdag.py
[2025-09-03T20:02:01.477+0200] {processor.py:755} WARNING - No viable dags retrieved from /home/varun/miniconda3/envs/python38/lib/python3.8/site-packages/airflow/example_dags/subdags/subdag.py
[2025-09-03T20:02:01.492+0200] {processor.py:175} INFO - Processing /home/varun/miniconda3/envs/python38/lib/python3.8/site-packages/airflow/example_dags/subdags/subdag.py took 0.027 seconds
[2025-09-03T20:02:51.311+0200] {processor.py:153} INFO - Started process (PID=4147) to work on /home/varun/miniconda3/envs/python38/lib/python3.8/site-packages/airflow/example_dags/subdags/subdag.py
[2025-09-03T20:02:51.313+0200] {processor.py:743} INFO - Processing file /home/varun/miniconda3/envs/python38/lib/python3.8/site-packages/airflow/example_dags/subdags/subdag.py for tasks to queue
[2025-09-03T20:02:51.314+0200] {logging_mixin.py:137} INFO - [2025-09-03T20:02:51.314+0200] {dagbag.py:532} INFO - Filling up the DagBag from /home/varun/miniconda3/envs/python38/lib/python3.8/site-packages/airflow/example_dags/subdags/subdag.py
[2025-09-03T20:02:51.318+0200] {processor.py:755} WARNING - No viable dags retrieved from /home/varun/miniconda3/envs/python38/lib/python3.8/site-packages/airflow/example_dags/subdags/subdag.py
[2025-09-03T20:02:51.336+0200] {processor.py:175} INFO - Processing /home/varun/miniconda3/envs/python38/lib/python3.8/site-packages/airflow/example_dags/subdags/subdag.py took 0.030 seconds
[2025-09-03T20:03:38.006+0200] {processor.py:153} INFO - Started process (PID=4189) to work on /home/varun/miniconda3/envs/python38/lib/python3.8/site-packages/airflow/example_dags/subdags/subdag.py
[2025-09-03T20:03:38.008+0200] {processor.py:743} INFO - Processing file /home/varun/miniconda3/envs/python38/lib/python3.8/site-packages/airflow/example_dags/subdags/subdag.py for tasks to queue
[2025-09-03T20:03:38.008+0200] {logging_mixin.py:137} INFO - [2025-09-03T20:03:38.008+0200] {dagbag.py:532} INFO - Filling up the DagBag from /home/varun/miniconda3/envs/python38/lib/python3.8/site-packages/airflow/example_dags/subdags/subdag.py
[2025-09-03T20:03:38.012+0200] {processor.py:755} WARNING - No viable dags retrieved from /home/varun/miniconda3/envs/python38/lib/python3.8/site-packages/airflow/example_dags/subdags/subdag.py
[2025-09-03T20:03:38.025+0200] {processor.py:175} INFO - Processing /home/varun/miniconda3/envs/python38/lib/python3.8/site-packages/airflow/example_dags/subdags/subdag.py took 0.023 seconds
[2025-09-03T20:04:24.610+0200] {processor.py:153} INFO - Started process (PID=4231) to work on /home/varun/miniconda3/envs/python38/lib/python3.8/site-packages/airflow/example_dags/subdags/subdag.py
[2025-09-03T20:04:24.612+0200] {processor.py:743} INFO - Processing file /home/varun/miniconda3/envs/python38/lib/python3.8/site-packages/airflow/example_dags/subdags/subdag.py for tasks to queue
[2025-09-03T20:04:24.614+0200] {logging_mixin.py:137} INFO - [2025-09-03T20:04:24.613+0200] {dagbag.py:532} INFO - Filling up the DagBag from /home/varun/miniconda3/envs/python38/lib/python3.8/site-packages/airflow/example_dags/subdags/subdag.py
[2025-09-03T20:04:24.619+0200] {processor.py:755} WARNING - No viable dags retrieved from /home/varun/miniconda3/envs/python38/lib/python3.8/site-packages/airflow/example_dags/subdags/subdag.py
[2025-09-03T20:04:24.636+0200] {processor.py:175} INFO - Processing /home/varun/miniconda3/envs/python38/lib/python3.8/site-packages/airflow/example_dags/subdags/subdag.py took 0.030 seconds
[2025-09-03T20:05:25.559+0200] {processor.py:153} INFO - Started process (PID=4292) to work on /home/varun/miniconda3/envs/python38/lib/python3.8/site-packages/airflow/example_dags/subdags/subdag.py
[2025-09-03T20:05:25.562+0200] {processor.py:743} INFO - Processing file /home/varun/miniconda3/envs/python38/lib/python3.8/site-packages/airflow/example_dags/subdags/subdag.py for tasks to queue
[2025-09-03T20:05:25.564+0200] {logging_mixin.py:137} INFO - [2025-09-03T20:05:25.563+0200] {dagbag.py:532} INFO - Filling up the DagBag from /home/varun/miniconda3/envs/python38/lib/python3.8/site-packages/airflow/example_dags/subdags/subdag.py
[2025-09-03T20:05:25.577+0200] {processor.py:755} WARNING - No viable dags retrieved from /home/varun/miniconda3/envs/python38/lib/python3.8/site-packages/airflow/example_dags/subdags/subdag.py
[2025-09-03T20:05:25.607+0200] {processor.py:175} INFO - Processing /home/varun/miniconda3/envs/python38/lib/python3.8/site-packages/airflow/example_dags/subdags/subdag.py took 0.056 seconds
[2025-09-03T20:06:13.593+0200] {processor.py:153} INFO - Started process (PID=4334) to work on /home/varun/miniconda3/envs/python38/lib/python3.8/site-packages/airflow/example_dags/subdags/subdag.py
[2025-09-03T20:06:13.594+0200] {processor.py:743} INFO - Processing file /home/varun/miniconda3/envs/python38/lib/python3.8/site-packages/airflow/example_dags/subdags/subdag.py for tasks to queue
[2025-09-03T20:06:13.595+0200] {logging_mixin.py:137} INFO - [2025-09-03T20:06:13.595+0200] {dagbag.py:532} INFO - Filling up the DagBag from /home/varun/miniconda3/envs/python38/lib/python3.8/site-packages/airflow/example_dags/subdags/subdag.py
[2025-09-03T20:06:13.600+0200] {processor.py:755} WARNING - No viable dags retrieved from /home/varun/miniconda3/envs/python38/lib/python3.8/site-packages/airflow/example_dags/subdags/subdag.py
[2025-09-03T20:06:13.614+0200] {processor.py:175} INFO - Processing /home/varun/miniconda3/envs/python38/lib/python3.8/site-packages/airflow/example_dags/subdags/subdag.py took 0.026 seconds
[2025-09-03T20:07:03.965+0200] {processor.py:153} INFO - Started process (PID=4389) to work on /home/varun/miniconda3/envs/python38/lib/python3.8/site-packages/airflow/example_dags/subdags/subdag.py
[2025-09-03T20:07:03.966+0200] {processor.py:743} INFO - Processing file /home/varun/miniconda3/envs/python38/lib/python3.8/site-packages/airflow/example_dags/subdags/subdag.py for tasks to queue
[2025-09-03T20:07:03.967+0200] {logging_mixin.py:137} INFO - [2025-09-03T20:07:03.967+0200] {dagbag.py:532} INFO - Filling up the DagBag from /home/varun/miniconda3/envs/python38/lib/python3.8/site-packages/airflow/example_dags/subdags/subdag.py
[2025-09-03T20:07:03.971+0200] {processor.py:755} WARNING - No viable dags retrieved from /home/varun/miniconda3/envs/python38/lib/python3.8/site-packages/airflow/example_dags/subdags/subdag.py
[2025-09-03T20:07:03.985+0200] {processor.py:175} INFO - Processing /home/varun/miniconda3/envs/python38/lib/python3.8/site-packages/airflow/example_dags/subdags/subdag.py took 0.025 seconds
[2025-09-03T20:07:49.955+0200] {processor.py:153} INFO - Started process (PID=4444) to work on /home/varun/miniconda3/envs/python38/lib/python3.8/site-packages/airflow/example_dags/subdags/subdag.py
[2025-09-03T20:07:49.957+0200] {processor.py:743} INFO - Processing file /home/varun/miniconda3/envs/python38/lib/python3.8/site-packages/airflow/example_dags/subdags/subdag.py for tasks to queue
[2025-09-03T20:07:49.957+0200] {logging_mixin.py:137} INFO - [2025-09-03T20:07:49.957+0200] {dagbag.py:532} INFO - Filling up the DagBag from /home/varun/miniconda3/envs/python38/lib/python3.8/site-packages/airflow/example_dags/subdags/subdag.py
[2025-09-03T20:07:49.961+0200] {processor.py:755} WARNING - No viable dags retrieved from /home/varun/miniconda3/envs/python38/lib/python3.8/site-packages/airflow/example_dags/subdags/subdag.py
[2025-09-03T20:07:49.971+0200] {processor.py:175} INFO - Processing /home/varun/miniconda3/envs/python38/lib/python3.8/site-packages/airflow/example_dags/subdags/subdag.py took 0.019 seconds
[2025-09-03T20:09:04.537+0200] {processor.py:153} INFO - Started process (PID=4492) to work on /home/varun/miniconda3/envs/python38/lib/python3.8/site-packages/airflow/example_dags/subdags/subdag.py
[2025-09-03T20:09:04.539+0200] {processor.py:743} INFO - Processing file /home/varun/miniconda3/envs/python38/lib/python3.8/site-packages/airflow/example_dags/subdags/subdag.py for tasks to queue
[2025-09-03T20:09:04.540+0200] {logging_mixin.py:137} INFO - [2025-09-03T20:09:04.540+0200] {dagbag.py:532} INFO - Filling up the DagBag from /home/varun/miniconda3/envs/python38/lib/python3.8/site-packages/airflow/example_dags/subdags/subdag.py
[2025-09-03T20:09:04.548+0200] {processor.py:755} WARNING - No viable dags retrieved from /home/varun/miniconda3/envs/python38/lib/python3.8/site-packages/airflow/example_dags/subdags/subdag.py
[2025-09-03T20:09:04.565+0200] {processor.py:175} INFO - Processing /home/varun/miniconda3/envs/python38/lib/python3.8/site-packages/airflow/example_dags/subdags/subdag.py took 0.035 seconds
[2025-09-03T20:09:58.266+0200] {processor.py:153} INFO - Started process (PID=4545) to work on /home/varun/miniconda3/envs/python38/lib/python3.8/site-packages/airflow/example_dags/subdags/subdag.py
[2025-09-03T20:09:58.268+0200] {processor.py:743} INFO - Processing file /home/varun/miniconda3/envs/python38/lib/python3.8/site-packages/airflow/example_dags/subdags/subdag.py for tasks to queue
[2025-09-03T20:09:58.270+0200] {logging_mixin.py:137} INFO - [2025-09-03T20:09:58.269+0200] {dagbag.py:532} INFO - Filling up the DagBag from /home/varun/miniconda3/envs/python38/lib/python3.8/site-packages/airflow/example_dags/subdags/subdag.py
[2025-09-03T20:09:58.280+0200] {processor.py:755} WARNING - No viable dags retrieved from /home/varun/miniconda3/envs/python38/lib/python3.8/site-packages/airflow/example_dags/subdags/subdag.py
[2025-09-03T20:09:58.299+0200] {processor.py:175} INFO - Processing /home/varun/miniconda3/envs/python38/lib/python3.8/site-packages/airflow/example_dags/subdags/subdag.py took 0.038 seconds
[2025-09-03T20:10:43.223+0200] {processor.py:153} INFO - Started process (PID=4587) to work on /home/varun/miniconda3/envs/python38/lib/python3.8/site-packages/airflow/example_dags/subdags/subdag.py
[2025-09-03T20:10:43.225+0200] {processor.py:743} INFO - Processing file /home/varun/miniconda3/envs/python38/lib/python3.8/site-packages/airflow/example_dags/subdags/subdag.py for tasks to queue
[2025-09-03T20:10:43.225+0200] {logging_mixin.py:137} INFO - [2025-09-03T20:10:43.225+0200] {dagbag.py:532} INFO - Filling up the DagBag from /home/varun/miniconda3/envs/python38/lib/python3.8/site-packages/airflow/example_dags/subdags/subdag.py
[2025-09-03T20:10:43.229+0200] {processor.py:755} WARNING - No viable dags retrieved from /home/varun/miniconda3/envs/python38/lib/python3.8/site-packages/airflow/example_dags/subdags/subdag.py
[2025-09-03T20:10:43.241+0200] {processor.py:175} INFO - Processing /home/varun/miniconda3/envs/python38/lib/python3.8/site-packages/airflow/example_dags/subdags/subdag.py took 0.021 seconds
[2025-09-03T20:11:28.274+0200] {processor.py:153} INFO - Started process (PID=4629) to work on /home/varun/miniconda3/envs/python38/lib/python3.8/site-packages/airflow/example_dags/subdags/subdag.py
[2025-09-03T20:11:28.275+0200] {processor.py:743} INFO - Processing file /home/varun/miniconda3/envs/python38/lib/python3.8/site-packages/airflow/example_dags/subdags/subdag.py for tasks to queue
[2025-09-03T20:11:28.276+0200] {logging_mixin.py:137} INFO - [2025-09-03T20:11:28.276+0200] {dagbag.py:532} INFO - Filling up the DagBag from /home/varun/miniconda3/envs/python38/lib/python3.8/site-packages/airflow/example_dags/subdags/subdag.py
[2025-09-03T20:11:28.279+0200] {processor.py:755} WARNING - No viable dags retrieved from /home/varun/miniconda3/envs/python38/lib/python3.8/site-packages/airflow/example_dags/subdags/subdag.py
[2025-09-03T20:11:28.290+0200] {processor.py:175} INFO - Processing /home/varun/miniconda3/envs/python38/lib/python3.8/site-packages/airflow/example_dags/subdags/subdag.py took 0.020 seconds
[2025-09-03T20:12:13.187+0200] {processor.py:153} INFO - Started process (PID=4671) to work on /home/varun/miniconda3/envs/python38/lib/python3.8/site-packages/airflow/example_dags/subdags/subdag.py
[2025-09-03T20:12:13.189+0200] {processor.py:743} INFO - Processing file /home/varun/miniconda3/envs/python38/lib/python3.8/site-packages/airflow/example_dags/subdags/subdag.py for tasks to queue
[2025-09-03T20:12:13.189+0200] {logging_mixin.py:137} INFO - [2025-09-03T20:12:13.189+0200] {dagbag.py:532} INFO - Filling up the DagBag from /home/varun/miniconda3/envs/python38/lib/python3.8/site-packages/airflow/example_dags/subdags/subdag.py
[2025-09-03T20:12:13.193+0200] {processor.py:755} WARNING - No viable dags retrieved from /home/varun/miniconda3/envs/python38/lib/python3.8/site-packages/airflow/example_dags/subdags/subdag.py
[2025-09-03T20:12:13.203+0200] {processor.py:175} INFO - Processing /home/varun/miniconda3/envs/python38/lib/python3.8/site-packages/airflow/example_dags/subdags/subdag.py took 0.018 seconds
[2025-09-03T20:13:03.256+0200] {processor.py:153} INFO - Started process (PID=4714) to work on /home/varun/miniconda3/envs/python38/lib/python3.8/site-packages/airflow/example_dags/subdags/subdag.py
[2025-09-03T20:13:03.257+0200] {processor.py:743} INFO - Processing file /home/varun/miniconda3/envs/python38/lib/python3.8/site-packages/airflow/example_dags/subdags/subdag.py for tasks to queue
[2025-09-03T20:13:03.258+0200] {logging_mixin.py:137} INFO - [2025-09-03T20:13:03.258+0200] {dagbag.py:532} INFO - Filling up the DagBag from /home/varun/miniconda3/envs/python38/lib/python3.8/site-packages/airflow/example_dags/subdags/subdag.py
[2025-09-03T20:13:03.262+0200] {processor.py:755} WARNING - No viable dags retrieved from /home/varun/miniconda3/envs/python38/lib/python3.8/site-packages/airflow/example_dags/subdags/subdag.py
[2025-09-03T20:13:03.273+0200] {processor.py:175} INFO - Processing /home/varun/miniconda3/envs/python38/lib/python3.8/site-packages/airflow/example_dags/subdags/subdag.py took 0.021 seconds
[2025-09-03T20:13:49.764+0200] {processor.py:153} INFO - Started process (PID=4756) to work on /home/varun/miniconda3/envs/python38/lib/python3.8/site-packages/airflow/example_dags/subdags/subdag.py
[2025-09-03T20:13:49.766+0200] {processor.py:743} INFO - Processing file /home/varun/miniconda3/envs/python38/lib/python3.8/site-packages/airflow/example_dags/subdags/subdag.py for tasks to queue
[2025-09-03T20:13:49.766+0200] {logging_mixin.py:137} INFO - [2025-09-03T20:13:49.766+0200] {dagbag.py:532} INFO - Filling up the DagBag from /home/varun/miniconda3/envs/python38/lib/python3.8/site-packages/airflow/example_dags/subdags/subdag.py
[2025-09-03T20:13:49.769+0200] {processor.py:755} WARNING - No viable dags retrieved from /home/varun/miniconda3/envs/python38/lib/python3.8/site-packages/airflow/example_dags/subdags/subdag.py
[2025-09-03T20:13:49.779+0200] {processor.py:175} INFO - Processing /home/varun/miniconda3/envs/python38/lib/python3.8/site-packages/airflow/example_dags/subdags/subdag.py took 0.018 seconds
[2025-09-03T20:14:32.890+0200] {processor.py:153} INFO - Started process (PID=4798) to work on /home/varun/miniconda3/envs/python38/lib/python3.8/site-packages/airflow/example_dags/subdags/subdag.py
[2025-09-03T20:14:32.892+0200] {processor.py:743} INFO - Processing file /home/varun/miniconda3/envs/python38/lib/python3.8/site-packages/airflow/example_dags/subdags/subdag.py for tasks to queue
[2025-09-03T20:14:32.892+0200] {logging_mixin.py:137} INFO - [2025-09-03T20:14:32.892+0200] {dagbag.py:532} INFO - Filling up the DagBag from /home/varun/miniconda3/envs/python38/lib/python3.8/site-packages/airflow/example_dags/subdags/subdag.py
[2025-09-03T20:14:32.896+0200] {processor.py:755} WARNING - No viable dags retrieved from /home/varun/miniconda3/envs/python38/lib/python3.8/site-packages/airflow/example_dags/subdags/subdag.py
[2025-09-03T20:14:32.908+0200] {processor.py:175} INFO - Processing /home/varun/miniconda3/envs/python38/lib/python3.8/site-packages/airflow/example_dags/subdags/subdag.py took 0.021 seconds
[2025-09-03T20:15:19.162+0200] {processor.py:153} INFO - Started process (PID=4840) to work on /home/varun/miniconda3/envs/python38/lib/python3.8/site-packages/airflow/example_dags/subdags/subdag.py
[2025-09-03T20:15:19.163+0200] {processor.py:743} INFO - Processing file /home/varun/miniconda3/envs/python38/lib/python3.8/site-packages/airflow/example_dags/subdags/subdag.py for tasks to queue
[2025-09-03T20:15:19.164+0200] {logging_mixin.py:137} INFO - [2025-09-03T20:15:19.164+0200] {dagbag.py:532} INFO - Filling up the DagBag from /home/varun/miniconda3/envs/python38/lib/python3.8/site-packages/airflow/example_dags/subdags/subdag.py
[2025-09-03T20:15:19.168+0200] {processor.py:755} WARNING - No viable dags retrieved from /home/varun/miniconda3/envs/python38/lib/python3.8/site-packages/airflow/example_dags/subdags/subdag.py
[2025-09-03T20:15:19.178+0200] {processor.py:175} INFO - Processing /home/varun/miniconda3/envs/python38/lib/python3.8/site-packages/airflow/example_dags/subdags/subdag.py took 0.019 seconds
[2025-09-03T20:16:04.844+0200] {processor.py:153} INFO - Started process (PID=4882) to work on /home/varun/miniconda3/envs/python38/lib/python3.8/site-packages/airflow/example_dags/subdags/subdag.py
[2025-09-03T20:16:04.846+0200] {processor.py:743} INFO - Processing file /home/varun/miniconda3/envs/python38/lib/python3.8/site-packages/airflow/example_dags/subdags/subdag.py for tasks to queue
[2025-09-03T20:16:04.847+0200] {logging_mixin.py:137} INFO - [2025-09-03T20:16:04.847+0200] {dagbag.py:532} INFO - Filling up the DagBag from /home/varun/miniconda3/envs/python38/lib/python3.8/site-packages/airflow/example_dags/subdags/subdag.py
[2025-09-03T20:16:04.851+0200] {processor.py:755} WARNING - No viable dags retrieved from /home/varun/miniconda3/envs/python38/lib/python3.8/site-packages/airflow/example_dags/subdags/subdag.py
[2025-09-03T20:16:04.863+0200] {processor.py:175} INFO - Processing /home/varun/miniconda3/envs/python38/lib/python3.8/site-packages/airflow/example_dags/subdags/subdag.py took 0.022 seconds
[2025-09-03T20:16:49.732+0200] {processor.py:153} INFO - Started process (PID=4924) to work on /home/varun/miniconda3/envs/python38/lib/python3.8/site-packages/airflow/example_dags/subdags/subdag.py
[2025-09-03T20:16:49.733+0200] {processor.py:743} INFO - Processing file /home/varun/miniconda3/envs/python38/lib/python3.8/site-packages/airflow/example_dags/subdags/subdag.py for tasks to queue
[2025-09-03T20:16:49.733+0200] {logging_mixin.py:137} INFO - [2025-09-03T20:16:49.733+0200] {dagbag.py:532} INFO - Filling up the DagBag from /home/varun/miniconda3/envs/python38/lib/python3.8/site-packages/airflow/example_dags/subdags/subdag.py
[2025-09-03T20:16:49.736+0200] {processor.py:755} WARNING - No viable dags retrieved from /home/varun/miniconda3/envs/python38/lib/python3.8/site-packages/airflow/example_dags/subdags/subdag.py
[2025-09-03T20:16:49.746+0200] {processor.py:175} INFO - Processing /home/varun/miniconda3/envs/python38/lib/python3.8/site-packages/airflow/example_dags/subdags/subdag.py took 0.018 seconds
[2025-09-03T20:17:34.850+0200] {processor.py:153} INFO - Started process (PID=4969) to work on /home/varun/miniconda3/envs/python38/lib/python3.8/site-packages/airflow/example_dags/subdags/subdag.py
[2025-09-03T20:17:34.852+0200] {processor.py:743} INFO - Processing file /home/varun/miniconda3/envs/python38/lib/python3.8/site-packages/airflow/example_dags/subdags/subdag.py for tasks to queue
[2025-09-03T20:17:34.852+0200] {logging_mixin.py:137} INFO - [2025-09-03T20:17:34.852+0200] {dagbag.py:532} INFO - Filling up the DagBag from /home/varun/miniconda3/envs/python38/lib/python3.8/site-packages/airflow/example_dags/subdags/subdag.py
[2025-09-03T20:17:34.856+0200] {processor.py:755} WARNING - No viable dags retrieved from /home/varun/miniconda3/envs/python38/lib/python3.8/site-packages/airflow/example_dags/subdags/subdag.py
[2025-09-03T20:17:34.867+0200] {processor.py:175} INFO - Processing /home/varun/miniconda3/envs/python38/lib/python3.8/site-packages/airflow/example_dags/subdags/subdag.py took 0.020 seconds
[2025-09-03T20:18:22.290+0200] {processor.py:153} INFO - Started process (PID=5012) to work on /home/varun/miniconda3/envs/python38/lib/python3.8/site-packages/airflow/example_dags/subdags/subdag.py
[2025-09-03T20:18:22.291+0200] {processor.py:743} INFO - Processing file /home/varun/miniconda3/envs/python38/lib/python3.8/site-packages/airflow/example_dags/subdags/subdag.py for tasks to queue
[2025-09-03T20:18:22.292+0200] {logging_mixin.py:137} INFO - [2025-09-03T20:18:22.292+0200] {dagbag.py:532} INFO - Filling up the DagBag from /home/varun/miniconda3/envs/python38/lib/python3.8/site-packages/airflow/example_dags/subdags/subdag.py
[2025-09-03T20:18:22.296+0200] {processor.py:755} WARNING - No viable dags retrieved from /home/varun/miniconda3/envs/python38/lib/python3.8/site-packages/airflow/example_dags/subdags/subdag.py
[2025-09-03T20:18:22.307+0200] {processor.py:175} INFO - Processing /home/varun/miniconda3/envs/python38/lib/python3.8/site-packages/airflow/example_dags/subdags/subdag.py took 0.020 seconds
[2025-09-03T20:19:10.485+0200] {processor.py:153} INFO - Started process (PID=5054) to work on /home/varun/miniconda3/envs/python38/lib/python3.8/site-packages/airflow/example_dags/subdags/subdag.py
[2025-09-03T20:19:10.487+0200] {processor.py:743} INFO - Processing file /home/varun/miniconda3/envs/python38/lib/python3.8/site-packages/airflow/example_dags/subdags/subdag.py for tasks to queue
[2025-09-03T20:19:10.487+0200] {logging_mixin.py:137} INFO - [2025-09-03T20:19:10.487+0200] {dagbag.py:532} INFO - Filling up the DagBag from /home/varun/miniconda3/envs/python38/lib/python3.8/site-packages/airflow/example_dags/subdags/subdag.py
[2025-09-03T20:19:10.491+0200] {processor.py:755} WARNING - No viable dags retrieved from /home/varun/miniconda3/envs/python38/lib/python3.8/site-packages/airflow/example_dags/subdags/subdag.py
[2025-09-03T20:19:10.501+0200] {processor.py:175} INFO - Processing /home/varun/miniconda3/envs/python38/lib/python3.8/site-packages/airflow/example_dags/subdags/subdag.py took 0.019 seconds
[2025-09-03T20:19:59.784+0200] {processor.py:153} INFO - Started process (PID=5096) to work on /home/varun/miniconda3/envs/python38/lib/python3.8/site-packages/airflow/example_dags/subdags/subdag.py
[2025-09-03T20:19:59.785+0200] {processor.py:743} INFO - Processing file /home/varun/miniconda3/envs/python38/lib/python3.8/site-packages/airflow/example_dags/subdags/subdag.py for tasks to queue
[2025-09-03T20:19:59.786+0200] {logging_mixin.py:137} INFO - [2025-09-03T20:19:59.786+0200] {dagbag.py:532} INFO - Filling up the DagBag from /home/varun/miniconda3/envs/python38/lib/python3.8/site-packages/airflow/example_dags/subdags/subdag.py
[2025-09-03T20:19:59.789+0200] {processor.py:755} WARNING - No viable dags retrieved from /home/varun/miniconda3/envs/python38/lib/python3.8/site-packages/airflow/example_dags/subdags/subdag.py
[2025-09-03T20:19:59.799+0200] {processor.py:175} INFO - Processing /home/varun/miniconda3/envs/python38/lib/python3.8/site-packages/airflow/example_dags/subdags/subdag.py took 0.019 seconds
[2025-09-03T20:20:53.329+0200] {processor.py:153} INFO - Started process (PID=5138) to work on /home/varun/miniconda3/envs/python38/lib/python3.8/site-packages/airflow/example_dags/subdags/subdag.py
[2025-09-03T20:20:53.330+0200] {processor.py:743} INFO - Processing file /home/varun/miniconda3/envs/python38/lib/python3.8/site-packages/airflow/example_dags/subdags/subdag.py for tasks to queue
[2025-09-03T20:20:53.331+0200] {logging_mixin.py:137} INFO - [2025-09-03T20:20:53.331+0200] {dagbag.py:532} INFO - Filling up the DagBag from /home/varun/miniconda3/envs/python38/lib/python3.8/site-packages/airflow/example_dags/subdags/subdag.py
[2025-09-03T20:20:53.335+0200] {processor.py:755} WARNING - No viable dags retrieved from /home/varun/miniconda3/envs/python38/lib/python3.8/site-packages/airflow/example_dags/subdags/subdag.py
[2025-09-03T20:20:53.345+0200] {processor.py:175} INFO - Processing /home/varun/miniconda3/envs/python38/lib/python3.8/site-packages/airflow/example_dags/subdags/subdag.py took 0.020 seconds
[2025-09-03T20:21:42.406+0200] {processor.py:153} INFO - Started process (PID=5180) to work on /home/varun/miniconda3/envs/python38/lib/python3.8/site-packages/airflow/example_dags/subdags/subdag.py
[2025-09-03T20:21:42.408+0200] {processor.py:743} INFO - Processing file /home/varun/miniconda3/envs/python38/lib/python3.8/site-packages/airflow/example_dags/subdags/subdag.py for tasks to queue
[2025-09-03T20:21:42.409+0200] {logging_mixin.py:137} INFO - [2025-09-03T20:21:42.408+0200] {dagbag.py:532} INFO - Filling up the DagBag from /home/varun/miniconda3/envs/python38/lib/python3.8/site-packages/airflow/example_dags/subdags/subdag.py
[2025-09-03T20:21:42.412+0200] {processor.py:755} WARNING - No viable dags retrieved from /home/varun/miniconda3/envs/python38/lib/python3.8/site-packages/airflow/example_dags/subdags/subdag.py
[2025-09-03T20:21:42.422+0200] {processor.py:175} INFO - Processing /home/varun/miniconda3/envs/python38/lib/python3.8/site-packages/airflow/example_dags/subdags/subdag.py took 0.018 seconds
[2025-09-03T20:22:35.194+0200] {processor.py:153} INFO - Started process (PID=5222) to work on /home/varun/miniconda3/envs/python38/lib/python3.8/site-packages/airflow/example_dags/subdags/subdag.py
[2025-09-03T20:22:35.196+0200] {processor.py:743} INFO - Processing file /home/varun/miniconda3/envs/python38/lib/python3.8/site-packages/airflow/example_dags/subdags/subdag.py for tasks to queue
[2025-09-03T20:22:35.197+0200] {logging_mixin.py:137} INFO - [2025-09-03T20:22:35.197+0200] {dagbag.py:532} INFO - Filling up the DagBag from /home/varun/miniconda3/envs/python38/lib/python3.8/site-packages/airflow/example_dags/subdags/subdag.py
[2025-09-03T20:22:35.200+0200] {processor.py:755} WARNING - No viable dags retrieved from /home/varun/miniconda3/envs/python38/lib/python3.8/site-packages/airflow/example_dags/subdags/subdag.py
[2025-09-03T20:22:35.210+0200] {processor.py:175} INFO - Processing /home/varun/miniconda3/envs/python38/lib/python3.8/site-packages/airflow/example_dags/subdags/subdag.py took 0.019 seconds
[2025-09-03T20:23:24.084+0200] {processor.py:153} INFO - Started process (PID=5264) to work on /home/varun/miniconda3/envs/python38/lib/python3.8/site-packages/airflow/example_dags/subdags/subdag.py
[2025-09-03T20:23:24.086+0200] {processor.py:743} INFO - Processing file /home/varun/miniconda3/envs/python38/lib/python3.8/site-packages/airflow/example_dags/subdags/subdag.py for tasks to queue
[2025-09-03T20:23:24.086+0200] {logging_mixin.py:137} INFO - [2025-09-03T20:23:24.086+0200] {dagbag.py:532} INFO - Filling up the DagBag from /home/varun/miniconda3/envs/python38/lib/python3.8/site-packages/airflow/example_dags/subdags/subdag.py
[2025-09-03T20:23:24.090+0200] {processor.py:755} WARNING - No viable dags retrieved from /home/varun/miniconda3/envs/python38/lib/python3.8/site-packages/airflow/example_dags/subdags/subdag.py
[2025-09-03T20:23:24.103+0200] {processor.py:175} INFO - Processing /home/varun/miniconda3/envs/python38/lib/python3.8/site-packages/airflow/example_dags/subdags/subdag.py took 0.022 seconds
[2025-09-03T20:24:09.395+0200] {processor.py:153} INFO - Started process (PID=5307) to work on /home/varun/miniconda3/envs/python38/lib/python3.8/site-packages/airflow/example_dags/subdags/subdag.py
[2025-09-03T20:24:09.397+0200] {processor.py:743} INFO - Processing file /home/varun/miniconda3/envs/python38/lib/python3.8/site-packages/airflow/example_dags/subdags/subdag.py for tasks to queue
[2025-09-03T20:24:09.397+0200] {logging_mixin.py:137} INFO - [2025-09-03T20:24:09.397+0200] {dagbag.py:532} INFO - Filling up the DagBag from /home/varun/miniconda3/envs/python38/lib/python3.8/site-packages/airflow/example_dags/subdags/subdag.py
[2025-09-03T20:24:09.400+0200] {processor.py:755} WARNING - No viable dags retrieved from /home/varun/miniconda3/envs/python38/lib/python3.8/site-packages/airflow/example_dags/subdags/subdag.py
[2025-09-03T20:24:09.410+0200] {processor.py:175} INFO - Processing /home/varun/miniconda3/envs/python38/lib/python3.8/site-packages/airflow/example_dags/subdags/subdag.py took 0.018 seconds
[2025-09-03T20:24:59.637+0200] {processor.py:153} INFO - Started process (PID=5349) to work on /home/varun/miniconda3/envs/python38/lib/python3.8/site-packages/airflow/example_dags/subdags/subdag.py
[2025-09-03T20:24:59.639+0200] {processor.py:743} INFO - Processing file /home/varun/miniconda3/envs/python38/lib/python3.8/site-packages/airflow/example_dags/subdags/subdag.py for tasks to queue
[2025-09-03T20:24:59.640+0200] {logging_mixin.py:137} INFO - [2025-09-03T20:24:59.640+0200] {dagbag.py:532} INFO - Filling up the DagBag from /home/varun/miniconda3/envs/python38/lib/python3.8/site-packages/airflow/example_dags/subdags/subdag.py
[2025-09-03T20:24:59.643+0200] {processor.py:755} WARNING - No viable dags retrieved from /home/varun/miniconda3/envs/python38/lib/python3.8/site-packages/airflow/example_dags/subdags/subdag.py
[2025-09-03T20:24:59.653+0200] {processor.py:175} INFO - Processing /home/varun/miniconda3/envs/python38/lib/python3.8/site-packages/airflow/example_dags/subdags/subdag.py took 0.019 seconds
[2025-09-03T20:25:42.038+0200] {processor.py:153} INFO - Started process (PID=5391) to work on /home/varun/miniconda3/envs/python38/lib/python3.8/site-packages/airflow/example_dags/subdags/subdag.py
[2025-09-03T20:25:42.040+0200] {processor.py:743} INFO - Processing file /home/varun/miniconda3/envs/python38/lib/python3.8/site-packages/airflow/example_dags/subdags/subdag.py for tasks to queue
[2025-09-03T20:25:42.040+0200] {logging_mixin.py:137} INFO - [2025-09-03T20:25:42.040+0200] {dagbag.py:532} INFO - Filling up the DagBag from /home/varun/miniconda3/envs/python38/lib/python3.8/site-packages/airflow/example_dags/subdags/subdag.py
[2025-09-03T20:25:42.045+0200] {processor.py:755} WARNING - No viable dags retrieved from /home/varun/miniconda3/envs/python38/lib/python3.8/site-packages/airflow/example_dags/subdags/subdag.py
[2025-09-03T20:25:42.057+0200] {processor.py:175} INFO - Processing /home/varun/miniconda3/envs/python38/lib/python3.8/site-packages/airflow/example_dags/subdags/subdag.py took 0.022 seconds
[2025-09-03T20:26:27.089+0200] {processor.py:153} INFO - Started process (PID=5433) to work on /home/varun/miniconda3/envs/python38/lib/python3.8/site-packages/airflow/example_dags/subdags/subdag.py
[2025-09-03T20:26:27.091+0200] {processor.py:743} INFO - Processing file /home/varun/miniconda3/envs/python38/lib/python3.8/site-packages/airflow/example_dags/subdags/subdag.py for tasks to queue
[2025-09-03T20:26:27.092+0200] {logging_mixin.py:137} INFO - [2025-09-03T20:26:27.091+0200] {dagbag.py:532} INFO - Filling up the DagBag from /home/varun/miniconda3/envs/python38/lib/python3.8/site-packages/airflow/example_dags/subdags/subdag.py
[2025-09-03T20:26:27.095+0200] {processor.py:755} WARNING - No viable dags retrieved from /home/varun/miniconda3/envs/python38/lib/python3.8/site-packages/airflow/example_dags/subdags/subdag.py
[2025-09-03T20:26:27.106+0200] {processor.py:175} INFO - Processing /home/varun/miniconda3/envs/python38/lib/python3.8/site-packages/airflow/example_dags/subdags/subdag.py took 0.020 seconds
[2025-09-03T20:27:16.671+0200] {processor.py:153} INFO - Started process (PID=5475) to work on /home/varun/miniconda3/envs/python38/lib/python3.8/site-packages/airflow/example_dags/subdags/subdag.py
[2025-09-03T20:27:16.673+0200] {processor.py:743} INFO - Processing file /home/varun/miniconda3/envs/python38/lib/python3.8/site-packages/airflow/example_dags/subdags/subdag.py for tasks to queue
[2025-09-03T20:27:16.673+0200] {logging_mixin.py:137} INFO - [2025-09-03T20:27:16.673+0200] {dagbag.py:532} INFO - Filling up the DagBag from /home/varun/miniconda3/envs/python38/lib/python3.8/site-packages/airflow/example_dags/subdags/subdag.py
[2025-09-03T20:27:16.676+0200] {processor.py:755} WARNING - No viable dags retrieved from /home/varun/miniconda3/envs/python38/lib/python3.8/site-packages/airflow/example_dags/subdags/subdag.py
[2025-09-03T20:27:16.687+0200] {processor.py:175} INFO - Processing /home/varun/miniconda3/envs/python38/lib/python3.8/site-packages/airflow/example_dags/subdags/subdag.py took 0.019 seconds
[2025-09-03T20:28:03.755+0200] {processor.py:153} INFO - Started process (PID=5517) to work on /home/varun/miniconda3/envs/python38/lib/python3.8/site-packages/airflow/example_dags/subdags/subdag.py
[2025-09-03T20:28:03.756+0200] {processor.py:743} INFO - Processing file /home/varun/miniconda3/envs/python38/lib/python3.8/site-packages/airflow/example_dags/subdags/subdag.py for tasks to queue
[2025-09-03T20:28:03.757+0200] {logging_mixin.py:137} INFO - [2025-09-03T20:28:03.757+0200] {dagbag.py:532} INFO - Filling up the DagBag from /home/varun/miniconda3/envs/python38/lib/python3.8/site-packages/airflow/example_dags/subdags/subdag.py
[2025-09-03T20:28:03.762+0200] {processor.py:755} WARNING - No viable dags retrieved from /home/varun/miniconda3/envs/python38/lib/python3.8/site-packages/airflow/example_dags/subdags/subdag.py
[2025-09-03T20:28:03.775+0200] {processor.py:175} INFO - Processing /home/varun/miniconda3/envs/python38/lib/python3.8/site-packages/airflow/example_dags/subdags/subdag.py took 0.025 seconds
[2025-09-03T20:28:48.818+0200] {processor.py:153} INFO - Started process (PID=5559) to work on /home/varun/miniconda3/envs/python38/lib/python3.8/site-packages/airflow/example_dags/subdags/subdag.py
[2025-09-03T20:28:48.820+0200] {processor.py:743} INFO - Processing file /home/varun/miniconda3/envs/python38/lib/python3.8/site-packages/airflow/example_dags/subdags/subdag.py for tasks to queue
[2025-09-03T20:28:48.821+0200] {logging_mixin.py:137} INFO - [2025-09-03T20:28:48.820+0200] {dagbag.py:532} INFO - Filling up the DagBag from /home/varun/miniconda3/envs/python38/lib/python3.8/site-packages/airflow/example_dags/subdags/subdag.py
[2025-09-03T20:28:48.824+0200] {processor.py:755} WARNING - No viable dags retrieved from /home/varun/miniconda3/envs/python38/lib/python3.8/site-packages/airflow/example_dags/subdags/subdag.py
[2025-09-03T20:28:48.834+0200] {processor.py:175} INFO - Processing /home/varun/miniconda3/envs/python38/lib/python3.8/site-packages/airflow/example_dags/subdags/subdag.py took 0.020 seconds
[2025-09-03T20:29:35.013+0200] {processor.py:153} INFO - Started process (PID=5602) to work on /home/varun/miniconda3/envs/python38/lib/python3.8/site-packages/airflow/example_dags/subdags/subdag.py
[2025-09-03T20:29:35.015+0200] {processor.py:743} INFO - Processing file /home/varun/miniconda3/envs/python38/lib/python3.8/site-packages/airflow/example_dags/subdags/subdag.py for tasks to queue
[2025-09-03T20:29:35.016+0200] {logging_mixin.py:137} INFO - [2025-09-03T20:29:35.016+0200] {dagbag.py:532} INFO - Filling up the DagBag from /home/varun/miniconda3/envs/python38/lib/python3.8/site-packages/airflow/example_dags/subdags/subdag.py
[2025-09-03T20:29:35.019+0200] {processor.py:755} WARNING - No viable dags retrieved from /home/varun/miniconda3/envs/python38/lib/python3.8/site-packages/airflow/example_dags/subdags/subdag.py
[2025-09-03T20:29:35.030+0200] {processor.py:175} INFO - Processing /home/varun/miniconda3/envs/python38/lib/python3.8/site-packages/airflow/example_dags/subdags/subdag.py took 0.020 seconds
[2025-09-03T20:30:23.873+0200] {processor.py:153} INFO - Started process (PID=5644) to work on /home/varun/miniconda3/envs/python38/lib/python3.8/site-packages/airflow/example_dags/subdags/subdag.py
[2025-09-03T20:30:23.875+0200] {processor.py:743} INFO - Processing file /home/varun/miniconda3/envs/python38/lib/python3.8/site-packages/airflow/example_dags/subdags/subdag.py for tasks to queue
[2025-09-03T20:30:23.875+0200] {logging_mixin.py:137} INFO - [2025-09-03T20:30:23.875+0200] {dagbag.py:532} INFO - Filling up the DagBag from /home/varun/miniconda3/envs/python38/lib/python3.8/site-packages/airflow/example_dags/subdags/subdag.py
[2025-09-03T20:30:23.879+0200] {processor.py:755} WARNING - No viable dags retrieved from /home/varun/miniconda3/envs/python38/lib/python3.8/site-packages/airflow/example_dags/subdags/subdag.py
[2025-09-03T20:30:23.889+0200] {processor.py:175} INFO - Processing /home/varun/miniconda3/envs/python38/lib/python3.8/site-packages/airflow/example_dags/subdags/subdag.py took 0.019 seconds
[2025-09-03T20:31:07.124+0200] {processor.py:153} INFO - Started process (PID=5686) to work on /home/varun/miniconda3/envs/python38/lib/python3.8/site-packages/airflow/example_dags/subdags/subdag.py
[2025-09-03T20:31:07.126+0200] {processor.py:743} INFO - Processing file /home/varun/miniconda3/envs/python38/lib/python3.8/site-packages/airflow/example_dags/subdags/subdag.py for tasks to queue
[2025-09-03T20:31:07.128+0200] {logging_mixin.py:137} INFO - [2025-09-03T20:31:07.128+0200] {dagbag.py:532} INFO - Filling up the DagBag from /home/varun/miniconda3/envs/python38/lib/python3.8/site-packages/airflow/example_dags/subdags/subdag.py
[2025-09-03T20:31:07.133+0200] {processor.py:755} WARNING - No viable dags retrieved from /home/varun/miniconda3/envs/python38/lib/python3.8/site-packages/airflow/example_dags/subdags/subdag.py
[2025-09-03T20:31:07.148+0200] {processor.py:175} INFO - Processing /home/varun/miniconda3/envs/python38/lib/python3.8/site-packages/airflow/example_dags/subdags/subdag.py took 0.028 seconds
[2025-09-03T20:31:53.254+0200] {processor.py:153} INFO - Started process (PID=5728) to work on /home/varun/miniconda3/envs/python38/lib/python3.8/site-packages/airflow/example_dags/subdags/subdag.py
[2025-09-03T20:31:53.255+0200] {processor.py:743} INFO - Processing file /home/varun/miniconda3/envs/python38/lib/python3.8/site-packages/airflow/example_dags/subdags/subdag.py for tasks to queue
[2025-09-03T20:31:53.256+0200] {logging_mixin.py:137} INFO - [2025-09-03T20:31:53.256+0200] {dagbag.py:532} INFO - Filling up the DagBag from /home/varun/miniconda3/envs/python38/lib/python3.8/site-packages/airflow/example_dags/subdags/subdag.py
[2025-09-03T20:31:53.259+0200] {processor.py:755} WARNING - No viable dags retrieved from /home/varun/miniconda3/envs/python38/lib/python3.8/site-packages/airflow/example_dags/subdags/subdag.py
[2025-09-03T20:31:53.271+0200] {processor.py:175} INFO - Processing /home/varun/miniconda3/envs/python38/lib/python3.8/site-packages/airflow/example_dags/subdags/subdag.py took 0.021 seconds
[2025-09-03T20:32:40.488+0200] {processor.py:153} INFO - Started process (PID=5770) to work on /home/varun/miniconda3/envs/python38/lib/python3.8/site-packages/airflow/example_dags/subdags/subdag.py
[2025-09-03T20:32:40.490+0200] {processor.py:743} INFO - Processing file /home/varun/miniconda3/envs/python38/lib/python3.8/site-packages/airflow/example_dags/subdags/subdag.py for tasks to queue
[2025-09-03T20:32:40.491+0200] {logging_mixin.py:137} INFO - [2025-09-03T20:32:40.490+0200] {dagbag.py:532} INFO - Filling up the DagBag from /home/varun/miniconda3/envs/python38/lib/python3.8/site-packages/airflow/example_dags/subdags/subdag.py
[2025-09-03T20:32:40.494+0200] {processor.py:755} WARNING - No viable dags retrieved from /home/varun/miniconda3/envs/python38/lib/python3.8/site-packages/airflow/example_dags/subdags/subdag.py
[2025-09-03T20:32:40.504+0200] {processor.py:175} INFO - Processing /home/varun/miniconda3/envs/python38/lib/python3.8/site-packages/airflow/example_dags/subdags/subdag.py took 0.019 seconds
[2025-09-03T20:33:26.427+0200] {processor.py:153} INFO - Started process (PID=5812) to work on /home/varun/miniconda3/envs/python38/lib/python3.8/site-packages/airflow/example_dags/subdags/subdag.py
[2025-09-03T20:33:26.429+0200] {processor.py:743} INFO - Processing file /home/varun/miniconda3/envs/python38/lib/python3.8/site-packages/airflow/example_dags/subdags/subdag.py for tasks to queue
[2025-09-03T20:33:26.429+0200] {logging_mixin.py:137} INFO - [2025-09-03T20:33:26.429+0200] {dagbag.py:532} INFO - Filling up the DagBag from /home/varun/miniconda3/envs/python38/lib/python3.8/site-packages/airflow/example_dags/subdags/subdag.py
[2025-09-03T20:33:26.433+0200] {processor.py:755} WARNING - No viable dags retrieved from /home/varun/miniconda3/envs/python38/lib/python3.8/site-packages/airflow/example_dags/subdags/subdag.py
[2025-09-03T20:33:26.443+0200] {processor.py:175} INFO - Processing /home/varun/miniconda3/envs/python38/lib/python3.8/site-packages/airflow/example_dags/subdags/subdag.py took 0.019 seconds
[2025-09-03T20:34:12.445+0200] {processor.py:153} INFO - Started process (PID=5854) to work on /home/varun/miniconda3/envs/python38/lib/python3.8/site-packages/airflow/example_dags/subdags/subdag.py
[2025-09-03T20:34:12.448+0200] {processor.py:743} INFO - Processing file /home/varun/miniconda3/envs/python38/lib/python3.8/site-packages/airflow/example_dags/subdags/subdag.py for tasks to queue
[2025-09-03T20:34:12.448+0200] {logging_mixin.py:137} INFO - [2025-09-03T20:34:12.448+0200] {dagbag.py:532} INFO - Filling up the DagBag from /home/varun/miniconda3/envs/python38/lib/python3.8/site-packages/airflow/example_dags/subdags/subdag.py
[2025-09-03T20:34:12.451+0200] {processor.py:755} WARNING - No viable dags retrieved from /home/varun/miniconda3/envs/python38/lib/python3.8/site-packages/airflow/example_dags/subdags/subdag.py
[2025-09-03T20:34:12.462+0200] {processor.py:175} INFO - Processing /home/varun/miniconda3/envs/python38/lib/python3.8/site-packages/airflow/example_dags/subdags/subdag.py took 0.020 seconds
[2025-09-03T20:34:55.809+0200] {processor.py:153} INFO - Started process (PID=5897) to work on /home/varun/miniconda3/envs/python38/lib/python3.8/site-packages/airflow/example_dags/subdags/subdag.py
[2025-09-03T20:34:55.811+0200] {processor.py:743} INFO - Processing file /home/varun/miniconda3/envs/python38/lib/python3.8/site-packages/airflow/example_dags/subdags/subdag.py for tasks to queue
[2025-09-03T20:34:55.812+0200] {logging_mixin.py:137} INFO - [2025-09-03T20:34:55.811+0200] {dagbag.py:532} INFO - Filling up the DagBag from /home/varun/miniconda3/envs/python38/lib/python3.8/site-packages/airflow/example_dags/subdags/subdag.py
[2025-09-03T20:34:55.816+0200] {processor.py:755} WARNING - No viable dags retrieved from /home/varun/miniconda3/envs/python38/lib/python3.8/site-packages/airflow/example_dags/subdags/subdag.py
[2025-09-03T20:34:55.826+0200] {processor.py:175} INFO - Processing /home/varun/miniconda3/envs/python38/lib/python3.8/site-packages/airflow/example_dags/subdags/subdag.py took 0.020 seconds
[2025-09-03T20:35:46.563+0200] {processor.py:153} INFO - Started process (PID=5939) to work on /home/varun/miniconda3/envs/python38/lib/python3.8/site-packages/airflow/example_dags/subdags/subdag.py
[2025-09-03T20:35:46.565+0200] {processor.py:743} INFO - Processing file /home/varun/miniconda3/envs/python38/lib/python3.8/site-packages/airflow/example_dags/subdags/subdag.py for tasks to queue
[2025-09-03T20:35:46.566+0200] {logging_mixin.py:137} INFO - [2025-09-03T20:35:46.565+0200] {dagbag.py:532} INFO - Filling up the DagBag from /home/varun/miniconda3/envs/python38/lib/python3.8/site-packages/airflow/example_dags/subdags/subdag.py
[2025-09-03T20:35:46.569+0200] {processor.py:755} WARNING - No viable dags retrieved from /home/varun/miniconda3/envs/python38/lib/python3.8/site-packages/airflow/example_dags/subdags/subdag.py
[2025-09-03T20:35:46.579+0200] {processor.py:175} INFO - Processing /home/varun/miniconda3/envs/python38/lib/python3.8/site-packages/airflow/example_dags/subdags/subdag.py took 0.019 seconds
[2025-09-03T20:36:30.457+0200] {processor.py:153} INFO - Started process (PID=5981) to work on /home/varun/miniconda3/envs/python38/lib/python3.8/site-packages/airflow/example_dags/subdags/subdag.py
[2025-09-03T20:36:30.459+0200] {processor.py:743} INFO - Processing file /home/varun/miniconda3/envs/python38/lib/python3.8/site-packages/airflow/example_dags/subdags/subdag.py for tasks to queue
[2025-09-03T20:36:30.459+0200] {logging_mixin.py:137} INFO - [2025-09-03T20:36:30.459+0200] {dagbag.py:532} INFO - Filling up the DagBag from /home/varun/miniconda3/envs/python38/lib/python3.8/site-packages/airflow/example_dags/subdags/subdag.py
[2025-09-03T20:36:30.464+0200] {processor.py:755} WARNING - No viable dags retrieved from /home/varun/miniconda3/envs/python38/lib/python3.8/site-packages/airflow/example_dags/subdags/subdag.py
[2025-09-03T20:36:30.475+0200] {processor.py:175} INFO - Processing /home/varun/miniconda3/envs/python38/lib/python3.8/site-packages/airflow/example_dags/subdags/subdag.py took 0.022 seconds
