[2025-09-04T16:41:45.459+0200] {taskinstance.py:1090} INFO - Dependencies all met for dep_context=non-requeueable deps ti=<TaskInstance: hello_world.hello_world_task scheduled__2025-09-03T00:00:00+00:00 [queued]>
[2025-09-04T16:41:45.480+0200] {taskinstance.py:1090} INFO - Dependencies all met for dep_context=requeueable deps ti=<TaskInstance: hello_world.hello_world_task scheduled__2025-09-03T00:00:00+00:00 [queued]>
[2025-09-04T16:41:45.481+0200] {taskinstance.py:1288} INFO - 
--------------------------------------------------------------------------------
[2025-09-04T16:41:45.481+0200] {taskinstance.py:1289} INFO - Starting attempt 1 of 1
[2025-09-04T16:41:45.481+0200] {taskinstance.py:1290} INFO - 
--------------------------------------------------------------------------------
[2025-09-04T16:41:45.501+0200] {taskinstance.py:1309} INFO - Executing <Task(BashOperator): hello_world_task> on 2025-09-03 00:00:00+00:00
[2025-09-04T16:41:45.506+0200] {standard_task_runner.py:55} INFO - Started process 26802 to run task
[2025-09-04T16:41:45.553+0200] {standard_task_runner.py:82} INFO - Running: ['airflow', 'tasks', 'run', 'hello_world', 'hello_world_task', 'scheduled__2025-09-03T00:00:00+00:00', '--job-id', '9', '--raw', '--subdir', 'DAGS_FOLDER/first_dag.py', '--cfg-path', '/tmp/tmpjsh5fdt8']
[2025-09-04T16:41:45.563+0200] {standard_task_runner.py:83} INFO - Job 9: Subtask hello_world_task
[2025-09-04T16:41:46.025+0200] {task_command.py:389} INFO - Running <TaskInstance: hello_world.hello_world_task scheduled__2025-09-03T00:00:00+00:00 [running]> on host LAPTOP-OQGSU8SC.localdomain
[2025-09-04T16:41:46.253+0200] {taskinstance.py:1516} INFO - Exporting the following env vars:
AIRFLOW_CTX_DAG_OWNER=varun25
AIRFLOW_CTX_DAG_ID=hello_world
AIRFLOW_CTX_TASK_ID=hello_world_task
AIRFLOW_CTX_EXECUTION_DATE=2025-09-03T00:00:00+00:00
AIRFLOW_CTX_TRY_NUMBER=1
AIRFLOW_CTX_DAG_RUN_ID=scheduled__2025-09-03T00:00:00+00:00
[2025-09-04T16:41:46.260+0200] {subprocess.py:63} INFO - Tmp dir root location: 
 /tmp
[2025-09-04T16:41:46.263+0200] {subprocess.py:75} INFO - Running command: ['/usr/bin/bash', '-c', 'echo Hello world']
[2025-09-04T16:41:46.295+0200] {subprocess.py:86} INFO - Output:
[2025-09-04T16:41:46.306+0200] {subprocess.py:93} INFO - Hello world
[2025-09-04T16:41:46.307+0200] {subprocess.py:97} INFO - Command exited with return code 0
[2025-09-04T16:41:46.342+0200] {taskinstance.py:1327} INFO - Marking task as SUCCESS. dag_id=hello_world, task_id=hello_world_task, execution_date=20250903T000000, start_date=20250904T144145, end_date=20250904T144146
[2025-09-04T16:41:46.390+0200] {local_task_job.py:212} INFO - Task exited with return code 0
[2025-09-04T16:41:46.406+0200] {taskinstance.py:2596} INFO - 0 downstream tasks scheduled from follow-on schedule check
