[2025-09-03T19:42:17.170+0200] {processor.py:153} INFO - Started process (PID=3084) to work on /home/varun/miniconda3/envs/python38/lib/python3.8/site-packages/airflow/example_dags/plugins/event_listener.py
[2025-09-03T19:42:17.171+0200] {processor.py:743} INFO - Processing file /home/varun/miniconda3/envs/python38/lib/python3.8/site-packages/airflow/example_dags/plugins/event_listener.py for tasks to queue
[2025-09-03T19:42:17.171+0200] {logging_mixin.py:137} INFO - [2025-09-03T19:42:17.171+0200] {dagbag.py:532} INFO - Filling up the DagBag from /home/varun/miniconda3/envs/python38/lib/python3.8/site-packages/airflow/example_dags/plugins/event_listener.py
[2025-09-03T19:42:17.173+0200] {processor.py:755} WARNING - No viable dags retrieved from /home/varun/miniconda3/envs/python38/lib/python3.8/site-packages/airflow/example_dags/plugins/event_listener.py
[2025-09-03T19:42:17.183+0200] {processor.py:175} INFO - Processing /home/varun/miniconda3/envs/python38/lib/python3.8/site-packages/airflow/example_dags/plugins/event_listener.py took 0.016 seconds
[2025-09-03T19:43:10.566+0200] {processor.py:153} INFO - Started process (PID=3126) to work on /home/varun/miniconda3/envs/python38/lib/python3.8/site-packages/airflow/example_dags/plugins/event_listener.py
[2025-09-03T19:43:10.568+0200] {processor.py:743} INFO - Processing file /home/varun/miniconda3/envs/python38/lib/python3.8/site-packages/airflow/example_dags/plugins/event_listener.py for tasks to queue
[2025-09-03T19:43:10.568+0200] {logging_mixin.py:137} INFO - [2025-09-03T19:43:10.568+0200] {dagbag.py:532} INFO - Filling up the DagBag from /home/varun/miniconda3/envs/python38/lib/python3.8/site-packages/airflow/example_dags/plugins/event_listener.py
[2025-09-03T19:43:10.570+0200] {processor.py:755} WARNING - No viable dags retrieved from /home/varun/miniconda3/envs/python38/lib/python3.8/site-packages/airflow/example_dags/plugins/event_listener.py
[2025-09-03T19:43:10.579+0200] {processor.py:175} INFO - Processing /home/varun/miniconda3/envs/python38/lib/python3.8/site-packages/airflow/example_dags/plugins/event_listener.py took 0.016 seconds
[2025-09-03T19:43:56.835+0200] {processor.py:153} INFO - Started process (PID=3168) to work on /home/varun/miniconda3/envs/python38/lib/python3.8/site-packages/airflow/example_dags/plugins/event_listener.py
[2025-09-03T19:43:56.836+0200] {processor.py:743} INFO - Processing file /home/varun/miniconda3/envs/python38/lib/python3.8/site-packages/airflow/example_dags/plugins/event_listener.py for tasks to queue
[2025-09-03T19:43:56.837+0200] {logging_mixin.py:137} INFO - [2025-09-03T19:43:56.837+0200] {dagbag.py:532} INFO - Filling up the DagBag from /home/varun/miniconda3/envs/python38/lib/python3.8/site-packages/airflow/example_dags/plugins/event_listener.py
[2025-09-03T19:43:56.839+0200] {processor.py:755} WARNING - No viable dags retrieved from /home/varun/miniconda3/envs/python38/lib/python3.8/site-packages/airflow/example_dags/plugins/event_listener.py
[2025-09-03T19:43:56.850+0200] {processor.py:175} INFO - Processing /home/varun/miniconda3/envs/python38/lib/python3.8/site-packages/airflow/example_dags/plugins/event_listener.py took 0.018 seconds
[2025-09-03T19:44:43.571+0200] {processor.py:153} INFO - Started process (PID=3210) to work on /home/varun/miniconda3/envs/python38/lib/python3.8/site-packages/airflow/example_dags/plugins/event_listener.py
[2025-09-03T19:44:43.573+0200] {processor.py:743} INFO - Processing file /home/varun/miniconda3/envs/python38/lib/python3.8/site-packages/airflow/example_dags/plugins/event_listener.py for tasks to queue
[2025-09-03T19:44:43.574+0200] {logging_mixin.py:137} INFO - [2025-09-03T19:44:43.574+0200] {dagbag.py:532} INFO - Filling up the DagBag from /home/varun/miniconda3/envs/python38/lib/python3.8/site-packages/airflow/example_dags/plugins/event_listener.py
[2025-09-03T19:44:43.576+0200] {processor.py:755} WARNING - No viable dags retrieved from /home/varun/miniconda3/envs/python38/lib/python3.8/site-packages/airflow/example_dags/plugins/event_listener.py
[2025-09-03T19:44:43.588+0200] {processor.py:175} INFO - Processing /home/varun/miniconda3/envs/python38/lib/python3.8/site-packages/airflow/example_dags/plugins/event_listener.py took 0.022 seconds
[2025-09-03T19:45:34.047+0200] {processor.py:153} INFO - Started process (PID=3281) to work on /home/varun/miniconda3/envs/python38/lib/python3.8/site-packages/airflow/example_dags/plugins/event_listener.py
[2025-09-03T19:45:34.048+0200] {processor.py:743} INFO - Processing file /home/varun/miniconda3/envs/python38/lib/python3.8/site-packages/airflow/example_dags/plugins/event_listener.py for tasks to queue
[2025-09-03T19:45:34.049+0200] {logging_mixin.py:137} INFO - [2025-09-03T19:45:34.049+0200] {dagbag.py:532} INFO - Filling up the DagBag from /home/varun/miniconda3/envs/python38/lib/python3.8/site-packages/airflow/example_dags/plugins/event_listener.py
[2025-09-03T19:45:34.050+0200] {processor.py:755} WARNING - No viable dags retrieved from /home/varun/miniconda3/envs/python38/lib/python3.8/site-packages/airflow/example_dags/plugins/event_listener.py
[2025-09-03T19:45:34.059+0200] {processor.py:175} INFO - Processing /home/varun/miniconda3/envs/python38/lib/python3.8/site-packages/airflow/example_dags/plugins/event_listener.py took 0.016 seconds
[2025-09-03T19:46:18.517+0200] {processor.py:153} INFO - Started process (PID=3326) to work on /home/varun/miniconda3/envs/python38/lib/python3.8/site-packages/airflow/example_dags/plugins/event_listener.py
[2025-09-03T19:46:18.518+0200] {processor.py:743} INFO - Processing file /home/varun/miniconda3/envs/python38/lib/python3.8/site-packages/airflow/example_dags/plugins/event_listener.py for tasks to queue
[2025-09-03T19:46:18.519+0200] {logging_mixin.py:137} INFO - [2025-09-03T19:46:18.519+0200] {dagbag.py:532} INFO - Filling up the DagBag from /home/varun/miniconda3/envs/python38/lib/python3.8/site-packages/airflow/example_dags/plugins/event_listener.py
[2025-09-03T19:46:18.521+0200] {processor.py:755} WARNING - No viable dags retrieved from /home/varun/miniconda3/envs/python38/lib/python3.8/site-packages/airflow/example_dags/plugins/event_listener.py
[2025-09-03T19:46:18.531+0200] {processor.py:175} INFO - Processing /home/varun/miniconda3/envs/python38/lib/python3.8/site-packages/airflow/example_dags/plugins/event_listener.py took 0.018 seconds
[2025-09-03T19:47:04.067+0200] {processor.py:153} INFO - Started process (PID=3375) to work on /home/varun/miniconda3/envs/python38/lib/python3.8/site-packages/airflow/example_dags/plugins/event_listener.py
[2025-09-03T19:47:04.071+0200] {processor.py:743} INFO - Processing file /home/varun/miniconda3/envs/python38/lib/python3.8/site-packages/airflow/example_dags/plugins/event_listener.py for tasks to queue
[2025-09-03T19:47:04.072+0200] {logging_mixin.py:137} INFO - [2025-09-03T19:47:04.072+0200] {dagbag.py:532} INFO - Filling up the DagBag from /home/varun/miniconda3/envs/python38/lib/python3.8/site-packages/airflow/example_dags/plugins/event_listener.py
[2025-09-03T19:47:04.075+0200] {processor.py:755} WARNING - No viable dags retrieved from /home/varun/miniconda3/envs/python38/lib/python3.8/site-packages/airflow/example_dags/plugins/event_listener.py
[2025-09-03T19:47:04.094+0200] {processor.py:175} INFO - Processing /home/varun/miniconda3/envs/python38/lib/python3.8/site-packages/airflow/example_dags/plugins/event_listener.py took 0.034 seconds
[2025-09-03T19:47:53.140+0200] {processor.py:153} INFO - Started process (PID=3421) to work on /home/varun/miniconda3/envs/python38/lib/python3.8/site-packages/airflow/example_dags/plugins/event_listener.py
[2025-09-03T19:47:53.141+0200] {processor.py:743} INFO - Processing file /home/varun/miniconda3/envs/python38/lib/python3.8/site-packages/airflow/example_dags/plugins/event_listener.py for tasks to queue
[2025-09-03T19:47:53.142+0200] {logging_mixin.py:137} INFO - [2025-09-03T19:47:53.142+0200] {dagbag.py:532} INFO - Filling up the DagBag from /home/varun/miniconda3/envs/python38/lib/python3.8/site-packages/airflow/example_dags/plugins/event_listener.py
[2025-09-03T19:47:53.143+0200] {processor.py:755} WARNING - No viable dags retrieved from /home/varun/miniconda3/envs/python38/lib/python3.8/site-packages/airflow/example_dags/plugins/event_listener.py
[2025-09-03T19:47:53.152+0200] {processor.py:175} INFO - Processing /home/varun/miniconda3/envs/python38/lib/python3.8/site-packages/airflow/example_dags/plugins/event_listener.py took 0.016 seconds
[2025-09-03T19:48:40.818+0200] {processor.py:153} INFO - Started process (PID=3463) to work on /home/varun/miniconda3/envs/python38/lib/python3.8/site-packages/airflow/example_dags/plugins/event_listener.py
[2025-09-03T19:48:40.819+0200] {processor.py:743} INFO - Processing file /home/varun/miniconda3/envs/python38/lib/python3.8/site-packages/airflow/example_dags/plugins/event_listener.py for tasks to queue
[2025-09-03T19:48:40.820+0200] {logging_mixin.py:137} INFO - [2025-09-03T19:48:40.820+0200] {dagbag.py:532} INFO - Filling up the DagBag from /home/varun/miniconda3/envs/python38/lib/python3.8/site-packages/airflow/example_dags/plugins/event_listener.py
[2025-09-03T19:48:40.821+0200] {processor.py:755} WARNING - No viable dags retrieved from /home/varun/miniconda3/envs/python38/lib/python3.8/site-packages/airflow/example_dags/plugins/event_listener.py
[2025-09-03T19:48:40.831+0200] {processor.py:175} INFO - Processing /home/varun/miniconda3/envs/python38/lib/python3.8/site-packages/airflow/example_dags/plugins/event_listener.py took 0.016 seconds
[2025-09-03T19:49:28.922+0200] {processor.py:153} INFO - Started process (PID=3505) to work on /home/varun/miniconda3/envs/python38/lib/python3.8/site-packages/airflow/example_dags/plugins/event_listener.py
[2025-09-03T19:49:28.924+0200] {processor.py:743} INFO - Processing file /home/varun/miniconda3/envs/python38/lib/python3.8/site-packages/airflow/example_dags/plugins/event_listener.py for tasks to queue
[2025-09-03T19:49:28.925+0200] {logging_mixin.py:137} INFO - [2025-09-03T19:49:28.925+0200] {dagbag.py:532} INFO - Filling up the DagBag from /home/varun/miniconda3/envs/python38/lib/python3.8/site-packages/airflow/example_dags/plugins/event_listener.py
[2025-09-03T19:49:28.927+0200] {processor.py:755} WARNING - No viable dags retrieved from /home/varun/miniconda3/envs/python38/lib/python3.8/site-packages/airflow/example_dags/plugins/event_listener.py
[2025-09-03T19:49:28.938+0200] {processor.py:175} INFO - Processing /home/varun/miniconda3/envs/python38/lib/python3.8/site-packages/airflow/example_dags/plugins/event_listener.py took 0.019 seconds
[2025-09-03T19:50:19.313+0200] {processor.py:153} INFO - Started process (PID=3556) to work on /home/varun/miniconda3/envs/python38/lib/python3.8/site-packages/airflow/example_dags/plugins/event_listener.py
[2025-09-03T19:50:19.315+0200] {processor.py:743} INFO - Processing file /home/varun/miniconda3/envs/python38/lib/python3.8/site-packages/airflow/example_dags/plugins/event_listener.py for tasks to queue
[2025-09-03T19:50:19.316+0200] {logging_mixin.py:137} INFO - [2025-09-03T19:50:19.316+0200] {dagbag.py:532} INFO - Filling up the DagBag from /home/varun/miniconda3/envs/python38/lib/python3.8/site-packages/airflow/example_dags/plugins/event_listener.py
[2025-09-03T19:50:19.318+0200] {processor.py:755} WARNING - No viable dags retrieved from /home/varun/miniconda3/envs/python38/lib/python3.8/site-packages/airflow/example_dags/plugins/event_listener.py
[2025-09-03T19:50:19.326+0200] {processor.py:175} INFO - Processing /home/varun/miniconda3/envs/python38/lib/python3.8/site-packages/airflow/example_dags/plugins/event_listener.py took 0.016 seconds
[2025-09-03T19:51:05.087+0200] {processor.py:153} INFO - Started process (PID=3606) to work on /home/varun/miniconda3/envs/python38/lib/python3.8/site-packages/airflow/example_dags/plugins/event_listener.py
[2025-09-03T19:51:05.088+0200] {processor.py:743} INFO - Processing file /home/varun/miniconda3/envs/python38/lib/python3.8/site-packages/airflow/example_dags/plugins/event_listener.py for tasks to queue
[2025-09-03T19:51:05.089+0200] {logging_mixin.py:137} INFO - [2025-09-03T19:51:05.089+0200] {dagbag.py:532} INFO - Filling up the DagBag from /home/varun/miniconda3/envs/python38/lib/python3.8/site-packages/airflow/example_dags/plugins/event_listener.py
[2025-09-03T19:51:05.091+0200] {processor.py:755} WARNING - No viable dags retrieved from /home/varun/miniconda3/envs/python38/lib/python3.8/site-packages/airflow/example_dags/plugins/event_listener.py
[2025-09-03T19:51:05.099+0200] {processor.py:175} INFO - Processing /home/varun/miniconda3/envs/python38/lib/python3.8/site-packages/airflow/example_dags/plugins/event_listener.py took 0.015 seconds
[2025-09-03T19:51:51.235+0200] {processor.py:153} INFO - Started process (PID=3657) to work on /home/varun/miniconda3/envs/python38/lib/python3.8/site-packages/airflow/example_dags/plugins/event_listener.py
[2025-09-03T19:51:51.237+0200] {processor.py:743} INFO - Processing file /home/varun/miniconda3/envs/python38/lib/python3.8/site-packages/airflow/example_dags/plugins/event_listener.py for tasks to queue
[2025-09-03T19:51:51.238+0200] {logging_mixin.py:137} INFO - [2025-09-03T19:51:51.238+0200] {dagbag.py:532} INFO - Filling up the DagBag from /home/varun/miniconda3/envs/python38/lib/python3.8/site-packages/airflow/example_dags/plugins/event_listener.py
[2025-09-03T19:51:51.240+0200] {processor.py:755} WARNING - No viable dags retrieved from /home/varun/miniconda3/envs/python38/lib/python3.8/site-packages/airflow/example_dags/plugins/event_listener.py
[2025-09-03T19:51:51.252+0200] {processor.py:175} INFO - Processing /home/varun/miniconda3/envs/python38/lib/python3.8/site-packages/airflow/example_dags/plugins/event_listener.py took 0.020 seconds
[2025-09-03T19:52:44.864+0200] {processor.py:153} INFO - Started process (PID=3703) to work on /home/varun/miniconda3/envs/python38/lib/python3.8/site-packages/airflow/example_dags/plugins/event_listener.py
[2025-09-03T19:52:44.866+0200] {processor.py:743} INFO - Processing file /home/varun/miniconda3/envs/python38/lib/python3.8/site-packages/airflow/example_dags/plugins/event_listener.py for tasks to queue
[2025-09-03T19:52:44.867+0200] {logging_mixin.py:137} INFO - [2025-09-03T19:52:44.867+0200] {dagbag.py:532} INFO - Filling up the DagBag from /home/varun/miniconda3/envs/python38/lib/python3.8/site-packages/airflow/example_dags/plugins/event_listener.py
[2025-09-03T19:52:44.869+0200] {processor.py:755} WARNING - No viable dags retrieved from /home/varun/miniconda3/envs/python38/lib/python3.8/site-packages/airflow/example_dags/plugins/event_listener.py
[2025-09-03T19:52:44.881+0200] {processor.py:175} INFO - Processing /home/varun/miniconda3/envs/python38/lib/python3.8/site-packages/airflow/example_dags/plugins/event_listener.py took 0.020 seconds
[2025-09-03T19:53:35.164+0200] {processor.py:153} INFO - Started process (PID=3745) to work on /home/varun/miniconda3/envs/python38/lib/python3.8/site-packages/airflow/example_dags/plugins/event_listener.py
[2025-09-03T19:53:35.166+0200] {processor.py:743} INFO - Processing file /home/varun/miniconda3/envs/python38/lib/python3.8/site-packages/airflow/example_dags/plugins/event_listener.py for tasks to queue
[2025-09-03T19:53:35.167+0200] {logging_mixin.py:137} INFO - [2025-09-03T19:53:35.167+0200] {dagbag.py:532} INFO - Filling up the DagBag from /home/varun/miniconda3/envs/python38/lib/python3.8/site-packages/airflow/example_dags/plugins/event_listener.py
[2025-09-03T19:53:35.169+0200] {processor.py:755} WARNING - No viable dags retrieved from /home/varun/miniconda3/envs/python38/lib/python3.8/site-packages/airflow/example_dags/plugins/event_listener.py
[2025-09-03T19:53:35.178+0200] {processor.py:175} INFO - Processing /home/varun/miniconda3/envs/python38/lib/python3.8/site-packages/airflow/example_dags/plugins/event_listener.py took 0.017 seconds
[2025-09-03T19:54:37.350+0200] {processor.py:153} INFO - Started process (PID=3798) to work on /home/varun/miniconda3/envs/python38/lib/python3.8/site-packages/airflow/example_dags/plugins/event_listener.py
[2025-09-03T19:54:37.351+0200] {processor.py:743} INFO - Processing file /home/varun/miniconda3/envs/python38/lib/python3.8/site-packages/airflow/example_dags/plugins/event_listener.py for tasks to queue
[2025-09-03T19:54:37.352+0200] {logging_mixin.py:137} INFO - [2025-09-03T19:54:37.352+0200] {dagbag.py:532} INFO - Filling up the DagBag from /home/varun/miniconda3/envs/python38/lib/python3.8/site-packages/airflow/example_dags/plugins/event_listener.py
[2025-09-03T19:54:37.354+0200] {processor.py:755} WARNING - No viable dags retrieved from /home/varun/miniconda3/envs/python38/lib/python3.8/site-packages/airflow/example_dags/plugins/event_listener.py
[2025-09-03T19:54:37.363+0200] {processor.py:175} INFO - Processing /home/varun/miniconda3/envs/python38/lib/python3.8/site-packages/airflow/example_dags/plugins/event_listener.py took 0.017 seconds
[2025-09-03T19:55:32.510+0200] {processor.py:153} INFO - Started process (PID=3854) to work on /home/varun/miniconda3/envs/python38/lib/python3.8/site-packages/airflow/example_dags/plugins/event_listener.py
[2025-09-03T19:55:32.512+0200] {processor.py:743} INFO - Processing file /home/varun/miniconda3/envs/python38/lib/python3.8/site-packages/airflow/example_dags/plugins/event_listener.py for tasks to queue
[2025-09-03T19:55:32.512+0200] {logging_mixin.py:137} INFO - [2025-09-03T19:55:32.512+0200] {dagbag.py:532} INFO - Filling up the DagBag from /home/varun/miniconda3/envs/python38/lib/python3.8/site-packages/airflow/example_dags/plugins/event_listener.py
[2025-09-03T19:55:32.515+0200] {processor.py:755} WARNING - No viable dags retrieved from /home/varun/miniconda3/envs/python38/lib/python3.8/site-packages/airflow/example_dags/plugins/event_listener.py
[2025-09-03T19:55:32.525+0200] {processor.py:175} INFO - Processing /home/varun/miniconda3/envs/python38/lib/python3.8/site-packages/airflow/example_dags/plugins/event_listener.py took 0.019 seconds
[2025-09-03T19:56:33.962+0200] {processor.py:153} INFO - Started process (PID=3904) to work on /home/varun/miniconda3/envs/python38/lib/python3.8/site-packages/airflow/example_dags/plugins/event_listener.py
[2025-09-03T19:56:33.963+0200] {processor.py:743} INFO - Processing file /home/varun/miniconda3/envs/python38/lib/python3.8/site-packages/airflow/example_dags/plugins/event_listener.py for tasks to queue
[2025-09-03T19:56:33.965+0200] {logging_mixin.py:137} INFO - [2025-09-03T19:56:33.964+0200] {dagbag.py:532} INFO - Filling up the DagBag from /home/varun/miniconda3/envs/python38/lib/python3.8/site-packages/airflow/example_dags/plugins/event_listener.py
[2025-09-03T19:56:33.966+0200] {processor.py:755} WARNING - No viable dags retrieved from /home/varun/miniconda3/envs/python38/lib/python3.8/site-packages/airflow/example_dags/plugins/event_listener.py
[2025-09-03T19:56:33.978+0200] {processor.py:175} INFO - Processing /home/varun/miniconda3/envs/python38/lib/python3.8/site-packages/airflow/example_dags/plugins/event_listener.py took 0.020 seconds
[2025-09-03T19:57:29.371+0200] {processor.py:153} INFO - Started process (PID=3951) to work on /home/varun/miniconda3/envs/python38/lib/python3.8/site-packages/airflow/example_dags/plugins/event_listener.py
[2025-09-03T19:57:29.373+0200] {processor.py:743} INFO - Processing file /home/varun/miniconda3/envs/python38/lib/python3.8/site-packages/airflow/example_dags/plugins/event_listener.py for tasks to queue
[2025-09-03T19:57:29.374+0200] {logging_mixin.py:137} INFO - [2025-09-03T19:57:29.374+0200] {dagbag.py:532} INFO - Filling up the DagBag from /home/varun/miniconda3/envs/python38/lib/python3.8/site-packages/airflow/example_dags/plugins/event_listener.py
[2025-09-03T19:57:29.376+0200] {processor.py:755} WARNING - No viable dags retrieved from /home/varun/miniconda3/envs/python38/lib/python3.8/site-packages/airflow/example_dags/plugins/event_listener.py
[2025-09-03T19:57:29.390+0200] {processor.py:175} INFO - Processing /home/varun/miniconda3/envs/python38/lib/python3.8/site-packages/airflow/example_dags/plugins/event_listener.py took 0.024 seconds
[2025-09-03T19:58:18.004+0200] {processor.py:153} INFO - Started process (PID=3993) to work on /home/varun/miniconda3/envs/python38/lib/python3.8/site-packages/airflow/example_dags/plugins/event_listener.py
[2025-09-03T19:58:18.006+0200] {processor.py:743} INFO - Processing file /home/varun/miniconda3/envs/python38/lib/python3.8/site-packages/airflow/example_dags/plugins/event_listener.py for tasks to queue
[2025-09-03T19:58:18.006+0200] {logging_mixin.py:137} INFO - [2025-09-03T19:58:18.006+0200] {dagbag.py:532} INFO - Filling up the DagBag from /home/varun/miniconda3/envs/python38/lib/python3.8/site-packages/airflow/example_dags/plugins/event_listener.py
[2025-09-03T19:58:18.008+0200] {processor.py:755} WARNING - No viable dags retrieved from /home/varun/miniconda3/envs/python38/lib/python3.8/site-packages/airflow/example_dags/plugins/event_listener.py
[2025-09-03T19:58:18.020+0200] {processor.py:175} INFO - Processing /home/varun/miniconda3/envs/python38/lib/python3.8/site-packages/airflow/example_dags/plugins/event_listener.py took 0.019 seconds
[2025-09-03T20:00:35.314+0200] {processor.py:153} INFO - Started process (PID=4011) to work on /home/varun/miniconda3/envs/python38/lib/python3.8/site-packages/airflow/example_dags/plugins/event_listener.py
[2025-09-03T20:00:35.316+0200] {processor.py:743} INFO - Processing file /home/varun/miniconda3/envs/python38/lib/python3.8/site-packages/airflow/example_dags/plugins/event_listener.py for tasks to queue
[2025-09-03T20:00:35.316+0200] {logging_mixin.py:137} INFO - [2025-09-03T20:00:35.316+0200] {dagbag.py:532} INFO - Filling up the DagBag from /home/varun/miniconda3/envs/python38/lib/python3.8/site-packages/airflow/example_dags/plugins/event_listener.py
[2025-09-03T20:00:35.318+0200] {processor.py:755} WARNING - No viable dags retrieved from /home/varun/miniconda3/envs/python38/lib/python3.8/site-packages/airflow/example_dags/plugins/event_listener.py
[2025-09-03T20:00:35.326+0200] {processor.py:175} INFO - Processing /home/varun/miniconda3/envs/python38/lib/python3.8/site-packages/airflow/example_dags/plugins/event_listener.py took 0.015 seconds
[2025-09-03T20:01:21.593+0200] {processor.py:153} INFO - Started process (PID=4068) to work on /home/varun/miniconda3/envs/python38/lib/python3.8/site-packages/airflow/example_dags/plugins/event_listener.py
[2025-09-03T20:01:21.594+0200] {processor.py:743} INFO - Processing file /home/varun/miniconda3/envs/python38/lib/python3.8/site-packages/airflow/example_dags/plugins/event_listener.py for tasks to queue
[2025-09-03T20:01:21.595+0200] {logging_mixin.py:137} INFO - [2025-09-03T20:01:21.595+0200] {dagbag.py:532} INFO - Filling up the DagBag from /home/varun/miniconda3/envs/python38/lib/python3.8/site-packages/airflow/example_dags/plugins/event_listener.py
[2025-09-03T20:01:21.597+0200] {processor.py:755} WARNING - No viable dags retrieved from /home/varun/miniconda3/envs/python38/lib/python3.8/site-packages/airflow/example_dags/plugins/event_listener.py
[2025-09-03T20:01:21.607+0200] {processor.py:175} INFO - Processing /home/varun/miniconda3/envs/python38/lib/python3.8/site-packages/airflow/example_dags/plugins/event_listener.py took 0.017 seconds
[2025-09-03T20:02:10.789+0200] {processor.py:153} INFO - Started process (PID=4111) to work on /home/varun/miniconda3/envs/python38/lib/python3.8/site-packages/airflow/example_dags/plugins/event_listener.py
[2025-09-03T20:02:10.791+0200] {processor.py:743} INFO - Processing file /home/varun/miniconda3/envs/python38/lib/python3.8/site-packages/airflow/example_dags/plugins/event_listener.py for tasks to queue
[2025-09-03T20:02:10.791+0200] {logging_mixin.py:137} INFO - [2025-09-03T20:02:10.791+0200] {dagbag.py:532} INFO - Filling up the DagBag from /home/varun/miniconda3/envs/python38/lib/python3.8/site-packages/airflow/example_dags/plugins/event_listener.py
[2025-09-03T20:02:10.793+0200] {processor.py:755} WARNING - No viable dags retrieved from /home/varun/miniconda3/envs/python38/lib/python3.8/site-packages/airflow/example_dags/plugins/event_listener.py
[2025-09-03T20:02:10.802+0200] {processor.py:175} INFO - Processing /home/varun/miniconda3/envs/python38/lib/python3.8/site-packages/airflow/example_dags/plugins/event_listener.py took 0.016 seconds
[2025-09-03T20:02:57.126+0200] {processor.py:153} INFO - Started process (PID=4153) to work on /home/varun/miniconda3/envs/python38/lib/python3.8/site-packages/airflow/example_dags/plugins/event_listener.py
[2025-09-03T20:02:57.128+0200] {processor.py:743} INFO - Processing file /home/varun/miniconda3/envs/python38/lib/python3.8/site-packages/airflow/example_dags/plugins/event_listener.py for tasks to queue
[2025-09-03T20:02:57.129+0200] {logging_mixin.py:137} INFO - [2025-09-03T20:02:57.129+0200] {dagbag.py:532} INFO - Filling up the DagBag from /home/varun/miniconda3/envs/python38/lib/python3.8/site-packages/airflow/example_dags/plugins/event_listener.py
[2025-09-03T20:02:57.131+0200] {processor.py:755} WARNING - No viable dags retrieved from /home/varun/miniconda3/envs/python38/lib/python3.8/site-packages/airflow/example_dags/plugins/event_listener.py
[2025-09-03T20:02:57.141+0200] {processor.py:175} INFO - Processing /home/varun/miniconda3/envs/python38/lib/python3.8/site-packages/airflow/example_dags/plugins/event_listener.py took 0.018 seconds
[2025-09-03T20:03:44.312+0200] {processor.py:153} INFO - Started process (PID=4195) to work on /home/varun/miniconda3/envs/python38/lib/python3.8/site-packages/airflow/example_dags/plugins/event_listener.py
[2025-09-03T20:03:44.313+0200] {processor.py:743} INFO - Processing file /home/varun/miniconda3/envs/python38/lib/python3.8/site-packages/airflow/example_dags/plugins/event_listener.py for tasks to queue
[2025-09-03T20:03:44.314+0200] {logging_mixin.py:137} INFO - [2025-09-03T20:03:44.313+0200] {dagbag.py:532} INFO - Filling up the DagBag from /home/varun/miniconda3/envs/python38/lib/python3.8/site-packages/airflow/example_dags/plugins/event_listener.py
[2025-09-03T20:03:44.315+0200] {processor.py:755} WARNING - No viable dags retrieved from /home/varun/miniconda3/envs/python38/lib/python3.8/site-packages/airflow/example_dags/plugins/event_listener.py
[2025-09-03T20:03:44.325+0200] {processor.py:175} INFO - Processing /home/varun/miniconda3/envs/python38/lib/python3.8/site-packages/airflow/example_dags/plugins/event_listener.py took 0.017 seconds
[2025-09-03T20:04:34.107+0200] {processor.py:153} INFO - Started process (PID=4237) to work on /home/varun/miniconda3/envs/python38/lib/python3.8/site-packages/airflow/example_dags/plugins/event_listener.py
[2025-09-03T20:04:34.108+0200] {processor.py:743} INFO - Processing file /home/varun/miniconda3/envs/python38/lib/python3.8/site-packages/airflow/example_dags/plugins/event_listener.py for tasks to queue
[2025-09-03T20:04:34.109+0200] {logging_mixin.py:137} INFO - [2025-09-03T20:04:34.109+0200] {dagbag.py:532} INFO - Filling up the DagBag from /home/varun/miniconda3/envs/python38/lib/python3.8/site-packages/airflow/example_dags/plugins/event_listener.py
[2025-09-03T20:04:34.111+0200] {processor.py:755} WARNING - No viable dags retrieved from /home/varun/miniconda3/envs/python38/lib/python3.8/site-packages/airflow/example_dags/plugins/event_listener.py
[2025-09-03T20:04:34.122+0200] {processor.py:175} INFO - Processing /home/varun/miniconda3/envs/python38/lib/python3.8/site-packages/airflow/example_dags/plugins/event_listener.py took 0.018 seconds
[2025-09-03T20:05:32.948+0200] {processor.py:153} INFO - Started process (PID=4298) to work on /home/varun/miniconda3/envs/python38/lib/python3.8/site-packages/airflow/example_dags/plugins/event_listener.py
[2025-09-03T20:05:32.950+0200] {processor.py:743} INFO - Processing file /home/varun/miniconda3/envs/python38/lib/python3.8/site-packages/airflow/example_dags/plugins/event_listener.py for tasks to queue
[2025-09-03T20:05:32.951+0200] {logging_mixin.py:137} INFO - [2025-09-03T20:05:32.951+0200] {dagbag.py:532} INFO - Filling up the DagBag from /home/varun/miniconda3/envs/python38/lib/python3.8/site-packages/airflow/example_dags/plugins/event_listener.py
[2025-09-03T20:05:32.953+0200] {processor.py:755} WARNING - No viable dags retrieved from /home/varun/miniconda3/envs/python38/lib/python3.8/site-packages/airflow/example_dags/plugins/event_listener.py
[2025-09-03T20:05:32.963+0200] {processor.py:175} INFO - Processing /home/varun/miniconda3/envs/python38/lib/python3.8/site-packages/airflow/example_dags/plugins/event_listener.py took 0.019 seconds
[2025-09-03T20:06:23.487+0200] {processor.py:153} INFO - Started process (PID=4340) to work on /home/varun/miniconda3/envs/python38/lib/python3.8/site-packages/airflow/example_dags/plugins/event_listener.py
[2025-09-03T20:06:23.489+0200] {processor.py:743} INFO - Processing file /home/varun/miniconda3/envs/python38/lib/python3.8/site-packages/airflow/example_dags/plugins/event_listener.py for tasks to queue
[2025-09-03T20:06:23.491+0200] {logging_mixin.py:137} INFO - [2025-09-03T20:06:23.491+0200] {dagbag.py:532} INFO - Filling up the DagBag from /home/varun/miniconda3/envs/python38/lib/python3.8/site-packages/airflow/example_dags/plugins/event_listener.py
[2025-09-03T20:06:23.495+0200] {processor.py:755} WARNING - No viable dags retrieved from /home/varun/miniconda3/envs/python38/lib/python3.8/site-packages/airflow/example_dags/plugins/event_listener.py
[2025-09-03T20:06:23.518+0200] {processor.py:175} INFO - Processing /home/varun/miniconda3/envs/python38/lib/python3.8/site-packages/airflow/example_dags/plugins/event_listener.py took 0.037 seconds
[2025-09-03T20:07:09.754+0200] {processor.py:153} INFO - Started process (PID=4399) to work on /home/varun/miniconda3/envs/python38/lib/python3.8/site-packages/airflow/example_dags/plugins/event_listener.py
[2025-09-03T20:07:09.756+0200] {processor.py:743} INFO - Processing file /home/varun/miniconda3/envs/python38/lib/python3.8/site-packages/airflow/example_dags/plugins/event_listener.py for tasks to queue
[2025-09-03T20:07:09.757+0200] {logging_mixin.py:137} INFO - [2025-09-03T20:07:09.756+0200] {dagbag.py:532} INFO - Filling up the DagBag from /home/varun/miniconda3/envs/python38/lib/python3.8/site-packages/airflow/example_dags/plugins/event_listener.py
[2025-09-03T20:07:09.761+0200] {processor.py:755} WARNING - No viable dags retrieved from /home/varun/miniconda3/envs/python38/lib/python3.8/site-packages/airflow/example_dags/plugins/event_listener.py
[2025-09-03T20:07:09.775+0200] {processor.py:175} INFO - Processing /home/varun/miniconda3/envs/python38/lib/python3.8/site-packages/airflow/example_dags/plugins/event_listener.py took 0.027 seconds
[2025-09-03T20:07:56.917+0200] {processor.py:153} INFO - Started process (PID=4450) to work on /home/varun/miniconda3/envs/python38/lib/python3.8/site-packages/airflow/example_dags/plugins/event_listener.py
[2025-09-03T20:07:56.919+0200] {processor.py:743} INFO - Processing file /home/varun/miniconda3/envs/python38/lib/python3.8/site-packages/airflow/example_dags/plugins/event_listener.py for tasks to queue
[2025-09-03T20:07:56.920+0200] {logging_mixin.py:137} INFO - [2025-09-03T20:07:56.920+0200] {dagbag.py:532} INFO - Filling up the DagBag from /home/varun/miniconda3/envs/python38/lib/python3.8/site-packages/airflow/example_dags/plugins/event_listener.py
[2025-09-03T20:07:56.922+0200] {processor.py:755} WARNING - No viable dags retrieved from /home/varun/miniconda3/envs/python38/lib/python3.8/site-packages/airflow/example_dags/plugins/event_listener.py
[2025-09-03T20:07:56.933+0200] {processor.py:175} INFO - Processing /home/varun/miniconda3/envs/python38/lib/python3.8/site-packages/airflow/example_dags/plugins/event_listener.py took 0.019 seconds
[2025-09-03T20:09:11.823+0200] {processor.py:153} INFO - Started process (PID=4506) to work on /home/varun/miniconda3/envs/python38/lib/python3.8/site-packages/airflow/example_dags/plugins/event_listener.py
[2025-09-03T20:09:11.825+0200] {processor.py:743} INFO - Processing file /home/varun/miniconda3/envs/python38/lib/python3.8/site-packages/airflow/example_dags/plugins/event_listener.py for tasks to queue
[2025-09-03T20:09:11.826+0200] {logging_mixin.py:137} INFO - [2025-09-03T20:09:11.826+0200] {dagbag.py:532} INFO - Filling up the DagBag from /home/varun/miniconda3/envs/python38/lib/python3.8/site-packages/airflow/example_dags/plugins/event_listener.py
[2025-09-03T20:09:11.829+0200] {processor.py:755} WARNING - No viable dags retrieved from /home/varun/miniconda3/envs/python38/lib/python3.8/site-packages/airflow/example_dags/plugins/event_listener.py
[2025-09-03T20:09:11.844+0200] {processor.py:175} INFO - Processing /home/varun/miniconda3/envs/python38/lib/python3.8/site-packages/airflow/example_dags/plugins/event_listener.py took 0.027 seconds
[2025-09-03T20:10:04.574+0200] {processor.py:153} INFO - Started process (PID=4551) to work on /home/varun/miniconda3/envs/python38/lib/python3.8/site-packages/airflow/example_dags/plugins/event_listener.py
[2025-09-03T20:10:04.576+0200] {processor.py:743} INFO - Processing file /home/varun/miniconda3/envs/python38/lib/python3.8/site-packages/airflow/example_dags/plugins/event_listener.py for tasks to queue
[2025-09-03T20:10:04.577+0200] {logging_mixin.py:137} INFO - [2025-09-03T20:10:04.577+0200] {dagbag.py:532} INFO - Filling up the DagBag from /home/varun/miniconda3/envs/python38/lib/python3.8/site-packages/airflow/example_dags/plugins/event_listener.py
[2025-09-03T20:10:04.582+0200] {processor.py:755} WARNING - No viable dags retrieved from /home/varun/miniconda3/envs/python38/lib/python3.8/site-packages/airflow/example_dags/plugins/event_listener.py
[2025-09-03T20:10:04.595+0200] {processor.py:175} INFO - Processing /home/varun/miniconda3/envs/python38/lib/python3.8/site-packages/airflow/example_dags/plugins/event_listener.py took 0.027 seconds
[2025-09-03T20:10:48.376+0200] {processor.py:153} INFO - Started process (PID=4593) to work on /home/varun/miniconda3/envs/python38/lib/python3.8/site-packages/airflow/example_dags/plugins/event_listener.py
[2025-09-03T20:10:48.378+0200] {processor.py:743} INFO - Processing file /home/varun/miniconda3/envs/python38/lib/python3.8/site-packages/airflow/example_dags/plugins/event_listener.py for tasks to queue
[2025-09-03T20:10:48.378+0200] {logging_mixin.py:137} INFO - [2025-09-03T20:10:48.378+0200] {dagbag.py:532} INFO - Filling up the DagBag from /home/varun/miniconda3/envs/python38/lib/python3.8/site-packages/airflow/example_dags/plugins/event_listener.py
[2025-09-03T20:10:48.380+0200] {processor.py:755} WARNING - No viable dags retrieved from /home/varun/miniconda3/envs/python38/lib/python3.8/site-packages/airflow/example_dags/plugins/event_listener.py
[2025-09-03T20:10:48.389+0200] {processor.py:175} INFO - Processing /home/varun/miniconda3/envs/python38/lib/python3.8/site-packages/airflow/example_dags/plugins/event_listener.py took 0.015 seconds
[2025-09-03T20:11:34.557+0200] {processor.py:153} INFO - Started process (PID=4635) to work on /home/varun/miniconda3/envs/python38/lib/python3.8/site-packages/airflow/example_dags/plugins/event_listener.py
[2025-09-03T20:11:34.558+0200] {processor.py:743} INFO - Processing file /home/varun/miniconda3/envs/python38/lib/python3.8/site-packages/airflow/example_dags/plugins/event_listener.py for tasks to queue
[2025-09-03T20:11:34.559+0200] {logging_mixin.py:137} INFO - [2025-09-03T20:11:34.559+0200] {dagbag.py:532} INFO - Filling up the DagBag from /home/varun/miniconda3/envs/python38/lib/python3.8/site-packages/airflow/example_dags/plugins/event_listener.py
[2025-09-03T20:11:34.560+0200] {processor.py:755} WARNING - No viable dags retrieved from /home/varun/miniconda3/envs/python38/lib/python3.8/site-packages/airflow/example_dags/plugins/event_listener.py
[2025-09-03T20:11:34.570+0200] {processor.py:175} INFO - Processing /home/varun/miniconda3/envs/python38/lib/python3.8/site-packages/airflow/example_dags/plugins/event_listener.py took 0.018 seconds
[2025-09-03T20:12:23.051+0200] {processor.py:153} INFO - Started process (PID=4677) to work on /home/varun/miniconda3/envs/python38/lib/python3.8/site-packages/airflow/example_dags/plugins/event_listener.py
[2025-09-03T20:12:23.052+0200] {processor.py:743} INFO - Processing file /home/varun/miniconda3/envs/python38/lib/python3.8/site-packages/airflow/example_dags/plugins/event_listener.py for tasks to queue
[2025-09-03T20:12:23.053+0200] {logging_mixin.py:137} INFO - [2025-09-03T20:12:23.053+0200] {dagbag.py:532} INFO - Filling up the DagBag from /home/varun/miniconda3/envs/python38/lib/python3.8/site-packages/airflow/example_dags/plugins/event_listener.py
[2025-09-03T20:12:23.055+0200] {processor.py:755} WARNING - No viable dags retrieved from /home/varun/miniconda3/envs/python38/lib/python3.8/site-packages/airflow/example_dags/plugins/event_listener.py
[2025-09-03T20:12:23.065+0200] {processor.py:175} INFO - Processing /home/varun/miniconda3/envs/python38/lib/python3.8/site-packages/airflow/example_dags/plugins/event_listener.py took 0.018 seconds
[2025-09-03T20:13:09.279+0200] {processor.py:153} INFO - Started process (PID=4720) to work on /home/varun/miniconda3/envs/python38/lib/python3.8/site-packages/airflow/example_dags/plugins/event_listener.py
[2025-09-03T20:13:09.280+0200] {processor.py:743} INFO - Processing file /home/varun/miniconda3/envs/python38/lib/python3.8/site-packages/airflow/example_dags/plugins/event_listener.py for tasks to queue
[2025-09-03T20:13:09.281+0200] {logging_mixin.py:137} INFO - [2025-09-03T20:13:09.281+0200] {dagbag.py:532} INFO - Filling up the DagBag from /home/varun/miniconda3/envs/python38/lib/python3.8/site-packages/airflow/example_dags/plugins/event_listener.py
[2025-09-03T20:13:09.282+0200] {processor.py:755} WARNING - No viable dags retrieved from /home/varun/miniconda3/envs/python38/lib/python3.8/site-packages/airflow/example_dags/plugins/event_listener.py
[2025-09-03T20:13:09.293+0200] {processor.py:175} INFO - Processing /home/varun/miniconda3/envs/python38/lib/python3.8/site-packages/airflow/example_dags/plugins/event_listener.py took 0.017 seconds
[2025-09-03T20:13:55.451+0200] {processor.py:153} INFO - Started process (PID=4762) to work on /home/varun/miniconda3/envs/python38/lib/python3.8/site-packages/airflow/example_dags/plugins/event_listener.py
[2025-09-03T20:13:55.452+0200] {processor.py:743} INFO - Processing file /home/varun/miniconda3/envs/python38/lib/python3.8/site-packages/airflow/example_dags/plugins/event_listener.py for tasks to queue
[2025-09-03T20:13:55.453+0200] {logging_mixin.py:137} INFO - [2025-09-03T20:13:55.453+0200] {dagbag.py:532} INFO - Filling up the DagBag from /home/varun/miniconda3/envs/python38/lib/python3.8/site-packages/airflow/example_dags/plugins/event_listener.py
[2025-09-03T20:13:55.454+0200] {processor.py:755} WARNING - No viable dags retrieved from /home/varun/miniconda3/envs/python38/lib/python3.8/site-packages/airflow/example_dags/plugins/event_listener.py
[2025-09-03T20:13:55.463+0200] {processor.py:175} INFO - Processing /home/varun/miniconda3/envs/python38/lib/python3.8/site-packages/airflow/example_dags/plugins/event_listener.py took 0.015 seconds
[2025-09-03T20:14:37.431+0200] {processor.py:153} INFO - Started process (PID=4804) to work on /home/varun/miniconda3/envs/python38/lib/python3.8/site-packages/airflow/example_dags/plugins/event_listener.py
[2025-09-03T20:14:37.432+0200] {processor.py:743} INFO - Processing file /home/varun/miniconda3/envs/python38/lib/python3.8/site-packages/airflow/example_dags/plugins/event_listener.py for tasks to queue
[2025-09-03T20:14:37.433+0200] {logging_mixin.py:137} INFO - [2025-09-03T20:14:37.433+0200] {dagbag.py:532} INFO - Filling up the DagBag from /home/varun/miniconda3/envs/python38/lib/python3.8/site-packages/airflow/example_dags/plugins/event_listener.py
[2025-09-03T20:14:37.435+0200] {processor.py:755} WARNING - No viable dags retrieved from /home/varun/miniconda3/envs/python38/lib/python3.8/site-packages/airflow/example_dags/plugins/event_listener.py
[2025-09-03T20:14:37.444+0200] {processor.py:175} INFO - Processing /home/varun/miniconda3/envs/python38/lib/python3.8/site-packages/airflow/example_dags/plugins/event_listener.py took 0.016 seconds
[2025-09-03T20:15:25.261+0200] {processor.py:153} INFO - Started process (PID=4846) to work on /home/varun/miniconda3/envs/python38/lib/python3.8/site-packages/airflow/example_dags/plugins/event_listener.py
[2025-09-03T20:15:25.262+0200] {processor.py:743} INFO - Processing file /home/varun/miniconda3/envs/python38/lib/python3.8/site-packages/airflow/example_dags/plugins/event_listener.py for tasks to queue
[2025-09-03T20:15:25.263+0200] {logging_mixin.py:137} INFO - [2025-09-03T20:15:25.263+0200] {dagbag.py:532} INFO - Filling up the DagBag from /home/varun/miniconda3/envs/python38/lib/python3.8/site-packages/airflow/example_dags/plugins/event_listener.py
[2025-09-03T20:15:25.264+0200] {processor.py:755} WARNING - No viable dags retrieved from /home/varun/miniconda3/envs/python38/lib/python3.8/site-packages/airflow/example_dags/plugins/event_listener.py
[2025-09-03T20:15:25.273+0200] {processor.py:175} INFO - Processing /home/varun/miniconda3/envs/python38/lib/python3.8/site-packages/airflow/example_dags/plugins/event_listener.py took 0.015 seconds
[2025-09-03T20:16:11.117+0200] {processor.py:153} INFO - Started process (PID=4888) to work on /home/varun/miniconda3/envs/python38/lib/python3.8/site-packages/airflow/example_dags/plugins/event_listener.py
[2025-09-03T20:16:11.119+0200] {processor.py:743} INFO - Processing file /home/varun/miniconda3/envs/python38/lib/python3.8/site-packages/airflow/example_dags/plugins/event_listener.py for tasks to queue
[2025-09-03T20:16:11.119+0200] {logging_mixin.py:137} INFO - [2025-09-03T20:16:11.119+0200] {dagbag.py:532} INFO - Filling up the DagBag from /home/varun/miniconda3/envs/python38/lib/python3.8/site-packages/airflow/example_dags/plugins/event_listener.py
[2025-09-03T20:16:11.121+0200] {processor.py:755} WARNING - No viable dags retrieved from /home/varun/miniconda3/envs/python38/lib/python3.8/site-packages/airflow/example_dags/plugins/event_listener.py
[2025-09-03T20:16:11.130+0200] {processor.py:175} INFO - Processing /home/varun/miniconda3/envs/python38/lib/python3.8/site-packages/airflow/example_dags/plugins/event_listener.py took 0.015 seconds
[2025-09-03T20:16:55.164+0200] {processor.py:153} INFO - Started process (PID=4930) to work on /home/varun/miniconda3/envs/python38/lib/python3.8/site-packages/airflow/example_dags/plugins/event_listener.py
[2025-09-03T20:16:55.165+0200] {processor.py:743} INFO - Processing file /home/varun/miniconda3/envs/python38/lib/python3.8/site-packages/airflow/example_dags/plugins/event_listener.py for tasks to queue
[2025-09-03T20:16:55.166+0200] {logging_mixin.py:137} INFO - [2025-09-03T20:16:55.166+0200] {dagbag.py:532} INFO - Filling up the DagBag from /home/varun/miniconda3/envs/python38/lib/python3.8/site-packages/airflow/example_dags/plugins/event_listener.py
[2025-09-03T20:16:55.167+0200] {processor.py:755} WARNING - No viable dags retrieved from /home/varun/miniconda3/envs/python38/lib/python3.8/site-packages/airflow/example_dags/plugins/event_listener.py
[2025-09-03T20:16:55.176+0200] {processor.py:175} INFO - Processing /home/varun/miniconda3/envs/python38/lib/python3.8/site-packages/airflow/example_dags/plugins/event_listener.py took 0.015 seconds
[2025-09-03T20:17:44.730+0200] {processor.py:153} INFO - Started process (PID=4975) to work on /home/varun/miniconda3/envs/python38/lib/python3.8/site-packages/airflow/example_dags/plugins/event_listener.py
[2025-09-03T20:17:44.732+0200] {processor.py:743} INFO - Processing file /home/varun/miniconda3/envs/python38/lib/python3.8/site-packages/airflow/example_dags/plugins/event_listener.py for tasks to queue
[2025-09-03T20:17:44.733+0200] {logging_mixin.py:137} INFO - [2025-09-03T20:17:44.732+0200] {dagbag.py:532} INFO - Filling up the DagBag from /home/varun/miniconda3/envs/python38/lib/python3.8/site-packages/airflow/example_dags/plugins/event_listener.py
[2025-09-03T20:17:44.735+0200] {processor.py:755} WARNING - No viable dags retrieved from /home/varun/miniconda3/envs/python38/lib/python3.8/site-packages/airflow/example_dags/plugins/event_listener.py
[2025-09-03T20:17:44.748+0200] {processor.py:175} INFO - Processing /home/varun/miniconda3/envs/python38/lib/python3.8/site-packages/airflow/example_dags/plugins/event_listener.py took 0.023 seconds
[2025-09-03T20:18:28.592+0200] {processor.py:153} INFO - Started process (PID=5018) to work on /home/varun/miniconda3/envs/python38/lib/python3.8/site-packages/airflow/example_dags/plugins/event_listener.py
[2025-09-03T20:18:28.593+0200] {processor.py:743} INFO - Processing file /home/varun/miniconda3/envs/python38/lib/python3.8/site-packages/airflow/example_dags/plugins/event_listener.py for tasks to queue
[2025-09-03T20:18:28.595+0200] {logging_mixin.py:137} INFO - [2025-09-03T20:18:28.594+0200] {dagbag.py:532} INFO - Filling up the DagBag from /home/varun/miniconda3/envs/python38/lib/python3.8/site-packages/airflow/example_dags/plugins/event_listener.py
[2025-09-03T20:18:28.597+0200] {processor.py:755} WARNING - No viable dags retrieved from /home/varun/miniconda3/envs/python38/lib/python3.8/site-packages/airflow/example_dags/plugins/event_listener.py
[2025-09-03T20:18:28.610+0200] {processor.py:175} INFO - Processing /home/varun/miniconda3/envs/python38/lib/python3.8/site-packages/airflow/example_dags/plugins/event_listener.py took 0.023 seconds
[2025-09-03T20:19:16.854+0200] {processor.py:153} INFO - Started process (PID=5060) to work on /home/varun/miniconda3/envs/python38/lib/python3.8/site-packages/airflow/example_dags/plugins/event_listener.py
[2025-09-03T20:19:16.856+0200] {processor.py:743} INFO - Processing file /home/varun/miniconda3/envs/python38/lib/python3.8/site-packages/airflow/example_dags/plugins/event_listener.py for tasks to queue
[2025-09-03T20:19:16.856+0200] {logging_mixin.py:137} INFO - [2025-09-03T20:19:16.856+0200] {dagbag.py:532} INFO - Filling up the DagBag from /home/varun/miniconda3/envs/python38/lib/python3.8/site-packages/airflow/example_dags/plugins/event_listener.py
[2025-09-03T20:19:16.857+0200] {processor.py:755} WARNING - No viable dags retrieved from /home/varun/miniconda3/envs/python38/lib/python3.8/site-packages/airflow/example_dags/plugins/event_listener.py
[2025-09-03T20:19:16.866+0200] {processor.py:175} INFO - Processing /home/varun/miniconda3/envs/python38/lib/python3.8/site-packages/airflow/example_dags/plugins/event_listener.py took 0.016 seconds
[2025-09-03T20:20:09.418+0200] {processor.py:153} INFO - Started process (PID=5102) to work on /home/varun/miniconda3/envs/python38/lib/python3.8/site-packages/airflow/example_dags/plugins/event_listener.py
[2025-09-03T20:20:09.419+0200] {processor.py:743} INFO - Processing file /home/varun/miniconda3/envs/python38/lib/python3.8/site-packages/airflow/example_dags/plugins/event_listener.py for tasks to queue
[2025-09-03T20:20:09.420+0200] {logging_mixin.py:137} INFO - [2025-09-03T20:20:09.420+0200] {dagbag.py:532} INFO - Filling up the DagBag from /home/varun/miniconda3/envs/python38/lib/python3.8/site-packages/airflow/example_dags/plugins/event_listener.py
[2025-09-03T20:20:09.421+0200] {processor.py:755} WARNING - No viable dags retrieved from /home/varun/miniconda3/envs/python38/lib/python3.8/site-packages/airflow/example_dags/plugins/event_listener.py
[2025-09-03T20:20:09.430+0200] {processor.py:175} INFO - Processing /home/varun/miniconda3/envs/python38/lib/python3.8/site-packages/airflow/example_dags/plugins/event_listener.py took 0.015 seconds
[2025-09-03T20:20:59.610+0200] {processor.py:153} INFO - Started process (PID=5144) to work on /home/varun/miniconda3/envs/python38/lib/python3.8/site-packages/airflow/example_dags/plugins/event_listener.py
[2025-09-03T20:20:59.611+0200] {processor.py:743} INFO - Processing file /home/varun/miniconda3/envs/python38/lib/python3.8/site-packages/airflow/example_dags/plugins/event_listener.py for tasks to queue
[2025-09-03T20:20:59.612+0200] {logging_mixin.py:137} INFO - [2025-09-03T20:20:59.612+0200] {dagbag.py:532} INFO - Filling up the DagBag from /home/varun/miniconda3/envs/python38/lib/python3.8/site-packages/airflow/example_dags/plugins/event_listener.py
[2025-09-03T20:20:59.614+0200] {processor.py:755} WARNING - No viable dags retrieved from /home/varun/miniconda3/envs/python38/lib/python3.8/site-packages/airflow/example_dags/plugins/event_listener.py
[2025-09-03T20:20:59.625+0200] {processor.py:175} INFO - Processing /home/varun/miniconda3/envs/python38/lib/python3.8/site-packages/airflow/example_dags/plugins/event_listener.py took 0.019 seconds
[2025-09-03T20:21:48.665+0200] {processor.py:153} INFO - Started process (PID=5186) to work on /home/varun/miniconda3/envs/python38/lib/python3.8/site-packages/airflow/example_dags/plugins/event_listener.py
[2025-09-03T20:21:48.667+0200] {processor.py:743} INFO - Processing file /home/varun/miniconda3/envs/python38/lib/python3.8/site-packages/airflow/example_dags/plugins/event_listener.py for tasks to queue
[2025-09-03T20:21:48.667+0200] {logging_mixin.py:137} INFO - [2025-09-03T20:21:48.667+0200] {dagbag.py:532} INFO - Filling up the DagBag from /home/varun/miniconda3/envs/python38/lib/python3.8/site-packages/airflow/example_dags/plugins/event_listener.py
[2025-09-03T20:21:48.669+0200] {processor.py:755} WARNING - No viable dags retrieved from /home/varun/miniconda3/envs/python38/lib/python3.8/site-packages/airflow/example_dags/plugins/event_listener.py
[2025-09-03T20:21:48.677+0200] {processor.py:175} INFO - Processing /home/varun/miniconda3/envs/python38/lib/python3.8/site-packages/airflow/example_dags/plugins/event_listener.py took 0.015 seconds
[2025-09-03T20:22:41.924+0200] {processor.py:153} INFO - Started process (PID=5228) to work on /home/varun/miniconda3/envs/python38/lib/python3.8/site-packages/airflow/example_dags/plugins/event_listener.py
[2025-09-03T20:22:41.926+0200] {processor.py:743} INFO - Processing file /home/varun/miniconda3/envs/python38/lib/python3.8/site-packages/airflow/example_dags/plugins/event_listener.py for tasks to queue
[2025-09-03T20:22:41.927+0200] {logging_mixin.py:137} INFO - [2025-09-03T20:22:41.927+0200] {dagbag.py:532} INFO - Filling up the DagBag from /home/varun/miniconda3/envs/python38/lib/python3.8/site-packages/airflow/example_dags/plugins/event_listener.py
[2025-09-03T20:22:41.928+0200] {processor.py:755} WARNING - No viable dags retrieved from /home/varun/miniconda3/envs/python38/lib/python3.8/site-packages/airflow/example_dags/plugins/event_listener.py
[2025-09-03T20:22:41.939+0200] {processor.py:175} INFO - Processing /home/varun/miniconda3/envs/python38/lib/python3.8/site-packages/airflow/example_dags/plugins/event_listener.py took 0.019 seconds
[2025-09-03T20:23:30.129+0200] {processor.py:153} INFO - Started process (PID=5270) to work on /home/varun/miniconda3/envs/python38/lib/python3.8/site-packages/airflow/example_dags/plugins/event_listener.py
[2025-09-03T20:23:30.131+0200] {processor.py:743} INFO - Processing file /home/varun/miniconda3/envs/python38/lib/python3.8/site-packages/airflow/example_dags/plugins/event_listener.py for tasks to queue
[2025-09-03T20:23:30.131+0200] {logging_mixin.py:137} INFO - [2025-09-03T20:23:30.131+0200] {dagbag.py:532} INFO - Filling up the DagBag from /home/varun/miniconda3/envs/python38/lib/python3.8/site-packages/airflow/example_dags/plugins/event_listener.py
[2025-09-03T20:23:30.134+0200] {processor.py:755} WARNING - No viable dags retrieved from /home/varun/miniconda3/envs/python38/lib/python3.8/site-packages/airflow/example_dags/plugins/event_listener.py
[2025-09-03T20:23:30.153+0200] {processor.py:175} INFO - Processing /home/varun/miniconda3/envs/python38/lib/python3.8/site-packages/airflow/example_dags/plugins/event_listener.py took 0.030 seconds
[2025-09-03T20:24:19.398+0200] {processor.py:153} INFO - Started process (PID=5313) to work on /home/varun/miniconda3/envs/python38/lib/python3.8/site-packages/airflow/example_dags/plugins/event_listener.py
[2025-09-03T20:24:19.400+0200] {processor.py:743} INFO - Processing file /home/varun/miniconda3/envs/python38/lib/python3.8/site-packages/airflow/example_dags/plugins/event_listener.py for tasks to queue
[2025-09-03T20:24:19.401+0200] {logging_mixin.py:137} INFO - [2025-09-03T20:24:19.401+0200] {dagbag.py:532} INFO - Filling up the DagBag from /home/varun/miniconda3/envs/python38/lib/python3.8/site-packages/airflow/example_dags/plugins/event_listener.py
[2025-09-03T20:24:19.405+0200] {processor.py:755} WARNING - No viable dags retrieved from /home/varun/miniconda3/envs/python38/lib/python3.8/site-packages/airflow/example_dags/plugins/event_listener.py
[2025-09-03T20:24:19.424+0200] {processor.py:175} INFO - Processing /home/varun/miniconda3/envs/python38/lib/python3.8/site-packages/airflow/example_dags/plugins/event_listener.py took 0.034 seconds
[2025-09-03T20:25:05.814+0200] {processor.py:153} INFO - Started process (PID=5355) to work on /home/varun/miniconda3/envs/python38/lib/python3.8/site-packages/airflow/example_dags/plugins/event_listener.py
[2025-09-03T20:25:05.815+0200] {processor.py:743} INFO - Processing file /home/varun/miniconda3/envs/python38/lib/python3.8/site-packages/airflow/example_dags/plugins/event_listener.py for tasks to queue
[2025-09-03T20:25:05.816+0200] {logging_mixin.py:137} INFO - [2025-09-03T20:25:05.816+0200] {dagbag.py:532} INFO - Filling up the DagBag from /home/varun/miniconda3/envs/python38/lib/python3.8/site-packages/airflow/example_dags/plugins/event_listener.py
[2025-09-03T20:25:05.817+0200] {processor.py:755} WARNING - No viable dags retrieved from /home/varun/miniconda3/envs/python38/lib/python3.8/site-packages/airflow/example_dags/plugins/event_listener.py
[2025-09-03T20:25:05.826+0200] {processor.py:175} INFO - Processing /home/varun/miniconda3/envs/python38/lib/python3.8/site-packages/airflow/example_dags/plugins/event_listener.py took 0.016 seconds
[2025-09-03T20:25:46.784+0200] {processor.py:153} INFO - Started process (PID=5397) to work on /home/varun/miniconda3/envs/python38/lib/python3.8/site-packages/airflow/example_dags/plugins/event_listener.py
[2025-09-03T20:25:46.785+0200] {processor.py:743} INFO - Processing file /home/varun/miniconda3/envs/python38/lib/python3.8/site-packages/airflow/example_dags/plugins/event_listener.py for tasks to queue
[2025-09-03T20:25:46.786+0200] {logging_mixin.py:137} INFO - [2025-09-03T20:25:46.786+0200] {dagbag.py:532} INFO - Filling up the DagBag from /home/varun/miniconda3/envs/python38/lib/python3.8/site-packages/airflow/example_dags/plugins/event_listener.py
[2025-09-03T20:25:46.788+0200] {processor.py:755} WARNING - No viable dags retrieved from /home/varun/miniconda3/envs/python38/lib/python3.8/site-packages/airflow/example_dags/plugins/event_listener.py
[2025-09-03T20:25:46.798+0200] {processor.py:175} INFO - Processing /home/varun/miniconda3/envs/python38/lib/python3.8/site-packages/airflow/example_dags/plugins/event_listener.py took 0.017 seconds
[2025-09-03T20:26:33.362+0200] {processor.py:153} INFO - Started process (PID=5439) to work on /home/varun/miniconda3/envs/python38/lib/python3.8/site-packages/airflow/example_dags/plugins/event_listener.py
[2025-09-03T20:26:33.363+0200] {processor.py:743} INFO - Processing file /home/varun/miniconda3/envs/python38/lib/python3.8/site-packages/airflow/example_dags/plugins/event_listener.py for tasks to queue
[2025-09-03T20:26:33.364+0200] {logging_mixin.py:137} INFO - [2025-09-03T20:26:33.364+0200] {dagbag.py:532} INFO - Filling up the DagBag from /home/varun/miniconda3/envs/python38/lib/python3.8/site-packages/airflow/example_dags/plugins/event_listener.py
[2025-09-03T20:26:33.365+0200] {processor.py:755} WARNING - No viable dags retrieved from /home/varun/miniconda3/envs/python38/lib/python3.8/site-packages/airflow/example_dags/plugins/event_listener.py
[2025-09-03T20:26:33.374+0200] {processor.py:175} INFO - Processing /home/varun/miniconda3/envs/python38/lib/python3.8/site-packages/airflow/example_dags/plugins/event_listener.py took 0.016 seconds
[2025-09-03T20:27:22.774+0200] {processor.py:153} INFO - Started process (PID=5481) to work on /home/varun/miniconda3/envs/python38/lib/python3.8/site-packages/airflow/example_dags/plugins/event_listener.py
[2025-09-03T20:27:22.776+0200] {processor.py:743} INFO - Processing file /home/varun/miniconda3/envs/python38/lib/python3.8/site-packages/airflow/example_dags/plugins/event_listener.py for tasks to queue
[2025-09-03T20:27:22.776+0200] {logging_mixin.py:137} INFO - [2025-09-03T20:27:22.776+0200] {dagbag.py:532} INFO - Filling up the DagBag from /home/varun/miniconda3/envs/python38/lib/python3.8/site-packages/airflow/example_dags/plugins/event_listener.py
[2025-09-03T20:27:22.778+0200] {processor.py:755} WARNING - No viable dags retrieved from /home/varun/miniconda3/envs/python38/lib/python3.8/site-packages/airflow/example_dags/plugins/event_listener.py
[2025-09-03T20:27:22.787+0200] {processor.py:175} INFO - Processing /home/varun/miniconda3/envs/python38/lib/python3.8/site-packages/airflow/example_dags/plugins/event_listener.py took 0.016 seconds
[2025-09-03T20:28:09.252+0200] {processor.py:153} INFO - Started process (PID=5523) to work on /home/varun/miniconda3/envs/python38/lib/python3.8/site-packages/airflow/example_dags/plugins/event_listener.py
[2025-09-03T20:28:09.254+0200] {processor.py:743} INFO - Processing file /home/varun/miniconda3/envs/python38/lib/python3.8/site-packages/airflow/example_dags/plugins/event_listener.py for tasks to queue
[2025-09-03T20:28:09.255+0200] {logging_mixin.py:137} INFO - [2025-09-03T20:28:09.254+0200] {dagbag.py:532} INFO - Filling up the DagBag from /home/varun/miniconda3/envs/python38/lib/python3.8/site-packages/airflow/example_dags/plugins/event_listener.py
[2025-09-03T20:28:09.256+0200] {processor.py:755} WARNING - No viable dags retrieved from /home/varun/miniconda3/envs/python38/lib/python3.8/site-packages/airflow/example_dags/plugins/event_listener.py
[2025-09-03T20:28:09.266+0200] {processor.py:175} INFO - Processing /home/varun/miniconda3/envs/python38/lib/python3.8/site-packages/airflow/example_dags/plugins/event_listener.py took 0.017 seconds
[2025-09-03T20:28:55.118+0200] {processor.py:153} INFO - Started process (PID=5565) to work on /home/varun/miniconda3/envs/python38/lib/python3.8/site-packages/airflow/example_dags/plugins/event_listener.py
[2025-09-03T20:28:55.120+0200] {processor.py:743} INFO - Processing file /home/varun/miniconda3/envs/python38/lib/python3.8/site-packages/airflow/example_dags/plugins/event_listener.py for tasks to queue
[2025-09-03T20:28:55.121+0200] {logging_mixin.py:137} INFO - [2025-09-03T20:28:55.121+0200] {dagbag.py:532} INFO - Filling up the DagBag from /home/varun/miniconda3/envs/python38/lib/python3.8/site-packages/airflow/example_dags/plugins/event_listener.py
[2025-09-03T20:28:55.123+0200] {processor.py:755} WARNING - No viable dags retrieved from /home/varun/miniconda3/envs/python38/lib/python3.8/site-packages/airflow/example_dags/plugins/event_listener.py
[2025-09-03T20:28:55.137+0200] {processor.py:175} INFO - Processing /home/varun/miniconda3/envs/python38/lib/python3.8/site-packages/airflow/example_dags/plugins/event_listener.py took 0.023 seconds
[2025-09-03T20:29:44.882+0200] {processor.py:153} INFO - Started process (PID=5608) to work on /home/varun/miniconda3/envs/python38/lib/python3.8/site-packages/airflow/example_dags/plugins/event_listener.py
[2025-09-03T20:29:44.884+0200] {processor.py:743} INFO - Processing file /home/varun/miniconda3/envs/python38/lib/python3.8/site-packages/airflow/example_dags/plugins/event_listener.py for tasks to queue
[2025-09-03T20:29:44.885+0200] {logging_mixin.py:137} INFO - [2025-09-03T20:29:44.884+0200] {dagbag.py:532} INFO - Filling up the DagBag from /home/varun/miniconda3/envs/python38/lib/python3.8/site-packages/airflow/example_dags/plugins/event_listener.py
[2025-09-03T20:29:44.886+0200] {processor.py:755} WARNING - No viable dags retrieved from /home/varun/miniconda3/envs/python38/lib/python3.8/site-packages/airflow/example_dags/plugins/event_listener.py
[2025-09-03T20:29:44.896+0200] {processor.py:175} INFO - Processing /home/varun/miniconda3/envs/python38/lib/python3.8/site-packages/airflow/example_dags/plugins/event_listener.py took 0.017 seconds
[2025-09-03T20:30:29.746+0200] {processor.py:153} INFO - Started process (PID=5650) to work on /home/varun/miniconda3/envs/python38/lib/python3.8/site-packages/airflow/example_dags/plugins/event_listener.py
[2025-09-03T20:30:29.748+0200] {processor.py:743} INFO - Processing file /home/varun/miniconda3/envs/python38/lib/python3.8/site-packages/airflow/example_dags/plugins/event_listener.py for tasks to queue
[2025-09-03T20:30:29.748+0200] {logging_mixin.py:137} INFO - [2025-09-03T20:30:29.748+0200] {dagbag.py:532} INFO - Filling up the DagBag from /home/varun/miniconda3/envs/python38/lib/python3.8/site-packages/airflow/example_dags/plugins/event_listener.py
[2025-09-03T20:30:29.750+0200] {processor.py:755} WARNING - No viable dags retrieved from /home/varun/miniconda3/envs/python38/lib/python3.8/site-packages/airflow/example_dags/plugins/event_listener.py
[2025-09-03T20:30:29.758+0200] {processor.py:175} INFO - Processing /home/varun/miniconda3/envs/python38/lib/python3.8/site-packages/airflow/example_dags/plugins/event_listener.py took 0.015 seconds
[2025-09-03T20:31:13.428+0200] {processor.py:153} INFO - Started process (PID=5692) to work on /home/varun/miniconda3/envs/python38/lib/python3.8/site-packages/airflow/example_dags/plugins/event_listener.py
[2025-09-03T20:31:13.429+0200] {processor.py:743} INFO - Processing file /home/varun/miniconda3/envs/python38/lib/python3.8/site-packages/airflow/example_dags/plugins/event_listener.py for tasks to queue
[2025-09-03T20:31:13.430+0200] {logging_mixin.py:137} INFO - [2025-09-03T20:31:13.430+0200] {dagbag.py:532} INFO - Filling up the DagBag from /home/varun/miniconda3/envs/python38/lib/python3.8/site-packages/airflow/example_dags/plugins/event_listener.py
[2025-09-03T20:31:13.432+0200] {processor.py:755} WARNING - No viable dags retrieved from /home/varun/miniconda3/envs/python38/lib/python3.8/site-packages/airflow/example_dags/plugins/event_listener.py
[2025-09-03T20:31:13.444+0200] {processor.py:175} INFO - Processing /home/varun/miniconda3/envs/python38/lib/python3.8/site-packages/airflow/example_dags/plugins/event_listener.py took 0.020 seconds
[2025-09-03T20:32:03.130+0200] {processor.py:153} INFO - Started process (PID=5734) to work on /home/varun/miniconda3/envs/python38/lib/python3.8/site-packages/airflow/example_dags/plugins/event_listener.py
[2025-09-03T20:32:03.132+0200] {processor.py:743} INFO - Processing file /home/varun/miniconda3/envs/python38/lib/python3.8/site-packages/airflow/example_dags/plugins/event_listener.py for tasks to queue
[2025-09-03T20:32:03.132+0200] {logging_mixin.py:137} INFO - [2025-09-03T20:32:03.132+0200] {dagbag.py:532} INFO - Filling up the DagBag from /home/varun/miniconda3/envs/python38/lib/python3.8/site-packages/airflow/example_dags/plugins/event_listener.py
[2025-09-03T20:32:03.134+0200] {processor.py:755} WARNING - No viable dags retrieved from /home/varun/miniconda3/envs/python38/lib/python3.8/site-packages/airflow/example_dags/plugins/event_listener.py
[2025-09-03T20:32:03.145+0200] {processor.py:175} INFO - Processing /home/varun/miniconda3/envs/python38/lib/python3.8/site-packages/airflow/example_dags/plugins/event_listener.py took 0.019 seconds
[2025-09-03T20:32:46.764+0200] {processor.py:153} INFO - Started process (PID=5776) to work on /home/varun/miniconda3/envs/python38/lib/python3.8/site-packages/airflow/example_dags/plugins/event_listener.py
[2025-09-03T20:32:46.765+0200] {processor.py:743} INFO - Processing file /home/varun/miniconda3/envs/python38/lib/python3.8/site-packages/airflow/example_dags/plugins/event_listener.py for tasks to queue
[2025-09-03T20:32:46.766+0200] {logging_mixin.py:137} INFO - [2025-09-03T20:32:46.765+0200] {dagbag.py:532} INFO - Filling up the DagBag from /home/varun/miniconda3/envs/python38/lib/python3.8/site-packages/airflow/example_dags/plugins/event_listener.py
[2025-09-03T20:32:46.767+0200] {processor.py:755} WARNING - No viable dags retrieved from /home/varun/miniconda3/envs/python38/lib/python3.8/site-packages/airflow/example_dags/plugins/event_listener.py
[2025-09-03T20:32:46.777+0200] {processor.py:175} INFO - Processing /home/varun/miniconda3/envs/python38/lib/python3.8/site-packages/airflow/example_dags/plugins/event_listener.py took 0.017 seconds
[2025-09-03T20:33:32.566+0200] {processor.py:153} INFO - Started process (PID=5818) to work on /home/varun/miniconda3/envs/python38/lib/python3.8/site-packages/airflow/example_dags/plugins/event_listener.py
[2025-09-03T20:33:32.567+0200] {processor.py:743} INFO - Processing file /home/varun/miniconda3/envs/python38/lib/python3.8/site-packages/airflow/example_dags/plugins/event_listener.py for tasks to queue
[2025-09-03T20:33:32.568+0200] {logging_mixin.py:137} INFO - [2025-09-03T20:33:32.568+0200] {dagbag.py:532} INFO - Filling up the DagBag from /home/varun/miniconda3/envs/python38/lib/python3.8/site-packages/airflow/example_dags/plugins/event_listener.py
[2025-09-03T20:33:32.570+0200] {processor.py:755} WARNING - No viable dags retrieved from /home/varun/miniconda3/envs/python38/lib/python3.8/site-packages/airflow/example_dags/plugins/event_listener.py
[2025-09-03T20:33:32.580+0200] {processor.py:175} INFO - Processing /home/varun/miniconda3/envs/python38/lib/python3.8/site-packages/airflow/example_dags/plugins/event_listener.py took 0.018 seconds
[2025-09-03T20:34:17.988+0200] {processor.py:153} INFO - Started process (PID=5860) to work on /home/varun/miniconda3/envs/python38/lib/python3.8/site-packages/airflow/example_dags/plugins/event_listener.py
[2025-09-03T20:34:17.989+0200] {processor.py:743} INFO - Processing file /home/varun/miniconda3/envs/python38/lib/python3.8/site-packages/airflow/example_dags/plugins/event_listener.py for tasks to queue
[2025-09-03T20:34:17.989+0200] {logging_mixin.py:137} INFO - [2025-09-03T20:34:17.989+0200] {dagbag.py:532} INFO - Filling up the DagBag from /home/varun/miniconda3/envs/python38/lib/python3.8/site-packages/airflow/example_dags/plugins/event_listener.py
[2025-09-03T20:34:17.991+0200] {processor.py:755} WARNING - No viable dags retrieved from /home/varun/miniconda3/envs/python38/lib/python3.8/site-packages/airflow/example_dags/plugins/event_listener.py
[2025-09-03T20:34:18.000+0200] {processor.py:175} INFO - Processing /home/varun/miniconda3/envs/python38/lib/python3.8/site-packages/airflow/example_dags/plugins/event_listener.py took 0.016 seconds
[2025-09-03T20:35:05.669+0200] {processor.py:153} INFO - Started process (PID=5903) to work on /home/varun/miniconda3/envs/python38/lib/python3.8/site-packages/airflow/example_dags/plugins/event_listener.py
[2025-09-03T20:35:05.671+0200] {processor.py:743} INFO - Processing file /home/varun/miniconda3/envs/python38/lib/python3.8/site-packages/airflow/example_dags/plugins/event_listener.py for tasks to queue
[2025-09-03T20:35:05.672+0200] {logging_mixin.py:137} INFO - [2025-09-03T20:35:05.672+0200] {dagbag.py:532} INFO - Filling up the DagBag from /home/varun/miniconda3/envs/python38/lib/python3.8/site-packages/airflow/example_dags/plugins/event_listener.py
[2025-09-03T20:35:05.673+0200] {processor.py:755} WARNING - No viable dags retrieved from /home/varun/miniconda3/envs/python38/lib/python3.8/site-packages/airflow/example_dags/plugins/event_listener.py
[2025-09-03T20:35:05.685+0200] {processor.py:175} INFO - Processing /home/varun/miniconda3/envs/python38/lib/python3.8/site-packages/airflow/example_dags/plugins/event_listener.py took 0.019 seconds
[2025-09-03T20:35:50.177+0200] {processor.py:153} INFO - Started process (PID=5945) to work on /home/varun/miniconda3/envs/python38/lib/python3.8/site-packages/airflow/example_dags/plugins/event_listener.py
[2025-09-03T20:35:50.178+0200] {processor.py:743} INFO - Processing file /home/varun/miniconda3/envs/python38/lib/python3.8/site-packages/airflow/example_dags/plugins/event_listener.py for tasks to queue
[2025-09-03T20:35:50.179+0200] {logging_mixin.py:137} INFO - [2025-09-03T20:35:50.179+0200] {dagbag.py:532} INFO - Filling up the DagBag from /home/varun/miniconda3/envs/python38/lib/python3.8/site-packages/airflow/example_dags/plugins/event_listener.py
[2025-09-03T20:35:50.181+0200] {processor.py:755} WARNING - No viable dags retrieved from /home/varun/miniconda3/envs/python38/lib/python3.8/site-packages/airflow/example_dags/plugins/event_listener.py
[2025-09-03T20:35:50.190+0200] {processor.py:175} INFO - Processing /home/varun/miniconda3/envs/python38/lib/python3.8/site-packages/airflow/example_dags/plugins/event_listener.py took 0.016 seconds
[2025-09-03T20:36:36.068+0200] {processor.py:153} INFO - Started process (PID=5987) to work on /home/varun/miniconda3/envs/python38/lib/python3.8/site-packages/airflow/example_dags/plugins/event_listener.py
[2025-09-03T20:36:36.069+0200] {processor.py:743} INFO - Processing file /home/varun/miniconda3/envs/python38/lib/python3.8/site-packages/airflow/example_dags/plugins/event_listener.py for tasks to queue
[2025-09-03T20:36:36.071+0200] {logging_mixin.py:137} INFO - [2025-09-03T20:36:36.070+0200] {dagbag.py:532} INFO - Filling up the DagBag from /home/varun/miniconda3/envs/python38/lib/python3.8/site-packages/airflow/example_dags/plugins/event_listener.py
[2025-09-03T20:36:36.074+0200] {processor.py:755} WARNING - No viable dags retrieved from /home/varun/miniconda3/envs/python38/lib/python3.8/site-packages/airflow/example_dags/plugins/event_listener.py
[2025-09-03T20:36:36.086+0200] {processor.py:175} INFO - Processing /home/varun/miniconda3/envs/python38/lib/python3.8/site-packages/airflow/example_dags/plugins/event_listener.py took 0.022 seconds
