[2025-09-03T19:42:18.306+0200] {processor.py:153} INFO - Started process (PID=3085) to work on /home/varun/miniconda3/envs/python38/lib/python3.8/site-packages/airflow/example_dags/plugins/listener_plugin.py
[2025-09-03T19:42:18.307+0200] {processor.py:743} INFO - Processing file /home/varun/miniconda3/envs/python38/lib/python3.8/site-packages/airflow/example_dags/plugins/listener_plugin.py for tasks to queue
[2025-09-03T19:42:18.308+0200] {logging_mixin.py:137} INFO - [2025-09-03T19:42:18.308+0200] {dagbag.py:532} INFO - Filling up the DagBag from /home/varun/miniconda3/envs/python38/lib/python3.8/site-packages/airflow/example_dags/plugins/listener_plugin.py
[2025-09-03T19:42:18.310+0200] {processor.py:755} WARNING - No viable dags retrieved from /home/varun/miniconda3/envs/python38/lib/python3.8/site-packages/airflow/example_dags/plugins/listener_plugin.py
[2025-09-03T19:42:18.319+0200] {processor.py:175} INFO - Processing /home/varun/miniconda3/envs/python38/lib/python3.8/site-packages/airflow/example_dags/plugins/listener_plugin.py took 0.016 seconds
[2025-09-03T19:43:11.713+0200] {processor.py:153} INFO - Started process (PID=3127) to work on /home/varun/miniconda3/envs/python38/lib/python3.8/site-packages/airflow/example_dags/plugins/listener_plugin.py
[2025-09-03T19:43:11.715+0200] {processor.py:743} INFO - Processing file /home/varun/miniconda3/envs/python38/lib/python3.8/site-packages/airflow/example_dags/plugins/listener_plugin.py for tasks to queue
[2025-09-03T19:43:11.716+0200] {logging_mixin.py:137} INFO - [2025-09-03T19:43:11.715+0200] {dagbag.py:532} INFO - Filling up the DagBag from /home/varun/miniconda3/envs/python38/lib/python3.8/site-packages/airflow/example_dags/plugins/listener_plugin.py
[2025-09-03T19:43:11.718+0200] {processor.py:755} WARNING - No viable dags retrieved from /home/varun/miniconda3/envs/python38/lib/python3.8/site-packages/airflow/example_dags/plugins/listener_plugin.py
[2025-09-03T19:43:11.731+0200] {processor.py:175} INFO - Processing /home/varun/miniconda3/envs/python38/lib/python3.8/site-packages/airflow/example_dags/plugins/listener_plugin.py took 0.022 seconds
[2025-09-03T19:43:57.969+0200] {processor.py:153} INFO - Started process (PID=3169) to work on /home/varun/miniconda3/envs/python38/lib/python3.8/site-packages/airflow/example_dags/plugins/listener_plugin.py
[2025-09-03T19:43:57.971+0200] {processor.py:743} INFO - Processing file /home/varun/miniconda3/envs/python38/lib/python3.8/site-packages/airflow/example_dags/plugins/listener_plugin.py for tasks to queue
[2025-09-03T19:43:57.972+0200] {logging_mixin.py:137} INFO - [2025-09-03T19:43:57.972+0200] {dagbag.py:532} INFO - Filling up the DagBag from /home/varun/miniconda3/envs/python38/lib/python3.8/site-packages/airflow/example_dags/plugins/listener_plugin.py
[2025-09-03T19:43:57.976+0200] {processor.py:755} WARNING - No viable dags retrieved from /home/varun/miniconda3/envs/python38/lib/python3.8/site-packages/airflow/example_dags/plugins/listener_plugin.py
[2025-09-03T19:43:57.985+0200] {processor.py:175} INFO - Processing /home/varun/miniconda3/envs/python38/lib/python3.8/site-packages/airflow/example_dags/plugins/listener_plugin.py took 0.019 seconds
[2025-09-03T19:44:44.745+0200] {processor.py:153} INFO - Started process (PID=3211) to work on /home/varun/miniconda3/envs/python38/lib/python3.8/site-packages/airflow/example_dags/plugins/listener_plugin.py
[2025-09-03T19:44:44.747+0200] {processor.py:743} INFO - Processing file /home/varun/miniconda3/envs/python38/lib/python3.8/site-packages/airflow/example_dags/plugins/listener_plugin.py for tasks to queue
[2025-09-03T19:44:44.748+0200] {logging_mixin.py:137} INFO - [2025-09-03T19:44:44.748+0200] {dagbag.py:532} INFO - Filling up the DagBag from /home/varun/miniconda3/envs/python38/lib/python3.8/site-packages/airflow/example_dags/plugins/listener_plugin.py
[2025-09-03T19:44:44.750+0200] {processor.py:755} WARNING - No viable dags retrieved from /home/varun/miniconda3/envs/python38/lib/python3.8/site-packages/airflow/example_dags/plugins/listener_plugin.py
[2025-09-03T19:44:44.762+0200] {processor.py:175} INFO - Processing /home/varun/miniconda3/envs/python38/lib/python3.8/site-packages/airflow/example_dags/plugins/listener_plugin.py took 0.021 seconds
[2025-09-03T19:45:35.188+0200] {processor.py:153} INFO - Started process (PID=3282) to work on /home/varun/miniconda3/envs/python38/lib/python3.8/site-packages/airflow/example_dags/plugins/listener_plugin.py
[2025-09-03T19:45:35.189+0200] {processor.py:743} INFO - Processing file /home/varun/miniconda3/envs/python38/lib/python3.8/site-packages/airflow/example_dags/plugins/listener_plugin.py for tasks to queue
[2025-09-03T19:45:35.190+0200] {logging_mixin.py:137} INFO - [2025-09-03T19:45:35.190+0200] {dagbag.py:532} INFO - Filling up the DagBag from /home/varun/miniconda3/envs/python38/lib/python3.8/site-packages/airflow/example_dags/plugins/listener_plugin.py
[2025-09-03T19:45:35.192+0200] {processor.py:755} WARNING - No viable dags retrieved from /home/varun/miniconda3/envs/python38/lib/python3.8/site-packages/airflow/example_dags/plugins/listener_plugin.py
[2025-09-03T19:45:35.203+0200] {processor.py:175} INFO - Processing /home/varun/miniconda3/envs/python38/lib/python3.8/site-packages/airflow/example_dags/plugins/listener_plugin.py took 0.019 seconds
[2025-09-03T19:46:19.655+0200] {processor.py:153} INFO - Started process (PID=3327) to work on /home/varun/miniconda3/envs/python38/lib/python3.8/site-packages/airflow/example_dags/plugins/listener_plugin.py
[2025-09-03T19:46:19.657+0200] {processor.py:743} INFO - Processing file /home/varun/miniconda3/envs/python38/lib/python3.8/site-packages/airflow/example_dags/plugins/listener_plugin.py for tasks to queue
[2025-09-03T19:46:19.658+0200] {logging_mixin.py:137} INFO - [2025-09-03T19:46:19.658+0200] {dagbag.py:532} INFO - Filling up the DagBag from /home/varun/miniconda3/envs/python38/lib/python3.8/site-packages/airflow/example_dags/plugins/listener_plugin.py
[2025-09-03T19:46:19.660+0200] {processor.py:755} WARNING - No viable dags retrieved from /home/varun/miniconda3/envs/python38/lib/python3.8/site-packages/airflow/example_dags/plugins/listener_plugin.py
[2025-09-03T19:46:19.671+0200] {processor.py:175} INFO - Processing /home/varun/miniconda3/envs/python38/lib/python3.8/site-packages/airflow/example_dags/plugins/listener_plugin.py took 0.019 seconds
[2025-09-03T19:47:05.213+0200] {processor.py:153} INFO - Started process (PID=3376) to work on /home/varun/miniconda3/envs/python38/lib/python3.8/site-packages/airflow/example_dags/plugins/listener_plugin.py
[2025-09-03T19:47:05.215+0200] {processor.py:743} INFO - Processing file /home/varun/miniconda3/envs/python38/lib/python3.8/site-packages/airflow/example_dags/plugins/listener_plugin.py for tasks to queue
[2025-09-03T19:47:05.216+0200] {logging_mixin.py:137} INFO - [2025-09-03T19:47:05.216+0200] {dagbag.py:532} INFO - Filling up the DagBag from /home/varun/miniconda3/envs/python38/lib/python3.8/site-packages/airflow/example_dags/plugins/listener_plugin.py
[2025-09-03T19:47:05.220+0200] {processor.py:755} WARNING - No viable dags retrieved from /home/varun/miniconda3/envs/python38/lib/python3.8/site-packages/airflow/example_dags/plugins/listener_plugin.py
[2025-09-03T19:47:05.235+0200] {processor.py:175} INFO - Processing /home/varun/miniconda3/envs/python38/lib/python3.8/site-packages/airflow/example_dags/plugins/listener_plugin.py took 0.028 seconds
[2025-09-03T19:47:54.291+0200] {processor.py:153} INFO - Started process (PID=3422) to work on /home/varun/miniconda3/envs/python38/lib/python3.8/site-packages/airflow/example_dags/plugins/listener_plugin.py
[2025-09-03T19:47:54.292+0200] {processor.py:743} INFO - Processing file /home/varun/miniconda3/envs/python38/lib/python3.8/site-packages/airflow/example_dags/plugins/listener_plugin.py for tasks to queue
[2025-09-03T19:47:54.294+0200] {logging_mixin.py:137} INFO - [2025-09-03T19:47:54.293+0200] {dagbag.py:532} INFO - Filling up the DagBag from /home/varun/miniconda3/envs/python38/lib/python3.8/site-packages/airflow/example_dags/plugins/listener_plugin.py
[2025-09-03T19:47:54.296+0200] {processor.py:755} WARNING - No viable dags retrieved from /home/varun/miniconda3/envs/python38/lib/python3.8/site-packages/airflow/example_dags/plugins/listener_plugin.py
[2025-09-03T19:47:54.309+0200] {processor.py:175} INFO - Processing /home/varun/miniconda3/envs/python38/lib/python3.8/site-packages/airflow/example_dags/plugins/listener_plugin.py took 0.022 seconds
[2025-09-03T19:48:41.150+0200] {processor.py:153} INFO - Started process (PID=3464) to work on /home/varun/miniconda3/envs/python38/lib/python3.8/site-packages/airflow/example_dags/plugins/listener_plugin.py
[2025-09-03T19:48:41.151+0200] {processor.py:743} INFO - Processing file /home/varun/miniconda3/envs/python38/lib/python3.8/site-packages/airflow/example_dags/plugins/listener_plugin.py for tasks to queue
[2025-09-03T19:48:41.152+0200] {logging_mixin.py:137} INFO - [2025-09-03T19:48:41.152+0200] {dagbag.py:532} INFO - Filling up the DagBag from /home/varun/miniconda3/envs/python38/lib/python3.8/site-packages/airflow/example_dags/plugins/listener_plugin.py
[2025-09-03T19:48:41.154+0200] {processor.py:755} WARNING - No viable dags retrieved from /home/varun/miniconda3/envs/python38/lib/python3.8/site-packages/airflow/example_dags/plugins/listener_plugin.py
[2025-09-03T19:48:41.163+0200] {processor.py:175} INFO - Processing /home/varun/miniconda3/envs/python38/lib/python3.8/site-packages/airflow/example_dags/plugins/listener_plugin.py took 0.016 seconds
[2025-09-03T19:49:29.254+0200] {processor.py:153} INFO - Started process (PID=3506) to work on /home/varun/miniconda3/envs/python38/lib/python3.8/site-packages/airflow/example_dags/plugins/listener_plugin.py
[2025-09-03T19:49:29.256+0200] {processor.py:743} INFO - Processing file /home/varun/miniconda3/envs/python38/lib/python3.8/site-packages/airflow/example_dags/plugins/listener_plugin.py for tasks to queue
[2025-09-03T19:49:29.257+0200] {logging_mixin.py:137} INFO - [2025-09-03T19:49:29.257+0200] {dagbag.py:532} INFO - Filling up the DagBag from /home/varun/miniconda3/envs/python38/lib/python3.8/site-packages/airflow/example_dags/plugins/listener_plugin.py
[2025-09-03T19:49:29.260+0200] {processor.py:755} WARNING - No viable dags retrieved from /home/varun/miniconda3/envs/python38/lib/python3.8/site-packages/airflow/example_dags/plugins/listener_plugin.py
[2025-09-03T19:49:29.270+0200] {processor.py:175} INFO - Processing /home/varun/miniconda3/envs/python38/lib/python3.8/site-packages/airflow/example_dags/plugins/listener_plugin.py took 0.020 seconds
[2025-09-03T19:50:20.288+0200] {processor.py:153} INFO - Started process (PID=3557) to work on /home/varun/miniconda3/envs/python38/lib/python3.8/site-packages/airflow/example_dags/plugins/listener_plugin.py
[2025-09-03T19:50:20.290+0200] {processor.py:743} INFO - Processing file /home/varun/miniconda3/envs/python38/lib/python3.8/site-packages/airflow/example_dags/plugins/listener_plugin.py for tasks to queue
[2025-09-03T19:50:20.291+0200] {logging_mixin.py:137} INFO - [2025-09-03T19:50:20.291+0200] {dagbag.py:532} INFO - Filling up the DagBag from /home/varun/miniconda3/envs/python38/lib/python3.8/site-packages/airflow/example_dags/plugins/listener_plugin.py
[2025-09-03T19:50:20.294+0200] {processor.py:755} WARNING - No viable dags retrieved from /home/varun/miniconda3/envs/python38/lib/python3.8/site-packages/airflow/example_dags/plugins/listener_plugin.py
[2025-09-03T19:50:20.308+0200] {processor.py:175} INFO - Processing /home/varun/miniconda3/envs/python38/lib/python3.8/site-packages/airflow/example_dags/plugins/listener_plugin.py took 0.026 seconds
[2025-09-03T19:51:06.222+0200] {processor.py:153} INFO - Started process (PID=3607) to work on /home/varun/miniconda3/envs/python38/lib/python3.8/site-packages/airflow/example_dags/plugins/listener_plugin.py
[2025-09-03T19:51:06.223+0200] {processor.py:743} INFO - Processing file /home/varun/miniconda3/envs/python38/lib/python3.8/site-packages/airflow/example_dags/plugins/listener_plugin.py for tasks to queue
[2025-09-03T19:51:06.224+0200] {logging_mixin.py:137} INFO - [2025-09-03T19:51:06.224+0200] {dagbag.py:532} INFO - Filling up the DagBag from /home/varun/miniconda3/envs/python38/lib/python3.8/site-packages/airflow/example_dags/plugins/listener_plugin.py
[2025-09-03T19:51:06.226+0200] {processor.py:755} WARNING - No viable dags retrieved from /home/varun/miniconda3/envs/python38/lib/python3.8/site-packages/airflow/example_dags/plugins/listener_plugin.py
[2025-09-03T19:51:06.237+0200] {processor.py:175} INFO - Processing /home/varun/miniconda3/envs/python38/lib/python3.8/site-packages/airflow/example_dags/plugins/listener_plugin.py took 0.018 seconds
[2025-09-03T19:51:52.379+0200] {processor.py:153} INFO - Started process (PID=3658) to work on /home/varun/miniconda3/envs/python38/lib/python3.8/site-packages/airflow/example_dags/plugins/listener_plugin.py
[2025-09-03T19:51:52.380+0200] {processor.py:743} INFO - Processing file /home/varun/miniconda3/envs/python38/lib/python3.8/site-packages/airflow/example_dags/plugins/listener_plugin.py for tasks to queue
[2025-09-03T19:51:52.381+0200] {logging_mixin.py:137} INFO - [2025-09-03T19:51:52.381+0200] {dagbag.py:532} INFO - Filling up the DagBag from /home/varun/miniconda3/envs/python38/lib/python3.8/site-packages/airflow/example_dags/plugins/listener_plugin.py
[2025-09-03T19:51:52.383+0200] {processor.py:755} WARNING - No viable dags retrieved from /home/varun/miniconda3/envs/python38/lib/python3.8/site-packages/airflow/example_dags/plugins/listener_plugin.py
[2025-09-03T19:51:52.392+0200] {processor.py:175} INFO - Processing /home/varun/miniconda3/envs/python38/lib/python3.8/site-packages/airflow/example_dags/plugins/listener_plugin.py took 0.017 seconds
[2025-09-03T19:52:46.009+0200] {processor.py:153} INFO - Started process (PID=3704) to work on /home/varun/miniconda3/envs/python38/lib/python3.8/site-packages/airflow/example_dags/plugins/listener_plugin.py
[2025-09-03T19:52:46.011+0200] {processor.py:743} INFO - Processing file /home/varun/miniconda3/envs/python38/lib/python3.8/site-packages/airflow/example_dags/plugins/listener_plugin.py for tasks to queue
[2025-09-03T19:52:46.012+0200] {logging_mixin.py:137} INFO - [2025-09-03T19:52:46.011+0200] {dagbag.py:532} INFO - Filling up the DagBag from /home/varun/miniconda3/envs/python38/lib/python3.8/site-packages/airflow/example_dags/plugins/listener_plugin.py
[2025-09-03T19:52:46.014+0200] {processor.py:755} WARNING - No viable dags retrieved from /home/varun/miniconda3/envs/python38/lib/python3.8/site-packages/airflow/example_dags/plugins/listener_plugin.py
[2025-09-03T19:52:46.024+0200] {processor.py:175} INFO - Processing /home/varun/miniconda3/envs/python38/lib/python3.8/site-packages/airflow/example_dags/plugins/listener_plugin.py took 0.019 seconds
[2025-09-03T19:53:36.306+0200] {processor.py:153} INFO - Started process (PID=3746) to work on /home/varun/miniconda3/envs/python38/lib/python3.8/site-packages/airflow/example_dags/plugins/listener_plugin.py
[2025-09-03T19:53:36.307+0200] {processor.py:743} INFO - Processing file /home/varun/miniconda3/envs/python38/lib/python3.8/site-packages/airflow/example_dags/plugins/listener_plugin.py for tasks to queue
[2025-09-03T19:53:36.308+0200] {logging_mixin.py:137} INFO - [2025-09-03T19:53:36.308+0200] {dagbag.py:532} INFO - Filling up the DagBag from /home/varun/miniconda3/envs/python38/lib/python3.8/site-packages/airflow/example_dags/plugins/listener_plugin.py
[2025-09-03T19:53:36.312+0200] {processor.py:755} WARNING - No viable dags retrieved from /home/varun/miniconda3/envs/python38/lib/python3.8/site-packages/airflow/example_dags/plugins/listener_plugin.py
[2025-09-03T19:53:36.323+0200] {processor.py:175} INFO - Processing /home/varun/miniconda3/envs/python38/lib/python3.8/site-packages/airflow/example_dags/plugins/listener_plugin.py took 0.021 seconds
[2025-09-03T19:54:37.926+0200] {processor.py:153} INFO - Started process (PID=3799) to work on /home/varun/miniconda3/envs/python38/lib/python3.8/site-packages/airflow/example_dags/plugins/listener_plugin.py
[2025-09-03T19:54:37.928+0200] {processor.py:743} INFO - Processing file /home/varun/miniconda3/envs/python38/lib/python3.8/site-packages/airflow/example_dags/plugins/listener_plugin.py for tasks to queue
[2025-09-03T19:54:37.929+0200] {logging_mixin.py:137} INFO - [2025-09-03T19:54:37.929+0200] {dagbag.py:532} INFO - Filling up the DagBag from /home/varun/miniconda3/envs/python38/lib/python3.8/site-packages/airflow/example_dags/plugins/listener_plugin.py
[2025-09-03T19:54:37.932+0200] {processor.py:755} WARNING - No viable dags retrieved from /home/varun/miniconda3/envs/python38/lib/python3.8/site-packages/airflow/example_dags/plugins/listener_plugin.py
[2025-09-03T19:54:37.942+0200] {processor.py:175} INFO - Processing /home/varun/miniconda3/envs/python38/lib/python3.8/site-packages/airflow/example_dags/plugins/listener_plugin.py took 0.020 seconds
[2025-09-03T19:55:37.230+0200] {processor.py:153} INFO - Started process (PID=3855) to work on /home/varun/miniconda3/envs/python38/lib/python3.8/site-packages/airflow/example_dags/plugins/listener_plugin.py
[2025-09-03T19:55:37.232+0200] {processor.py:743} INFO - Processing file /home/varun/miniconda3/envs/python38/lib/python3.8/site-packages/airflow/example_dags/plugins/listener_plugin.py for tasks to queue
[2025-09-03T19:55:37.233+0200] {logging_mixin.py:137} INFO - [2025-09-03T19:55:37.232+0200] {dagbag.py:532} INFO - Filling up the DagBag from /home/varun/miniconda3/envs/python38/lib/python3.8/site-packages/airflow/example_dags/plugins/listener_plugin.py
[2025-09-03T19:55:37.235+0200] {processor.py:755} WARNING - No viable dags retrieved from /home/varun/miniconda3/envs/python38/lib/python3.8/site-packages/airflow/example_dags/plugins/listener_plugin.py
[2025-09-03T19:55:37.246+0200] {processor.py:175} INFO - Processing /home/varun/miniconda3/envs/python38/lib/python3.8/site-packages/airflow/example_dags/plugins/listener_plugin.py took 0.019 seconds
[2025-09-03T19:56:34.605+0200] {processor.py:153} INFO - Started process (PID=3905) to work on /home/varun/miniconda3/envs/python38/lib/python3.8/site-packages/airflow/example_dags/plugins/listener_plugin.py
[2025-09-03T19:56:34.607+0200] {processor.py:743} INFO - Processing file /home/varun/miniconda3/envs/python38/lib/python3.8/site-packages/airflow/example_dags/plugins/listener_plugin.py for tasks to queue
[2025-09-03T19:56:34.608+0200] {logging_mixin.py:137} INFO - [2025-09-03T19:56:34.607+0200] {dagbag.py:532} INFO - Filling up the DagBag from /home/varun/miniconda3/envs/python38/lib/python3.8/site-packages/airflow/example_dags/plugins/listener_plugin.py
[2025-09-03T19:56:34.610+0200] {processor.py:755} WARNING - No viable dags retrieved from /home/varun/miniconda3/envs/python38/lib/python3.8/site-packages/airflow/example_dags/plugins/listener_plugin.py
[2025-09-03T19:56:34.622+0200] {processor.py:175} INFO - Processing /home/varun/miniconda3/envs/python38/lib/python3.8/site-packages/airflow/example_dags/plugins/listener_plugin.py took 0.022 seconds
[2025-09-03T19:57:30.521+0200] {processor.py:153} INFO - Started process (PID=3952) to work on /home/varun/miniconda3/envs/python38/lib/python3.8/site-packages/airflow/example_dags/plugins/listener_plugin.py
[2025-09-03T19:57:30.524+0200] {processor.py:743} INFO - Processing file /home/varun/miniconda3/envs/python38/lib/python3.8/site-packages/airflow/example_dags/plugins/listener_plugin.py for tasks to queue
[2025-09-03T19:57:30.525+0200] {logging_mixin.py:137} INFO - [2025-09-03T19:57:30.525+0200] {dagbag.py:532} INFO - Filling up the DagBag from /home/varun/miniconda3/envs/python38/lib/python3.8/site-packages/airflow/example_dags/plugins/listener_plugin.py
[2025-09-03T19:57:30.528+0200] {processor.py:755} WARNING - No viable dags retrieved from /home/varun/miniconda3/envs/python38/lib/python3.8/site-packages/airflow/example_dags/plugins/listener_plugin.py
[2025-09-03T19:57:30.548+0200] {processor.py:175} INFO - Processing /home/varun/miniconda3/envs/python38/lib/python3.8/site-packages/airflow/example_dags/plugins/listener_plugin.py took 0.032 seconds
[2025-09-03T19:58:19.166+0200] {processor.py:153} INFO - Started process (PID=3994) to work on /home/varun/miniconda3/envs/python38/lib/python3.8/site-packages/airflow/example_dags/plugins/listener_plugin.py
[2025-09-03T19:58:19.169+0200] {processor.py:743} INFO - Processing file /home/varun/miniconda3/envs/python38/lib/python3.8/site-packages/airflow/example_dags/plugins/listener_plugin.py for tasks to queue
[2025-09-03T19:58:19.171+0200] {logging_mixin.py:137} INFO - [2025-09-03T19:58:19.170+0200] {dagbag.py:532} INFO - Filling up the DagBag from /home/varun/miniconda3/envs/python38/lib/python3.8/site-packages/airflow/example_dags/plugins/listener_plugin.py
[2025-09-03T19:58:19.176+0200] {processor.py:755} WARNING - No viable dags retrieved from /home/varun/miniconda3/envs/python38/lib/python3.8/site-packages/airflow/example_dags/plugins/listener_plugin.py
[2025-09-03T19:58:19.198+0200] {processor.py:175} INFO - Processing /home/varun/miniconda3/envs/python38/lib/python3.8/site-packages/airflow/example_dags/plugins/listener_plugin.py took 0.039 seconds
[2025-09-03T20:00:36.449+0200] {processor.py:153} INFO - Started process (PID=4012) to work on /home/varun/miniconda3/envs/python38/lib/python3.8/site-packages/airflow/example_dags/plugins/listener_plugin.py
[2025-09-03T20:00:36.451+0200] {processor.py:743} INFO - Processing file /home/varun/miniconda3/envs/python38/lib/python3.8/site-packages/airflow/example_dags/plugins/listener_plugin.py for tasks to queue
[2025-09-03T20:00:36.451+0200] {logging_mixin.py:137} INFO - [2025-09-03T20:00:36.451+0200] {dagbag.py:532} INFO - Filling up the DagBag from /home/varun/miniconda3/envs/python38/lib/python3.8/site-packages/airflow/example_dags/plugins/listener_plugin.py
[2025-09-03T20:00:36.453+0200] {processor.py:755} WARNING - No viable dags retrieved from /home/varun/miniconda3/envs/python38/lib/python3.8/site-packages/airflow/example_dags/plugins/listener_plugin.py
[2025-09-03T20:00:36.463+0200] {processor.py:175} INFO - Processing /home/varun/miniconda3/envs/python38/lib/python3.8/site-packages/airflow/example_dags/plugins/listener_plugin.py took 0.017 seconds
[2025-09-03T20:01:22.728+0200] {processor.py:153} INFO - Started process (PID=4069) to work on /home/varun/miniconda3/envs/python38/lib/python3.8/site-packages/airflow/example_dags/plugins/listener_plugin.py
[2025-09-03T20:01:22.730+0200] {processor.py:743} INFO - Processing file /home/varun/miniconda3/envs/python38/lib/python3.8/site-packages/airflow/example_dags/plugins/listener_plugin.py for tasks to queue
[2025-09-03T20:01:22.731+0200] {logging_mixin.py:137} INFO - [2025-09-03T20:01:22.730+0200] {dagbag.py:532} INFO - Filling up the DagBag from /home/varun/miniconda3/envs/python38/lib/python3.8/site-packages/airflow/example_dags/plugins/listener_plugin.py
[2025-09-03T20:01:22.734+0200] {processor.py:755} WARNING - No viable dags retrieved from /home/varun/miniconda3/envs/python38/lib/python3.8/site-packages/airflow/example_dags/plugins/listener_plugin.py
[2025-09-03T20:01:22.745+0200] {processor.py:175} INFO - Processing /home/varun/miniconda3/envs/python38/lib/python3.8/site-packages/airflow/example_dags/plugins/listener_plugin.py took 0.020 seconds
[2025-09-03T20:02:11.537+0200] {processor.py:153} INFO - Started process (PID=4112) to work on /home/varun/miniconda3/envs/python38/lib/python3.8/site-packages/airflow/example_dags/plugins/listener_plugin.py
[2025-09-03T20:02:11.538+0200] {processor.py:743} INFO - Processing file /home/varun/miniconda3/envs/python38/lib/python3.8/site-packages/airflow/example_dags/plugins/listener_plugin.py for tasks to queue
[2025-09-03T20:02:11.539+0200] {logging_mixin.py:137} INFO - [2025-09-03T20:02:11.539+0200] {dagbag.py:532} INFO - Filling up the DagBag from /home/varun/miniconda3/envs/python38/lib/python3.8/site-packages/airflow/example_dags/plugins/listener_plugin.py
[2025-09-03T20:02:11.541+0200] {processor.py:755} WARNING - No viable dags retrieved from /home/varun/miniconda3/envs/python38/lib/python3.8/site-packages/airflow/example_dags/plugins/listener_plugin.py
[2025-09-03T20:02:11.549+0200] {processor.py:175} INFO - Processing /home/varun/miniconda3/envs/python38/lib/python3.8/site-packages/airflow/example_dags/plugins/listener_plugin.py took 0.015 seconds
[2025-09-03T20:02:58.082+0200] {processor.py:153} INFO - Started process (PID=4154) to work on /home/varun/miniconda3/envs/python38/lib/python3.8/site-packages/airflow/example_dags/plugins/listener_plugin.py
[2025-09-03T20:02:58.084+0200] {processor.py:743} INFO - Processing file /home/varun/miniconda3/envs/python38/lib/python3.8/site-packages/airflow/example_dags/plugins/listener_plugin.py for tasks to queue
[2025-09-03T20:02:58.084+0200] {logging_mixin.py:137} INFO - [2025-09-03T20:02:58.084+0200] {dagbag.py:532} INFO - Filling up the DagBag from /home/varun/miniconda3/envs/python38/lib/python3.8/site-packages/airflow/example_dags/plugins/listener_plugin.py
[2025-09-03T20:02:58.087+0200] {processor.py:755} WARNING - No viable dags retrieved from /home/varun/miniconda3/envs/python38/lib/python3.8/site-packages/airflow/example_dags/plugins/listener_plugin.py
[2025-09-03T20:02:58.097+0200] {processor.py:175} INFO - Processing /home/varun/miniconda3/envs/python38/lib/python3.8/site-packages/airflow/example_dags/plugins/listener_plugin.py took 0.018 seconds
[2025-09-03T20:03:45.450+0200] {processor.py:153} INFO - Started process (PID=4196) to work on /home/varun/miniconda3/envs/python38/lib/python3.8/site-packages/airflow/example_dags/plugins/listener_plugin.py
[2025-09-03T20:03:45.452+0200] {processor.py:743} INFO - Processing file /home/varun/miniconda3/envs/python38/lib/python3.8/site-packages/airflow/example_dags/plugins/listener_plugin.py for tasks to queue
[2025-09-03T20:03:45.452+0200] {logging_mixin.py:137} INFO - [2025-09-03T20:03:45.452+0200] {dagbag.py:532} INFO - Filling up the DagBag from /home/varun/miniconda3/envs/python38/lib/python3.8/site-packages/airflow/example_dags/plugins/listener_plugin.py
[2025-09-03T20:03:45.456+0200] {processor.py:755} WARNING - No viable dags retrieved from /home/varun/miniconda3/envs/python38/lib/python3.8/site-packages/airflow/example_dags/plugins/listener_plugin.py
[2025-09-03T20:03:45.468+0200] {processor.py:175} INFO - Processing /home/varun/miniconda3/envs/python38/lib/python3.8/site-packages/airflow/example_dags/plugins/listener_plugin.py took 0.021 seconds
[2025-09-03T20:04:35.256+0200] {processor.py:153} INFO - Started process (PID=4240) to work on /home/varun/miniconda3/envs/python38/lib/python3.8/site-packages/airflow/example_dags/plugins/listener_plugin.py
[2025-09-03T20:04:35.258+0200] {processor.py:743} INFO - Processing file /home/varun/miniconda3/envs/python38/lib/python3.8/site-packages/airflow/example_dags/plugins/listener_plugin.py for tasks to queue
[2025-09-03T20:04:35.259+0200] {logging_mixin.py:137} INFO - [2025-09-03T20:04:35.259+0200] {dagbag.py:532} INFO - Filling up the DagBag from /home/varun/miniconda3/envs/python38/lib/python3.8/site-packages/airflow/example_dags/plugins/listener_plugin.py
[2025-09-03T20:04:35.262+0200] {processor.py:755} WARNING - No viable dags retrieved from /home/varun/miniconda3/envs/python38/lib/python3.8/site-packages/airflow/example_dags/plugins/listener_plugin.py
[2025-09-03T20:04:35.271+0200] {processor.py:175} INFO - Processing /home/varun/miniconda3/envs/python38/lib/python3.8/site-packages/airflow/example_dags/plugins/listener_plugin.py took 0.019 seconds
[2025-09-03T20:05:33.187+0200] {processor.py:153} INFO - Started process (PID=4299) to work on /home/varun/miniconda3/envs/python38/lib/python3.8/site-packages/airflow/example_dags/plugins/listener_plugin.py
[2025-09-03T20:05:33.189+0200] {processor.py:743} INFO - Processing file /home/varun/miniconda3/envs/python38/lib/python3.8/site-packages/airflow/example_dags/plugins/listener_plugin.py for tasks to queue
[2025-09-03T20:05:33.190+0200] {logging_mixin.py:137} INFO - [2025-09-03T20:05:33.190+0200] {dagbag.py:532} INFO - Filling up the DagBag from /home/varun/miniconda3/envs/python38/lib/python3.8/site-packages/airflow/example_dags/plugins/listener_plugin.py
[2025-09-03T20:05:33.193+0200] {processor.py:755} WARNING - No viable dags retrieved from /home/varun/miniconda3/envs/python38/lib/python3.8/site-packages/airflow/example_dags/plugins/listener_plugin.py
[2025-09-03T20:05:33.203+0200] {processor.py:175} INFO - Processing /home/varun/miniconda3/envs/python38/lib/python3.8/site-packages/airflow/example_dags/plugins/listener_plugin.py took 0.019 seconds
[2025-09-03T20:06:24.423+0200] {processor.py:153} INFO - Started process (PID=4341) to work on /home/varun/miniconda3/envs/python38/lib/python3.8/site-packages/airflow/example_dags/plugins/listener_plugin.py
[2025-09-03T20:06:24.430+0200] {processor.py:743} INFO - Processing file /home/varun/miniconda3/envs/python38/lib/python3.8/site-packages/airflow/example_dags/plugins/listener_plugin.py for tasks to queue
[2025-09-03T20:06:24.431+0200] {logging_mixin.py:137} INFO - [2025-09-03T20:06:24.430+0200] {dagbag.py:532} INFO - Filling up the DagBag from /home/varun/miniconda3/envs/python38/lib/python3.8/site-packages/airflow/example_dags/plugins/listener_plugin.py
[2025-09-03T20:06:24.433+0200] {processor.py:755} WARNING - No viable dags retrieved from /home/varun/miniconda3/envs/python38/lib/python3.8/site-packages/airflow/example_dags/plugins/listener_plugin.py
[2025-09-03T20:06:24.443+0200] {processor.py:175} INFO - Processing /home/varun/miniconda3/envs/python38/lib/python3.8/site-packages/airflow/example_dags/plugins/listener_plugin.py took 0.025 seconds
[2025-09-03T20:07:10.919+0200] {processor.py:153} INFO - Started process (PID=4401) to work on /home/varun/miniconda3/envs/python38/lib/python3.8/site-packages/airflow/example_dags/plugins/listener_plugin.py
[2025-09-03T20:07:10.922+0200] {processor.py:743} INFO - Processing file /home/varun/miniconda3/envs/python38/lib/python3.8/site-packages/airflow/example_dags/plugins/listener_plugin.py for tasks to queue
[2025-09-03T20:07:10.923+0200] {logging_mixin.py:137} INFO - [2025-09-03T20:07:10.923+0200] {dagbag.py:532} INFO - Filling up the DagBag from /home/varun/miniconda3/envs/python38/lib/python3.8/site-packages/airflow/example_dags/plugins/listener_plugin.py
[2025-09-03T20:07:10.927+0200] {processor.py:755} WARNING - No viable dags retrieved from /home/varun/miniconda3/envs/python38/lib/python3.8/site-packages/airflow/example_dags/plugins/listener_plugin.py
[2025-09-03T20:07:10.945+0200] {processor.py:175} INFO - Processing /home/varun/miniconda3/envs/python38/lib/python3.8/site-packages/airflow/example_dags/plugins/listener_plugin.py took 0.032 seconds
[2025-09-03T20:07:58.053+0200] {processor.py:153} INFO - Started process (PID=4451) to work on /home/varun/miniconda3/envs/python38/lib/python3.8/site-packages/airflow/example_dags/plugins/listener_plugin.py
[2025-09-03T20:07:58.056+0200] {processor.py:743} INFO - Processing file /home/varun/miniconda3/envs/python38/lib/python3.8/site-packages/airflow/example_dags/plugins/listener_plugin.py for tasks to queue
[2025-09-03T20:07:58.058+0200] {logging_mixin.py:137} INFO - [2025-09-03T20:07:58.057+0200] {dagbag.py:532} INFO - Filling up the DagBag from /home/varun/miniconda3/envs/python38/lib/python3.8/site-packages/airflow/example_dags/plugins/listener_plugin.py
[2025-09-03T20:07:58.063+0200] {processor.py:755} WARNING - No viable dags retrieved from /home/varun/miniconda3/envs/python38/lib/python3.8/site-packages/airflow/example_dags/plugins/listener_plugin.py
[2025-09-03T20:07:58.077+0200] {processor.py:175} INFO - Processing /home/varun/miniconda3/envs/python38/lib/python3.8/site-packages/airflow/example_dags/plugins/listener_plugin.py took 0.030 seconds
[2025-09-03T20:09:12.963+0200] {processor.py:153} INFO - Started process (PID=4507) to work on /home/varun/miniconda3/envs/python38/lib/python3.8/site-packages/airflow/example_dags/plugins/listener_plugin.py
[2025-09-03T20:09:12.965+0200] {processor.py:743} INFO - Processing file /home/varun/miniconda3/envs/python38/lib/python3.8/site-packages/airflow/example_dags/plugins/listener_plugin.py for tasks to queue
[2025-09-03T20:09:12.966+0200] {logging_mixin.py:137} INFO - [2025-09-03T20:09:12.966+0200] {dagbag.py:532} INFO - Filling up the DagBag from /home/varun/miniconda3/envs/python38/lib/python3.8/site-packages/airflow/example_dags/plugins/listener_plugin.py
[2025-09-03T20:09:12.970+0200] {processor.py:755} WARNING - No viable dags retrieved from /home/varun/miniconda3/envs/python38/lib/python3.8/site-packages/airflow/example_dags/plugins/listener_plugin.py
[2025-09-03T20:09:12.980+0200] {processor.py:175} INFO - Processing /home/varun/miniconda3/envs/python38/lib/python3.8/site-packages/airflow/example_dags/plugins/listener_plugin.py took 0.021 seconds
[2025-09-03T20:10:05.725+0200] {processor.py:153} INFO - Started process (PID=4552) to work on /home/varun/miniconda3/envs/python38/lib/python3.8/site-packages/airflow/example_dags/plugins/listener_plugin.py
[2025-09-03T20:10:05.727+0200] {processor.py:743} INFO - Processing file /home/varun/miniconda3/envs/python38/lib/python3.8/site-packages/airflow/example_dags/plugins/listener_plugin.py for tasks to queue
[2025-09-03T20:10:05.728+0200] {logging_mixin.py:137} INFO - [2025-09-03T20:10:05.728+0200] {dagbag.py:532} INFO - Filling up the DagBag from /home/varun/miniconda3/envs/python38/lib/python3.8/site-packages/airflow/example_dags/plugins/listener_plugin.py
[2025-09-03T20:10:05.732+0200] {processor.py:755} WARNING - No viable dags retrieved from /home/varun/miniconda3/envs/python38/lib/python3.8/site-packages/airflow/example_dags/plugins/listener_plugin.py
[2025-09-03T20:10:05.742+0200] {processor.py:175} INFO - Processing /home/varun/miniconda3/envs/python38/lib/python3.8/site-packages/airflow/example_dags/plugins/listener_plugin.py took 0.020 seconds
[2025-09-03T20:10:49.524+0200] {processor.py:153} INFO - Started process (PID=4594) to work on /home/varun/miniconda3/envs/python38/lib/python3.8/site-packages/airflow/example_dags/plugins/listener_plugin.py
[2025-09-03T20:10:49.525+0200] {processor.py:743} INFO - Processing file /home/varun/miniconda3/envs/python38/lib/python3.8/site-packages/airflow/example_dags/plugins/listener_plugin.py for tasks to queue
[2025-09-03T20:10:49.525+0200] {logging_mixin.py:137} INFO - [2025-09-03T20:10:49.525+0200] {dagbag.py:532} INFO - Filling up the DagBag from /home/varun/miniconda3/envs/python38/lib/python3.8/site-packages/airflow/example_dags/plugins/listener_plugin.py
[2025-09-03T20:10:49.527+0200] {processor.py:755} WARNING - No viable dags retrieved from /home/varun/miniconda3/envs/python38/lib/python3.8/site-packages/airflow/example_dags/plugins/listener_plugin.py
[2025-09-03T20:10:49.537+0200] {processor.py:175} INFO - Processing /home/varun/miniconda3/envs/python38/lib/python3.8/site-packages/airflow/example_dags/plugins/listener_plugin.py took 0.017 seconds
[2025-09-03T20:11:35.617+0200] {processor.py:153} INFO - Started process (PID=4636) to work on /home/varun/miniconda3/envs/python38/lib/python3.8/site-packages/airflow/example_dags/plugins/listener_plugin.py
[2025-09-03T20:11:35.619+0200] {processor.py:743} INFO - Processing file /home/varun/miniconda3/envs/python38/lib/python3.8/site-packages/airflow/example_dags/plugins/listener_plugin.py for tasks to queue
[2025-09-03T20:11:35.620+0200] {logging_mixin.py:137} INFO - [2025-09-03T20:11:35.620+0200] {dagbag.py:532} INFO - Filling up the DagBag from /home/varun/miniconda3/envs/python38/lib/python3.8/site-packages/airflow/example_dags/plugins/listener_plugin.py
[2025-09-03T20:11:35.622+0200] {processor.py:755} WARNING - No viable dags retrieved from /home/varun/miniconda3/envs/python38/lib/python3.8/site-packages/airflow/example_dags/plugins/listener_plugin.py
[2025-09-03T20:11:35.637+0200] {processor.py:175} INFO - Processing /home/varun/miniconda3/envs/python38/lib/python3.8/site-packages/airflow/example_dags/plugins/listener_plugin.py took 0.023 seconds
[2025-09-03T20:12:24.193+0200] {processor.py:153} INFO - Started process (PID=4678) to work on /home/varun/miniconda3/envs/python38/lib/python3.8/site-packages/airflow/example_dags/plugins/listener_plugin.py
[2025-09-03T20:12:24.194+0200] {processor.py:743} INFO - Processing file /home/varun/miniconda3/envs/python38/lib/python3.8/site-packages/airflow/example_dags/plugins/listener_plugin.py for tasks to queue
[2025-09-03T20:12:24.195+0200] {logging_mixin.py:137} INFO - [2025-09-03T20:12:24.194+0200] {dagbag.py:532} INFO - Filling up the DagBag from /home/varun/miniconda3/envs/python38/lib/python3.8/site-packages/airflow/example_dags/plugins/listener_plugin.py
[2025-09-03T20:12:24.197+0200] {processor.py:755} WARNING - No viable dags retrieved from /home/varun/miniconda3/envs/python38/lib/python3.8/site-packages/airflow/example_dags/plugins/listener_plugin.py
[2025-09-03T20:12:24.205+0200] {processor.py:175} INFO - Processing /home/varun/miniconda3/envs/python38/lib/python3.8/site-packages/airflow/example_dags/plugins/listener_plugin.py took 0.016 seconds
[2025-09-03T20:13:10.413+0200] {processor.py:153} INFO - Started process (PID=4721) to work on /home/varun/miniconda3/envs/python38/lib/python3.8/site-packages/airflow/example_dags/plugins/listener_plugin.py
[2025-09-03T20:13:10.414+0200] {processor.py:743} INFO - Processing file /home/varun/miniconda3/envs/python38/lib/python3.8/site-packages/airflow/example_dags/plugins/listener_plugin.py for tasks to queue
[2025-09-03T20:13:10.415+0200] {logging_mixin.py:137} INFO - [2025-09-03T20:13:10.415+0200] {dagbag.py:532} INFO - Filling up the DagBag from /home/varun/miniconda3/envs/python38/lib/python3.8/site-packages/airflow/example_dags/plugins/listener_plugin.py
[2025-09-03T20:13:10.418+0200] {processor.py:755} WARNING - No viable dags retrieved from /home/varun/miniconda3/envs/python38/lib/python3.8/site-packages/airflow/example_dags/plugins/listener_plugin.py
[2025-09-03T20:13:10.428+0200] {processor.py:175} INFO - Processing /home/varun/miniconda3/envs/python38/lib/python3.8/site-packages/airflow/example_dags/plugins/listener_plugin.py took 0.018 seconds
[2025-09-03T20:13:56.589+0200] {processor.py:153} INFO - Started process (PID=4763) to work on /home/varun/miniconda3/envs/python38/lib/python3.8/site-packages/airflow/example_dags/plugins/listener_plugin.py
[2025-09-03T20:13:56.590+0200] {processor.py:743} INFO - Processing file /home/varun/miniconda3/envs/python38/lib/python3.8/site-packages/airflow/example_dags/plugins/listener_plugin.py for tasks to queue
[2025-09-03T20:13:56.591+0200] {logging_mixin.py:137} INFO - [2025-09-03T20:13:56.591+0200] {dagbag.py:532} INFO - Filling up the DagBag from /home/varun/miniconda3/envs/python38/lib/python3.8/site-packages/airflow/example_dags/plugins/listener_plugin.py
[2025-09-03T20:13:56.593+0200] {processor.py:755} WARNING - No viable dags retrieved from /home/varun/miniconda3/envs/python38/lib/python3.8/site-packages/airflow/example_dags/plugins/listener_plugin.py
[2025-09-03T20:13:56.604+0200] {processor.py:175} INFO - Processing /home/varun/miniconda3/envs/python38/lib/python3.8/site-packages/airflow/example_dags/plugins/listener_plugin.py took 0.019 seconds
[2025-09-03T20:14:38.566+0200] {processor.py:153} INFO - Started process (PID=4805) to work on /home/varun/miniconda3/envs/python38/lib/python3.8/site-packages/airflow/example_dags/plugins/listener_plugin.py
[2025-09-03T20:14:38.567+0200] {processor.py:743} INFO - Processing file /home/varun/miniconda3/envs/python38/lib/python3.8/site-packages/airflow/example_dags/plugins/listener_plugin.py for tasks to queue
[2025-09-03T20:14:38.568+0200] {logging_mixin.py:137} INFO - [2025-09-03T20:14:38.567+0200] {dagbag.py:532} INFO - Filling up the DagBag from /home/varun/miniconda3/envs/python38/lib/python3.8/site-packages/airflow/example_dags/plugins/listener_plugin.py
[2025-09-03T20:14:38.570+0200] {processor.py:755} WARNING - No viable dags retrieved from /home/varun/miniconda3/envs/python38/lib/python3.8/site-packages/airflow/example_dags/plugins/listener_plugin.py
[2025-09-03T20:14:38.581+0200] {processor.py:175} INFO - Processing /home/varun/miniconda3/envs/python38/lib/python3.8/site-packages/airflow/example_dags/plugins/listener_plugin.py took 0.018 seconds
[2025-09-03T20:15:26.397+0200] {processor.py:153} INFO - Started process (PID=4847) to work on /home/varun/miniconda3/envs/python38/lib/python3.8/site-packages/airflow/example_dags/plugins/listener_plugin.py
[2025-09-03T20:15:26.398+0200] {processor.py:743} INFO - Processing file /home/varun/miniconda3/envs/python38/lib/python3.8/site-packages/airflow/example_dags/plugins/listener_plugin.py for tasks to queue
[2025-09-03T20:15:26.399+0200] {logging_mixin.py:137} INFO - [2025-09-03T20:15:26.399+0200] {dagbag.py:532} INFO - Filling up the DagBag from /home/varun/miniconda3/envs/python38/lib/python3.8/site-packages/airflow/example_dags/plugins/listener_plugin.py
[2025-09-03T20:15:26.401+0200] {processor.py:755} WARNING - No viable dags retrieved from /home/varun/miniconda3/envs/python38/lib/python3.8/site-packages/airflow/example_dags/plugins/listener_plugin.py
[2025-09-03T20:15:26.409+0200] {processor.py:175} INFO - Processing /home/varun/miniconda3/envs/python38/lib/python3.8/site-packages/airflow/example_dags/plugins/listener_plugin.py took 0.016 seconds
[2025-09-03T20:16:12.252+0200] {processor.py:153} INFO - Started process (PID=4889) to work on /home/varun/miniconda3/envs/python38/lib/python3.8/site-packages/airflow/example_dags/plugins/listener_plugin.py
[2025-09-03T20:16:12.254+0200] {processor.py:743} INFO - Processing file /home/varun/miniconda3/envs/python38/lib/python3.8/site-packages/airflow/example_dags/plugins/listener_plugin.py for tasks to queue
[2025-09-03T20:16:12.255+0200] {logging_mixin.py:137} INFO - [2025-09-03T20:16:12.254+0200] {dagbag.py:532} INFO - Filling up the DagBag from /home/varun/miniconda3/envs/python38/lib/python3.8/site-packages/airflow/example_dags/plugins/listener_plugin.py
[2025-09-03T20:16:12.257+0200] {processor.py:755} WARNING - No viable dags retrieved from /home/varun/miniconda3/envs/python38/lib/python3.8/site-packages/airflow/example_dags/plugins/listener_plugin.py
[2025-09-03T20:16:12.268+0200] {processor.py:175} INFO - Processing /home/varun/miniconda3/envs/python38/lib/python3.8/site-packages/airflow/example_dags/plugins/listener_plugin.py took 0.019 seconds
[2025-09-03T20:16:55.657+0200] {processor.py:153} INFO - Started process (PID=4931) to work on /home/varun/miniconda3/envs/python38/lib/python3.8/site-packages/airflow/example_dags/plugins/listener_plugin.py
[2025-09-03T20:16:55.658+0200] {processor.py:743} INFO - Processing file /home/varun/miniconda3/envs/python38/lib/python3.8/site-packages/airflow/example_dags/plugins/listener_plugin.py for tasks to queue
[2025-09-03T20:16:55.659+0200] {logging_mixin.py:137} INFO - [2025-09-03T20:16:55.659+0200] {dagbag.py:532} INFO - Filling up the DagBag from /home/varun/miniconda3/envs/python38/lib/python3.8/site-packages/airflow/example_dags/plugins/listener_plugin.py
[2025-09-03T20:16:55.661+0200] {processor.py:755} WARNING - No viable dags retrieved from /home/varun/miniconda3/envs/python38/lib/python3.8/site-packages/airflow/example_dags/plugins/listener_plugin.py
[2025-09-03T20:16:55.672+0200] {processor.py:175} INFO - Processing /home/varun/miniconda3/envs/python38/lib/python3.8/site-packages/airflow/example_dags/plugins/listener_plugin.py took 0.018 seconds
[2025-09-03T20:17:45.538+0200] {processor.py:153} INFO - Started process (PID=4976) to work on /home/varun/miniconda3/envs/python38/lib/python3.8/site-packages/airflow/example_dags/plugins/listener_plugin.py
[2025-09-03T20:17:45.539+0200] {processor.py:743} INFO - Processing file /home/varun/miniconda3/envs/python38/lib/python3.8/site-packages/airflow/example_dags/plugins/listener_plugin.py for tasks to queue
[2025-09-03T20:17:45.540+0200] {logging_mixin.py:137} INFO - [2025-09-03T20:17:45.540+0200] {dagbag.py:532} INFO - Filling up the DagBag from /home/varun/miniconda3/envs/python38/lib/python3.8/site-packages/airflow/example_dags/plugins/listener_plugin.py
[2025-09-03T20:17:45.542+0200] {processor.py:755} WARNING - No viable dags retrieved from /home/varun/miniconda3/envs/python38/lib/python3.8/site-packages/airflow/example_dags/plugins/listener_plugin.py
[2025-09-03T20:17:45.552+0200] {processor.py:175} INFO - Processing /home/varun/miniconda3/envs/python38/lib/python3.8/site-packages/airflow/example_dags/plugins/listener_plugin.py took 0.017 seconds
[2025-09-03T20:18:29.743+0200] {processor.py:153} INFO - Started process (PID=5019) to work on /home/varun/miniconda3/envs/python38/lib/python3.8/site-packages/airflow/example_dags/plugins/listener_plugin.py
[2025-09-03T20:18:29.745+0200] {processor.py:743} INFO - Processing file /home/varun/miniconda3/envs/python38/lib/python3.8/site-packages/airflow/example_dags/plugins/listener_plugin.py for tasks to queue
[2025-09-03T20:18:29.745+0200] {logging_mixin.py:137} INFO - [2025-09-03T20:18:29.745+0200] {dagbag.py:532} INFO - Filling up the DagBag from /home/varun/miniconda3/envs/python38/lib/python3.8/site-packages/airflow/example_dags/plugins/listener_plugin.py
[2025-09-03T20:18:29.748+0200] {processor.py:755} WARNING - No viable dags retrieved from /home/varun/miniconda3/envs/python38/lib/python3.8/site-packages/airflow/example_dags/plugins/listener_plugin.py
[2025-09-03T20:18:29.758+0200] {processor.py:175} INFO - Processing /home/varun/miniconda3/envs/python38/lib/python3.8/site-packages/airflow/example_dags/plugins/listener_plugin.py took 0.019 seconds
[2025-09-03T20:19:17.999+0200] {processor.py:153} INFO - Started process (PID=5061) to work on /home/varun/miniconda3/envs/python38/lib/python3.8/site-packages/airflow/example_dags/plugins/listener_plugin.py
[2025-09-03T20:19:18.000+0200] {processor.py:743} INFO - Processing file /home/varun/miniconda3/envs/python38/lib/python3.8/site-packages/airflow/example_dags/plugins/listener_plugin.py for tasks to queue
[2025-09-03T20:19:18.001+0200] {logging_mixin.py:137} INFO - [2025-09-03T20:19:18.001+0200] {dagbag.py:532} INFO - Filling up the DagBag from /home/varun/miniconda3/envs/python38/lib/python3.8/site-packages/airflow/example_dags/plugins/listener_plugin.py
[2025-09-03T20:19:18.003+0200] {processor.py:755} WARNING - No viable dags retrieved from /home/varun/miniconda3/envs/python38/lib/python3.8/site-packages/airflow/example_dags/plugins/listener_plugin.py
[2025-09-03T20:19:18.014+0200] {processor.py:175} INFO - Processing /home/varun/miniconda3/envs/python38/lib/python3.8/site-packages/airflow/example_dags/plugins/listener_plugin.py took 0.018 seconds
[2025-09-03T20:20:10.551+0200] {processor.py:153} INFO - Started process (PID=5103) to work on /home/varun/miniconda3/envs/python38/lib/python3.8/site-packages/airflow/example_dags/plugins/listener_plugin.py
[2025-09-03T20:20:10.553+0200] {processor.py:743} INFO - Processing file /home/varun/miniconda3/envs/python38/lib/python3.8/site-packages/airflow/example_dags/plugins/listener_plugin.py for tasks to queue
[2025-09-03T20:20:10.553+0200] {logging_mixin.py:137} INFO - [2025-09-03T20:20:10.553+0200] {dagbag.py:532} INFO - Filling up the DagBag from /home/varun/miniconda3/envs/python38/lib/python3.8/site-packages/airflow/example_dags/plugins/listener_plugin.py
[2025-09-03T20:20:10.555+0200] {processor.py:755} WARNING - No viable dags retrieved from /home/varun/miniconda3/envs/python38/lib/python3.8/site-packages/airflow/example_dags/plugins/listener_plugin.py
[2025-09-03T20:20:10.564+0200] {processor.py:175} INFO - Processing /home/varun/miniconda3/envs/python38/lib/python3.8/site-packages/airflow/example_dags/plugins/listener_plugin.py took 0.016 seconds
[2025-09-03T20:21:00.748+0200] {processor.py:153} INFO - Started process (PID=5145) to work on /home/varun/miniconda3/envs/python38/lib/python3.8/site-packages/airflow/example_dags/plugins/listener_plugin.py
[2025-09-03T20:21:00.750+0200] {processor.py:743} INFO - Processing file /home/varun/miniconda3/envs/python38/lib/python3.8/site-packages/airflow/example_dags/plugins/listener_plugin.py for tasks to queue
[2025-09-03T20:21:00.751+0200] {logging_mixin.py:137} INFO - [2025-09-03T20:21:00.751+0200] {dagbag.py:532} INFO - Filling up the DagBag from /home/varun/miniconda3/envs/python38/lib/python3.8/site-packages/airflow/example_dags/plugins/listener_plugin.py
[2025-09-03T20:21:00.753+0200] {processor.py:755} WARNING - No viable dags retrieved from /home/varun/miniconda3/envs/python38/lib/python3.8/site-packages/airflow/example_dags/plugins/listener_plugin.py
[2025-09-03T20:21:00.763+0200] {processor.py:175} INFO - Processing /home/varun/miniconda3/envs/python38/lib/python3.8/site-packages/airflow/example_dags/plugins/listener_plugin.py took 0.019 seconds
[2025-09-03T20:21:48.942+0200] {processor.py:153} INFO - Started process (PID=5187) to work on /home/varun/miniconda3/envs/python38/lib/python3.8/site-packages/airflow/example_dags/plugins/listener_plugin.py
[2025-09-03T20:21:48.943+0200] {processor.py:743} INFO - Processing file /home/varun/miniconda3/envs/python38/lib/python3.8/site-packages/airflow/example_dags/plugins/listener_plugin.py for tasks to queue
[2025-09-03T20:21:48.944+0200] {logging_mixin.py:137} INFO - [2025-09-03T20:21:48.944+0200] {dagbag.py:532} INFO - Filling up the DagBag from /home/varun/miniconda3/envs/python38/lib/python3.8/site-packages/airflow/example_dags/plugins/listener_plugin.py
[2025-09-03T20:21:48.946+0200] {processor.py:755} WARNING - No viable dags retrieved from /home/varun/miniconda3/envs/python38/lib/python3.8/site-packages/airflow/example_dags/plugins/listener_plugin.py
[2025-09-03T20:21:48.955+0200] {processor.py:175} INFO - Processing /home/varun/miniconda3/envs/python38/lib/python3.8/site-packages/airflow/example_dags/plugins/listener_plugin.py took 0.016 seconds
[2025-09-03T20:22:42.587+0200] {processor.py:153} INFO - Started process (PID=5229) to work on /home/varun/miniconda3/envs/python38/lib/python3.8/site-packages/airflow/example_dags/plugins/listener_plugin.py
[2025-09-03T20:22:42.588+0200] {processor.py:743} INFO - Processing file /home/varun/miniconda3/envs/python38/lib/python3.8/site-packages/airflow/example_dags/plugins/listener_plugin.py for tasks to queue
[2025-09-03T20:22:42.589+0200] {logging_mixin.py:137} INFO - [2025-09-03T20:22:42.589+0200] {dagbag.py:532} INFO - Filling up the DagBag from /home/varun/miniconda3/envs/python38/lib/python3.8/site-packages/airflow/example_dags/plugins/listener_plugin.py
[2025-09-03T20:22:42.591+0200] {processor.py:755} WARNING - No viable dags retrieved from /home/varun/miniconda3/envs/python38/lib/python3.8/site-packages/airflow/example_dags/plugins/listener_plugin.py
[2025-09-03T20:22:42.601+0200] {processor.py:175} INFO - Processing /home/varun/miniconda3/envs/python38/lib/python3.8/site-packages/airflow/example_dags/plugins/listener_plugin.py took 0.017 seconds
[2025-09-03T20:23:31.268+0200] {processor.py:153} INFO - Started process (PID=5271) to work on /home/varun/miniconda3/envs/python38/lib/python3.8/site-packages/airflow/example_dags/plugins/listener_plugin.py
[2025-09-03T20:23:31.270+0200] {processor.py:743} INFO - Processing file /home/varun/miniconda3/envs/python38/lib/python3.8/site-packages/airflow/example_dags/plugins/listener_plugin.py for tasks to queue
[2025-09-03T20:23:31.270+0200] {logging_mixin.py:137} INFO - [2025-09-03T20:23:31.270+0200] {dagbag.py:532} INFO - Filling up the DagBag from /home/varun/miniconda3/envs/python38/lib/python3.8/site-packages/airflow/example_dags/plugins/listener_plugin.py
[2025-09-03T20:23:31.272+0200] {processor.py:755} WARNING - No viable dags retrieved from /home/varun/miniconda3/envs/python38/lib/python3.8/site-packages/airflow/example_dags/plugins/listener_plugin.py
[2025-09-03T20:23:31.286+0200] {processor.py:175} INFO - Processing /home/varun/miniconda3/envs/python38/lib/python3.8/site-packages/airflow/example_dags/plugins/listener_plugin.py took 0.021 seconds
[2025-09-03T20:24:20.535+0200] {processor.py:153} INFO - Started process (PID=5314) to work on /home/varun/miniconda3/envs/python38/lib/python3.8/site-packages/airflow/example_dags/plugins/listener_plugin.py
[2025-09-03T20:24:20.536+0200] {processor.py:743} INFO - Processing file /home/varun/miniconda3/envs/python38/lib/python3.8/site-packages/airflow/example_dags/plugins/listener_plugin.py for tasks to queue
[2025-09-03T20:24:20.537+0200] {logging_mixin.py:137} INFO - [2025-09-03T20:24:20.537+0200] {dagbag.py:532} INFO - Filling up the DagBag from /home/varun/miniconda3/envs/python38/lib/python3.8/site-packages/airflow/example_dags/plugins/listener_plugin.py
[2025-09-03T20:24:20.541+0200] {processor.py:755} WARNING - No viable dags retrieved from /home/varun/miniconda3/envs/python38/lib/python3.8/site-packages/airflow/example_dags/plugins/listener_plugin.py
[2025-09-03T20:24:20.556+0200] {processor.py:175} INFO - Processing /home/varun/miniconda3/envs/python38/lib/python3.8/site-packages/airflow/example_dags/plugins/listener_plugin.py took 0.025 seconds
[2025-09-03T20:25:06.124+0200] {processor.py:153} INFO - Started process (PID=5356) to work on /home/varun/miniconda3/envs/python38/lib/python3.8/site-packages/airflow/example_dags/plugins/listener_plugin.py
[2025-09-03T20:25:06.126+0200] {processor.py:743} INFO - Processing file /home/varun/miniconda3/envs/python38/lib/python3.8/site-packages/airflow/example_dags/plugins/listener_plugin.py for tasks to queue
[2025-09-03T20:25:06.127+0200] {logging_mixin.py:137} INFO - [2025-09-03T20:25:06.127+0200] {dagbag.py:532} INFO - Filling up the DagBag from /home/varun/miniconda3/envs/python38/lib/python3.8/site-packages/airflow/example_dags/plugins/listener_plugin.py
[2025-09-03T20:25:06.130+0200] {processor.py:755} WARNING - No viable dags retrieved from /home/varun/miniconda3/envs/python38/lib/python3.8/site-packages/airflow/example_dags/plugins/listener_plugin.py
[2025-09-03T20:25:06.138+0200] {processor.py:175} INFO - Processing /home/varun/miniconda3/envs/python38/lib/python3.8/site-packages/airflow/example_dags/plugins/listener_plugin.py took 0.017 seconds
[2025-09-03T20:25:47.923+0200] {processor.py:153} INFO - Started process (PID=5398) to work on /home/varun/miniconda3/envs/python38/lib/python3.8/site-packages/airflow/example_dags/plugins/listener_plugin.py
[2025-09-03T20:25:47.925+0200] {processor.py:743} INFO - Processing file /home/varun/miniconda3/envs/python38/lib/python3.8/site-packages/airflow/example_dags/plugins/listener_plugin.py for tasks to queue
[2025-09-03T20:25:47.925+0200] {logging_mixin.py:137} INFO - [2025-09-03T20:25:47.925+0200] {dagbag.py:532} INFO - Filling up the DagBag from /home/varun/miniconda3/envs/python38/lib/python3.8/site-packages/airflow/example_dags/plugins/listener_plugin.py
[2025-09-03T20:25:47.927+0200] {processor.py:755} WARNING - No viable dags retrieved from /home/varun/miniconda3/envs/python38/lib/python3.8/site-packages/airflow/example_dags/plugins/listener_plugin.py
[2025-09-03T20:25:47.936+0200] {processor.py:175} INFO - Processing /home/varun/miniconda3/envs/python38/lib/python3.8/site-packages/airflow/example_dags/plugins/listener_plugin.py took 0.015 seconds
[2025-09-03T20:26:34.498+0200] {processor.py:153} INFO - Started process (PID=5440) to work on /home/varun/miniconda3/envs/python38/lib/python3.8/site-packages/airflow/example_dags/plugins/listener_plugin.py
[2025-09-03T20:26:34.500+0200] {processor.py:743} INFO - Processing file /home/varun/miniconda3/envs/python38/lib/python3.8/site-packages/airflow/example_dags/plugins/listener_plugin.py for tasks to queue
[2025-09-03T20:26:34.501+0200] {logging_mixin.py:137} INFO - [2025-09-03T20:26:34.500+0200] {dagbag.py:532} INFO - Filling up the DagBag from /home/varun/miniconda3/envs/python38/lib/python3.8/site-packages/airflow/example_dags/plugins/listener_plugin.py
[2025-09-03T20:26:34.503+0200] {processor.py:755} WARNING - No viable dags retrieved from /home/varun/miniconda3/envs/python38/lib/python3.8/site-packages/airflow/example_dags/plugins/listener_plugin.py
[2025-09-03T20:26:34.514+0200] {processor.py:175} INFO - Processing /home/varun/miniconda3/envs/python38/lib/python3.8/site-packages/airflow/example_dags/plugins/listener_plugin.py took 0.021 seconds
[2025-09-03T20:27:23.911+0200] {processor.py:153} INFO - Started process (PID=5482) to work on /home/varun/miniconda3/envs/python38/lib/python3.8/site-packages/airflow/example_dags/plugins/listener_plugin.py
[2025-09-03T20:27:23.913+0200] {processor.py:743} INFO - Processing file /home/varun/miniconda3/envs/python38/lib/python3.8/site-packages/airflow/example_dags/plugins/listener_plugin.py for tasks to queue
[2025-09-03T20:27:23.914+0200] {logging_mixin.py:137} INFO - [2025-09-03T20:27:23.914+0200] {dagbag.py:532} INFO - Filling up the DagBag from /home/varun/miniconda3/envs/python38/lib/python3.8/site-packages/airflow/example_dags/plugins/listener_plugin.py
[2025-09-03T20:27:23.916+0200] {processor.py:755} WARNING - No viable dags retrieved from /home/varun/miniconda3/envs/python38/lib/python3.8/site-packages/airflow/example_dags/plugins/listener_plugin.py
[2025-09-03T20:27:23.925+0200] {processor.py:175} INFO - Processing /home/varun/miniconda3/envs/python38/lib/python3.8/site-packages/airflow/example_dags/plugins/listener_plugin.py took 0.017 seconds
[2025-09-03T20:28:10.396+0200] {processor.py:153} INFO - Started process (PID=5524) to work on /home/varun/miniconda3/envs/python38/lib/python3.8/site-packages/airflow/example_dags/plugins/listener_plugin.py
[2025-09-03T20:28:10.398+0200] {processor.py:743} INFO - Processing file /home/varun/miniconda3/envs/python38/lib/python3.8/site-packages/airflow/example_dags/plugins/listener_plugin.py for tasks to queue
[2025-09-03T20:28:10.398+0200] {logging_mixin.py:137} INFO - [2025-09-03T20:28:10.398+0200] {dagbag.py:532} INFO - Filling up the DagBag from /home/varun/miniconda3/envs/python38/lib/python3.8/site-packages/airflow/example_dags/plugins/listener_plugin.py
[2025-09-03T20:28:10.401+0200] {processor.py:755} WARNING - No viable dags retrieved from /home/varun/miniconda3/envs/python38/lib/python3.8/site-packages/airflow/example_dags/plugins/listener_plugin.py
[2025-09-03T20:28:10.411+0200] {processor.py:175} INFO - Processing /home/varun/miniconda3/envs/python38/lib/python3.8/site-packages/airflow/example_dags/plugins/listener_plugin.py took 0.020 seconds
[2025-09-03T20:28:56.250+0200] {processor.py:153} INFO - Started process (PID=5566) to work on /home/varun/miniconda3/envs/python38/lib/python3.8/site-packages/airflow/example_dags/plugins/listener_plugin.py
[2025-09-03T20:28:56.251+0200] {processor.py:743} INFO - Processing file /home/varun/miniconda3/envs/python38/lib/python3.8/site-packages/airflow/example_dags/plugins/listener_plugin.py for tasks to queue
[2025-09-03T20:28:56.252+0200] {logging_mixin.py:137} INFO - [2025-09-03T20:28:56.252+0200] {dagbag.py:532} INFO - Filling up the DagBag from /home/varun/miniconda3/envs/python38/lib/python3.8/site-packages/airflow/example_dags/plugins/listener_plugin.py
[2025-09-03T20:28:56.254+0200] {processor.py:755} WARNING - No viable dags retrieved from /home/varun/miniconda3/envs/python38/lib/python3.8/site-packages/airflow/example_dags/plugins/listener_plugin.py
[2025-09-03T20:28:56.263+0200] {processor.py:175} INFO - Processing /home/varun/miniconda3/envs/python38/lib/python3.8/site-packages/airflow/example_dags/plugins/listener_plugin.py took 0.017 seconds
[2025-09-03T20:29:46.029+0200] {processor.py:153} INFO - Started process (PID=5609) to work on /home/varun/miniconda3/envs/python38/lib/python3.8/site-packages/airflow/example_dags/plugins/listener_plugin.py
[2025-09-03T20:29:46.031+0200] {processor.py:743} INFO - Processing file /home/varun/miniconda3/envs/python38/lib/python3.8/site-packages/airflow/example_dags/plugins/listener_plugin.py for tasks to queue
[2025-09-03T20:29:46.031+0200] {logging_mixin.py:137} INFO - [2025-09-03T20:29:46.031+0200] {dagbag.py:532} INFO - Filling up the DagBag from /home/varun/miniconda3/envs/python38/lib/python3.8/site-packages/airflow/example_dags/plugins/listener_plugin.py
[2025-09-03T20:29:46.035+0200] {processor.py:755} WARNING - No viable dags retrieved from /home/varun/miniconda3/envs/python38/lib/python3.8/site-packages/airflow/example_dags/plugins/listener_plugin.py
[2025-09-03T20:29:46.044+0200] {processor.py:175} INFO - Processing /home/varun/miniconda3/envs/python38/lib/python3.8/site-packages/airflow/example_dags/plugins/listener_plugin.py took 0.017 seconds
[2025-09-03T20:30:30.880+0200] {processor.py:153} INFO - Started process (PID=5651) to work on /home/varun/miniconda3/envs/python38/lib/python3.8/site-packages/airflow/example_dags/plugins/listener_plugin.py
[2025-09-03T20:30:30.882+0200] {processor.py:743} INFO - Processing file /home/varun/miniconda3/envs/python38/lib/python3.8/site-packages/airflow/example_dags/plugins/listener_plugin.py for tasks to queue
[2025-09-03T20:30:30.882+0200] {logging_mixin.py:137} INFO - [2025-09-03T20:30:30.882+0200] {dagbag.py:532} INFO - Filling up the DagBag from /home/varun/miniconda3/envs/python38/lib/python3.8/site-packages/airflow/example_dags/plugins/listener_plugin.py
[2025-09-03T20:30:30.884+0200] {processor.py:755} WARNING - No viable dags retrieved from /home/varun/miniconda3/envs/python38/lib/python3.8/site-packages/airflow/example_dags/plugins/listener_plugin.py
[2025-09-03T20:30:30.893+0200] {processor.py:175} INFO - Processing /home/varun/miniconda3/envs/python38/lib/python3.8/site-packages/airflow/example_dags/plugins/listener_plugin.py took 0.016 seconds
[2025-09-03T20:31:14.564+0200] {processor.py:153} INFO - Started process (PID=5693) to work on /home/varun/miniconda3/envs/python38/lib/python3.8/site-packages/airflow/example_dags/plugins/listener_plugin.py
[2025-09-03T20:31:14.565+0200] {processor.py:743} INFO - Processing file /home/varun/miniconda3/envs/python38/lib/python3.8/site-packages/airflow/example_dags/plugins/listener_plugin.py for tasks to queue
[2025-09-03T20:31:14.566+0200] {logging_mixin.py:137} INFO - [2025-09-03T20:31:14.566+0200] {dagbag.py:532} INFO - Filling up the DagBag from /home/varun/miniconda3/envs/python38/lib/python3.8/site-packages/airflow/example_dags/plugins/listener_plugin.py
[2025-09-03T20:31:14.569+0200] {processor.py:755} WARNING - No viable dags retrieved from /home/varun/miniconda3/envs/python38/lib/python3.8/site-packages/airflow/example_dags/plugins/listener_plugin.py
[2025-09-03T20:31:14.579+0200] {processor.py:175} INFO - Processing /home/varun/miniconda3/envs/python38/lib/python3.8/site-packages/airflow/example_dags/plugins/listener_plugin.py took 0.018 seconds
[2025-09-03T20:32:04.270+0200] {processor.py:153} INFO - Started process (PID=5735) to work on /home/varun/miniconda3/envs/python38/lib/python3.8/site-packages/airflow/example_dags/plugins/listener_plugin.py
[2025-09-03T20:32:04.272+0200] {processor.py:743} INFO - Processing file /home/varun/miniconda3/envs/python38/lib/python3.8/site-packages/airflow/example_dags/plugins/listener_plugin.py for tasks to queue
[2025-09-03T20:32:04.273+0200] {logging_mixin.py:137} INFO - [2025-09-03T20:32:04.273+0200] {dagbag.py:532} INFO - Filling up the DagBag from /home/varun/miniconda3/envs/python38/lib/python3.8/site-packages/airflow/example_dags/plugins/listener_plugin.py
[2025-09-03T20:32:04.276+0200] {processor.py:755} WARNING - No viable dags retrieved from /home/varun/miniconda3/envs/python38/lib/python3.8/site-packages/airflow/example_dags/plugins/listener_plugin.py
[2025-09-03T20:32:04.285+0200] {processor.py:175} INFO - Processing /home/varun/miniconda3/envs/python38/lib/python3.8/site-packages/airflow/example_dags/plugins/listener_plugin.py took 0.018 seconds
[2025-09-03T20:32:47.902+0200] {processor.py:153} INFO - Started process (PID=5777) to work on /home/varun/miniconda3/envs/python38/lib/python3.8/site-packages/airflow/example_dags/plugins/listener_plugin.py
[2025-09-03T20:32:47.903+0200] {processor.py:743} INFO - Processing file /home/varun/miniconda3/envs/python38/lib/python3.8/site-packages/airflow/example_dags/plugins/listener_plugin.py for tasks to queue
[2025-09-03T20:32:47.904+0200] {logging_mixin.py:137} INFO - [2025-09-03T20:32:47.904+0200] {dagbag.py:532} INFO - Filling up the DagBag from /home/varun/miniconda3/envs/python38/lib/python3.8/site-packages/airflow/example_dags/plugins/listener_plugin.py
[2025-09-03T20:32:47.907+0200] {processor.py:755} WARNING - No viable dags retrieved from /home/varun/miniconda3/envs/python38/lib/python3.8/site-packages/airflow/example_dags/plugins/listener_plugin.py
[2025-09-03T20:32:47.918+0200] {processor.py:175} INFO - Processing /home/varun/miniconda3/envs/python38/lib/python3.8/site-packages/airflow/example_dags/plugins/listener_plugin.py took 0.020 seconds
[2025-09-03T20:33:33.705+0200] {processor.py:153} INFO - Started process (PID=5819) to work on /home/varun/miniconda3/envs/python38/lib/python3.8/site-packages/airflow/example_dags/plugins/listener_plugin.py
[2025-09-03T20:33:33.706+0200] {processor.py:743} INFO - Processing file /home/varun/miniconda3/envs/python38/lib/python3.8/site-packages/airflow/example_dags/plugins/listener_plugin.py for tasks to queue
[2025-09-03T20:33:33.707+0200] {logging_mixin.py:137} INFO - [2025-09-03T20:33:33.707+0200] {dagbag.py:532} INFO - Filling up the DagBag from /home/varun/miniconda3/envs/python38/lib/python3.8/site-packages/airflow/example_dags/plugins/listener_plugin.py
[2025-09-03T20:33:33.709+0200] {processor.py:755} WARNING - No viable dags retrieved from /home/varun/miniconda3/envs/python38/lib/python3.8/site-packages/airflow/example_dags/plugins/listener_plugin.py
[2025-09-03T20:33:33.717+0200] {processor.py:175} INFO - Processing /home/varun/miniconda3/envs/python38/lib/python3.8/site-packages/airflow/example_dags/plugins/listener_plugin.py took 0.016 seconds
[2025-09-03T20:34:19.121+0200] {processor.py:153} INFO - Started process (PID=5861) to work on /home/varun/miniconda3/envs/python38/lib/python3.8/site-packages/airflow/example_dags/plugins/listener_plugin.py
[2025-09-03T20:34:19.122+0200] {processor.py:743} INFO - Processing file /home/varun/miniconda3/envs/python38/lib/python3.8/site-packages/airflow/example_dags/plugins/listener_plugin.py for tasks to queue
[2025-09-03T20:34:19.122+0200] {logging_mixin.py:137} INFO - [2025-09-03T20:34:19.122+0200] {dagbag.py:532} INFO - Filling up the DagBag from /home/varun/miniconda3/envs/python38/lib/python3.8/site-packages/airflow/example_dags/plugins/listener_plugin.py
[2025-09-03T20:34:19.124+0200] {processor.py:755} WARNING - No viable dags retrieved from /home/varun/miniconda3/envs/python38/lib/python3.8/site-packages/airflow/example_dags/plugins/listener_plugin.py
[2025-09-03T20:34:19.134+0200] {processor.py:175} INFO - Processing /home/varun/miniconda3/envs/python38/lib/python3.8/site-packages/airflow/example_dags/plugins/listener_plugin.py took 0.017 seconds
[2025-09-03T20:35:06.809+0200] {processor.py:153} INFO - Started process (PID=5904) to work on /home/varun/miniconda3/envs/python38/lib/python3.8/site-packages/airflow/example_dags/plugins/listener_plugin.py
[2025-09-03T20:35:06.811+0200] {processor.py:743} INFO - Processing file /home/varun/miniconda3/envs/python38/lib/python3.8/site-packages/airflow/example_dags/plugins/listener_plugin.py for tasks to queue
[2025-09-03T20:35:06.812+0200] {logging_mixin.py:137} INFO - [2025-09-03T20:35:06.811+0200] {dagbag.py:532} INFO - Filling up the DagBag from /home/varun/miniconda3/envs/python38/lib/python3.8/site-packages/airflow/example_dags/plugins/listener_plugin.py
[2025-09-03T20:35:06.814+0200] {processor.py:755} WARNING - No viable dags retrieved from /home/varun/miniconda3/envs/python38/lib/python3.8/site-packages/airflow/example_dags/plugins/listener_plugin.py
[2025-09-03T20:35:06.824+0200] {processor.py:175} INFO - Processing /home/varun/miniconda3/envs/python38/lib/python3.8/site-packages/airflow/example_dags/plugins/listener_plugin.py took 0.018 seconds
[2025-09-03T20:35:51.311+0200] {processor.py:153} INFO - Started process (PID=5946) to work on /home/varun/miniconda3/envs/python38/lib/python3.8/site-packages/airflow/example_dags/plugins/listener_plugin.py
[2025-09-03T20:35:51.312+0200] {processor.py:743} INFO - Processing file /home/varun/miniconda3/envs/python38/lib/python3.8/site-packages/airflow/example_dags/plugins/listener_plugin.py for tasks to queue
[2025-09-03T20:35:51.313+0200] {logging_mixin.py:137} INFO - [2025-09-03T20:35:51.313+0200] {dagbag.py:532} INFO - Filling up the DagBag from /home/varun/miniconda3/envs/python38/lib/python3.8/site-packages/airflow/example_dags/plugins/listener_plugin.py
[2025-09-03T20:35:51.315+0200] {processor.py:755} WARNING - No viable dags retrieved from /home/varun/miniconda3/envs/python38/lib/python3.8/site-packages/airflow/example_dags/plugins/listener_plugin.py
[2025-09-03T20:35:51.324+0200] {processor.py:175} INFO - Processing /home/varun/miniconda3/envs/python38/lib/python3.8/site-packages/airflow/example_dags/plugins/listener_plugin.py took 0.016 seconds
[2025-09-03T20:36:37.227+0200] {processor.py:153} INFO - Started process (PID=5988) to work on /home/varun/miniconda3/envs/python38/lib/python3.8/site-packages/airflow/example_dags/plugins/listener_plugin.py
[2025-09-03T20:36:37.229+0200] {processor.py:743} INFO - Processing file /home/varun/miniconda3/envs/python38/lib/python3.8/site-packages/airflow/example_dags/plugins/listener_plugin.py for tasks to queue
[2025-09-03T20:36:37.230+0200] {logging_mixin.py:137} INFO - [2025-09-03T20:36:37.230+0200] {dagbag.py:532} INFO - Filling up the DagBag from /home/varun/miniconda3/envs/python38/lib/python3.8/site-packages/airflow/example_dags/plugins/listener_plugin.py
[2025-09-03T20:36:37.233+0200] {processor.py:755} WARNING - No viable dags retrieved from /home/varun/miniconda3/envs/python38/lib/python3.8/site-packages/airflow/example_dags/plugins/listener_plugin.py
[2025-09-03T20:36:37.244+0200] {processor.py:175} INFO - Processing /home/varun/miniconda3/envs/python38/lib/python3.8/site-packages/airflow/example_dags/plugins/listener_plugin.py took 0.021 seconds
