[2025-09-03T19:42:20.028+0200] {processor.py:153} INFO - Started process (PID=3088) to work on /home/varun/miniconda3/envs/python38/lib/python3.8/site-packages/airflow/example_dags/example_nested_branch_dag.py
[2025-09-03T19:42:20.029+0200] {processor.py:743} INFO - Processing file /home/varun/miniconda3/envs/python38/lib/python3.8/site-packages/airflow/example_dags/example_nested_branch_dag.py for tasks to queue
[2025-09-03T19:42:20.030+0200] {logging_mixin.py:137} INFO - [2025-09-03T19:42:20.030+0200] {dagbag.py:532} INFO - Filling up the DagBag from /home/varun/miniconda3/envs/python38/lib/python3.8/site-packages/airflow/example_dags/example_nested_branch_dag.py
[2025-09-03T19:42:20.055+0200] {processor.py:753} INFO - DAG(s) dict_keys(['example_nested_branch_dag']) retrieved from /home/varun/miniconda3/envs/python38/lib/python3.8/site-packages/airflow/example_dags/example_nested_branch_dag.py
[2025-09-03T19:42:20.145+0200] {logging_mixin.py:137} INFO - [2025-09-03T19:42:20.144+0200] {manager.py:504} INFO - Created Permission View: can edit on DAG:example_nested_branch_dag
[2025-09-03T19:42:20.156+0200] {logging_mixin.py:137} INFO - [2025-09-03T19:42:20.155+0200] {manager.py:504} INFO - Created Permission View: can delete on DAG:example_nested_branch_dag
[2025-09-03T19:42:20.168+0200] {logging_mixin.py:137} INFO - [2025-09-03T19:42:20.168+0200] {manager.py:504} INFO - Created Permission View: can read on DAG:example_nested_branch_dag
[2025-09-03T19:42:20.168+0200] {logging_mixin.py:137} INFO - [2025-09-03T19:42:20.168+0200] {dag.py:2705} INFO - Sync 1 DAGs
[2025-09-03T19:42:20.176+0200] {logging_mixin.py:137} INFO - [2025-09-03T19:42:20.176+0200] {dag.py:2726} INFO - Creating ORM DAG for example_nested_branch_dag
[2025-09-03T19:42:20.184+0200] {logging_mixin.py:137} INFO - [2025-09-03T19:42:20.184+0200] {dag.py:3452} INFO - Setting next_dagrun for example_nested_branch_dag to 2025-09-02T00:00:00+00:00, run_after=2025-09-03T00:00:00+00:00
[2025-09-03T19:42:20.208+0200] {processor.py:175} INFO - Processing /home/varun/miniconda3/envs/python38/lib/python3.8/site-packages/airflow/example_dags/example_nested_branch_dag.py took 0.183 seconds
[2025-09-03T19:43:14.694+0200] {processor.py:153} INFO - Started process (PID=3130) to work on /home/varun/miniconda3/envs/python38/lib/python3.8/site-packages/airflow/example_dags/example_nested_branch_dag.py
[2025-09-03T19:43:14.696+0200] {processor.py:743} INFO - Processing file /home/varun/miniconda3/envs/python38/lib/python3.8/site-packages/airflow/example_dags/example_nested_branch_dag.py for tasks to queue
[2025-09-03T19:43:14.697+0200] {logging_mixin.py:137} INFO - [2025-09-03T19:43:14.696+0200] {dagbag.py:532} INFO - Filling up the DagBag from /home/varun/miniconda3/envs/python38/lib/python3.8/site-packages/airflow/example_dags/example_nested_branch_dag.py
[2025-09-03T19:43:14.727+0200] {processor.py:753} INFO - DAG(s) dict_keys(['example_nested_branch_dag']) retrieved from /home/varun/miniconda3/envs/python38/lib/python3.8/site-packages/airflow/example_dags/example_nested_branch_dag.py
[2025-09-03T19:43:14.748+0200] {logging_mixin.py:137} INFO - [2025-09-03T19:43:14.748+0200] {dag.py:2705} INFO - Sync 1 DAGs
[2025-09-03T19:43:14.766+0200] {logging_mixin.py:137} INFO - [2025-09-03T19:43:14.765+0200] {dag.py:3452} INFO - Setting next_dagrun for example_nested_branch_dag to 2025-09-02T00:00:00+00:00, run_after=2025-09-03T00:00:00+00:00
[2025-09-03T19:43:14.791+0200] {processor.py:175} INFO - Processing /home/varun/miniconda3/envs/python38/lib/python3.8/site-packages/airflow/example_dags/example_nested_branch_dag.py took 0.100 seconds
[2025-09-03T19:44:00.944+0200] {processor.py:153} INFO - Started process (PID=3172) to work on /home/varun/miniconda3/envs/python38/lib/python3.8/site-packages/airflow/example_dags/example_nested_branch_dag.py
[2025-09-03T19:44:00.945+0200] {processor.py:743} INFO - Processing file /home/varun/miniconda3/envs/python38/lib/python3.8/site-packages/airflow/example_dags/example_nested_branch_dag.py for tasks to queue
[2025-09-03T19:44:00.947+0200] {logging_mixin.py:137} INFO - [2025-09-03T19:44:00.946+0200] {dagbag.py:532} INFO - Filling up the DagBag from /home/varun/miniconda3/envs/python38/lib/python3.8/site-packages/airflow/example_dags/example_nested_branch_dag.py
[2025-09-03T19:44:00.971+0200] {processor.py:753} INFO - DAG(s) dict_keys(['example_nested_branch_dag']) retrieved from /home/varun/miniconda3/envs/python38/lib/python3.8/site-packages/airflow/example_dags/example_nested_branch_dag.py
[2025-09-03T19:44:00.997+0200] {logging_mixin.py:137} INFO - [2025-09-03T19:44:00.997+0200] {dag.py:2705} INFO - Sync 1 DAGs
[2025-09-03T19:44:01.020+0200] {logging_mixin.py:137} INFO - [2025-09-03T19:44:01.020+0200] {dag.py:3452} INFO - Setting next_dagrun for example_nested_branch_dag to 2025-09-02T00:00:00+00:00, run_after=2025-09-03T00:00:00+00:00
[2025-09-03T19:44:01.045+0200] {processor.py:175} INFO - Processing /home/varun/miniconda3/envs/python38/lib/python3.8/site-packages/airflow/example_dags/example_nested_branch_dag.py took 0.105 seconds
[2025-09-03T19:44:47.424+0200] {processor.py:153} INFO - Started process (PID=3214) to work on /home/varun/miniconda3/envs/python38/lib/python3.8/site-packages/airflow/example_dags/example_nested_branch_dag.py
[2025-09-03T19:44:47.425+0200] {processor.py:743} INFO - Processing file /home/varun/miniconda3/envs/python38/lib/python3.8/site-packages/airflow/example_dags/example_nested_branch_dag.py for tasks to queue
[2025-09-03T19:44:47.426+0200] {logging_mixin.py:137} INFO - [2025-09-03T19:44:47.426+0200] {dagbag.py:532} INFO - Filling up the DagBag from /home/varun/miniconda3/envs/python38/lib/python3.8/site-packages/airflow/example_dags/example_nested_branch_dag.py
[2025-09-03T19:44:47.448+0200] {processor.py:753} INFO - DAG(s) dict_keys(['example_nested_branch_dag']) retrieved from /home/varun/miniconda3/envs/python38/lib/python3.8/site-packages/airflow/example_dags/example_nested_branch_dag.py
[2025-09-03T19:44:47.471+0200] {logging_mixin.py:137} INFO - [2025-09-03T19:44:47.471+0200] {dag.py:2705} INFO - Sync 1 DAGs
[2025-09-03T19:44:47.497+0200] {logging_mixin.py:137} INFO - [2025-09-03T19:44:47.497+0200] {dag.py:3452} INFO - Setting next_dagrun for example_nested_branch_dag to 2025-09-02T00:00:00+00:00, run_after=2025-09-03T00:00:00+00:00
[2025-09-03T19:44:47.522+0200] {processor.py:175} INFO - Processing /home/varun/miniconda3/envs/python38/lib/python3.8/site-packages/airflow/example_dags/example_nested_branch_dag.py took 0.101 seconds
[2025-09-03T19:45:38.188+0200] {processor.py:153} INFO - Started process (PID=3285) to work on /home/varun/miniconda3/envs/python38/lib/python3.8/site-packages/airflow/example_dags/example_nested_branch_dag.py
[2025-09-03T19:45:38.190+0200] {processor.py:743} INFO - Processing file /home/varun/miniconda3/envs/python38/lib/python3.8/site-packages/airflow/example_dags/example_nested_branch_dag.py for tasks to queue
[2025-09-03T19:45:38.190+0200] {logging_mixin.py:137} INFO - [2025-09-03T19:45:38.190+0200] {dagbag.py:532} INFO - Filling up the DagBag from /home/varun/miniconda3/envs/python38/lib/python3.8/site-packages/airflow/example_dags/example_nested_branch_dag.py
[2025-09-03T19:45:38.211+0200] {processor.py:753} INFO - DAG(s) dict_keys(['example_nested_branch_dag']) retrieved from /home/varun/miniconda3/envs/python38/lib/python3.8/site-packages/airflow/example_dags/example_nested_branch_dag.py
[2025-09-03T19:45:38.229+0200] {logging_mixin.py:137} INFO - [2025-09-03T19:45:38.228+0200] {dag.py:2705} INFO - Sync 1 DAGs
[2025-09-03T19:45:38.245+0200] {logging_mixin.py:137} INFO - [2025-09-03T19:45:38.245+0200] {dag.py:3452} INFO - Setting next_dagrun for example_nested_branch_dag to 2025-09-02T00:00:00+00:00, run_after=2025-09-03T00:00:00+00:00
[2025-09-03T19:45:38.267+0200] {processor.py:175} INFO - Processing /home/varun/miniconda3/envs/python38/lib/python3.8/site-packages/airflow/example_dags/example_nested_branch_dag.py took 0.082 seconds
[2025-09-03T19:46:22.203+0200] {processor.py:153} INFO - Started process (PID=3330) to work on /home/varun/miniconda3/envs/python38/lib/python3.8/site-packages/airflow/example_dags/example_nested_branch_dag.py
[2025-09-03T19:46:22.204+0200] {processor.py:743} INFO - Processing file /home/varun/miniconda3/envs/python38/lib/python3.8/site-packages/airflow/example_dags/example_nested_branch_dag.py for tasks to queue
[2025-09-03T19:46:22.205+0200] {logging_mixin.py:137} INFO - [2025-09-03T19:46:22.205+0200] {dagbag.py:532} INFO - Filling up the DagBag from /home/varun/miniconda3/envs/python38/lib/python3.8/site-packages/airflow/example_dags/example_nested_branch_dag.py
[2025-09-03T19:46:22.231+0200] {processor.py:753} INFO - DAG(s) dict_keys(['example_nested_branch_dag']) retrieved from /home/varun/miniconda3/envs/python38/lib/python3.8/site-packages/airflow/example_dags/example_nested_branch_dag.py
[2025-09-03T19:46:22.253+0200] {logging_mixin.py:137} INFO - [2025-09-03T19:46:22.253+0200] {dag.py:2705} INFO - Sync 1 DAGs
[2025-09-03T19:46:22.276+0200] {logging_mixin.py:137} INFO - [2025-09-03T19:46:22.275+0200] {dag.py:3452} INFO - Setting next_dagrun for example_nested_branch_dag to 2025-09-02T00:00:00+00:00, run_after=2025-09-03T00:00:00+00:00
[2025-09-03T19:46:22.305+0200] {processor.py:175} INFO - Processing /home/varun/miniconda3/envs/python38/lib/python3.8/site-packages/airflow/example_dags/example_nested_branch_dag.py took 0.106 seconds
[2025-09-03T19:47:08.803+0200] {processor.py:153} INFO - Started process (PID=3383) to work on /home/varun/miniconda3/envs/python38/lib/python3.8/site-packages/airflow/example_dags/example_nested_branch_dag.py
[2025-09-03T19:47:08.806+0200] {processor.py:743} INFO - Processing file /home/varun/miniconda3/envs/python38/lib/python3.8/site-packages/airflow/example_dags/example_nested_branch_dag.py for tasks to queue
[2025-09-03T19:47:08.809+0200] {logging_mixin.py:137} INFO - [2025-09-03T19:47:08.809+0200] {dagbag.py:532} INFO - Filling up the DagBag from /home/varun/miniconda3/envs/python38/lib/python3.8/site-packages/airflow/example_dags/example_nested_branch_dag.py
[2025-09-03T19:47:08.852+0200] {processor.py:753} INFO - DAG(s) dict_keys(['example_nested_branch_dag']) retrieved from /home/varun/miniconda3/envs/python38/lib/python3.8/site-packages/airflow/example_dags/example_nested_branch_dag.py
[2025-09-03T19:47:08.891+0200] {logging_mixin.py:137} INFO - [2025-09-03T19:47:08.891+0200] {dag.py:2705} INFO - Sync 1 DAGs
[2025-09-03T19:47:08.921+0200] {logging_mixin.py:137} INFO - [2025-09-03T19:47:08.921+0200] {dag.py:3452} INFO - Setting next_dagrun for example_nested_branch_dag to 2025-09-02T00:00:00+00:00, run_after=2025-09-03T00:00:00+00:00
[2025-09-03T19:47:08.963+0200] {processor.py:175} INFO - Processing /home/varun/miniconda3/envs/python38/lib/python3.8/site-packages/airflow/example_dags/example_nested_branch_dag.py took 0.169 seconds
[2025-09-03T19:47:57.140+0200] {processor.py:153} INFO - Started process (PID=3425) to work on /home/varun/miniconda3/envs/python38/lib/python3.8/site-packages/airflow/example_dags/example_nested_branch_dag.py
[2025-09-03T19:47:57.141+0200] {processor.py:743} INFO - Processing file /home/varun/miniconda3/envs/python38/lib/python3.8/site-packages/airflow/example_dags/example_nested_branch_dag.py for tasks to queue
[2025-09-03T19:47:57.142+0200] {logging_mixin.py:137} INFO - [2025-09-03T19:47:57.142+0200] {dagbag.py:532} INFO - Filling up the DagBag from /home/varun/miniconda3/envs/python38/lib/python3.8/site-packages/airflow/example_dags/example_nested_branch_dag.py
[2025-09-03T19:47:57.165+0200] {processor.py:753} INFO - DAG(s) dict_keys(['example_nested_branch_dag']) retrieved from /home/varun/miniconda3/envs/python38/lib/python3.8/site-packages/airflow/example_dags/example_nested_branch_dag.py
[2025-09-03T19:47:57.187+0200] {logging_mixin.py:137} INFO - [2025-09-03T19:47:57.186+0200] {dag.py:2705} INFO - Sync 1 DAGs
[2025-09-03T19:47:57.206+0200] {logging_mixin.py:137} INFO - [2025-09-03T19:47:57.205+0200] {dag.py:3452} INFO - Setting next_dagrun for example_nested_branch_dag to 2025-09-02T00:00:00+00:00, run_after=2025-09-03T00:00:00+00:00
[2025-09-03T19:47:57.228+0200] {processor.py:175} INFO - Processing /home/varun/miniconda3/envs/python38/lib/python3.8/site-packages/airflow/example_dags/example_nested_branch_dag.py took 0.091 seconds
[2025-09-03T19:48:44.790+0200] {processor.py:153} INFO - Started process (PID=3467) to work on /home/varun/miniconda3/envs/python38/lib/python3.8/site-packages/airflow/example_dags/example_nested_branch_dag.py
[2025-09-03T19:48:44.792+0200] {processor.py:743} INFO - Processing file /home/varun/miniconda3/envs/python38/lib/python3.8/site-packages/airflow/example_dags/example_nested_branch_dag.py for tasks to queue
[2025-09-03T19:48:44.793+0200] {logging_mixin.py:137} INFO - [2025-09-03T19:48:44.793+0200] {dagbag.py:532} INFO - Filling up the DagBag from /home/varun/miniconda3/envs/python38/lib/python3.8/site-packages/airflow/example_dags/example_nested_branch_dag.py
[2025-09-03T19:48:44.822+0200] {processor.py:753} INFO - DAG(s) dict_keys(['example_nested_branch_dag']) retrieved from /home/varun/miniconda3/envs/python38/lib/python3.8/site-packages/airflow/example_dags/example_nested_branch_dag.py
[2025-09-03T19:48:44.850+0200] {logging_mixin.py:137} INFO - [2025-09-03T19:48:44.850+0200] {dag.py:2705} INFO - Sync 1 DAGs
[2025-09-03T19:48:44.875+0200] {logging_mixin.py:137} INFO - [2025-09-03T19:48:44.874+0200] {dag.py:3452} INFO - Setting next_dagrun for example_nested_branch_dag to 2025-09-02T00:00:00+00:00, run_after=2025-09-03T00:00:00+00:00
[2025-09-03T19:48:44.907+0200] {processor.py:175} INFO - Processing /home/varun/miniconda3/envs/python38/lib/python3.8/site-packages/airflow/example_dags/example_nested_branch_dag.py took 0.122 seconds
[2025-09-03T19:49:32.719+0200] {processor.py:153} INFO - Started process (PID=3509) to work on /home/varun/miniconda3/envs/python38/lib/python3.8/site-packages/airflow/example_dags/example_nested_branch_dag.py
[2025-09-03T19:49:32.721+0200] {processor.py:743} INFO - Processing file /home/varun/miniconda3/envs/python38/lib/python3.8/site-packages/airflow/example_dags/example_nested_branch_dag.py for tasks to queue
[2025-09-03T19:49:32.723+0200] {logging_mixin.py:137} INFO - [2025-09-03T19:49:32.723+0200] {dagbag.py:532} INFO - Filling up the DagBag from /home/varun/miniconda3/envs/python38/lib/python3.8/site-packages/airflow/example_dags/example_nested_branch_dag.py
[2025-09-03T19:49:32.749+0200] {processor.py:753} INFO - DAG(s) dict_keys(['example_nested_branch_dag']) retrieved from /home/varun/miniconda3/envs/python38/lib/python3.8/site-packages/airflow/example_dags/example_nested_branch_dag.py
[2025-09-03T19:49:32.781+0200] {logging_mixin.py:137} INFO - [2025-09-03T19:49:32.781+0200] {dag.py:2705} INFO - Sync 1 DAGs
[2025-09-03T19:49:32.806+0200] {logging_mixin.py:137} INFO - [2025-09-03T19:49:32.806+0200] {dag.py:3452} INFO - Setting next_dagrun for example_nested_branch_dag to 2025-09-02T00:00:00+00:00, run_after=2025-09-03T00:00:00+00:00
[2025-09-03T19:49:32.838+0200] {processor.py:175} INFO - Processing /home/varun/miniconda3/envs/python38/lib/python3.8/site-packages/airflow/example_dags/example_nested_branch_dag.py took 0.123 seconds
[2025-09-03T19:50:23.823+0200] {processor.py:153} INFO - Started process (PID=3560) to work on /home/varun/miniconda3/envs/python38/lib/python3.8/site-packages/airflow/example_dags/example_nested_branch_dag.py
[2025-09-03T19:50:23.825+0200] {processor.py:743} INFO - Processing file /home/varun/miniconda3/envs/python38/lib/python3.8/site-packages/airflow/example_dags/example_nested_branch_dag.py for tasks to queue
[2025-09-03T19:50:23.825+0200] {logging_mixin.py:137} INFO - [2025-09-03T19:50:23.825+0200] {dagbag.py:532} INFO - Filling up the DagBag from /home/varun/miniconda3/envs/python38/lib/python3.8/site-packages/airflow/example_dags/example_nested_branch_dag.py
[2025-09-03T19:50:23.853+0200] {processor.py:753} INFO - DAG(s) dict_keys(['example_nested_branch_dag']) retrieved from /home/varun/miniconda3/envs/python38/lib/python3.8/site-packages/airflow/example_dags/example_nested_branch_dag.py
[2025-09-03T19:50:23.879+0200] {logging_mixin.py:137} INFO - [2025-09-03T19:50:23.879+0200] {dag.py:2705} INFO - Sync 1 DAGs
[2025-09-03T19:50:23.904+0200] {logging_mixin.py:137} INFO - [2025-09-03T19:50:23.904+0200] {dag.py:3452} INFO - Setting next_dagrun for example_nested_branch_dag to 2025-09-02T00:00:00+00:00, run_after=2025-09-03T00:00:00+00:00
[2025-09-03T19:50:23.928+0200] {processor.py:175} INFO - Processing /home/varun/miniconda3/envs/python38/lib/python3.8/site-packages/airflow/example_dags/example_nested_branch_dag.py took 0.109 seconds
[2025-09-03T19:51:09.575+0200] {processor.py:153} INFO - Started process (PID=3611) to work on /home/varun/miniconda3/envs/python38/lib/python3.8/site-packages/airflow/example_dags/example_nested_branch_dag.py
[2025-09-03T19:51:09.577+0200] {processor.py:743} INFO - Processing file /home/varun/miniconda3/envs/python38/lib/python3.8/site-packages/airflow/example_dags/example_nested_branch_dag.py for tasks to queue
[2025-09-03T19:51:09.578+0200] {logging_mixin.py:137} INFO - [2025-09-03T19:51:09.578+0200] {dagbag.py:532} INFO - Filling up the DagBag from /home/varun/miniconda3/envs/python38/lib/python3.8/site-packages/airflow/example_dags/example_nested_branch_dag.py
[2025-09-03T19:51:09.600+0200] {processor.py:753} INFO - DAG(s) dict_keys(['example_nested_branch_dag']) retrieved from /home/varun/miniconda3/envs/python38/lib/python3.8/site-packages/airflow/example_dags/example_nested_branch_dag.py
[2025-09-03T19:51:09.622+0200] {logging_mixin.py:137} INFO - [2025-09-03T19:51:09.622+0200] {dag.py:2705} INFO - Sync 1 DAGs
[2025-09-03T19:51:09.641+0200] {logging_mixin.py:137} INFO - [2025-09-03T19:51:09.641+0200] {dag.py:3452} INFO - Setting next_dagrun for example_nested_branch_dag to 2025-09-02T00:00:00+00:00, run_after=2025-09-03T00:00:00+00:00
[2025-09-03T19:51:09.667+0200] {processor.py:175} INFO - Processing /home/varun/miniconda3/envs/python38/lib/python3.8/site-packages/airflow/example_dags/example_nested_branch_dag.py took 0.094 seconds
[2025-09-03T19:51:55.249+0200] {processor.py:153} INFO - Started process (PID=3661) to work on /home/varun/miniconda3/envs/python38/lib/python3.8/site-packages/airflow/example_dags/example_nested_branch_dag.py
[2025-09-03T19:51:55.251+0200] {processor.py:743} INFO - Processing file /home/varun/miniconda3/envs/python38/lib/python3.8/site-packages/airflow/example_dags/example_nested_branch_dag.py for tasks to queue
[2025-09-03T19:51:55.253+0200] {logging_mixin.py:137} INFO - [2025-09-03T19:51:55.253+0200] {dagbag.py:532} INFO - Filling up the DagBag from /home/varun/miniconda3/envs/python38/lib/python3.8/site-packages/airflow/example_dags/example_nested_branch_dag.py
[2025-09-03T19:51:55.328+0200] {processor.py:753} INFO - DAG(s) dict_keys(['example_nested_branch_dag']) retrieved from /home/varun/miniconda3/envs/python38/lib/python3.8/site-packages/airflow/example_dags/example_nested_branch_dag.py
[2025-09-03T19:51:55.363+0200] {logging_mixin.py:137} INFO - [2025-09-03T19:51:55.362+0200] {dag.py:2705} INFO - Sync 1 DAGs
[2025-09-03T19:51:55.390+0200] {logging_mixin.py:137} INFO - [2025-09-03T19:51:55.389+0200] {dag.py:3452} INFO - Setting next_dagrun for example_nested_branch_dag to 2025-09-02T00:00:00+00:00, run_after=2025-09-03T00:00:00+00:00
[2025-09-03T19:51:55.421+0200] {processor.py:175} INFO - Processing /home/varun/miniconda3/envs/python38/lib/python3.8/site-packages/airflow/example_dags/example_nested_branch_dag.py took 0.178 seconds
[2025-09-03T19:52:49.828+0200] {processor.py:153} INFO - Started process (PID=3707) to work on /home/varun/miniconda3/envs/python38/lib/python3.8/site-packages/airflow/example_dags/example_nested_branch_dag.py
[2025-09-03T19:52:49.830+0200] {processor.py:743} INFO - Processing file /home/varun/miniconda3/envs/python38/lib/python3.8/site-packages/airflow/example_dags/example_nested_branch_dag.py for tasks to queue
[2025-09-03T19:52:49.830+0200] {logging_mixin.py:137} INFO - [2025-09-03T19:52:49.830+0200] {dagbag.py:532} INFO - Filling up the DagBag from /home/varun/miniconda3/envs/python38/lib/python3.8/site-packages/airflow/example_dags/example_nested_branch_dag.py
[2025-09-03T19:52:49.859+0200] {processor.py:753} INFO - DAG(s) dict_keys(['example_nested_branch_dag']) retrieved from /home/varun/miniconda3/envs/python38/lib/python3.8/site-packages/airflow/example_dags/example_nested_branch_dag.py
[2025-09-03T19:52:49.887+0200] {logging_mixin.py:137} INFO - [2025-09-03T19:52:49.887+0200] {dag.py:2705} INFO - Sync 1 DAGs
[2025-09-03T19:52:50.081+0200] {logging_mixin.py:137} INFO - [2025-09-03T19:52:50.081+0200] {dag.py:3452} INFO - Setting next_dagrun for example_nested_branch_dag to 2025-09-02T00:00:00+00:00, run_after=2025-09-03T00:00:00+00:00
[2025-09-03T19:52:50.111+0200] {processor.py:175} INFO - Processing /home/varun/miniconda3/envs/python38/lib/python3.8/site-packages/airflow/example_dags/example_nested_branch_dag.py took 0.287 seconds
[2025-09-03T19:53:39.230+0200] {processor.py:153} INFO - Started process (PID=3749) to work on /home/varun/miniconda3/envs/python38/lib/python3.8/site-packages/airflow/example_dags/example_nested_branch_dag.py
[2025-09-03T19:53:39.232+0200] {processor.py:743} INFO - Processing file /home/varun/miniconda3/envs/python38/lib/python3.8/site-packages/airflow/example_dags/example_nested_branch_dag.py for tasks to queue
[2025-09-03T19:53:39.233+0200] {logging_mixin.py:137} INFO - [2025-09-03T19:53:39.233+0200] {dagbag.py:532} INFO - Filling up the DagBag from /home/varun/miniconda3/envs/python38/lib/python3.8/site-packages/airflow/example_dags/example_nested_branch_dag.py
[2025-09-03T19:53:39.259+0200] {processor.py:753} INFO - DAG(s) dict_keys(['example_nested_branch_dag']) retrieved from /home/varun/miniconda3/envs/python38/lib/python3.8/site-packages/airflow/example_dags/example_nested_branch_dag.py
[2025-09-03T19:53:39.280+0200] {logging_mixin.py:137} INFO - [2025-09-03T19:53:39.280+0200] {dag.py:2705} INFO - Sync 1 DAGs
[2025-09-03T19:53:39.427+0200] {logging_mixin.py:137} INFO - [2025-09-03T19:53:39.426+0200] {dag.py:3452} INFO - Setting next_dagrun for example_nested_branch_dag to 2025-09-02T00:00:00+00:00, run_after=2025-09-03T00:00:00+00:00
[2025-09-03T19:53:39.452+0200] {processor.py:175} INFO - Processing /home/varun/miniconda3/envs/python38/lib/python3.8/site-packages/airflow/example_dags/example_nested_branch_dag.py took 0.225 seconds
[2025-09-03T19:54:41.577+0200] {processor.py:153} INFO - Started process (PID=3804) to work on /home/varun/miniconda3/envs/python38/lib/python3.8/site-packages/airflow/example_dags/example_nested_branch_dag.py
[2025-09-03T19:54:41.579+0200] {processor.py:743} INFO - Processing file /home/varun/miniconda3/envs/python38/lib/python3.8/site-packages/airflow/example_dags/example_nested_branch_dag.py for tasks to queue
[2025-09-03T19:54:41.580+0200] {logging_mixin.py:137} INFO - [2025-09-03T19:54:41.580+0200] {dagbag.py:532} INFO - Filling up the DagBag from /home/varun/miniconda3/envs/python38/lib/python3.8/site-packages/airflow/example_dags/example_nested_branch_dag.py
[2025-09-03T19:54:41.616+0200] {processor.py:753} INFO - DAG(s) dict_keys(['example_nested_branch_dag']) retrieved from /home/varun/miniconda3/envs/python38/lib/python3.8/site-packages/airflow/example_dags/example_nested_branch_dag.py
[2025-09-03T19:54:41.882+0200] {logging_mixin.py:137} INFO - [2025-09-03T19:54:41.882+0200] {dag.py:2705} INFO - Sync 1 DAGs
[2025-09-03T19:54:41.917+0200] {logging_mixin.py:137} INFO - [2025-09-03T19:54:41.917+0200] {dag.py:3452} INFO - Setting next_dagrun for example_nested_branch_dag to 2025-09-02T00:00:00+00:00, run_after=2025-09-03T00:00:00+00:00
[2025-09-03T19:54:41.953+0200] {processor.py:175} INFO - Processing /home/varun/miniconda3/envs/python38/lib/python3.8/site-packages/airflow/example_dags/example_nested_branch_dag.py took 0.382 seconds
[2025-09-03T19:55:40.393+0200] {processor.py:153} INFO - Started process (PID=3858) to work on /home/varun/miniconda3/envs/python38/lib/python3.8/site-packages/airflow/example_dags/example_nested_branch_dag.py
[2025-09-03T19:55:40.394+0200] {processor.py:743} INFO - Processing file /home/varun/miniconda3/envs/python38/lib/python3.8/site-packages/airflow/example_dags/example_nested_branch_dag.py for tasks to queue
[2025-09-03T19:55:40.395+0200] {logging_mixin.py:137} INFO - [2025-09-03T19:55:40.395+0200] {dagbag.py:532} INFO - Filling up the DagBag from /home/varun/miniconda3/envs/python38/lib/python3.8/site-packages/airflow/example_dags/example_nested_branch_dag.py
[2025-09-03T19:55:40.520+0200] {processor.py:753} INFO - DAG(s) dict_keys(['example_nested_branch_dag']) retrieved from /home/varun/miniconda3/envs/python38/lib/python3.8/site-packages/airflow/example_dags/example_nested_branch_dag.py
[2025-09-03T19:55:40.535+0200] {logging_mixin.py:137} INFO - [2025-09-03T19:55:40.535+0200] {dag.py:2705} INFO - Sync 1 DAGs
[2025-09-03T19:55:40.550+0200] {logging_mixin.py:137} INFO - [2025-09-03T19:55:40.550+0200] {dag.py:3452} INFO - Setting next_dagrun for example_nested_branch_dag to 2025-09-02T00:00:00+00:00, run_after=2025-09-03T00:00:00+00:00
[2025-09-03T19:55:40.572+0200] {processor.py:175} INFO - Processing /home/varun/miniconda3/envs/python38/lib/python3.8/site-packages/airflow/example_dags/example_nested_branch_dag.py took 0.182 seconds
[2025-09-03T19:56:38.555+0200] {processor.py:153} INFO - Started process (PID=3908) to work on /home/varun/miniconda3/envs/python38/lib/python3.8/site-packages/airflow/example_dags/example_nested_branch_dag.py
[2025-09-03T19:56:38.556+0200] {processor.py:743} INFO - Processing file /home/varun/miniconda3/envs/python38/lib/python3.8/site-packages/airflow/example_dags/example_nested_branch_dag.py for tasks to queue
[2025-09-03T19:56:38.557+0200] {logging_mixin.py:137} INFO - [2025-09-03T19:56:38.557+0200] {dagbag.py:532} INFO - Filling up the DagBag from /home/varun/miniconda3/envs/python38/lib/python3.8/site-packages/airflow/example_dags/example_nested_branch_dag.py
[2025-09-03T19:56:38.745+0200] {processor.py:753} INFO - DAG(s) dict_keys(['example_nested_branch_dag']) retrieved from /home/varun/miniconda3/envs/python38/lib/python3.8/site-packages/airflow/example_dags/example_nested_branch_dag.py
[2025-09-03T19:56:38.765+0200] {logging_mixin.py:137} INFO - [2025-09-03T19:56:38.765+0200] {dag.py:2705} INFO - Sync 1 DAGs
[2025-09-03T19:56:38.787+0200] {logging_mixin.py:137} INFO - [2025-09-03T19:56:38.787+0200] {dag.py:3452} INFO - Setting next_dagrun for example_nested_branch_dag to 2025-09-02T00:00:00+00:00, run_after=2025-09-03T00:00:00+00:00
[2025-09-03T19:56:38.819+0200] {processor.py:175} INFO - Processing /home/varun/miniconda3/envs/python38/lib/python3.8/site-packages/airflow/example_dags/example_nested_branch_dag.py took 0.267 seconds
[2025-09-03T19:57:34.170+0200] {processor.py:153} INFO - Started process (PID=3955) to work on /home/varun/miniconda3/envs/python38/lib/python3.8/site-packages/airflow/example_dags/example_nested_branch_dag.py
[2025-09-03T19:57:34.172+0200] {processor.py:743} INFO - Processing file /home/varun/miniconda3/envs/python38/lib/python3.8/site-packages/airflow/example_dags/example_nested_branch_dag.py for tasks to queue
[2025-09-03T19:57:34.172+0200] {logging_mixin.py:137} INFO - [2025-09-03T19:57:34.172+0200] {dagbag.py:532} INFO - Filling up the DagBag from /home/varun/miniconda3/envs/python38/lib/python3.8/site-packages/airflow/example_dags/example_nested_branch_dag.py
[2025-09-03T19:57:34.200+0200] {processor.py:753} INFO - DAG(s) dict_keys(['example_nested_branch_dag']) retrieved from /home/varun/miniconda3/envs/python38/lib/python3.8/site-packages/airflow/example_dags/example_nested_branch_dag.py
[2025-09-03T19:57:34.226+0200] {logging_mixin.py:137} INFO - [2025-09-03T19:57:34.225+0200] {dag.py:2705} INFO - Sync 1 DAGs
[2025-09-03T19:57:34.251+0200] {logging_mixin.py:137} INFO - [2025-09-03T19:57:34.250+0200] {dag.py:3452} INFO - Setting next_dagrun for example_nested_branch_dag to 2025-09-02T00:00:00+00:00, run_after=2025-09-03T00:00:00+00:00
[2025-09-03T19:57:34.278+0200] {processor.py:175} INFO - Processing /home/varun/miniconda3/envs/python38/lib/python3.8/site-packages/airflow/example_dags/example_nested_branch_dag.py took 0.112 seconds
[2025-09-03T19:58:22.129+0200] {processor.py:153} INFO - Started process (PID=3997) to work on /home/varun/miniconda3/envs/python38/lib/python3.8/site-packages/airflow/example_dags/example_nested_branch_dag.py
[2025-09-03T19:58:22.132+0200] {processor.py:743} INFO - Processing file /home/varun/miniconda3/envs/python38/lib/python3.8/site-packages/airflow/example_dags/example_nested_branch_dag.py for tasks to queue
[2025-09-03T19:58:22.134+0200] {logging_mixin.py:137} INFO - [2025-09-03T19:58:22.134+0200] {dagbag.py:532} INFO - Filling up the DagBag from /home/varun/miniconda3/envs/python38/lib/python3.8/site-packages/airflow/example_dags/example_nested_branch_dag.py
[2025-09-03T19:58:22.172+0200] {processor.py:753} INFO - DAG(s) dict_keys(['example_nested_branch_dag']) retrieved from /home/varun/miniconda3/envs/python38/lib/python3.8/site-packages/airflow/example_dags/example_nested_branch_dag.py
[2025-09-03T19:58:22.210+0200] {logging_mixin.py:137} INFO - [2025-09-03T19:58:22.210+0200] {dag.py:2705} INFO - Sync 1 DAGs
[2025-09-03T19:58:22.253+0200] {logging_mixin.py:137} INFO - [2025-09-03T19:58:22.252+0200] {dag.py:3452} INFO - Setting next_dagrun for example_nested_branch_dag to 2025-09-02T00:00:00+00:00, run_after=2025-09-03T00:00:00+00:00
[2025-09-03T19:58:22.297+0200] {processor.py:175} INFO - Processing /home/varun/miniconda3/envs/python38/lib/python3.8/site-packages/airflow/example_dags/example_nested_branch_dag.py took 0.175 seconds
[2025-09-03T20:00:39.171+0200] {processor.py:153} INFO - Started process (PID=4017) to work on /home/varun/miniconda3/envs/python38/lib/python3.8/site-packages/airflow/example_dags/example_nested_branch_dag.py
[2025-09-03T20:00:39.173+0200] {processor.py:743} INFO - Processing file /home/varun/miniconda3/envs/python38/lib/python3.8/site-packages/airflow/example_dags/example_nested_branch_dag.py for tasks to queue
[2025-09-03T20:00:39.174+0200] {logging_mixin.py:137} INFO - [2025-09-03T20:00:39.174+0200] {dagbag.py:532} INFO - Filling up the DagBag from /home/varun/miniconda3/envs/python38/lib/python3.8/site-packages/airflow/example_dags/example_nested_branch_dag.py
[2025-09-03T20:00:39.203+0200] {processor.py:753} INFO - DAG(s) dict_keys(['example_nested_branch_dag']) retrieved from /home/varun/miniconda3/envs/python38/lib/python3.8/site-packages/airflow/example_dags/example_nested_branch_dag.py
[2025-09-03T20:00:39.229+0200] {logging_mixin.py:137} INFO - [2025-09-03T20:00:39.229+0200] {dag.py:2705} INFO - Sync 1 DAGs
[2025-09-03T20:00:39.248+0200] {logging_mixin.py:137} INFO - [2025-09-03T20:00:39.248+0200] {dag.py:3452} INFO - Setting next_dagrun for example_nested_branch_dag to 2025-09-02T00:00:00+00:00, run_after=2025-09-03T00:00:00+00:00
[2025-09-03T20:00:39.270+0200] {processor.py:175} INFO - Processing /home/varun/miniconda3/envs/python38/lib/python3.8/site-packages/airflow/example_dags/example_nested_branch_dag.py took 0.103 seconds
[2025-09-03T20:01:25.704+0200] {processor.py:153} INFO - Started process (PID=4072) to work on /home/varun/miniconda3/envs/python38/lib/python3.8/site-packages/airflow/example_dags/example_nested_branch_dag.py
[2025-09-03T20:01:25.705+0200] {processor.py:743} INFO - Processing file /home/varun/miniconda3/envs/python38/lib/python3.8/site-packages/airflow/example_dags/example_nested_branch_dag.py for tasks to queue
[2025-09-03T20:01:25.706+0200] {logging_mixin.py:137} INFO - [2025-09-03T20:01:25.706+0200] {dagbag.py:532} INFO - Filling up the DagBag from /home/varun/miniconda3/envs/python38/lib/python3.8/site-packages/airflow/example_dags/example_nested_branch_dag.py
[2025-09-03T20:01:25.738+0200] {processor.py:753} INFO - DAG(s) dict_keys(['example_nested_branch_dag']) retrieved from /home/varun/miniconda3/envs/python38/lib/python3.8/site-packages/airflow/example_dags/example_nested_branch_dag.py
[2025-09-03T20:01:25.766+0200] {logging_mixin.py:137} INFO - [2025-09-03T20:01:25.766+0200] {dag.py:2705} INFO - Sync 1 DAGs
[2025-09-03T20:01:25.791+0200] {logging_mixin.py:137} INFO - [2025-09-03T20:01:25.791+0200] {dag.py:3452} INFO - Setting next_dagrun for example_nested_branch_dag to 2025-09-02T00:00:00+00:00, run_after=2025-09-03T00:00:00+00:00
[2025-09-03T20:01:25.831+0200] {processor.py:175} INFO - Processing /home/varun/miniconda3/envs/python38/lib/python3.8/site-packages/airflow/example_dags/example_nested_branch_dag.py took 0.131 seconds
[2025-09-03T20:02:14.201+0200] {processor.py:153} INFO - Started process (PID=4115) to work on /home/varun/miniconda3/envs/python38/lib/python3.8/site-packages/airflow/example_dags/example_nested_branch_dag.py
[2025-09-03T20:02:14.202+0200] {processor.py:743} INFO - Processing file /home/varun/miniconda3/envs/python38/lib/python3.8/site-packages/airflow/example_dags/example_nested_branch_dag.py for tasks to queue
[2025-09-03T20:02:14.203+0200] {logging_mixin.py:137} INFO - [2025-09-03T20:02:14.203+0200] {dagbag.py:532} INFO - Filling up the DagBag from /home/varun/miniconda3/envs/python38/lib/python3.8/site-packages/airflow/example_dags/example_nested_branch_dag.py
[2025-09-03T20:02:14.223+0200] {processor.py:753} INFO - DAG(s) dict_keys(['example_nested_branch_dag']) retrieved from /home/varun/miniconda3/envs/python38/lib/python3.8/site-packages/airflow/example_dags/example_nested_branch_dag.py
[2025-09-03T20:02:14.241+0200] {logging_mixin.py:137} INFO - [2025-09-03T20:02:14.241+0200] {dag.py:2705} INFO - Sync 1 DAGs
[2025-09-03T20:02:14.257+0200] {logging_mixin.py:137} INFO - [2025-09-03T20:02:14.257+0200] {dag.py:3452} INFO - Setting next_dagrun for example_nested_branch_dag to 2025-09-02T00:00:00+00:00, run_after=2025-09-03T00:00:00+00:00
[2025-09-03T20:02:14.279+0200] {processor.py:175} INFO - Processing /home/varun/miniconda3/envs/python38/lib/python3.8/site-packages/airflow/example_dags/example_nested_branch_dag.py took 0.082 seconds
[2025-09-03T20:03:01.182+0200] {processor.py:153} INFO - Started process (PID=4157) to work on /home/varun/miniconda3/envs/python38/lib/python3.8/site-packages/airflow/example_dags/example_nested_branch_dag.py
[2025-09-03T20:03:01.184+0200] {processor.py:743} INFO - Processing file /home/varun/miniconda3/envs/python38/lib/python3.8/site-packages/airflow/example_dags/example_nested_branch_dag.py for tasks to queue
[2025-09-03T20:03:01.185+0200] {logging_mixin.py:137} INFO - [2025-09-03T20:03:01.184+0200] {dagbag.py:532} INFO - Filling up the DagBag from /home/varun/miniconda3/envs/python38/lib/python3.8/site-packages/airflow/example_dags/example_nested_branch_dag.py
[2025-09-03T20:03:01.209+0200] {processor.py:753} INFO - DAG(s) dict_keys(['example_nested_branch_dag']) retrieved from /home/varun/miniconda3/envs/python38/lib/python3.8/site-packages/airflow/example_dags/example_nested_branch_dag.py
[2025-09-03T20:03:01.228+0200] {logging_mixin.py:137} INFO - [2025-09-03T20:03:01.228+0200] {dag.py:2705} INFO - Sync 1 DAGs
[2025-09-03T20:03:01.247+0200] {logging_mixin.py:137} INFO - [2025-09-03T20:03:01.247+0200] {dag.py:3452} INFO - Setting next_dagrun for example_nested_branch_dag to 2025-09-02T00:00:00+00:00, run_after=2025-09-03T00:00:00+00:00
[2025-09-03T20:03:01.268+0200] {processor.py:175} INFO - Processing /home/varun/miniconda3/envs/python38/lib/python3.8/site-packages/airflow/example_dags/example_nested_branch_dag.py took 0.089 seconds
[2025-09-03T20:03:48.316+0200] {processor.py:153} INFO - Started process (PID=4199) to work on /home/varun/miniconda3/envs/python38/lib/python3.8/site-packages/airflow/example_dags/example_nested_branch_dag.py
[2025-09-03T20:03:48.319+0200] {processor.py:743} INFO - Processing file /home/varun/miniconda3/envs/python38/lib/python3.8/site-packages/airflow/example_dags/example_nested_branch_dag.py for tasks to queue
[2025-09-03T20:03:48.320+0200] {logging_mixin.py:137} INFO - [2025-09-03T20:03:48.320+0200] {dagbag.py:532} INFO - Filling up the DagBag from /home/varun/miniconda3/envs/python38/lib/python3.8/site-packages/airflow/example_dags/example_nested_branch_dag.py
[2025-09-03T20:03:48.347+0200] {processor.py:753} INFO - DAG(s) dict_keys(['example_nested_branch_dag']) retrieved from /home/varun/miniconda3/envs/python38/lib/python3.8/site-packages/airflow/example_dags/example_nested_branch_dag.py
[2025-09-03T20:03:48.378+0200] {logging_mixin.py:137} INFO - [2025-09-03T20:03:48.377+0200] {dag.py:2705} INFO - Sync 1 DAGs
[2025-09-03T20:03:48.410+0200] {logging_mixin.py:137} INFO - [2025-09-03T20:03:48.409+0200] {dag.py:3452} INFO - Setting next_dagrun for example_nested_branch_dag to 2025-09-02T00:00:00+00:00, run_after=2025-09-03T00:00:00+00:00
[2025-09-03T20:03:48.457+0200] {processor.py:175} INFO - Processing /home/varun/miniconda3/envs/python38/lib/python3.8/site-packages/airflow/example_dags/example_nested_branch_dag.py took 0.145 seconds
[2025-09-03T20:04:38.104+0200] {processor.py:153} INFO - Started process (PID=4243) to work on /home/varun/miniconda3/envs/python38/lib/python3.8/site-packages/airflow/example_dags/example_nested_branch_dag.py
[2025-09-03T20:04:38.106+0200] {processor.py:743} INFO - Processing file /home/varun/miniconda3/envs/python38/lib/python3.8/site-packages/airflow/example_dags/example_nested_branch_dag.py for tasks to queue
[2025-09-03T20:04:38.107+0200] {logging_mixin.py:137} INFO - [2025-09-03T20:04:38.106+0200] {dagbag.py:532} INFO - Filling up the DagBag from /home/varun/miniconda3/envs/python38/lib/python3.8/site-packages/airflow/example_dags/example_nested_branch_dag.py
[2025-09-03T20:04:38.130+0200] {processor.py:753} INFO - DAG(s) dict_keys(['example_nested_branch_dag']) retrieved from /home/varun/miniconda3/envs/python38/lib/python3.8/site-packages/airflow/example_dags/example_nested_branch_dag.py
[2025-09-03T20:04:38.151+0200] {logging_mixin.py:137} INFO - [2025-09-03T20:04:38.150+0200] {dag.py:2705} INFO - Sync 1 DAGs
[2025-09-03T20:04:38.170+0200] {logging_mixin.py:137} INFO - [2025-09-03T20:04:38.170+0200] {dag.py:3452} INFO - Setting next_dagrun for example_nested_branch_dag to 2025-09-02T00:00:00+00:00, run_after=2025-09-03T00:00:00+00:00
[2025-09-03T20:04:38.195+0200] {processor.py:175} INFO - Processing /home/varun/miniconda3/envs/python38/lib/python3.8/site-packages/airflow/example_dags/example_nested_branch_dag.py took 0.094 seconds
[2025-09-03T20:05:35.961+0200] {processor.py:153} INFO - Started process (PID=4302) to work on /home/varun/miniconda3/envs/python38/lib/python3.8/site-packages/airflow/example_dags/example_nested_branch_dag.py
[2025-09-03T20:05:35.963+0200] {processor.py:743} INFO - Processing file /home/varun/miniconda3/envs/python38/lib/python3.8/site-packages/airflow/example_dags/example_nested_branch_dag.py for tasks to queue
[2025-09-03T20:05:35.964+0200] {logging_mixin.py:137} INFO - [2025-09-03T20:05:35.964+0200] {dagbag.py:532} INFO - Filling up the DagBag from /home/varun/miniconda3/envs/python38/lib/python3.8/site-packages/airflow/example_dags/example_nested_branch_dag.py
[2025-09-03T20:05:35.992+0200] {processor.py:753} INFO - DAG(s) dict_keys(['example_nested_branch_dag']) retrieved from /home/varun/miniconda3/envs/python38/lib/python3.8/site-packages/airflow/example_dags/example_nested_branch_dag.py
[2025-09-03T20:05:36.109+0200] {logging_mixin.py:137} INFO - [2025-09-03T20:05:36.108+0200] {manager.py:504} INFO - Created Permission View: can delete on DAG:example_nested_branch_dag
[2025-09-03T20:05:36.124+0200] {logging_mixin.py:137} INFO - [2025-09-03T20:05:36.124+0200] {manager.py:504} INFO - Created Permission View: can read on DAG:example_nested_branch_dag
[2025-09-03T20:05:36.137+0200] {logging_mixin.py:137} INFO - [2025-09-03T20:05:36.136+0200] {manager.py:504} INFO - Created Permission View: can edit on DAG:example_nested_branch_dag
[2025-09-03T20:05:36.137+0200] {logging_mixin.py:137} INFO - [2025-09-03T20:05:36.137+0200] {dag.py:2705} INFO - Sync 1 DAGs
[2025-09-03T20:05:36.147+0200] {logging_mixin.py:137} INFO - [2025-09-03T20:05:36.147+0200] {dag.py:2726} INFO - Creating ORM DAG for example_nested_branch_dag
[2025-09-03T20:05:36.157+0200] {logging_mixin.py:137} INFO - [2025-09-03T20:05:36.157+0200] {dag.py:3452} INFO - Setting next_dagrun for example_nested_branch_dag to 2025-09-02T00:00:00+00:00, run_after=2025-09-03T00:00:00+00:00
[2025-09-03T20:05:36.184+0200] {processor.py:175} INFO - Processing /home/varun/miniconda3/envs/python38/lib/python3.8/site-packages/airflow/example_dags/example_nested_branch_dag.py took 0.227 seconds
[2025-09-03T20:06:27.480+0200] {processor.py:153} INFO - Started process (PID=4344) to work on /home/varun/miniconda3/envs/python38/lib/python3.8/site-packages/airflow/example_dags/example_nested_branch_dag.py
[2025-09-03T20:06:27.482+0200] {processor.py:743} INFO - Processing file /home/varun/miniconda3/envs/python38/lib/python3.8/site-packages/airflow/example_dags/example_nested_branch_dag.py for tasks to queue
[2025-09-03T20:06:27.483+0200] {logging_mixin.py:137} INFO - [2025-09-03T20:06:27.483+0200] {dagbag.py:532} INFO - Filling up the DagBag from /home/varun/miniconda3/envs/python38/lib/python3.8/site-packages/airflow/example_dags/example_nested_branch_dag.py
[2025-09-03T20:06:27.514+0200] {processor.py:753} INFO - DAG(s) dict_keys(['example_nested_branch_dag']) retrieved from /home/varun/miniconda3/envs/python38/lib/python3.8/site-packages/airflow/example_dags/example_nested_branch_dag.py
[2025-09-03T20:06:27.540+0200] {logging_mixin.py:137} INFO - [2025-09-03T20:06:27.540+0200] {dag.py:2705} INFO - Sync 1 DAGs
[2025-09-03T20:06:27.572+0200] {logging_mixin.py:137} INFO - [2025-09-03T20:06:27.571+0200] {dag.py:3452} INFO - Setting next_dagrun for example_nested_branch_dag to 2025-09-02T00:00:00+00:00, run_after=2025-09-03T00:00:00+00:00
[2025-09-03T20:06:27.601+0200] {processor.py:175} INFO - Processing /home/varun/miniconda3/envs/python38/lib/python3.8/site-packages/airflow/example_dags/example_nested_branch_dag.py took 0.125 seconds
[2025-09-03T20:07:13.649+0200] {processor.py:153} INFO - Started process (PID=4404) to work on /home/varun/miniconda3/envs/python38/lib/python3.8/site-packages/airflow/example_dags/example_nested_branch_dag.py
[2025-09-03T20:07:13.651+0200] {processor.py:743} INFO - Processing file /home/varun/miniconda3/envs/python38/lib/python3.8/site-packages/airflow/example_dags/example_nested_branch_dag.py for tasks to queue
[2025-09-03T20:07:13.652+0200] {logging_mixin.py:137} INFO - [2025-09-03T20:07:13.652+0200] {dagbag.py:532} INFO - Filling up the DagBag from /home/varun/miniconda3/envs/python38/lib/python3.8/site-packages/airflow/example_dags/example_nested_branch_dag.py
[2025-09-03T20:07:13.691+0200] {processor.py:753} INFO - DAG(s) dict_keys(['example_nested_branch_dag']) retrieved from /home/varun/miniconda3/envs/python38/lib/python3.8/site-packages/airflow/example_dags/example_nested_branch_dag.py
[2025-09-03T20:07:13.730+0200] {logging_mixin.py:137} INFO - [2025-09-03T20:07:13.730+0200] {dag.py:2705} INFO - Sync 1 DAGs
[2025-09-03T20:07:13.771+0200] {logging_mixin.py:137} INFO - [2025-09-03T20:07:13.770+0200] {dag.py:3452} INFO - Setting next_dagrun for example_nested_branch_dag to 2025-09-02T00:00:00+00:00, run_after=2025-09-03T00:00:00+00:00
[2025-09-03T20:07:13.811+0200] {processor.py:175} INFO - Processing /home/varun/miniconda3/envs/python38/lib/python3.8/site-packages/airflow/example_dags/example_nested_branch_dag.py took 0.167 seconds
[2025-09-03T20:08:00.094+0200] {processor.py:153} INFO - Started process (PID=4454) to work on /home/varun/miniconda3/envs/python38/lib/python3.8/site-packages/airflow/example_dags/example_nested_branch_dag.py
[2025-09-03T20:08:00.095+0200] {processor.py:743} INFO - Processing file /home/varun/miniconda3/envs/python38/lib/python3.8/site-packages/airflow/example_dags/example_nested_branch_dag.py for tasks to queue
[2025-09-03T20:08:00.096+0200] {logging_mixin.py:137} INFO - [2025-09-03T20:08:00.096+0200] {dagbag.py:532} INFO - Filling up the DagBag from /home/varun/miniconda3/envs/python38/lib/python3.8/site-packages/airflow/example_dags/example_nested_branch_dag.py
[2025-09-03T20:08:00.117+0200] {processor.py:753} INFO - DAG(s) dict_keys(['example_nested_branch_dag']) retrieved from /home/varun/miniconda3/envs/python38/lib/python3.8/site-packages/airflow/example_dags/example_nested_branch_dag.py
[2025-09-03T20:08:00.135+0200] {logging_mixin.py:137} INFO - [2025-09-03T20:08:00.135+0200] {dag.py:2705} INFO - Sync 1 DAGs
[2025-09-03T20:08:00.150+0200] {logging_mixin.py:137} INFO - [2025-09-03T20:08:00.150+0200] {dag.py:3452} INFO - Setting next_dagrun for example_nested_branch_dag to 2025-09-02T00:00:00+00:00, run_after=2025-09-03T00:00:00+00:00
[2025-09-03T20:08:00.174+0200] {processor.py:175} INFO - Processing /home/varun/miniconda3/envs/python38/lib/python3.8/site-packages/airflow/example_dags/example_nested_branch_dag.py took 0.083 seconds
[2025-09-03T20:09:15.887+0200] {processor.py:153} INFO - Started process (PID=4511) to work on /home/varun/miniconda3/envs/python38/lib/python3.8/site-packages/airflow/example_dags/example_nested_branch_dag.py
[2025-09-03T20:09:15.890+0200] {processor.py:743} INFO - Processing file /home/varun/miniconda3/envs/python38/lib/python3.8/site-packages/airflow/example_dags/example_nested_branch_dag.py for tasks to queue
[2025-09-03T20:09:15.891+0200] {logging_mixin.py:137} INFO - [2025-09-03T20:09:15.890+0200] {dagbag.py:532} INFO - Filling up the DagBag from /home/varun/miniconda3/envs/python38/lib/python3.8/site-packages/airflow/example_dags/example_nested_branch_dag.py
[2025-09-03T20:09:15.943+0200] {processor.py:753} INFO - DAG(s) dict_keys(['example_nested_branch_dag']) retrieved from /home/varun/miniconda3/envs/python38/lib/python3.8/site-packages/airflow/example_dags/example_nested_branch_dag.py
[2025-09-03T20:09:15.973+0200] {logging_mixin.py:137} INFO - [2025-09-03T20:09:15.972+0200] {dag.py:2705} INFO - Sync 1 DAGs
[2025-09-03T20:09:15.999+0200] {logging_mixin.py:137} INFO - [2025-09-03T20:09:15.999+0200] {dag.py:3452} INFO - Setting next_dagrun for example_nested_branch_dag to 2025-09-02T00:00:00+00:00, run_after=2025-09-03T00:00:00+00:00
[2025-09-03T20:09:16.042+0200] {processor.py:175} INFO - Processing /home/varun/miniconda3/envs/python38/lib/python3.8/site-packages/airflow/example_dags/example_nested_branch_dag.py took 0.161 seconds
[2025-09-03T20:10:08.561+0200] {processor.py:153} INFO - Started process (PID=4555) to work on /home/varun/miniconda3/envs/python38/lib/python3.8/site-packages/airflow/example_dags/example_nested_branch_dag.py
[2025-09-03T20:10:08.563+0200] {processor.py:743} INFO - Processing file /home/varun/miniconda3/envs/python38/lib/python3.8/site-packages/airflow/example_dags/example_nested_branch_dag.py for tasks to queue
[2025-09-03T20:10:08.563+0200] {logging_mixin.py:137} INFO - [2025-09-03T20:10:08.563+0200] {dagbag.py:532} INFO - Filling up the DagBag from /home/varun/miniconda3/envs/python38/lib/python3.8/site-packages/airflow/example_dags/example_nested_branch_dag.py
[2025-09-03T20:10:08.588+0200] {processor.py:753} INFO - DAG(s) dict_keys(['example_nested_branch_dag']) retrieved from /home/varun/miniconda3/envs/python38/lib/python3.8/site-packages/airflow/example_dags/example_nested_branch_dag.py
[2025-09-03T20:10:08.607+0200] {logging_mixin.py:137} INFO - [2025-09-03T20:10:08.607+0200] {dag.py:2705} INFO - Sync 1 DAGs
[2025-09-03T20:10:08.625+0200] {logging_mixin.py:137} INFO - [2025-09-03T20:10:08.625+0200] {dag.py:3452} INFO - Setting next_dagrun for example_nested_branch_dag to 2025-09-02T00:00:00+00:00, run_after=2025-09-03T00:00:00+00:00
[2025-09-03T20:10:08.651+0200] {processor.py:175} INFO - Processing /home/varun/miniconda3/envs/python38/lib/python3.8/site-packages/airflow/example_dags/example_nested_branch_dag.py took 0.093 seconds
[2025-09-03T20:10:53.137+0200] {processor.py:153} INFO - Started process (PID=4597) to work on /home/varun/miniconda3/envs/python38/lib/python3.8/site-packages/airflow/example_dags/example_nested_branch_dag.py
[2025-09-03T20:10:53.139+0200] {processor.py:743} INFO - Processing file /home/varun/miniconda3/envs/python38/lib/python3.8/site-packages/airflow/example_dags/example_nested_branch_dag.py for tasks to queue
[2025-09-03T20:10:53.139+0200] {logging_mixin.py:137} INFO - [2025-09-03T20:10:53.139+0200] {dagbag.py:532} INFO - Filling up the DagBag from /home/varun/miniconda3/envs/python38/lib/python3.8/site-packages/airflow/example_dags/example_nested_branch_dag.py
[2025-09-03T20:10:53.162+0200] {processor.py:753} INFO - DAG(s) dict_keys(['example_nested_branch_dag']) retrieved from /home/varun/miniconda3/envs/python38/lib/python3.8/site-packages/airflow/example_dags/example_nested_branch_dag.py
[2025-09-03T20:10:53.184+0200] {logging_mixin.py:137} INFO - [2025-09-03T20:10:53.184+0200] {dag.py:2705} INFO - Sync 1 DAGs
[2025-09-03T20:10:53.202+0200] {logging_mixin.py:137} INFO - [2025-09-03T20:10:53.202+0200] {dag.py:3452} INFO - Setting next_dagrun for example_nested_branch_dag to 2025-09-02T00:00:00+00:00, run_after=2025-09-03T00:00:00+00:00
[2025-09-03T20:10:53.224+0200] {processor.py:175} INFO - Processing /home/varun/miniconda3/envs/python38/lib/python3.8/site-packages/airflow/example_dags/example_nested_branch_dag.py took 0.091 seconds
[2025-09-03T20:11:38.555+0200] {processor.py:153} INFO - Started process (PID=4639) to work on /home/varun/miniconda3/envs/python38/lib/python3.8/site-packages/airflow/example_dags/example_nested_branch_dag.py
[2025-09-03T20:11:38.556+0200] {processor.py:743} INFO - Processing file /home/varun/miniconda3/envs/python38/lib/python3.8/site-packages/airflow/example_dags/example_nested_branch_dag.py for tasks to queue
[2025-09-03T20:11:38.557+0200] {logging_mixin.py:137} INFO - [2025-09-03T20:11:38.557+0200] {dagbag.py:532} INFO - Filling up the DagBag from /home/varun/miniconda3/envs/python38/lib/python3.8/site-packages/airflow/example_dags/example_nested_branch_dag.py
[2025-09-03T20:11:38.577+0200] {processor.py:753} INFO - DAG(s) dict_keys(['example_nested_branch_dag']) retrieved from /home/varun/miniconda3/envs/python38/lib/python3.8/site-packages/airflow/example_dags/example_nested_branch_dag.py
[2025-09-03T20:11:38.594+0200] {logging_mixin.py:137} INFO - [2025-09-03T20:11:38.594+0200] {dag.py:2705} INFO - Sync 1 DAGs
[2025-09-03T20:11:38.610+0200] {logging_mixin.py:137} INFO - [2025-09-03T20:11:38.610+0200] {dag.py:3452} INFO - Setting next_dagrun for example_nested_branch_dag to 2025-09-02T00:00:00+00:00, run_after=2025-09-03T00:00:00+00:00
[2025-09-03T20:11:38.630+0200] {processor.py:175} INFO - Processing /home/varun/miniconda3/envs/python38/lib/python3.8/site-packages/airflow/example_dags/example_nested_branch_dag.py took 0.078 seconds
[2025-09-03T20:12:27.047+0200] {processor.py:153} INFO - Started process (PID=4681) to work on /home/varun/miniconda3/envs/python38/lib/python3.8/site-packages/airflow/example_dags/example_nested_branch_dag.py
[2025-09-03T20:12:27.049+0200] {processor.py:743} INFO - Processing file /home/varun/miniconda3/envs/python38/lib/python3.8/site-packages/airflow/example_dags/example_nested_branch_dag.py for tasks to queue
[2025-09-03T20:12:27.049+0200] {logging_mixin.py:137} INFO - [2025-09-03T20:12:27.049+0200] {dagbag.py:532} INFO - Filling up the DagBag from /home/varun/miniconda3/envs/python38/lib/python3.8/site-packages/airflow/example_dags/example_nested_branch_dag.py
[2025-09-03T20:12:27.070+0200] {processor.py:753} INFO - DAG(s) dict_keys(['example_nested_branch_dag']) retrieved from /home/varun/miniconda3/envs/python38/lib/python3.8/site-packages/airflow/example_dags/example_nested_branch_dag.py
[2025-09-03T20:12:27.088+0200] {logging_mixin.py:137} INFO - [2025-09-03T20:12:27.088+0200] {dag.py:2705} INFO - Sync 1 DAGs
[2025-09-03T20:12:27.103+0200] {logging_mixin.py:137} INFO - [2025-09-03T20:12:27.103+0200] {dag.py:3452} INFO - Setting next_dagrun for example_nested_branch_dag to 2025-09-02T00:00:00+00:00, run_after=2025-09-03T00:00:00+00:00
[2025-09-03T20:12:27.123+0200] {processor.py:175} INFO - Processing /home/varun/miniconda3/envs/python38/lib/python3.8/site-packages/airflow/example_dags/example_nested_branch_dag.py took 0.079 seconds
[2025-09-03T20:13:13.395+0200] {processor.py:153} INFO - Started process (PID=4724) to work on /home/varun/miniconda3/envs/python38/lib/python3.8/site-packages/airflow/example_dags/example_nested_branch_dag.py
[2025-09-03T20:13:13.397+0200] {processor.py:743} INFO - Processing file /home/varun/miniconda3/envs/python38/lib/python3.8/site-packages/airflow/example_dags/example_nested_branch_dag.py for tasks to queue
[2025-09-03T20:13:13.397+0200] {logging_mixin.py:137} INFO - [2025-09-03T20:13:13.397+0200] {dagbag.py:532} INFO - Filling up the DagBag from /home/varun/miniconda3/envs/python38/lib/python3.8/site-packages/airflow/example_dags/example_nested_branch_dag.py
[2025-09-03T20:13:13.418+0200] {processor.py:753} INFO - DAG(s) dict_keys(['example_nested_branch_dag']) retrieved from /home/varun/miniconda3/envs/python38/lib/python3.8/site-packages/airflow/example_dags/example_nested_branch_dag.py
[2025-09-03T20:13:13.435+0200] {logging_mixin.py:137} INFO - [2025-09-03T20:13:13.435+0200] {dag.py:2705} INFO - Sync 1 DAGs
[2025-09-03T20:13:13.450+0200] {logging_mixin.py:137} INFO - [2025-09-03T20:13:13.450+0200] {dag.py:3452} INFO - Setting next_dagrun for example_nested_branch_dag to 2025-09-02T00:00:00+00:00, run_after=2025-09-03T00:00:00+00:00
[2025-09-03T20:13:13.470+0200] {processor.py:175} INFO - Processing /home/varun/miniconda3/envs/python38/lib/python3.8/site-packages/airflow/example_dags/example_nested_branch_dag.py took 0.078 seconds
[2025-09-03T20:13:58.678+0200] {processor.py:153} INFO - Started process (PID=4766) to work on /home/varun/miniconda3/envs/python38/lib/python3.8/site-packages/airflow/example_dags/example_nested_branch_dag.py
[2025-09-03T20:13:58.680+0200] {processor.py:743} INFO - Processing file /home/varun/miniconda3/envs/python38/lib/python3.8/site-packages/airflow/example_dags/example_nested_branch_dag.py for tasks to queue
[2025-09-03T20:13:58.681+0200] {logging_mixin.py:137} INFO - [2025-09-03T20:13:58.681+0200] {dagbag.py:532} INFO - Filling up the DagBag from /home/varun/miniconda3/envs/python38/lib/python3.8/site-packages/airflow/example_dags/example_nested_branch_dag.py
[2025-09-03T20:13:58.701+0200] {processor.py:753} INFO - DAG(s) dict_keys(['example_nested_branch_dag']) retrieved from /home/varun/miniconda3/envs/python38/lib/python3.8/site-packages/airflow/example_dags/example_nested_branch_dag.py
[2025-09-03T20:13:58.719+0200] {logging_mixin.py:137} INFO - [2025-09-03T20:13:58.719+0200] {dag.py:2705} INFO - Sync 1 DAGs
[2025-09-03T20:13:58.736+0200] {logging_mixin.py:137} INFO - [2025-09-03T20:13:58.736+0200] {dag.py:3452} INFO - Setting next_dagrun for example_nested_branch_dag to 2025-09-02T00:00:00+00:00, run_after=2025-09-03T00:00:00+00:00
[2025-09-03T20:13:58.756+0200] {processor.py:175} INFO - Processing /home/varun/miniconda3/envs/python38/lib/python3.8/site-packages/airflow/example_dags/example_nested_branch_dag.py took 0.081 seconds
[2025-09-03T20:14:44.947+0200] {processor.py:153} INFO - Started process (PID=4808) to work on /home/varun/miniconda3/envs/python38/lib/python3.8/site-packages/airflow/example_dags/example_nested_branch_dag.py
[2025-09-03T20:14:44.949+0200] {processor.py:743} INFO - Processing file /home/varun/miniconda3/envs/python38/lib/python3.8/site-packages/airflow/example_dags/example_nested_branch_dag.py for tasks to queue
[2025-09-03T20:14:44.950+0200] {logging_mixin.py:137} INFO - [2025-09-03T20:14:44.950+0200] {dagbag.py:532} INFO - Filling up the DagBag from /home/varun/miniconda3/envs/python38/lib/python3.8/site-packages/airflow/example_dags/example_nested_branch_dag.py
[2025-09-03T20:14:44.970+0200] {processor.py:753} INFO - DAG(s) dict_keys(['example_nested_branch_dag']) retrieved from /home/varun/miniconda3/envs/python38/lib/python3.8/site-packages/airflow/example_dags/example_nested_branch_dag.py
[2025-09-03T20:14:44.992+0200] {logging_mixin.py:137} INFO - [2025-09-03T20:14:44.992+0200] {dag.py:2705} INFO - Sync 1 DAGs
[2025-09-03T20:14:45.011+0200] {logging_mixin.py:137} INFO - [2025-09-03T20:14:45.011+0200] {dag.py:3452} INFO - Setting next_dagrun for example_nested_branch_dag to 2025-09-02T00:00:00+00:00, run_after=2025-09-03T00:00:00+00:00
[2025-09-03T20:14:45.036+0200] {processor.py:175} INFO - Processing /home/varun/miniconda3/envs/python38/lib/python3.8/site-packages/airflow/example_dags/example_nested_branch_dag.py took 0.092 seconds
[2025-09-03T20:15:29.303+0200] {processor.py:153} INFO - Started process (PID=4850) to work on /home/varun/miniconda3/envs/python38/lib/python3.8/site-packages/airflow/example_dags/example_nested_branch_dag.py
[2025-09-03T20:15:29.304+0200] {processor.py:743} INFO - Processing file /home/varun/miniconda3/envs/python38/lib/python3.8/site-packages/airflow/example_dags/example_nested_branch_dag.py for tasks to queue
[2025-09-03T20:15:29.305+0200] {logging_mixin.py:137} INFO - [2025-09-03T20:15:29.304+0200] {dagbag.py:532} INFO - Filling up the DagBag from /home/varun/miniconda3/envs/python38/lib/python3.8/site-packages/airflow/example_dags/example_nested_branch_dag.py
[2025-09-03T20:15:29.326+0200] {processor.py:753} INFO - DAG(s) dict_keys(['example_nested_branch_dag']) retrieved from /home/varun/miniconda3/envs/python38/lib/python3.8/site-packages/airflow/example_dags/example_nested_branch_dag.py
[2025-09-03T20:15:29.343+0200] {logging_mixin.py:137} INFO - [2025-09-03T20:15:29.343+0200] {dag.py:2705} INFO - Sync 1 DAGs
[2025-09-03T20:15:29.360+0200] {logging_mixin.py:137} INFO - [2025-09-03T20:15:29.359+0200] {dag.py:3452} INFO - Setting next_dagrun for example_nested_branch_dag to 2025-09-02T00:00:00+00:00, run_after=2025-09-03T00:00:00+00:00
[2025-09-03T20:15:29.388+0200] {processor.py:175} INFO - Processing /home/varun/miniconda3/envs/python38/lib/python3.8/site-packages/airflow/example_dags/example_nested_branch_dag.py took 0.088 seconds
[2025-09-03T20:16:15.117+0200] {processor.py:153} INFO - Started process (PID=4892) to work on /home/varun/miniconda3/envs/python38/lib/python3.8/site-packages/airflow/example_dags/example_nested_branch_dag.py
[2025-09-03T20:16:15.118+0200] {processor.py:743} INFO - Processing file /home/varun/miniconda3/envs/python38/lib/python3.8/site-packages/airflow/example_dags/example_nested_branch_dag.py for tasks to queue
[2025-09-03T20:16:15.119+0200] {logging_mixin.py:137} INFO - [2025-09-03T20:16:15.118+0200] {dagbag.py:532} INFO - Filling up the DagBag from /home/varun/miniconda3/envs/python38/lib/python3.8/site-packages/airflow/example_dags/example_nested_branch_dag.py
[2025-09-03T20:16:15.139+0200] {processor.py:753} INFO - DAG(s) dict_keys(['example_nested_branch_dag']) retrieved from /home/varun/miniconda3/envs/python38/lib/python3.8/site-packages/airflow/example_dags/example_nested_branch_dag.py
[2025-09-03T20:16:15.156+0200] {logging_mixin.py:137} INFO - [2025-09-03T20:16:15.156+0200] {dag.py:2705} INFO - Sync 1 DAGs
[2025-09-03T20:16:15.171+0200] {logging_mixin.py:137} INFO - [2025-09-03T20:16:15.171+0200] {dag.py:3452} INFO - Setting next_dagrun for example_nested_branch_dag to 2025-09-02T00:00:00+00:00, run_after=2025-09-03T00:00:00+00:00
[2025-09-03T20:16:15.192+0200] {processor.py:175} INFO - Processing /home/varun/miniconda3/envs/python38/lib/python3.8/site-packages/airflow/example_dags/example_nested_branch_dag.py took 0.078 seconds
[2025-09-03T20:16:58.744+0200] {processor.py:153} INFO - Started process (PID=4934) to work on /home/varun/miniconda3/envs/python38/lib/python3.8/site-packages/airflow/example_dags/example_nested_branch_dag.py
[2025-09-03T20:16:58.747+0200] {processor.py:743} INFO - Processing file /home/varun/miniconda3/envs/python38/lib/python3.8/site-packages/airflow/example_dags/example_nested_branch_dag.py for tasks to queue
[2025-09-03T20:16:58.748+0200] {logging_mixin.py:137} INFO - [2025-09-03T20:16:58.748+0200] {dagbag.py:532} INFO - Filling up the DagBag from /home/varun/miniconda3/envs/python38/lib/python3.8/site-packages/airflow/example_dags/example_nested_branch_dag.py
[2025-09-03T20:16:58.779+0200] {processor.py:753} INFO - DAG(s) dict_keys(['example_nested_branch_dag']) retrieved from /home/varun/miniconda3/envs/python38/lib/python3.8/site-packages/airflow/example_dags/example_nested_branch_dag.py
[2025-09-03T20:16:58.808+0200] {logging_mixin.py:137} INFO - [2025-09-03T20:16:58.807+0200] {dag.py:2705} INFO - Sync 1 DAGs
[2025-09-03T20:16:58.835+0200] {logging_mixin.py:137} INFO - [2025-09-03T20:16:58.835+0200] {dag.py:3452} INFO - Setting next_dagrun for example_nested_branch_dag to 2025-09-02T00:00:00+00:00, run_after=2025-09-03T00:00:00+00:00
[2025-09-03T20:16:58.874+0200] {processor.py:175} INFO - Processing /home/varun/miniconda3/envs/python38/lib/python3.8/site-packages/airflow/example_dags/example_nested_branch_dag.py took 0.135 seconds
[2025-09-03T20:17:48.237+0200] {processor.py:153} INFO - Started process (PID=4979) to work on /home/varun/miniconda3/envs/python38/lib/python3.8/site-packages/airflow/example_dags/example_nested_branch_dag.py
[2025-09-03T20:17:48.238+0200] {processor.py:743} INFO - Processing file /home/varun/miniconda3/envs/python38/lib/python3.8/site-packages/airflow/example_dags/example_nested_branch_dag.py for tasks to queue
[2025-09-03T20:17:48.239+0200] {logging_mixin.py:137} INFO - [2025-09-03T20:17:48.239+0200] {dagbag.py:532} INFO - Filling up the DagBag from /home/varun/miniconda3/envs/python38/lib/python3.8/site-packages/airflow/example_dags/example_nested_branch_dag.py
[2025-09-03T20:17:48.260+0200] {processor.py:753} INFO - DAG(s) dict_keys(['example_nested_branch_dag']) retrieved from /home/varun/miniconda3/envs/python38/lib/python3.8/site-packages/airflow/example_dags/example_nested_branch_dag.py
[2025-09-03T20:17:48.279+0200] {logging_mixin.py:137} INFO - [2025-09-03T20:17:48.278+0200] {dag.py:2705} INFO - Sync 1 DAGs
[2025-09-03T20:17:48.295+0200] {logging_mixin.py:137} INFO - [2025-09-03T20:17:48.295+0200] {dag.py:3452} INFO - Setting next_dagrun for example_nested_branch_dag to 2025-09-02T00:00:00+00:00, run_after=2025-09-03T00:00:00+00:00
[2025-09-03T20:17:48.318+0200] {processor.py:175} INFO - Processing /home/varun/miniconda3/envs/python38/lib/python3.8/site-packages/airflow/example_dags/example_nested_branch_dag.py took 0.085 seconds
[2025-09-03T20:18:33.470+0200] {processor.py:153} INFO - Started process (PID=5022) to work on /home/varun/miniconda3/envs/python38/lib/python3.8/site-packages/airflow/example_dags/example_nested_branch_dag.py
[2025-09-03T20:18:33.472+0200] {processor.py:743} INFO - Processing file /home/varun/miniconda3/envs/python38/lib/python3.8/site-packages/airflow/example_dags/example_nested_branch_dag.py for tasks to queue
[2025-09-03T20:18:33.473+0200] {logging_mixin.py:137} INFO - [2025-09-03T20:18:33.472+0200] {dagbag.py:532} INFO - Filling up the DagBag from /home/varun/miniconda3/envs/python38/lib/python3.8/site-packages/airflow/example_dags/example_nested_branch_dag.py
[2025-09-03T20:18:33.492+0200] {processor.py:753} INFO - DAG(s) dict_keys(['example_nested_branch_dag']) retrieved from /home/varun/miniconda3/envs/python38/lib/python3.8/site-packages/airflow/example_dags/example_nested_branch_dag.py
[2025-09-03T20:18:33.509+0200] {logging_mixin.py:137} INFO - [2025-09-03T20:18:33.509+0200] {dag.py:2705} INFO - Sync 1 DAGs
[2025-09-03T20:18:33.524+0200] {logging_mixin.py:137} INFO - [2025-09-03T20:18:33.524+0200] {dag.py:3452} INFO - Setting next_dagrun for example_nested_branch_dag to 2025-09-02T00:00:00+00:00, run_after=2025-09-03T00:00:00+00:00
[2025-09-03T20:18:33.545+0200] {processor.py:175} INFO - Processing /home/varun/miniconda3/envs/python38/lib/python3.8/site-packages/airflow/example_dags/example_nested_branch_dag.py took 0.078 seconds
[2025-09-03T20:19:20.956+0200] {processor.py:153} INFO - Started process (PID=5064) to work on /home/varun/miniconda3/envs/python38/lib/python3.8/site-packages/airflow/example_dags/example_nested_branch_dag.py
[2025-09-03T20:19:20.958+0200] {processor.py:743} INFO - Processing file /home/varun/miniconda3/envs/python38/lib/python3.8/site-packages/airflow/example_dags/example_nested_branch_dag.py for tasks to queue
[2025-09-03T20:19:20.958+0200] {logging_mixin.py:137} INFO - [2025-09-03T20:19:20.958+0200] {dagbag.py:532} INFO - Filling up the DagBag from /home/varun/miniconda3/envs/python38/lib/python3.8/site-packages/airflow/example_dags/example_nested_branch_dag.py
[2025-09-03T20:19:20.980+0200] {processor.py:753} INFO - DAG(s) dict_keys(['example_nested_branch_dag']) retrieved from /home/varun/miniconda3/envs/python38/lib/python3.8/site-packages/airflow/example_dags/example_nested_branch_dag.py
[2025-09-03T20:19:21.000+0200] {logging_mixin.py:137} INFO - [2025-09-03T20:19:21.000+0200] {dag.py:2705} INFO - Sync 1 DAGs
[2025-09-03T20:19:21.107+0200] {logging_mixin.py:137} INFO - [2025-09-03T20:19:21.107+0200] {dag.py:3452} INFO - Setting next_dagrun for example_nested_branch_dag to 2025-09-02T00:00:00+00:00, run_after=2025-09-03T00:00:00+00:00
[2025-09-03T20:19:21.129+0200] {processor.py:175} INFO - Processing /home/varun/miniconda3/envs/python38/lib/python3.8/site-packages/airflow/example_dags/example_nested_branch_dag.py took 0.176 seconds
[2025-09-03T20:20:13.420+0200] {processor.py:153} INFO - Started process (PID=5106) to work on /home/varun/miniconda3/envs/python38/lib/python3.8/site-packages/airflow/example_dags/example_nested_branch_dag.py
[2025-09-03T20:20:13.422+0200] {processor.py:743} INFO - Processing file /home/varun/miniconda3/envs/python38/lib/python3.8/site-packages/airflow/example_dags/example_nested_branch_dag.py for tasks to queue
[2025-09-03T20:20:13.423+0200] {logging_mixin.py:137} INFO - [2025-09-03T20:20:13.423+0200] {dagbag.py:532} INFO - Filling up the DagBag from /home/varun/miniconda3/envs/python38/lib/python3.8/site-packages/airflow/example_dags/example_nested_branch_dag.py
[2025-09-03T20:20:13.445+0200] {processor.py:753} INFO - DAG(s) dict_keys(['example_nested_branch_dag']) retrieved from /home/varun/miniconda3/envs/python38/lib/python3.8/site-packages/airflow/example_dags/example_nested_branch_dag.py
[2025-09-03T20:20:13.466+0200] {logging_mixin.py:137} INFO - [2025-09-03T20:20:13.466+0200] {dag.py:2705} INFO - Sync 1 DAGs
[2025-09-03T20:20:13.579+0200] {logging_mixin.py:137} INFO - [2025-09-03T20:20:13.579+0200] {dag.py:3452} INFO - Setting next_dagrun for example_nested_branch_dag to 2025-09-02T00:00:00+00:00, run_after=2025-09-03T00:00:00+00:00
[2025-09-03T20:20:13.601+0200] {processor.py:175} INFO - Processing /home/varun/miniconda3/envs/python38/lib/python3.8/site-packages/airflow/example_dags/example_nested_branch_dag.py took 0.184 seconds
[2025-09-03T20:21:03.605+0200] {processor.py:153} INFO - Started process (PID=5148) to work on /home/varun/miniconda3/envs/python38/lib/python3.8/site-packages/airflow/example_dags/example_nested_branch_dag.py
[2025-09-03T20:21:03.606+0200] {processor.py:743} INFO - Processing file /home/varun/miniconda3/envs/python38/lib/python3.8/site-packages/airflow/example_dags/example_nested_branch_dag.py for tasks to queue
[2025-09-03T20:21:03.607+0200] {logging_mixin.py:137} INFO - [2025-09-03T20:21:03.607+0200] {dagbag.py:532} INFO - Filling up the DagBag from /home/varun/miniconda3/envs/python38/lib/python3.8/site-packages/airflow/example_dags/example_nested_branch_dag.py
[2025-09-03T20:21:03.629+0200] {processor.py:753} INFO - DAG(s) dict_keys(['example_nested_branch_dag']) retrieved from /home/varun/miniconda3/envs/python38/lib/python3.8/site-packages/airflow/example_dags/example_nested_branch_dag.py
[2025-09-03T20:21:03.747+0200] {logging_mixin.py:137} INFO - [2025-09-03T20:21:03.747+0200] {dag.py:2705} INFO - Sync 1 DAGs
[2025-09-03T20:21:03.762+0200] {logging_mixin.py:137} INFO - [2025-09-03T20:21:03.762+0200] {dag.py:3452} INFO - Setting next_dagrun for example_nested_branch_dag to 2025-09-02T00:00:00+00:00, run_after=2025-09-03T00:00:00+00:00
[2025-09-03T20:21:03.788+0200] {processor.py:175} INFO - Processing /home/varun/miniconda3/envs/python38/lib/python3.8/site-packages/airflow/example_dags/example_nested_branch_dag.py took 0.186 seconds
[2025-09-03T20:21:56.251+0200] {processor.py:153} INFO - Started process (PID=5190) to work on /home/varun/miniconda3/envs/python38/lib/python3.8/site-packages/airflow/example_dags/example_nested_branch_dag.py
[2025-09-03T20:21:56.252+0200] {processor.py:743} INFO - Processing file /home/varun/miniconda3/envs/python38/lib/python3.8/site-packages/airflow/example_dags/example_nested_branch_dag.py for tasks to queue
[2025-09-03T20:21:56.252+0200] {logging_mixin.py:137} INFO - [2025-09-03T20:21:56.252+0200] {dagbag.py:532} INFO - Filling up the DagBag from /home/varun/miniconda3/envs/python38/lib/python3.8/site-packages/airflow/example_dags/example_nested_branch_dag.py
[2025-09-03T20:21:56.374+0200] {processor.py:753} INFO - DAG(s) dict_keys(['example_nested_branch_dag']) retrieved from /home/varun/miniconda3/envs/python38/lib/python3.8/site-packages/airflow/example_dags/example_nested_branch_dag.py
[2025-09-03T20:21:56.388+0200] {logging_mixin.py:137} INFO - [2025-09-03T20:21:56.388+0200] {dag.py:2705} INFO - Sync 1 DAGs
[2025-09-03T20:21:56.403+0200] {logging_mixin.py:137} INFO - [2025-09-03T20:21:56.403+0200] {dag.py:3452} INFO - Setting next_dagrun for example_nested_branch_dag to 2025-09-02T00:00:00+00:00, run_after=2025-09-03T00:00:00+00:00
[2025-09-03T20:21:56.422+0200] {processor.py:175} INFO - Processing /home/varun/miniconda3/envs/python38/lib/python3.8/site-packages/airflow/example_dags/example_nested_branch_dag.py took 0.175 seconds
[2025-09-03T20:22:46.319+0200] {processor.py:153} INFO - Started process (PID=5232) to work on /home/varun/miniconda3/envs/python38/lib/python3.8/site-packages/airflow/example_dags/example_nested_branch_dag.py
[2025-09-03T20:22:46.320+0200] {processor.py:743} INFO - Processing file /home/varun/miniconda3/envs/python38/lib/python3.8/site-packages/airflow/example_dags/example_nested_branch_dag.py for tasks to queue
[2025-09-03T20:22:46.321+0200] {logging_mixin.py:137} INFO - [2025-09-03T20:22:46.321+0200] {dagbag.py:532} INFO - Filling up the DagBag from /home/varun/miniconda3/envs/python38/lib/python3.8/site-packages/airflow/example_dags/example_nested_branch_dag.py
[2025-09-03T20:22:46.451+0200] {processor.py:753} INFO - DAG(s) dict_keys(['example_nested_branch_dag']) retrieved from /home/varun/miniconda3/envs/python38/lib/python3.8/site-packages/airflow/example_dags/example_nested_branch_dag.py
[2025-09-03T20:22:46.468+0200] {logging_mixin.py:137} INFO - [2025-09-03T20:22:46.468+0200] {dag.py:2705} INFO - Sync 1 DAGs
[2025-09-03T20:22:46.483+0200] {logging_mixin.py:137} INFO - [2025-09-03T20:22:46.483+0200] {dag.py:3452} INFO - Setting next_dagrun for example_nested_branch_dag to 2025-09-02T00:00:00+00:00, run_after=2025-09-03T00:00:00+00:00
[2025-09-03T20:22:46.508+0200] {processor.py:175} INFO - Processing /home/varun/miniconda3/envs/python38/lib/python3.8/site-packages/airflow/example_dags/example_nested_branch_dag.py took 0.193 seconds
[2025-09-03T20:23:34.128+0200] {processor.py:153} INFO - Started process (PID=5274) to work on /home/varun/miniconda3/envs/python38/lib/python3.8/site-packages/airflow/example_dags/example_nested_branch_dag.py
[2025-09-03T20:23:34.130+0200] {processor.py:743} INFO - Processing file /home/varun/miniconda3/envs/python38/lib/python3.8/site-packages/airflow/example_dags/example_nested_branch_dag.py for tasks to queue
[2025-09-03T20:23:34.130+0200] {logging_mixin.py:137} INFO - [2025-09-03T20:23:34.130+0200] {dagbag.py:532} INFO - Filling up the DagBag from /home/varun/miniconda3/envs/python38/lib/python3.8/site-packages/airflow/example_dags/example_nested_branch_dag.py
[2025-09-03T20:23:34.151+0200] {processor.py:753} INFO - DAG(s) dict_keys(['example_nested_branch_dag']) retrieved from /home/varun/miniconda3/envs/python38/lib/python3.8/site-packages/airflow/example_dags/example_nested_branch_dag.py
[2025-09-03T20:23:34.172+0200] {logging_mixin.py:137} INFO - [2025-09-03T20:23:34.172+0200] {dag.py:2705} INFO - Sync 1 DAGs
[2025-09-03T20:23:34.192+0200] {logging_mixin.py:137} INFO - [2025-09-03T20:23:34.192+0200] {dag.py:3452} INFO - Setting next_dagrun for example_nested_branch_dag to 2025-09-02T00:00:00+00:00, run_after=2025-09-03T00:00:00+00:00
[2025-09-03T20:23:34.213+0200] {processor.py:175} INFO - Processing /home/varun/miniconda3/envs/python38/lib/python3.8/site-packages/airflow/example_dags/example_nested_branch_dag.py took 0.088 seconds
[2025-09-03T20:24:23.237+0200] {processor.py:153} INFO - Started process (PID=5317) to work on /home/varun/miniconda3/envs/python38/lib/python3.8/site-packages/airflow/example_dags/example_nested_branch_dag.py
[2025-09-03T20:24:23.239+0200] {processor.py:743} INFO - Processing file /home/varun/miniconda3/envs/python38/lib/python3.8/site-packages/airflow/example_dags/example_nested_branch_dag.py for tasks to queue
[2025-09-03T20:24:23.240+0200] {logging_mixin.py:137} INFO - [2025-09-03T20:24:23.239+0200] {dagbag.py:532} INFO - Filling up the DagBag from /home/varun/miniconda3/envs/python38/lib/python3.8/site-packages/airflow/example_dags/example_nested_branch_dag.py
[2025-09-03T20:24:23.275+0200] {processor.py:753} INFO - DAG(s) dict_keys(['example_nested_branch_dag']) retrieved from /home/varun/miniconda3/envs/python38/lib/python3.8/site-packages/airflow/example_dags/example_nested_branch_dag.py
[2025-09-03T20:24:23.305+0200] {logging_mixin.py:137} INFO - [2025-09-03T20:24:23.305+0200] {dag.py:2705} INFO - Sync 1 DAGs
[2025-09-03T20:24:23.332+0200] {logging_mixin.py:137} INFO - [2025-09-03T20:24:23.331+0200] {dag.py:3452} INFO - Setting next_dagrun for example_nested_branch_dag to 2025-09-02T00:00:00+00:00, run_after=2025-09-03T00:00:00+00:00
[2025-09-03T20:24:23.365+0200] {processor.py:175} INFO - Processing /home/varun/miniconda3/envs/python38/lib/python3.8/site-packages/airflow/example_dags/example_nested_branch_dag.py took 0.132 seconds
[2025-09-03T20:25:07.534+0200] {processor.py:153} INFO - Started process (PID=5359) to work on /home/varun/miniconda3/envs/python38/lib/python3.8/site-packages/airflow/example_dags/example_nested_branch_dag.py
[2025-09-03T20:25:07.536+0200] {processor.py:743} INFO - Processing file /home/varun/miniconda3/envs/python38/lib/python3.8/site-packages/airflow/example_dags/example_nested_branch_dag.py for tasks to queue
[2025-09-03T20:25:07.537+0200] {logging_mixin.py:137} INFO - [2025-09-03T20:25:07.536+0200] {dagbag.py:532} INFO - Filling up the DagBag from /home/varun/miniconda3/envs/python38/lib/python3.8/site-packages/airflow/example_dags/example_nested_branch_dag.py
[2025-09-03T20:25:07.560+0200] {processor.py:753} INFO - DAG(s) dict_keys(['example_nested_branch_dag']) retrieved from /home/varun/miniconda3/envs/python38/lib/python3.8/site-packages/airflow/example_dags/example_nested_branch_dag.py
[2025-09-03T20:25:07.580+0200] {logging_mixin.py:137} INFO - [2025-09-03T20:25:07.580+0200] {dag.py:2705} INFO - Sync 1 DAGs
[2025-09-03T20:25:07.600+0200] {logging_mixin.py:137} INFO - [2025-09-03T20:25:07.600+0200] {dag.py:3452} INFO - Setting next_dagrun for example_nested_branch_dag to 2025-09-02T00:00:00+00:00, run_after=2025-09-03T00:00:00+00:00
[2025-09-03T20:25:07.627+0200] {processor.py:175} INFO - Processing /home/varun/miniconda3/envs/python38/lib/python3.8/site-packages/airflow/example_dags/example_nested_branch_dag.py took 0.096 seconds
[2025-09-03T20:25:50.608+0200] {processor.py:153} INFO - Started process (PID=5401) to work on /home/varun/miniconda3/envs/python38/lib/python3.8/site-packages/airflow/example_dags/example_nested_branch_dag.py
[2025-09-03T20:25:50.609+0200] {processor.py:743} INFO - Processing file /home/varun/miniconda3/envs/python38/lib/python3.8/site-packages/airflow/example_dags/example_nested_branch_dag.py for tasks to queue
[2025-09-03T20:25:50.610+0200] {logging_mixin.py:137} INFO - [2025-09-03T20:25:50.610+0200] {dagbag.py:532} INFO - Filling up the DagBag from /home/varun/miniconda3/envs/python38/lib/python3.8/site-packages/airflow/example_dags/example_nested_branch_dag.py
[2025-09-03T20:25:50.639+0200] {processor.py:753} INFO - DAG(s) dict_keys(['example_nested_branch_dag']) retrieved from /home/varun/miniconda3/envs/python38/lib/python3.8/site-packages/airflow/example_dags/example_nested_branch_dag.py
[2025-09-03T20:25:50.657+0200] {logging_mixin.py:137} INFO - [2025-09-03T20:25:50.657+0200] {dag.py:2705} INFO - Sync 1 DAGs
[2025-09-03T20:25:50.676+0200] {logging_mixin.py:137} INFO - [2025-09-03T20:25:50.676+0200] {dag.py:3452} INFO - Setting next_dagrun for example_nested_branch_dag to 2025-09-02T00:00:00+00:00, run_after=2025-09-03T00:00:00+00:00
[2025-09-03T20:25:50.702+0200] {processor.py:175} INFO - Processing /home/varun/miniconda3/envs/python38/lib/python3.8/site-packages/airflow/example_dags/example_nested_branch_dag.py took 0.098 seconds
[2025-09-03T20:26:40.944+0200] {processor.py:153} INFO - Started process (PID=5443) to work on /home/varun/miniconda3/envs/python38/lib/python3.8/site-packages/airflow/example_dags/example_nested_branch_dag.py
[2025-09-03T20:26:40.946+0200] {processor.py:743} INFO - Processing file /home/varun/miniconda3/envs/python38/lib/python3.8/site-packages/airflow/example_dags/example_nested_branch_dag.py for tasks to queue
[2025-09-03T20:26:40.947+0200] {logging_mixin.py:137} INFO - [2025-09-03T20:26:40.946+0200] {dagbag.py:532} INFO - Filling up the DagBag from /home/varun/miniconda3/envs/python38/lib/python3.8/site-packages/airflow/example_dags/example_nested_branch_dag.py
[2025-09-03T20:26:40.975+0200] {processor.py:753} INFO - DAG(s) dict_keys(['example_nested_branch_dag']) retrieved from /home/varun/miniconda3/envs/python38/lib/python3.8/site-packages/airflow/example_dags/example_nested_branch_dag.py
[2025-09-03T20:26:41.000+0200] {logging_mixin.py:137} INFO - [2025-09-03T20:26:41.000+0200] {dag.py:2705} INFO - Sync 1 DAGs
[2025-09-03T20:26:41.021+0200] {logging_mixin.py:137} INFO - [2025-09-03T20:26:41.020+0200] {dag.py:3452} INFO - Setting next_dagrun for example_nested_branch_dag to 2025-09-02T00:00:00+00:00, run_after=2025-09-03T00:00:00+00:00
[2025-09-03T20:26:41.043+0200] {processor.py:175} INFO - Processing /home/varun/miniconda3/envs/python38/lib/python3.8/site-packages/airflow/example_dags/example_nested_branch_dag.py took 0.105 seconds
[2025-09-03T20:27:26.840+0200] {processor.py:153} INFO - Started process (PID=5485) to work on /home/varun/miniconda3/envs/python38/lib/python3.8/site-packages/airflow/example_dags/example_nested_branch_dag.py
[2025-09-03T20:27:26.841+0200] {processor.py:743} INFO - Processing file /home/varun/miniconda3/envs/python38/lib/python3.8/site-packages/airflow/example_dags/example_nested_branch_dag.py for tasks to queue
[2025-09-03T20:27:26.843+0200] {logging_mixin.py:137} INFO - [2025-09-03T20:27:26.842+0200] {dagbag.py:532} INFO - Filling up the DagBag from /home/varun/miniconda3/envs/python38/lib/python3.8/site-packages/airflow/example_dags/example_nested_branch_dag.py
[2025-09-03T20:27:26.862+0200] {processor.py:753} INFO - DAG(s) dict_keys(['example_nested_branch_dag']) retrieved from /home/varun/miniconda3/envs/python38/lib/python3.8/site-packages/airflow/example_dags/example_nested_branch_dag.py
[2025-09-03T20:27:26.879+0200] {logging_mixin.py:137} INFO - [2025-09-03T20:27:26.879+0200] {dag.py:2705} INFO - Sync 1 DAGs
[2025-09-03T20:27:26.895+0200] {logging_mixin.py:137} INFO - [2025-09-03T20:27:26.895+0200] {dag.py:3452} INFO - Setting next_dagrun for example_nested_branch_dag to 2025-09-02T00:00:00+00:00, run_after=2025-09-03T00:00:00+00:00
[2025-09-03T20:27:26.915+0200] {processor.py:175} INFO - Processing /home/varun/miniconda3/envs/python38/lib/python3.8/site-packages/airflow/example_dags/example_nested_branch_dag.py took 0.078 seconds
[2025-09-03T20:28:13.096+0200] {processor.py:153} INFO - Started process (PID=5527) to work on /home/varun/miniconda3/envs/python38/lib/python3.8/site-packages/airflow/example_dags/example_nested_branch_dag.py
[2025-09-03T20:28:13.098+0200] {processor.py:743} INFO - Processing file /home/varun/miniconda3/envs/python38/lib/python3.8/site-packages/airflow/example_dags/example_nested_branch_dag.py for tasks to queue
[2025-09-03T20:28:13.098+0200] {logging_mixin.py:137} INFO - [2025-09-03T20:28:13.098+0200] {dagbag.py:532} INFO - Filling up the DagBag from /home/varun/miniconda3/envs/python38/lib/python3.8/site-packages/airflow/example_dags/example_nested_branch_dag.py
[2025-09-03T20:28:13.121+0200] {processor.py:753} INFO - DAG(s) dict_keys(['example_nested_branch_dag']) retrieved from /home/varun/miniconda3/envs/python38/lib/python3.8/site-packages/airflow/example_dags/example_nested_branch_dag.py
[2025-09-03T20:28:13.144+0200] {logging_mixin.py:137} INFO - [2025-09-03T20:28:13.143+0200] {dag.py:2705} INFO - Sync 1 DAGs
[2025-09-03T20:28:13.162+0200] {logging_mixin.py:137} INFO - [2025-09-03T20:28:13.162+0200] {dag.py:3452} INFO - Setting next_dagrun for example_nested_branch_dag to 2025-09-02T00:00:00+00:00, run_after=2025-09-03T00:00:00+00:00
[2025-09-03T20:28:13.184+0200] {processor.py:175} INFO - Processing /home/varun/miniconda3/envs/python38/lib/python3.8/site-packages/airflow/example_dags/example_nested_branch_dag.py took 0.091 seconds
[2025-09-03T20:28:59.111+0200] {processor.py:153} INFO - Started process (PID=5569) to work on /home/varun/miniconda3/envs/python38/lib/python3.8/site-packages/airflow/example_dags/example_nested_branch_dag.py
[2025-09-03T20:28:59.112+0200] {processor.py:743} INFO - Processing file /home/varun/miniconda3/envs/python38/lib/python3.8/site-packages/airflow/example_dags/example_nested_branch_dag.py for tasks to queue
[2025-09-03T20:28:59.113+0200] {logging_mixin.py:137} INFO - [2025-09-03T20:28:59.113+0200] {dagbag.py:532} INFO - Filling up the DagBag from /home/varun/miniconda3/envs/python38/lib/python3.8/site-packages/airflow/example_dags/example_nested_branch_dag.py
[2025-09-03T20:28:59.133+0200] {processor.py:753} INFO - DAG(s) dict_keys(['example_nested_branch_dag']) retrieved from /home/varun/miniconda3/envs/python38/lib/python3.8/site-packages/airflow/example_dags/example_nested_branch_dag.py
[2025-09-03T20:28:59.151+0200] {logging_mixin.py:137} INFO - [2025-09-03T20:28:59.151+0200] {dag.py:2705} INFO - Sync 1 DAGs
[2025-09-03T20:28:59.167+0200] {logging_mixin.py:137} INFO - [2025-09-03T20:28:59.166+0200] {dag.py:3452} INFO - Setting next_dagrun for example_nested_branch_dag to 2025-09-02T00:00:00+00:00, run_after=2025-09-03T00:00:00+00:00
[2025-09-03T20:28:59.195+0200] {processor.py:175} INFO - Processing /home/varun/miniconda3/envs/python38/lib/python3.8/site-packages/airflow/example_dags/example_nested_branch_dag.py took 0.088 seconds
[2025-09-03T20:29:48.742+0200] {processor.py:153} INFO - Started process (PID=5612) to work on /home/varun/miniconda3/envs/python38/lib/python3.8/site-packages/airflow/example_dags/example_nested_branch_dag.py
[2025-09-03T20:29:48.743+0200] {processor.py:743} INFO - Processing file /home/varun/miniconda3/envs/python38/lib/python3.8/site-packages/airflow/example_dags/example_nested_branch_dag.py for tasks to queue
[2025-09-03T20:29:48.744+0200] {logging_mixin.py:137} INFO - [2025-09-03T20:29:48.744+0200] {dagbag.py:532} INFO - Filling up the DagBag from /home/varun/miniconda3/envs/python38/lib/python3.8/site-packages/airflow/example_dags/example_nested_branch_dag.py
[2025-09-03T20:29:48.765+0200] {processor.py:753} INFO - DAG(s) dict_keys(['example_nested_branch_dag']) retrieved from /home/varun/miniconda3/envs/python38/lib/python3.8/site-packages/airflow/example_dags/example_nested_branch_dag.py
[2025-09-03T20:29:48.782+0200] {logging_mixin.py:137} INFO - [2025-09-03T20:29:48.782+0200] {dag.py:2705} INFO - Sync 1 DAGs
[2025-09-03T20:29:48.798+0200] {logging_mixin.py:137} INFO - [2025-09-03T20:29:48.798+0200] {dag.py:3452} INFO - Setting next_dagrun for example_nested_branch_dag to 2025-09-02T00:00:00+00:00, run_after=2025-09-03T00:00:00+00:00
[2025-09-03T20:29:48.817+0200] {processor.py:175} INFO - Processing /home/varun/miniconda3/envs/python38/lib/python3.8/site-packages/airflow/example_dags/example_nested_branch_dag.py took 0.078 seconds
[2025-09-03T20:30:32.875+0200] {processor.py:153} INFO - Started process (PID=5654) to work on /home/varun/miniconda3/envs/python38/lib/python3.8/site-packages/airflow/example_dags/example_nested_branch_dag.py
[2025-09-03T20:30:32.876+0200] {processor.py:743} INFO - Processing file /home/varun/miniconda3/envs/python38/lib/python3.8/site-packages/airflow/example_dags/example_nested_branch_dag.py for tasks to queue
[2025-09-03T20:30:32.876+0200] {logging_mixin.py:137} INFO - [2025-09-03T20:30:32.876+0200] {dagbag.py:532} INFO - Filling up the DagBag from /home/varun/miniconda3/envs/python38/lib/python3.8/site-packages/airflow/example_dags/example_nested_branch_dag.py
[2025-09-03T20:30:32.897+0200] {processor.py:753} INFO - DAG(s) dict_keys(['example_nested_branch_dag']) retrieved from /home/varun/miniconda3/envs/python38/lib/python3.8/site-packages/airflow/example_dags/example_nested_branch_dag.py
[2025-09-03T20:30:32.914+0200] {logging_mixin.py:137} INFO - [2025-09-03T20:30:32.914+0200] {dag.py:2705} INFO - Sync 1 DAGs
[2025-09-03T20:30:32.929+0200] {logging_mixin.py:137} INFO - [2025-09-03T20:30:32.929+0200] {dag.py:3452} INFO - Setting next_dagrun for example_nested_branch_dag to 2025-09-02T00:00:00+00:00, run_after=2025-09-03T00:00:00+00:00
[2025-09-03T20:30:32.951+0200] {processor.py:175} INFO - Processing /home/varun/miniconda3/envs/python38/lib/python3.8/site-packages/airflow/example_dags/example_nested_branch_dag.py took 0.080 seconds
[2025-09-03T20:31:17.024+0200] {processor.py:153} INFO - Started process (PID=5696) to work on /home/varun/miniconda3/envs/python38/lib/python3.8/site-packages/airflow/example_dags/example_nested_branch_dag.py
[2025-09-03T20:31:17.026+0200] {processor.py:743} INFO - Processing file /home/varun/miniconda3/envs/python38/lib/python3.8/site-packages/airflow/example_dags/example_nested_branch_dag.py for tasks to queue
[2025-09-03T20:31:17.026+0200] {logging_mixin.py:137} INFO - [2025-09-03T20:31:17.026+0200] {dagbag.py:532} INFO - Filling up the DagBag from /home/varun/miniconda3/envs/python38/lib/python3.8/site-packages/airflow/example_dags/example_nested_branch_dag.py
[2025-09-03T20:31:17.048+0200] {processor.py:753} INFO - DAG(s) dict_keys(['example_nested_branch_dag']) retrieved from /home/varun/miniconda3/envs/python38/lib/python3.8/site-packages/airflow/example_dags/example_nested_branch_dag.py
[2025-09-03T20:31:17.066+0200] {logging_mixin.py:137} INFO - [2025-09-03T20:31:17.065+0200] {dag.py:2705} INFO - Sync 1 DAGs
[2025-09-03T20:31:17.086+0200] {logging_mixin.py:137} INFO - [2025-09-03T20:31:17.086+0200] {dag.py:3452} INFO - Setting next_dagrun for example_nested_branch_dag to 2025-09-02T00:00:00+00:00, run_after=2025-09-03T00:00:00+00:00
[2025-09-03T20:31:17.108+0200] {processor.py:175} INFO - Processing /home/varun/miniconda3/envs/python38/lib/python3.8/site-packages/airflow/example_dags/example_nested_branch_dag.py took 0.087 seconds
[2025-09-03T20:32:05.988+0200] {processor.py:153} INFO - Started process (PID=5738) to work on /home/varun/miniconda3/envs/python38/lib/python3.8/site-packages/airflow/example_dags/example_nested_branch_dag.py
[2025-09-03T20:32:05.989+0200] {processor.py:743} INFO - Processing file /home/varun/miniconda3/envs/python38/lib/python3.8/site-packages/airflow/example_dags/example_nested_branch_dag.py for tasks to queue
[2025-09-03T20:32:05.989+0200] {logging_mixin.py:137} INFO - [2025-09-03T20:32:05.989+0200] {dagbag.py:532} INFO - Filling up the DagBag from /home/varun/miniconda3/envs/python38/lib/python3.8/site-packages/airflow/example_dags/example_nested_branch_dag.py
[2025-09-03T20:32:06.010+0200] {processor.py:753} INFO - DAG(s) dict_keys(['example_nested_branch_dag']) retrieved from /home/varun/miniconda3/envs/python38/lib/python3.8/site-packages/airflow/example_dags/example_nested_branch_dag.py
[2025-09-03T20:32:06.028+0200] {logging_mixin.py:137} INFO - [2025-09-03T20:32:06.028+0200] {dag.py:2705} INFO - Sync 1 DAGs
[2025-09-03T20:32:06.047+0200] {logging_mixin.py:137} INFO - [2025-09-03T20:32:06.046+0200] {dag.py:3452} INFO - Setting next_dagrun for example_nested_branch_dag to 2025-09-02T00:00:00+00:00, run_after=2025-09-03T00:00:00+00:00
[2025-09-03T20:32:06.070+0200] {processor.py:175} INFO - Processing /home/varun/miniconda3/envs/python38/lib/python3.8/site-packages/airflow/example_dags/example_nested_branch_dag.py took 0.086 seconds
[2025-09-03T20:32:50.763+0200] {processor.py:153} INFO - Started process (PID=5780) to work on /home/varun/miniconda3/envs/python38/lib/python3.8/site-packages/airflow/example_dags/example_nested_branch_dag.py
[2025-09-03T20:32:50.765+0200] {processor.py:743} INFO - Processing file /home/varun/miniconda3/envs/python38/lib/python3.8/site-packages/airflow/example_dags/example_nested_branch_dag.py for tasks to queue
[2025-09-03T20:32:50.766+0200] {logging_mixin.py:137} INFO - [2025-09-03T20:32:50.766+0200] {dagbag.py:532} INFO - Filling up the DagBag from /home/varun/miniconda3/envs/python38/lib/python3.8/site-packages/airflow/example_dags/example_nested_branch_dag.py
[2025-09-03T20:32:50.786+0200] {processor.py:753} INFO - DAG(s) dict_keys(['example_nested_branch_dag']) retrieved from /home/varun/miniconda3/envs/python38/lib/python3.8/site-packages/airflow/example_dags/example_nested_branch_dag.py
[2025-09-03T20:32:50.807+0200] {logging_mixin.py:137} INFO - [2025-09-03T20:32:50.807+0200] {dag.py:2705} INFO - Sync 1 DAGs
[2025-09-03T20:32:50.826+0200] {logging_mixin.py:137} INFO - [2025-09-03T20:32:50.826+0200] {dag.py:3452} INFO - Setting next_dagrun for example_nested_branch_dag to 2025-09-02T00:00:00+00:00, run_after=2025-09-03T00:00:00+00:00
[2025-09-03T20:32:50.851+0200] {processor.py:175} INFO - Processing /home/varun/miniconda3/envs/python38/lib/python3.8/site-packages/airflow/example_dags/example_nested_branch_dag.py took 0.091 seconds
[2025-09-03T20:33:36.594+0200] {processor.py:153} INFO - Started process (PID=5822) to work on /home/varun/miniconda3/envs/python38/lib/python3.8/site-packages/airflow/example_dags/example_nested_branch_dag.py
[2025-09-03T20:33:36.595+0200] {processor.py:743} INFO - Processing file /home/varun/miniconda3/envs/python38/lib/python3.8/site-packages/airflow/example_dags/example_nested_branch_dag.py for tasks to queue
[2025-09-03T20:33:36.596+0200] {logging_mixin.py:137} INFO - [2025-09-03T20:33:36.596+0200] {dagbag.py:532} INFO - Filling up the DagBag from /home/varun/miniconda3/envs/python38/lib/python3.8/site-packages/airflow/example_dags/example_nested_branch_dag.py
[2025-09-03T20:33:36.620+0200] {processor.py:753} INFO - DAG(s) dict_keys(['example_nested_branch_dag']) retrieved from /home/varun/miniconda3/envs/python38/lib/python3.8/site-packages/airflow/example_dags/example_nested_branch_dag.py
[2025-09-03T20:33:36.642+0200] {logging_mixin.py:137} INFO - [2025-09-03T20:33:36.642+0200] {dag.py:2705} INFO - Sync 1 DAGs
[2025-09-03T20:33:36.661+0200] {logging_mixin.py:137} INFO - [2025-09-03T20:33:36.661+0200] {dag.py:3452} INFO - Setting next_dagrun for example_nested_branch_dag to 2025-09-02T00:00:00+00:00, run_after=2025-09-03T00:00:00+00:00
[2025-09-03T20:33:36.684+0200] {processor.py:175} INFO - Processing /home/varun/miniconda3/envs/python38/lib/python3.8/site-packages/airflow/example_dags/example_nested_branch_dag.py took 0.093 seconds
[2025-09-03T20:34:21.696+0200] {processor.py:153} INFO - Started process (PID=5864) to work on /home/varun/miniconda3/envs/python38/lib/python3.8/site-packages/airflow/example_dags/example_nested_branch_dag.py
[2025-09-03T20:34:21.698+0200] {processor.py:743} INFO - Processing file /home/varun/miniconda3/envs/python38/lib/python3.8/site-packages/airflow/example_dags/example_nested_branch_dag.py for tasks to queue
[2025-09-03T20:34:21.698+0200] {logging_mixin.py:137} INFO - [2025-09-03T20:34:21.698+0200] {dagbag.py:532} INFO - Filling up the DagBag from /home/varun/miniconda3/envs/python38/lib/python3.8/site-packages/airflow/example_dags/example_nested_branch_dag.py
[2025-09-03T20:34:21.723+0200] {processor.py:753} INFO - DAG(s) dict_keys(['example_nested_branch_dag']) retrieved from /home/varun/miniconda3/envs/python38/lib/python3.8/site-packages/airflow/example_dags/example_nested_branch_dag.py
[2025-09-03T20:34:25.320+0200] {logging_mixin.py:137} INFO - [2025-09-03T20:34:25.320+0200] {dag.py:2705} INFO - Sync 1 DAGs
[2025-09-03T20:34:25.336+0200] {logging_mixin.py:137} INFO - [2025-09-03T20:34:25.335+0200] {dag.py:3452} INFO - Setting next_dagrun for example_nested_branch_dag to 2025-09-02T00:00:00+00:00, run_after=2025-09-03T00:00:00+00:00
[2025-09-03T20:34:25.357+0200] {processor.py:175} INFO - Processing /home/varun/miniconda3/envs/python38/lib/python3.8/site-packages/airflow/example_dags/example_nested_branch_dag.py took 0.087 seconds
[2025-09-03T20:35:09.673+0200] {processor.py:153} INFO - Started process (PID=5907) to work on /home/varun/miniconda3/envs/python38/lib/python3.8/site-packages/airflow/example_dags/example_nested_branch_dag.py
[2025-09-03T20:35:09.675+0200] {processor.py:743} INFO - Processing file /home/varun/miniconda3/envs/python38/lib/python3.8/site-packages/airflow/example_dags/example_nested_branch_dag.py for tasks to queue
[2025-09-03T20:35:09.675+0200] {logging_mixin.py:137} INFO - [2025-09-03T20:35:09.675+0200] {dagbag.py:532} INFO - Filling up the DagBag from /home/varun/miniconda3/envs/python38/lib/python3.8/site-packages/airflow/example_dags/example_nested_branch_dag.py
[2025-09-03T20:35:09.695+0200] {processor.py:753} INFO - DAG(s) dict_keys(['example_nested_branch_dag']) retrieved from /home/varun/miniconda3/envs/python38/lib/python3.8/site-packages/airflow/example_dags/example_nested_branch_dag.py
[2025-09-03T20:35:09.712+0200] {logging_mixin.py:137} INFO - [2025-09-03T20:35:09.712+0200] {dag.py:2705} INFO - Sync 1 DAGs
[2025-09-03T20:35:09.728+0200] {logging_mixin.py:137} INFO - [2025-09-03T20:35:09.728+0200] {dag.py:3452} INFO - Setting next_dagrun for example_nested_branch_dag to 2025-09-02T00:00:00+00:00, run_after=2025-09-03T00:00:00+00:00
[2025-09-03T20:35:09.750+0200] {processor.py:175} INFO - Processing /home/varun/miniconda3/envs/python38/lib/python3.8/site-packages/airflow/example_dags/example_nested_branch_dag.py took 0.080 seconds
[2025-09-03T20:35:54.590+0200] {processor.py:153} INFO - Started process (PID=5949) to work on /home/varun/miniconda3/envs/python38/lib/python3.8/site-packages/airflow/example_dags/example_nested_branch_dag.py
[2025-09-03T20:35:54.592+0200] {processor.py:743} INFO - Processing file /home/varun/miniconda3/envs/python38/lib/python3.8/site-packages/airflow/example_dags/example_nested_branch_dag.py for tasks to queue
[2025-09-03T20:35:54.593+0200] {logging_mixin.py:137} INFO - [2025-09-03T20:35:54.593+0200] {dagbag.py:532} INFO - Filling up the DagBag from /home/varun/miniconda3/envs/python38/lib/python3.8/site-packages/airflow/example_dags/example_nested_branch_dag.py
[2025-09-03T20:35:54.614+0200] {processor.py:753} INFO - DAG(s) dict_keys(['example_nested_branch_dag']) retrieved from /home/varun/miniconda3/envs/python38/lib/python3.8/site-packages/airflow/example_dags/example_nested_branch_dag.py
[2025-09-03T20:35:54.632+0200] {logging_mixin.py:137} INFO - [2025-09-03T20:35:54.631+0200] {dag.py:2705} INFO - Sync 1 DAGs
[2025-09-03T20:35:54.648+0200] {logging_mixin.py:137} INFO - [2025-09-03T20:35:54.648+0200] {dag.py:3452} INFO - Setting next_dagrun for example_nested_branch_dag to 2025-09-02T00:00:00+00:00, run_after=2025-09-03T00:00:00+00:00
[2025-09-03T20:35:54.669+0200] {processor.py:175} INFO - Processing /home/varun/miniconda3/envs/python38/lib/python3.8/site-packages/airflow/example_dags/example_nested_branch_dag.py took 0.082 seconds
[2025-09-03T20:36:40.641+0200] {processor.py:153} INFO - Started process (PID=5991) to work on /home/varun/miniconda3/envs/python38/lib/python3.8/site-packages/airflow/example_dags/example_nested_branch_dag.py
[2025-09-03T20:36:40.643+0200] {processor.py:743} INFO - Processing file /home/varun/miniconda3/envs/python38/lib/python3.8/site-packages/airflow/example_dags/example_nested_branch_dag.py for tasks to queue
[2025-09-03T20:36:40.644+0200] {logging_mixin.py:137} INFO - [2025-09-03T20:36:40.644+0200] {dagbag.py:532} INFO - Filling up the DagBag from /home/varun/miniconda3/envs/python38/lib/python3.8/site-packages/airflow/example_dags/example_nested_branch_dag.py
[2025-09-03T20:36:40.671+0200] {processor.py:753} INFO - DAG(s) dict_keys(['example_nested_branch_dag']) retrieved from /home/varun/miniconda3/envs/python38/lib/python3.8/site-packages/airflow/example_dags/example_nested_branch_dag.py
[2025-09-03T20:36:40.694+0200] {logging_mixin.py:137} INFO - [2025-09-03T20:36:40.693+0200] {dag.py:2705} INFO - Sync 1 DAGs
[2025-09-03T20:36:40.717+0200] {logging_mixin.py:137} INFO - [2025-09-03T20:36:40.717+0200] {dag.py:3452} INFO - Setting next_dagrun for example_nested_branch_dag to 2025-09-02T00:00:00+00:00, run_after=2025-09-03T00:00:00+00:00
[2025-09-03T20:36:40.745+0200] {processor.py:175} INFO - Processing /home/varun/miniconda3/envs/python38/lib/python3.8/site-packages/airflow/example_dags/example_nested_branch_dag.py took 0.108 seconds
