[2025-09-03T19:42:55.990+0200] {processor.py:153} INFO - Started process (PID=3116) to work on /home/varun/miniconda3/envs/python38/lib/python3.8/site-packages/airflow/example_dags/example_branch_day_of_week_operator.py
[2025-09-03T19:42:55.992+0200] {processor.py:743} INFO - Processing file /home/varun/miniconda3/envs/python38/lib/python3.8/site-packages/airflow/example_dags/example_branch_day_of_week_operator.py for tasks to queue
[2025-09-03T19:42:55.993+0200] {logging_mixin.py:137} INFO - [2025-09-03T19:42:55.993+0200] {dagbag.py:532} INFO - Filling up the DagBag from /home/varun/miniconda3/envs/python38/lib/python3.8/site-packages/airflow/example_dags/example_branch_day_of_week_operator.py
[2025-09-03T19:42:56.023+0200] {processor.py:753} INFO - DAG(s) dict_keys(['example_weekday_branch_operator']) retrieved from /home/varun/miniconda3/envs/python38/lib/python3.8/site-packages/airflow/example_dags/example_branch_day_of_week_operator.py
[2025-09-03T19:42:56.138+0200] {logging_mixin.py:137} INFO - [2025-09-03T19:42:56.138+0200] {manager.py:504} INFO - Created Permission View: can edit on DAG:example_weekday_branch_operator
[2025-09-03T19:42:56.152+0200] {logging_mixin.py:137} INFO - [2025-09-03T19:42:56.151+0200] {manager.py:504} INFO - Created Permission View: can delete on DAG:example_weekday_branch_operator
[2025-09-03T19:42:56.167+0200] {logging_mixin.py:137} INFO - [2025-09-03T19:42:56.167+0200] {manager.py:504} INFO - Created Permission View: can read on DAG:example_weekday_branch_operator
[2025-09-03T19:42:56.167+0200] {logging_mixin.py:137} INFO - [2025-09-03T19:42:56.167+0200] {dag.py:2705} INFO - Sync 1 DAGs
[2025-09-03T19:42:56.180+0200] {logging_mixin.py:137} INFO - [2025-09-03T19:42:56.180+0200] {dag.py:2726} INFO - Creating ORM DAG for example_weekday_branch_operator
[2025-09-03T19:42:56.191+0200] {logging_mixin.py:137} INFO - [2025-09-03T19:42:56.191+0200] {dag.py:3452} INFO - Setting next_dagrun for example_weekday_branch_operator to 2025-09-02T00:00:00+00:00, run_after=2025-09-03T00:00:00+00:00
[2025-09-03T19:42:56.217+0200] {processor.py:175} INFO - Processing /home/varun/miniconda3/envs/python38/lib/python3.8/site-packages/airflow/example_dags/example_branch_day_of_week_operator.py took 0.232 seconds
[2025-09-03T19:43:46.618+0200] {processor.py:153} INFO - Started process (PID=3158) to work on /home/varun/miniconda3/envs/python38/lib/python3.8/site-packages/airflow/example_dags/example_branch_day_of_week_operator.py
[2025-09-03T19:43:46.620+0200] {processor.py:743} INFO - Processing file /home/varun/miniconda3/envs/python38/lib/python3.8/site-packages/airflow/example_dags/example_branch_day_of_week_operator.py for tasks to queue
[2025-09-03T19:43:46.621+0200] {logging_mixin.py:137} INFO - [2025-09-03T19:43:46.621+0200] {dagbag.py:532} INFO - Filling up the DagBag from /home/varun/miniconda3/envs/python38/lib/python3.8/site-packages/airflow/example_dags/example_branch_day_of_week_operator.py
[2025-09-03T19:43:46.645+0200] {processor.py:753} INFO - DAG(s) dict_keys(['example_weekday_branch_operator']) retrieved from /home/varun/miniconda3/envs/python38/lib/python3.8/site-packages/airflow/example_dags/example_branch_day_of_week_operator.py
[2025-09-03T19:43:46.675+0200] {logging_mixin.py:137} INFO - [2025-09-03T19:43:46.675+0200] {dag.py:2705} INFO - Sync 1 DAGs
[2025-09-03T19:43:46.702+0200] {logging_mixin.py:137} INFO - [2025-09-03T19:43:46.701+0200] {dag.py:3452} INFO - Setting next_dagrun for example_weekday_branch_operator to 2025-09-02T00:00:00+00:00, run_after=2025-09-03T00:00:00+00:00
[2025-09-03T19:43:46.737+0200] {processor.py:175} INFO - Processing /home/varun/miniconda3/envs/python38/lib/python3.8/site-packages/airflow/example_dags/example_branch_day_of_week_operator.py took 0.125 seconds
[2025-09-03T19:44:33.160+0200] {processor.py:153} INFO - Started process (PID=3200) to work on /home/varun/miniconda3/envs/python38/lib/python3.8/site-packages/airflow/example_dags/example_branch_day_of_week_operator.py
[2025-09-03T19:44:33.161+0200] {processor.py:743} INFO - Processing file /home/varun/miniconda3/envs/python38/lib/python3.8/site-packages/airflow/example_dags/example_branch_day_of_week_operator.py for tasks to queue
[2025-09-03T19:44:33.162+0200] {logging_mixin.py:137} INFO - [2025-09-03T19:44:33.162+0200] {dagbag.py:532} INFO - Filling up the DagBag from /home/varun/miniconda3/envs/python38/lib/python3.8/site-packages/airflow/example_dags/example_branch_day_of_week_operator.py
[2025-09-03T19:44:33.183+0200] {processor.py:753} INFO - DAG(s) dict_keys(['example_weekday_branch_operator']) retrieved from /home/varun/miniconda3/envs/python38/lib/python3.8/site-packages/airflow/example_dags/example_branch_day_of_week_operator.py
[2025-09-03T19:44:33.207+0200] {logging_mixin.py:137} INFO - [2025-09-03T19:44:33.207+0200] {dag.py:2705} INFO - Sync 1 DAGs
[2025-09-03T19:44:33.225+0200] {logging_mixin.py:137} INFO - [2025-09-03T19:44:33.225+0200] {dag.py:3452} INFO - Setting next_dagrun for example_weekday_branch_operator to 2025-09-02T00:00:00+00:00, run_after=2025-09-03T00:00:00+00:00
[2025-09-03T19:44:33.249+0200] {processor.py:175} INFO - Processing /home/varun/miniconda3/envs/python38/lib/python3.8/site-packages/airflow/example_dags/example_branch_day_of_week_operator.py took 0.092 seconds
[2025-09-03T19:45:21.465+0200] {processor.py:153} INFO - Started process (PID=3243) to work on /home/varun/miniconda3/envs/python38/lib/python3.8/site-packages/airflow/example_dags/example_branch_day_of_week_operator.py
[2025-09-03T19:45:21.466+0200] {processor.py:743} INFO - Processing file /home/varun/miniconda3/envs/python38/lib/python3.8/site-packages/airflow/example_dags/example_branch_day_of_week_operator.py for tasks to queue
[2025-09-03T19:45:21.467+0200] {logging_mixin.py:137} INFO - [2025-09-03T19:45:21.467+0200] {dagbag.py:532} INFO - Filling up the DagBag from /home/varun/miniconda3/envs/python38/lib/python3.8/site-packages/airflow/example_dags/example_branch_day_of_week_operator.py
[2025-09-03T19:45:21.485+0200] {processor.py:753} INFO - DAG(s) dict_keys(['example_weekday_branch_operator']) retrieved from /home/varun/miniconda3/envs/python38/lib/python3.8/site-packages/airflow/example_dags/example_branch_day_of_week_operator.py
[2025-09-03T19:45:21.505+0200] {logging_mixin.py:137} INFO - [2025-09-03T19:45:21.505+0200] {dag.py:2705} INFO - Sync 1 DAGs
[2025-09-03T19:45:21.523+0200] {logging_mixin.py:137} INFO - [2025-09-03T19:45:21.523+0200] {dag.py:3452} INFO - Setting next_dagrun for example_weekday_branch_operator to 2025-09-02T00:00:00+00:00, run_after=2025-09-03T00:00:00+00:00
[2025-09-03T19:45:21.552+0200] {processor.py:175} INFO - Processing /home/varun/miniconda3/envs/python38/lib/python3.8/site-packages/airflow/example_dags/example_branch_day_of_week_operator.py took 0.091 seconds
[2025-09-03T19:46:08.275+0200] {processor.py:153} INFO - Started process (PID=3313) to work on /home/varun/miniconda3/envs/python38/lib/python3.8/site-packages/airflow/example_dags/example_branch_day_of_week_operator.py
[2025-09-03T19:46:08.276+0200] {processor.py:743} INFO - Processing file /home/varun/miniconda3/envs/python38/lib/python3.8/site-packages/airflow/example_dags/example_branch_day_of_week_operator.py for tasks to queue
[2025-09-03T19:46:08.277+0200] {logging_mixin.py:137} INFO - [2025-09-03T19:46:08.277+0200] {dagbag.py:532} INFO - Filling up the DagBag from /home/varun/miniconda3/envs/python38/lib/python3.8/site-packages/airflow/example_dags/example_branch_day_of_week_operator.py
[2025-09-03T19:46:08.293+0200] {processor.py:753} INFO - DAG(s) dict_keys(['example_weekday_branch_operator']) retrieved from /home/varun/miniconda3/envs/python38/lib/python3.8/site-packages/airflow/example_dags/example_branch_day_of_week_operator.py
[2025-09-03T19:46:08.321+0200] {logging_mixin.py:137} INFO - [2025-09-03T19:46:08.320+0200] {dag.py:2705} INFO - Sync 1 DAGs
[2025-09-03T19:46:08.347+0200] {logging_mixin.py:137} INFO - [2025-09-03T19:46:08.346+0200] {dag.py:3452} INFO - Setting next_dagrun for example_weekday_branch_operator to 2025-09-02T00:00:00+00:00, run_after=2025-09-03T00:00:00+00:00
[2025-09-03T19:46:08.378+0200] {processor.py:175} INFO - Processing /home/varun/miniconda3/envs/python38/lib/python3.8/site-packages/airflow/example_dags/example_branch_day_of_week_operator.py took 0.107 seconds
[2025-09-03T19:46:54.923+0200] {processor.py:153} INFO - Started process (PID=3361) to work on /home/varun/miniconda3/envs/python38/lib/python3.8/site-packages/airflow/example_dags/example_branch_day_of_week_operator.py
[2025-09-03T19:46:54.925+0200] {processor.py:743} INFO - Processing file /home/varun/miniconda3/envs/python38/lib/python3.8/site-packages/airflow/example_dags/example_branch_day_of_week_operator.py for tasks to queue
[2025-09-03T19:46:54.925+0200] {logging_mixin.py:137} INFO - [2025-09-03T19:46:54.925+0200] {dagbag.py:532} INFO - Filling up the DagBag from /home/varun/miniconda3/envs/python38/lib/python3.8/site-packages/airflow/example_dags/example_branch_day_of_week_operator.py
[2025-09-03T19:46:54.940+0200] {processor.py:753} INFO - DAG(s) dict_keys(['example_weekday_branch_operator']) retrieved from /home/varun/miniconda3/envs/python38/lib/python3.8/site-packages/airflow/example_dags/example_branch_day_of_week_operator.py
[2025-09-03T19:46:54.958+0200] {logging_mixin.py:137} INFO - [2025-09-03T19:46:54.958+0200] {dag.py:2705} INFO - Sync 1 DAGs
[2025-09-03T19:46:54.982+0200] {logging_mixin.py:137} INFO - [2025-09-03T19:46:54.982+0200] {dag.py:3452} INFO - Setting next_dagrun for example_weekday_branch_operator to 2025-09-02T00:00:00+00:00, run_after=2025-09-03T00:00:00+00:00
[2025-09-03T19:46:55.008+0200] {processor.py:175} INFO - Processing /home/varun/miniconda3/envs/python38/lib/python3.8/site-packages/airflow/example_dags/example_branch_day_of_week_operator.py took 0.088 seconds
[2025-09-03T19:47:41.081+0200] {processor.py:153} INFO - Started process (PID=3411) to work on /home/varun/miniconda3/envs/python38/lib/python3.8/site-packages/airflow/example_dags/example_branch_day_of_week_operator.py
[2025-09-03T19:47:41.083+0200] {processor.py:743} INFO - Processing file /home/varun/miniconda3/envs/python38/lib/python3.8/site-packages/airflow/example_dags/example_branch_day_of_week_operator.py for tasks to queue
[2025-09-03T19:47:41.084+0200] {logging_mixin.py:137} INFO - [2025-09-03T19:47:41.084+0200] {dagbag.py:532} INFO - Filling up the DagBag from /home/varun/miniconda3/envs/python38/lib/python3.8/site-packages/airflow/example_dags/example_branch_day_of_week_operator.py
[2025-09-03T19:47:41.101+0200] {processor.py:753} INFO - DAG(s) dict_keys(['example_weekday_branch_operator']) retrieved from /home/varun/miniconda3/envs/python38/lib/python3.8/site-packages/airflow/example_dags/example_branch_day_of_week_operator.py
[2025-09-03T19:47:41.120+0200] {logging_mixin.py:137} INFO - [2025-09-03T19:47:41.120+0200] {dag.py:2705} INFO - Sync 1 DAGs
[2025-09-03T19:47:41.140+0200] {logging_mixin.py:137} INFO - [2025-09-03T19:47:41.140+0200] {dag.py:3452} INFO - Setting next_dagrun for example_weekday_branch_operator to 2025-09-02T00:00:00+00:00, run_after=2025-09-03T00:00:00+00:00
[2025-09-03T19:47:41.164+0200] {processor.py:175} INFO - Processing /home/varun/miniconda3/envs/python38/lib/python3.8/site-packages/airflow/example_dags/example_branch_day_of_week_operator.py took 0.086 seconds
[2025-09-03T19:48:30.146+0200] {processor.py:153} INFO - Started process (PID=3453) to work on /home/varun/miniconda3/envs/python38/lib/python3.8/site-packages/airflow/example_dags/example_branch_day_of_week_operator.py
[2025-09-03T19:48:30.148+0200] {processor.py:743} INFO - Processing file /home/varun/miniconda3/envs/python38/lib/python3.8/site-packages/airflow/example_dags/example_branch_day_of_week_operator.py for tasks to queue
[2025-09-03T19:48:30.149+0200] {logging_mixin.py:137} INFO - [2025-09-03T19:48:30.149+0200] {dagbag.py:532} INFO - Filling up the DagBag from /home/varun/miniconda3/envs/python38/lib/python3.8/site-packages/airflow/example_dags/example_branch_day_of_week_operator.py
[2025-09-03T19:48:30.162+0200] {processor.py:753} INFO - DAG(s) dict_keys(['example_weekday_branch_operator']) retrieved from /home/varun/miniconda3/envs/python38/lib/python3.8/site-packages/airflow/example_dags/example_branch_day_of_week_operator.py
[2025-09-03T19:48:30.184+0200] {logging_mixin.py:137} INFO - [2025-09-03T19:48:30.184+0200] {dag.py:2705} INFO - Sync 1 DAGs
[2025-09-03T19:48:30.202+0200] {logging_mixin.py:137} INFO - [2025-09-03T19:48:30.202+0200] {dag.py:3452} INFO - Setting next_dagrun for example_weekday_branch_operator to 2025-09-02T00:00:00+00:00, run_after=2025-09-03T00:00:00+00:00
[2025-09-03T19:48:30.227+0200] {processor.py:175} INFO - Processing /home/varun/miniconda3/envs/python38/lib/python3.8/site-packages/airflow/example_dags/example_branch_day_of_week_operator.py took 0.084 seconds
[2025-09-03T19:49:19.100+0200] {processor.py:153} INFO - Started process (PID=3495) to work on /home/varun/miniconda3/envs/python38/lib/python3.8/site-packages/airflow/example_dags/example_branch_day_of_week_operator.py
[2025-09-03T19:49:19.102+0200] {processor.py:743} INFO - Processing file /home/varun/miniconda3/envs/python38/lib/python3.8/site-packages/airflow/example_dags/example_branch_day_of_week_operator.py for tasks to queue
[2025-09-03T19:49:19.102+0200] {logging_mixin.py:137} INFO - [2025-09-03T19:49:19.102+0200] {dagbag.py:532} INFO - Filling up the DagBag from /home/varun/miniconda3/envs/python38/lib/python3.8/site-packages/airflow/example_dags/example_branch_day_of_week_operator.py
[2025-09-03T19:49:19.120+0200] {processor.py:753} INFO - DAG(s) dict_keys(['example_weekday_branch_operator']) retrieved from /home/varun/miniconda3/envs/python38/lib/python3.8/site-packages/airflow/example_dags/example_branch_day_of_week_operator.py
[2025-09-03T19:49:19.142+0200] {logging_mixin.py:137} INFO - [2025-09-03T19:49:19.142+0200] {dag.py:2705} INFO - Sync 1 DAGs
[2025-09-03T19:49:19.163+0200] {logging_mixin.py:137} INFO - [2025-09-03T19:49:19.163+0200] {dag.py:3452} INFO - Setting next_dagrun for example_weekday_branch_operator to 2025-09-02T00:00:00+00:00, run_after=2025-09-03T00:00:00+00:00
[2025-09-03T19:49:19.188+0200] {processor.py:175} INFO - Processing /home/varun/miniconda3/envs/python38/lib/python3.8/site-packages/airflow/example_dags/example_branch_day_of_week_operator.py took 0.092 seconds
[2025-09-03T19:50:05.918+0200] {processor.py:153} INFO - Started process (PID=3546) to work on /home/varun/miniconda3/envs/python38/lib/python3.8/site-packages/airflow/example_dags/example_branch_day_of_week_operator.py
[2025-09-03T19:50:05.920+0200] {processor.py:743} INFO - Processing file /home/varun/miniconda3/envs/python38/lib/python3.8/site-packages/airflow/example_dags/example_branch_day_of_week_operator.py for tasks to queue
[2025-09-03T19:50:05.922+0200] {logging_mixin.py:137} INFO - [2025-09-03T19:50:05.921+0200] {dagbag.py:532} INFO - Filling up the DagBag from /home/varun/miniconda3/envs/python38/lib/python3.8/site-packages/airflow/example_dags/example_branch_day_of_week_operator.py
[2025-09-03T19:50:05.943+0200] {processor.py:753} INFO - DAG(s) dict_keys(['example_weekday_branch_operator']) retrieved from /home/varun/miniconda3/envs/python38/lib/python3.8/site-packages/airflow/example_dags/example_branch_day_of_week_operator.py
[2025-09-03T19:50:05.967+0200] {logging_mixin.py:137} INFO - [2025-09-03T19:50:05.966+0200] {dag.py:2705} INFO - Sync 1 DAGs
[2025-09-03T19:50:05.988+0200] {logging_mixin.py:137} INFO - [2025-09-03T19:50:05.988+0200] {dag.py:3452} INFO - Setting next_dagrun for example_weekday_branch_operator to 2025-09-02T00:00:00+00:00, run_after=2025-09-03T00:00:00+00:00
[2025-09-03T19:50:06.021+0200] {processor.py:175} INFO - Processing /home/varun/miniconda3/envs/python38/lib/python3.8/site-packages/airflow/example_dags/example_branch_day_of_week_operator.py took 0.108 seconds
[2025-09-03T19:50:54.824+0200] {processor.py:153} INFO - Started process (PID=3591) to work on /home/varun/miniconda3/envs/python38/lib/python3.8/site-packages/airflow/example_dags/example_branch_day_of_week_operator.py
[2025-09-03T19:50:54.825+0200] {processor.py:743} INFO - Processing file /home/varun/miniconda3/envs/python38/lib/python3.8/site-packages/airflow/example_dags/example_branch_day_of_week_operator.py for tasks to queue
[2025-09-03T19:50:54.826+0200] {logging_mixin.py:137} INFO - [2025-09-03T19:50:54.826+0200] {dagbag.py:532} INFO - Filling up the DagBag from /home/varun/miniconda3/envs/python38/lib/python3.8/site-packages/airflow/example_dags/example_branch_day_of_week_operator.py
[2025-09-03T19:50:54.844+0200] {processor.py:753} INFO - DAG(s) dict_keys(['example_weekday_branch_operator']) retrieved from /home/varun/miniconda3/envs/python38/lib/python3.8/site-packages/airflow/example_dags/example_branch_day_of_week_operator.py
[2025-09-03T19:50:54.869+0200] {logging_mixin.py:137} INFO - [2025-09-03T19:50:54.869+0200] {dag.py:2705} INFO - Sync 1 DAGs
[2025-09-03T19:50:54.888+0200] {logging_mixin.py:137} INFO - [2025-09-03T19:50:54.888+0200] {dag.py:3452} INFO - Setting next_dagrun for example_weekday_branch_operator to 2025-09-02T00:00:00+00:00, run_after=2025-09-03T00:00:00+00:00
[2025-09-03T19:50:54.913+0200] {processor.py:175} INFO - Processing /home/varun/miniconda3/envs/python38/lib/python3.8/site-packages/airflow/example_dags/example_branch_day_of_week_operator.py took 0.094 seconds
[2025-09-03T19:51:42.040+0200] {processor.py:153} INFO - Started process (PID=3647) to work on /home/varun/miniconda3/envs/python38/lib/python3.8/site-packages/airflow/example_dags/example_branch_day_of_week_operator.py
[2025-09-03T19:51:42.041+0200] {processor.py:743} INFO - Processing file /home/varun/miniconda3/envs/python38/lib/python3.8/site-packages/airflow/example_dags/example_branch_day_of_week_operator.py for tasks to queue
[2025-09-03T19:51:42.042+0200] {logging_mixin.py:137} INFO - [2025-09-03T19:51:42.042+0200] {dagbag.py:532} INFO - Filling up the DagBag from /home/varun/miniconda3/envs/python38/lib/python3.8/site-packages/airflow/example_dags/example_branch_day_of_week_operator.py
[2025-09-03T19:51:42.058+0200] {processor.py:753} INFO - DAG(s) dict_keys(['example_weekday_branch_operator']) retrieved from /home/varun/miniconda3/envs/python38/lib/python3.8/site-packages/airflow/example_dags/example_branch_day_of_week_operator.py
[2025-09-03T19:51:42.081+0200] {logging_mixin.py:137} INFO - [2025-09-03T19:51:42.081+0200] {dag.py:2705} INFO - Sync 1 DAGs
[2025-09-03T19:51:42.100+0200] {logging_mixin.py:137} INFO - [2025-09-03T19:51:42.099+0200] {dag.py:3452} INFO - Setting next_dagrun for example_weekday_branch_operator to 2025-09-02T00:00:00+00:00, run_after=2025-09-03T00:00:00+00:00
[2025-09-03T19:51:42.125+0200] {processor.py:175} INFO - Processing /home/varun/miniconda3/envs/python38/lib/python3.8/site-packages/airflow/example_dags/example_branch_day_of_week_operator.py took 0.088 seconds
[2025-09-03T19:52:30.675+0200] {processor.py:153} INFO - Started process (PID=3693) to work on /home/varun/miniconda3/envs/python38/lib/python3.8/site-packages/airflow/example_dags/example_branch_day_of_week_operator.py
[2025-09-03T19:52:30.676+0200] {processor.py:743} INFO - Processing file /home/varun/miniconda3/envs/python38/lib/python3.8/site-packages/airflow/example_dags/example_branch_day_of_week_operator.py for tasks to queue
[2025-09-03T19:52:30.678+0200] {logging_mixin.py:137} INFO - [2025-09-03T19:52:30.677+0200] {dagbag.py:532} INFO - Filling up the DagBag from /home/varun/miniconda3/envs/python38/lib/python3.8/site-packages/airflow/example_dags/example_branch_day_of_week_operator.py
[2025-09-03T19:52:30.701+0200] {processor.py:753} INFO - DAG(s) dict_keys(['example_weekday_branch_operator']) retrieved from /home/varun/miniconda3/envs/python38/lib/python3.8/site-packages/airflow/example_dags/example_branch_day_of_week_operator.py
[2025-09-03T19:52:30.736+0200] {logging_mixin.py:137} INFO - [2025-09-03T19:52:30.736+0200] {dag.py:2705} INFO - Sync 1 DAGs
[2025-09-03T19:52:30.763+0200] {logging_mixin.py:137} INFO - [2025-09-03T19:52:30.762+0200] {dag.py:3452} INFO - Setting next_dagrun for example_weekday_branch_operator to 2025-09-02T00:00:00+00:00, run_after=2025-09-03T00:00:00+00:00
[2025-09-03T19:52:30.983+0200] {processor.py:175} INFO - Processing /home/varun/miniconda3/envs/python38/lib/python3.8/site-packages/airflow/example_dags/example_branch_day_of_week_operator.py took 0.312 seconds
[2025-09-03T19:53:24.437+0200] {processor.py:153} INFO - Started process (PID=3735) to work on /home/varun/miniconda3/envs/python38/lib/python3.8/site-packages/airflow/example_dags/example_branch_day_of_week_operator.py
[2025-09-03T19:53:24.439+0200] {processor.py:743} INFO - Processing file /home/varun/miniconda3/envs/python38/lib/python3.8/site-packages/airflow/example_dags/example_branch_day_of_week_operator.py for tasks to queue
[2025-09-03T19:53:24.440+0200] {logging_mixin.py:137} INFO - [2025-09-03T19:53:24.440+0200] {dagbag.py:532} INFO - Filling up the DagBag from /home/varun/miniconda3/envs/python38/lib/python3.8/site-packages/airflow/example_dags/example_branch_day_of_week_operator.py
[2025-09-03T19:53:24.458+0200] {processor.py:753} INFO - DAG(s) dict_keys(['example_weekday_branch_operator']) retrieved from /home/varun/miniconda3/envs/python38/lib/python3.8/site-packages/airflow/example_dags/example_branch_day_of_week_operator.py
[2025-09-03T19:53:24.483+0200] {logging_mixin.py:137} INFO - [2025-09-03T19:53:24.483+0200] {dag.py:2705} INFO - Sync 1 DAGs
[2025-09-03T19:53:24.673+0200] {logging_mixin.py:137} INFO - [2025-09-03T19:53:24.673+0200] {dag.py:3452} INFO - Setting next_dagrun for example_weekday_branch_operator to 2025-09-02T00:00:00+00:00, run_after=2025-09-03T00:00:00+00:00
[2025-09-03T19:53:24.707+0200] {processor.py:175} INFO - Processing /home/varun/miniconda3/envs/python38/lib/python3.8/site-packages/airflow/example_dags/example_branch_day_of_week_operator.py took 0.273 seconds
[2025-09-03T19:54:21.594+0200] {processor.py:153} INFO - Started process (PID=3786) to work on /home/varun/miniconda3/envs/python38/lib/python3.8/site-packages/airflow/example_dags/example_branch_day_of_week_operator.py
[2025-09-03T19:54:21.596+0200] {processor.py:743} INFO - Processing file /home/varun/miniconda3/envs/python38/lib/python3.8/site-packages/airflow/example_dags/example_branch_day_of_week_operator.py for tasks to queue
[2025-09-03T19:54:21.597+0200] {logging_mixin.py:137} INFO - [2025-09-03T19:54:21.597+0200] {dagbag.py:532} INFO - Filling up the DagBag from /home/varun/miniconda3/envs/python38/lib/python3.8/site-packages/airflow/example_dags/example_branch_day_of_week_operator.py
[2025-09-03T19:54:25.219+0200] {processor.py:753} INFO - DAG(s) dict_keys(['example_weekday_branch_operator']) retrieved from /home/varun/miniconda3/envs/python38/lib/python3.8/site-packages/airflow/example_dags/example_branch_day_of_week_operator.py
[2025-09-03T19:54:25.266+0200] {logging_mixin.py:137} INFO - [2025-09-03T19:54:25.266+0200] {dag.py:2705} INFO - Sync 1 DAGs
[2025-09-03T19:54:25.542+0200] {logging_mixin.py:137} INFO - [2025-09-03T19:54:25.542+0200] {dag.py:3452} INFO - Setting next_dagrun for example_weekday_branch_operator to 2025-09-02T00:00:00+00:00, run_after=2025-09-03T00:00:00+00:00
[2025-09-03T19:54:25.575+0200] {processor.py:175} INFO - Processing /home/varun/miniconda3/envs/python38/lib/python3.8/site-packages/airflow/example_dags/example_branch_day_of_week_operator.py took 0.407 seconds
[2025-09-03T19:55:20.676+0200] {processor.py:153} INFO - Started process (PID=3842) to work on /home/varun/miniconda3/envs/python38/lib/python3.8/site-packages/airflow/example_dags/example_branch_day_of_week_operator.py
[2025-09-03T19:55:20.678+0200] {processor.py:743} INFO - Processing file /home/varun/miniconda3/envs/python38/lib/python3.8/site-packages/airflow/example_dags/example_branch_day_of_week_operator.py for tasks to queue
[2025-09-03T19:55:20.678+0200] {logging_mixin.py:137} INFO - [2025-09-03T19:55:20.678+0200] {dagbag.py:532} INFO - Filling up the DagBag from /home/varun/miniconda3/envs/python38/lib/python3.8/site-packages/airflow/example_dags/example_branch_day_of_week_operator.py
[2025-09-03T19:55:20.704+0200] {processor.py:753} INFO - DAG(s) dict_keys(['example_weekday_branch_operator']) retrieved from /home/varun/miniconda3/envs/python38/lib/python3.8/site-packages/airflow/example_dags/example_branch_day_of_week_operator.py
[2025-09-03T19:55:20.875+0200] {logging_mixin.py:137} INFO - [2025-09-03T19:55:20.875+0200] {dag.py:2705} INFO - Sync 1 DAGs
[2025-09-03T19:55:20.899+0200] {logging_mixin.py:137} INFO - [2025-09-03T19:55:20.899+0200] {dag.py:3452} INFO - Setting next_dagrun for example_weekday_branch_operator to 2025-09-02T00:00:00+00:00, run_after=2025-09-03T00:00:00+00:00
[2025-09-03T19:55:20.926+0200] {processor.py:175} INFO - Processing /home/varun/miniconda3/envs/python38/lib/python3.8/site-packages/airflow/example_dags/example_branch_day_of_week_operator.py took 0.255 seconds
[2025-09-03T19:56:22.585+0200] {processor.py:153} INFO - Started process (PID=3894) to work on /home/varun/miniconda3/envs/python38/lib/python3.8/site-packages/airflow/example_dags/example_branch_day_of_week_operator.py
[2025-09-03T19:56:22.586+0200] {processor.py:743} INFO - Processing file /home/varun/miniconda3/envs/python38/lib/python3.8/site-packages/airflow/example_dags/example_branch_day_of_week_operator.py for tasks to queue
[2025-09-03T19:56:22.587+0200] {logging_mixin.py:137} INFO - [2025-09-03T19:56:22.587+0200] {dagbag.py:532} INFO - Filling up the DagBag from /home/varun/miniconda3/envs/python38/lib/python3.8/site-packages/airflow/example_dags/example_branch_day_of_week_operator.py
[2025-09-03T19:56:22.717+0200] {processor.py:753} INFO - DAG(s) dict_keys(['example_weekday_branch_operator']) retrieved from /home/varun/miniconda3/envs/python38/lib/python3.8/site-packages/airflow/example_dags/example_branch_day_of_week_operator.py
[2025-09-03T19:56:22.735+0200] {logging_mixin.py:137} INFO - [2025-09-03T19:56:22.735+0200] {dag.py:2705} INFO - Sync 1 DAGs
[2025-09-03T19:56:22.751+0200] {logging_mixin.py:137} INFO - [2025-09-03T19:56:22.751+0200] {dag.py:3452} INFO - Setting next_dagrun for example_weekday_branch_operator to 2025-09-02T00:00:00+00:00, run_after=2025-09-03T00:00:00+00:00
[2025-09-03T19:56:22.786+0200] {processor.py:175} INFO - Processing /home/varun/miniconda3/envs/python38/lib/python3.8/site-packages/airflow/example_dags/example_branch_day_of_week_operator.py took 0.207 seconds
[2025-09-03T19:57:15.278+0200] {processor.py:153} INFO - Started process (PID=3941) to work on /home/varun/miniconda3/envs/python38/lib/python3.8/site-packages/airflow/example_dags/example_branch_day_of_week_operator.py
[2025-09-03T19:57:15.280+0200] {processor.py:743} INFO - Processing file /home/varun/miniconda3/envs/python38/lib/python3.8/site-packages/airflow/example_dags/example_branch_day_of_week_operator.py for tasks to queue
[2025-09-03T19:57:15.281+0200] {logging_mixin.py:137} INFO - [2025-09-03T19:57:15.281+0200] {dagbag.py:532} INFO - Filling up the DagBag from /home/varun/miniconda3/envs/python38/lib/python3.8/site-packages/airflow/example_dags/example_branch_day_of_week_operator.py
[2025-09-03T19:57:15.301+0200] {processor.py:753} INFO - DAG(s) dict_keys(['example_weekday_branch_operator']) retrieved from /home/varun/miniconda3/envs/python38/lib/python3.8/site-packages/airflow/example_dags/example_branch_day_of_week_operator.py
[2025-09-03T19:57:15.322+0200] {logging_mixin.py:137} INFO - [2025-09-03T19:57:15.322+0200] {dag.py:2705} INFO - Sync 1 DAGs
[2025-09-03T19:57:15.345+0200] {logging_mixin.py:137} INFO - [2025-09-03T19:57:15.345+0200] {dag.py:3452} INFO - Setting next_dagrun for example_weekday_branch_operator to 2025-09-02T00:00:00+00:00, run_after=2025-09-03T00:00:00+00:00
[2025-09-03T19:57:15.373+0200] {processor.py:175} INFO - Processing /home/varun/miniconda3/envs/python38/lib/python3.8/site-packages/airflow/example_dags/example_branch_day_of_week_operator.py took 0.098 seconds
[2025-09-03T19:58:06.507+0200] {processor.py:153} INFO - Started process (PID=3983) to work on /home/varun/miniconda3/envs/python38/lib/python3.8/site-packages/airflow/example_dags/example_branch_day_of_week_operator.py
[2025-09-03T19:58:06.509+0200] {processor.py:743} INFO - Processing file /home/varun/miniconda3/envs/python38/lib/python3.8/site-packages/airflow/example_dags/example_branch_day_of_week_operator.py for tasks to queue
[2025-09-03T19:58:06.509+0200] {logging_mixin.py:137} INFO - [2025-09-03T19:58:06.509+0200] {dagbag.py:532} INFO - Filling up the DagBag from /home/varun/miniconda3/envs/python38/lib/python3.8/site-packages/airflow/example_dags/example_branch_day_of_week_operator.py
[2025-09-03T19:58:06.526+0200] {processor.py:753} INFO - DAG(s) dict_keys(['example_weekday_branch_operator']) retrieved from /home/varun/miniconda3/envs/python38/lib/python3.8/site-packages/airflow/example_dags/example_branch_day_of_week_operator.py
[2025-09-03T19:58:06.553+0200] {logging_mixin.py:137} INFO - [2025-09-03T19:58:06.553+0200] {dag.py:2705} INFO - Sync 1 DAGs
[2025-09-03T19:58:06.574+0200] {logging_mixin.py:137} INFO - [2025-09-03T19:58:06.574+0200] {dag.py:3452} INFO - Setting next_dagrun for example_weekday_branch_operator to 2025-09-02T00:00:00+00:00, run_after=2025-09-03T00:00:00+00:00
[2025-09-03T19:58:06.601+0200] {processor.py:175} INFO - Processing /home/varun/miniconda3/envs/python38/lib/python3.8/site-packages/airflow/example_dags/example_branch_day_of_week_operator.py took 0.097 seconds
[2025-09-03T20:01:11.367+0200] {processor.py:153} INFO - Started process (PID=4057) to work on /home/varun/miniconda3/envs/python38/lib/python3.8/site-packages/airflow/example_dags/example_branch_day_of_week_operator.py
[2025-09-03T20:01:11.370+0200] {processor.py:743} INFO - Processing file /home/varun/miniconda3/envs/python38/lib/python3.8/site-packages/airflow/example_dags/example_branch_day_of_week_operator.py for tasks to queue
[2025-09-03T20:01:11.372+0200] {logging_mixin.py:137} INFO - [2025-09-03T20:01:11.372+0200] {dagbag.py:532} INFO - Filling up the DagBag from /home/varun/miniconda3/envs/python38/lib/python3.8/site-packages/airflow/example_dags/example_branch_day_of_week_operator.py
[2025-09-03T20:01:11.405+0200] {processor.py:753} INFO - DAG(s) dict_keys(['example_weekday_branch_operator']) retrieved from /home/varun/miniconda3/envs/python38/lib/python3.8/site-packages/airflow/example_dags/example_branch_day_of_week_operator.py
[2025-09-03T20:01:11.443+0200] {logging_mixin.py:137} INFO - [2025-09-03T20:01:11.443+0200] {dag.py:2705} INFO - Sync 1 DAGs
[2025-09-03T20:01:11.475+0200] {logging_mixin.py:137} INFO - [2025-09-03T20:01:11.474+0200] {dag.py:3452} INFO - Setting next_dagrun for example_weekday_branch_operator to 2025-09-02T00:00:00+00:00, run_after=2025-09-03T00:00:00+00:00
[2025-09-03T20:01:11.510+0200] {processor.py:175} INFO - Processing /home/varun/miniconda3/envs/python38/lib/python3.8/site-packages/airflow/example_dags/example_branch_day_of_week_operator.py took 0.154 seconds
[2025-09-03T20:01:57.819+0200] {processor.py:153} INFO - Started process (PID=4101) to work on /home/varun/miniconda3/envs/python38/lib/python3.8/site-packages/airflow/example_dags/example_branch_day_of_week_operator.py
[2025-09-03T20:01:57.821+0200] {processor.py:743} INFO - Processing file /home/varun/miniconda3/envs/python38/lib/python3.8/site-packages/airflow/example_dags/example_branch_day_of_week_operator.py for tasks to queue
[2025-09-03T20:01:57.821+0200] {logging_mixin.py:137} INFO - [2025-09-03T20:01:57.821+0200] {dagbag.py:532} INFO - Filling up the DagBag from /home/varun/miniconda3/envs/python38/lib/python3.8/site-packages/airflow/example_dags/example_branch_day_of_week_operator.py
[2025-09-03T20:01:57.839+0200] {processor.py:753} INFO - DAG(s) dict_keys(['example_weekday_branch_operator']) retrieved from /home/varun/miniconda3/envs/python38/lib/python3.8/site-packages/airflow/example_dags/example_branch_day_of_week_operator.py
[2025-09-03T20:01:57.861+0200] {logging_mixin.py:137} INFO - [2025-09-03T20:01:57.860+0200] {dag.py:2705} INFO - Sync 1 DAGs
[2025-09-03T20:01:57.880+0200] {logging_mixin.py:137} INFO - [2025-09-03T20:01:57.879+0200] {dag.py:3452} INFO - Setting next_dagrun for example_weekday_branch_operator to 2025-09-02T00:00:00+00:00, run_after=2025-09-03T00:00:00+00:00
[2025-09-03T20:01:57.900+0200] {processor.py:175} INFO - Processing /home/varun/miniconda3/envs/python38/lib/python3.8/site-packages/airflow/example_dags/example_branch_day_of_week_operator.py took 0.084 seconds
[2025-09-03T20:02:46.986+0200] {processor.py:153} INFO - Started process (PID=4143) to work on /home/varun/miniconda3/envs/python38/lib/python3.8/site-packages/airflow/example_dags/example_branch_day_of_week_operator.py
[2025-09-03T20:02:46.987+0200] {processor.py:743} INFO - Processing file /home/varun/miniconda3/envs/python38/lib/python3.8/site-packages/airflow/example_dags/example_branch_day_of_week_operator.py for tasks to queue
[2025-09-03T20:02:46.988+0200] {logging_mixin.py:137} INFO - [2025-09-03T20:02:46.988+0200] {dagbag.py:532} INFO - Filling up the DagBag from /home/varun/miniconda3/envs/python38/lib/python3.8/site-packages/airflow/example_dags/example_branch_day_of_week_operator.py
[2025-09-03T20:02:47.003+0200] {processor.py:753} INFO - DAG(s) dict_keys(['example_weekday_branch_operator']) retrieved from /home/varun/miniconda3/envs/python38/lib/python3.8/site-packages/airflow/example_dags/example_branch_day_of_week_operator.py
[2025-09-03T20:02:47.024+0200] {logging_mixin.py:137} INFO - [2025-09-03T20:02:47.024+0200] {dag.py:2705} INFO - Sync 1 DAGs
[2025-09-03T20:02:47.044+0200] {logging_mixin.py:137} INFO - [2025-09-03T20:02:47.044+0200] {dag.py:3452} INFO - Setting next_dagrun for example_weekday_branch_operator to 2025-09-02T00:00:00+00:00, run_after=2025-09-03T00:00:00+00:00
[2025-09-03T20:02:47.067+0200] {processor.py:175} INFO - Processing /home/varun/miniconda3/envs/python38/lib/python3.8/site-packages/airflow/example_dags/example_branch_day_of_week_operator.py took 0.084 seconds
[2025-09-03T20:03:34.008+0200] {processor.py:153} INFO - Started process (PID=4185) to work on /home/varun/miniconda3/envs/python38/lib/python3.8/site-packages/airflow/example_dags/example_branch_day_of_week_operator.py
[2025-09-03T20:03:34.010+0200] {processor.py:743} INFO - Processing file /home/varun/miniconda3/envs/python38/lib/python3.8/site-packages/airflow/example_dags/example_branch_day_of_week_operator.py for tasks to queue
[2025-09-03T20:03:34.010+0200] {logging_mixin.py:137} INFO - [2025-09-03T20:03:34.010+0200] {dagbag.py:532} INFO - Filling up the DagBag from /home/varun/miniconda3/envs/python38/lib/python3.8/site-packages/airflow/example_dags/example_branch_day_of_week_operator.py
[2025-09-03T20:03:34.029+0200] {processor.py:753} INFO - DAG(s) dict_keys(['example_weekday_branch_operator']) retrieved from /home/varun/miniconda3/envs/python38/lib/python3.8/site-packages/airflow/example_dags/example_branch_day_of_week_operator.py
[2025-09-03T20:03:34.056+0200] {logging_mixin.py:137} INFO - [2025-09-03T20:03:34.056+0200] {dag.py:2705} INFO - Sync 1 DAGs
[2025-09-03T20:03:34.083+0200] {logging_mixin.py:137} INFO - [2025-09-03T20:03:34.082+0200] {dag.py:3452} INFO - Setting next_dagrun for example_weekday_branch_operator to 2025-09-02T00:00:00+00:00, run_after=2025-09-03T00:00:00+00:00
[2025-09-03T20:03:34.114+0200] {processor.py:175} INFO - Processing /home/varun/miniconda3/envs/python38/lib/python3.8/site-packages/airflow/example_dags/example_branch_day_of_week_operator.py took 0.111 seconds
[2025-09-03T20:04:21.376+0200] {processor.py:153} INFO - Started process (PID=4227) to work on /home/varun/miniconda3/envs/python38/lib/python3.8/site-packages/airflow/example_dags/example_branch_day_of_week_operator.py
[2025-09-03T20:04:21.378+0200] {processor.py:743} INFO - Processing file /home/varun/miniconda3/envs/python38/lib/python3.8/site-packages/airflow/example_dags/example_branch_day_of_week_operator.py for tasks to queue
[2025-09-03T20:04:21.379+0200] {logging_mixin.py:137} INFO - [2025-09-03T20:04:21.379+0200] {dagbag.py:532} INFO - Filling up the DagBag from /home/varun/miniconda3/envs/python38/lib/python3.8/site-packages/airflow/example_dags/example_branch_day_of_week_operator.py
[2025-09-03T20:04:21.410+0200] {processor.py:753} INFO - DAG(s) dict_keys(['example_weekday_branch_operator']) retrieved from /home/varun/miniconda3/envs/python38/lib/python3.8/site-packages/airflow/example_dags/example_branch_day_of_week_operator.py
[2025-09-03T20:04:21.444+0200] {logging_mixin.py:137} INFO - [2025-09-03T20:04:21.444+0200] {dag.py:2705} INFO - Sync 1 DAGs
[2025-09-03T20:04:21.469+0200] {logging_mixin.py:137} INFO - [2025-09-03T20:04:21.469+0200] {dag.py:3452} INFO - Setting next_dagrun for example_weekday_branch_operator to 2025-09-02T00:00:00+00:00, run_after=2025-09-03T00:00:00+00:00
[2025-09-03T20:04:21.497+0200] {processor.py:175} INFO - Processing /home/varun/miniconda3/envs/python38/lib/python3.8/site-packages/airflow/example_dags/example_branch_day_of_week_operator.py took 0.126 seconds
[2025-09-03T20:05:20.384+0200] {processor.py:153} INFO - Started process (PID=4284) to work on /home/varun/miniconda3/envs/python38/lib/python3.8/site-packages/airflow/example_dags/example_branch_day_of_week_operator.py
[2025-09-03T20:05:20.386+0200] {processor.py:743} INFO - Processing file /home/varun/miniconda3/envs/python38/lib/python3.8/site-packages/airflow/example_dags/example_branch_day_of_week_operator.py for tasks to queue
[2025-09-03T20:05:20.387+0200] {logging_mixin.py:137} INFO - [2025-09-03T20:05:20.387+0200] {dagbag.py:532} INFO - Filling up the DagBag from /home/varun/miniconda3/envs/python38/lib/python3.8/site-packages/airflow/example_dags/example_branch_day_of_week_operator.py
[2025-09-03T20:05:20.403+0200] {processor.py:753} INFO - DAG(s) dict_keys(['example_weekday_branch_operator']) retrieved from /home/varun/miniconda3/envs/python38/lib/python3.8/site-packages/airflow/example_dags/example_branch_day_of_week_operator.py
[2025-09-03T20:05:20.508+0200] {logging_mixin.py:137} INFO - [2025-09-03T20:05:20.508+0200] {manager.py:504} INFO - Created Permission View: can delete on DAG:example_weekday_branch_operator
[2025-09-03T20:05:20.520+0200] {logging_mixin.py:137} INFO - [2025-09-03T20:05:20.520+0200] {manager.py:504} INFO - Created Permission View: can read on DAG:example_weekday_branch_operator
[2025-09-03T20:05:20.532+0200] {logging_mixin.py:137} INFO - [2025-09-03T20:05:20.532+0200] {manager.py:504} INFO - Created Permission View: can edit on DAG:example_weekday_branch_operator
[2025-09-03T20:05:20.532+0200] {logging_mixin.py:137} INFO - [2025-09-03T20:05:20.532+0200] {dag.py:2705} INFO - Sync 1 DAGs
[2025-09-03T20:05:20.542+0200] {logging_mixin.py:137} INFO - [2025-09-03T20:05:20.542+0200] {dag.py:2726} INFO - Creating ORM DAG for example_weekday_branch_operator
[2025-09-03T20:05:20.551+0200] {logging_mixin.py:137} INFO - [2025-09-03T20:05:20.551+0200] {dag.py:3452} INFO - Setting next_dagrun for example_weekday_branch_operator to 2025-09-02T00:00:00+00:00, run_after=2025-09-03T00:00:00+00:00
[2025-09-03T20:05:20.574+0200] {processor.py:175} INFO - Processing /home/varun/miniconda3/envs/python38/lib/python3.8/site-packages/airflow/example_dags/example_branch_day_of_week_operator.py took 0.193 seconds
[2025-09-03T20:06:09.595+0200] {processor.py:153} INFO - Started process (PID=4330) to work on /home/varun/miniconda3/envs/python38/lib/python3.8/site-packages/airflow/example_dags/example_branch_day_of_week_operator.py
[2025-09-03T20:06:09.597+0200] {processor.py:743} INFO - Processing file /home/varun/miniconda3/envs/python38/lib/python3.8/site-packages/airflow/example_dags/example_branch_day_of_week_operator.py for tasks to queue
[2025-09-03T20:06:09.598+0200] {logging_mixin.py:137} INFO - [2025-09-03T20:06:09.598+0200] {dagbag.py:532} INFO - Filling up the DagBag from /home/varun/miniconda3/envs/python38/lib/python3.8/site-packages/airflow/example_dags/example_branch_day_of_week_operator.py
[2025-09-03T20:06:09.615+0200] {processor.py:753} INFO - DAG(s) dict_keys(['example_weekday_branch_operator']) retrieved from /home/varun/miniconda3/envs/python38/lib/python3.8/site-packages/airflow/example_dags/example_branch_day_of_week_operator.py
[2025-09-03T20:06:09.642+0200] {logging_mixin.py:137} INFO - [2025-09-03T20:06:09.642+0200] {dag.py:2705} INFO - Sync 1 DAGs
[2025-09-03T20:06:09.670+0200] {logging_mixin.py:137} INFO - [2025-09-03T20:06:09.670+0200] {dag.py:3452} INFO - Setting next_dagrun for example_weekday_branch_operator to 2025-09-02T00:00:00+00:00, run_after=2025-09-03T00:00:00+00:00
[2025-09-03T20:06:09.699+0200] {processor.py:175} INFO - Processing /home/varun/miniconda3/envs/python38/lib/python3.8/site-packages/airflow/example_dags/example_branch_day_of_week_operator.py took 0.108 seconds
[2025-09-03T20:06:59.647+0200] {processor.py:153} INFO - Started process (PID=4384) to work on /home/varun/miniconda3/envs/python38/lib/python3.8/site-packages/airflow/example_dags/example_branch_day_of_week_operator.py
[2025-09-03T20:06:59.648+0200] {processor.py:743} INFO - Processing file /home/varun/miniconda3/envs/python38/lib/python3.8/site-packages/airflow/example_dags/example_branch_day_of_week_operator.py for tasks to queue
[2025-09-03T20:06:59.649+0200] {logging_mixin.py:137} INFO - [2025-09-03T20:06:59.649+0200] {dagbag.py:532} INFO - Filling up the DagBag from /home/varun/miniconda3/envs/python38/lib/python3.8/site-packages/airflow/example_dags/example_branch_day_of_week_operator.py
[2025-09-03T20:06:59.669+0200] {processor.py:753} INFO - DAG(s) dict_keys(['example_weekday_branch_operator']) retrieved from /home/varun/miniconda3/envs/python38/lib/python3.8/site-packages/airflow/example_dags/example_branch_day_of_week_operator.py
[2025-09-03T20:06:59.695+0200] {logging_mixin.py:137} INFO - [2025-09-03T20:06:59.695+0200] {dag.py:2705} INFO - Sync 1 DAGs
[2025-09-03T20:06:59.718+0200] {logging_mixin.py:137} INFO - [2025-09-03T20:06:59.718+0200] {dag.py:3452} INFO - Setting next_dagrun for example_weekday_branch_operator to 2025-09-02T00:00:00+00:00, run_after=2025-09-03T00:00:00+00:00
[2025-09-03T20:06:59.756+0200] {processor.py:175} INFO - Processing /home/varun/miniconda3/envs/python38/lib/python3.8/site-packages/airflow/example_dags/example_branch_day_of_week_operator.py took 0.114 seconds
[2025-09-03T20:07:46.749+0200] {processor.py:153} INFO - Started process (PID=4440) to work on /home/varun/miniconda3/envs/python38/lib/python3.8/site-packages/airflow/example_dags/example_branch_day_of_week_operator.py
[2025-09-03T20:07:46.750+0200] {processor.py:743} INFO - Processing file /home/varun/miniconda3/envs/python38/lib/python3.8/site-packages/airflow/example_dags/example_branch_day_of_week_operator.py for tasks to queue
[2025-09-03T20:07:46.751+0200] {logging_mixin.py:137} INFO - [2025-09-03T20:07:46.751+0200] {dagbag.py:532} INFO - Filling up the DagBag from /home/varun/miniconda3/envs/python38/lib/python3.8/site-packages/airflow/example_dags/example_branch_day_of_week_operator.py
[2025-09-03T20:07:46.766+0200] {processor.py:753} INFO - DAG(s) dict_keys(['example_weekday_branch_operator']) retrieved from /home/varun/miniconda3/envs/python38/lib/python3.8/site-packages/airflow/example_dags/example_branch_day_of_week_operator.py
[2025-09-03T20:07:46.796+0200] {logging_mixin.py:137} INFO - [2025-09-03T20:07:46.796+0200] {dag.py:2705} INFO - Sync 1 DAGs
[2025-09-03T20:07:46.829+0200] {logging_mixin.py:137} INFO - [2025-09-03T20:07:46.829+0200] {dag.py:3452} INFO - Setting next_dagrun for example_weekday_branch_operator to 2025-09-02T00:00:00+00:00, run_after=2025-09-03T00:00:00+00:00
[2025-09-03T20:07:46.861+0200] {processor.py:175} INFO - Processing /home/varun/miniconda3/envs/python38/lib/python3.8/site-packages/airflow/example_dags/example_branch_day_of_week_operator.py took 0.116 seconds
[2025-09-03T20:08:33.341+0200] {processor.py:153} INFO - Started process (PID=4483) to work on /home/varun/miniconda3/envs/python38/lib/python3.8/site-packages/airflow/example_dags/example_branch_day_of_week_operator.py
[2025-09-03T20:08:33.343+0200] {processor.py:743} INFO - Processing file /home/varun/miniconda3/envs/python38/lib/python3.8/site-packages/airflow/example_dags/example_branch_day_of_week_operator.py for tasks to queue
[2025-09-03T20:08:33.344+0200] {logging_mixin.py:137} INFO - [2025-09-03T20:08:33.344+0200] {dagbag.py:532} INFO - Filling up the DagBag from /home/varun/miniconda3/envs/python38/lib/python3.8/site-packages/airflow/example_dags/example_branch_day_of_week_operator.py
[2025-09-03T20:08:33.359+0200] {processor.py:753} INFO - DAG(s) dict_keys(['example_weekday_branch_operator']) retrieved from /home/varun/miniconda3/envs/python38/lib/python3.8/site-packages/airflow/example_dags/example_branch_day_of_week_operator.py
[2025-09-03T20:08:33.379+0200] {logging_mixin.py:137} INFO - [2025-09-03T20:08:33.379+0200] {dag.py:2705} INFO - Sync 1 DAGs
[2025-09-03T20:08:33.398+0200] {logging_mixin.py:137} INFO - [2025-09-03T20:08:33.397+0200] {dag.py:3452} INFO - Setting next_dagrun for example_weekday_branch_operator to 2025-09-02T00:00:00+00:00, run_after=2025-09-03T00:00:00+00:00
[2025-09-03T20:08:33.418+0200] {processor.py:175} INFO - Processing /home/varun/miniconda3/envs/python38/lib/python3.8/site-packages/airflow/example_dags/example_branch_day_of_week_operator.py took 0.080 seconds
[2025-09-03T20:09:50.682+0200] {processor.py:153} INFO - Started process (PID=4541) to work on /home/varun/miniconda3/envs/python38/lib/python3.8/site-packages/airflow/example_dags/example_branch_day_of_week_operator.py
[2025-09-03T20:09:50.684+0200] {processor.py:743} INFO - Processing file /home/varun/miniconda3/envs/python38/lib/python3.8/site-packages/airflow/example_dags/example_branch_day_of_week_operator.py for tasks to queue
[2025-09-03T20:09:50.685+0200] {logging_mixin.py:137} INFO - [2025-09-03T20:09:50.684+0200] {dagbag.py:532} INFO - Filling up the DagBag from /home/varun/miniconda3/envs/python38/lib/python3.8/site-packages/airflow/example_dags/example_branch_day_of_week_operator.py
[2025-09-03T20:09:50.720+0200] {processor.py:753} INFO - DAG(s) dict_keys(['example_weekday_branch_operator']) retrieved from /home/varun/miniconda3/envs/python38/lib/python3.8/site-packages/airflow/example_dags/example_branch_day_of_week_operator.py
[2025-09-03T20:09:50.758+0200] {logging_mixin.py:137} INFO - [2025-09-03T20:09:50.758+0200] {dag.py:2705} INFO - Sync 1 DAGs
[2025-09-03T20:09:50.794+0200] {logging_mixin.py:137} INFO - [2025-09-03T20:09:50.794+0200] {dag.py:3452} INFO - Setting next_dagrun for example_weekday_branch_operator to 2025-09-02T00:00:00+00:00, run_after=2025-09-03T00:00:00+00:00
[2025-09-03T20:09:50.845+0200] {processor.py:175} INFO - Processing /home/varun/miniconda3/envs/python38/lib/python3.8/site-packages/airflow/example_dags/example_branch_day_of_week_operator.py took 0.171 seconds
[2025-09-03T20:10:39.228+0200] {processor.py:153} INFO - Started process (PID=4583) to work on /home/varun/miniconda3/envs/python38/lib/python3.8/site-packages/airflow/example_dags/example_branch_day_of_week_operator.py
[2025-09-03T20:10:39.230+0200] {processor.py:743} INFO - Processing file /home/varun/miniconda3/envs/python38/lib/python3.8/site-packages/airflow/example_dags/example_branch_day_of_week_operator.py for tasks to queue
[2025-09-03T20:10:39.230+0200] {logging_mixin.py:137} INFO - [2025-09-03T20:10:39.230+0200] {dagbag.py:532} INFO - Filling up the DagBag from /home/varun/miniconda3/envs/python38/lib/python3.8/site-packages/airflow/example_dags/example_branch_day_of_week_operator.py
[2025-09-03T20:10:39.246+0200] {processor.py:753} INFO - DAG(s) dict_keys(['example_weekday_branch_operator']) retrieved from /home/varun/miniconda3/envs/python38/lib/python3.8/site-packages/airflow/example_dags/example_branch_day_of_week_operator.py
[2025-09-03T20:10:39.271+0200] {logging_mixin.py:137} INFO - [2025-09-03T20:10:39.271+0200] {dag.py:2705} INFO - Sync 1 DAGs
[2025-09-03T20:10:39.293+0200] {logging_mixin.py:137} INFO - [2025-09-03T20:10:39.293+0200] {dag.py:3452} INFO - Setting next_dagrun for example_weekday_branch_operator to 2025-09-02T00:00:00+00:00, run_after=2025-09-03T00:00:00+00:00
[2025-09-03T20:10:39.317+0200] {processor.py:175} INFO - Processing /home/varun/miniconda3/envs/python38/lib/python3.8/site-packages/airflow/example_dags/example_branch_day_of_week_operator.py took 0.093 seconds
[2025-09-03T20:11:24.276+0200] {processor.py:153} INFO - Started process (PID=4625) to work on /home/varun/miniconda3/envs/python38/lib/python3.8/site-packages/airflow/example_dags/example_branch_day_of_week_operator.py
[2025-09-03T20:11:24.278+0200] {processor.py:743} INFO - Processing file /home/varun/miniconda3/envs/python38/lib/python3.8/site-packages/airflow/example_dags/example_branch_day_of_week_operator.py for tasks to queue
[2025-09-03T20:11:24.279+0200] {logging_mixin.py:137} INFO - [2025-09-03T20:11:24.279+0200] {dagbag.py:532} INFO - Filling up the DagBag from /home/varun/miniconda3/envs/python38/lib/python3.8/site-packages/airflow/example_dags/example_branch_day_of_week_operator.py
[2025-09-03T20:11:24.295+0200] {processor.py:753} INFO - DAG(s) dict_keys(['example_weekday_branch_operator']) retrieved from /home/varun/miniconda3/envs/python38/lib/python3.8/site-packages/airflow/example_dags/example_branch_day_of_week_operator.py
[2025-09-03T20:11:24.314+0200] {logging_mixin.py:137} INFO - [2025-09-03T20:11:24.313+0200] {dag.py:2705} INFO - Sync 1 DAGs
[2025-09-03T20:11:24.331+0200] {logging_mixin.py:137} INFO - [2025-09-03T20:11:24.331+0200] {dag.py:3452} INFO - Setting next_dagrun for example_weekday_branch_operator to 2025-09-02T00:00:00+00:00, run_after=2025-09-03T00:00:00+00:00
[2025-09-03T20:11:24.354+0200] {processor.py:175} INFO - Processing /home/varun/miniconda3/envs/python38/lib/python3.8/site-packages/airflow/example_dags/example_branch_day_of_week_operator.py took 0.081 seconds
[2025-09-03T20:12:09.190+0200] {processor.py:153} INFO - Started process (PID=4667) to work on /home/varun/miniconda3/envs/python38/lib/python3.8/site-packages/airflow/example_dags/example_branch_day_of_week_operator.py
[2025-09-03T20:12:09.191+0200] {processor.py:743} INFO - Processing file /home/varun/miniconda3/envs/python38/lib/python3.8/site-packages/airflow/example_dags/example_branch_day_of_week_operator.py for tasks to queue
[2025-09-03T20:12:09.192+0200] {logging_mixin.py:137} INFO - [2025-09-03T20:12:09.192+0200] {dagbag.py:532} INFO - Filling up the DagBag from /home/varun/miniconda3/envs/python38/lib/python3.8/site-packages/airflow/example_dags/example_branch_day_of_week_operator.py
[2025-09-03T20:12:09.206+0200] {processor.py:753} INFO - DAG(s) dict_keys(['example_weekday_branch_operator']) retrieved from /home/varun/miniconda3/envs/python38/lib/python3.8/site-packages/airflow/example_dags/example_branch_day_of_week_operator.py
[2025-09-03T20:12:09.229+0200] {logging_mixin.py:137} INFO - [2025-09-03T20:12:09.228+0200] {dag.py:2705} INFO - Sync 1 DAGs
[2025-09-03T20:12:09.248+0200] {logging_mixin.py:137} INFO - [2025-09-03T20:12:09.247+0200] {dag.py:3452} INFO - Setting next_dagrun for example_weekday_branch_operator to 2025-09-02T00:00:00+00:00, run_after=2025-09-03T00:00:00+00:00
[2025-09-03T20:12:09.274+0200] {processor.py:175} INFO - Processing /home/varun/miniconda3/envs/python38/lib/python3.8/site-packages/airflow/example_dags/example_branch_day_of_week_operator.py took 0.088 seconds
[2025-09-03T20:13:00.253+0200] {processor.py:153} INFO - Started process (PID=4710) to work on /home/varun/miniconda3/envs/python38/lib/python3.8/site-packages/airflow/example_dags/example_branch_day_of_week_operator.py
[2025-09-03T20:13:00.255+0200] {processor.py:743} INFO - Processing file /home/varun/miniconda3/envs/python38/lib/python3.8/site-packages/airflow/example_dags/example_branch_day_of_week_operator.py for tasks to queue
[2025-09-03T20:13:00.255+0200] {logging_mixin.py:137} INFO - [2025-09-03T20:13:00.255+0200] {dagbag.py:532} INFO - Filling up the DagBag from /home/varun/miniconda3/envs/python38/lib/python3.8/site-packages/airflow/example_dags/example_branch_day_of_week_operator.py
[2025-09-03T20:13:00.271+0200] {processor.py:753} INFO - DAG(s) dict_keys(['example_weekday_branch_operator']) retrieved from /home/varun/miniconda3/envs/python38/lib/python3.8/site-packages/airflow/example_dags/example_branch_day_of_week_operator.py
[2025-09-03T20:13:00.297+0200] {logging_mixin.py:137} INFO - [2025-09-03T20:13:00.297+0200] {dag.py:2705} INFO - Sync 1 DAGs
[2025-09-03T20:13:00.321+0200] {logging_mixin.py:137} INFO - [2025-09-03T20:13:00.321+0200] {dag.py:3452} INFO - Setting next_dagrun for example_weekday_branch_operator to 2025-09-02T00:00:00+00:00, run_after=2025-09-03T00:00:00+00:00
[2025-09-03T20:13:00.352+0200] {processor.py:175} INFO - Processing /home/varun/miniconda3/envs/python38/lib/python3.8/site-packages/airflow/example_dags/example_branch_day_of_week_operator.py took 0.104 seconds
[2025-09-03T20:13:46.220+0200] {processor.py:153} INFO - Started process (PID=4752) to work on /home/varun/miniconda3/envs/python38/lib/python3.8/site-packages/airflow/example_dags/example_branch_day_of_week_operator.py
[2025-09-03T20:13:46.222+0200] {processor.py:743} INFO - Processing file /home/varun/miniconda3/envs/python38/lib/python3.8/site-packages/airflow/example_dags/example_branch_day_of_week_operator.py for tasks to queue
[2025-09-03T20:13:46.223+0200] {logging_mixin.py:137} INFO - [2025-09-03T20:13:46.223+0200] {dagbag.py:532} INFO - Filling up the DagBag from /home/varun/miniconda3/envs/python38/lib/python3.8/site-packages/airflow/example_dags/example_branch_day_of_week_operator.py
[2025-09-03T20:13:46.239+0200] {processor.py:753} INFO - DAG(s) dict_keys(['example_weekday_branch_operator']) retrieved from /home/varun/miniconda3/envs/python38/lib/python3.8/site-packages/airflow/example_dags/example_branch_day_of_week_operator.py
[2025-09-03T20:13:46.265+0200] {logging_mixin.py:137} INFO - [2025-09-03T20:13:46.264+0200] {dag.py:2705} INFO - Sync 1 DAGs
[2025-09-03T20:13:46.290+0200] {logging_mixin.py:137} INFO - [2025-09-03T20:13:46.290+0200] {dag.py:3452} INFO - Setting next_dagrun for example_weekday_branch_operator to 2025-09-02T00:00:00+00:00, run_after=2025-09-03T00:00:00+00:00
[2025-09-03T20:13:46.320+0200] {processor.py:175} INFO - Processing /home/varun/miniconda3/envs/python38/lib/python3.8/site-packages/airflow/example_dags/example_branch_day_of_week_operator.py took 0.103 seconds
[2025-09-03T20:14:29.920+0200] {processor.py:153} INFO - Started process (PID=4794) to work on /home/varun/miniconda3/envs/python38/lib/python3.8/site-packages/airflow/example_dags/example_branch_day_of_week_operator.py
[2025-09-03T20:14:29.921+0200] {processor.py:743} INFO - Processing file /home/varun/miniconda3/envs/python38/lib/python3.8/site-packages/airflow/example_dags/example_branch_day_of_week_operator.py for tasks to queue
[2025-09-03T20:14:29.921+0200] {logging_mixin.py:137} INFO - [2025-09-03T20:14:29.921+0200] {dagbag.py:532} INFO - Filling up the DagBag from /home/varun/miniconda3/envs/python38/lib/python3.8/site-packages/airflow/example_dags/example_branch_day_of_week_operator.py
[2025-09-03T20:14:29.935+0200] {processor.py:753} INFO - DAG(s) dict_keys(['example_weekday_branch_operator']) retrieved from /home/varun/miniconda3/envs/python38/lib/python3.8/site-packages/airflow/example_dags/example_branch_day_of_week_operator.py
[2025-09-03T20:14:29.952+0200] {logging_mixin.py:137} INFO - [2025-09-03T20:14:29.952+0200] {dag.py:2705} INFO - Sync 1 DAGs
[2025-09-03T20:14:29.968+0200] {logging_mixin.py:137} INFO - [2025-09-03T20:14:29.968+0200] {dag.py:3452} INFO - Setting next_dagrun for example_weekday_branch_operator to 2025-09-02T00:00:00+00:00, run_after=2025-09-03T00:00:00+00:00
[2025-09-03T20:14:29.992+0200] {processor.py:175} INFO - Processing /home/varun/miniconda3/envs/python38/lib/python3.8/site-packages/airflow/example_dags/example_branch_day_of_week_operator.py took 0.075 seconds
[2025-09-03T20:15:12.541+0200] {processor.py:153} INFO - Started process (PID=4836) to work on /home/varun/miniconda3/envs/python38/lib/python3.8/site-packages/airflow/example_dags/example_branch_day_of_week_operator.py
[2025-09-03T20:15:12.543+0200] {processor.py:743} INFO - Processing file /home/varun/miniconda3/envs/python38/lib/python3.8/site-packages/airflow/example_dags/example_branch_day_of_week_operator.py for tasks to queue
[2025-09-03T20:15:12.544+0200] {logging_mixin.py:137} INFO - [2025-09-03T20:15:12.543+0200] {dagbag.py:532} INFO - Filling up the DagBag from /home/varun/miniconda3/envs/python38/lib/python3.8/site-packages/airflow/example_dags/example_branch_day_of_week_operator.py
[2025-09-03T20:15:12.558+0200] {processor.py:753} INFO - DAG(s) dict_keys(['example_weekday_branch_operator']) retrieved from /home/varun/miniconda3/envs/python38/lib/python3.8/site-packages/airflow/example_dags/example_branch_day_of_week_operator.py
[2025-09-03T20:15:12.581+0200] {logging_mixin.py:137} INFO - [2025-09-03T20:15:12.580+0200] {dag.py:2705} INFO - Sync 1 DAGs
[2025-09-03T20:15:12.600+0200] {logging_mixin.py:137} INFO - [2025-09-03T20:15:12.600+0200] {dag.py:3452} INFO - Setting next_dagrun for example_weekday_branch_operator to 2025-09-02T00:00:00+00:00, run_after=2025-09-03T00:00:00+00:00
[2025-09-03T20:15:12.624+0200] {processor.py:175} INFO - Processing /home/varun/miniconda3/envs/python38/lib/python3.8/site-packages/airflow/example_dags/example_branch_day_of_week_operator.py took 0.087 seconds
[2025-09-03T20:16:00.846+0200] {processor.py:153} INFO - Started process (PID=4878) to work on /home/varun/miniconda3/envs/python38/lib/python3.8/site-packages/airflow/example_dags/example_branch_day_of_week_operator.py
[2025-09-03T20:16:00.847+0200] {processor.py:743} INFO - Processing file /home/varun/miniconda3/envs/python38/lib/python3.8/site-packages/airflow/example_dags/example_branch_day_of_week_operator.py for tasks to queue
[2025-09-03T20:16:00.848+0200] {logging_mixin.py:137} INFO - [2025-09-03T20:16:00.848+0200] {dagbag.py:532} INFO - Filling up the DagBag from /home/varun/miniconda3/envs/python38/lib/python3.8/site-packages/airflow/example_dags/example_branch_day_of_week_operator.py
[2025-09-03T20:16:00.861+0200] {processor.py:753} INFO - DAG(s) dict_keys(['example_weekday_branch_operator']) retrieved from /home/varun/miniconda3/envs/python38/lib/python3.8/site-packages/airflow/example_dags/example_branch_day_of_week_operator.py
[2025-09-03T20:16:00.882+0200] {logging_mixin.py:137} INFO - [2025-09-03T20:16:00.882+0200] {dag.py:2705} INFO - Sync 1 DAGs
[2025-09-03T20:16:00.903+0200] {logging_mixin.py:137} INFO - [2025-09-03T20:16:00.903+0200] {dag.py:3452} INFO - Setting next_dagrun for example_weekday_branch_operator to 2025-09-02T00:00:00+00:00, run_after=2025-09-03T00:00:00+00:00
[2025-09-03T20:16:00.926+0200] {processor.py:175} INFO - Processing /home/varun/miniconda3/envs/python38/lib/python3.8/site-packages/airflow/example_dags/example_branch_day_of_week_operator.py took 0.083 seconds
[2025-09-03T20:16:46.031+0200] {processor.py:153} INFO - Started process (PID=4920) to work on /home/varun/miniconda3/envs/python38/lib/python3.8/site-packages/airflow/example_dags/example_branch_day_of_week_operator.py
[2025-09-03T20:16:46.033+0200] {processor.py:743} INFO - Processing file /home/varun/miniconda3/envs/python38/lib/python3.8/site-packages/airflow/example_dags/example_branch_day_of_week_operator.py for tasks to queue
[2025-09-03T20:16:46.034+0200] {logging_mixin.py:137} INFO - [2025-09-03T20:16:46.034+0200] {dagbag.py:532} INFO - Filling up the DagBag from /home/varun/miniconda3/envs/python38/lib/python3.8/site-packages/airflow/example_dags/example_branch_day_of_week_operator.py
[2025-09-03T20:16:46.052+0200] {processor.py:753} INFO - DAG(s) dict_keys(['example_weekday_branch_operator']) retrieved from /home/varun/miniconda3/envs/python38/lib/python3.8/site-packages/airflow/example_dags/example_branch_day_of_week_operator.py
[2025-09-03T20:16:46.075+0200] {logging_mixin.py:137} INFO - [2025-09-03T20:16:46.075+0200] {dag.py:2705} INFO - Sync 1 DAGs
[2025-09-03T20:16:46.094+0200] {logging_mixin.py:137} INFO - [2025-09-03T20:16:46.094+0200] {dag.py:3452} INFO - Setting next_dagrun for example_weekday_branch_operator to 2025-09-02T00:00:00+00:00, run_after=2025-09-03T00:00:00+00:00
[2025-09-03T20:16:46.116+0200] {processor.py:175} INFO - Processing /home/varun/miniconda3/envs/python38/lib/python3.8/site-packages/airflow/example_dags/example_branch_day_of_week_operator.py took 0.089 seconds
[2025-09-03T20:17:30.851+0200] {processor.py:153} INFO - Started process (PID=4965) to work on /home/varun/miniconda3/envs/python38/lib/python3.8/site-packages/airflow/example_dags/example_branch_day_of_week_operator.py
[2025-09-03T20:17:30.853+0200] {processor.py:743} INFO - Processing file /home/varun/miniconda3/envs/python38/lib/python3.8/site-packages/airflow/example_dags/example_branch_day_of_week_operator.py for tasks to queue
[2025-09-03T20:17:30.854+0200] {logging_mixin.py:137} INFO - [2025-09-03T20:17:30.854+0200] {dagbag.py:532} INFO - Filling up the DagBag from /home/varun/miniconda3/envs/python38/lib/python3.8/site-packages/airflow/example_dags/example_branch_day_of_week_operator.py
[2025-09-03T20:17:30.869+0200] {processor.py:753} INFO - DAG(s) dict_keys(['example_weekday_branch_operator']) retrieved from /home/varun/miniconda3/envs/python38/lib/python3.8/site-packages/airflow/example_dags/example_branch_day_of_week_operator.py
[2025-09-03T20:17:30.892+0200] {logging_mixin.py:137} INFO - [2025-09-03T20:17:30.892+0200] {dag.py:2705} INFO - Sync 1 DAGs
[2025-09-03T20:17:30.916+0200] {logging_mixin.py:137} INFO - [2025-09-03T20:17:30.916+0200] {dag.py:3452} INFO - Setting next_dagrun for example_weekday_branch_operator to 2025-09-02T00:00:00+00:00, run_after=2025-09-03T00:00:00+00:00
[2025-09-03T20:17:30.947+0200] {processor.py:175} INFO - Processing /home/varun/miniconda3/envs/python38/lib/python3.8/site-packages/airflow/example_dags/example_branch_day_of_week_operator.py took 0.100 seconds
[2025-09-03T20:18:18.346+0200] {processor.py:153} INFO - Started process (PID=5008) to work on /home/varun/miniconda3/envs/python38/lib/python3.8/site-packages/airflow/example_dags/example_branch_day_of_week_operator.py
[2025-09-03T20:18:18.348+0200] {processor.py:743} INFO - Processing file /home/varun/miniconda3/envs/python38/lib/python3.8/site-packages/airflow/example_dags/example_branch_day_of_week_operator.py for tasks to queue
[2025-09-03T20:18:18.348+0200] {logging_mixin.py:137} INFO - [2025-09-03T20:18:18.348+0200] {dagbag.py:532} INFO - Filling up the DagBag from /home/varun/miniconda3/envs/python38/lib/python3.8/site-packages/airflow/example_dags/example_branch_day_of_week_operator.py
[2025-09-03T20:18:18.364+0200] {processor.py:753} INFO - DAG(s) dict_keys(['example_weekday_branch_operator']) retrieved from /home/varun/miniconda3/envs/python38/lib/python3.8/site-packages/airflow/example_dags/example_branch_day_of_week_operator.py
[2025-09-03T20:18:18.383+0200] {logging_mixin.py:137} INFO - [2025-09-03T20:18:18.383+0200] {dag.py:2705} INFO - Sync 1 DAGs
[2025-09-03T20:18:18.402+0200] {logging_mixin.py:137} INFO - [2025-09-03T20:18:18.402+0200] {dag.py:3452} INFO - Setting next_dagrun for example_weekday_branch_operator to 2025-09-02T00:00:00+00:00, run_after=2025-09-03T00:00:00+00:00
[2025-09-03T20:18:18.430+0200] {processor.py:175} INFO - Processing /home/varun/miniconda3/envs/python38/lib/python3.8/site-packages/airflow/example_dags/example_branch_day_of_week_operator.py took 0.087 seconds
[2025-09-03T20:19:06.280+0200] {processor.py:153} INFO - Started process (PID=5050) to work on /home/varun/miniconda3/envs/python38/lib/python3.8/site-packages/airflow/example_dags/example_branch_day_of_week_operator.py
[2025-09-03T20:19:06.283+0200] {processor.py:743} INFO - Processing file /home/varun/miniconda3/envs/python38/lib/python3.8/site-packages/airflow/example_dags/example_branch_day_of_week_operator.py for tasks to queue
[2025-09-03T20:19:06.284+0200] {logging_mixin.py:137} INFO - [2025-09-03T20:19:06.283+0200] {dagbag.py:532} INFO - Filling up the DagBag from /home/varun/miniconda3/envs/python38/lib/python3.8/site-packages/airflow/example_dags/example_branch_day_of_week_operator.py
[2025-09-03T20:19:06.296+0200] {processor.py:753} INFO - DAG(s) dict_keys(['example_weekday_branch_operator']) retrieved from /home/varun/miniconda3/envs/python38/lib/python3.8/site-packages/airflow/example_dags/example_branch_day_of_week_operator.py
[2025-09-03T20:19:06.317+0200] {logging_mixin.py:137} INFO - [2025-09-03T20:19:06.317+0200] {dag.py:2705} INFO - Sync 1 DAGs
[2025-09-03T20:19:06.336+0200] {logging_mixin.py:137} INFO - [2025-09-03T20:19:06.336+0200] {dag.py:3452} INFO - Setting next_dagrun for example_weekday_branch_operator to 2025-09-02T00:00:00+00:00, run_after=2025-09-03T00:00:00+00:00
[2025-09-03T20:19:06.359+0200] {processor.py:175} INFO - Processing /home/varun/miniconda3/envs/python38/lib/python3.8/site-packages/airflow/example_dags/example_branch_day_of_week_operator.py took 0.082 seconds
[2025-09-03T20:19:54.628+0200] {processor.py:153} INFO - Started process (PID=5092) to work on /home/varun/miniconda3/envs/python38/lib/python3.8/site-packages/airflow/example_dags/example_branch_day_of_week_operator.py
[2025-09-03T20:19:54.629+0200] {processor.py:743} INFO - Processing file /home/varun/miniconda3/envs/python38/lib/python3.8/site-packages/airflow/example_dags/example_branch_day_of_week_operator.py for tasks to queue
[2025-09-03T20:19:54.630+0200] {logging_mixin.py:137} INFO - [2025-09-03T20:19:54.630+0200] {dagbag.py:532} INFO - Filling up the DagBag from /home/varun/miniconda3/envs/python38/lib/python3.8/site-packages/airflow/example_dags/example_branch_day_of_week_operator.py
[2025-09-03T20:19:54.643+0200] {processor.py:753} INFO - DAG(s) dict_keys(['example_weekday_branch_operator']) retrieved from /home/varun/miniconda3/envs/python38/lib/python3.8/site-packages/airflow/example_dags/example_branch_day_of_week_operator.py
[2025-09-03T20:19:54.660+0200] {logging_mixin.py:137} INFO - [2025-09-03T20:19:54.660+0200] {dag.py:2705} INFO - Sync 1 DAGs
[2025-09-03T20:19:54.759+0200] {logging_mixin.py:137} INFO - [2025-09-03T20:19:54.758+0200] {dag.py:3452} INFO - Setting next_dagrun for example_weekday_branch_operator to 2025-09-02T00:00:00+00:00, run_after=2025-09-03T00:00:00+00:00
[2025-09-03T20:19:54.777+0200] {processor.py:175} INFO - Processing /home/varun/miniconda3/envs/python38/lib/python3.8/site-packages/airflow/example_dags/example_branch_day_of_week_operator.py took 0.152 seconds
[2025-09-03T20:20:49.333+0200] {processor.py:153} INFO - Started process (PID=5134) to work on /home/varun/miniconda3/envs/python38/lib/python3.8/site-packages/airflow/example_dags/example_branch_day_of_week_operator.py
[2025-09-03T20:20:49.335+0200] {processor.py:743} INFO - Processing file /home/varun/miniconda3/envs/python38/lib/python3.8/site-packages/airflow/example_dags/example_branch_day_of_week_operator.py for tasks to queue
[2025-09-03T20:20:49.335+0200] {logging_mixin.py:137} INFO - [2025-09-03T20:20:49.335+0200] {dagbag.py:532} INFO - Filling up the DagBag from /home/varun/miniconda3/envs/python38/lib/python3.8/site-packages/airflow/example_dags/example_branch_day_of_week_operator.py
[2025-09-03T20:20:49.352+0200] {processor.py:753} INFO - DAG(s) dict_keys(['example_weekday_branch_operator']) retrieved from /home/varun/miniconda3/envs/python38/lib/python3.8/site-packages/airflow/example_dags/example_branch_day_of_week_operator.py
[2025-09-03T20:20:49.371+0200] {logging_mixin.py:137} INFO - [2025-09-03T20:20:49.371+0200] {dag.py:2705} INFO - Sync 1 DAGs
[2025-09-03T20:20:49.483+0200] {logging_mixin.py:137} INFO - [2025-09-03T20:20:49.483+0200] {dag.py:3452} INFO - Setting next_dagrun for example_weekday_branch_operator to 2025-09-02T00:00:00+00:00, run_after=2025-09-03T00:00:00+00:00
[2025-09-03T20:20:49.502+0200] {processor.py:175} INFO - Processing /home/varun/miniconda3/envs/python38/lib/python3.8/site-packages/airflow/example_dags/example_branch_day_of_week_operator.py took 0.172 seconds
[2025-09-03T20:21:38.473+0200] {processor.py:153} INFO - Started process (PID=5176) to work on /home/varun/miniconda3/envs/python38/lib/python3.8/site-packages/airflow/example_dags/example_branch_day_of_week_operator.py
[2025-09-03T20:21:38.474+0200] {processor.py:743} INFO - Processing file /home/varun/miniconda3/envs/python38/lib/python3.8/site-packages/airflow/example_dags/example_branch_day_of_week_operator.py for tasks to queue
[2025-09-03T20:21:38.475+0200] {logging_mixin.py:137} INFO - [2025-09-03T20:21:38.475+0200] {dagbag.py:532} INFO - Filling up the DagBag from /home/varun/miniconda3/envs/python38/lib/python3.8/site-packages/airflow/example_dags/example_branch_day_of_week_operator.py
[2025-09-03T20:21:38.489+0200] {processor.py:753} INFO - DAG(s) dict_keys(['example_weekday_branch_operator']) retrieved from /home/varun/miniconda3/envs/python38/lib/python3.8/site-packages/airflow/example_dags/example_branch_day_of_week_operator.py
[2025-09-03T20:21:38.608+0200] {logging_mixin.py:137} INFO - [2025-09-03T20:21:38.608+0200] {dag.py:2705} INFO - Sync 1 DAGs
[2025-09-03T20:21:38.622+0200] {logging_mixin.py:137} INFO - [2025-09-03T20:21:38.622+0200] {dag.py:3452} INFO - Setting next_dagrun for example_weekday_branch_operator to 2025-09-02T00:00:00+00:00, run_after=2025-09-03T00:00:00+00:00
[2025-09-03T20:21:38.642+0200] {processor.py:175} INFO - Processing /home/varun/miniconda3/envs/python38/lib/python3.8/site-packages/airflow/example_dags/example_branch_day_of_week_operator.py took 0.172 seconds
[2025-09-03T20:22:31.784+0200] {processor.py:153} INFO - Started process (PID=5218) to work on /home/varun/miniconda3/envs/python38/lib/python3.8/site-packages/airflow/example_dags/example_branch_day_of_week_operator.py
[2025-09-03T20:22:31.786+0200] {processor.py:743} INFO - Processing file /home/varun/miniconda3/envs/python38/lib/python3.8/site-packages/airflow/example_dags/example_branch_day_of_week_operator.py for tasks to queue
[2025-09-03T20:22:31.786+0200] {logging_mixin.py:137} INFO - [2025-09-03T20:22:31.786+0200] {dagbag.py:532} INFO - Filling up the DagBag from /home/varun/miniconda3/envs/python38/lib/python3.8/site-packages/airflow/example_dags/example_branch_day_of_week_operator.py
[2025-09-03T20:22:31.903+0200] {processor.py:753} INFO - DAG(s) dict_keys(['example_weekday_branch_operator']) retrieved from /home/varun/miniconda3/envs/python38/lib/python3.8/site-packages/airflow/example_dags/example_branch_day_of_week_operator.py
[2025-09-03T20:22:31.917+0200] {logging_mixin.py:137} INFO - [2025-09-03T20:22:31.917+0200] {dag.py:2705} INFO - Sync 1 DAGs
[2025-09-03T20:22:31.933+0200] {logging_mixin.py:137} INFO - [2025-09-03T20:22:31.933+0200] {dag.py:3452} INFO - Setting next_dagrun for example_weekday_branch_operator to 2025-09-02T00:00:00+00:00, run_after=2025-09-03T00:00:00+00:00
[2025-09-03T20:22:31.952+0200] {processor.py:175} INFO - Processing /home/varun/miniconda3/envs/python38/lib/python3.8/site-packages/airflow/example_dags/example_branch_day_of_week_operator.py took 0.171 seconds
[2025-09-03T20:23:21.184+0200] {processor.py:153} INFO - Started process (PID=5260) to work on /home/varun/miniconda3/envs/python38/lib/python3.8/site-packages/airflow/example_dags/example_branch_day_of_week_operator.py
[2025-09-03T20:23:21.185+0200] {processor.py:743} INFO - Processing file /home/varun/miniconda3/envs/python38/lib/python3.8/site-packages/airflow/example_dags/example_branch_day_of_week_operator.py for tasks to queue
[2025-09-03T20:23:21.186+0200] {logging_mixin.py:137} INFO - [2025-09-03T20:23:21.186+0200] {dagbag.py:532} INFO - Filling up the DagBag from /home/varun/miniconda3/envs/python38/lib/python3.8/site-packages/airflow/example_dags/example_branch_day_of_week_operator.py
[2025-09-03T20:23:21.200+0200] {processor.py:753} INFO - DAG(s) dict_keys(['example_weekday_branch_operator']) retrieved from /home/varun/miniconda3/envs/python38/lib/python3.8/site-packages/airflow/example_dags/example_branch_day_of_week_operator.py
[2025-09-03T20:23:21.216+0200] {logging_mixin.py:137} INFO - [2025-09-03T20:23:21.216+0200] {dag.py:2705} INFO - Sync 1 DAGs
[2025-09-03T20:23:21.232+0200] {logging_mixin.py:137} INFO - [2025-09-03T20:23:21.232+0200] {dag.py:3452} INFO - Setting next_dagrun for example_weekday_branch_operator to 2025-09-02T00:00:00+00:00, run_after=2025-09-03T00:00:00+00:00
[2025-09-03T20:23:21.251+0200] {processor.py:175} INFO - Processing /home/varun/miniconda3/envs/python38/lib/python3.8/site-packages/airflow/example_dags/example_branch_day_of_week_operator.py took 0.071 seconds
[2025-09-03T20:24:05.726+0200] {processor.py:153} INFO - Started process (PID=5303) to work on /home/varun/miniconda3/envs/python38/lib/python3.8/site-packages/airflow/example_dags/example_branch_day_of_week_operator.py
[2025-09-03T20:24:05.728+0200] {processor.py:743} INFO - Processing file /home/varun/miniconda3/envs/python38/lib/python3.8/site-packages/airflow/example_dags/example_branch_day_of_week_operator.py for tasks to queue
[2025-09-03T20:24:05.728+0200] {logging_mixin.py:137} INFO - [2025-09-03T20:24:05.728+0200] {dagbag.py:532} INFO - Filling up the DagBag from /home/varun/miniconda3/envs/python38/lib/python3.8/site-packages/airflow/example_dags/example_branch_day_of_week_operator.py
[2025-09-03T20:24:05.751+0200] {processor.py:753} INFO - DAG(s) dict_keys(['example_weekday_branch_operator']) retrieved from /home/varun/miniconda3/envs/python38/lib/python3.8/site-packages/airflow/example_dags/example_branch_day_of_week_operator.py
[2025-09-03T20:24:05.778+0200] {logging_mixin.py:137} INFO - [2025-09-03T20:24:05.778+0200] {dag.py:2705} INFO - Sync 1 DAGs
[2025-09-03T20:24:05.799+0200] {logging_mixin.py:137} INFO - [2025-09-03T20:24:05.799+0200] {dag.py:3452} INFO - Setting next_dagrun for example_weekday_branch_operator to 2025-09-02T00:00:00+00:00, run_after=2025-09-03T00:00:00+00:00
[2025-09-03T20:24:05.824+0200] {processor.py:175} INFO - Processing /home/varun/miniconda3/envs/python38/lib/python3.8/site-packages/airflow/example_dags/example_branch_day_of_week_operator.py took 0.104 seconds
[2025-09-03T20:24:55.650+0200] {processor.py:153} INFO - Started process (PID=5345) to work on /home/varun/miniconda3/envs/python38/lib/python3.8/site-packages/airflow/example_dags/example_branch_day_of_week_operator.py
[2025-09-03T20:24:55.651+0200] {processor.py:743} INFO - Processing file /home/varun/miniconda3/envs/python38/lib/python3.8/site-packages/airflow/example_dags/example_branch_day_of_week_operator.py for tasks to queue
[2025-09-03T20:24:55.652+0200] {logging_mixin.py:137} INFO - [2025-09-03T20:24:55.651+0200] {dagbag.py:532} INFO - Filling up the DagBag from /home/varun/miniconda3/envs/python38/lib/python3.8/site-packages/airflow/example_dags/example_branch_day_of_week_operator.py
[2025-09-03T20:24:55.665+0200] {processor.py:753} INFO - DAG(s) dict_keys(['example_weekday_branch_operator']) retrieved from /home/varun/miniconda3/envs/python38/lib/python3.8/site-packages/airflow/example_dags/example_branch_day_of_week_operator.py
[2025-09-03T20:24:55.685+0200] {logging_mixin.py:137} INFO - [2025-09-03T20:24:55.685+0200] {dag.py:2705} INFO - Sync 1 DAGs
[2025-09-03T20:24:55.703+0200] {logging_mixin.py:137} INFO - [2025-09-03T20:24:55.703+0200] {dag.py:3452} INFO - Setting next_dagrun for example_weekday_branch_operator to 2025-09-02T00:00:00+00:00, run_after=2025-09-03T00:00:00+00:00
[2025-09-03T20:24:55.724+0200] {processor.py:175} INFO - Processing /home/varun/miniconda3/envs/python38/lib/python3.8/site-packages/airflow/example_dags/example_branch_day_of_week_operator.py took 0.078 seconds
[2025-09-03T20:25:39.171+0200] {processor.py:153} INFO - Started process (PID=5387) to work on /home/varun/miniconda3/envs/python38/lib/python3.8/site-packages/airflow/example_dags/example_branch_day_of_week_operator.py
[2025-09-03T20:25:39.173+0200] {processor.py:743} INFO - Processing file /home/varun/miniconda3/envs/python38/lib/python3.8/site-packages/airflow/example_dags/example_branch_day_of_week_operator.py for tasks to queue
[2025-09-03T20:25:39.174+0200] {logging_mixin.py:137} INFO - [2025-09-03T20:25:39.173+0200] {dagbag.py:532} INFO - Filling up the DagBag from /home/varun/miniconda3/envs/python38/lib/python3.8/site-packages/airflow/example_dags/example_branch_day_of_week_operator.py
[2025-09-03T20:25:39.189+0200] {processor.py:753} INFO - DAG(s) dict_keys(['example_weekday_branch_operator']) retrieved from /home/varun/miniconda3/envs/python38/lib/python3.8/site-packages/airflow/example_dags/example_branch_day_of_week_operator.py
[2025-09-03T20:25:39.212+0200] {logging_mixin.py:137} INFO - [2025-09-03T20:25:39.212+0200] {dag.py:2705} INFO - Sync 1 DAGs
[2025-09-03T20:25:39.238+0200] {logging_mixin.py:137} INFO - [2025-09-03T20:25:39.237+0200] {dag.py:3452} INFO - Setting next_dagrun for example_weekday_branch_operator to 2025-09-02T00:00:00+00:00, run_after=2025-09-03T00:00:00+00:00
[2025-09-03T20:25:39.262+0200] {processor.py:175} INFO - Processing /home/varun/miniconda3/envs/python38/lib/python3.8/site-packages/airflow/example_dags/example_branch_day_of_week_operator.py took 0.094 seconds
[2025-09-03T20:26:23.196+0200] {processor.py:153} INFO - Started process (PID=5429) to work on /home/varun/miniconda3/envs/python38/lib/python3.8/site-packages/airflow/example_dags/example_branch_day_of_week_operator.py
[2025-09-03T20:26:23.198+0200] {processor.py:743} INFO - Processing file /home/varun/miniconda3/envs/python38/lib/python3.8/site-packages/airflow/example_dags/example_branch_day_of_week_operator.py for tasks to queue
[2025-09-03T20:26:23.199+0200] {logging_mixin.py:137} INFO - [2025-09-03T20:26:23.199+0200] {dagbag.py:532} INFO - Filling up the DagBag from /home/varun/miniconda3/envs/python38/lib/python3.8/site-packages/airflow/example_dags/example_branch_day_of_week_operator.py
[2025-09-03T20:26:23.219+0200] {processor.py:753} INFO - DAG(s) dict_keys(['example_weekday_branch_operator']) retrieved from /home/varun/miniconda3/envs/python38/lib/python3.8/site-packages/airflow/example_dags/example_branch_day_of_week_operator.py
[2025-09-03T20:26:23.239+0200] {logging_mixin.py:137} INFO - [2025-09-03T20:26:23.239+0200] {dag.py:2705} INFO - Sync 1 DAGs
[2025-09-03T20:26:23.257+0200] {logging_mixin.py:137} INFO - [2025-09-03T20:26:23.257+0200] {dag.py:3452} INFO - Setting next_dagrun for example_weekday_branch_operator to 2025-09-02T00:00:00+00:00, run_after=2025-09-03T00:00:00+00:00
[2025-09-03T20:26:23.279+0200] {processor.py:175} INFO - Processing /home/varun/miniconda3/envs/python38/lib/python3.8/site-packages/airflow/example_dags/example_branch_day_of_week_operator.py took 0.088 seconds
[2025-09-03T20:27:09.061+0200] {processor.py:153} INFO - Started process (PID=5471) to work on /home/varun/miniconda3/envs/python38/lib/python3.8/site-packages/airflow/example_dags/example_branch_day_of_week_operator.py
[2025-09-03T20:27:09.062+0200] {processor.py:743} INFO - Processing file /home/varun/miniconda3/envs/python38/lib/python3.8/site-packages/airflow/example_dags/example_branch_day_of_week_operator.py for tasks to queue
[2025-09-03T20:27:09.063+0200] {logging_mixin.py:137} INFO - [2025-09-03T20:27:09.063+0200] {dagbag.py:532} INFO - Filling up the DagBag from /home/varun/miniconda3/envs/python38/lib/python3.8/site-packages/airflow/example_dags/example_branch_day_of_week_operator.py
[2025-09-03T20:27:09.078+0200] {processor.py:753} INFO - DAG(s) dict_keys(['example_weekday_branch_operator']) retrieved from /home/varun/miniconda3/envs/python38/lib/python3.8/site-packages/airflow/example_dags/example_branch_day_of_week_operator.py
[2025-09-03T20:27:09.098+0200] {logging_mixin.py:137} INFO - [2025-09-03T20:27:09.098+0200] {dag.py:2705} INFO - Sync 1 DAGs
[2025-09-03T20:27:09.116+0200] {logging_mixin.py:137} INFO - [2025-09-03T20:27:09.116+0200] {dag.py:3452} INFO - Setting next_dagrun for example_weekday_branch_operator to 2025-09-02T00:00:00+00:00, run_after=2025-09-03T00:00:00+00:00
[2025-09-03T20:27:09.144+0200] {processor.py:175} INFO - Processing /home/varun/miniconda3/envs/python38/lib/python3.8/site-packages/airflow/example_dags/example_branch_day_of_week_operator.py took 0.087 seconds
[2025-09-03T20:27:59.084+0200] {processor.py:153} INFO - Started process (PID=5513) to work on /home/varun/miniconda3/envs/python38/lib/python3.8/site-packages/airflow/example_dags/example_branch_day_of_week_operator.py
[2025-09-03T20:27:59.086+0200] {processor.py:743} INFO - Processing file /home/varun/miniconda3/envs/python38/lib/python3.8/site-packages/airflow/example_dags/example_branch_day_of_week_operator.py for tasks to queue
[2025-09-03T20:27:59.086+0200] {logging_mixin.py:137} INFO - [2025-09-03T20:27:59.086+0200] {dagbag.py:532} INFO - Filling up the DagBag from /home/varun/miniconda3/envs/python38/lib/python3.8/site-packages/airflow/example_dags/example_branch_day_of_week_operator.py
[2025-09-03T20:27:59.101+0200] {processor.py:753} INFO - DAG(s) dict_keys(['example_weekday_branch_operator']) retrieved from /home/varun/miniconda3/envs/python38/lib/python3.8/site-packages/airflow/example_dags/example_branch_day_of_week_operator.py
[2025-09-03T20:27:59.121+0200] {logging_mixin.py:137} INFO - [2025-09-03T20:27:59.121+0200] {dag.py:2705} INFO - Sync 1 DAGs
[2025-09-03T20:27:59.139+0200] {logging_mixin.py:137} INFO - [2025-09-03T20:27:59.139+0200] {dag.py:3452} INFO - Setting next_dagrun for example_weekday_branch_operator to 2025-09-02T00:00:00+00:00, run_after=2025-09-03T00:00:00+00:00
[2025-09-03T20:27:59.160+0200] {processor.py:175} INFO - Processing /home/varun/miniconda3/envs/python38/lib/python3.8/site-packages/airflow/example_dags/example_branch_day_of_week_operator.py took 0.079 seconds
[2025-09-03T20:28:44.684+0200] {processor.py:153} INFO - Started process (PID=5555) to work on /home/varun/miniconda3/envs/python38/lib/python3.8/site-packages/airflow/example_dags/example_branch_day_of_week_operator.py
[2025-09-03T20:28:44.686+0200] {processor.py:743} INFO - Processing file /home/varun/miniconda3/envs/python38/lib/python3.8/site-packages/airflow/example_dags/example_branch_day_of_week_operator.py for tasks to queue
[2025-09-03T20:28:44.687+0200] {logging_mixin.py:137} INFO - [2025-09-03T20:28:44.687+0200] {dagbag.py:532} INFO - Filling up the DagBag from /home/varun/miniconda3/envs/python38/lib/python3.8/site-packages/airflow/example_dags/example_branch_day_of_week_operator.py
[2025-09-03T20:28:44.707+0200] {processor.py:753} INFO - DAG(s) dict_keys(['example_weekday_branch_operator']) retrieved from /home/varun/miniconda3/envs/python38/lib/python3.8/site-packages/airflow/example_dags/example_branch_day_of_week_operator.py
[2025-09-03T20:28:44.731+0200] {logging_mixin.py:137} INFO - [2025-09-03T20:28:44.731+0200] {dag.py:2705} INFO - Sync 1 DAGs
[2025-09-03T20:28:44.751+0200] {logging_mixin.py:137} INFO - [2025-09-03T20:28:44.751+0200] {dag.py:3452} INFO - Setting next_dagrun for example_weekday_branch_operator to 2025-09-02T00:00:00+00:00, run_after=2025-09-03T00:00:00+00:00
[2025-09-03T20:28:44.774+0200] {processor.py:175} INFO - Processing /home/varun/miniconda3/envs/python38/lib/python3.8/site-packages/airflow/example_dags/example_branch_day_of_week_operator.py took 0.095 seconds
[2025-09-03T20:29:31.106+0200] {processor.py:153} INFO - Started process (PID=5598) to work on /home/varun/miniconda3/envs/python38/lib/python3.8/site-packages/airflow/example_dags/example_branch_day_of_week_operator.py
[2025-09-03T20:29:31.108+0200] {processor.py:743} INFO - Processing file /home/varun/miniconda3/envs/python38/lib/python3.8/site-packages/airflow/example_dags/example_branch_day_of_week_operator.py for tasks to queue
[2025-09-03T20:29:31.109+0200] {logging_mixin.py:137} INFO - [2025-09-03T20:29:31.109+0200] {dagbag.py:532} INFO - Filling up the DagBag from /home/varun/miniconda3/envs/python38/lib/python3.8/site-packages/airflow/example_dags/example_branch_day_of_week_operator.py
[2025-09-03T20:29:31.124+0200] {processor.py:753} INFO - DAG(s) dict_keys(['example_weekday_branch_operator']) retrieved from /home/varun/miniconda3/envs/python38/lib/python3.8/site-packages/airflow/example_dags/example_branch_day_of_week_operator.py
[2025-09-03T20:29:31.147+0200] {logging_mixin.py:137} INFO - [2025-09-03T20:29:31.147+0200] {dag.py:2705} INFO - Sync 1 DAGs
[2025-09-03T20:29:31.169+0200] {logging_mixin.py:137} INFO - [2025-09-03T20:29:31.168+0200] {dag.py:3452} INFO - Setting next_dagrun for example_weekday_branch_operator to 2025-09-02T00:00:00+00:00, run_after=2025-09-03T00:00:00+00:00
[2025-09-03T20:29:31.197+0200] {processor.py:175} INFO - Processing /home/varun/miniconda3/envs/python38/lib/python3.8/site-packages/airflow/example_dags/example_branch_day_of_week_operator.py took 0.094 seconds
[2025-09-03T20:30:20.817+0200] {processor.py:153} INFO - Started process (PID=5640) to work on /home/varun/miniconda3/envs/python38/lib/python3.8/site-packages/airflow/example_dags/example_branch_day_of_week_operator.py
[2025-09-03T20:30:20.822+0200] {processor.py:743} INFO - Processing file /home/varun/miniconda3/envs/python38/lib/python3.8/site-packages/airflow/example_dags/example_branch_day_of_week_operator.py for tasks to queue
[2025-09-03T20:30:20.823+0200] {logging_mixin.py:137} INFO - [2025-09-03T20:30:20.823+0200] {dagbag.py:532} INFO - Filling up the DagBag from /home/varun/miniconda3/envs/python38/lib/python3.8/site-packages/airflow/example_dags/example_branch_day_of_week_operator.py
[2025-09-03T20:30:20.837+0200] {processor.py:753} INFO - DAG(s) dict_keys(['example_weekday_branch_operator']) retrieved from /home/varun/miniconda3/envs/python38/lib/python3.8/site-packages/airflow/example_dags/example_branch_day_of_week_operator.py
[2025-09-03T20:30:20.854+0200] {logging_mixin.py:137} INFO - [2025-09-03T20:30:20.853+0200] {dag.py:2705} INFO - Sync 1 DAGs
[2025-09-03T20:30:20.869+0200] {logging_mixin.py:137} INFO - [2025-09-03T20:30:20.868+0200] {dag.py:3452} INFO - Setting next_dagrun for example_weekday_branch_operator to 2025-09-02T00:00:00+00:00, run_after=2025-09-03T00:00:00+00:00
[2025-09-03T20:30:20.889+0200] {processor.py:175} INFO - Processing /home/varun/miniconda3/envs/python38/lib/python3.8/site-packages/airflow/example_dags/example_branch_day_of_week_operator.py took 0.076 seconds
[2025-09-03T20:31:03.127+0200] {processor.py:153} INFO - Started process (PID=5682) to work on /home/varun/miniconda3/envs/python38/lib/python3.8/site-packages/airflow/example_dags/example_branch_day_of_week_operator.py
[2025-09-03T20:31:03.129+0200] {processor.py:743} INFO - Processing file /home/varun/miniconda3/envs/python38/lib/python3.8/site-packages/airflow/example_dags/example_branch_day_of_week_operator.py for tasks to queue
[2025-09-03T20:31:03.130+0200] {logging_mixin.py:137} INFO - [2025-09-03T20:31:03.130+0200] {dagbag.py:532} INFO - Filling up the DagBag from /home/varun/miniconda3/envs/python38/lib/python3.8/site-packages/airflow/example_dags/example_branch_day_of_week_operator.py
[2025-09-03T20:31:03.148+0200] {processor.py:753} INFO - DAG(s) dict_keys(['example_weekday_branch_operator']) retrieved from /home/varun/miniconda3/envs/python38/lib/python3.8/site-packages/airflow/example_dags/example_branch_day_of_week_operator.py
[2025-09-03T20:31:03.174+0200] {logging_mixin.py:137} INFO - [2025-09-03T20:31:03.173+0200] {dag.py:2705} INFO - Sync 1 DAGs
[2025-09-03T20:31:03.198+0200] {logging_mixin.py:137} INFO - [2025-09-03T20:31:03.198+0200] {dag.py:3452} INFO - Setting next_dagrun for example_weekday_branch_operator to 2025-09-02T00:00:00+00:00, run_after=2025-09-03T00:00:00+00:00
[2025-09-03T20:31:03.231+0200] {processor.py:175} INFO - Processing /home/varun/miniconda3/envs/python38/lib/python3.8/site-packages/airflow/example_dags/example_branch_day_of_week_operator.py took 0.108 seconds
[2025-09-03T20:31:49.135+0200] {processor.py:153} INFO - Started process (PID=5724) to work on /home/varun/miniconda3/envs/python38/lib/python3.8/site-packages/airflow/example_dags/example_branch_day_of_week_operator.py
[2025-09-03T20:31:49.136+0200] {processor.py:743} INFO - Processing file /home/varun/miniconda3/envs/python38/lib/python3.8/site-packages/airflow/example_dags/example_branch_day_of_week_operator.py for tasks to queue
[2025-09-03T20:31:49.137+0200] {logging_mixin.py:137} INFO - [2025-09-03T20:31:49.137+0200] {dagbag.py:532} INFO - Filling up the DagBag from /home/varun/miniconda3/envs/python38/lib/python3.8/site-packages/airflow/example_dags/example_branch_day_of_week_operator.py
[2025-09-03T20:31:49.150+0200] {processor.py:753} INFO - DAG(s) dict_keys(['example_weekday_branch_operator']) retrieved from /home/varun/miniconda3/envs/python38/lib/python3.8/site-packages/airflow/example_dags/example_branch_day_of_week_operator.py
[2025-09-03T20:31:49.170+0200] {logging_mixin.py:137} INFO - [2025-09-03T20:31:49.169+0200] {dag.py:2705} INFO - Sync 1 DAGs
[2025-09-03T20:31:49.189+0200] {logging_mixin.py:137} INFO - [2025-09-03T20:31:49.189+0200] {dag.py:3452} INFO - Setting next_dagrun for example_weekday_branch_operator to 2025-09-02T00:00:00+00:00, run_after=2025-09-03T00:00:00+00:00
[2025-09-03T20:31:49.210+0200] {processor.py:175} INFO - Processing /home/varun/miniconda3/envs/python38/lib/python3.8/site-packages/airflow/example_dags/example_branch_day_of_week_operator.py took 0.079 seconds
[2025-09-03T20:32:32.912+0200] {processor.py:153} INFO - Started process (PID=5766) to work on /home/varun/miniconda3/envs/python38/lib/python3.8/site-packages/airflow/example_dags/example_branch_day_of_week_operator.py
[2025-09-03T20:32:32.913+0200] {processor.py:743} INFO - Processing file /home/varun/miniconda3/envs/python38/lib/python3.8/site-packages/airflow/example_dags/example_branch_day_of_week_operator.py for tasks to queue
[2025-09-03T20:32:32.914+0200] {logging_mixin.py:137} INFO - [2025-09-03T20:32:32.914+0200] {dagbag.py:532} INFO - Filling up the DagBag from /home/varun/miniconda3/envs/python38/lib/python3.8/site-packages/airflow/example_dags/example_branch_day_of_week_operator.py
[2025-09-03T20:32:32.930+0200] {processor.py:753} INFO - DAG(s) dict_keys(['example_weekday_branch_operator']) retrieved from /home/varun/miniconda3/envs/python38/lib/python3.8/site-packages/airflow/example_dags/example_branch_day_of_week_operator.py
[2025-09-03T20:32:32.950+0200] {logging_mixin.py:137} INFO - [2025-09-03T20:32:32.950+0200] {dag.py:2705} INFO - Sync 1 DAGs
[2025-09-03T20:32:32.972+0200] {logging_mixin.py:137} INFO - [2025-09-03T20:32:32.972+0200] {dag.py:3452} INFO - Setting next_dagrun for example_weekday_branch_operator to 2025-09-02T00:00:00+00:00, run_after=2025-09-03T00:00:00+00:00
[2025-09-03T20:32:32.994+0200] {processor.py:175} INFO - Processing /home/varun/miniconda3/envs/python38/lib/python3.8/site-packages/airflow/example_dags/example_branch_day_of_week_operator.py took 0.086 seconds
[2025-09-03T20:33:22.421+0200] {processor.py:153} INFO - Started process (PID=5808) to work on /home/varun/miniconda3/envs/python38/lib/python3.8/site-packages/airflow/example_dags/example_branch_day_of_week_operator.py
[2025-09-03T20:33:22.422+0200] {processor.py:743} INFO - Processing file /home/varun/miniconda3/envs/python38/lib/python3.8/site-packages/airflow/example_dags/example_branch_day_of_week_operator.py for tasks to queue
[2025-09-03T20:33:22.423+0200] {logging_mixin.py:137} INFO - [2025-09-03T20:33:22.423+0200] {dagbag.py:532} INFO - Filling up the DagBag from /home/varun/miniconda3/envs/python38/lib/python3.8/site-packages/airflow/example_dags/example_branch_day_of_week_operator.py
[2025-09-03T20:33:22.437+0200] {processor.py:753} INFO - DAG(s) dict_keys(['example_weekday_branch_operator']) retrieved from /home/varun/miniconda3/envs/python38/lib/python3.8/site-packages/airflow/example_dags/example_branch_day_of_week_operator.py
[2025-09-03T20:33:22.455+0200] {logging_mixin.py:137} INFO - [2025-09-03T20:33:22.455+0200] {dag.py:2705} INFO - Sync 1 DAGs
[2025-09-03T20:33:22.472+0200] {logging_mixin.py:137} INFO - [2025-09-03T20:33:22.472+0200] {dag.py:3452} INFO - Setting next_dagrun for example_weekday_branch_operator to 2025-09-02T00:00:00+00:00, run_after=2025-09-03T00:00:00+00:00
[2025-09-03T20:33:22.496+0200] {processor.py:175} INFO - Processing /home/varun/miniconda3/envs/python38/lib/python3.8/site-packages/airflow/example_dags/example_branch_day_of_week_operator.py took 0.078 seconds
[2025-09-03T20:34:07.847+0200] {processor.py:153} INFO - Started process (PID=5850) to work on /home/varun/miniconda3/envs/python38/lib/python3.8/site-packages/airflow/example_dags/example_branch_day_of_week_operator.py
[2025-09-03T20:34:07.849+0200] {processor.py:743} INFO - Processing file /home/varun/miniconda3/envs/python38/lib/python3.8/site-packages/airflow/example_dags/example_branch_day_of_week_operator.py for tasks to queue
[2025-09-03T20:34:07.849+0200] {logging_mixin.py:137} INFO - [2025-09-03T20:34:07.849+0200] {dagbag.py:532} INFO - Filling up the DagBag from /home/varun/miniconda3/envs/python38/lib/python3.8/site-packages/airflow/example_dags/example_branch_day_of_week_operator.py
[2025-09-03T20:34:07.864+0200] {processor.py:753} INFO - DAG(s) dict_keys(['example_weekday_branch_operator']) retrieved from /home/varun/miniconda3/envs/python38/lib/python3.8/site-packages/airflow/example_dags/example_branch_day_of_week_operator.py
[2025-09-03T20:34:07.882+0200] {logging_mixin.py:137} INFO - [2025-09-03T20:34:07.882+0200] {dag.py:2705} INFO - Sync 1 DAGs
[2025-09-03T20:34:07.899+0200] {logging_mixin.py:137} INFO - [2025-09-03T20:34:07.899+0200] {dag.py:3452} INFO - Setting next_dagrun for example_weekday_branch_operator to 2025-09-02T00:00:00+00:00, run_after=2025-09-03T00:00:00+00:00
[2025-09-03T20:34:07.921+0200] {processor.py:175} INFO - Processing /home/varun/miniconda3/envs/python38/lib/python3.8/site-packages/airflow/example_dags/example_branch_day_of_week_operator.py took 0.077 seconds
[2025-09-03T20:34:52.075+0200] {processor.py:153} INFO - Started process (PID=5893) to work on /home/varun/miniconda3/envs/python38/lib/python3.8/site-packages/airflow/example_dags/example_branch_day_of_week_operator.py
[2025-09-03T20:34:52.077+0200] {processor.py:743} INFO - Processing file /home/varun/miniconda3/envs/python38/lib/python3.8/site-packages/airflow/example_dags/example_branch_day_of_week_operator.py for tasks to queue
[2025-09-03T20:34:52.078+0200] {logging_mixin.py:137} INFO - [2025-09-03T20:34:52.077+0200] {dagbag.py:532} INFO - Filling up the DagBag from /home/varun/miniconda3/envs/python38/lib/python3.8/site-packages/airflow/example_dags/example_branch_day_of_week_operator.py
[2025-09-03T20:34:52.093+0200] {processor.py:753} INFO - DAG(s) dict_keys(['example_weekday_branch_operator']) retrieved from /home/varun/miniconda3/envs/python38/lib/python3.8/site-packages/airflow/example_dags/example_branch_day_of_week_operator.py
[2025-09-03T20:34:52.114+0200] {logging_mixin.py:137} INFO - [2025-09-03T20:34:52.114+0200] {dag.py:2705} INFO - Sync 1 DAGs
[2025-09-03T20:34:52.136+0200] {logging_mixin.py:137} INFO - [2025-09-03T20:34:52.136+0200] {dag.py:3452} INFO - Setting next_dagrun for example_weekday_branch_operator to 2025-09-02T00:00:00+00:00, run_after=2025-09-03T00:00:00+00:00
[2025-09-03T20:34:52.164+0200] {processor.py:175} INFO - Processing /home/varun/miniconda3/envs/python38/lib/python3.8/site-packages/airflow/example_dags/example_branch_day_of_week_operator.py took 0.092 seconds
[2025-09-03T20:35:42.047+0200] {processor.py:153} INFO - Started process (PID=5935) to work on /home/varun/miniconda3/envs/python38/lib/python3.8/site-packages/airflow/example_dags/example_branch_day_of_week_operator.py
[2025-09-03T20:35:42.049+0200] {processor.py:743} INFO - Processing file /home/varun/miniconda3/envs/python38/lib/python3.8/site-packages/airflow/example_dags/example_branch_day_of_week_operator.py for tasks to queue
[2025-09-03T20:35:42.049+0200] {logging_mixin.py:137} INFO - [2025-09-03T20:35:42.049+0200] {dagbag.py:532} INFO - Filling up the DagBag from /home/varun/miniconda3/envs/python38/lib/python3.8/site-packages/airflow/example_dags/example_branch_day_of_week_operator.py
[2025-09-03T20:35:42.064+0200] {processor.py:753} INFO - DAG(s) dict_keys(['example_weekday_branch_operator']) retrieved from /home/varun/miniconda3/envs/python38/lib/python3.8/site-packages/airflow/example_dags/example_branch_day_of_week_operator.py
[2025-09-03T20:35:42.084+0200] {logging_mixin.py:137} INFO - [2025-09-03T20:35:42.083+0200] {dag.py:2705} INFO - Sync 1 DAGs
[2025-09-03T20:35:42.105+0200] {logging_mixin.py:137} INFO - [2025-09-03T20:35:42.105+0200] {dag.py:3452} INFO - Setting next_dagrun for example_weekday_branch_operator to 2025-09-02T00:00:00+00:00, run_after=2025-09-03T00:00:00+00:00
[2025-09-03T20:35:42.127+0200] {processor.py:175} INFO - Processing /home/varun/miniconda3/envs/python38/lib/python3.8/site-packages/airflow/example_dags/example_branch_day_of_week_operator.py took 0.084 seconds
[2025-09-03T20:36:26.363+0200] {processor.py:153} INFO - Started process (PID=5977) to work on /home/varun/miniconda3/envs/python38/lib/python3.8/site-packages/airflow/example_dags/example_branch_day_of_week_operator.py
[2025-09-03T20:36:26.364+0200] {processor.py:743} INFO - Processing file /home/varun/miniconda3/envs/python38/lib/python3.8/site-packages/airflow/example_dags/example_branch_day_of_week_operator.py for tasks to queue
[2025-09-03T20:36:26.365+0200] {logging_mixin.py:137} INFO - [2025-09-03T20:36:26.365+0200] {dagbag.py:532} INFO - Filling up the DagBag from /home/varun/miniconda3/envs/python38/lib/python3.8/site-packages/airflow/example_dags/example_branch_day_of_week_operator.py
[2025-09-03T20:36:26.384+0200] {processor.py:753} INFO - DAG(s) dict_keys(['example_weekday_branch_operator']) retrieved from /home/varun/miniconda3/envs/python38/lib/python3.8/site-packages/airflow/example_dags/example_branch_day_of_week_operator.py
[2025-09-03T20:36:26.409+0200] {logging_mixin.py:137} INFO - [2025-09-03T20:36:26.409+0200] {dag.py:2705} INFO - Sync 1 DAGs
[2025-09-03T20:36:26.431+0200] {logging_mixin.py:137} INFO - [2025-09-03T20:36:26.431+0200] {dag.py:3452} INFO - Setting next_dagrun for example_weekday_branch_operator to 2025-09-02T00:00:00+00:00, run_after=2025-09-03T00:00:00+00:00
[2025-09-03T20:36:26.455+0200] {processor.py:175} INFO - Processing /home/varun/miniconda3/envs/python38/lib/python3.8/site-packages/airflow/example_dags/example_branch_day_of_week_operator.py took 0.096 seconds
