[2025-09-03T19:42:31.244+0200] {processor.py:153} INFO - Started process (PID=3095) to work on /home/varun/miniconda3/envs/python38/lib/python3.8/site-packages/airflow/example_dags/example_task_group_decorator.py
[2025-09-03T19:42:31.245+0200] {processor.py:743} INFO - Processing file /home/varun/miniconda3/envs/python38/lib/python3.8/site-packages/airflow/example_dags/example_task_group_decorator.py for tasks to queue
[2025-09-03T19:42:31.246+0200] {logging_mixin.py:137} INFO - [2025-09-03T19:42:31.246+0200] {dagbag.py:532} INFO - Filling up the DagBag from /home/varun/miniconda3/envs/python38/lib/python3.8/site-packages/airflow/example_dags/example_task_group_decorator.py
[2025-09-03T19:42:31.281+0200] {processor.py:753} INFO - DAG(s) dict_keys(['example_task_group_decorator']) retrieved from /home/varun/miniconda3/envs/python38/lib/python3.8/site-packages/airflow/example_dags/example_task_group_decorator.py
[2025-09-03T19:42:31.379+0200] {logging_mixin.py:137} INFO - [2025-09-03T19:42:31.379+0200] {manager.py:504} INFO - Created Permission View: can edit on DAG:example_task_group_decorator
[2025-09-03T19:42:31.391+0200] {logging_mixin.py:137} INFO - [2025-09-03T19:42:31.391+0200] {manager.py:504} INFO - Created Permission View: can delete on DAG:example_task_group_decorator
[2025-09-03T19:42:31.406+0200] {logging_mixin.py:137} INFO - [2025-09-03T19:42:31.405+0200] {manager.py:504} INFO - Created Permission View: can read on DAG:example_task_group_decorator
[2025-09-03T19:42:31.406+0200] {logging_mixin.py:137} INFO - [2025-09-03T19:42:31.406+0200] {dag.py:2705} INFO - Sync 1 DAGs
[2025-09-03T19:42:31.416+0200] {logging_mixin.py:137} INFO - [2025-09-03T19:42:31.416+0200] {dag.py:2726} INFO - Creating ORM DAG for example_task_group_decorator
[2025-09-03T19:42:31.425+0200] {logging_mixin.py:137} INFO - [2025-09-03T19:42:31.425+0200] {dag.py:3452} INFO - Setting next_dagrun for example_task_group_decorator to 2025-09-02T17:42:31.424929+00:00, run_after=2025-09-03T17:42:31.424929+00:00
[2025-09-03T19:42:31.450+0200] {processor.py:175} INFO - Processing /home/varun/miniconda3/envs/python38/lib/python3.8/site-packages/airflow/example_dags/example_task_group_decorator.py took 0.211 seconds
[2025-09-03T19:43:21.217+0200] {processor.py:153} INFO - Started process (PID=3137) to work on /home/varun/miniconda3/envs/python38/lib/python3.8/site-packages/airflow/example_dags/example_task_group_decorator.py
[2025-09-03T19:43:21.218+0200] {processor.py:743} INFO - Processing file /home/varun/miniconda3/envs/python38/lib/python3.8/site-packages/airflow/example_dags/example_task_group_decorator.py for tasks to queue
[2025-09-03T19:43:21.219+0200] {logging_mixin.py:137} INFO - [2025-09-03T19:43:21.219+0200] {dagbag.py:532} INFO - Filling up the DagBag from /home/varun/miniconda3/envs/python38/lib/python3.8/site-packages/airflow/example_dags/example_task_group_decorator.py
[2025-09-03T19:43:21.249+0200] {processor.py:753} INFO - DAG(s) dict_keys(['example_task_group_decorator']) retrieved from /home/varun/miniconda3/envs/python38/lib/python3.8/site-packages/airflow/example_dags/example_task_group_decorator.py
[2025-09-03T19:43:21.271+0200] {logging_mixin.py:137} INFO - [2025-09-03T19:43:21.271+0200] {dag.py:2705} INFO - Sync 1 DAGs
[2025-09-03T19:43:21.297+0200] {logging_mixin.py:137} INFO - [2025-09-03T19:43:21.296+0200] {dag.py:3452} INFO - Setting next_dagrun for example_task_group_decorator to 2025-09-02T17:43:21.296432+00:00, run_after=2025-09-03T17:43:21.296432+00:00
[2025-09-03T19:43:21.325+0200] {processor.py:175} INFO - Processing /home/varun/miniconda3/envs/python38/lib/python3.8/site-packages/airflow/example_dags/example_task_group_decorator.py took 0.112 seconds
[2025-09-03T19:44:08.071+0200] {processor.py:153} INFO - Started process (PID=3179) to work on /home/varun/miniconda3/envs/python38/lib/python3.8/site-packages/airflow/example_dags/example_task_group_decorator.py
[2025-09-03T19:44:08.073+0200] {processor.py:743} INFO - Processing file /home/varun/miniconda3/envs/python38/lib/python3.8/site-packages/airflow/example_dags/example_task_group_decorator.py for tasks to queue
[2025-09-03T19:44:08.074+0200] {logging_mixin.py:137} INFO - [2025-09-03T19:44:08.074+0200] {dagbag.py:532} INFO - Filling up the DagBag from /home/varun/miniconda3/envs/python38/lib/python3.8/site-packages/airflow/example_dags/example_task_group_decorator.py
[2025-09-03T19:44:08.097+0200] {processor.py:753} INFO - DAG(s) dict_keys(['example_task_group_decorator']) retrieved from /home/varun/miniconda3/envs/python38/lib/python3.8/site-packages/airflow/example_dags/example_task_group_decorator.py
[2025-09-03T19:44:08.118+0200] {logging_mixin.py:137} INFO - [2025-09-03T19:44:08.118+0200] {dag.py:2705} INFO - Sync 1 DAGs
[2025-09-03T19:44:08.138+0200] {logging_mixin.py:137} INFO - [2025-09-03T19:44:08.137+0200] {dag.py:3452} INFO - Setting next_dagrun for example_task_group_decorator to 2025-09-02T17:44:08.137573+00:00, run_after=2025-09-03T17:44:08.137573+00:00
[2025-09-03T19:44:08.160+0200] {processor.py:175} INFO - Processing /home/varun/miniconda3/envs/python38/lib/python3.8/site-packages/airflow/example_dags/example_task_group_decorator.py took 0.092 seconds
[2025-09-03T19:44:58.389+0200] {processor.py:153} INFO - Started process (PID=3222) to work on /home/varun/miniconda3/envs/python38/lib/python3.8/site-packages/airflow/example_dags/example_task_group_decorator.py
[2025-09-03T19:44:58.391+0200] {processor.py:743} INFO - Processing file /home/varun/miniconda3/envs/python38/lib/python3.8/site-packages/airflow/example_dags/example_task_group_decorator.py for tasks to queue
[2025-09-03T19:44:58.391+0200] {logging_mixin.py:137} INFO - [2025-09-03T19:44:58.391+0200] {dagbag.py:532} INFO - Filling up the DagBag from /home/varun/miniconda3/envs/python38/lib/python3.8/site-packages/airflow/example_dags/example_task_group_decorator.py
[2025-09-03T19:44:58.428+0200] {processor.py:753} INFO - DAG(s) dict_keys(['example_task_group_decorator']) retrieved from /home/varun/miniconda3/envs/python38/lib/python3.8/site-packages/airflow/example_dags/example_task_group_decorator.py
[2025-09-03T19:44:58.456+0200] {logging_mixin.py:137} INFO - [2025-09-03T19:44:58.455+0200] {dag.py:2705} INFO - Sync 1 DAGs
[2025-09-03T19:44:58.476+0200] {logging_mixin.py:137} INFO - [2025-09-03T19:44:58.476+0200] {dag.py:3452} INFO - Setting next_dagrun for example_task_group_decorator to 2025-09-02T17:44:58.475830+00:00, run_after=2025-09-03T17:44:58.475830+00:00
[2025-09-03T19:44:58.506+0200] {processor.py:175} INFO - Processing /home/varun/miniconda3/envs/python38/lib/python3.8/site-packages/airflow/example_dags/example_task_group_decorator.py took 0.120 seconds
[2025-09-03T19:45:45.317+0200] {processor.py:153} INFO - Started process (PID=3292) to work on /home/varun/miniconda3/envs/python38/lib/python3.8/site-packages/airflow/example_dags/example_task_group_decorator.py
[2025-09-03T19:45:45.319+0200] {processor.py:743} INFO - Processing file /home/varun/miniconda3/envs/python38/lib/python3.8/site-packages/airflow/example_dags/example_task_group_decorator.py for tasks to queue
[2025-09-03T19:45:45.319+0200] {logging_mixin.py:137} INFO - [2025-09-03T19:45:45.319+0200] {dagbag.py:532} INFO - Filling up the DagBag from /home/varun/miniconda3/envs/python38/lib/python3.8/site-packages/airflow/example_dags/example_task_group_decorator.py
[2025-09-03T19:45:45.342+0200] {processor.py:753} INFO - DAG(s) dict_keys(['example_task_group_decorator']) retrieved from /home/varun/miniconda3/envs/python38/lib/python3.8/site-packages/airflow/example_dags/example_task_group_decorator.py
[2025-09-03T19:45:45.361+0200] {logging_mixin.py:137} INFO - [2025-09-03T19:45:45.361+0200] {dag.py:2705} INFO - Sync 1 DAGs
[2025-09-03T19:45:45.376+0200] {logging_mixin.py:137} INFO - [2025-09-03T19:45:45.376+0200] {dag.py:3452} INFO - Setting next_dagrun for example_task_group_decorator to 2025-09-02T17:45:45.376260+00:00, run_after=2025-09-03T17:45:45.376260+00:00
[2025-09-03T19:45:45.397+0200] {processor.py:175} INFO - Processing /home/varun/miniconda3/envs/python38/lib/python3.8/site-packages/airflow/example_dags/example_task_group_decorator.py took 0.083 seconds
[2025-09-03T19:46:29.731+0200] {processor.py:153} INFO - Started process (PID=3337) to work on /home/varun/miniconda3/envs/python38/lib/python3.8/site-packages/airflow/example_dags/example_task_group_decorator.py
[2025-09-03T19:46:29.733+0200] {processor.py:743} INFO - Processing file /home/varun/miniconda3/envs/python38/lib/python3.8/site-packages/airflow/example_dags/example_task_group_decorator.py for tasks to queue
[2025-09-03T19:46:29.733+0200] {logging_mixin.py:137} INFO - [2025-09-03T19:46:29.733+0200] {dagbag.py:532} INFO - Filling up the DagBag from /home/varun/miniconda3/envs/python38/lib/python3.8/site-packages/airflow/example_dags/example_task_group_decorator.py
[2025-09-03T19:46:29.756+0200] {processor.py:753} INFO - DAG(s) dict_keys(['example_task_group_decorator']) retrieved from /home/varun/miniconda3/envs/python38/lib/python3.8/site-packages/airflow/example_dags/example_task_group_decorator.py
[2025-09-03T19:46:29.775+0200] {logging_mixin.py:137} INFO - [2025-09-03T19:46:29.775+0200] {dag.py:2705} INFO - Sync 1 DAGs
[2025-09-03T19:46:29.791+0200] {logging_mixin.py:137} INFO - [2025-09-03T19:46:29.790+0200] {dag.py:3452} INFO - Setting next_dagrun for example_task_group_decorator to 2025-09-02T17:46:29.790668+00:00, run_after=2025-09-03T17:46:29.790668+00:00
[2025-09-03T19:46:29.811+0200] {processor.py:175} INFO - Processing /home/varun/miniconda3/envs/python38/lib/python3.8/site-packages/airflow/example_dags/example_task_group_decorator.py took 0.084 seconds
[2025-09-03T19:47:18.880+0200] {processor.py:153} INFO - Started process (PID=3390) to work on /home/varun/miniconda3/envs/python38/lib/python3.8/site-packages/airflow/example_dags/example_task_group_decorator.py
[2025-09-03T19:47:18.889+0200] {processor.py:743} INFO - Processing file /home/varun/miniconda3/envs/python38/lib/python3.8/site-packages/airflow/example_dags/example_task_group_decorator.py for tasks to queue
[2025-09-03T19:47:18.890+0200] {logging_mixin.py:137} INFO - [2025-09-03T19:47:18.890+0200] {dagbag.py:532} INFO - Filling up the DagBag from /home/varun/miniconda3/envs/python38/lib/python3.8/site-packages/airflow/example_dags/example_task_group_decorator.py
[2025-09-03T19:47:18.915+0200] {processor.py:753} INFO - DAG(s) dict_keys(['example_task_group_decorator']) retrieved from /home/varun/miniconda3/envs/python38/lib/python3.8/site-packages/airflow/example_dags/example_task_group_decorator.py
[2025-09-03T19:47:18.939+0200] {logging_mixin.py:137} INFO - [2025-09-03T19:47:18.938+0200] {dag.py:2705} INFO - Sync 1 DAGs
[2025-09-03T19:47:18.960+0200] {logging_mixin.py:137} INFO - [2025-09-03T19:47:18.960+0200] {dag.py:3452} INFO - Setting next_dagrun for example_task_group_decorator to 2025-09-02T17:47:18.960090+00:00, run_after=2025-09-03T17:47:18.960090+00:00
[2025-09-03T19:47:18.992+0200] {processor.py:175} INFO - Processing /home/varun/miniconda3/envs/python38/lib/python3.8/site-packages/airflow/example_dags/example_task_group_decorator.py took 0.116 seconds
[2025-09-03T19:48:04.555+0200] {processor.py:153} INFO - Started process (PID=3432) to work on /home/varun/miniconda3/envs/python38/lib/python3.8/site-packages/airflow/example_dags/example_task_group_decorator.py
[2025-09-03T19:48:04.556+0200] {processor.py:743} INFO - Processing file /home/varun/miniconda3/envs/python38/lib/python3.8/site-packages/airflow/example_dags/example_task_group_decorator.py for tasks to queue
[2025-09-03T19:48:04.557+0200] {logging_mixin.py:137} INFO - [2025-09-03T19:48:04.557+0200] {dagbag.py:532} INFO - Filling up the DagBag from /home/varun/miniconda3/envs/python38/lib/python3.8/site-packages/airflow/example_dags/example_task_group_decorator.py
[2025-09-03T19:48:04.590+0200] {processor.py:753} INFO - DAG(s) dict_keys(['example_task_group_decorator']) retrieved from /home/varun/miniconda3/envs/python38/lib/python3.8/site-packages/airflow/example_dags/example_task_group_decorator.py
[2025-09-03T19:48:04.620+0200] {logging_mixin.py:137} INFO - [2025-09-03T19:48:04.619+0200] {dag.py:2705} INFO - Sync 1 DAGs
[2025-09-03T19:48:04.653+0200] {logging_mixin.py:137} INFO - [2025-09-03T19:48:04.653+0200] {dag.py:3452} INFO - Setting next_dagrun for example_task_group_decorator to 2025-09-02T17:48:04.653197+00:00, run_after=2025-09-03T17:48:04.653197+00:00
[2025-09-03T19:48:04.692+0200] {processor.py:175} INFO - Processing /home/varun/miniconda3/envs/python38/lib/python3.8/site-packages/airflow/example_dags/example_task_group_decorator.py took 0.141 seconds
[2025-09-03T19:48:52.439+0200] {processor.py:153} INFO - Started process (PID=3474) to work on /home/varun/miniconda3/envs/python38/lib/python3.8/site-packages/airflow/example_dags/example_task_group_decorator.py
[2025-09-03T19:48:52.443+0200] {processor.py:743} INFO - Processing file /home/varun/miniconda3/envs/python38/lib/python3.8/site-packages/airflow/example_dags/example_task_group_decorator.py for tasks to queue
[2025-09-03T19:48:52.444+0200] {logging_mixin.py:137} INFO - [2025-09-03T19:48:52.444+0200] {dagbag.py:532} INFO - Filling up the DagBag from /home/varun/miniconda3/envs/python38/lib/python3.8/site-packages/airflow/example_dags/example_task_group_decorator.py
[2025-09-03T19:48:52.517+0200] {processor.py:753} INFO - DAG(s) dict_keys(['example_task_group_decorator']) retrieved from /home/varun/miniconda3/envs/python38/lib/python3.8/site-packages/airflow/example_dags/example_task_group_decorator.py
[2025-09-03T19:48:52.566+0200] {logging_mixin.py:137} INFO - [2025-09-03T19:48:52.566+0200] {dag.py:2705} INFO - Sync 1 DAGs
[2025-09-03T19:48:52.602+0200] {logging_mixin.py:137} INFO - [2025-09-03T19:48:52.601+0200] {dag.py:3452} INFO - Setting next_dagrun for example_task_group_decorator to 2025-09-02T17:48:52.601217+00:00, run_after=2025-09-03T17:48:52.601217+00:00
[2025-09-03T19:48:52.641+0200] {processor.py:175} INFO - Processing /home/varun/miniconda3/envs/python38/lib/python3.8/site-packages/airflow/example_dags/example_task_group_decorator.py took 0.210 seconds
[2025-09-03T19:49:44.228+0200] {processor.py:153} INFO - Started process (PID=3522) to work on /home/varun/miniconda3/envs/python38/lib/python3.8/site-packages/airflow/example_dags/example_task_group_decorator.py
[2025-09-03T19:49:44.230+0200] {processor.py:743} INFO - Processing file /home/varun/miniconda3/envs/python38/lib/python3.8/site-packages/airflow/example_dags/example_task_group_decorator.py for tasks to queue
[2025-09-03T19:49:44.231+0200] {logging_mixin.py:137} INFO - [2025-09-03T19:49:44.231+0200] {dagbag.py:532} INFO - Filling up the DagBag from /home/varun/miniconda3/envs/python38/lib/python3.8/site-packages/airflow/example_dags/example_task_group_decorator.py
[2025-09-03T19:49:44.262+0200] {processor.py:753} INFO - DAG(s) dict_keys(['example_task_group_decorator']) retrieved from /home/varun/miniconda3/envs/python38/lib/python3.8/site-packages/airflow/example_dags/example_task_group_decorator.py
[2025-09-03T19:49:44.287+0200] {logging_mixin.py:137} INFO - [2025-09-03T19:49:44.286+0200] {dag.py:2705} INFO - Sync 1 DAGs
[2025-09-03T19:49:44.307+0200] {logging_mixin.py:137} INFO - [2025-09-03T19:49:44.307+0200] {dag.py:3452} INFO - Setting next_dagrun for example_task_group_decorator to 2025-09-02T17:49:44.307335+00:00, run_after=2025-09-03T17:49:44.307335+00:00
[2025-09-03T19:49:44.333+0200] {processor.py:175} INFO - Processing /home/varun/miniconda3/envs/python38/lib/python3.8/site-packages/airflow/example_dags/example_task_group_decorator.py took 0.109 seconds
[2025-09-03T19:50:30.581+0200] {processor.py:153} INFO - Started process (PID=3568) to work on /home/varun/miniconda3/envs/python38/lib/python3.8/site-packages/airflow/example_dags/example_task_group_decorator.py
[2025-09-03T19:50:30.583+0200] {processor.py:743} INFO - Processing file /home/varun/miniconda3/envs/python38/lib/python3.8/site-packages/airflow/example_dags/example_task_group_decorator.py for tasks to queue
[2025-09-03T19:50:30.583+0200] {logging_mixin.py:137} INFO - [2025-09-03T19:50:30.583+0200] {dagbag.py:532} INFO - Filling up the DagBag from /home/varun/miniconda3/envs/python38/lib/python3.8/site-packages/airflow/example_dags/example_task_group_decorator.py
[2025-09-03T19:50:30.607+0200] {processor.py:753} INFO - DAG(s) dict_keys(['example_task_group_decorator']) retrieved from /home/varun/miniconda3/envs/python38/lib/python3.8/site-packages/airflow/example_dags/example_task_group_decorator.py
[2025-09-03T19:50:30.627+0200] {logging_mixin.py:137} INFO - [2025-09-03T19:50:30.627+0200] {dag.py:2705} INFO - Sync 1 DAGs
[2025-09-03T19:50:30.642+0200] {logging_mixin.py:137} INFO - [2025-09-03T19:50:30.642+0200] {dag.py:3452} INFO - Setting next_dagrun for example_task_group_decorator to 2025-09-02T17:50:30.642632+00:00, run_after=2025-09-03T17:50:30.642632+00:00
[2025-09-03T19:50:30.664+0200] {processor.py:175} INFO - Processing /home/varun/miniconda3/envs/python38/lib/python3.8/site-packages/airflow/example_dags/example_task_group_decorator.py took 0.086 seconds
[2025-09-03T19:51:16.616+0200] {processor.py:153} INFO - Started process (PID=3623) to work on /home/varun/miniconda3/envs/python38/lib/python3.8/site-packages/airflow/example_dags/example_task_group_decorator.py
[2025-09-03T19:51:16.618+0200] {processor.py:743} INFO - Processing file /home/varun/miniconda3/envs/python38/lib/python3.8/site-packages/airflow/example_dags/example_task_group_decorator.py for tasks to queue
[2025-09-03T19:51:16.619+0200] {logging_mixin.py:137} INFO - [2025-09-03T19:51:16.619+0200] {dagbag.py:532} INFO - Filling up the DagBag from /home/varun/miniconda3/envs/python38/lib/python3.8/site-packages/airflow/example_dags/example_task_group_decorator.py
[2025-09-03T19:51:16.649+0200] {processor.py:753} INFO - DAG(s) dict_keys(['example_task_group_decorator']) retrieved from /home/varun/miniconda3/envs/python38/lib/python3.8/site-packages/airflow/example_dags/example_task_group_decorator.py
[2025-09-03T19:51:16.675+0200] {logging_mixin.py:137} INFO - [2025-09-03T19:51:16.674+0200] {dag.py:2705} INFO - Sync 1 DAGs
[2025-09-03T19:51:16.695+0200] {logging_mixin.py:137} INFO - [2025-09-03T19:51:16.695+0200] {dag.py:3452} INFO - Setting next_dagrun for example_task_group_decorator to 2025-09-02T17:51:16.694856+00:00, run_after=2025-09-03T17:51:16.694856+00:00
[2025-09-03T19:51:16.720+0200] {processor.py:175} INFO - Processing /home/varun/miniconda3/envs/python38/lib/python3.8/site-packages/airflow/example_dags/example_task_group_decorator.py took 0.107 seconds
[2025-09-03T19:52:06.571+0200] {processor.py:153} INFO - Started process (PID=3670) to work on /home/varun/miniconda3/envs/python38/lib/python3.8/site-packages/airflow/example_dags/example_task_group_decorator.py
[2025-09-03T19:52:06.573+0200] {processor.py:743} INFO - Processing file /home/varun/miniconda3/envs/python38/lib/python3.8/site-packages/airflow/example_dags/example_task_group_decorator.py for tasks to queue
[2025-09-03T19:52:06.574+0200] {logging_mixin.py:137} INFO - [2025-09-03T19:52:06.574+0200] {dagbag.py:532} INFO - Filling up the DagBag from /home/varun/miniconda3/envs/python38/lib/python3.8/site-packages/airflow/example_dags/example_task_group_decorator.py
[2025-09-03T19:52:06.614+0200] {processor.py:753} INFO - DAG(s) dict_keys(['example_task_group_decorator']) retrieved from /home/varun/miniconda3/envs/python38/lib/python3.8/site-packages/airflow/example_dags/example_task_group_decorator.py
[2025-09-03T19:52:06.645+0200] {logging_mixin.py:137} INFO - [2025-09-03T19:52:06.644+0200] {dag.py:2705} INFO - Sync 1 DAGs
[2025-09-03T19:52:06.670+0200] {logging_mixin.py:137} INFO - [2025-09-03T19:52:06.670+0200] {dag.py:3452} INFO - Setting next_dagrun for example_task_group_decorator to 2025-09-02T17:52:06.670023+00:00, run_after=2025-09-03T17:52:06.670023+00:00
[2025-09-03T19:52:06.917+0200] {processor.py:175} INFO - Processing /home/varun/miniconda3/envs/python38/lib/python3.8/site-packages/airflow/example_dags/example_task_group_decorator.py took 0.351 seconds
[2025-09-03T19:52:56.556+0200] {processor.py:153} INFO - Started process (PID=3714) to work on /home/varun/miniconda3/envs/python38/lib/python3.8/site-packages/airflow/example_dags/example_task_group_decorator.py
[2025-09-03T19:52:56.557+0200] {processor.py:743} INFO - Processing file /home/varun/miniconda3/envs/python38/lib/python3.8/site-packages/airflow/example_dags/example_task_group_decorator.py for tasks to queue
[2025-09-03T19:52:56.560+0200] {logging_mixin.py:137} INFO - [2025-09-03T19:52:56.559+0200] {dagbag.py:532} INFO - Filling up the DagBag from /home/varun/miniconda3/envs/python38/lib/python3.8/site-packages/airflow/example_dags/example_task_group_decorator.py
[2025-09-03T19:52:56.591+0200] {processor.py:753} INFO - DAG(s) dict_keys(['example_task_group_decorator']) retrieved from /home/varun/miniconda3/envs/python38/lib/python3.8/site-packages/airflow/example_dags/example_task_group_decorator.py
[2025-09-03T19:52:56.623+0200] {logging_mixin.py:137} INFO - [2025-09-03T19:52:56.622+0200] {dag.py:2705} INFO - Sync 1 DAGs
[2025-09-03T19:52:56.811+0200] {logging_mixin.py:137} INFO - [2025-09-03T19:52:56.811+0200] {dag.py:3452} INFO - Setting next_dagrun for example_task_group_decorator to 2025-09-02T17:52:56.811443+00:00, run_after=2025-09-03T17:52:56.811443+00:00
[2025-09-03T19:52:56.846+0200] {processor.py:175} INFO - Processing /home/varun/miniconda3/envs/python38/lib/python3.8/site-packages/airflow/example_dags/example_task_group_decorator.py took 0.295 seconds
[2025-09-03T19:53:52.392+0200] {processor.py:153} INFO - Started process (PID=3758) to work on /home/varun/miniconda3/envs/python38/lib/python3.8/site-packages/airflow/example_dags/example_task_group_decorator.py
[2025-09-03T19:53:52.394+0200] {processor.py:743} INFO - Processing file /home/varun/miniconda3/envs/python38/lib/python3.8/site-packages/airflow/example_dags/example_task_group_decorator.py for tasks to queue
[2025-09-03T19:53:52.395+0200] {logging_mixin.py:137} INFO - [2025-09-03T19:53:52.394+0200] {dagbag.py:532} INFO - Filling up the DagBag from /home/varun/miniconda3/envs/python38/lib/python3.8/site-packages/airflow/example_dags/example_task_group_decorator.py
[2025-09-03T19:53:52.430+0200] {processor.py:753} INFO - DAG(s) dict_keys(['example_task_group_decorator']) retrieved from /home/varun/miniconda3/envs/python38/lib/python3.8/site-packages/airflow/example_dags/example_task_group_decorator.py
[2025-09-03T19:53:52.601+0200] {logging_mixin.py:137} INFO - [2025-09-03T19:53:52.601+0200] {dag.py:2705} INFO - Sync 1 DAGs
[2025-09-03T19:53:52.619+0200] {logging_mixin.py:137} INFO - [2025-09-03T19:53:52.619+0200] {dag.py:3452} INFO - Setting next_dagrun for example_task_group_decorator to 2025-09-02T17:53:52.619347+00:00, run_after=2025-09-03T17:53:52.619347+00:00
[2025-09-03T19:53:52.649+0200] {processor.py:175} INFO - Processing /home/varun/miniconda3/envs/python38/lib/python3.8/site-packages/airflow/example_dags/example_task_group_decorator.py took 0.263 seconds
[2025-09-03T19:54:50.294+0200] {processor.py:153} INFO - Started process (PID=3811) to work on /home/varun/miniconda3/envs/python38/lib/python3.8/site-packages/airflow/example_dags/example_task_group_decorator.py
[2025-09-03T19:54:50.298+0200] {processor.py:743} INFO - Processing file /home/varun/miniconda3/envs/python38/lib/python3.8/site-packages/airflow/example_dags/example_task_group_decorator.py for tasks to queue
[2025-09-03T19:54:50.300+0200] {logging_mixin.py:137} INFO - [2025-09-03T19:54:50.299+0200] {dagbag.py:532} INFO - Filling up the DagBag from /home/varun/miniconda3/envs/python38/lib/python3.8/site-packages/airflow/example_dags/example_task_group_decorator.py
[2025-09-03T19:54:50.336+0200] {processor.py:753} INFO - DAG(s) dict_keys(['example_task_group_decorator']) retrieved from /home/varun/miniconda3/envs/python38/lib/python3.8/site-packages/airflow/example_dags/example_task_group_decorator.py
[2025-09-03T19:54:50.585+0200] {logging_mixin.py:137} INFO - [2025-09-03T19:54:50.585+0200] {dag.py:2705} INFO - Sync 1 DAGs
[2025-09-03T19:54:50.608+0200] {logging_mixin.py:137} INFO - [2025-09-03T19:54:50.608+0200] {dag.py:3452} INFO - Setting next_dagrun for example_task_group_decorator to 2025-09-02T17:54:50.607947+00:00, run_after=2025-09-03T17:54:50.607947+00:00
[2025-09-03T19:54:50.636+0200] {processor.py:175} INFO - Processing /home/varun/miniconda3/envs/python38/lib/python3.8/site-packages/airflow/example_dags/example_task_group_decorator.py took 0.348 seconds
[2025-09-03T19:55:48.144+0200] {processor.py:153} INFO - Started process (PID=3865) to work on /home/varun/miniconda3/envs/python38/lib/python3.8/site-packages/airflow/example_dags/example_task_group_decorator.py
[2025-09-03T19:55:48.146+0200] {processor.py:743} INFO - Processing file /home/varun/miniconda3/envs/python38/lib/python3.8/site-packages/airflow/example_dags/example_task_group_decorator.py for tasks to queue
[2025-09-03T19:55:48.147+0200] {logging_mixin.py:137} INFO - [2025-09-03T19:55:48.147+0200] {dagbag.py:532} INFO - Filling up the DagBag from /home/varun/miniconda3/envs/python38/lib/python3.8/site-packages/airflow/example_dags/example_task_group_decorator.py
[2025-09-03T19:55:48.310+0200] {processor.py:753} INFO - DAG(s) dict_keys(['example_task_group_decorator']) retrieved from /home/varun/miniconda3/envs/python38/lib/python3.8/site-packages/airflow/example_dags/example_task_group_decorator.py
[2025-09-03T19:55:48.333+0200] {logging_mixin.py:137} INFO - [2025-09-03T19:55:48.333+0200] {dag.py:2705} INFO - Sync 1 DAGs
[2025-09-03T19:55:48.354+0200] {logging_mixin.py:137} INFO - [2025-09-03T19:55:48.353+0200] {dag.py:3452} INFO - Setting next_dagrun for example_task_group_decorator to 2025-09-02T17:55:48.353723+00:00, run_after=2025-09-03T17:55:48.353723+00:00
[2025-09-03T19:55:48.387+0200] {processor.py:175} INFO - Processing /home/varun/miniconda3/envs/python38/lib/python3.8/site-packages/airflow/example_dags/example_task_group_decorator.py took 0.247 seconds
[2025-09-03T19:56:50.059+0200] {processor.py:153} INFO - Started process (PID=3915) to work on /home/varun/miniconda3/envs/python38/lib/python3.8/site-packages/airflow/example_dags/example_task_group_decorator.py
[2025-09-03T19:56:50.060+0200] {processor.py:743} INFO - Processing file /home/varun/miniconda3/envs/python38/lib/python3.8/site-packages/airflow/example_dags/example_task_group_decorator.py for tasks to queue
[2025-09-03T19:56:50.061+0200] {logging_mixin.py:137} INFO - [2025-09-03T19:56:50.061+0200] {dagbag.py:532} INFO - Filling up the DagBag from /home/varun/miniconda3/envs/python38/lib/python3.8/site-packages/airflow/example_dags/example_task_group_decorator.py
[2025-09-03T19:56:50.213+0200] {processor.py:753} INFO - DAG(s) dict_keys(['example_task_group_decorator']) retrieved from /home/varun/miniconda3/envs/python38/lib/python3.8/site-packages/airflow/example_dags/example_task_group_decorator.py
[2025-09-03T19:56:50.231+0200] {logging_mixin.py:137} INFO - [2025-09-03T19:56:50.231+0200] {dag.py:2705} INFO - Sync 1 DAGs
[2025-09-03T19:56:50.249+0200] {logging_mixin.py:137} INFO - [2025-09-03T19:56:50.249+0200] {dag.py:3452} INFO - Setting next_dagrun for example_task_group_decorator to 2025-09-02T17:56:50.249185+00:00, run_after=2025-09-03T17:56:50.249185+00:00
[2025-09-03T19:56:50.276+0200] {processor.py:175} INFO - Processing /home/varun/miniconda3/envs/python38/lib/python3.8/site-packages/airflow/example_dags/example_task_group_decorator.py took 0.220 seconds
[2025-09-03T19:57:40.030+0200] {processor.py:153} INFO - Started process (PID=3962) to work on /home/varun/miniconda3/envs/python38/lib/python3.8/site-packages/airflow/example_dags/example_task_group_decorator.py
[2025-09-03T19:57:40.032+0200] {processor.py:743} INFO - Processing file /home/varun/miniconda3/envs/python38/lib/python3.8/site-packages/airflow/example_dags/example_task_group_decorator.py for tasks to queue
[2025-09-03T19:57:40.033+0200] {logging_mixin.py:137} INFO - [2025-09-03T19:57:40.033+0200] {dagbag.py:532} INFO - Filling up the DagBag from /home/varun/miniconda3/envs/python38/lib/python3.8/site-packages/airflow/example_dags/example_task_group_decorator.py
[2025-09-03T19:57:40.062+0200] {processor.py:753} INFO - DAG(s) dict_keys(['example_task_group_decorator']) retrieved from /home/varun/miniconda3/envs/python38/lib/python3.8/site-packages/airflow/example_dags/example_task_group_decorator.py
[2025-09-03T19:57:40.086+0200] {logging_mixin.py:137} INFO - [2025-09-03T19:57:40.086+0200] {dag.py:2705} INFO - Sync 1 DAGs
[2025-09-03T19:57:40.104+0200] {logging_mixin.py:137} INFO - [2025-09-03T19:57:40.104+0200] {dag.py:3452} INFO - Setting next_dagrun for example_task_group_decorator to 2025-09-02T17:57:40.104206+00:00, run_after=2025-09-03T17:57:40.104206+00:00
[2025-09-03T19:57:40.133+0200] {processor.py:175} INFO - Processing /home/varun/miniconda3/envs/python38/lib/python3.8/site-packages/airflow/example_dags/example_task_group_decorator.py took 0.107 seconds
[2025-09-03T20:00:46.712+0200] {processor.py:153} INFO - Started process (PID=4030) to work on /home/varun/miniconda3/envs/python38/lib/python3.8/site-packages/airflow/example_dags/example_task_group_decorator.py
[2025-09-03T20:00:46.713+0200] {processor.py:743} INFO - Processing file /home/varun/miniconda3/envs/python38/lib/python3.8/site-packages/airflow/example_dags/example_task_group_decorator.py for tasks to queue
[2025-09-03T20:00:46.714+0200] {logging_mixin.py:137} INFO - [2025-09-03T20:00:46.714+0200] {dagbag.py:532} INFO - Filling up the DagBag from /home/varun/miniconda3/envs/python38/lib/python3.8/site-packages/airflow/example_dags/example_task_group_decorator.py
[2025-09-03T20:00:46.754+0200] {processor.py:753} INFO - DAG(s) dict_keys(['example_task_group_decorator']) retrieved from /home/varun/miniconda3/envs/python38/lib/python3.8/site-packages/airflow/example_dags/example_task_group_decorator.py
[2025-09-03T20:00:46.778+0200] {logging_mixin.py:137} INFO - [2025-09-03T20:00:46.778+0200] {dag.py:2705} INFO - Sync 1 DAGs
[2025-09-03T20:00:46.795+0200] {logging_mixin.py:137} INFO - [2025-09-03T20:00:46.795+0200] {dag.py:3452} INFO - Setting next_dagrun for example_task_group_decorator to 2025-09-02T18:00:46.795574+00:00, run_after=2025-09-03T18:00:46.795574+00:00
[2025-09-03T20:00:46.817+0200] {processor.py:175} INFO - Processing /home/varun/miniconda3/envs/python38/lib/python3.8/site-packages/airflow/example_dags/example_task_group_decorator.py took 0.108 seconds
[2025-09-03T20:01:36.337+0200] {processor.py:153} INFO - Started process (PID=4080) to work on /home/varun/miniconda3/envs/python38/lib/python3.8/site-packages/airflow/example_dags/example_task_group_decorator.py
[2025-09-03T20:01:36.339+0200] {processor.py:743} INFO - Processing file /home/varun/miniconda3/envs/python38/lib/python3.8/site-packages/airflow/example_dags/example_task_group_decorator.py for tasks to queue
[2025-09-03T20:01:36.340+0200] {logging_mixin.py:137} INFO - [2025-09-03T20:01:36.340+0200] {dagbag.py:532} INFO - Filling up the DagBag from /home/varun/miniconda3/envs/python38/lib/python3.8/site-packages/airflow/example_dags/example_task_group_decorator.py
[2025-09-03T20:01:36.363+0200] {processor.py:753} INFO - DAG(s) dict_keys(['example_task_group_decorator']) retrieved from /home/varun/miniconda3/envs/python38/lib/python3.8/site-packages/airflow/example_dags/example_task_group_decorator.py
[2025-09-03T20:01:36.381+0200] {logging_mixin.py:137} INFO - [2025-09-03T20:01:36.381+0200] {dag.py:2705} INFO - Sync 1 DAGs
[2025-09-03T20:01:36.396+0200] {logging_mixin.py:137} INFO - [2025-09-03T20:01:36.396+0200] {dag.py:3452} INFO - Setting next_dagrun for example_task_group_decorator to 2025-09-02T18:01:36.396190+00:00, run_after=2025-09-03T18:01:36.396190+00:00
[2025-09-03T20:01:36.420+0200] {processor.py:175} INFO - Processing /home/varun/miniconda3/envs/python38/lib/python3.8/site-packages/airflow/example_dags/example_task_group_decorator.py took 0.085 seconds
[2025-09-03T20:02:21.631+0200] {processor.py:153} INFO - Started process (PID=4122) to work on /home/varun/miniconda3/envs/python38/lib/python3.8/site-packages/airflow/example_dags/example_task_group_decorator.py
[2025-09-03T20:02:21.632+0200] {processor.py:743} INFO - Processing file /home/varun/miniconda3/envs/python38/lib/python3.8/site-packages/airflow/example_dags/example_task_group_decorator.py for tasks to queue
[2025-09-03T20:02:21.633+0200] {logging_mixin.py:137} INFO - [2025-09-03T20:02:21.633+0200] {dagbag.py:532} INFO - Filling up the DagBag from /home/varun/miniconda3/envs/python38/lib/python3.8/site-packages/airflow/example_dags/example_task_group_decorator.py
[2025-09-03T20:02:21.656+0200] {processor.py:753} INFO - DAG(s) dict_keys(['example_task_group_decorator']) retrieved from /home/varun/miniconda3/envs/python38/lib/python3.8/site-packages/airflow/example_dags/example_task_group_decorator.py
[2025-09-03T20:02:21.676+0200] {logging_mixin.py:137} INFO - [2025-09-03T20:02:21.675+0200] {dag.py:2705} INFO - Sync 1 DAGs
[2025-09-03T20:02:21.693+0200] {logging_mixin.py:137} INFO - [2025-09-03T20:02:21.693+0200] {dag.py:3452} INFO - Setting next_dagrun for example_task_group_decorator to 2025-09-02T18:02:21.692968+00:00, run_after=2025-09-03T18:02:21.692968+00:00
[2025-09-03T20:02:21.718+0200] {processor.py:175} INFO - Processing /home/varun/miniconda3/envs/python38/lib/python3.8/site-packages/airflow/example_dags/example_task_group_decorator.py took 0.090 seconds
[2025-09-03T20:03:08.385+0200] {processor.py:153} INFO - Started process (PID=4164) to work on /home/varun/miniconda3/envs/python38/lib/python3.8/site-packages/airflow/example_dags/example_task_group_decorator.py
[2025-09-03T20:03:08.386+0200] {processor.py:743} INFO - Processing file /home/varun/miniconda3/envs/python38/lib/python3.8/site-packages/airflow/example_dags/example_task_group_decorator.py for tasks to queue
[2025-09-03T20:03:08.387+0200] {logging_mixin.py:137} INFO - [2025-09-03T20:03:08.387+0200] {dagbag.py:532} INFO - Filling up the DagBag from /home/varun/miniconda3/envs/python38/lib/python3.8/site-packages/airflow/example_dags/example_task_group_decorator.py
[2025-09-03T20:03:08.421+0200] {processor.py:753} INFO - DAG(s) dict_keys(['example_task_group_decorator']) retrieved from /home/varun/miniconda3/envs/python38/lib/python3.8/site-packages/airflow/example_dags/example_task_group_decorator.py
[2025-09-03T20:03:08.448+0200] {logging_mixin.py:137} INFO - [2025-09-03T20:03:08.448+0200] {dag.py:2705} INFO - Sync 1 DAGs
[2025-09-03T20:03:08.470+0200] {logging_mixin.py:137} INFO - [2025-09-03T20:03:08.470+0200] {dag.py:3452} INFO - Setting next_dagrun for example_task_group_decorator to 2025-09-02T18:03:08.469809+00:00, run_after=2025-09-03T18:03:08.469809+00:00
[2025-09-03T20:03:08.504+0200] {processor.py:175} INFO - Processing /home/varun/miniconda3/envs/python38/lib/python3.8/site-packages/airflow/example_dags/example_task_group_decorator.py took 0.124 seconds
[2025-09-03T20:03:59.461+0200] {processor.py:153} INFO - Started process (PID=4206) to work on /home/varun/miniconda3/envs/python38/lib/python3.8/site-packages/airflow/example_dags/example_task_group_decorator.py
[2025-09-03T20:03:59.463+0200] {processor.py:743} INFO - Processing file /home/varun/miniconda3/envs/python38/lib/python3.8/site-packages/airflow/example_dags/example_task_group_decorator.py for tasks to queue
[2025-09-03T20:03:59.463+0200] {logging_mixin.py:137} INFO - [2025-09-03T20:03:59.463+0200] {dagbag.py:532} INFO - Filling up the DagBag from /home/varun/miniconda3/envs/python38/lib/python3.8/site-packages/airflow/example_dags/example_task_group_decorator.py
[2025-09-03T20:03:59.490+0200] {processor.py:753} INFO - DAG(s) dict_keys(['example_task_group_decorator']) retrieved from /home/varun/miniconda3/envs/python38/lib/python3.8/site-packages/airflow/example_dags/example_task_group_decorator.py
[2025-09-03T20:03:59.512+0200] {logging_mixin.py:137} INFO - [2025-09-03T20:03:59.512+0200] {dag.py:2705} INFO - Sync 1 DAGs
[2025-09-03T20:03:59.532+0200] {logging_mixin.py:137} INFO - [2025-09-03T20:03:59.532+0200] {dag.py:3452} INFO - Setting next_dagrun for example_task_group_decorator to 2025-09-02T18:03:59.531687+00:00, run_after=2025-09-03T18:03:59.531687+00:00
[2025-09-03T20:03:59.556+0200] {processor.py:175} INFO - Processing /home/varun/miniconda3/envs/python38/lib/python3.8/site-packages/airflow/example_dags/example_task_group_decorator.py took 0.098 seconds
[2025-09-03T20:04:48.365+0200] {processor.py:153} INFO - Started process (PID=4250) to work on /home/varun/miniconda3/envs/python38/lib/python3.8/site-packages/airflow/example_dags/example_task_group_decorator.py
[2025-09-03T20:04:48.366+0200] {processor.py:743} INFO - Processing file /home/varun/miniconda3/envs/python38/lib/python3.8/site-packages/airflow/example_dags/example_task_group_decorator.py for tasks to queue
[2025-09-03T20:04:48.367+0200] {logging_mixin.py:137} INFO - [2025-09-03T20:04:48.367+0200] {dagbag.py:532} INFO - Filling up the DagBag from /home/varun/miniconda3/envs/python38/lib/python3.8/site-packages/airflow/example_dags/example_task_group_decorator.py
[2025-09-03T20:04:48.390+0200] {processor.py:753} INFO - DAG(s) dict_keys(['example_task_group_decorator']) retrieved from /home/varun/miniconda3/envs/python38/lib/python3.8/site-packages/airflow/example_dags/example_task_group_decorator.py
[2025-09-03T20:04:48.473+0200] {logging_mixin.py:137} INFO - [2025-09-03T20:04:48.473+0200] {manager.py:504} INFO - Created Permission View: can delete on DAG:example_task_group_decorator
[2025-09-03T20:04:48.484+0200] {logging_mixin.py:137} INFO - [2025-09-03T20:04:48.484+0200] {manager.py:504} INFO - Created Permission View: can read on DAG:example_task_group_decorator
[2025-09-03T20:04:48.493+0200] {logging_mixin.py:137} INFO - [2025-09-03T20:04:48.493+0200] {manager.py:504} INFO - Created Permission View: can edit on DAG:example_task_group_decorator
[2025-09-03T20:04:48.493+0200] {logging_mixin.py:137} INFO - [2025-09-03T20:04:48.493+0200] {dag.py:2705} INFO - Sync 1 DAGs
[2025-09-03T20:04:48.501+0200] {logging_mixin.py:137} INFO - [2025-09-03T20:04:48.501+0200] {dag.py:2726} INFO - Creating ORM DAG for example_task_group_decorator
[2025-09-03T20:04:48.509+0200] {logging_mixin.py:137} INFO - [2025-09-03T20:04:48.508+0200] {dag.py:3452} INFO - Setting next_dagrun for example_task_group_decorator to 2025-09-02T18:04:48.508631+00:00, run_after=2025-09-03T18:04:48.508631+00:00
[2025-09-03T20:04:48.529+0200] {processor.py:175} INFO - Processing /home/varun/miniconda3/envs/python38/lib/python3.8/site-packages/airflow/example_dags/example_task_group_decorator.py took 0.167 seconds
[2025-09-03T20:05:47.442+0200] {processor.py:153} INFO - Started process (PID=4309) to work on /home/varun/miniconda3/envs/python38/lib/python3.8/site-packages/airflow/example_dags/example_task_group_decorator.py
[2025-09-03T20:05:47.443+0200] {processor.py:743} INFO - Processing file /home/varun/miniconda3/envs/python38/lib/python3.8/site-packages/airflow/example_dags/example_task_group_decorator.py for tasks to queue
[2025-09-03T20:05:47.444+0200] {logging_mixin.py:137} INFO - [2025-09-03T20:05:47.444+0200] {dagbag.py:532} INFO - Filling up the DagBag from /home/varun/miniconda3/envs/python38/lib/python3.8/site-packages/airflow/example_dags/example_task_group_decorator.py
[2025-09-03T20:05:47.469+0200] {processor.py:753} INFO - DAG(s) dict_keys(['example_task_group_decorator']) retrieved from /home/varun/miniconda3/envs/python38/lib/python3.8/site-packages/airflow/example_dags/example_task_group_decorator.py
[2025-09-03T20:05:47.490+0200] {logging_mixin.py:137} INFO - [2025-09-03T20:05:47.490+0200] {dag.py:2705} INFO - Sync 1 DAGs
[2025-09-03T20:05:47.508+0200] {logging_mixin.py:137} INFO - [2025-09-03T20:05:47.508+0200] {dag.py:3452} INFO - Setting next_dagrun for example_task_group_decorator to 2025-09-02T18:05:47.508163+00:00, run_after=2025-09-03T18:05:47.508163+00:00
[2025-09-03T20:05:47.535+0200] {processor.py:175} INFO - Processing /home/varun/miniconda3/envs/python38/lib/python3.8/site-packages/airflow/example_dags/example_task_group_decorator.py took 0.097 seconds
[2025-09-03T20:06:35.148+0200] {processor.py:153} INFO - Started process (PID=4351) to work on /home/varun/miniconda3/envs/python38/lib/python3.8/site-packages/airflow/example_dags/example_task_group_decorator.py
[2025-09-03T20:06:35.150+0200] {processor.py:743} INFO - Processing file /home/varun/miniconda3/envs/python38/lib/python3.8/site-packages/airflow/example_dags/example_task_group_decorator.py for tasks to queue
[2025-09-03T20:06:35.150+0200] {logging_mixin.py:137} INFO - [2025-09-03T20:06:35.150+0200] {dagbag.py:532} INFO - Filling up the DagBag from /home/varun/miniconda3/envs/python38/lib/python3.8/site-packages/airflow/example_dags/example_task_group_decorator.py
[2025-09-03T20:06:35.178+0200] {processor.py:753} INFO - DAG(s) dict_keys(['example_task_group_decorator']) retrieved from /home/varun/miniconda3/envs/python38/lib/python3.8/site-packages/airflow/example_dags/example_task_group_decorator.py
[2025-09-03T20:06:35.200+0200] {logging_mixin.py:137} INFO - [2025-09-03T20:06:35.200+0200] {dag.py:2705} INFO - Sync 1 DAGs
[2025-09-03T20:06:35.218+0200] {logging_mixin.py:137} INFO - [2025-09-03T20:06:35.218+0200] {dag.py:3452} INFO - Setting next_dagrun for example_task_group_decorator to 2025-09-02T18:06:35.218022+00:00, run_after=2025-09-03T18:06:35.218022+00:00
[2025-09-03T20:06:35.241+0200] {processor.py:175} INFO - Processing /home/varun/miniconda3/envs/python38/lib/python3.8/site-packages/airflow/example_dags/example_task_group_decorator.py took 0.097 seconds
[2025-09-03T20:07:20.771+0200] {processor.py:153} INFO - Started process (PID=4413) to work on /home/varun/miniconda3/envs/python38/lib/python3.8/site-packages/airflow/example_dags/example_task_group_decorator.py
[2025-09-03T20:07:20.772+0200] {processor.py:743} INFO - Processing file /home/varun/miniconda3/envs/python38/lib/python3.8/site-packages/airflow/example_dags/example_task_group_decorator.py for tasks to queue
[2025-09-03T20:07:20.773+0200] {logging_mixin.py:137} INFO - [2025-09-03T20:07:20.773+0200] {dagbag.py:532} INFO - Filling up the DagBag from /home/varun/miniconda3/envs/python38/lib/python3.8/site-packages/airflow/example_dags/example_task_group_decorator.py
[2025-09-03T20:07:20.817+0200] {processor.py:753} INFO - DAG(s) dict_keys(['example_task_group_decorator']) retrieved from /home/varun/miniconda3/envs/python38/lib/python3.8/site-packages/airflow/example_dags/example_task_group_decorator.py
[2025-09-03T20:07:20.856+0200] {logging_mixin.py:137} INFO - [2025-09-03T20:07:20.855+0200] {dag.py:2705} INFO - Sync 1 DAGs
[2025-09-03T20:07:20.885+0200] {logging_mixin.py:137} INFO - [2025-09-03T20:07:20.884+0200] {dag.py:3452} INFO - Setting next_dagrun for example_task_group_decorator to 2025-09-02T18:07:20.884632+00:00, run_after=2025-09-03T18:07:20.884632+00:00
[2025-09-03T20:07:20.916+0200] {processor.py:175} INFO - Processing /home/varun/miniconda3/envs/python38/lib/python3.8/site-packages/airflow/example_dags/example_task_group_decorator.py took 0.149 seconds
[2025-09-03T20:08:10.837+0200] {processor.py:153} INFO - Started process (PID=4461) to work on /home/varun/miniconda3/envs/python38/lib/python3.8/site-packages/airflow/example_dags/example_task_group_decorator.py
[2025-09-03T20:08:10.839+0200] {processor.py:743} INFO - Processing file /home/varun/miniconda3/envs/python38/lib/python3.8/site-packages/airflow/example_dags/example_task_group_decorator.py for tasks to queue
[2025-09-03T20:08:10.840+0200] {logging_mixin.py:137} INFO - [2025-09-03T20:08:10.840+0200] {dagbag.py:532} INFO - Filling up the DagBag from /home/varun/miniconda3/envs/python38/lib/python3.8/site-packages/airflow/example_dags/example_task_group_decorator.py
[2025-09-03T20:08:10.867+0200] {processor.py:753} INFO - DAG(s) dict_keys(['example_task_group_decorator']) retrieved from /home/varun/miniconda3/envs/python38/lib/python3.8/site-packages/airflow/example_dags/example_task_group_decorator.py
[2025-09-03T20:08:10.893+0200] {logging_mixin.py:137} INFO - [2025-09-03T20:08:10.893+0200] {dag.py:2705} INFO - Sync 1 DAGs
[2025-09-03T20:08:10.913+0200] {logging_mixin.py:137} INFO - [2025-09-03T20:08:10.913+0200] {dag.py:3452} INFO - Setting next_dagrun for example_task_group_decorator to 2025-09-02T18:08:10.912693+00:00, run_after=2025-09-03T18:08:10.912693+00:00
[2025-09-03T20:08:10.935+0200] {processor.py:175} INFO - Processing /home/varun/miniconda3/envs/python38/lib/python3.8/site-packages/airflow/example_dags/example_task_group_decorator.py took 0.103 seconds
[2025-09-03T20:09:27.149+0200] {processor.py:153} INFO - Started process (PID=4520) to work on /home/varun/miniconda3/envs/python38/lib/python3.8/site-packages/airflow/example_dags/example_task_group_decorator.py
[2025-09-03T20:09:27.151+0200] {processor.py:743} INFO - Processing file /home/varun/miniconda3/envs/python38/lib/python3.8/site-packages/airflow/example_dags/example_task_group_decorator.py for tasks to queue
[2025-09-03T20:09:27.153+0200] {logging_mixin.py:137} INFO - [2025-09-03T20:09:27.152+0200] {dagbag.py:532} INFO - Filling up the DagBag from /home/varun/miniconda3/envs/python38/lib/python3.8/site-packages/airflow/example_dags/example_task_group_decorator.py
[2025-09-03T20:09:27.199+0200] {processor.py:753} INFO - DAG(s) dict_keys(['example_task_group_decorator']) retrieved from /home/varun/miniconda3/envs/python38/lib/python3.8/site-packages/airflow/example_dags/example_task_group_decorator.py
[2025-09-03T20:09:27.234+0200] {logging_mixin.py:137} INFO - [2025-09-03T20:09:27.234+0200] {dag.py:2705} INFO - Sync 1 DAGs
[2025-09-03T20:09:27.265+0200] {logging_mixin.py:137} INFO - [2025-09-03T20:09:27.264+0200] {dag.py:3452} INFO - Setting next_dagrun for example_task_group_decorator to 2025-09-02T18:09:27.264448+00:00, run_after=2025-09-03T18:09:27.264448+00:00
[2025-09-03T20:09:27.298+0200] {processor.py:175} INFO - Processing /home/varun/miniconda3/envs/python38/lib/python3.8/site-packages/airflow/example_dags/example_task_group_decorator.py took 0.155 seconds
[2025-09-03T20:10:14.853+0200] {processor.py:153} INFO - Started process (PID=4562) to work on /home/varun/miniconda3/envs/python38/lib/python3.8/site-packages/airflow/example_dags/example_task_group_decorator.py
[2025-09-03T20:10:14.854+0200] {processor.py:743} INFO - Processing file /home/varun/miniconda3/envs/python38/lib/python3.8/site-packages/airflow/example_dags/example_task_group_decorator.py for tasks to queue
[2025-09-03T20:10:14.855+0200] {logging_mixin.py:137} INFO - [2025-09-03T20:10:14.855+0200] {dagbag.py:532} INFO - Filling up the DagBag from /home/varun/miniconda3/envs/python38/lib/python3.8/site-packages/airflow/example_dags/example_task_group_decorator.py
[2025-09-03T20:10:14.882+0200] {processor.py:753} INFO - DAG(s) dict_keys(['example_task_group_decorator']) retrieved from /home/varun/miniconda3/envs/python38/lib/python3.8/site-packages/airflow/example_dags/example_task_group_decorator.py
[2025-09-03T20:10:14.906+0200] {logging_mixin.py:137} INFO - [2025-09-03T20:10:14.906+0200] {dag.py:2705} INFO - Sync 1 DAGs
[2025-09-03T20:10:14.924+0200] {logging_mixin.py:137} INFO - [2025-09-03T20:10:14.924+0200] {dag.py:3452} INFO - Setting next_dagrun for example_task_group_decorator to 2025-09-02T18:10:14.923769+00:00, run_after=2025-09-03T18:10:14.923769+00:00
[2025-09-03T20:10:14.948+0200] {processor.py:175} INFO - Processing /home/varun/miniconda3/envs/python38/lib/python3.8/site-packages/airflow/example_dags/example_task_group_decorator.py took 0.098 seconds
[2025-09-03T20:10:59.822+0200] {processor.py:153} INFO - Started process (PID=4604) to work on /home/varun/miniconda3/envs/python38/lib/python3.8/site-packages/airflow/example_dags/example_task_group_decorator.py
[2025-09-03T20:10:59.823+0200] {processor.py:743} INFO - Processing file /home/varun/miniconda3/envs/python38/lib/python3.8/site-packages/airflow/example_dags/example_task_group_decorator.py for tasks to queue
[2025-09-03T20:10:59.824+0200] {logging_mixin.py:137} INFO - [2025-09-03T20:10:59.824+0200] {dagbag.py:532} INFO - Filling up the DagBag from /home/varun/miniconda3/envs/python38/lib/python3.8/site-packages/airflow/example_dags/example_task_group_decorator.py
[2025-09-03T20:10:59.849+0200] {processor.py:753} INFO - DAG(s) dict_keys(['example_task_group_decorator']) retrieved from /home/varun/miniconda3/envs/python38/lib/python3.8/site-packages/airflow/example_dags/example_task_group_decorator.py
[2025-09-03T20:10:59.868+0200] {logging_mixin.py:137} INFO - [2025-09-03T20:10:59.867+0200] {dag.py:2705} INFO - Sync 1 DAGs
[2025-09-03T20:10:59.884+0200] {logging_mixin.py:137} INFO - [2025-09-03T20:10:59.884+0200] {dag.py:3452} INFO - Setting next_dagrun for example_task_group_decorator to 2025-09-02T18:10:59.884444+00:00, run_after=2025-09-03T18:10:59.884444+00:00
[2025-09-03T20:10:59.909+0200] {processor.py:175} INFO - Processing /home/varun/miniconda3/envs/python38/lib/python3.8/site-packages/airflow/example_dags/example_task_group_decorator.py took 0.091 seconds
[2025-09-03T20:11:48.426+0200] {processor.py:153} INFO - Started process (PID=4646) to work on /home/varun/miniconda3/envs/python38/lib/python3.8/site-packages/airflow/example_dags/example_task_group_decorator.py
[2025-09-03T20:11:48.427+0200] {processor.py:743} INFO - Processing file /home/varun/miniconda3/envs/python38/lib/python3.8/site-packages/airflow/example_dags/example_task_group_decorator.py for tasks to queue
[2025-09-03T20:11:48.428+0200] {logging_mixin.py:137} INFO - [2025-09-03T20:11:48.428+0200] {dagbag.py:532} INFO - Filling up the DagBag from /home/varun/miniconda3/envs/python38/lib/python3.8/site-packages/airflow/example_dags/example_task_group_decorator.py
[2025-09-03T20:11:48.455+0200] {processor.py:753} INFO - DAG(s) dict_keys(['example_task_group_decorator']) retrieved from /home/varun/miniconda3/envs/python38/lib/python3.8/site-packages/airflow/example_dags/example_task_group_decorator.py
[2025-09-03T20:11:48.479+0200] {logging_mixin.py:137} INFO - [2025-09-03T20:11:48.479+0200] {dag.py:2705} INFO - Sync 1 DAGs
[2025-09-03T20:11:48.500+0200] {logging_mixin.py:137} INFO - [2025-09-03T20:11:48.500+0200] {dag.py:3452} INFO - Setting next_dagrun for example_task_group_decorator to 2025-09-02T18:11:48.499641+00:00, run_after=2025-09-03T18:11:48.499641+00:00
[2025-09-03T20:11:48.523+0200] {processor.py:175} INFO - Processing /home/varun/miniconda3/envs/python38/lib/python3.8/site-packages/airflow/example_dags/example_task_group_decorator.py took 0.101 seconds
[2025-09-03T20:12:34.570+0200] {processor.py:153} INFO - Started process (PID=4688) to work on /home/varun/miniconda3/envs/python38/lib/python3.8/site-packages/airflow/example_dags/example_task_group_decorator.py
[2025-09-03T20:12:34.572+0200] {processor.py:743} INFO - Processing file /home/varun/miniconda3/envs/python38/lib/python3.8/site-packages/airflow/example_dags/example_task_group_decorator.py for tasks to queue
[2025-09-03T20:12:34.573+0200] {logging_mixin.py:137} INFO - [2025-09-03T20:12:34.572+0200] {dagbag.py:532} INFO - Filling up the DagBag from /home/varun/miniconda3/envs/python38/lib/python3.8/site-packages/airflow/example_dags/example_task_group_decorator.py
[2025-09-03T20:12:34.595+0200] {processor.py:753} INFO - DAG(s) dict_keys(['example_task_group_decorator']) retrieved from /home/varun/miniconda3/envs/python38/lib/python3.8/site-packages/airflow/example_dags/example_task_group_decorator.py
[2025-09-03T20:12:34.617+0200] {logging_mixin.py:137} INFO - [2025-09-03T20:12:34.617+0200] {dag.py:2705} INFO - Sync 1 DAGs
[2025-09-03T20:12:34.634+0200] {logging_mixin.py:137} INFO - [2025-09-03T20:12:34.634+0200] {dag.py:3452} INFO - Setting next_dagrun for example_task_group_decorator to 2025-09-02T18:12:34.633964+00:00, run_after=2025-09-03T18:12:34.633964+00:00
[2025-09-03T20:12:34.662+0200] {processor.py:175} INFO - Processing /home/varun/miniconda3/envs/python38/lib/python3.8/site-packages/airflow/example_dags/example_task_group_decorator.py took 0.094 seconds
[2025-09-03T20:13:20.813+0200] {processor.py:153} INFO - Started process (PID=4731) to work on /home/varun/miniconda3/envs/python38/lib/python3.8/site-packages/airflow/example_dags/example_task_group_decorator.py
[2025-09-03T20:13:20.815+0200] {processor.py:743} INFO - Processing file /home/varun/miniconda3/envs/python38/lib/python3.8/site-packages/airflow/example_dags/example_task_group_decorator.py for tasks to queue
[2025-09-03T20:13:20.816+0200] {logging_mixin.py:137} INFO - [2025-09-03T20:13:20.815+0200] {dagbag.py:532} INFO - Filling up the DagBag from /home/varun/miniconda3/envs/python38/lib/python3.8/site-packages/airflow/example_dags/example_task_group_decorator.py
[2025-09-03T20:13:20.846+0200] {processor.py:753} INFO - DAG(s) dict_keys(['example_task_group_decorator']) retrieved from /home/varun/miniconda3/envs/python38/lib/python3.8/site-packages/airflow/example_dags/example_task_group_decorator.py
[2025-09-03T20:13:20.873+0200] {logging_mixin.py:137} INFO - [2025-09-03T20:13:20.872+0200] {dag.py:2705} INFO - Sync 1 DAGs
[2025-09-03T20:13:20.895+0200] {logging_mixin.py:137} INFO - [2025-09-03T20:13:20.895+0200] {dag.py:3452} INFO - Setting next_dagrun for example_task_group_decorator to 2025-09-02T18:13:20.894373+00:00, run_after=2025-09-03T18:13:20.894373+00:00
[2025-09-03T20:13:20.928+0200] {processor.py:175} INFO - Processing /home/varun/miniconda3/envs/python38/lib/python3.8/site-packages/airflow/example_dags/example_task_group_decorator.py took 0.119 seconds
[2025-09-03T20:14:09.302+0200] {processor.py:153} INFO - Started process (PID=4773) to work on /home/varun/miniconda3/envs/python38/lib/python3.8/site-packages/airflow/example_dags/example_task_group_decorator.py
[2025-09-03T20:14:09.304+0200] {processor.py:743} INFO - Processing file /home/varun/miniconda3/envs/python38/lib/python3.8/site-packages/airflow/example_dags/example_task_group_decorator.py for tasks to queue
[2025-09-03T20:14:09.305+0200] {logging_mixin.py:137} INFO - [2025-09-03T20:14:09.305+0200] {dagbag.py:532} INFO - Filling up the DagBag from /home/varun/miniconda3/envs/python38/lib/python3.8/site-packages/airflow/example_dags/example_task_group_decorator.py
[2025-09-03T20:14:09.327+0200] {processor.py:753} INFO - DAG(s) dict_keys(['example_task_group_decorator']) retrieved from /home/varun/miniconda3/envs/python38/lib/python3.8/site-packages/airflow/example_dags/example_task_group_decorator.py
[2025-09-03T20:14:09.345+0200] {logging_mixin.py:137} INFO - [2025-09-03T20:14:09.345+0200] {dag.py:2705} INFO - Sync 1 DAGs
[2025-09-03T20:14:09.359+0200] {logging_mixin.py:137} INFO - [2025-09-03T20:14:09.359+0200] {dag.py:3452} INFO - Setting next_dagrun for example_task_group_decorator to 2025-09-02T18:14:09.359377+00:00, run_after=2025-09-03T18:14:09.359377+00:00
[2025-09-03T20:14:09.382+0200] {processor.py:175} INFO - Processing /home/varun/miniconda3/envs/python38/lib/python3.8/site-packages/airflow/example_dags/example_task_group_decorator.py took 0.082 seconds
[2025-09-03T20:14:50.751+0200] {processor.py:153} INFO - Started process (PID=4815) to work on /home/varun/miniconda3/envs/python38/lib/python3.8/site-packages/airflow/example_dags/example_task_group_decorator.py
[2025-09-03T20:14:50.752+0200] {processor.py:743} INFO - Processing file /home/varun/miniconda3/envs/python38/lib/python3.8/site-packages/airflow/example_dags/example_task_group_decorator.py for tasks to queue
[2025-09-03T20:14:50.752+0200] {logging_mixin.py:137} INFO - [2025-09-03T20:14:50.752+0200] {dagbag.py:532} INFO - Filling up the DagBag from /home/varun/miniconda3/envs/python38/lib/python3.8/site-packages/airflow/example_dags/example_task_group_decorator.py
[2025-09-03T20:14:50.775+0200] {processor.py:753} INFO - DAG(s) dict_keys(['example_task_group_decorator']) retrieved from /home/varun/miniconda3/envs/python38/lib/python3.8/site-packages/airflow/example_dags/example_task_group_decorator.py
[2025-09-03T20:14:50.793+0200] {logging_mixin.py:137} INFO - [2025-09-03T20:14:50.793+0200] {dag.py:2705} INFO - Sync 1 DAGs
[2025-09-03T20:14:50.810+0200] {logging_mixin.py:137} INFO - [2025-09-03T20:14:50.810+0200] {dag.py:3452} INFO - Setting next_dagrun for example_task_group_decorator to 2025-09-02T18:14:50.809728+00:00, run_after=2025-09-03T18:14:50.809728+00:00
[2025-09-03T20:14:50.831+0200] {processor.py:175} INFO - Processing /home/varun/miniconda3/envs/python38/lib/python3.8/site-packages/airflow/example_dags/example_task_group_decorator.py took 0.084 seconds
[2025-09-03T20:15:36.702+0200] {processor.py:153} INFO - Started process (PID=4857) to work on /home/varun/miniconda3/envs/python38/lib/python3.8/site-packages/airflow/example_dags/example_task_group_decorator.py
[2025-09-03T20:15:36.704+0200] {processor.py:743} INFO - Processing file /home/varun/miniconda3/envs/python38/lib/python3.8/site-packages/airflow/example_dags/example_task_group_decorator.py for tasks to queue
[2025-09-03T20:15:36.705+0200] {logging_mixin.py:137} INFO - [2025-09-03T20:15:36.704+0200] {dagbag.py:532} INFO - Filling up the DagBag from /home/varun/miniconda3/envs/python38/lib/python3.8/site-packages/airflow/example_dags/example_task_group_decorator.py
[2025-09-03T20:15:36.731+0200] {processor.py:753} INFO - DAG(s) dict_keys(['example_task_group_decorator']) retrieved from /home/varun/miniconda3/envs/python38/lib/python3.8/site-packages/airflow/example_dags/example_task_group_decorator.py
[2025-09-03T20:15:36.753+0200] {logging_mixin.py:137} INFO - [2025-09-03T20:15:36.753+0200] {dag.py:2705} INFO - Sync 1 DAGs
[2025-09-03T20:15:36.773+0200] {logging_mixin.py:137} INFO - [2025-09-03T20:15:36.773+0200] {dag.py:3452} INFO - Setting next_dagrun for example_task_group_decorator to 2025-09-02T18:15:36.773381+00:00, run_after=2025-09-03T18:15:36.773381+00:00
[2025-09-03T20:15:36.799+0200] {processor.py:175} INFO - Processing /home/varun/miniconda3/envs/python38/lib/python3.8/site-packages/airflow/example_dags/example_task_group_decorator.py took 0.100 seconds
[2025-09-03T20:16:21.791+0200] {processor.py:153} INFO - Started process (PID=4899) to work on /home/varun/miniconda3/envs/python38/lib/python3.8/site-packages/airflow/example_dags/example_task_group_decorator.py
[2025-09-03T20:16:21.793+0200] {processor.py:743} INFO - Processing file /home/varun/miniconda3/envs/python38/lib/python3.8/site-packages/airflow/example_dags/example_task_group_decorator.py for tasks to queue
[2025-09-03T20:16:21.793+0200] {logging_mixin.py:137} INFO - [2025-09-03T20:16:21.793+0200] {dagbag.py:532} INFO - Filling up the DagBag from /home/varun/miniconda3/envs/python38/lib/python3.8/site-packages/airflow/example_dags/example_task_group_decorator.py
[2025-09-03T20:16:21.815+0200] {processor.py:753} INFO - DAG(s) dict_keys(['example_task_group_decorator']) retrieved from /home/varun/miniconda3/envs/python38/lib/python3.8/site-packages/airflow/example_dags/example_task_group_decorator.py
[2025-09-03T20:16:21.833+0200] {logging_mixin.py:137} INFO - [2025-09-03T20:16:21.833+0200] {dag.py:2705} INFO - Sync 1 DAGs
[2025-09-03T20:16:21.848+0200] {logging_mixin.py:137} INFO - [2025-09-03T20:16:21.848+0200] {dag.py:3452} INFO - Setting next_dagrun for example_task_group_decorator to 2025-09-02T18:16:21.848285+00:00, run_after=2025-09-03T18:16:21.848285+00:00
[2025-09-03T20:16:21.871+0200] {processor.py:175} INFO - Processing /home/varun/miniconda3/envs/python38/lib/python3.8/site-packages/airflow/example_dags/example_task_group_decorator.py took 0.083 seconds
[2025-09-03T20:17:09.133+0200] {processor.py:153} INFO - Started process (PID=4944) to work on /home/varun/miniconda3/envs/python38/lib/python3.8/site-packages/airflow/example_dags/example_task_group_decorator.py
[2025-09-03T20:17:09.135+0200] {processor.py:743} INFO - Processing file /home/varun/miniconda3/envs/python38/lib/python3.8/site-packages/airflow/example_dags/example_task_group_decorator.py for tasks to queue
[2025-09-03T20:17:09.136+0200] {logging_mixin.py:137} INFO - [2025-09-03T20:17:09.136+0200] {dagbag.py:532} INFO - Filling up the DagBag from /home/varun/miniconda3/envs/python38/lib/python3.8/site-packages/airflow/example_dags/example_task_group_decorator.py
[2025-09-03T20:17:09.170+0200] {processor.py:753} INFO - DAG(s) dict_keys(['example_task_group_decorator']) retrieved from /home/varun/miniconda3/envs/python38/lib/python3.8/site-packages/airflow/example_dags/example_task_group_decorator.py
[2025-09-03T20:17:09.192+0200] {logging_mixin.py:137} INFO - [2025-09-03T20:17:09.192+0200] {dag.py:2705} INFO - Sync 1 DAGs
[2025-09-03T20:17:09.211+0200] {logging_mixin.py:137} INFO - [2025-09-03T20:17:09.211+0200] {dag.py:3452} INFO - Setting next_dagrun for example_task_group_decorator to 2025-09-02T18:17:09.211447+00:00, run_after=2025-09-03T18:17:09.211447+00:00
[2025-09-03T20:17:09.247+0200] {processor.py:175} INFO - Processing /home/varun/miniconda3/envs/python38/lib/python3.8/site-packages/airflow/example_dags/example_task_group_decorator.py took 0.118 seconds
[2025-09-03T20:17:55.120+0200] {processor.py:153} INFO - Started process (PID=4986) to work on /home/varun/miniconda3/envs/python38/lib/python3.8/site-packages/airflow/example_dags/example_task_group_decorator.py
[2025-09-03T20:17:55.122+0200] {processor.py:743} INFO - Processing file /home/varun/miniconda3/envs/python38/lib/python3.8/site-packages/airflow/example_dags/example_task_group_decorator.py for tasks to queue
[2025-09-03T20:17:55.122+0200] {logging_mixin.py:137} INFO - [2025-09-03T20:17:55.122+0200] {dagbag.py:532} INFO - Filling up the DagBag from /home/varun/miniconda3/envs/python38/lib/python3.8/site-packages/airflow/example_dags/example_task_group_decorator.py
[2025-09-03T20:17:55.147+0200] {processor.py:753} INFO - DAG(s) dict_keys(['example_task_group_decorator']) retrieved from /home/varun/miniconda3/envs/python38/lib/python3.8/site-packages/airflow/example_dags/example_task_group_decorator.py
[2025-09-03T20:17:55.166+0200] {logging_mixin.py:137} INFO - [2025-09-03T20:17:55.165+0200] {dag.py:2705} INFO - Sync 1 DAGs
[2025-09-03T20:17:55.180+0200] {logging_mixin.py:137} INFO - [2025-09-03T20:17:55.179+0200] {dag.py:3452} INFO - Setting next_dagrun for example_task_group_decorator to 2025-09-02T18:17:55.179688+00:00, run_after=2025-09-03T18:17:55.179688+00:00
[2025-09-03T20:17:55.200+0200] {processor.py:175} INFO - Processing /home/varun/miniconda3/envs/python38/lib/python3.8/site-packages/airflow/example_dags/example_task_group_decorator.py took 0.084 seconds
[2025-09-03T20:18:38.900+0200] {processor.py:153} INFO - Started process (PID=5029) to work on /home/varun/miniconda3/envs/python38/lib/python3.8/site-packages/airflow/example_dags/example_task_group_decorator.py
[2025-09-03T20:18:38.902+0200] {processor.py:743} INFO - Processing file /home/varun/miniconda3/envs/python38/lib/python3.8/site-packages/airflow/example_dags/example_task_group_decorator.py for tasks to queue
[2025-09-03T20:18:38.903+0200] {logging_mixin.py:137} INFO - [2025-09-03T20:18:38.903+0200] {dagbag.py:532} INFO - Filling up the DagBag from /home/varun/miniconda3/envs/python38/lib/python3.8/site-packages/airflow/example_dags/example_task_group_decorator.py
[2025-09-03T20:18:38.926+0200] {processor.py:753} INFO - DAG(s) dict_keys(['example_task_group_decorator']) retrieved from /home/varun/miniconda3/envs/python38/lib/python3.8/site-packages/airflow/example_dags/example_task_group_decorator.py
[2025-09-03T20:18:38.948+0200] {logging_mixin.py:137} INFO - [2025-09-03T20:18:38.948+0200] {dag.py:2705} INFO - Sync 1 DAGs
[2025-09-03T20:18:38.966+0200] {logging_mixin.py:137} INFO - [2025-09-03T20:18:38.965+0200] {dag.py:3452} INFO - Setting next_dagrun for example_task_group_decorator to 2025-09-02T18:18:38.965661+00:00, run_after=2025-09-03T18:18:38.965661+00:00
[2025-09-03T20:18:39.116+0200] {processor.py:175} INFO - Processing /home/varun/miniconda3/envs/python38/lib/python3.8/site-packages/airflow/example_dags/example_task_group_decorator.py took 0.220 seconds
[2025-09-03T20:19:31.378+0200] {processor.py:153} INFO - Started process (PID=5071) to work on /home/varun/miniconda3/envs/python38/lib/python3.8/site-packages/airflow/example_dags/example_task_group_decorator.py
[2025-09-03T20:19:31.379+0200] {processor.py:743} INFO - Processing file /home/varun/miniconda3/envs/python38/lib/python3.8/site-packages/airflow/example_dags/example_task_group_decorator.py for tasks to queue
[2025-09-03T20:19:31.380+0200] {logging_mixin.py:137} INFO - [2025-09-03T20:19:31.380+0200] {dagbag.py:532} INFO - Filling up the DagBag from /home/varun/miniconda3/envs/python38/lib/python3.8/site-packages/airflow/example_dags/example_task_group_decorator.py
[2025-09-03T20:19:31.401+0200] {processor.py:753} INFO - DAG(s) dict_keys(['example_task_group_decorator']) retrieved from /home/varun/miniconda3/envs/python38/lib/python3.8/site-packages/airflow/example_dags/example_task_group_decorator.py
[2025-09-03T20:19:31.419+0200] {logging_mixin.py:137} INFO - [2025-09-03T20:19:31.419+0200] {dag.py:2705} INFO - Sync 1 DAGs
[2025-09-03T20:19:31.521+0200] {logging_mixin.py:137} INFO - [2025-09-03T20:19:31.521+0200] {dag.py:3452} INFO - Setting next_dagrun for example_task_group_decorator to 2025-09-02T18:19:31.521008+00:00, run_after=2025-09-03T18:19:31.521008+00:00
[2025-09-03T20:19:31.542+0200] {processor.py:175} INFO - Processing /home/varun/miniconda3/envs/python38/lib/python3.8/site-packages/airflow/example_dags/example_task_group_decorator.py took 0.167 seconds
[2025-09-03T20:20:20.568+0200] {processor.py:153} INFO - Started process (PID=5113) to work on /home/varun/miniconda3/envs/python38/lib/python3.8/site-packages/airflow/example_dags/example_task_group_decorator.py
[2025-09-03T20:20:20.569+0200] {processor.py:743} INFO - Processing file /home/varun/miniconda3/envs/python38/lib/python3.8/site-packages/airflow/example_dags/example_task_group_decorator.py for tasks to queue
[2025-09-03T20:20:20.570+0200] {logging_mixin.py:137} INFO - [2025-09-03T20:20:20.570+0200] {dagbag.py:532} INFO - Filling up the DagBag from /home/varun/miniconda3/envs/python38/lib/python3.8/site-packages/airflow/example_dags/example_task_group_decorator.py
[2025-09-03T20:20:20.592+0200] {processor.py:753} INFO - DAG(s) dict_keys(['example_task_group_decorator']) retrieved from /home/varun/miniconda3/envs/python38/lib/python3.8/site-packages/airflow/example_dags/example_task_group_decorator.py
[2025-09-03T20:20:20.717+0200] {logging_mixin.py:137} INFO - [2025-09-03T20:20:20.717+0200] {dag.py:2705} INFO - Sync 1 DAGs
[2025-09-03T20:20:20.732+0200] {logging_mixin.py:137} INFO - [2025-09-03T20:20:20.731+0200] {dag.py:3452} INFO - Setting next_dagrun for example_task_group_decorator to 2025-09-02T18:20:20.731800+00:00, run_after=2025-09-03T18:20:20.731800+00:00
[2025-09-03T20:20:20.753+0200] {processor.py:175} INFO - Processing /home/varun/miniconda3/envs/python38/lib/python3.8/site-packages/airflow/example_dags/example_task_group_decorator.py took 0.188 seconds
[2025-09-03T20:21:11.429+0200] {processor.py:153} INFO - Started process (PID=5155) to work on /home/varun/miniconda3/envs/python38/lib/python3.8/site-packages/airflow/example_dags/example_task_group_decorator.py
[2025-09-03T20:21:11.430+0200] {processor.py:743} INFO - Processing file /home/varun/miniconda3/envs/python38/lib/python3.8/site-packages/airflow/example_dags/example_task_group_decorator.py for tasks to queue
[2025-09-03T20:21:11.431+0200] {logging_mixin.py:137} INFO - [2025-09-03T20:21:11.431+0200] {dagbag.py:532} INFO - Filling up the DagBag from /home/varun/miniconda3/envs/python38/lib/python3.8/site-packages/airflow/example_dags/example_task_group_decorator.py
[2025-09-03T20:21:11.456+0200] {processor.py:753} INFO - DAG(s) dict_keys(['example_task_group_decorator']) retrieved from /home/varun/miniconda3/envs/python38/lib/python3.8/site-packages/airflow/example_dags/example_task_group_decorator.py
[2025-09-03T20:21:11.561+0200] {logging_mixin.py:137} INFO - [2025-09-03T20:21:11.561+0200] {dag.py:2705} INFO - Sync 1 DAGs
[2025-09-03T20:21:11.574+0200] {logging_mixin.py:137} INFO - [2025-09-03T20:21:11.573+0200] {dag.py:3452} INFO - Setting next_dagrun for example_task_group_decorator to 2025-09-02T18:21:11.573701+00:00, run_after=2025-09-03T18:21:11.573701+00:00
[2025-09-03T20:21:11.593+0200] {processor.py:175} INFO - Processing /home/varun/miniconda3/envs/python38/lib/python3.8/site-packages/airflow/example_dags/example_task_group_decorator.py took 0.167 seconds
[2025-09-03T20:22:03.961+0200] {processor.py:153} INFO - Started process (PID=5197) to work on /home/varun/miniconda3/envs/python38/lib/python3.8/site-packages/airflow/example_dags/example_task_group_decorator.py
[2025-09-03T20:22:03.964+0200] {processor.py:743} INFO - Processing file /home/varun/miniconda3/envs/python38/lib/python3.8/site-packages/airflow/example_dags/example_task_group_decorator.py for tasks to queue
[2025-09-03T20:22:03.964+0200] {logging_mixin.py:137} INFO - [2025-09-03T20:22:03.964+0200] {dagbag.py:532} INFO - Filling up the DagBag from /home/varun/miniconda3/envs/python38/lib/python3.8/site-packages/airflow/example_dags/example_task_group_decorator.py
[2025-09-03T20:22:04.108+0200] {processor.py:753} INFO - DAG(s) dict_keys(['example_task_group_decorator']) retrieved from /home/varun/miniconda3/envs/python38/lib/python3.8/site-packages/airflow/example_dags/example_task_group_decorator.py
[2025-09-03T20:22:04.127+0200] {logging_mixin.py:137} INFO - [2025-09-03T20:22:04.127+0200] {dag.py:2705} INFO - Sync 1 DAGs
[2025-09-03T20:22:04.143+0200] {logging_mixin.py:137} INFO - [2025-09-03T20:22:04.142+0200] {dag.py:3452} INFO - Setting next_dagrun for example_task_group_decorator to 2025-09-02T18:22:04.142567+00:00, run_after=2025-09-03T18:22:04.142567+00:00
[2025-09-03T20:22:04.165+0200] {processor.py:175} INFO - Processing /home/varun/miniconda3/envs/python38/lib/python3.8/site-packages/airflow/example_dags/example_task_group_decorator.py took 0.206 seconds
[2025-09-03T20:22:54.038+0200] {processor.py:153} INFO - Started process (PID=5239) to work on /home/varun/miniconda3/envs/python38/lib/python3.8/site-packages/airflow/example_dags/example_task_group_decorator.py
[2025-09-03T20:22:54.040+0200] {processor.py:743} INFO - Processing file /home/varun/miniconda3/envs/python38/lib/python3.8/site-packages/airflow/example_dags/example_task_group_decorator.py for tasks to queue
[2025-09-03T20:22:54.041+0200] {logging_mixin.py:137} INFO - [2025-09-03T20:22:54.041+0200] {dagbag.py:532} INFO - Filling up the DagBag from /home/varun/miniconda3/envs/python38/lib/python3.8/site-packages/airflow/example_dags/example_task_group_decorator.py
[2025-09-03T20:22:54.189+0200] {processor.py:753} INFO - DAG(s) dict_keys(['example_task_group_decorator']) retrieved from /home/varun/miniconda3/envs/python38/lib/python3.8/site-packages/airflow/example_dags/example_task_group_decorator.py
[2025-09-03T20:22:54.207+0200] {logging_mixin.py:137} INFO - [2025-09-03T20:22:54.206+0200] {dag.py:2705} INFO - Sync 1 DAGs
[2025-09-03T20:22:54.222+0200] {logging_mixin.py:137} INFO - [2025-09-03T20:22:54.222+0200] {dag.py:3452} INFO - Setting next_dagrun for example_task_group_decorator to 2025-09-02T18:22:54.222548+00:00, run_after=2025-09-03T18:22:54.222548+00:00
[2025-09-03T20:22:54.245+0200] {processor.py:175} INFO - Processing /home/varun/miniconda3/envs/python38/lib/python3.8/site-packages/airflow/example_dags/example_task_group_decorator.py took 0.211 seconds
[2025-09-03T20:23:44.375+0200] {processor.py:153} INFO - Started process (PID=5281) to work on /home/varun/miniconda3/envs/python38/lib/python3.8/site-packages/airflow/example_dags/example_task_group_decorator.py
[2025-09-03T20:23:44.378+0200] {processor.py:743} INFO - Processing file /home/varun/miniconda3/envs/python38/lib/python3.8/site-packages/airflow/example_dags/example_task_group_decorator.py for tasks to queue
[2025-09-03T20:23:44.379+0200] {logging_mixin.py:137} INFO - [2025-09-03T20:23:44.378+0200] {dagbag.py:532} INFO - Filling up the DagBag from /home/varun/miniconda3/envs/python38/lib/python3.8/site-packages/airflow/example_dags/example_task_group_decorator.py
[2025-09-03T20:23:44.401+0200] {processor.py:753} INFO - DAG(s) dict_keys(['example_task_group_decorator']) retrieved from /home/varun/miniconda3/envs/python38/lib/python3.8/site-packages/airflow/example_dags/example_task_group_decorator.py
[2025-09-03T20:23:44.419+0200] {logging_mixin.py:137} INFO - [2025-09-03T20:23:44.419+0200] {dag.py:2705} INFO - Sync 1 DAGs
[2025-09-03T20:23:44.436+0200] {logging_mixin.py:137} INFO - [2025-09-03T20:23:44.436+0200] {dag.py:3452} INFO - Setting next_dagrun for example_task_group_decorator to 2025-09-02T18:23:44.435998+00:00, run_after=2025-09-03T18:23:44.435998+00:00
[2025-09-03T20:23:44.462+0200] {processor.py:175} INFO - Processing /home/varun/miniconda3/envs/python38/lib/python3.8/site-packages/airflow/example_dags/example_task_group_decorator.py took 0.089 seconds
[2025-09-03T20:24:31.367+0200] {processor.py:153} INFO - Started process (PID=5324) to work on /home/varun/miniconda3/envs/python38/lib/python3.8/site-packages/airflow/example_dags/example_task_group_decorator.py
[2025-09-03T20:24:31.370+0200] {processor.py:743} INFO - Processing file /home/varun/miniconda3/envs/python38/lib/python3.8/site-packages/airflow/example_dags/example_task_group_decorator.py for tasks to queue
[2025-09-03T20:24:31.372+0200] {logging_mixin.py:137} INFO - [2025-09-03T20:24:31.371+0200] {dagbag.py:532} INFO - Filling up the DagBag from /home/varun/miniconda3/envs/python38/lib/python3.8/site-packages/airflow/example_dags/example_task_group_decorator.py
[2025-09-03T20:24:31.413+0200] {processor.py:753} INFO - DAG(s) dict_keys(['example_task_group_decorator']) retrieved from /home/varun/miniconda3/envs/python38/lib/python3.8/site-packages/airflow/example_dags/example_task_group_decorator.py
[2025-09-03T20:24:31.446+0200] {logging_mixin.py:137} INFO - [2025-09-03T20:24:31.445+0200] {dag.py:2705} INFO - Sync 1 DAGs
[2025-09-03T20:24:31.473+0200] {logging_mixin.py:137} INFO - [2025-09-03T20:24:31.473+0200] {dag.py:3452} INFO - Setting next_dagrun for example_task_group_decorator to 2025-09-02T18:24:31.472890+00:00, run_after=2025-09-03T18:24:31.472890+00:00
[2025-09-03T20:24:31.504+0200] {processor.py:175} INFO - Processing /home/varun/miniconda3/envs/python38/lib/python3.8/site-packages/airflow/example_dags/example_task_group_decorator.py took 0.141 seconds
[2025-09-03T20:25:14.951+0200] {processor.py:153} INFO - Started process (PID=5366) to work on /home/varun/miniconda3/envs/python38/lib/python3.8/site-packages/airflow/example_dags/example_task_group_decorator.py
[2025-09-03T20:25:14.953+0200] {processor.py:743} INFO - Processing file /home/varun/miniconda3/envs/python38/lib/python3.8/site-packages/airflow/example_dags/example_task_group_decorator.py for tasks to queue
[2025-09-03T20:25:14.953+0200] {logging_mixin.py:137} INFO - [2025-09-03T20:25:14.953+0200] {dagbag.py:532} INFO - Filling up the DagBag from /home/varun/miniconda3/envs/python38/lib/python3.8/site-packages/airflow/example_dags/example_task_group_decorator.py
[2025-09-03T20:25:14.985+0200] {processor.py:753} INFO - DAG(s) dict_keys(['example_task_group_decorator']) retrieved from /home/varun/miniconda3/envs/python38/lib/python3.8/site-packages/airflow/example_dags/example_task_group_decorator.py
[2025-09-03T20:25:15.008+0200] {logging_mixin.py:137} INFO - [2025-09-03T20:25:15.007+0200] {dag.py:2705} INFO - Sync 1 DAGs
[2025-09-03T20:25:15.026+0200] {logging_mixin.py:137} INFO - [2025-09-03T20:25:15.026+0200] {dag.py:3452} INFO - Setting next_dagrun for example_task_group_decorator to 2025-09-02T18:25:15.026166+00:00, run_after=2025-09-03T18:25:15.026166+00:00
[2025-09-03T20:25:15.054+0200] {processor.py:175} INFO - Processing /home/varun/miniconda3/envs/python38/lib/python3.8/site-packages/airflow/example_dags/example_task_group_decorator.py took 0.107 seconds
[2025-09-03T20:25:57.619+0200] {processor.py:153} INFO - Started process (PID=5408) to work on /home/varun/miniconda3/envs/python38/lib/python3.8/site-packages/airflow/example_dags/example_task_group_decorator.py
[2025-09-03T20:25:57.620+0200] {processor.py:743} INFO - Processing file /home/varun/miniconda3/envs/python38/lib/python3.8/site-packages/airflow/example_dags/example_task_group_decorator.py for tasks to queue
[2025-09-03T20:25:57.621+0200] {logging_mixin.py:137} INFO - [2025-09-03T20:25:57.621+0200] {dagbag.py:532} INFO - Filling up the DagBag from /home/varun/miniconda3/envs/python38/lib/python3.8/site-packages/airflow/example_dags/example_task_group_decorator.py
[2025-09-03T20:25:57.646+0200] {processor.py:753} INFO - DAG(s) dict_keys(['example_task_group_decorator']) retrieved from /home/varun/miniconda3/envs/python38/lib/python3.8/site-packages/airflow/example_dags/example_task_group_decorator.py
[2025-09-03T20:25:57.664+0200] {logging_mixin.py:137} INFO - [2025-09-03T20:25:57.664+0200] {dag.py:2705} INFO - Sync 1 DAGs
[2025-09-03T20:25:57.679+0200] {logging_mixin.py:137} INFO - [2025-09-03T20:25:57.679+0200] {dag.py:3452} INFO - Setting next_dagrun for example_task_group_decorator to 2025-09-02T18:25:57.678850+00:00, run_after=2025-09-03T18:25:57.678850+00:00
[2025-09-03T20:25:57.703+0200] {processor.py:175} INFO - Processing /home/varun/miniconda3/envs/python38/lib/python3.8/site-packages/airflow/example_dags/example_task_group_decorator.py took 0.088 seconds
[2025-09-03T20:26:47.934+0200] {processor.py:153} INFO - Started process (PID=5450) to work on /home/varun/miniconda3/envs/python38/lib/python3.8/site-packages/airflow/example_dags/example_task_group_decorator.py
[2025-09-03T20:26:47.935+0200] {processor.py:743} INFO - Processing file /home/varun/miniconda3/envs/python38/lib/python3.8/site-packages/airflow/example_dags/example_task_group_decorator.py for tasks to queue
[2025-09-03T20:26:47.936+0200] {logging_mixin.py:137} INFO - [2025-09-03T20:26:47.935+0200] {dagbag.py:532} INFO - Filling up the DagBag from /home/varun/miniconda3/envs/python38/lib/python3.8/site-packages/airflow/example_dags/example_task_group_decorator.py
[2025-09-03T20:26:47.962+0200] {processor.py:753} INFO - DAG(s) dict_keys(['example_task_group_decorator']) retrieved from /home/varun/miniconda3/envs/python38/lib/python3.8/site-packages/airflow/example_dags/example_task_group_decorator.py
[2025-09-03T20:26:47.982+0200] {logging_mixin.py:137} INFO - [2025-09-03T20:26:47.982+0200] {dag.py:2705} INFO - Sync 1 DAGs
[2025-09-03T20:26:48.000+0200] {logging_mixin.py:137} INFO - [2025-09-03T20:26:48.000+0200] {dag.py:3452} INFO - Setting next_dagrun for example_task_group_decorator to 2025-09-02T18:26:48.000056+00:00, run_after=2025-09-03T18:26:48.000056+00:00
[2025-09-03T20:26:48.024+0200] {processor.py:175} INFO - Processing /home/varun/miniconda3/envs/python38/lib/python3.8/site-packages/airflow/example_dags/example_task_group_decorator.py took 0.094 seconds
[2025-09-03T20:27:34.046+0200] {processor.py:153} INFO - Started process (PID=5492) to work on /home/varun/miniconda3/envs/python38/lib/python3.8/site-packages/airflow/example_dags/example_task_group_decorator.py
[2025-09-03T20:27:34.047+0200] {processor.py:743} INFO - Processing file /home/varun/miniconda3/envs/python38/lib/python3.8/site-packages/airflow/example_dags/example_task_group_decorator.py for tasks to queue
[2025-09-03T20:27:34.048+0200] {logging_mixin.py:137} INFO - [2025-09-03T20:27:34.048+0200] {dagbag.py:532} INFO - Filling up the DagBag from /home/varun/miniconda3/envs/python38/lib/python3.8/site-packages/airflow/example_dags/example_task_group_decorator.py
[2025-09-03T20:27:34.072+0200] {processor.py:753} INFO - DAG(s) dict_keys(['example_task_group_decorator']) retrieved from /home/varun/miniconda3/envs/python38/lib/python3.8/site-packages/airflow/example_dags/example_task_group_decorator.py
[2025-09-03T20:27:34.092+0200] {logging_mixin.py:137} INFO - [2025-09-03T20:27:34.092+0200] {dag.py:2705} INFO - Sync 1 DAGs
[2025-09-03T20:27:34.110+0200] {logging_mixin.py:137} INFO - [2025-09-03T20:27:34.110+0200] {dag.py:3452} INFO - Setting next_dagrun for example_task_group_decorator to 2025-09-02T18:27:34.110212+00:00, run_after=2025-09-03T18:27:34.110212+00:00
[2025-09-03T20:27:34.130+0200] {processor.py:175} INFO - Processing /home/varun/miniconda3/envs/python38/lib/python3.8/site-packages/airflow/example_dags/example_task_group_decorator.py took 0.088 seconds
[2025-09-03T20:28:19.377+0200] {processor.py:153} INFO - Started process (PID=5534) to work on /home/varun/miniconda3/envs/python38/lib/python3.8/site-packages/airflow/example_dags/example_task_group_decorator.py
[2025-09-03T20:28:19.379+0200] {processor.py:743} INFO - Processing file /home/varun/miniconda3/envs/python38/lib/python3.8/site-packages/airflow/example_dags/example_task_group_decorator.py for tasks to queue
[2025-09-03T20:28:19.380+0200] {logging_mixin.py:137} INFO - [2025-09-03T20:28:19.380+0200] {dagbag.py:532} INFO - Filling up the DagBag from /home/varun/miniconda3/envs/python38/lib/python3.8/site-packages/airflow/example_dags/example_task_group_decorator.py
[2025-09-03T20:28:19.408+0200] {processor.py:753} INFO - DAG(s) dict_keys(['example_task_group_decorator']) retrieved from /home/varun/miniconda3/envs/python38/lib/python3.8/site-packages/airflow/example_dags/example_task_group_decorator.py
[2025-09-03T20:28:19.429+0200] {logging_mixin.py:137} INFO - [2025-09-03T20:28:19.429+0200] {dag.py:2705} INFO - Sync 1 DAGs
[2025-09-03T20:28:19.445+0200] {logging_mixin.py:137} INFO - [2025-09-03T20:28:19.445+0200] {dag.py:3452} INFO - Setting next_dagrun for example_task_group_decorator to 2025-09-02T18:28:19.444855+00:00, run_after=2025-09-03T18:28:19.444855+00:00
[2025-09-03T20:28:19.469+0200] {processor.py:175} INFO - Processing /home/varun/miniconda3/envs/python38/lib/python3.8/site-packages/airflow/example_dags/example_task_group_decorator.py took 0.095 seconds
[2025-09-03T20:29:09.819+0200] {processor.py:153} INFO - Started process (PID=5576) to work on /home/varun/miniconda3/envs/python38/lib/python3.8/site-packages/airflow/example_dags/example_task_group_decorator.py
[2025-09-03T20:29:09.821+0200] {processor.py:743} INFO - Processing file /home/varun/miniconda3/envs/python38/lib/python3.8/site-packages/airflow/example_dags/example_task_group_decorator.py for tasks to queue
[2025-09-03T20:29:09.821+0200] {logging_mixin.py:137} INFO - [2025-09-03T20:29:09.821+0200] {dagbag.py:532} INFO - Filling up the DagBag from /home/varun/miniconda3/envs/python38/lib/python3.8/site-packages/airflow/example_dags/example_task_group_decorator.py
[2025-09-03T20:29:09.856+0200] {processor.py:753} INFO - DAG(s) dict_keys(['example_task_group_decorator']) retrieved from /home/varun/miniconda3/envs/python38/lib/python3.8/site-packages/airflow/example_dags/example_task_group_decorator.py
[2025-09-03T20:29:09.886+0200] {logging_mixin.py:137} INFO - [2025-09-03T20:29:09.885+0200] {dag.py:2705} INFO - Sync 1 DAGs
[2025-09-03T20:29:09.913+0200] {logging_mixin.py:137} INFO - [2025-09-03T20:29:09.913+0200] {dag.py:3452} INFO - Setting next_dagrun for example_task_group_decorator to 2025-09-02T18:29:09.912527+00:00, run_after=2025-09-03T18:29:09.912527+00:00
[2025-09-03T20:29:09.939+0200] {processor.py:175} INFO - Processing /home/varun/miniconda3/envs/python38/lib/python3.8/site-packages/airflow/example_dags/example_task_group_decorator.py took 0.124 seconds
[2025-09-03T20:29:55.158+0200] {processor.py:153} INFO - Started process (PID=5619) to work on /home/varun/miniconda3/envs/python38/lib/python3.8/site-packages/airflow/example_dags/example_task_group_decorator.py
[2025-09-03T20:29:55.160+0200] {processor.py:743} INFO - Processing file /home/varun/miniconda3/envs/python38/lib/python3.8/site-packages/airflow/example_dags/example_task_group_decorator.py for tasks to queue
[2025-09-03T20:29:55.161+0200] {logging_mixin.py:137} INFO - [2025-09-03T20:29:55.160+0200] {dagbag.py:532} INFO - Filling up the DagBag from /home/varun/miniconda3/envs/python38/lib/python3.8/site-packages/airflow/example_dags/example_task_group_decorator.py
[2025-09-03T20:29:55.184+0200] {processor.py:753} INFO - DAG(s) dict_keys(['example_task_group_decorator']) retrieved from /home/varun/miniconda3/envs/python38/lib/python3.8/site-packages/airflow/example_dags/example_task_group_decorator.py
[2025-09-03T20:29:55.206+0200] {logging_mixin.py:137} INFO - [2025-09-03T20:29:55.206+0200] {dag.py:2705} INFO - Sync 1 DAGs
[2025-09-03T20:29:55.223+0200] {logging_mixin.py:137} INFO - [2025-09-03T20:29:55.223+0200] {dag.py:3452} INFO - Setting next_dagrun for example_task_group_decorator to 2025-09-02T18:29:55.223238+00:00, run_after=2025-09-03T18:29:55.223238+00:00
[2025-09-03T20:29:55.246+0200] {processor.py:175} INFO - Processing /home/varun/miniconda3/envs/python38/lib/python3.8/site-packages/airflow/example_dags/example_task_group_decorator.py took 0.090 seconds
[2025-09-03T20:30:40.021+0200] {processor.py:153} INFO - Started process (PID=5661) to work on /home/varun/miniconda3/envs/python38/lib/python3.8/site-packages/airflow/example_dags/example_task_group_decorator.py
[2025-09-03T20:30:40.023+0200] {processor.py:743} INFO - Processing file /home/varun/miniconda3/envs/python38/lib/python3.8/site-packages/airflow/example_dags/example_task_group_decorator.py for tasks to queue
[2025-09-03T20:30:40.023+0200] {logging_mixin.py:137} INFO - [2025-09-03T20:30:40.023+0200] {dagbag.py:532} INFO - Filling up the DagBag from /home/varun/miniconda3/envs/python38/lib/python3.8/site-packages/airflow/example_dags/example_task_group_decorator.py
[2025-09-03T20:30:40.048+0200] {processor.py:753} INFO - DAG(s) dict_keys(['example_task_group_decorator']) retrieved from /home/varun/miniconda3/envs/python38/lib/python3.8/site-packages/airflow/example_dags/example_task_group_decorator.py
[2025-09-03T20:30:40.069+0200] {logging_mixin.py:137} INFO - [2025-09-03T20:30:40.069+0200] {dag.py:2705} INFO - Sync 1 DAGs
[2025-09-03T20:30:40.088+0200] {logging_mixin.py:137} INFO - [2025-09-03T20:30:40.088+0200] {dag.py:3452} INFO - Setting next_dagrun for example_task_group_decorator to 2025-09-02T18:30:40.088386+00:00, run_after=2025-09-03T18:30:40.088386+00:00
[2025-09-03T20:30:40.111+0200] {processor.py:175} INFO - Processing /home/varun/miniconda3/envs/python38/lib/python3.8/site-packages/airflow/example_dags/example_task_group_decorator.py took 0.093 seconds
[2025-09-03T20:31:27.301+0200] {processor.py:153} INFO - Started process (PID=5703) to work on /home/varun/miniconda3/envs/python38/lib/python3.8/site-packages/airflow/example_dags/example_task_group_decorator.py
[2025-09-03T20:31:27.303+0200] {processor.py:743} INFO - Processing file /home/varun/miniconda3/envs/python38/lib/python3.8/site-packages/airflow/example_dags/example_task_group_decorator.py for tasks to queue
[2025-09-03T20:31:27.304+0200] {logging_mixin.py:137} INFO - [2025-09-03T20:31:27.303+0200] {dagbag.py:532} INFO - Filling up the DagBag from /home/varun/miniconda3/envs/python38/lib/python3.8/site-packages/airflow/example_dags/example_task_group_decorator.py
[2025-09-03T20:31:27.330+0200] {processor.py:753} INFO - DAG(s) dict_keys(['example_task_group_decorator']) retrieved from /home/varun/miniconda3/envs/python38/lib/python3.8/site-packages/airflow/example_dags/example_task_group_decorator.py
[2025-09-03T20:31:27.348+0200] {logging_mixin.py:137} INFO - [2025-09-03T20:31:27.348+0200] {dag.py:2705} INFO - Sync 1 DAGs
[2025-09-03T20:31:27.366+0200] {logging_mixin.py:137} INFO - [2025-09-03T20:31:27.366+0200] {dag.py:3452} INFO - Setting next_dagrun for example_task_group_decorator to 2025-09-02T18:31:27.365724+00:00, run_after=2025-09-03T18:31:27.365724+00:00
[2025-09-03T20:31:27.392+0200] {processor.py:175} INFO - Processing /home/varun/miniconda3/envs/python38/lib/python3.8/site-packages/airflow/example_dags/example_task_group_decorator.py took 0.094 seconds
[2025-09-03T20:32:12.263+0200] {processor.py:153} INFO - Started process (PID=5745) to work on /home/varun/miniconda3/envs/python38/lib/python3.8/site-packages/airflow/example_dags/example_task_group_decorator.py
[2025-09-03T20:32:12.265+0200] {processor.py:743} INFO - Processing file /home/varun/miniconda3/envs/python38/lib/python3.8/site-packages/airflow/example_dags/example_task_group_decorator.py for tasks to queue
[2025-09-03T20:32:12.266+0200] {logging_mixin.py:137} INFO - [2025-09-03T20:32:12.266+0200] {dagbag.py:532} INFO - Filling up the DagBag from /home/varun/miniconda3/envs/python38/lib/python3.8/site-packages/airflow/example_dags/example_task_group_decorator.py
[2025-09-03T20:32:12.296+0200] {processor.py:753} INFO - DAG(s) dict_keys(['example_task_group_decorator']) retrieved from /home/varun/miniconda3/envs/python38/lib/python3.8/site-packages/airflow/example_dags/example_task_group_decorator.py
[2025-09-03T20:32:12.321+0200] {logging_mixin.py:137} INFO - [2025-09-03T20:32:12.321+0200] {dag.py:2705} INFO - Sync 1 DAGs
[2025-09-03T20:32:12.346+0200] {logging_mixin.py:137} INFO - [2025-09-03T20:32:12.346+0200] {dag.py:3452} INFO - Setting next_dagrun for example_task_group_decorator to 2025-09-02T18:32:12.345684+00:00, run_after=2025-09-03T18:32:12.345684+00:00
[2025-09-03T20:32:12.384+0200] {processor.py:175} INFO - Processing /home/varun/miniconda3/envs/python38/lib/python3.8/site-packages/airflow/example_dags/example_task_group_decorator.py took 0.125 seconds
[2025-09-03T20:32:57.486+0200] {processor.py:153} INFO - Started process (PID=5787) to work on /home/varun/miniconda3/envs/python38/lib/python3.8/site-packages/airflow/example_dags/example_task_group_decorator.py
[2025-09-03T20:32:57.487+0200] {processor.py:743} INFO - Processing file /home/varun/miniconda3/envs/python38/lib/python3.8/site-packages/airflow/example_dags/example_task_group_decorator.py for tasks to queue
[2025-09-03T20:32:57.488+0200] {logging_mixin.py:137} INFO - [2025-09-03T20:32:57.488+0200] {dagbag.py:532} INFO - Filling up the DagBag from /home/varun/miniconda3/envs/python38/lib/python3.8/site-packages/airflow/example_dags/example_task_group_decorator.py
[2025-09-03T20:32:57.519+0200] {processor.py:753} INFO - DAG(s) dict_keys(['example_task_group_decorator']) retrieved from /home/varun/miniconda3/envs/python38/lib/python3.8/site-packages/airflow/example_dags/example_task_group_decorator.py
[2025-09-03T20:32:57.546+0200] {logging_mixin.py:137} INFO - [2025-09-03T20:32:57.546+0200] {dag.py:2705} INFO - Sync 1 DAGs
[2025-09-03T20:32:57.568+0200] {logging_mixin.py:137} INFO - [2025-09-03T20:32:57.568+0200] {dag.py:3452} INFO - Setting next_dagrun for example_task_group_decorator to 2025-09-02T18:32:57.568306+00:00, run_after=2025-09-03T18:32:57.568306+00:00
[2025-09-03T20:32:57.596+0200] {processor.py:175} INFO - Processing /home/varun/miniconda3/envs/python38/lib/python3.8/site-packages/airflow/example_dags/example_task_group_decorator.py took 0.114 seconds
[2025-09-03T20:33:43.844+0200] {processor.py:153} INFO - Started process (PID=5829) to work on /home/varun/miniconda3/envs/python38/lib/python3.8/site-packages/airflow/example_dags/example_task_group_decorator.py
[2025-09-03T20:33:43.846+0200] {processor.py:743} INFO - Processing file /home/varun/miniconda3/envs/python38/lib/python3.8/site-packages/airflow/example_dags/example_task_group_decorator.py for tasks to queue
[2025-09-03T20:33:43.846+0200] {logging_mixin.py:137} INFO - [2025-09-03T20:33:43.846+0200] {dagbag.py:532} INFO - Filling up the DagBag from /home/varun/miniconda3/envs/python38/lib/python3.8/site-packages/airflow/example_dags/example_task_group_decorator.py
[2025-09-03T20:33:43.872+0200] {processor.py:753} INFO - DAG(s) dict_keys(['example_task_group_decorator']) retrieved from /home/varun/miniconda3/envs/python38/lib/python3.8/site-packages/airflow/example_dags/example_task_group_decorator.py
[2025-09-03T20:33:43.896+0200] {logging_mixin.py:137} INFO - [2025-09-03T20:33:43.896+0200] {dag.py:2705} INFO - Sync 1 DAGs
[2025-09-03T20:33:43.914+0200] {logging_mixin.py:137} INFO - [2025-09-03T20:33:43.914+0200] {dag.py:3452} INFO - Setting next_dagrun for example_task_group_decorator to 2025-09-02T18:33:43.914238+00:00, run_after=2025-09-03T18:33:43.914238+00:00
[2025-09-03T20:33:43.938+0200] {processor.py:175} INFO - Processing /home/varun/miniconda3/envs/python38/lib/python3.8/site-packages/airflow/example_dags/example_task_group_decorator.py took 0.097 seconds
[2025-09-03T20:34:31.700+0200] {processor.py:153} INFO - Started process (PID=5871) to work on /home/varun/miniconda3/envs/python38/lib/python3.8/site-packages/airflow/example_dags/example_task_group_decorator.py
[2025-09-03T20:34:31.702+0200] {processor.py:743} INFO - Processing file /home/varun/miniconda3/envs/python38/lib/python3.8/site-packages/airflow/example_dags/example_task_group_decorator.py for tasks to queue
[2025-09-03T20:34:31.704+0200] {logging_mixin.py:137} INFO - [2025-09-03T20:34:31.703+0200] {dagbag.py:532} INFO - Filling up the DagBag from /home/varun/miniconda3/envs/python38/lib/python3.8/site-packages/airflow/example_dags/example_task_group_decorator.py
[2025-09-03T20:34:31.738+0200] {processor.py:753} INFO - DAG(s) dict_keys(['example_task_group_decorator']) retrieved from /home/varun/miniconda3/envs/python38/lib/python3.8/site-packages/airflow/example_dags/example_task_group_decorator.py
[2025-09-03T20:34:31.762+0200] {logging_mixin.py:137} INFO - [2025-09-03T20:34:31.762+0200] {dag.py:2705} INFO - Sync 1 DAGs
[2025-09-03T20:34:31.780+0200] {logging_mixin.py:137} INFO - [2025-09-03T20:34:31.780+0200] {dag.py:3452} INFO - Setting next_dagrun for example_task_group_decorator to 2025-09-02T18:34:31.780152+00:00, run_after=2025-09-03T18:34:31.780152+00:00
[2025-09-03T20:34:31.806+0200] {processor.py:175} INFO - Processing /home/varun/miniconda3/envs/python38/lib/python3.8/site-packages/airflow/example_dags/example_task_group_decorator.py took 0.109 seconds
[2025-09-03T20:35:16.947+0200] {processor.py:153} INFO - Started process (PID=5914) to work on /home/varun/miniconda3/envs/python38/lib/python3.8/site-packages/airflow/example_dags/example_task_group_decorator.py
[2025-09-03T20:35:16.949+0200] {processor.py:743} INFO - Processing file /home/varun/miniconda3/envs/python38/lib/python3.8/site-packages/airflow/example_dags/example_task_group_decorator.py for tasks to queue
[2025-09-03T20:35:16.949+0200] {logging_mixin.py:137} INFO - [2025-09-03T20:35:16.949+0200] {dagbag.py:532} INFO - Filling up the DagBag from /home/varun/miniconda3/envs/python38/lib/python3.8/site-packages/airflow/example_dags/example_task_group_decorator.py
[2025-09-03T20:35:16.979+0200] {processor.py:753} INFO - DAG(s) dict_keys(['example_task_group_decorator']) retrieved from /home/varun/miniconda3/envs/python38/lib/python3.8/site-packages/airflow/example_dags/example_task_group_decorator.py
[2025-09-03T20:35:17.000+0200] {logging_mixin.py:137} INFO - [2025-09-03T20:35:16.999+0200] {dag.py:2705} INFO - Sync 1 DAGs
[2025-09-03T20:35:17.019+0200] {logging_mixin.py:137} INFO - [2025-09-03T20:35:17.019+0200] {dag.py:3452} INFO - Setting next_dagrun for example_task_group_decorator to 2025-09-02T18:35:17.018965+00:00, run_after=2025-09-03T18:35:17.018965+00:00
[2025-09-03T20:35:17.042+0200] {processor.py:175} INFO - Processing /home/varun/miniconda3/envs/python38/lib/python3.8/site-packages/airflow/example_dags/example_task_group_decorator.py took 0.098 seconds
[2025-09-03T20:36:01.183+0200] {processor.py:153} INFO - Started process (PID=5956) to work on /home/varun/miniconda3/envs/python38/lib/python3.8/site-packages/airflow/example_dags/example_task_group_decorator.py
[2025-09-03T20:36:01.185+0200] {processor.py:743} INFO - Processing file /home/varun/miniconda3/envs/python38/lib/python3.8/site-packages/airflow/example_dags/example_task_group_decorator.py for tasks to queue
[2025-09-03T20:36:01.187+0200] {logging_mixin.py:137} INFO - [2025-09-03T20:36:01.186+0200] {dagbag.py:532} INFO - Filling up the DagBag from /home/varun/miniconda3/envs/python38/lib/python3.8/site-packages/airflow/example_dags/example_task_group_decorator.py
[2025-09-03T20:36:01.226+0200] {processor.py:753} INFO - DAG(s) dict_keys(['example_task_group_decorator']) retrieved from /home/varun/miniconda3/envs/python38/lib/python3.8/site-packages/airflow/example_dags/example_task_group_decorator.py
[2025-09-03T20:36:01.260+0200] {logging_mixin.py:137} INFO - [2025-09-03T20:36:01.260+0200] {dag.py:2705} INFO - Sync 1 DAGs
[2025-09-03T20:36:01.289+0200] {logging_mixin.py:137} INFO - [2025-09-03T20:36:01.289+0200] {dag.py:3452} INFO - Setting next_dagrun for example_task_group_decorator to 2025-09-02T18:36:01.289358+00:00, run_after=2025-09-03T18:36:01.289358+00:00
[2025-09-03T20:36:01.326+0200] {processor.py:175} INFO - Processing /home/varun/miniconda3/envs/python38/lib/python3.8/site-packages/airflow/example_dags/example_task_group_decorator.py took 0.147 seconds
