[2025-09-03T19:42:48.519+0200] {processor.py:153} INFO - Started process (PID=3109) to work on /home/varun/miniconda3/envs/python38/lib/python3.8/site-packages/airflow/example_dags/example_xcom.py
[2025-09-03T19:42:48.520+0200] {processor.py:743} INFO - Processing file /home/varun/miniconda3/envs/python38/lib/python3.8/site-packages/airflow/example_dags/example_xcom.py for tasks to queue
[2025-09-03T19:42:48.521+0200] {logging_mixin.py:137} INFO - [2025-09-03T19:42:48.521+0200] {dagbag.py:532} INFO - Filling up the DagBag from /home/varun/miniconda3/envs/python38/lib/python3.8/site-packages/airflow/example_dags/example_xcom.py
[2025-09-03T19:42:48.550+0200] {processor.py:753} INFO - DAG(s) dict_keys(['example_xcom']) retrieved from /home/varun/miniconda3/envs/python38/lib/python3.8/site-packages/airflow/example_dags/example_xcom.py
[2025-09-03T19:42:48.644+0200] {logging_mixin.py:137} INFO - [2025-09-03T19:42:48.644+0200] {manager.py:504} INFO - Created Permission View: can edit on DAG:example_xcom
[2025-09-03T19:42:48.657+0200] {logging_mixin.py:137} INFO - [2025-09-03T19:42:48.656+0200] {manager.py:504} INFO - Created Permission View: can delete on DAG:example_xcom
[2025-09-03T19:42:48.667+0200] {logging_mixin.py:137} INFO - [2025-09-03T19:42:48.667+0200] {manager.py:504} INFO - Created Permission View: can read on DAG:example_xcom
[2025-09-03T19:42:48.667+0200] {logging_mixin.py:137} INFO - [2025-09-03T19:42:48.667+0200] {dag.py:2705} INFO - Sync 1 DAGs
[2025-09-03T19:42:48.675+0200] {logging_mixin.py:137} INFO - [2025-09-03T19:42:48.675+0200] {dag.py:2726} INFO - Creating ORM DAG for example_xcom
[2025-09-03T19:42:48.682+0200] {logging_mixin.py:137} INFO - [2025-09-03T19:42:48.682+0200] {dag.py:3452} INFO - Setting next_dagrun for example_xcom to 2021-01-01T00:00:00+00:00, run_after=2021-01-01T00:00:00+00:00
[2025-09-03T19:42:48.708+0200] {processor.py:175} INFO - Processing /home/varun/miniconda3/envs/python38/lib/python3.8/site-packages/airflow/example_dags/example_xcom.py took 0.192 seconds
[2025-09-03T19:43:35.713+0200] {processor.py:153} INFO - Started process (PID=3151) to work on /home/varun/miniconda3/envs/python38/lib/python3.8/site-packages/airflow/example_dags/example_xcom.py
[2025-09-03T19:43:35.715+0200] {processor.py:743} INFO - Processing file /home/varun/miniconda3/envs/python38/lib/python3.8/site-packages/airflow/example_dags/example_xcom.py for tasks to queue
[2025-09-03T19:43:35.716+0200] {logging_mixin.py:137} INFO - [2025-09-03T19:43:35.716+0200] {dagbag.py:532} INFO - Filling up the DagBag from /home/varun/miniconda3/envs/python38/lib/python3.8/site-packages/airflow/example_dags/example_xcom.py
[2025-09-03T19:43:35.744+0200] {processor.py:753} INFO - DAG(s) dict_keys(['example_xcom']) retrieved from /home/varun/miniconda3/envs/python38/lib/python3.8/site-packages/airflow/example_dags/example_xcom.py
[2025-09-03T19:43:35.768+0200] {logging_mixin.py:137} INFO - [2025-09-03T19:43:35.767+0200] {dag.py:2705} INFO - Sync 1 DAGs
[2025-09-03T19:43:35.790+0200] {logging_mixin.py:137} INFO - [2025-09-03T19:43:35.790+0200] {dag.py:3452} INFO - Setting next_dagrun for example_xcom to 2021-01-01T00:00:00+00:00, run_after=2021-01-01T00:00:00+00:00
[2025-09-03T19:43:35.820+0200] {processor.py:175} INFO - Processing /home/varun/miniconda3/envs/python38/lib/python3.8/site-packages/airflow/example_dags/example_xcom.py took 0.110 seconds
[2025-09-03T19:44:25.770+0200] {processor.py:153} INFO - Started process (PID=3193) to work on /home/varun/miniconda3/envs/python38/lib/python3.8/site-packages/airflow/example_dags/example_xcom.py
[2025-09-03T19:44:25.771+0200] {processor.py:743} INFO - Processing file /home/varun/miniconda3/envs/python38/lib/python3.8/site-packages/airflow/example_dags/example_xcom.py for tasks to queue
[2025-09-03T19:44:25.772+0200] {logging_mixin.py:137} INFO - [2025-09-03T19:44:25.772+0200] {dagbag.py:532} INFO - Filling up the DagBag from /home/varun/miniconda3/envs/python38/lib/python3.8/site-packages/airflow/example_dags/example_xcom.py
[2025-09-03T19:44:25.796+0200] {processor.py:753} INFO - DAG(s) dict_keys(['example_xcom']) retrieved from /home/varun/miniconda3/envs/python38/lib/python3.8/site-packages/airflow/example_dags/example_xcom.py
[2025-09-03T19:44:25.817+0200] {logging_mixin.py:137} INFO - [2025-09-03T19:44:25.817+0200] {dag.py:2705} INFO - Sync 1 DAGs
[2025-09-03T19:44:25.835+0200] {logging_mixin.py:137} INFO - [2025-09-03T19:44:25.835+0200] {dag.py:3452} INFO - Setting next_dagrun for example_xcom to 2021-01-01T00:00:00+00:00, run_after=2021-01-01T00:00:00+00:00
[2025-09-03T19:44:25.857+0200] {processor.py:175} INFO - Processing /home/varun/miniconda3/envs/python38/lib/python3.8/site-packages/airflow/example_dags/example_xcom.py took 0.090 seconds
[2025-09-03T19:45:13.645+0200] {processor.py:153} INFO - Started process (PID=3236) to work on /home/varun/miniconda3/envs/python38/lib/python3.8/site-packages/airflow/example_dags/example_xcom.py
[2025-09-03T19:45:13.646+0200] {processor.py:743} INFO - Processing file /home/varun/miniconda3/envs/python38/lib/python3.8/site-packages/airflow/example_dags/example_xcom.py for tasks to queue
[2025-09-03T19:45:13.647+0200] {logging_mixin.py:137} INFO - [2025-09-03T19:45:13.647+0200] {dagbag.py:532} INFO - Filling up the DagBag from /home/varun/miniconda3/envs/python38/lib/python3.8/site-packages/airflow/example_dags/example_xcom.py
[2025-09-03T19:45:13.673+0200] {processor.py:753} INFO - DAG(s) dict_keys(['example_xcom']) retrieved from /home/varun/miniconda3/envs/python38/lib/python3.8/site-packages/airflow/example_dags/example_xcom.py
[2025-09-03T19:45:13.696+0200] {logging_mixin.py:137} INFO - [2025-09-03T19:45:13.696+0200] {dag.py:2705} INFO - Sync 1 DAGs
[2025-09-03T19:45:13.714+0200] {logging_mixin.py:137} INFO - [2025-09-03T19:45:13.714+0200] {dag.py:3452} INFO - Setting next_dagrun for example_xcom to 2021-01-01T00:00:00+00:00, run_after=2021-01-01T00:00:00+00:00
[2025-09-03T19:45:13.738+0200] {processor.py:175} INFO - Processing /home/varun/miniconda3/envs/python38/lib/python3.8/site-packages/airflow/example_dags/example_xcom.py took 0.097 seconds
[2025-09-03T19:45:59.069+0200] {processor.py:153} INFO - Started process (PID=3306) to work on /home/varun/miniconda3/envs/python38/lib/python3.8/site-packages/airflow/example_dags/example_xcom.py
[2025-09-03T19:45:59.070+0200] {processor.py:743} INFO - Processing file /home/varun/miniconda3/envs/python38/lib/python3.8/site-packages/airflow/example_dags/example_xcom.py for tasks to queue
[2025-09-03T19:45:59.071+0200] {logging_mixin.py:137} INFO - [2025-09-03T19:45:59.070+0200] {dagbag.py:532} INFO - Filling up the DagBag from /home/varun/miniconda3/envs/python38/lib/python3.8/site-packages/airflow/example_dags/example_xcom.py
[2025-09-03T19:45:59.092+0200] {processor.py:753} INFO - DAG(s) dict_keys(['example_xcom']) retrieved from /home/varun/miniconda3/envs/python38/lib/python3.8/site-packages/airflow/example_dags/example_xcom.py
[2025-09-03T19:45:59.111+0200] {logging_mixin.py:137} INFO - [2025-09-03T19:45:59.111+0200] {dag.py:2705} INFO - Sync 1 DAGs
[2025-09-03T19:45:59.127+0200] {logging_mixin.py:137} INFO - [2025-09-03T19:45:59.127+0200] {dag.py:3452} INFO - Setting next_dagrun for example_xcom to 2021-01-01T00:00:00+00:00, run_after=2021-01-01T00:00:00+00:00
[2025-09-03T19:45:59.152+0200] {processor.py:175} INFO - Processing /home/varun/miniconda3/envs/python38/lib/python3.8/site-packages/airflow/example_dags/example_xcom.py took 0.087 seconds
[2025-09-03T19:46:47.890+0200] {processor.py:153} INFO - Started process (PID=3354) to work on /home/varun/miniconda3/envs/python38/lib/python3.8/site-packages/airflow/example_dags/example_xcom.py
[2025-09-03T19:46:47.893+0200] {processor.py:743} INFO - Processing file /home/varun/miniconda3/envs/python38/lib/python3.8/site-packages/airflow/example_dags/example_xcom.py for tasks to queue
[2025-09-03T19:46:47.894+0200] {logging_mixin.py:137} INFO - [2025-09-03T19:46:47.893+0200] {dagbag.py:532} INFO - Filling up the DagBag from /home/varun/miniconda3/envs/python38/lib/python3.8/site-packages/airflow/example_dags/example_xcom.py
[2025-09-03T19:46:47.940+0200] {processor.py:753} INFO - DAG(s) dict_keys(['example_xcom']) retrieved from /home/varun/miniconda3/envs/python38/lib/python3.8/site-packages/airflow/example_dags/example_xcom.py
[2025-09-03T19:46:47.983+0200] {logging_mixin.py:137} INFO - [2025-09-03T19:46:47.983+0200] {dag.py:2705} INFO - Sync 1 DAGs
[2025-09-03T19:46:48.023+0200] {logging_mixin.py:137} INFO - [2025-09-03T19:46:48.022+0200] {dag.py:3452} INFO - Setting next_dagrun for example_xcom to 2021-01-01T00:00:00+00:00, run_after=2021-01-01T00:00:00+00:00
[2025-09-03T19:46:48.070+0200] {processor.py:175} INFO - Processing /home/varun/miniconda3/envs/python38/lib/python3.8/site-packages/airflow/example_dags/example_xcom.py took 0.184 seconds
[2025-09-03T19:47:34.375+0200] {processor.py:153} INFO - Started process (PID=3404) to work on /home/varun/miniconda3/envs/python38/lib/python3.8/site-packages/airflow/example_dags/example_xcom.py
[2025-09-03T19:47:34.377+0200] {processor.py:743} INFO - Processing file /home/varun/miniconda3/envs/python38/lib/python3.8/site-packages/airflow/example_dags/example_xcom.py for tasks to queue
[2025-09-03T19:47:34.377+0200] {logging_mixin.py:137} INFO - [2025-09-03T19:47:34.377+0200] {dagbag.py:532} INFO - Filling up the DagBag from /home/varun/miniconda3/envs/python38/lib/python3.8/site-packages/airflow/example_dags/example_xcom.py
[2025-09-03T19:47:34.408+0200] {processor.py:753} INFO - DAG(s) dict_keys(['example_xcom']) retrieved from /home/varun/miniconda3/envs/python38/lib/python3.8/site-packages/airflow/example_dags/example_xcom.py
[2025-09-03T19:47:34.440+0200] {logging_mixin.py:137} INFO - [2025-09-03T19:47:34.440+0200] {dag.py:2705} INFO - Sync 1 DAGs
[2025-09-03T19:47:34.462+0200] {logging_mixin.py:137} INFO - [2025-09-03T19:47:34.461+0200] {dag.py:3452} INFO - Setting next_dagrun for example_xcom to 2021-01-01T00:00:00+00:00, run_after=2021-01-01T00:00:00+00:00
[2025-09-03T19:47:34.493+0200] {processor.py:175} INFO - Processing /home/varun/miniconda3/envs/python38/lib/python3.8/site-packages/airflow/example_dags/example_xcom.py took 0.121 seconds
[2025-09-03T19:48:18.549+0200] {processor.py:153} INFO - Started process (PID=3446) to work on /home/varun/miniconda3/envs/python38/lib/python3.8/site-packages/airflow/example_dags/example_xcom.py
[2025-09-03T19:48:18.550+0200] {processor.py:743} INFO - Processing file /home/varun/miniconda3/envs/python38/lib/python3.8/site-packages/airflow/example_dags/example_xcom.py for tasks to queue
[2025-09-03T19:48:18.551+0200] {logging_mixin.py:137} INFO - [2025-09-03T19:48:18.550+0200] {dagbag.py:532} INFO - Filling up the DagBag from /home/varun/miniconda3/envs/python38/lib/python3.8/site-packages/airflow/example_dags/example_xcom.py
[2025-09-03T19:48:18.570+0200] {processor.py:753} INFO - DAG(s) dict_keys(['example_xcom']) retrieved from /home/varun/miniconda3/envs/python38/lib/python3.8/site-packages/airflow/example_dags/example_xcom.py
[2025-09-03T19:48:18.590+0200] {logging_mixin.py:137} INFO - [2025-09-03T19:48:18.590+0200] {dag.py:2705} INFO - Sync 1 DAGs
[2025-09-03T19:48:18.606+0200] {logging_mixin.py:137} INFO - [2025-09-03T19:48:18.606+0200] {dag.py:3452} INFO - Setting next_dagrun for example_xcom to 2021-01-01T00:00:00+00:00, run_after=2021-01-01T00:00:00+00:00
[2025-09-03T19:48:18.627+0200] {processor.py:175} INFO - Processing /home/varun/miniconda3/envs/python38/lib/python3.8/site-packages/airflow/example_dags/example_xcom.py took 0.082 seconds
[2025-09-03T19:49:11.368+0200] {processor.py:153} INFO - Started process (PID=3488) to work on /home/varun/miniconda3/envs/python38/lib/python3.8/site-packages/airflow/example_dags/example_xcom.py
[2025-09-03T19:49:11.371+0200] {processor.py:743} INFO - Processing file /home/varun/miniconda3/envs/python38/lib/python3.8/site-packages/airflow/example_dags/example_xcom.py for tasks to queue
[2025-09-03T19:49:11.371+0200] {logging_mixin.py:137} INFO - [2025-09-03T19:49:11.371+0200] {dagbag.py:532} INFO - Filling up the DagBag from /home/varun/miniconda3/envs/python38/lib/python3.8/site-packages/airflow/example_dags/example_xcom.py
[2025-09-03T19:49:11.397+0200] {processor.py:753} INFO - DAG(s) dict_keys(['example_xcom']) retrieved from /home/varun/miniconda3/envs/python38/lib/python3.8/site-packages/airflow/example_dags/example_xcom.py
[2025-09-03T19:49:11.422+0200] {logging_mixin.py:137} INFO - [2025-09-03T19:49:11.422+0200] {dag.py:2705} INFO - Sync 1 DAGs
[2025-09-03T19:49:11.447+0200] {logging_mixin.py:137} INFO - [2025-09-03T19:49:11.447+0200] {dag.py:3452} INFO - Setting next_dagrun for example_xcom to 2021-01-01T00:00:00+00:00, run_after=2021-01-01T00:00:00+00:00
[2025-09-03T19:49:11.471+0200] {processor.py:175} INFO - Processing /home/varun/miniconda3/envs/python38/lib/python3.8/site-packages/airflow/example_dags/example_xcom.py took 0.107 seconds
[2025-09-03T19:49:59.031+0200] {processor.py:153} INFO - Started process (PID=3539) to work on /home/varun/miniconda3/envs/python38/lib/python3.8/site-packages/airflow/example_dags/example_xcom.py
[2025-09-03T19:49:59.033+0200] {processor.py:743} INFO - Processing file /home/varun/miniconda3/envs/python38/lib/python3.8/site-packages/airflow/example_dags/example_xcom.py for tasks to queue
[2025-09-03T19:49:59.034+0200] {logging_mixin.py:137} INFO - [2025-09-03T19:49:59.033+0200] {dagbag.py:532} INFO - Filling up the DagBag from /home/varun/miniconda3/envs/python38/lib/python3.8/site-packages/airflow/example_dags/example_xcom.py
[2025-09-03T19:49:59.062+0200] {processor.py:753} INFO - DAG(s) dict_keys(['example_xcom']) retrieved from /home/varun/miniconda3/envs/python38/lib/python3.8/site-packages/airflow/example_dags/example_xcom.py
[2025-09-03T19:49:59.090+0200] {logging_mixin.py:137} INFO - [2025-09-03T19:49:59.090+0200] {dag.py:2705} INFO - Sync 1 DAGs
[2025-09-03T19:49:59.110+0200] {logging_mixin.py:137} INFO - [2025-09-03T19:49:59.110+0200] {dag.py:3452} INFO - Setting next_dagrun for example_xcom to 2021-01-01T00:00:00+00:00, run_after=2021-01-01T00:00:00+00:00
[2025-09-03T19:49:59.137+0200] {processor.py:175} INFO - Processing /home/varun/miniconda3/envs/python38/lib/python3.8/site-packages/airflow/example_dags/example_xcom.py took 0.110 seconds
[2025-09-03T19:50:45.500+0200] {processor.py:153} INFO - Started process (PID=3582) to work on /home/varun/miniconda3/envs/python38/lib/python3.8/site-packages/airflow/example_dags/example_xcom.py
[2025-09-03T19:50:45.502+0200] {processor.py:743} INFO - Processing file /home/varun/miniconda3/envs/python38/lib/python3.8/site-packages/airflow/example_dags/example_xcom.py for tasks to queue
[2025-09-03T19:50:45.504+0200] {logging_mixin.py:137} INFO - [2025-09-03T19:50:45.504+0200] {dagbag.py:532} INFO - Filling up the DagBag from /home/varun/miniconda3/envs/python38/lib/python3.8/site-packages/airflow/example_dags/example_xcom.py
[2025-09-03T19:50:45.528+0200] {processor.py:753} INFO - DAG(s) dict_keys(['example_xcom']) retrieved from /home/varun/miniconda3/envs/python38/lib/python3.8/site-packages/airflow/example_dags/example_xcom.py
[2025-09-03T19:50:45.550+0200] {logging_mixin.py:137} INFO - [2025-09-03T19:50:45.550+0200] {dag.py:2705} INFO - Sync 1 DAGs
[2025-09-03T19:50:45.567+0200] {logging_mixin.py:137} INFO - [2025-09-03T19:50:45.567+0200] {dag.py:3452} INFO - Setting next_dagrun for example_xcom to 2021-01-01T00:00:00+00:00, run_after=2021-01-01T00:00:00+00:00
[2025-09-03T19:50:45.592+0200] {processor.py:175} INFO - Processing /home/varun/miniconda3/envs/python38/lib/python3.8/site-packages/airflow/example_dags/example_xcom.py took 0.096 seconds
[2025-09-03T19:51:35.771+0200] {processor.py:153} INFO - Started process (PID=3637) to work on /home/varun/miniconda3/envs/python38/lib/python3.8/site-packages/airflow/example_dags/example_xcom.py
[2025-09-03T19:51:35.773+0200] {processor.py:743} INFO - Processing file /home/varun/miniconda3/envs/python38/lib/python3.8/site-packages/airflow/example_dags/example_xcom.py for tasks to queue
[2025-09-03T19:51:35.774+0200] {logging_mixin.py:137} INFO - [2025-09-03T19:51:35.774+0200] {dagbag.py:532} INFO - Filling up the DagBag from /home/varun/miniconda3/envs/python38/lib/python3.8/site-packages/airflow/example_dags/example_xcom.py
[2025-09-03T19:51:35.795+0200] {processor.py:753} INFO - DAG(s) dict_keys(['example_xcom']) retrieved from /home/varun/miniconda3/envs/python38/lib/python3.8/site-packages/airflow/example_dags/example_xcom.py
[2025-09-03T19:51:35.816+0200] {logging_mixin.py:137} INFO - [2025-09-03T19:51:35.816+0200] {dag.py:2705} INFO - Sync 1 DAGs
[2025-09-03T19:51:35.834+0200] {logging_mixin.py:137} INFO - [2025-09-03T19:51:35.834+0200] {dag.py:3452} INFO - Setting next_dagrun for example_xcom to 2021-01-01T00:00:00+00:00, run_after=2021-01-01T00:00:00+00:00
[2025-09-03T19:51:35.858+0200] {processor.py:175} INFO - Processing /home/varun/miniconda3/envs/python38/lib/python3.8/site-packages/airflow/example_dags/example_xcom.py took 0.090 seconds
[2025-09-03T19:52:22.078+0200] {processor.py:153} INFO - Started process (PID=3686) to work on /home/varun/miniconda3/envs/python38/lib/python3.8/site-packages/airflow/example_dags/example_xcom.py
[2025-09-03T19:52:22.080+0200] {processor.py:743} INFO - Processing file /home/varun/miniconda3/envs/python38/lib/python3.8/site-packages/airflow/example_dags/example_xcom.py for tasks to queue
[2025-09-03T19:52:22.081+0200] {logging_mixin.py:137} INFO - [2025-09-03T19:52:22.081+0200] {dagbag.py:532} INFO - Filling up the DagBag from /home/varun/miniconda3/envs/python38/lib/python3.8/site-packages/airflow/example_dags/example_xcom.py
[2025-09-03T19:52:22.114+0200] {processor.py:753} INFO - DAG(s) dict_keys(['example_xcom']) retrieved from /home/varun/miniconda3/envs/python38/lib/python3.8/site-packages/airflow/example_dags/example_xcom.py
[2025-09-03T19:52:22.142+0200] {logging_mixin.py:137} INFO - [2025-09-03T19:52:22.141+0200] {dag.py:2705} INFO - Sync 1 DAGs
[2025-09-03T19:52:22.171+0200] {logging_mixin.py:137} INFO - [2025-09-03T19:52:22.170+0200] {dag.py:3452} INFO - Setting next_dagrun for example_xcom to 2021-01-01T00:00:00+00:00, run_after=2021-01-01T00:00:00+00:00
[2025-09-03T19:52:22.350+0200] {processor.py:175} INFO - Processing /home/varun/miniconda3/envs/python38/lib/python3.8/site-packages/airflow/example_dags/example_xcom.py took 0.276 seconds
[2025-09-03T19:53:16.890+0200] {processor.py:153} INFO - Started process (PID=3728) to work on /home/varun/miniconda3/envs/python38/lib/python3.8/site-packages/airflow/example_dags/example_xcom.py
[2025-09-03T19:53:16.892+0200] {processor.py:743} INFO - Processing file /home/varun/miniconda3/envs/python38/lib/python3.8/site-packages/airflow/example_dags/example_xcom.py for tasks to queue
[2025-09-03T19:53:16.892+0200] {logging_mixin.py:137} INFO - [2025-09-03T19:53:16.892+0200] {dagbag.py:532} INFO - Filling up the DagBag from /home/varun/miniconda3/envs/python38/lib/python3.8/site-packages/airflow/example_dags/example_xcom.py
[2025-09-03T19:53:16.913+0200] {processor.py:753} INFO - DAG(s) dict_keys(['example_xcom']) retrieved from /home/varun/miniconda3/envs/python38/lib/python3.8/site-packages/airflow/example_dags/example_xcom.py
[2025-09-03T19:53:16.932+0200] {logging_mixin.py:137} INFO - [2025-09-03T19:53:16.932+0200] {dag.py:2705} INFO - Sync 1 DAGs
[2025-09-03T19:53:17.046+0200] {logging_mixin.py:137} INFO - [2025-09-03T19:53:17.045+0200] {dag.py:3452} INFO - Setting next_dagrun for example_xcom to 2021-01-01T00:00:00+00:00, run_after=2021-01-01T00:00:00+00:00
[2025-09-03T19:53:17.066+0200] {processor.py:175} INFO - Processing /home/varun/miniconda3/envs/python38/lib/python3.8/site-packages/airflow/example_dags/example_xcom.py took 0.179 seconds
[2025-09-03T19:54:12.710+0200] {processor.py:153} INFO - Started process (PID=3779) to work on /home/varun/miniconda3/envs/python38/lib/python3.8/site-packages/airflow/example_dags/example_xcom.py
[2025-09-03T19:54:12.712+0200] {processor.py:743} INFO - Processing file /home/varun/miniconda3/envs/python38/lib/python3.8/site-packages/airflow/example_dags/example_xcom.py for tasks to queue
[2025-09-03T19:54:12.714+0200] {logging_mixin.py:137} INFO - [2025-09-03T19:54:12.713+0200] {dagbag.py:532} INFO - Filling up the DagBag from /home/varun/miniconda3/envs/python38/lib/python3.8/site-packages/airflow/example_dags/example_xcom.py
[2025-09-03T19:54:12.751+0200] {processor.py:753} INFO - DAG(s) dict_keys(['example_xcom']) retrieved from /home/varun/miniconda3/envs/python38/lib/python3.8/site-packages/airflow/example_dags/example_xcom.py
[2025-09-03T19:54:12.903+0200] {logging_mixin.py:137} INFO - [2025-09-03T19:54:12.903+0200] {dag.py:2705} INFO - Sync 1 DAGs
[2025-09-03T19:54:12.923+0200] {logging_mixin.py:137} INFO - [2025-09-03T19:54:12.923+0200] {dag.py:3452} INFO - Setting next_dagrun for example_xcom to 2021-01-01T00:00:00+00:00, run_after=2021-01-01T00:00:00+00:00
[2025-09-03T19:54:12.961+0200] {processor.py:175} INFO - Processing /home/varun/miniconda3/envs/python38/lib/python3.8/site-packages/airflow/example_dags/example_xcom.py took 0.256 seconds
[2025-09-03T19:55:11.218+0200] {processor.py:153} INFO - Started process (PID=3831) to work on /home/varun/miniconda3/envs/python38/lib/python3.8/site-packages/airflow/example_dags/example_xcom.py
[2025-09-03T19:55:11.221+0200] {processor.py:743} INFO - Processing file /home/varun/miniconda3/envs/python38/lib/python3.8/site-packages/airflow/example_dags/example_xcom.py for tasks to queue
[2025-09-03T19:55:11.222+0200] {logging_mixin.py:137} INFO - [2025-09-03T19:55:11.222+0200] {dagbag.py:532} INFO - Filling up the DagBag from /home/varun/miniconda3/envs/python38/lib/python3.8/site-packages/airflow/example_dags/example_xcom.py
[2025-09-03T19:55:11.266+0200] {processor.py:753} INFO - DAG(s) dict_keys(['example_xcom']) retrieved from /home/varun/miniconda3/envs/python38/lib/python3.8/site-packages/airflow/example_dags/example_xcom.py
[2025-09-03T19:55:11.461+0200] {logging_mixin.py:137} INFO - [2025-09-03T19:55:11.461+0200] {dag.py:2705} INFO - Sync 1 DAGs
[2025-09-03T19:55:11.489+0200] {logging_mixin.py:137} INFO - [2025-09-03T19:55:11.488+0200] {dag.py:3452} INFO - Setting next_dagrun for example_xcom to 2021-01-01T00:00:00+00:00, run_after=2021-01-01T00:00:00+00:00
[2025-09-03T19:55:11.526+0200] {processor.py:175} INFO - Processing /home/varun/miniconda3/envs/python38/lib/python3.8/site-packages/airflow/example_dags/example_xcom.py took 0.312 seconds
[2025-09-03T19:56:13.537+0200] {processor.py:153} INFO - Started process (PID=3887) to work on /home/varun/miniconda3/envs/python38/lib/python3.8/site-packages/airflow/example_dags/example_xcom.py
[2025-09-03T19:56:13.539+0200] {processor.py:743} INFO - Processing file /home/varun/miniconda3/envs/python38/lib/python3.8/site-packages/airflow/example_dags/example_xcom.py for tasks to queue
[2025-09-03T19:56:13.540+0200] {logging_mixin.py:137} INFO - [2025-09-03T19:56:13.540+0200] {dagbag.py:532} INFO - Filling up the DagBag from /home/varun/miniconda3/envs/python38/lib/python3.8/site-packages/airflow/example_dags/example_xcom.py
[2025-09-03T19:56:13.704+0200] {processor.py:753} INFO - DAG(s) dict_keys(['example_xcom']) retrieved from /home/varun/miniconda3/envs/python38/lib/python3.8/site-packages/airflow/example_dags/example_xcom.py
[2025-09-03T19:56:13.724+0200] {logging_mixin.py:137} INFO - [2025-09-03T19:56:13.724+0200] {dag.py:2705} INFO - Sync 1 DAGs
[2025-09-03T19:56:13.747+0200] {logging_mixin.py:137} INFO - [2025-09-03T19:56:13.746+0200] {dag.py:3452} INFO - Setting next_dagrun for example_xcom to 2021-01-01T00:00:00+00:00, run_after=2021-01-01T00:00:00+00:00
[2025-09-03T19:56:13.773+0200] {processor.py:175} INFO - Processing /home/varun/miniconda3/envs/python38/lib/python3.8/site-packages/airflow/example_dags/example_xcom.py took 0.241 seconds
[2025-09-03T19:57:07.210+0200] {processor.py:153} INFO - Started process (PID=3932) to work on /home/varun/miniconda3/envs/python38/lib/python3.8/site-packages/airflow/example_dags/example_xcom.py
[2025-09-03T19:57:07.213+0200] {processor.py:743} INFO - Processing file /home/varun/miniconda3/envs/python38/lib/python3.8/site-packages/airflow/example_dags/example_xcom.py for tasks to queue
[2025-09-03T19:57:07.215+0200] {logging_mixin.py:137} INFO - [2025-09-03T19:57:07.215+0200] {dagbag.py:532} INFO - Filling up the DagBag from /home/varun/miniconda3/envs/python38/lib/python3.8/site-packages/airflow/example_dags/example_xcom.py
[2025-09-03T19:57:07.452+0200] {processor.py:753} INFO - DAG(s) dict_keys(['example_xcom']) retrieved from /home/varun/miniconda3/envs/python38/lib/python3.8/site-packages/airflow/example_dags/example_xcom.py
[2025-09-03T19:57:07.474+0200] {logging_mixin.py:137} INFO - [2025-09-03T19:57:07.473+0200] {dag.py:2705} INFO - Sync 1 DAGs
[2025-09-03T19:57:07.496+0200] {logging_mixin.py:137} INFO - [2025-09-03T19:57:07.496+0200] {dag.py:3452} INFO - Setting next_dagrun for example_xcom to 2021-01-01T00:00:00+00:00, run_after=2021-01-01T00:00:00+00:00
[2025-09-03T19:57:07.531+0200] {processor.py:175} INFO - Processing /home/varun/miniconda3/envs/python38/lib/python3.8/site-packages/airflow/example_dags/example_xcom.py took 0.325 seconds
[2025-09-03T19:57:55.230+0200] {processor.py:153} INFO - Started process (PID=3976) to work on /home/varun/miniconda3/envs/python38/lib/python3.8/site-packages/airflow/example_dags/example_xcom.py
[2025-09-03T19:57:55.233+0200] {processor.py:743} INFO - Processing file /home/varun/miniconda3/envs/python38/lib/python3.8/site-packages/airflow/example_dags/example_xcom.py for tasks to queue
[2025-09-03T19:57:55.234+0200] {logging_mixin.py:137} INFO - [2025-09-03T19:57:55.234+0200] {dagbag.py:532} INFO - Filling up the DagBag from /home/varun/miniconda3/envs/python38/lib/python3.8/site-packages/airflow/example_dags/example_xcom.py
[2025-09-03T19:57:55.262+0200] {processor.py:753} INFO - DAG(s) dict_keys(['example_xcom']) retrieved from /home/varun/miniconda3/envs/python38/lib/python3.8/site-packages/airflow/example_dags/example_xcom.py
[2025-09-03T19:57:55.287+0200] {logging_mixin.py:137} INFO - [2025-09-03T19:57:55.287+0200] {dag.py:2705} INFO - Sync 1 DAGs
[2025-09-03T19:57:55.306+0200] {logging_mixin.py:137} INFO - [2025-09-03T19:57:55.306+0200] {dag.py:3452} INFO - Setting next_dagrun for example_xcom to 2021-01-01T00:00:00+00:00, run_after=2021-01-01T00:00:00+00:00
[2025-09-03T19:57:55.334+0200] {processor.py:175} INFO - Processing /home/varun/miniconda3/envs/python38/lib/python3.8/site-packages/airflow/example_dags/example_xcom.py took 0.108 seconds
[2025-09-03T20:01:03.694+0200] {processor.py:153} INFO - Started process (PID=4047) to work on /home/varun/miniconda3/envs/python38/lib/python3.8/site-packages/airflow/example_dags/example_xcom.py
[2025-09-03T20:01:03.696+0200] {processor.py:743} INFO - Processing file /home/varun/miniconda3/envs/python38/lib/python3.8/site-packages/airflow/example_dags/example_xcom.py for tasks to queue
[2025-09-03T20:01:03.697+0200] {logging_mixin.py:137} INFO - [2025-09-03T20:01:03.697+0200] {dagbag.py:532} INFO - Filling up the DagBag from /home/varun/miniconda3/envs/python38/lib/python3.8/site-packages/airflow/example_dags/example_xcom.py
[2025-09-03T20:01:03.734+0200] {processor.py:753} INFO - DAG(s) dict_keys(['example_xcom']) retrieved from /home/varun/miniconda3/envs/python38/lib/python3.8/site-packages/airflow/example_dags/example_xcom.py
[2025-09-03T20:01:03.757+0200] {logging_mixin.py:137} INFO - [2025-09-03T20:01:03.757+0200] {dag.py:2705} INFO - Sync 1 DAGs
[2025-09-03T20:01:03.784+0200] {logging_mixin.py:137} INFO - [2025-09-03T20:01:03.784+0200] {dag.py:3452} INFO - Setting next_dagrun for example_xcom to 2021-01-01T00:00:00+00:00, run_after=2021-01-01T00:00:00+00:00
[2025-09-03T20:01:03.821+0200] {processor.py:175} INFO - Processing /home/varun/miniconda3/envs/python38/lib/python3.8/site-packages/airflow/example_dags/example_xcom.py took 0.131 seconds
[2025-09-03T20:01:51.208+0200] {processor.py:153} INFO - Started process (PID=4094) to work on /home/varun/miniconda3/envs/python38/lib/python3.8/site-packages/airflow/example_dags/example_xcom.py
[2025-09-03T20:01:51.210+0200] {processor.py:743} INFO - Processing file /home/varun/miniconda3/envs/python38/lib/python3.8/site-packages/airflow/example_dags/example_xcom.py for tasks to queue
[2025-09-03T20:01:51.211+0200] {logging_mixin.py:137} INFO - [2025-09-03T20:01:51.211+0200] {dagbag.py:532} INFO - Filling up the DagBag from /home/varun/miniconda3/envs/python38/lib/python3.8/site-packages/airflow/example_dags/example_xcom.py
[2025-09-03T20:01:51.252+0200] {processor.py:753} INFO - DAG(s) dict_keys(['example_xcom']) retrieved from /home/varun/miniconda3/envs/python38/lib/python3.8/site-packages/airflow/example_dags/example_xcom.py
[2025-09-03T20:01:51.299+0200] {logging_mixin.py:137} INFO - [2025-09-03T20:01:51.298+0200] {dag.py:2705} INFO - Sync 1 DAGs
[2025-09-03T20:01:51.337+0200] {logging_mixin.py:137} INFO - [2025-09-03T20:01:51.337+0200] {dag.py:3452} INFO - Setting next_dagrun for example_xcom to 2021-01-01T00:00:00+00:00, run_after=2021-01-01T00:00:00+00:00
[2025-09-03T20:01:51.381+0200] {processor.py:175} INFO - Processing /home/varun/miniconda3/envs/python38/lib/python3.8/site-packages/airflow/example_dags/example_xcom.py took 0.177 seconds
[2025-09-03T20:02:36.105+0200] {processor.py:153} INFO - Started process (PID=4136) to work on /home/varun/miniconda3/envs/python38/lib/python3.8/site-packages/airflow/example_dags/example_xcom.py
[2025-09-03T20:02:36.107+0200] {processor.py:743} INFO - Processing file /home/varun/miniconda3/envs/python38/lib/python3.8/site-packages/airflow/example_dags/example_xcom.py for tasks to queue
[2025-09-03T20:02:36.108+0200] {logging_mixin.py:137} INFO - [2025-09-03T20:02:36.108+0200] {dagbag.py:532} INFO - Filling up the DagBag from /home/varun/miniconda3/envs/python38/lib/python3.8/site-packages/airflow/example_dags/example_xcom.py
[2025-09-03T20:02:36.138+0200] {processor.py:753} INFO - DAG(s) dict_keys(['example_xcom']) retrieved from /home/varun/miniconda3/envs/python38/lib/python3.8/site-packages/airflow/example_dags/example_xcom.py
[2025-09-03T20:02:36.164+0200] {logging_mixin.py:137} INFO - [2025-09-03T20:02:36.163+0200] {dag.py:2705} INFO - Sync 1 DAGs
[2025-09-03T20:02:36.187+0200] {logging_mixin.py:137} INFO - [2025-09-03T20:02:36.187+0200] {dag.py:3452} INFO - Setting next_dagrun for example_xcom to 2021-01-01T00:00:00+00:00, run_after=2021-01-01T00:00:00+00:00
[2025-09-03T20:02:36.215+0200] {processor.py:175} INFO - Processing /home/varun/miniconda3/envs/python38/lib/python3.8/site-packages/airflow/example_dags/example_xcom.py took 0.113 seconds
[2025-09-03T20:03:27.007+0200] {processor.py:153} INFO - Started process (PID=4178) to work on /home/varun/miniconda3/envs/python38/lib/python3.8/site-packages/airflow/example_dags/example_xcom.py
[2025-09-03T20:03:27.008+0200] {processor.py:743} INFO - Processing file /home/varun/miniconda3/envs/python38/lib/python3.8/site-packages/airflow/example_dags/example_xcom.py for tasks to queue
[2025-09-03T20:03:27.009+0200] {logging_mixin.py:137} INFO - [2025-09-03T20:03:27.009+0200] {dagbag.py:532} INFO - Filling up the DagBag from /home/varun/miniconda3/envs/python38/lib/python3.8/site-packages/airflow/example_dags/example_xcom.py
[2025-09-03T20:03:27.035+0200] {processor.py:753} INFO - DAG(s) dict_keys(['example_xcom']) retrieved from /home/varun/miniconda3/envs/python38/lib/python3.8/site-packages/airflow/example_dags/example_xcom.py
[2025-09-03T20:03:27.057+0200] {logging_mixin.py:137} INFO - [2025-09-03T20:03:27.057+0200] {dag.py:2705} INFO - Sync 1 DAGs
[2025-09-03T20:03:27.078+0200] {logging_mixin.py:137} INFO - [2025-09-03T20:03:27.077+0200] {dag.py:3452} INFO - Setting next_dagrun for example_xcom to 2021-01-01T00:00:00+00:00, run_after=2021-01-01T00:00:00+00:00
[2025-09-03T20:03:27.106+0200] {processor.py:175} INFO - Processing /home/varun/miniconda3/envs/python38/lib/python3.8/site-packages/airflow/example_dags/example_xcom.py took 0.102 seconds
[2025-09-03T20:04:13.854+0200] {processor.py:153} INFO - Started process (PID=4220) to work on /home/varun/miniconda3/envs/python38/lib/python3.8/site-packages/airflow/example_dags/example_xcom.py
[2025-09-03T20:04:13.856+0200] {processor.py:743} INFO - Processing file /home/varun/miniconda3/envs/python38/lib/python3.8/site-packages/airflow/example_dags/example_xcom.py for tasks to queue
[2025-09-03T20:04:13.857+0200] {logging_mixin.py:137} INFO - [2025-09-03T20:04:13.857+0200] {dagbag.py:532} INFO - Filling up the DagBag from /home/varun/miniconda3/envs/python38/lib/python3.8/site-packages/airflow/example_dags/example_xcom.py
[2025-09-03T20:04:13.893+0200] {processor.py:753} INFO - DAG(s) dict_keys(['example_xcom']) retrieved from /home/varun/miniconda3/envs/python38/lib/python3.8/site-packages/airflow/example_dags/example_xcom.py
[2025-09-03T20:04:13.923+0200] {logging_mixin.py:137} INFO - [2025-09-03T20:04:13.923+0200] {dag.py:2705} INFO - Sync 1 DAGs
[2025-09-03T20:04:13.952+0200] {logging_mixin.py:137} INFO - [2025-09-03T20:04:13.952+0200] {dag.py:3452} INFO - Setting next_dagrun for example_xcom to 2021-01-01T00:00:00+00:00, run_after=2021-01-01T00:00:00+00:00
[2025-09-03T20:04:14.007+0200] {processor.py:175} INFO - Processing /home/varun/miniconda3/envs/python38/lib/python3.8/site-packages/airflow/example_dags/example_xcom.py took 0.160 seconds
[2025-09-03T20:05:11.390+0200] {processor.py:153} INFO - Started process (PID=4272) to work on /home/varun/miniconda3/envs/python38/lib/python3.8/site-packages/airflow/example_dags/example_xcom.py
[2025-09-03T20:05:11.391+0200] {processor.py:743} INFO - Processing file /home/varun/miniconda3/envs/python38/lib/python3.8/site-packages/airflow/example_dags/example_xcom.py for tasks to queue
[2025-09-03T20:05:11.392+0200] {logging_mixin.py:137} INFO - [2025-09-03T20:05:11.392+0200] {dagbag.py:532} INFO - Filling up the DagBag from /home/varun/miniconda3/envs/python38/lib/python3.8/site-packages/airflow/example_dags/example_xcom.py
[2025-09-03T20:05:11.428+0200] {processor.py:753} INFO - DAG(s) dict_keys(['example_xcom']) retrieved from /home/varun/miniconda3/envs/python38/lib/python3.8/site-packages/airflow/example_dags/example_xcom.py
[2025-09-03T20:05:11.558+0200] {logging_mixin.py:137} INFO - [2025-09-03T20:05:11.558+0200] {manager.py:504} INFO - Created Permission View: can delete on DAG:example_xcom
[2025-09-03T20:05:11.582+0200] {logging_mixin.py:137} INFO - [2025-09-03T20:05:11.582+0200] {manager.py:504} INFO - Created Permission View: can read on DAG:example_xcom
[2025-09-03T20:05:11.602+0200] {logging_mixin.py:137} INFO - [2025-09-03T20:05:11.601+0200] {manager.py:504} INFO - Created Permission View: can edit on DAG:example_xcom
[2025-09-03T20:05:11.603+0200] {logging_mixin.py:137} INFO - [2025-09-03T20:05:11.602+0200] {dag.py:2705} INFO - Sync 1 DAGs
[2025-09-03T20:05:11.618+0200] {logging_mixin.py:137} INFO - [2025-09-03T20:05:11.617+0200] {dag.py:2726} INFO - Creating ORM DAG for example_xcom
[2025-09-03T20:05:11.632+0200] {logging_mixin.py:137} INFO - [2025-09-03T20:05:11.632+0200] {dag.py:3452} INFO - Setting next_dagrun for example_xcom to 2021-01-01T00:00:00+00:00, run_after=2021-01-01T00:00:00+00:00
[2025-09-03T20:05:11.668+0200] {processor.py:175} INFO - Processing /home/varun/miniconda3/envs/python38/lib/python3.8/site-packages/airflow/example_dags/example_xcom.py took 0.283 seconds
[2025-09-03T20:06:02.306+0200] {processor.py:153} INFO - Started process (PID=4323) to work on /home/varun/miniconda3/envs/python38/lib/python3.8/site-packages/airflow/example_dags/example_xcom.py
[2025-09-03T20:06:02.308+0200] {processor.py:743} INFO - Processing file /home/varun/miniconda3/envs/python38/lib/python3.8/site-packages/airflow/example_dags/example_xcom.py for tasks to queue
[2025-09-03T20:06:02.309+0200] {logging_mixin.py:137} INFO - [2025-09-03T20:06:02.309+0200] {dagbag.py:532} INFO - Filling up the DagBag from /home/varun/miniconda3/envs/python38/lib/python3.8/site-packages/airflow/example_dags/example_xcom.py
[2025-09-03T20:06:02.344+0200] {processor.py:753} INFO - DAG(s) dict_keys(['example_xcom']) retrieved from /home/varun/miniconda3/envs/python38/lib/python3.8/site-packages/airflow/example_dags/example_xcom.py
[2025-09-03T20:06:02.368+0200] {logging_mixin.py:137} INFO - [2025-09-03T20:06:02.368+0200] {dag.py:2705} INFO - Sync 1 DAGs
[2025-09-03T20:06:02.393+0200] {logging_mixin.py:137} INFO - [2025-09-03T20:06:02.392+0200] {dag.py:3452} INFO - Setting next_dagrun for example_xcom to 2021-01-01T00:00:00+00:00, run_after=2021-01-01T00:00:00+00:00
[2025-09-03T20:06:02.430+0200] {processor.py:175} INFO - Processing /home/varun/miniconda3/envs/python38/lib/python3.8/site-packages/airflow/example_dags/example_xcom.py took 0.128 seconds
[2025-09-03T20:06:48.426+0200] {processor.py:153} INFO - Started process (PID=4367) to work on /home/varun/miniconda3/envs/python38/lib/python3.8/site-packages/airflow/example_dags/example_xcom.py
[2025-09-03T20:06:48.428+0200] {processor.py:743} INFO - Processing file /home/varun/miniconda3/envs/python38/lib/python3.8/site-packages/airflow/example_dags/example_xcom.py for tasks to queue
[2025-09-03T20:06:48.429+0200] {logging_mixin.py:137} INFO - [2025-09-03T20:06:48.429+0200] {dagbag.py:532} INFO - Filling up the DagBag from /home/varun/miniconda3/envs/python38/lib/python3.8/site-packages/airflow/example_dags/example_xcom.py
[2025-09-03T20:06:48.453+0200] {processor.py:753} INFO - DAG(s) dict_keys(['example_xcom']) retrieved from /home/varun/miniconda3/envs/python38/lib/python3.8/site-packages/airflow/example_dags/example_xcom.py
[2025-09-03T20:06:48.475+0200] {logging_mixin.py:137} INFO - [2025-09-03T20:06:48.474+0200] {dag.py:2705} INFO - Sync 1 DAGs
[2025-09-03T20:06:48.494+0200] {logging_mixin.py:137} INFO - [2025-09-03T20:06:48.493+0200] {dag.py:3452} INFO - Setting next_dagrun for example_xcom to 2021-01-01T00:00:00+00:00, run_after=2021-01-01T00:00:00+00:00
[2025-09-03T20:06:48.525+0200] {processor.py:175} INFO - Processing /home/varun/miniconda3/envs/python38/lib/python3.8/site-packages/airflow/example_dags/example_xcom.py took 0.102 seconds
[2025-09-03T20:07:38.970+0200] {processor.py:153} INFO - Started process (PID=4431) to work on /home/varun/miniconda3/envs/python38/lib/python3.8/site-packages/airflow/example_dags/example_xcom.py
[2025-09-03T20:07:38.971+0200] {processor.py:743} INFO - Processing file /home/varun/miniconda3/envs/python38/lib/python3.8/site-packages/airflow/example_dags/example_xcom.py for tasks to queue
[2025-09-03T20:07:38.972+0200] {logging_mixin.py:137} INFO - [2025-09-03T20:07:38.972+0200] {dagbag.py:532} INFO - Filling up the DagBag from /home/varun/miniconda3/envs/python38/lib/python3.8/site-packages/airflow/example_dags/example_xcom.py
[2025-09-03T20:07:38.993+0200] {processor.py:753} INFO - DAG(s) dict_keys(['example_xcom']) retrieved from /home/varun/miniconda3/envs/python38/lib/python3.8/site-packages/airflow/example_dags/example_xcom.py
[2025-09-03T20:07:39.013+0200] {logging_mixin.py:137} INFO - [2025-09-03T20:07:39.013+0200] {dag.py:2705} INFO - Sync 1 DAGs
[2025-09-03T20:07:39.029+0200] {logging_mixin.py:137} INFO - [2025-09-03T20:07:39.029+0200] {dag.py:3452} INFO - Setting next_dagrun for example_xcom to 2021-01-01T00:00:00+00:00, run_after=2021-01-01T00:00:00+00:00
[2025-09-03T20:07:39.056+0200] {processor.py:175} INFO - Processing /home/varun/miniconda3/envs/python38/lib/python3.8/site-packages/airflow/example_dags/example_xcom.py took 0.090 seconds
[2025-09-03T20:08:26.403+0200] {processor.py:153} INFO - Started process (PID=4475) to work on /home/varun/miniconda3/envs/python38/lib/python3.8/site-packages/airflow/example_dags/example_xcom.py
[2025-09-03T20:08:26.405+0200] {processor.py:743} INFO - Processing file /home/varun/miniconda3/envs/python38/lib/python3.8/site-packages/airflow/example_dags/example_xcom.py for tasks to queue
[2025-09-03T20:08:26.406+0200] {logging_mixin.py:137} INFO - [2025-09-03T20:08:26.405+0200] {dagbag.py:532} INFO - Filling up the DagBag from /home/varun/miniconda3/envs/python38/lib/python3.8/site-packages/airflow/example_dags/example_xcom.py
[2025-09-03T20:08:26.441+0200] {processor.py:753} INFO - DAG(s) dict_keys(['example_xcom']) retrieved from /home/varun/miniconda3/envs/python38/lib/python3.8/site-packages/airflow/example_dags/example_xcom.py
[2025-09-03T20:08:26.472+0200] {logging_mixin.py:137} INFO - [2025-09-03T20:08:26.472+0200] {dag.py:2705} INFO - Sync 1 DAGs
[2025-09-03T20:08:26.500+0200] {logging_mixin.py:137} INFO - [2025-09-03T20:08:26.500+0200] {dag.py:3452} INFO - Setting next_dagrun for example_xcom to 2021-01-01T00:00:00+00:00, run_after=2021-01-01T00:00:00+00:00
[2025-09-03T20:08:26.532+0200] {processor.py:175} INFO - Processing /home/varun/miniconda3/envs/python38/lib/python3.8/site-packages/airflow/example_dags/example_xcom.py took 0.132 seconds
[2025-09-03T20:09:44.026+0200] {processor.py:153} INFO - Started process (PID=4534) to work on /home/varun/miniconda3/envs/python38/lib/python3.8/site-packages/airflow/example_dags/example_xcom.py
[2025-09-03T20:09:44.028+0200] {processor.py:743} INFO - Processing file /home/varun/miniconda3/envs/python38/lib/python3.8/site-packages/airflow/example_dags/example_xcom.py for tasks to queue
[2025-09-03T20:09:44.029+0200] {logging_mixin.py:137} INFO - [2025-09-03T20:09:44.029+0200] {dagbag.py:532} INFO - Filling up the DagBag from /home/varun/miniconda3/envs/python38/lib/python3.8/site-packages/airflow/example_dags/example_xcom.py
[2025-09-03T20:09:44.057+0200] {processor.py:753} INFO - DAG(s) dict_keys(['example_xcom']) retrieved from /home/varun/miniconda3/envs/python38/lib/python3.8/site-packages/airflow/example_dags/example_xcom.py
[2025-09-03T20:09:44.076+0200] {logging_mixin.py:137} INFO - [2025-09-03T20:09:44.076+0200] {dag.py:2705} INFO - Sync 1 DAGs
[2025-09-03T20:09:44.100+0200] {logging_mixin.py:137} INFO - [2025-09-03T20:09:44.100+0200] {dag.py:3452} INFO - Setting next_dagrun for example_xcom to 2021-01-01T00:00:00+00:00, run_after=2021-01-01T00:00:00+00:00
[2025-09-03T20:09:44.127+0200] {processor.py:175} INFO - Processing /home/varun/miniconda3/envs/python38/lib/python3.8/site-packages/airflow/example_dags/example_xcom.py took 0.104 seconds
[2025-09-03T20:10:32.944+0200] {processor.py:153} INFO - Started process (PID=4576) to work on /home/varun/miniconda3/envs/python38/lib/python3.8/site-packages/airflow/example_dags/example_xcom.py
[2025-09-03T20:10:32.946+0200] {processor.py:743} INFO - Processing file /home/varun/miniconda3/envs/python38/lib/python3.8/site-packages/airflow/example_dags/example_xcom.py for tasks to queue
[2025-09-03T20:10:32.947+0200] {logging_mixin.py:137} INFO - [2025-09-03T20:10:32.947+0200] {dagbag.py:532} INFO - Filling up the DagBag from /home/varun/miniconda3/envs/python38/lib/python3.8/site-packages/airflow/example_dags/example_xcom.py
[2025-09-03T20:10:32.969+0200] {processor.py:753} INFO - DAG(s) dict_keys(['example_xcom']) retrieved from /home/varun/miniconda3/envs/python38/lib/python3.8/site-packages/airflow/example_dags/example_xcom.py
[2025-09-03T20:10:32.988+0200] {logging_mixin.py:137} INFO - [2025-09-03T20:10:32.988+0200] {dag.py:2705} INFO - Sync 1 DAGs
[2025-09-03T20:10:33.004+0200] {logging_mixin.py:137} INFO - [2025-09-03T20:10:33.004+0200] {dag.py:3452} INFO - Setting next_dagrun for example_xcom to 2021-01-01T00:00:00+00:00, run_after=2021-01-01T00:00:00+00:00
[2025-09-03T20:10:33.025+0200] {processor.py:175} INFO - Processing /home/varun/miniconda3/envs/python38/lib/python3.8/site-packages/airflow/example_dags/example_xcom.py took 0.084 seconds
[2025-09-03T20:11:17.796+0200] {processor.py:153} INFO - Started process (PID=4618) to work on /home/varun/miniconda3/envs/python38/lib/python3.8/site-packages/airflow/example_dags/example_xcom.py
[2025-09-03T20:11:17.797+0200] {processor.py:743} INFO - Processing file /home/varun/miniconda3/envs/python38/lib/python3.8/site-packages/airflow/example_dags/example_xcom.py for tasks to queue
[2025-09-03T20:11:17.798+0200] {logging_mixin.py:137} INFO - [2025-09-03T20:11:17.798+0200] {dagbag.py:532} INFO - Filling up the DagBag from /home/varun/miniconda3/envs/python38/lib/python3.8/site-packages/airflow/example_dags/example_xcom.py
[2025-09-03T20:11:17.824+0200] {processor.py:753} INFO - DAG(s) dict_keys(['example_xcom']) retrieved from /home/varun/miniconda3/envs/python38/lib/python3.8/site-packages/airflow/example_dags/example_xcom.py
[2025-09-03T20:11:17.846+0200] {logging_mixin.py:137} INFO - [2025-09-03T20:11:17.846+0200] {dag.py:2705} INFO - Sync 1 DAGs
[2025-09-03T20:11:17.870+0200] {logging_mixin.py:137} INFO - [2025-09-03T20:11:17.870+0200] {dag.py:3452} INFO - Setting next_dagrun for example_xcom to 2021-01-01T00:00:00+00:00, run_after=2021-01-01T00:00:00+00:00
[2025-09-03T20:11:17.898+0200] {processor.py:175} INFO - Processing /home/varun/miniconda3/envs/python38/lib/python3.8/site-packages/airflow/example_dags/example_xcom.py took 0.105 seconds
[2025-09-03T20:12:02.533+0200] {processor.py:153} INFO - Started process (PID=4660) to work on /home/varun/miniconda3/envs/python38/lib/python3.8/site-packages/airflow/example_dags/example_xcom.py
[2025-09-03T20:12:02.534+0200] {processor.py:743} INFO - Processing file /home/varun/miniconda3/envs/python38/lib/python3.8/site-packages/airflow/example_dags/example_xcom.py for tasks to queue
[2025-09-03T20:12:02.535+0200] {logging_mixin.py:137} INFO - [2025-09-03T20:12:02.535+0200] {dagbag.py:532} INFO - Filling up the DagBag from /home/varun/miniconda3/envs/python38/lib/python3.8/site-packages/airflow/example_dags/example_xcom.py
[2025-09-03T20:12:02.556+0200] {processor.py:753} INFO - DAG(s) dict_keys(['example_xcom']) retrieved from /home/varun/miniconda3/envs/python38/lib/python3.8/site-packages/airflow/example_dags/example_xcom.py
[2025-09-03T20:12:02.577+0200] {logging_mixin.py:137} INFO - [2025-09-03T20:12:02.577+0200] {dag.py:2705} INFO - Sync 1 DAGs
[2025-09-03T20:12:02.596+0200] {logging_mixin.py:137} INFO - [2025-09-03T20:12:02.596+0200] {dag.py:3452} INFO - Setting next_dagrun for example_xcom to 2021-01-01T00:00:00+00:00, run_after=2021-01-01T00:00:00+00:00
[2025-09-03T20:12:02.622+0200] {processor.py:175} INFO - Processing /home/varun/miniconda3/envs/python38/lib/python3.8/site-packages/airflow/example_dags/example_xcom.py took 0.093 seconds
[2025-09-03T20:12:49.153+0200] {processor.py:153} INFO - Started process (PID=4703) to work on /home/varun/miniconda3/envs/python38/lib/python3.8/site-packages/airflow/example_dags/example_xcom.py
[2025-09-03T20:12:49.155+0200] {processor.py:743} INFO - Processing file /home/varun/miniconda3/envs/python38/lib/python3.8/site-packages/airflow/example_dags/example_xcom.py for tasks to queue
[2025-09-03T20:12:49.156+0200] {logging_mixin.py:137} INFO - [2025-09-03T20:12:49.156+0200] {dagbag.py:532} INFO - Filling up the DagBag from /home/varun/miniconda3/envs/python38/lib/python3.8/site-packages/airflow/example_dags/example_xcom.py
[2025-09-03T20:12:49.179+0200] {processor.py:753} INFO - DAG(s) dict_keys(['example_xcom']) retrieved from /home/varun/miniconda3/envs/python38/lib/python3.8/site-packages/airflow/example_dags/example_xcom.py
[2025-09-03T20:12:49.207+0200] {logging_mixin.py:137} INFO - [2025-09-03T20:12:49.207+0200] {dag.py:2705} INFO - Sync 1 DAGs
[2025-09-03T20:12:49.226+0200] {logging_mixin.py:137} INFO - [2025-09-03T20:12:49.225+0200] {dag.py:3452} INFO - Setting next_dagrun for example_xcom to 2021-01-01T00:00:00+00:00, run_after=2021-01-01T00:00:00+00:00
[2025-09-03T20:12:49.250+0200] {processor.py:175} INFO - Processing /home/varun/miniconda3/envs/python38/lib/python3.8/site-packages/airflow/example_dags/example_xcom.py took 0.100 seconds
[2025-09-03T20:13:38.390+0200] {processor.py:153} INFO - Started process (PID=4745) to work on /home/varun/miniconda3/envs/python38/lib/python3.8/site-packages/airflow/example_dags/example_xcom.py
[2025-09-03T20:13:38.391+0200] {processor.py:743} INFO - Processing file /home/varun/miniconda3/envs/python38/lib/python3.8/site-packages/airflow/example_dags/example_xcom.py for tasks to queue
[2025-09-03T20:13:38.392+0200] {logging_mixin.py:137} INFO - [2025-09-03T20:13:38.392+0200] {dagbag.py:532} INFO - Filling up the DagBag from /home/varun/miniconda3/envs/python38/lib/python3.8/site-packages/airflow/example_dags/example_xcom.py
[2025-09-03T20:13:38.413+0200] {processor.py:753} INFO - DAG(s) dict_keys(['example_xcom']) retrieved from /home/varun/miniconda3/envs/python38/lib/python3.8/site-packages/airflow/example_dags/example_xcom.py
[2025-09-03T20:13:38.430+0200] {logging_mixin.py:137} INFO - [2025-09-03T20:13:38.430+0200] {dag.py:2705} INFO - Sync 1 DAGs
[2025-09-03T20:13:38.447+0200] {logging_mixin.py:137} INFO - [2025-09-03T20:13:38.446+0200] {dag.py:3452} INFO - Setting next_dagrun for example_xcom to 2021-01-01T00:00:00+00:00, run_after=2021-01-01T00:00:00+00:00
[2025-09-03T20:13:38.471+0200] {processor.py:175} INFO - Processing /home/varun/miniconda3/envs/python38/lib/python3.8/site-packages/airflow/example_dags/example_xcom.py took 0.084 seconds
[2025-09-03T20:14:23.646+0200] {processor.py:153} INFO - Started process (PID=4787) to work on /home/varun/miniconda3/envs/python38/lib/python3.8/site-packages/airflow/example_dags/example_xcom.py
[2025-09-03T20:14:23.648+0200] {processor.py:743} INFO - Processing file /home/varun/miniconda3/envs/python38/lib/python3.8/site-packages/airflow/example_dags/example_xcom.py for tasks to queue
[2025-09-03T20:14:23.649+0200] {logging_mixin.py:137} INFO - [2025-09-03T20:14:23.649+0200] {dagbag.py:532} INFO - Filling up the DagBag from /home/varun/miniconda3/envs/python38/lib/python3.8/site-packages/airflow/example_dags/example_xcom.py
[2025-09-03T20:14:23.670+0200] {processor.py:753} INFO - DAG(s) dict_keys(['example_xcom']) retrieved from /home/varun/miniconda3/envs/python38/lib/python3.8/site-packages/airflow/example_dags/example_xcom.py
[2025-09-03T20:14:23.691+0200] {logging_mixin.py:137} INFO - [2025-09-03T20:14:23.691+0200] {dag.py:2705} INFO - Sync 1 DAGs
[2025-09-03T20:14:23.710+0200] {logging_mixin.py:137} INFO - [2025-09-03T20:14:23.710+0200] {dag.py:3452} INFO - Setting next_dagrun for example_xcom to 2021-01-01T00:00:00+00:00, run_after=2021-01-01T00:00:00+00:00
[2025-09-03T20:14:23.735+0200] {processor.py:175} INFO - Processing /home/varun/miniconda3/envs/python38/lib/python3.8/site-packages/airflow/example_dags/example_xcom.py took 0.092 seconds
[2025-09-03T20:15:05.428+0200] {processor.py:153} INFO - Started process (PID=4829) to work on /home/varun/miniconda3/envs/python38/lib/python3.8/site-packages/airflow/example_dags/example_xcom.py
[2025-09-03T20:15:05.430+0200] {processor.py:743} INFO - Processing file /home/varun/miniconda3/envs/python38/lib/python3.8/site-packages/airflow/example_dags/example_xcom.py for tasks to queue
[2025-09-03T20:15:05.430+0200] {logging_mixin.py:137} INFO - [2025-09-03T20:15:05.430+0200] {dagbag.py:532} INFO - Filling up the DagBag from /home/varun/miniconda3/envs/python38/lib/python3.8/site-packages/airflow/example_dags/example_xcom.py
[2025-09-03T20:15:05.449+0200] {processor.py:753} INFO - DAG(s) dict_keys(['example_xcom']) retrieved from /home/varun/miniconda3/envs/python38/lib/python3.8/site-packages/airflow/example_dags/example_xcom.py
[2025-09-03T20:15:05.466+0200] {logging_mixin.py:137} INFO - [2025-09-03T20:15:05.465+0200] {dag.py:2705} INFO - Sync 1 DAGs
[2025-09-03T20:15:05.481+0200] {logging_mixin.py:137} INFO - [2025-09-03T20:15:05.481+0200] {dag.py:3452} INFO - Setting next_dagrun for example_xcom to 2021-01-01T00:00:00+00:00, run_after=2021-01-01T00:00:00+00:00
[2025-09-03T20:15:05.501+0200] {processor.py:175} INFO - Processing /home/varun/miniconda3/envs/python38/lib/python3.8/site-packages/airflow/example_dags/example_xcom.py took 0.075 seconds
[2025-09-03T20:15:50.711+0200] {processor.py:153} INFO - Started process (PID=4871) to work on /home/varun/miniconda3/envs/python38/lib/python3.8/site-packages/airflow/example_dags/example_xcom.py
[2025-09-03T20:15:50.712+0200] {processor.py:743} INFO - Processing file /home/varun/miniconda3/envs/python38/lib/python3.8/site-packages/airflow/example_dags/example_xcom.py for tasks to queue
[2025-09-03T20:15:50.713+0200] {logging_mixin.py:137} INFO - [2025-09-03T20:15:50.713+0200] {dagbag.py:532} INFO - Filling up the DagBag from /home/varun/miniconda3/envs/python38/lib/python3.8/site-packages/airflow/example_dags/example_xcom.py
[2025-09-03T20:15:50.735+0200] {processor.py:753} INFO - DAG(s) dict_keys(['example_xcom']) retrieved from /home/varun/miniconda3/envs/python38/lib/python3.8/site-packages/airflow/example_dags/example_xcom.py
[2025-09-03T20:15:50.756+0200] {logging_mixin.py:137} INFO - [2025-09-03T20:15:50.756+0200] {dag.py:2705} INFO - Sync 1 DAGs
[2025-09-03T20:15:50.773+0200] {logging_mixin.py:137} INFO - [2025-09-03T20:15:50.772+0200] {dag.py:3452} INFO - Setting next_dagrun for example_xcom to 2021-01-01T00:00:00+00:00, run_after=2021-01-01T00:00:00+00:00
[2025-09-03T20:15:50.798+0200] {processor.py:175} INFO - Processing /home/varun/miniconda3/envs/python38/lib/python3.8/site-packages/airflow/example_dags/example_xcom.py took 0.091 seconds
[2025-09-03T20:16:39.588+0200] {processor.py:153} INFO - Started process (PID=4913) to work on /home/varun/miniconda3/envs/python38/lib/python3.8/site-packages/airflow/example_dags/example_xcom.py
[2025-09-03T20:16:39.590+0200] {processor.py:743} INFO - Processing file /home/varun/miniconda3/envs/python38/lib/python3.8/site-packages/airflow/example_dags/example_xcom.py for tasks to queue
[2025-09-03T20:16:39.590+0200] {logging_mixin.py:137} INFO - [2025-09-03T20:16:39.590+0200] {dagbag.py:532} INFO - Filling up the DagBag from /home/varun/miniconda3/envs/python38/lib/python3.8/site-packages/airflow/example_dags/example_xcom.py
[2025-09-03T20:16:39.609+0200] {processor.py:753} INFO - DAG(s) dict_keys(['example_xcom']) retrieved from /home/varun/miniconda3/envs/python38/lib/python3.8/site-packages/airflow/example_dags/example_xcom.py
[2025-09-03T20:16:39.630+0200] {logging_mixin.py:137} INFO - [2025-09-03T20:16:39.630+0200] {dag.py:2705} INFO - Sync 1 DAGs
[2025-09-03T20:16:39.647+0200] {logging_mixin.py:137} INFO - [2025-09-03T20:16:39.647+0200] {dag.py:3452} INFO - Setting next_dagrun for example_xcom to 2021-01-01T00:00:00+00:00, run_after=2021-01-01T00:00:00+00:00
[2025-09-03T20:16:39.669+0200] {processor.py:175} INFO - Processing /home/varun/miniconda3/envs/python38/lib/python3.8/site-packages/airflow/example_dags/example_xcom.py took 0.084 seconds
[2025-09-03T20:17:24.570+0200] {processor.py:153} INFO - Started process (PID=4958) to work on /home/varun/miniconda3/envs/python38/lib/python3.8/site-packages/airflow/example_dags/example_xcom.py
[2025-09-03T20:17:24.572+0200] {processor.py:743} INFO - Processing file /home/varun/miniconda3/envs/python38/lib/python3.8/site-packages/airflow/example_dags/example_xcom.py for tasks to queue
[2025-09-03T20:17:24.573+0200] {logging_mixin.py:137} INFO - [2025-09-03T20:17:24.572+0200] {dagbag.py:532} INFO - Filling up the DagBag from /home/varun/miniconda3/envs/python38/lib/python3.8/site-packages/airflow/example_dags/example_xcom.py
[2025-09-03T20:17:24.593+0200] {processor.py:753} INFO - DAG(s) dict_keys(['example_xcom']) retrieved from /home/varun/miniconda3/envs/python38/lib/python3.8/site-packages/airflow/example_dags/example_xcom.py
[2025-09-03T20:17:24.611+0200] {logging_mixin.py:137} INFO - [2025-09-03T20:17:24.611+0200] {dag.py:2705} INFO - Sync 1 DAGs
[2025-09-03T20:17:24.626+0200] {logging_mixin.py:137} INFO - [2025-09-03T20:17:24.626+0200] {dag.py:3452} INFO - Setting next_dagrun for example_xcom to 2021-01-01T00:00:00+00:00, run_after=2021-01-01T00:00:00+00:00
[2025-09-03T20:17:24.647+0200] {processor.py:175} INFO - Processing /home/varun/miniconda3/envs/python38/lib/python3.8/site-packages/airflow/example_dags/example_xcom.py took 0.080 seconds
[2025-09-03T20:18:08.101+0200] {processor.py:153} INFO - Started process (PID=5000) to work on /home/varun/miniconda3/envs/python38/lib/python3.8/site-packages/airflow/example_dags/example_xcom.py
[2025-09-03T20:18:08.103+0200] {processor.py:743} INFO - Processing file /home/varun/miniconda3/envs/python38/lib/python3.8/site-packages/airflow/example_dags/example_xcom.py for tasks to queue
[2025-09-03T20:18:08.103+0200] {logging_mixin.py:137} INFO - [2025-09-03T20:18:08.103+0200] {dagbag.py:532} INFO - Filling up the DagBag from /home/varun/miniconda3/envs/python38/lib/python3.8/site-packages/airflow/example_dags/example_xcom.py
[2025-09-03T20:18:08.128+0200] {processor.py:753} INFO - DAG(s) dict_keys(['example_xcom']) retrieved from /home/varun/miniconda3/envs/python38/lib/python3.8/site-packages/airflow/example_dags/example_xcom.py
[2025-09-03T20:18:08.153+0200] {logging_mixin.py:137} INFO - [2025-09-03T20:18:08.152+0200] {dag.py:2705} INFO - Sync 1 DAGs
[2025-09-03T20:18:08.175+0200] {logging_mixin.py:137} INFO - [2025-09-03T20:18:08.175+0200] {dag.py:3452} INFO - Setting next_dagrun for example_xcom to 2021-01-01T00:00:00+00:00, run_after=2021-01-01T00:00:00+00:00
[2025-09-03T20:18:08.200+0200] {processor.py:175} INFO - Processing /home/varun/miniconda3/envs/python38/lib/python3.8/site-packages/airflow/example_dags/example_xcom.py took 0.103 seconds
[2025-09-03T20:18:58.457+0200] {processor.py:153} INFO - Started process (PID=5043) to work on /home/varun/miniconda3/envs/python38/lib/python3.8/site-packages/airflow/example_dags/example_xcom.py
[2025-09-03T20:18:58.458+0200] {processor.py:743} INFO - Processing file /home/varun/miniconda3/envs/python38/lib/python3.8/site-packages/airflow/example_dags/example_xcom.py for tasks to queue
[2025-09-03T20:18:58.459+0200] {logging_mixin.py:137} INFO - [2025-09-03T20:18:58.458+0200] {dagbag.py:532} INFO - Filling up the DagBag from /home/varun/miniconda3/envs/python38/lib/python3.8/site-packages/airflow/example_dags/example_xcom.py
[2025-09-03T20:18:58.481+0200] {processor.py:753} INFO - DAG(s) dict_keys(['example_xcom']) retrieved from /home/varun/miniconda3/envs/python38/lib/python3.8/site-packages/airflow/example_dags/example_xcom.py
[2025-09-03T20:18:58.504+0200] {logging_mixin.py:137} INFO - [2025-09-03T20:18:58.504+0200] {dag.py:2705} INFO - Sync 1 DAGs
[2025-09-03T20:18:58.526+0200] {logging_mixin.py:137} INFO - [2025-09-03T20:18:58.526+0200] {dag.py:3452} INFO - Setting next_dagrun for example_xcom to 2021-01-01T00:00:00+00:00, run_after=2021-01-01T00:00:00+00:00
[2025-09-03T20:18:58.661+0200] {processor.py:175} INFO - Processing /home/varun/miniconda3/envs/python38/lib/python3.8/site-packages/airflow/example_dags/example_xcom.py took 0.208 seconds
[2025-09-03T20:19:47.981+0200] {processor.py:153} INFO - Started process (PID=5085) to work on /home/varun/miniconda3/envs/python38/lib/python3.8/site-packages/airflow/example_dags/example_xcom.py
[2025-09-03T20:19:47.982+0200] {processor.py:743} INFO - Processing file /home/varun/miniconda3/envs/python38/lib/python3.8/site-packages/airflow/example_dags/example_xcom.py for tasks to queue
[2025-09-03T20:19:47.983+0200] {logging_mixin.py:137} INFO - [2025-09-03T20:19:47.983+0200] {dagbag.py:532} INFO - Filling up the DagBag from /home/varun/miniconda3/envs/python38/lib/python3.8/site-packages/airflow/example_dags/example_xcom.py
[2025-09-03T20:19:48.005+0200] {processor.py:753} INFO - DAG(s) dict_keys(['example_xcom']) retrieved from /home/varun/miniconda3/envs/python38/lib/python3.8/site-packages/airflow/example_dags/example_xcom.py
[2025-09-03T20:19:48.027+0200] {logging_mixin.py:137} INFO - [2025-09-03T20:19:48.026+0200] {dag.py:2705} INFO - Sync 1 DAGs
[2025-09-03T20:19:48.162+0200] {logging_mixin.py:137} INFO - [2025-09-03T20:19:48.162+0200] {dag.py:3452} INFO - Setting next_dagrun for example_xcom to 2021-01-01T00:00:00+00:00, run_after=2021-01-01T00:00:00+00:00
[2025-09-03T20:19:48.185+0200] {processor.py:175} INFO - Processing /home/varun/miniconda3/envs/python38/lib/python3.8/site-packages/airflow/example_dags/example_xcom.py took 0.208 seconds
[2025-09-03T20:20:37.142+0200] {processor.py:153} INFO - Started process (PID=5127) to work on /home/varun/miniconda3/envs/python38/lib/python3.8/site-packages/airflow/example_dags/example_xcom.py
[2025-09-03T20:20:37.143+0200] {processor.py:743} INFO - Processing file /home/varun/miniconda3/envs/python38/lib/python3.8/site-packages/airflow/example_dags/example_xcom.py for tasks to queue
[2025-09-03T20:20:37.144+0200] {logging_mixin.py:137} INFO - [2025-09-03T20:20:37.143+0200] {dagbag.py:532} INFO - Filling up the DagBag from /home/varun/miniconda3/envs/python38/lib/python3.8/site-packages/airflow/example_dags/example_xcom.py
[2025-09-03T20:20:37.162+0200] {processor.py:753} INFO - DAG(s) dict_keys(['example_xcom']) retrieved from /home/varun/miniconda3/envs/python38/lib/python3.8/site-packages/airflow/example_dags/example_xcom.py
[2025-09-03T20:20:37.286+0200] {logging_mixin.py:137} INFO - [2025-09-03T20:20:37.286+0200] {dag.py:2705} INFO - Sync 1 DAGs
[2025-09-03T20:20:37.301+0200] {logging_mixin.py:137} INFO - [2025-09-03T20:20:37.301+0200] {dag.py:3452} INFO - Setting next_dagrun for example_xcom to 2021-01-01T00:00:00+00:00, run_after=2021-01-01T00:00:00+00:00
[2025-09-03T20:20:37.320+0200] {processor.py:175} INFO - Processing /home/varun/miniconda3/envs/python38/lib/python3.8/site-packages/airflow/example_dags/example_xcom.py took 0.182 seconds
[2025-09-03T20:21:30.657+0200] {processor.py:153} INFO - Started process (PID=5169) to work on /home/varun/miniconda3/envs/python38/lib/python3.8/site-packages/airflow/example_dags/example_xcom.py
[2025-09-03T20:21:30.658+0200] {processor.py:743} INFO - Processing file /home/varun/miniconda3/envs/python38/lib/python3.8/site-packages/airflow/example_dags/example_xcom.py for tasks to queue
[2025-09-03T20:21:30.659+0200] {logging_mixin.py:137} INFO - [2025-09-03T20:21:30.659+0200] {dagbag.py:532} INFO - Filling up the DagBag from /home/varun/miniconda3/envs/python38/lib/python3.8/site-packages/airflow/example_dags/example_xcom.py
[2025-09-03T20:21:30.679+0200] {processor.py:753} INFO - DAG(s) dict_keys(['example_xcom']) retrieved from /home/varun/miniconda3/envs/python38/lib/python3.8/site-packages/airflow/example_dags/example_xcom.py
[2025-09-03T20:21:30.799+0200] {logging_mixin.py:137} INFO - [2025-09-03T20:21:30.799+0200] {dag.py:2705} INFO - Sync 1 DAGs
[2025-09-03T20:21:30.813+0200] {logging_mixin.py:137} INFO - [2025-09-03T20:21:30.813+0200] {dag.py:3452} INFO - Setting next_dagrun for example_xcom to 2021-01-01T00:00:00+00:00, run_after=2021-01-01T00:00:00+00:00
[2025-09-03T20:21:30.832+0200] {processor.py:175} INFO - Processing /home/varun/miniconda3/envs/python38/lib/python3.8/site-packages/airflow/example_dags/example_xcom.py took 0.178 seconds
[2025-09-03T20:22:20.807+0200] {processor.py:153} INFO - Started process (PID=5211) to work on /home/varun/miniconda3/envs/python38/lib/python3.8/site-packages/airflow/example_dags/example_xcom.py
[2025-09-03T20:22:20.809+0200] {processor.py:743} INFO - Processing file /home/varun/miniconda3/envs/python38/lib/python3.8/site-packages/airflow/example_dags/example_xcom.py for tasks to queue
[2025-09-03T20:22:20.809+0200] {logging_mixin.py:137} INFO - [2025-09-03T20:22:20.809+0200] {dagbag.py:532} INFO - Filling up the DagBag from /home/varun/miniconda3/envs/python38/lib/python3.8/site-packages/airflow/example_dags/example_xcom.py
[2025-09-03T20:22:20.942+0200] {processor.py:753} INFO - DAG(s) dict_keys(['example_xcom']) retrieved from /home/varun/miniconda3/envs/python38/lib/python3.8/site-packages/airflow/example_dags/example_xcom.py
[2025-09-03T20:22:20.958+0200] {logging_mixin.py:137} INFO - [2025-09-03T20:22:20.958+0200] {dag.py:2705} INFO - Sync 1 DAGs
[2025-09-03T20:22:20.975+0200] {logging_mixin.py:137} INFO - [2025-09-03T20:22:20.975+0200] {dag.py:3452} INFO - Setting next_dagrun for example_xcom to 2021-01-01T00:00:00+00:00, run_after=2021-01-01T00:00:00+00:00
[2025-09-03T20:22:20.998+0200] {processor.py:175} INFO - Processing /home/varun/miniconda3/envs/python38/lib/python3.8/site-packages/airflow/example_dags/example_xcom.py took 0.194 seconds
[2025-09-03T20:23:13.366+0200] {processor.py:153} INFO - Started process (PID=5253) to work on /home/varun/miniconda3/envs/python38/lib/python3.8/site-packages/airflow/example_dags/example_xcom.py
[2025-09-03T20:23:13.367+0200] {processor.py:743} INFO - Processing file /home/varun/miniconda3/envs/python38/lib/python3.8/site-packages/airflow/example_dags/example_xcom.py for tasks to queue
[2025-09-03T20:23:13.368+0200] {logging_mixin.py:137} INFO - [2025-09-03T20:23:13.367+0200] {dagbag.py:532} INFO - Filling up the DagBag from /home/varun/miniconda3/envs/python38/lib/python3.8/site-packages/airflow/example_dags/example_xcom.py
[2025-09-03T20:23:13.566+0200] {processor.py:753} INFO - DAG(s) dict_keys(['example_xcom']) retrieved from /home/varun/miniconda3/envs/python38/lib/python3.8/site-packages/airflow/example_dags/example_xcom.py
[2025-09-03T20:23:13.592+0200] {logging_mixin.py:137} INFO - [2025-09-03T20:23:13.592+0200] {dag.py:2705} INFO - Sync 1 DAGs
[2025-09-03T20:23:13.612+0200] {logging_mixin.py:137} INFO - [2025-09-03T20:23:13.612+0200] {dag.py:3452} INFO - Setting next_dagrun for example_xcom to 2021-01-01T00:00:00+00:00, run_after=2021-01-01T00:00:00+00:00
[2025-09-03T20:23:13.642+0200] {processor.py:175} INFO - Processing /home/varun/miniconda3/envs/python38/lib/python3.8/site-packages/airflow/example_dags/example_xcom.py took 0.281 seconds
[2025-09-03T20:23:58.376+0200] {processor.py:153} INFO - Started process (PID=5296) to work on /home/varun/miniconda3/envs/python38/lib/python3.8/site-packages/airflow/example_dags/example_xcom.py
[2025-09-03T20:23:58.377+0200] {processor.py:743} INFO - Processing file /home/varun/miniconda3/envs/python38/lib/python3.8/site-packages/airflow/example_dags/example_xcom.py for tasks to queue
[2025-09-03T20:23:58.378+0200] {logging_mixin.py:137} INFO - [2025-09-03T20:23:58.378+0200] {dagbag.py:532} INFO - Filling up the DagBag from /home/varun/miniconda3/envs/python38/lib/python3.8/site-packages/airflow/example_dags/example_xcom.py
[2025-09-03T20:23:58.400+0200] {processor.py:753} INFO - DAG(s) dict_keys(['example_xcom']) retrieved from /home/varun/miniconda3/envs/python38/lib/python3.8/site-packages/airflow/example_dags/example_xcom.py
[2025-09-03T20:23:58.418+0200] {logging_mixin.py:137} INFO - [2025-09-03T20:23:58.418+0200] {dag.py:2705} INFO - Sync 1 DAGs
[2025-09-03T20:23:58.436+0200] {logging_mixin.py:137} INFO - [2025-09-03T20:23:58.435+0200] {dag.py:3452} INFO - Setting next_dagrun for example_xcom to 2021-01-01T00:00:00+00:00, run_after=2021-01-01T00:00:00+00:00
[2025-09-03T20:23:58.458+0200] {processor.py:175} INFO - Processing /home/varun/miniconda3/envs/python38/lib/python3.8/site-packages/airflow/example_dags/example_xcom.py took 0.086 seconds
[2025-09-03T20:24:44.737+0200] {processor.py:153} INFO - Started process (PID=5338) to work on /home/varun/miniconda3/envs/python38/lib/python3.8/site-packages/airflow/example_dags/example_xcom.py
[2025-09-03T20:24:44.738+0200] {processor.py:743} INFO - Processing file /home/varun/miniconda3/envs/python38/lib/python3.8/site-packages/airflow/example_dags/example_xcom.py for tasks to queue
[2025-09-03T20:24:44.739+0200] {logging_mixin.py:137} INFO - [2025-09-03T20:24:44.739+0200] {dagbag.py:532} INFO - Filling up the DagBag from /home/varun/miniconda3/envs/python38/lib/python3.8/site-packages/airflow/example_dags/example_xcom.py
[2025-09-03T20:24:44.758+0200] {processor.py:753} INFO - DAG(s) dict_keys(['example_xcom']) retrieved from /home/varun/miniconda3/envs/python38/lib/python3.8/site-packages/airflow/example_dags/example_xcom.py
[2025-09-03T20:24:44.780+0200] {logging_mixin.py:137} INFO - [2025-09-03T20:24:44.779+0200] {dag.py:2705} INFO - Sync 1 DAGs
[2025-09-03T20:24:44.798+0200] {logging_mixin.py:137} INFO - [2025-09-03T20:24:44.797+0200] {dag.py:3452} INFO - Setting next_dagrun for example_xcom to 2021-01-01T00:00:00+00:00, run_after=2021-01-01T00:00:00+00:00
[2025-09-03T20:24:44.820+0200] {processor.py:175} INFO - Processing /home/varun/miniconda3/envs/python38/lib/python3.8/site-packages/airflow/example_dags/example_xcom.py took 0.087 seconds
[2025-09-03T20:25:31.767+0200] {processor.py:153} INFO - Started process (PID=5380) to work on /home/varun/miniconda3/envs/python38/lib/python3.8/site-packages/airflow/example_dags/example_xcom.py
[2025-09-03T20:25:31.769+0200] {processor.py:743} INFO - Processing file /home/varun/miniconda3/envs/python38/lib/python3.8/site-packages/airflow/example_dags/example_xcom.py for tasks to queue
[2025-09-03T20:25:31.769+0200] {logging_mixin.py:137} INFO - [2025-09-03T20:25:31.769+0200] {dagbag.py:532} INFO - Filling up the DagBag from /home/varun/miniconda3/envs/python38/lib/python3.8/site-packages/airflow/example_dags/example_xcom.py
[2025-09-03T20:25:31.794+0200] {processor.py:753} INFO - DAG(s) dict_keys(['example_xcom']) retrieved from /home/varun/miniconda3/envs/python38/lib/python3.8/site-packages/airflow/example_dags/example_xcom.py
[2025-09-03T20:25:31.813+0200] {logging_mixin.py:137} INFO - [2025-09-03T20:25:31.812+0200] {dag.py:2705} INFO - Sync 1 DAGs
[2025-09-03T20:25:31.829+0200] {logging_mixin.py:137} INFO - [2025-09-03T20:25:31.829+0200] {dag.py:3452} INFO - Setting next_dagrun for example_xcom to 2021-01-01T00:00:00+00:00, run_after=2021-01-01T00:00:00+00:00
[2025-09-03T20:25:31.854+0200] {processor.py:175} INFO - Processing /home/varun/miniconda3/envs/python38/lib/python3.8/site-packages/airflow/example_dags/example_xcom.py took 0.091 seconds
[2025-09-03T20:26:15.678+0200] {processor.py:153} INFO - Started process (PID=5422) to work on /home/varun/miniconda3/envs/python38/lib/python3.8/site-packages/airflow/example_dags/example_xcom.py
[2025-09-03T20:26:15.679+0200] {processor.py:743} INFO - Processing file /home/varun/miniconda3/envs/python38/lib/python3.8/site-packages/airflow/example_dags/example_xcom.py for tasks to queue
[2025-09-03T20:26:15.680+0200] {logging_mixin.py:137} INFO - [2025-09-03T20:26:15.680+0200] {dagbag.py:532} INFO - Filling up the DagBag from /home/varun/miniconda3/envs/python38/lib/python3.8/site-packages/airflow/example_dags/example_xcom.py
[2025-09-03T20:26:15.699+0200] {processor.py:753} INFO - DAG(s) dict_keys(['example_xcom']) retrieved from /home/varun/miniconda3/envs/python38/lib/python3.8/site-packages/airflow/example_dags/example_xcom.py
[2025-09-03T20:26:15.715+0200] {logging_mixin.py:137} INFO - [2025-09-03T20:26:15.715+0200] {dag.py:2705} INFO - Sync 1 DAGs
[2025-09-03T20:26:15.730+0200] {logging_mixin.py:137} INFO - [2025-09-03T20:26:15.730+0200] {dag.py:3452} INFO - Setting next_dagrun for example_xcom to 2021-01-01T00:00:00+00:00, run_after=2021-01-01T00:00:00+00:00
[2025-09-03T20:26:15.751+0200] {processor.py:175} INFO - Processing /home/varun/miniconda3/envs/python38/lib/python3.8/site-packages/airflow/example_dags/example_xcom.py took 0.077 seconds
[2025-09-03T20:27:02.617+0200] {processor.py:153} INFO - Started process (PID=5464) to work on /home/varun/miniconda3/envs/python38/lib/python3.8/site-packages/airflow/example_dags/example_xcom.py
[2025-09-03T20:27:02.619+0200] {processor.py:743} INFO - Processing file /home/varun/miniconda3/envs/python38/lib/python3.8/site-packages/airflow/example_dags/example_xcom.py for tasks to queue
[2025-09-03T20:27:02.620+0200] {logging_mixin.py:137} INFO - [2025-09-03T20:27:02.619+0200] {dagbag.py:532} INFO - Filling up the DagBag from /home/varun/miniconda3/envs/python38/lib/python3.8/site-packages/airflow/example_dags/example_xcom.py
[2025-09-03T20:27:02.639+0200] {processor.py:753} INFO - DAG(s) dict_keys(['example_xcom']) retrieved from /home/varun/miniconda3/envs/python38/lib/python3.8/site-packages/airflow/example_dags/example_xcom.py
[2025-09-03T20:27:02.655+0200] {logging_mixin.py:137} INFO - [2025-09-03T20:27:02.655+0200] {dag.py:2705} INFO - Sync 1 DAGs
[2025-09-03T20:27:02.670+0200] {logging_mixin.py:137} INFO - [2025-09-03T20:27:02.670+0200] {dag.py:3452} INFO - Setting next_dagrun for example_xcom to 2021-01-01T00:00:00+00:00, run_after=2021-01-01T00:00:00+00:00
[2025-09-03T20:27:02.689+0200] {processor.py:175} INFO - Processing /home/varun/miniconda3/envs/python38/lib/python3.8/site-packages/airflow/example_dags/example_xcom.py took 0.075 seconds
[2025-09-03T20:27:52.331+0200] {processor.py:153} INFO - Started process (PID=5506) to work on /home/varun/miniconda3/envs/python38/lib/python3.8/site-packages/airflow/example_dags/example_xcom.py
[2025-09-03T20:27:52.332+0200] {processor.py:743} INFO - Processing file /home/varun/miniconda3/envs/python38/lib/python3.8/site-packages/airflow/example_dags/example_xcom.py for tasks to queue
[2025-09-03T20:27:52.333+0200] {logging_mixin.py:137} INFO - [2025-09-03T20:27:52.333+0200] {dagbag.py:532} INFO - Filling up the DagBag from /home/varun/miniconda3/envs/python38/lib/python3.8/site-packages/airflow/example_dags/example_xcom.py
[2025-09-03T20:27:52.352+0200] {processor.py:753} INFO - DAG(s) dict_keys(['example_xcom']) retrieved from /home/varun/miniconda3/envs/python38/lib/python3.8/site-packages/airflow/example_dags/example_xcom.py
[2025-09-03T20:27:52.374+0200] {logging_mixin.py:137} INFO - [2025-09-03T20:27:52.374+0200] {dag.py:2705} INFO - Sync 1 DAGs
[2025-09-03T20:27:52.391+0200] {logging_mixin.py:137} INFO - [2025-09-03T20:27:52.391+0200] {dag.py:3452} INFO - Setting next_dagrun for example_xcom to 2021-01-01T00:00:00+00:00, run_after=2021-01-01T00:00:00+00:00
[2025-09-03T20:27:52.413+0200] {processor.py:175} INFO - Processing /home/varun/miniconda3/envs/python38/lib/python3.8/site-packages/airflow/example_dags/example_xcom.py took 0.085 seconds
[2025-09-03T20:28:37.943+0200] {processor.py:153} INFO - Started process (PID=5548) to work on /home/varun/miniconda3/envs/python38/lib/python3.8/site-packages/airflow/example_dags/example_xcom.py
[2025-09-03T20:28:37.945+0200] {processor.py:743} INFO - Processing file /home/varun/miniconda3/envs/python38/lib/python3.8/site-packages/airflow/example_dags/example_xcom.py for tasks to queue
[2025-09-03T20:28:37.946+0200] {logging_mixin.py:137} INFO - [2025-09-03T20:28:37.946+0200] {dagbag.py:532} INFO - Filling up the DagBag from /home/varun/miniconda3/envs/python38/lib/python3.8/site-packages/airflow/example_dags/example_xcom.py
[2025-09-03T20:28:37.967+0200] {processor.py:753} INFO - DAG(s) dict_keys(['example_xcom']) retrieved from /home/varun/miniconda3/envs/python38/lib/python3.8/site-packages/airflow/example_dags/example_xcom.py
[2025-09-03T20:28:37.987+0200] {logging_mixin.py:137} INFO - [2025-09-03T20:28:37.987+0200] {dag.py:2705} INFO - Sync 1 DAGs
[2025-09-03T20:28:38.005+0200] {logging_mixin.py:137} INFO - [2025-09-03T20:28:38.005+0200] {dag.py:3452} INFO - Setting next_dagrun for example_xcom to 2021-01-01T00:00:00+00:00, run_after=2021-01-01T00:00:00+00:00
[2025-09-03T20:28:38.028+0200] {processor.py:175} INFO - Processing /home/varun/miniconda3/envs/python38/lib/python3.8/site-packages/airflow/example_dags/example_xcom.py took 0.089 seconds
[2025-09-03T20:29:24.611+0200] {processor.py:153} INFO - Started process (PID=5591) to work on /home/varun/miniconda3/envs/python38/lib/python3.8/site-packages/airflow/example_dags/example_xcom.py
[2025-09-03T20:29:24.613+0200] {processor.py:743} INFO - Processing file /home/varun/miniconda3/envs/python38/lib/python3.8/site-packages/airflow/example_dags/example_xcom.py for tasks to queue
[2025-09-03T20:29:24.614+0200] {logging_mixin.py:137} INFO - [2025-09-03T20:29:24.614+0200] {dagbag.py:532} INFO - Filling up the DagBag from /home/varun/miniconda3/envs/python38/lib/python3.8/site-packages/airflow/example_dags/example_xcom.py
[2025-09-03T20:29:24.633+0200] {processor.py:753} INFO - DAG(s) dict_keys(['example_xcom']) retrieved from /home/varun/miniconda3/envs/python38/lib/python3.8/site-packages/airflow/example_dags/example_xcom.py
[2025-09-03T20:29:24.650+0200] {logging_mixin.py:137} INFO - [2025-09-03T20:29:24.650+0200] {dag.py:2705} INFO - Sync 1 DAGs
[2025-09-03T20:29:24.664+0200] {logging_mixin.py:137} INFO - [2025-09-03T20:29:24.664+0200] {dag.py:3452} INFO - Setting next_dagrun for example_xcom to 2021-01-01T00:00:00+00:00, run_after=2021-01-01T00:00:00+00:00
[2025-09-03T20:29:24.684+0200] {processor.py:175} INFO - Processing /home/varun/miniconda3/envs/python38/lib/python3.8/site-packages/airflow/example_dags/example_xcom.py took 0.075 seconds
[2025-09-03T20:30:09.012+0200] {processor.py:153} INFO - Started process (PID=5633) to work on /home/varun/miniconda3/envs/python38/lib/python3.8/site-packages/airflow/example_dags/example_xcom.py
[2025-09-03T20:30:09.014+0200] {processor.py:743} INFO - Processing file /home/varun/miniconda3/envs/python38/lib/python3.8/site-packages/airflow/example_dags/example_xcom.py for tasks to queue
[2025-09-03T20:30:09.015+0200] {logging_mixin.py:137} INFO - [2025-09-03T20:30:09.014+0200] {dagbag.py:532} INFO - Filling up the DagBag from /home/varun/miniconda3/envs/python38/lib/python3.8/site-packages/airflow/example_dags/example_xcom.py
[2025-09-03T20:30:09.036+0200] {processor.py:753} INFO - DAG(s) dict_keys(['example_xcom']) retrieved from /home/varun/miniconda3/envs/python38/lib/python3.8/site-packages/airflow/example_dags/example_xcom.py
[2025-09-03T20:30:09.053+0200] {logging_mixin.py:137} INFO - [2025-09-03T20:30:09.053+0200] {dag.py:2705} INFO - Sync 1 DAGs
[2025-09-03T20:30:09.071+0200] {logging_mixin.py:137} INFO - [2025-09-03T20:30:09.070+0200] {dag.py:3452} INFO - Setting next_dagrun for example_xcom to 2021-01-01T00:00:00+00:00, run_after=2021-01-01T00:00:00+00:00
[2025-09-03T20:30:09.094+0200] {processor.py:175} INFO - Processing /home/varun/miniconda3/envs/python38/lib/python3.8/site-packages/airflow/example_dags/example_xcom.py took 0.085 seconds
[2025-09-03T20:30:56.857+0200] {processor.py:153} INFO - Started process (PID=5675) to work on /home/varun/miniconda3/envs/python38/lib/python3.8/site-packages/airflow/example_dags/example_xcom.py
[2025-09-03T20:30:56.858+0200] {processor.py:743} INFO - Processing file /home/varun/miniconda3/envs/python38/lib/python3.8/site-packages/airflow/example_dags/example_xcom.py for tasks to queue
[2025-09-03T20:30:56.859+0200] {logging_mixin.py:137} INFO - [2025-09-03T20:30:56.859+0200] {dagbag.py:532} INFO - Filling up the DagBag from /home/varun/miniconda3/envs/python38/lib/python3.8/site-packages/airflow/example_dags/example_xcom.py
[2025-09-03T20:30:56.878+0200] {processor.py:753} INFO - DAG(s) dict_keys(['example_xcom']) retrieved from /home/varun/miniconda3/envs/python38/lib/python3.8/site-packages/airflow/example_dags/example_xcom.py
[2025-09-03T20:30:56.894+0200] {logging_mixin.py:137} INFO - [2025-09-03T20:30:56.894+0200] {dag.py:2705} INFO - Sync 1 DAGs
[2025-09-03T20:30:56.910+0200] {logging_mixin.py:137} INFO - [2025-09-03T20:30:56.910+0200] {dag.py:3452} INFO - Setting next_dagrun for example_xcom to 2021-01-01T00:00:00+00:00, run_after=2021-01-01T00:00:00+00:00
[2025-09-03T20:30:56.930+0200] {processor.py:175} INFO - Processing /home/varun/miniconda3/envs/python38/lib/python3.8/site-packages/airflow/example_dags/example_xcom.py took 0.077 seconds
[2025-09-03T20:31:41.692+0200] {processor.py:153} INFO - Started process (PID=5717) to work on /home/varun/miniconda3/envs/python38/lib/python3.8/site-packages/airflow/example_dags/example_xcom.py
[2025-09-03T20:31:41.694+0200] {processor.py:743} INFO - Processing file /home/varun/miniconda3/envs/python38/lib/python3.8/site-packages/airflow/example_dags/example_xcom.py for tasks to queue
[2025-09-03T20:31:41.695+0200] {logging_mixin.py:137} INFO - [2025-09-03T20:31:41.695+0200] {dagbag.py:532} INFO - Filling up the DagBag from /home/varun/miniconda3/envs/python38/lib/python3.8/site-packages/airflow/example_dags/example_xcom.py
[2025-09-03T20:31:41.714+0200] {processor.py:753} INFO - DAG(s) dict_keys(['example_xcom']) retrieved from /home/varun/miniconda3/envs/python38/lib/python3.8/site-packages/airflow/example_dags/example_xcom.py
[2025-09-03T20:31:41.735+0200] {logging_mixin.py:137} INFO - [2025-09-03T20:31:41.735+0200] {dag.py:2705} INFO - Sync 1 DAGs
[2025-09-03T20:31:41.753+0200] {logging_mixin.py:137} INFO - [2025-09-03T20:31:41.753+0200] {dag.py:3452} INFO - Setting next_dagrun for example_xcom to 2021-01-01T00:00:00+00:00, run_after=2021-01-01T00:00:00+00:00
[2025-09-03T20:31:41.780+0200] {processor.py:175} INFO - Processing /home/varun/miniconda3/envs/python38/lib/python3.8/site-packages/airflow/example_dags/example_xcom.py took 0.091 seconds
[2025-09-03T20:32:26.631+0200] {processor.py:153} INFO - Started process (PID=5759) to work on /home/varun/miniconda3/envs/python38/lib/python3.8/site-packages/airflow/example_dags/example_xcom.py
[2025-09-03T20:32:26.632+0200] {processor.py:743} INFO - Processing file /home/varun/miniconda3/envs/python38/lib/python3.8/site-packages/airflow/example_dags/example_xcom.py for tasks to queue
[2025-09-03T20:32:26.633+0200] {logging_mixin.py:137} INFO - [2025-09-03T20:32:26.633+0200] {dagbag.py:532} INFO - Filling up the DagBag from /home/varun/miniconda3/envs/python38/lib/python3.8/site-packages/airflow/example_dags/example_xcom.py
[2025-09-03T20:32:26.655+0200] {processor.py:753} INFO - DAG(s) dict_keys(['example_xcom']) retrieved from /home/varun/miniconda3/envs/python38/lib/python3.8/site-packages/airflow/example_dags/example_xcom.py
[2025-09-03T20:32:26.677+0200] {logging_mixin.py:137} INFO - [2025-09-03T20:32:26.676+0200] {dag.py:2705} INFO - Sync 1 DAGs
[2025-09-03T20:32:26.694+0200] {logging_mixin.py:137} INFO - [2025-09-03T20:32:26.694+0200] {dag.py:3452} INFO - Setting next_dagrun for example_xcom to 2021-01-01T00:00:00+00:00, run_after=2021-01-01T00:00:00+00:00
[2025-09-03T20:32:26.721+0200] {processor.py:175} INFO - Processing /home/varun/miniconda3/envs/python38/lib/python3.8/site-packages/airflow/example_dags/example_xcom.py took 0.093 seconds
[2025-09-03T20:33:16.147+0200] {processor.py:153} INFO - Started process (PID=5801) to work on /home/varun/miniconda3/envs/python38/lib/python3.8/site-packages/airflow/example_dags/example_xcom.py
[2025-09-03T20:33:16.149+0200] {processor.py:743} INFO - Processing file /home/varun/miniconda3/envs/python38/lib/python3.8/site-packages/airflow/example_dags/example_xcom.py for tasks to queue
[2025-09-03T20:33:16.149+0200] {logging_mixin.py:137} INFO - [2025-09-03T20:33:16.149+0200] {dagbag.py:532} INFO - Filling up the DagBag from /home/varun/miniconda3/envs/python38/lib/python3.8/site-packages/airflow/example_dags/example_xcom.py
[2025-09-03T20:33:16.168+0200] {processor.py:753} INFO - DAG(s) dict_keys(['example_xcom']) retrieved from /home/varun/miniconda3/envs/python38/lib/python3.8/site-packages/airflow/example_dags/example_xcom.py
[2025-09-03T20:33:16.190+0200] {logging_mixin.py:137} INFO - [2025-09-03T20:33:16.189+0200] {dag.py:2705} INFO - Sync 1 DAGs
[2025-09-03T20:33:16.207+0200] {logging_mixin.py:137} INFO - [2025-09-03T20:33:16.207+0200] {dag.py:3452} INFO - Setting next_dagrun for example_xcom to 2021-01-01T00:00:00+00:00, run_after=2021-01-01T00:00:00+00:00
[2025-09-03T20:33:16.229+0200] {processor.py:175} INFO - Processing /home/varun/miniconda3/envs/python38/lib/python3.8/site-packages/airflow/example_dags/example_xcom.py took 0.085 seconds
[2025-09-03T20:34:02.034+0200] {processor.py:153} INFO - Started process (PID=5843) to work on /home/varun/miniconda3/envs/python38/lib/python3.8/site-packages/airflow/example_dags/example_xcom.py
[2025-09-03T20:34:02.036+0200] {processor.py:743} INFO - Processing file /home/varun/miniconda3/envs/python38/lib/python3.8/site-packages/airflow/example_dags/example_xcom.py for tasks to queue
[2025-09-03T20:34:02.036+0200] {logging_mixin.py:137} INFO - [2025-09-03T20:34:02.036+0200] {dagbag.py:532} INFO - Filling up the DagBag from /home/varun/miniconda3/envs/python38/lib/python3.8/site-packages/airflow/example_dags/example_xcom.py
[2025-09-03T20:34:02.055+0200] {processor.py:753} INFO - DAG(s) dict_keys(['example_xcom']) retrieved from /home/varun/miniconda3/envs/python38/lib/python3.8/site-packages/airflow/example_dags/example_xcom.py
[2025-09-03T20:34:02.075+0200] {logging_mixin.py:137} INFO - [2025-09-03T20:34:02.075+0200] {dag.py:2705} INFO - Sync 1 DAGs
[2025-09-03T20:34:02.093+0200] {logging_mixin.py:137} INFO - [2025-09-03T20:34:02.093+0200] {dag.py:3452} INFO - Setting next_dagrun for example_xcom to 2021-01-01T00:00:00+00:00, run_after=2021-01-01T00:00:00+00:00
[2025-09-03T20:34:02.116+0200] {processor.py:175} INFO - Processing /home/varun/miniconda3/envs/python38/lib/python3.8/site-packages/airflow/example_dags/example_xcom.py took 0.085 seconds
[2025-09-03T20:34:45.540+0200] {processor.py:153} INFO - Started process (PID=5885) to work on /home/varun/miniconda3/envs/python38/lib/python3.8/site-packages/airflow/example_dags/example_xcom.py
[2025-09-03T20:34:45.542+0200] {processor.py:743} INFO - Processing file /home/varun/miniconda3/envs/python38/lib/python3.8/site-packages/airflow/example_dags/example_xcom.py for tasks to queue
[2025-09-03T20:34:45.542+0200] {logging_mixin.py:137} INFO - [2025-09-03T20:34:45.542+0200] {dagbag.py:532} INFO - Filling up the DagBag from /home/varun/miniconda3/envs/python38/lib/python3.8/site-packages/airflow/example_dags/example_xcom.py
[2025-09-03T20:34:45.561+0200] {processor.py:753} INFO - DAG(s) dict_keys(['example_xcom']) retrieved from /home/varun/miniconda3/envs/python38/lib/python3.8/site-packages/airflow/example_dags/example_xcom.py
[2025-09-03T20:34:45.581+0200] {logging_mixin.py:137} INFO - [2025-09-03T20:34:45.580+0200] {dag.py:2705} INFO - Sync 1 DAGs
[2025-09-03T20:34:45.598+0200] {logging_mixin.py:137} INFO - [2025-09-03T20:34:45.598+0200] {dag.py:3452} INFO - Setting next_dagrun for example_xcom to 2021-01-01T00:00:00+00:00, run_after=2021-01-01T00:00:00+00:00
[2025-09-03T20:34:45.623+0200] {processor.py:175} INFO - Processing /home/varun/miniconda3/envs/python38/lib/python3.8/site-packages/airflow/example_dags/example_xcom.py took 0.086 seconds
[2025-09-03T20:35:31.449+0200] {processor.py:153} INFO - Started process (PID=5928) to work on /home/varun/miniconda3/envs/python38/lib/python3.8/site-packages/airflow/example_dags/example_xcom.py
[2025-09-03T20:35:31.451+0200] {processor.py:743} INFO - Processing file /home/varun/miniconda3/envs/python38/lib/python3.8/site-packages/airflow/example_dags/example_xcom.py for tasks to queue
[2025-09-03T20:35:31.452+0200] {logging_mixin.py:137} INFO - [2025-09-03T20:35:31.452+0200] {dagbag.py:532} INFO - Filling up the DagBag from /home/varun/miniconda3/envs/python38/lib/python3.8/site-packages/airflow/example_dags/example_xcom.py
[2025-09-03T20:35:31.475+0200] {processor.py:753} INFO - DAG(s) dict_keys(['example_xcom']) retrieved from /home/varun/miniconda3/envs/python38/lib/python3.8/site-packages/airflow/example_dags/example_xcom.py
[2025-09-03T20:35:31.495+0200] {logging_mixin.py:137} INFO - [2025-09-03T20:35:31.494+0200] {dag.py:2705} INFO - Sync 1 DAGs
[2025-09-03T20:35:31.510+0200] {logging_mixin.py:137} INFO - [2025-09-03T20:35:31.510+0200] {dag.py:3452} INFO - Setting next_dagrun for example_xcom to 2021-01-01T00:00:00+00:00, run_after=2021-01-01T00:00:00+00:00
[2025-09-03T20:35:31.533+0200] {processor.py:175} INFO - Processing /home/varun/miniconda3/envs/python38/lib/python3.8/site-packages/airflow/example_dags/example_xcom.py took 0.087 seconds
[2025-09-03T20:36:18.970+0200] {processor.py:153} INFO - Started process (PID=5970) to work on /home/varun/miniconda3/envs/python38/lib/python3.8/site-packages/airflow/example_dags/example_xcom.py
[2025-09-03T20:36:18.972+0200] {processor.py:743} INFO - Processing file /home/varun/miniconda3/envs/python38/lib/python3.8/site-packages/airflow/example_dags/example_xcom.py for tasks to queue
[2025-09-03T20:36:18.974+0200] {logging_mixin.py:137} INFO - [2025-09-03T20:36:18.973+0200] {dagbag.py:532} INFO - Filling up the DagBag from /home/varun/miniconda3/envs/python38/lib/python3.8/site-packages/airflow/example_dags/example_xcom.py
[2025-09-03T20:36:19.001+0200] {processor.py:753} INFO - DAG(s) dict_keys(['example_xcom']) retrieved from /home/varun/miniconda3/envs/python38/lib/python3.8/site-packages/airflow/example_dags/example_xcom.py
[2025-09-03T20:36:19.028+0200] {logging_mixin.py:137} INFO - [2025-09-03T20:36:19.027+0200] {dag.py:2705} INFO - Sync 1 DAGs
[2025-09-03T20:36:19.048+0200] {logging_mixin.py:137} INFO - [2025-09-03T20:36:19.048+0200] {dag.py:3452} INFO - Setting next_dagrun for example_xcom to 2021-01-01T00:00:00+00:00, run_after=2021-01-01T00:00:00+00:00
[2025-09-03T20:36:19.072+0200] {processor.py:175} INFO - Processing /home/varun/miniconda3/envs/python38/lib/python3.8/site-packages/airflow/example_dags/example_xcom.py took 0.106 seconds
