[2025-09-03T19:42:30.000+0200] {processor.py:153} INFO - Started process (PID=3094) to work on /home/varun/miniconda3/envs/python38/lib/python3.8/site-packages/airflow/example_dags/example_skip_dag.py
[2025-09-03T19:42:30.001+0200] {processor.py:743} INFO - Processing file /home/varun/miniconda3/envs/python38/lib/python3.8/site-packages/airflow/example_dags/example_skip_dag.py for tasks to queue
[2025-09-03T19:42:30.002+0200] {logging_mixin.py:137} INFO - [2025-09-03T19:42:30.002+0200] {dagbag.py:532} INFO - Filling up the DagBag from /home/varun/miniconda3/envs/python38/lib/python3.8/site-packages/airflow/example_dags/example_skip_dag.py
[2025-09-03T19:42:30.015+0200] {processor.py:753} INFO - DAG(s) dict_keys(['example_skip_dag']) retrieved from /home/varun/miniconda3/envs/python38/lib/python3.8/site-packages/airflow/example_dags/example_skip_dag.py
[2025-09-03T19:42:30.119+0200] {logging_mixin.py:137} INFO - [2025-09-03T19:42:30.118+0200] {manager.py:504} INFO - Created Permission View: can edit on DAG:example_skip_dag
[2025-09-03T19:42:30.131+0200] {logging_mixin.py:137} INFO - [2025-09-03T19:42:30.131+0200] {manager.py:504} INFO - Created Permission View: can delete on DAG:example_skip_dag
[2025-09-03T19:42:30.143+0200] {logging_mixin.py:137} INFO - [2025-09-03T19:42:30.143+0200] {manager.py:504} INFO - Created Permission View: can read on DAG:example_skip_dag
[2025-09-03T19:42:30.143+0200] {logging_mixin.py:137} INFO - [2025-09-03T19:42:30.143+0200] {dag.py:2705} INFO - Sync 1 DAGs
[2025-09-03T19:42:30.152+0200] {logging_mixin.py:137} INFO - [2025-09-03T19:42:30.151+0200] {dag.py:2726} INFO - Creating ORM DAG for example_skip_dag
[2025-09-03T19:42:30.160+0200] {logging_mixin.py:137} INFO - [2025-09-03T19:42:30.159+0200] {dag.py:3452} INFO - Setting next_dagrun for example_skip_dag to 2025-09-02T17:42:30.159593+00:00, run_after=2025-09-03T17:42:30.159593+00:00
[2025-09-03T19:42:30.187+0200] {processor.py:175} INFO - Processing /home/varun/miniconda3/envs/python38/lib/python3.8/site-packages/airflow/example_dags/example_skip_dag.py took 0.190 seconds
[2025-09-03T19:43:19.973+0200] {processor.py:153} INFO - Started process (PID=3136) to work on /home/varun/miniconda3/envs/python38/lib/python3.8/site-packages/airflow/example_dags/example_skip_dag.py
[2025-09-03T19:43:19.976+0200] {processor.py:743} INFO - Processing file /home/varun/miniconda3/envs/python38/lib/python3.8/site-packages/airflow/example_dags/example_skip_dag.py for tasks to queue
[2025-09-03T19:43:19.977+0200] {logging_mixin.py:137} INFO - [2025-09-03T19:43:19.977+0200] {dagbag.py:532} INFO - Filling up the DagBag from /home/varun/miniconda3/envs/python38/lib/python3.8/site-packages/airflow/example_dags/example_skip_dag.py
[2025-09-03T19:43:20.003+0200] {processor.py:753} INFO - DAG(s) dict_keys(['example_skip_dag']) retrieved from /home/varun/miniconda3/envs/python38/lib/python3.8/site-packages/airflow/example_dags/example_skip_dag.py
[2025-09-03T19:43:20.031+0200] {logging_mixin.py:137} INFO - [2025-09-03T19:43:20.031+0200] {dag.py:2705} INFO - Sync 1 DAGs
[2025-09-03T19:43:20.054+0200] {logging_mixin.py:137} INFO - [2025-09-03T19:43:20.054+0200] {dag.py:3452} INFO - Setting next_dagrun for example_skip_dag to 2025-09-02T17:43:20.053966+00:00, run_after=2025-09-03T17:43:20.053966+00:00
[2025-09-03T19:43:20.081+0200] {processor.py:175} INFO - Processing /home/varun/miniconda3/envs/python38/lib/python3.8/site-packages/airflow/example_dags/example_skip_dag.py took 0.115 seconds
[2025-09-03T19:44:06.936+0200] {processor.py:153} INFO - Started process (PID=3178) to work on /home/varun/miniconda3/envs/python38/lib/python3.8/site-packages/airflow/example_dags/example_skip_dag.py
[2025-09-03T19:44:06.938+0200] {processor.py:743} INFO - Processing file /home/varun/miniconda3/envs/python38/lib/python3.8/site-packages/airflow/example_dags/example_skip_dag.py for tasks to queue
[2025-09-03T19:44:06.939+0200] {logging_mixin.py:137} INFO - [2025-09-03T19:44:06.939+0200] {dagbag.py:532} INFO - Filling up the DagBag from /home/varun/miniconda3/envs/python38/lib/python3.8/site-packages/airflow/example_dags/example_skip_dag.py
[2025-09-03T19:44:06.953+0200] {processor.py:753} INFO - DAG(s) dict_keys(['example_skip_dag']) retrieved from /home/varun/miniconda3/envs/python38/lib/python3.8/site-packages/airflow/example_dags/example_skip_dag.py
[2025-09-03T19:44:06.973+0200] {logging_mixin.py:137} INFO - [2025-09-03T19:44:06.973+0200] {dag.py:2705} INFO - Sync 1 DAGs
[2025-09-03T19:44:06.990+0200] {logging_mixin.py:137} INFO - [2025-09-03T19:44:06.990+0200] {dag.py:3452} INFO - Setting next_dagrun for example_skip_dag to 2025-09-02T17:44:06.990072+00:00, run_after=2025-09-03T17:44:06.990072+00:00
[2025-09-03T19:44:07.016+0200] {processor.py:175} INFO - Processing /home/varun/miniconda3/envs/python38/lib/python3.8/site-packages/airflow/example_dags/example_skip_dag.py took 0.082 seconds
[2025-09-03T19:44:57.404+0200] {processor.py:153} INFO - Started process (PID=3221) to work on /home/varun/miniconda3/envs/python38/lib/python3.8/site-packages/airflow/example_dags/example_skip_dag.py
[2025-09-03T19:44:57.406+0200] {processor.py:743} INFO - Processing file /home/varun/miniconda3/envs/python38/lib/python3.8/site-packages/airflow/example_dags/example_skip_dag.py for tasks to queue
[2025-09-03T19:44:57.406+0200] {logging_mixin.py:137} INFO - [2025-09-03T19:44:57.406+0200] {dagbag.py:532} INFO - Filling up the DagBag from /home/varun/miniconda3/envs/python38/lib/python3.8/site-packages/airflow/example_dags/example_skip_dag.py
[2025-09-03T19:44:57.419+0200] {processor.py:753} INFO - DAG(s) dict_keys(['example_skip_dag']) retrieved from /home/varun/miniconda3/envs/python38/lib/python3.8/site-packages/airflow/example_dags/example_skip_dag.py
[2025-09-03T19:44:57.436+0200] {logging_mixin.py:137} INFO - [2025-09-03T19:44:57.436+0200] {dag.py:2705} INFO - Sync 1 DAGs
[2025-09-03T19:44:57.451+0200] {logging_mixin.py:137} INFO - [2025-09-03T19:44:57.451+0200] {dag.py:3452} INFO - Setting next_dagrun for example_skip_dag to 2025-09-02T17:44:57.450993+00:00, run_after=2025-09-03T17:44:57.450993+00:00
[2025-09-03T19:44:57.474+0200] {processor.py:175} INFO - Processing /home/varun/miniconda3/envs/python38/lib/python3.8/site-packages/airflow/example_dags/example_skip_dag.py took 0.073 seconds
[2025-09-03T19:45:44.182+0200] {processor.py:153} INFO - Started process (PID=3291) to work on /home/varun/miniconda3/envs/python38/lib/python3.8/site-packages/airflow/example_dags/example_skip_dag.py
[2025-09-03T19:45:44.184+0200] {processor.py:743} INFO - Processing file /home/varun/miniconda3/envs/python38/lib/python3.8/site-packages/airflow/example_dags/example_skip_dag.py for tasks to queue
[2025-09-03T19:45:44.185+0200] {logging_mixin.py:137} INFO - [2025-09-03T19:45:44.184+0200] {dagbag.py:532} INFO - Filling up the DagBag from /home/varun/miniconda3/envs/python38/lib/python3.8/site-packages/airflow/example_dags/example_skip_dag.py
[2025-09-03T19:45:44.197+0200] {processor.py:753} INFO - DAG(s) dict_keys(['example_skip_dag']) retrieved from /home/varun/miniconda3/envs/python38/lib/python3.8/site-packages/airflow/example_dags/example_skip_dag.py
[2025-09-03T19:45:44.214+0200] {logging_mixin.py:137} INFO - [2025-09-03T19:45:44.214+0200] {dag.py:2705} INFO - Sync 1 DAGs
[2025-09-03T19:45:44.230+0200] {logging_mixin.py:137} INFO - [2025-09-03T19:45:44.230+0200] {dag.py:3452} INFO - Setting next_dagrun for example_skip_dag to 2025-09-02T17:45:44.230187+00:00, run_after=2025-09-03T17:45:44.230187+00:00
[2025-09-03T19:45:44.251+0200] {processor.py:175} INFO - Processing /home/varun/miniconda3/envs/python38/lib/python3.8/site-packages/airflow/example_dags/example_skip_dag.py took 0.072 seconds
[2025-09-03T19:46:28.583+0200] {processor.py:153} INFO - Started process (PID=3336) to work on /home/varun/miniconda3/envs/python38/lib/python3.8/site-packages/airflow/example_dags/example_skip_dag.py
[2025-09-03T19:46:28.584+0200] {processor.py:743} INFO - Processing file /home/varun/miniconda3/envs/python38/lib/python3.8/site-packages/airflow/example_dags/example_skip_dag.py for tasks to queue
[2025-09-03T19:46:28.585+0200] {logging_mixin.py:137} INFO - [2025-09-03T19:46:28.585+0200] {dagbag.py:532} INFO - Filling up the DagBag from /home/varun/miniconda3/envs/python38/lib/python3.8/site-packages/airflow/example_dags/example_skip_dag.py
[2025-09-03T19:46:28.597+0200] {processor.py:753} INFO - DAG(s) dict_keys(['example_skip_dag']) retrieved from /home/varun/miniconda3/envs/python38/lib/python3.8/site-packages/airflow/example_dags/example_skip_dag.py
[2025-09-03T19:46:28.616+0200] {logging_mixin.py:137} INFO - [2025-09-03T19:46:28.615+0200] {dag.py:2705} INFO - Sync 1 DAGs
[2025-09-03T19:46:28.631+0200] {logging_mixin.py:137} INFO - [2025-09-03T19:46:28.631+0200] {dag.py:3452} INFO - Setting next_dagrun for example_skip_dag to 2025-09-02T17:46:28.631487+00:00, run_after=2025-09-03T17:46:28.631487+00:00
[2025-09-03T19:46:28.653+0200] {processor.py:175} INFO - Processing /home/varun/miniconda3/envs/python38/lib/python3.8/site-packages/airflow/example_dags/example_skip_dag.py took 0.074 seconds
[2025-09-03T19:47:17.742+0200] {processor.py:153} INFO - Started process (PID=3389) to work on /home/varun/miniconda3/envs/python38/lib/python3.8/site-packages/airflow/example_dags/example_skip_dag.py
[2025-09-03T19:47:17.743+0200] {processor.py:743} INFO - Processing file /home/varun/miniconda3/envs/python38/lib/python3.8/site-packages/airflow/example_dags/example_skip_dag.py for tasks to queue
[2025-09-03T19:47:17.744+0200] {logging_mixin.py:137} INFO - [2025-09-03T19:47:17.744+0200] {dagbag.py:532} INFO - Filling up the DagBag from /home/varun/miniconda3/envs/python38/lib/python3.8/site-packages/airflow/example_dags/example_skip_dag.py
[2025-09-03T19:47:17.757+0200] {processor.py:753} INFO - DAG(s) dict_keys(['example_skip_dag']) retrieved from /home/varun/miniconda3/envs/python38/lib/python3.8/site-packages/airflow/example_dags/example_skip_dag.py
[2025-09-03T19:47:17.775+0200] {logging_mixin.py:137} INFO - [2025-09-03T19:47:17.775+0200] {dag.py:2705} INFO - Sync 1 DAGs
[2025-09-03T19:47:17.791+0200] {logging_mixin.py:137} INFO - [2025-09-03T19:47:17.790+0200] {dag.py:3452} INFO - Setting next_dagrun for example_skip_dag to 2025-09-02T17:47:17.790697+00:00, run_after=2025-09-03T17:47:17.790697+00:00
[2025-09-03T19:47:17.811+0200] {processor.py:175} INFO - Processing /home/varun/miniconda3/envs/python38/lib/python3.8/site-packages/airflow/example_dags/example_skip_dag.py took 0.073 seconds
[2025-09-03T19:48:03.398+0200] {processor.py:153} INFO - Started process (PID=3431) to work on /home/varun/miniconda3/envs/python38/lib/python3.8/site-packages/airflow/example_dags/example_skip_dag.py
[2025-09-03T19:48:03.400+0200] {processor.py:743} INFO - Processing file /home/varun/miniconda3/envs/python38/lib/python3.8/site-packages/airflow/example_dags/example_skip_dag.py for tasks to queue
[2025-09-03T19:48:03.401+0200] {logging_mixin.py:137} INFO - [2025-09-03T19:48:03.401+0200] {dagbag.py:532} INFO - Filling up the DagBag from /home/varun/miniconda3/envs/python38/lib/python3.8/site-packages/airflow/example_dags/example_skip_dag.py
[2025-09-03T19:48:03.413+0200] {processor.py:753} INFO - DAG(s) dict_keys(['example_skip_dag']) retrieved from /home/varun/miniconda3/envs/python38/lib/python3.8/site-packages/airflow/example_dags/example_skip_dag.py
[2025-09-03T19:48:03.431+0200] {logging_mixin.py:137} INFO - [2025-09-03T19:48:03.431+0200] {dag.py:2705} INFO - Sync 1 DAGs
[2025-09-03T19:48:03.447+0200] {logging_mixin.py:137} INFO - [2025-09-03T19:48:03.447+0200] {dag.py:3452} INFO - Setting next_dagrun for example_skip_dag to 2025-09-02T17:48:03.446946+00:00, run_after=2025-09-03T17:48:03.446946+00:00
[2025-09-03T19:48:03.466+0200] {processor.py:175} INFO - Processing /home/varun/miniconda3/envs/python38/lib/python3.8/site-packages/airflow/example_dags/example_skip_dag.py took 0.071 seconds
[2025-09-03T19:48:51.437+0200] {processor.py:153} INFO - Started process (PID=3473) to work on /home/varun/miniconda3/envs/python38/lib/python3.8/site-packages/airflow/example_dags/example_skip_dag.py
[2025-09-03T19:48:51.443+0200] {processor.py:743} INFO - Processing file /home/varun/miniconda3/envs/python38/lib/python3.8/site-packages/airflow/example_dags/example_skip_dag.py for tasks to queue
[2025-09-03T19:48:51.445+0200] {logging_mixin.py:137} INFO - [2025-09-03T19:48:51.444+0200] {dagbag.py:532} INFO - Filling up the DagBag from /home/varun/miniconda3/envs/python38/lib/python3.8/site-packages/airflow/example_dags/example_skip_dag.py
[2025-09-03T19:48:51.479+0200] {processor.py:753} INFO - DAG(s) dict_keys(['example_skip_dag']) retrieved from /home/varun/miniconda3/envs/python38/lib/python3.8/site-packages/airflow/example_dags/example_skip_dag.py
[2025-09-03T19:48:51.525+0200] {logging_mixin.py:137} INFO - [2025-09-03T19:48:51.525+0200] {dag.py:2705} INFO - Sync 1 DAGs
[2025-09-03T19:48:51.599+0200] {logging_mixin.py:137} INFO - [2025-09-03T19:48:51.599+0200] {dag.py:3452} INFO - Setting next_dagrun for example_skip_dag to 2025-09-02T17:48:51.598439+00:00, run_after=2025-09-03T17:48:51.598439+00:00
[2025-09-03T19:48:51.680+0200] {processor.py:175} INFO - Processing /home/varun/miniconda3/envs/python38/lib/python3.8/site-packages/airflow/example_dags/example_skip_dag.py took 0.256 seconds
[2025-09-03T19:49:42.995+0200] {processor.py:153} INFO - Started process (PID=3519) to work on /home/varun/miniconda3/envs/python38/lib/python3.8/site-packages/airflow/example_dags/example_skip_dag.py
[2025-09-03T19:49:42.999+0200] {processor.py:743} INFO - Processing file /home/varun/miniconda3/envs/python38/lib/python3.8/site-packages/airflow/example_dags/example_skip_dag.py for tasks to queue
[2025-09-03T19:49:43.000+0200] {logging_mixin.py:137} INFO - [2025-09-03T19:49:42.999+0200] {dagbag.py:532} INFO - Filling up the DagBag from /home/varun/miniconda3/envs/python38/lib/python3.8/site-packages/airflow/example_dags/example_skip_dag.py
[2025-09-03T19:49:43.022+0200] {processor.py:753} INFO - DAG(s) dict_keys(['example_skip_dag']) retrieved from /home/varun/miniconda3/envs/python38/lib/python3.8/site-packages/airflow/example_dags/example_skip_dag.py
[2025-09-03T19:49:43.050+0200] {logging_mixin.py:137} INFO - [2025-09-03T19:49:43.050+0200] {dag.py:2705} INFO - Sync 1 DAGs
[2025-09-03T19:49:43.074+0200] {logging_mixin.py:137} INFO - [2025-09-03T19:49:43.074+0200] {dag.py:3452} INFO - Setting next_dagrun for example_skip_dag to 2025-09-02T17:49:43.074503+00:00, run_after=2025-09-03T17:49:43.074503+00:00
[2025-09-03T19:49:43.101+0200] {processor.py:175} INFO - Processing /home/varun/miniconda3/envs/python38/lib/python3.8/site-packages/airflow/example_dags/example_skip_dag.py took 0.111 seconds
[2025-09-03T19:50:29.889+0200] {processor.py:153} INFO - Started process (PID=3567) to work on /home/varun/miniconda3/envs/python38/lib/python3.8/site-packages/airflow/example_dags/example_skip_dag.py
[2025-09-03T19:50:29.891+0200] {processor.py:743} INFO - Processing file /home/varun/miniconda3/envs/python38/lib/python3.8/site-packages/airflow/example_dags/example_skip_dag.py for tasks to queue
[2025-09-03T19:50:29.891+0200] {logging_mixin.py:137} INFO - [2025-09-03T19:50:29.891+0200] {dagbag.py:532} INFO - Filling up the DagBag from /home/varun/miniconda3/envs/python38/lib/python3.8/site-packages/airflow/example_dags/example_skip_dag.py
[2025-09-03T19:50:29.903+0200] {processor.py:753} INFO - DAG(s) dict_keys(['example_skip_dag']) retrieved from /home/varun/miniconda3/envs/python38/lib/python3.8/site-packages/airflow/example_dags/example_skip_dag.py
[2025-09-03T19:50:29.921+0200] {logging_mixin.py:137} INFO - [2025-09-03T19:50:29.920+0200] {dag.py:2705} INFO - Sync 1 DAGs
[2025-09-03T19:50:29.936+0200] {logging_mixin.py:137} INFO - [2025-09-03T19:50:29.936+0200] {dag.py:3452} INFO - Setting next_dagrun for example_skip_dag to 2025-09-02T17:50:29.936366+00:00, run_after=2025-09-03T17:50:29.936366+00:00
[2025-09-03T19:50:29.958+0200] {processor.py:175} INFO - Processing /home/varun/miniconda3/envs/python38/lib/python3.8/site-packages/airflow/example_dags/example_skip_dag.py took 0.072 seconds
[2025-09-03T19:51:15.365+0200] {processor.py:153} INFO - Started process (PID=3621) to work on /home/varun/miniconda3/envs/python38/lib/python3.8/site-packages/airflow/example_dags/example_skip_dag.py
[2025-09-03T19:51:15.367+0200] {processor.py:743} INFO - Processing file /home/varun/miniconda3/envs/python38/lib/python3.8/site-packages/airflow/example_dags/example_skip_dag.py for tasks to queue
[2025-09-03T19:51:15.368+0200] {logging_mixin.py:137} INFO - [2025-09-03T19:51:15.368+0200] {dagbag.py:532} INFO - Filling up the DagBag from /home/varun/miniconda3/envs/python38/lib/python3.8/site-packages/airflow/example_dags/example_skip_dag.py
[2025-09-03T19:51:15.386+0200] {processor.py:753} INFO - DAG(s) dict_keys(['example_skip_dag']) retrieved from /home/varun/miniconda3/envs/python38/lib/python3.8/site-packages/airflow/example_dags/example_skip_dag.py
[2025-09-03T19:51:15.413+0200] {logging_mixin.py:137} INFO - [2025-09-03T19:51:15.413+0200] {dag.py:2705} INFO - Sync 1 DAGs
[2025-09-03T19:51:15.438+0200] {logging_mixin.py:137} INFO - [2025-09-03T19:51:15.438+0200] {dag.py:3452} INFO - Setting next_dagrun for example_skip_dag to 2025-09-02T17:51:15.437792+00:00, run_after=2025-09-03T17:51:15.437792+00:00
[2025-09-03T19:51:15.466+0200] {processor.py:175} INFO - Processing /home/varun/miniconda3/envs/python38/lib/python3.8/site-packages/airflow/example_dags/example_skip_dag.py took 0.105 seconds
[2025-09-03T19:52:05.331+0200] {processor.py:153} INFO - Started process (PID=3667) to work on /home/varun/miniconda3/envs/python38/lib/python3.8/site-packages/airflow/example_dags/example_skip_dag.py
[2025-09-03T19:52:05.333+0200] {processor.py:743} INFO - Processing file /home/varun/miniconda3/envs/python38/lib/python3.8/site-packages/airflow/example_dags/example_skip_dag.py for tasks to queue
[2025-09-03T19:52:05.335+0200] {logging_mixin.py:137} INFO - [2025-09-03T19:52:05.334+0200] {dagbag.py:532} INFO - Filling up the DagBag from /home/varun/miniconda3/envs/python38/lib/python3.8/site-packages/airflow/example_dags/example_skip_dag.py
[2025-09-03T19:52:05.354+0200] {processor.py:753} INFO - DAG(s) dict_keys(['example_skip_dag']) retrieved from /home/varun/miniconda3/envs/python38/lib/python3.8/site-packages/airflow/example_dags/example_skip_dag.py
[2025-09-03T19:52:05.385+0200] {logging_mixin.py:137} INFO - [2025-09-03T19:52:05.384+0200] {dag.py:2705} INFO - Sync 1 DAGs
[2025-09-03T19:52:05.415+0200] {logging_mixin.py:137} INFO - [2025-09-03T19:52:05.415+0200] {dag.py:3452} INFO - Setting next_dagrun for example_skip_dag to 2025-09-02T17:52:05.414664+00:00, run_after=2025-09-03T17:52:05.414664+00:00
[2025-09-03T19:52:05.453+0200] {processor.py:175} INFO - Processing /home/varun/miniconda3/envs/python38/lib/python3.8/site-packages/airflow/example_dags/example_skip_dag.py took 0.127 seconds
[2025-09-03T19:52:55.197+0200] {processor.py:153} INFO - Started process (PID=3713) to work on /home/varun/miniconda3/envs/python38/lib/python3.8/site-packages/airflow/example_dags/example_skip_dag.py
[2025-09-03T19:52:55.198+0200] {processor.py:743} INFO - Processing file /home/varun/miniconda3/envs/python38/lib/python3.8/site-packages/airflow/example_dags/example_skip_dag.py for tasks to queue
[2025-09-03T19:52:55.199+0200] {logging_mixin.py:137} INFO - [2025-09-03T19:52:55.199+0200] {dagbag.py:532} INFO - Filling up the DagBag from /home/varun/miniconda3/envs/python38/lib/python3.8/site-packages/airflow/example_dags/example_skip_dag.py
[2025-09-03T19:52:55.215+0200] {processor.py:753} INFO - DAG(s) dict_keys(['example_skip_dag']) retrieved from /home/varun/miniconda3/envs/python38/lib/python3.8/site-packages/airflow/example_dags/example_skip_dag.py
[2025-09-03T19:52:55.237+0200] {logging_mixin.py:137} INFO - [2025-09-03T19:52:55.236+0200] {dag.py:2705} INFO - Sync 1 DAGs
[2025-09-03T19:52:55.260+0200] {logging_mixin.py:137} INFO - [2025-09-03T19:52:55.259+0200] {dag.py:3452} INFO - Setting next_dagrun for example_skip_dag to 2025-09-02T17:52:55.259201+00:00, run_after=2025-09-03T17:52:55.259201+00:00
[2025-09-03T19:52:55.429+0200] {processor.py:175} INFO - Processing /home/varun/miniconda3/envs/python38/lib/python3.8/site-packages/airflow/example_dags/example_skip_dag.py took 0.235 seconds
[2025-09-03T19:53:50.927+0200] {processor.py:153} INFO - Started process (PID=3757) to work on /home/varun/miniconda3/envs/python38/lib/python3.8/site-packages/airflow/example_dags/example_skip_dag.py
[2025-09-03T19:53:50.929+0200] {processor.py:743} INFO - Processing file /home/varun/miniconda3/envs/python38/lib/python3.8/site-packages/airflow/example_dags/example_skip_dag.py for tasks to queue
[2025-09-03T19:53:50.929+0200] {logging_mixin.py:137} INFO - [2025-09-03T19:53:50.929+0200] {dagbag.py:532} INFO - Filling up the DagBag from /home/varun/miniconda3/envs/python38/lib/python3.8/site-packages/airflow/example_dags/example_skip_dag.py
[2025-09-03T19:53:50.946+0200] {processor.py:753} INFO - DAG(s) dict_keys(['example_skip_dag']) retrieved from /home/varun/miniconda3/envs/python38/lib/python3.8/site-packages/airflow/example_dags/example_skip_dag.py
[2025-09-03T19:53:50.973+0200] {logging_mixin.py:137} INFO - [2025-09-03T19:53:50.973+0200] {dag.py:2705} INFO - Sync 1 DAGs
[2025-09-03T19:53:51.272+0200] {logging_mixin.py:137} INFO - [2025-09-03T19:53:51.272+0200] {dag.py:3452} INFO - Setting next_dagrun for example_skip_dag to 2025-09-02T17:53:51.272542+00:00, run_after=2025-09-03T17:53:51.272542+00:00
[2025-09-03T19:53:51.305+0200] {processor.py:175} INFO - Processing /home/varun/miniconda3/envs/python38/lib/python3.8/site-packages/airflow/example_dags/example_skip_dag.py took 0.383 seconds
[2025-09-03T19:54:48.931+0200] {processor.py:153} INFO - Started process (PID=3810) to work on /home/varun/miniconda3/envs/python38/lib/python3.8/site-packages/airflow/example_dags/example_skip_dag.py
[2025-09-03T19:54:48.934+0200] {processor.py:743} INFO - Processing file /home/varun/miniconda3/envs/python38/lib/python3.8/site-packages/airflow/example_dags/example_skip_dag.py for tasks to queue
[2025-09-03T19:54:48.934+0200] {logging_mixin.py:137} INFO - [2025-09-03T19:54:48.934+0200] {dagbag.py:532} INFO - Filling up the DagBag from /home/varun/miniconda3/envs/python38/lib/python3.8/site-packages/airflow/example_dags/example_skip_dag.py
[2025-09-03T19:54:48.950+0200] {processor.py:753} INFO - DAG(s) dict_keys(['example_skip_dag']) retrieved from /home/varun/miniconda3/envs/python38/lib/python3.8/site-packages/airflow/example_dags/example_skip_dag.py
[2025-09-03T19:54:48.973+0200] {logging_mixin.py:137} INFO - [2025-09-03T19:54:48.973+0200] {dag.py:2705} INFO - Sync 1 DAGs
[2025-09-03T19:54:49.112+0200] {logging_mixin.py:137} INFO - [2025-09-03T19:54:49.112+0200] {dag.py:3452} INFO - Setting next_dagrun for example_skip_dag to 2025-09-02T17:54:49.112332+00:00, run_after=2025-09-03T17:54:49.112332+00:00
[2025-09-03T19:54:49.139+0200] {processor.py:175} INFO - Processing /home/varun/miniconda3/envs/python38/lib/python3.8/site-packages/airflow/example_dags/example_skip_dag.py took 0.211 seconds
[2025-09-03T19:55:46.776+0200] {processor.py:153} INFO - Started process (PID=3864) to work on /home/varun/miniconda3/envs/python38/lib/python3.8/site-packages/airflow/example_dags/example_skip_dag.py
[2025-09-03T19:55:46.778+0200] {processor.py:743} INFO - Processing file /home/varun/miniconda3/envs/python38/lib/python3.8/site-packages/airflow/example_dags/example_skip_dag.py for tasks to queue
[2025-09-03T19:55:46.780+0200] {logging_mixin.py:137} INFO - [2025-09-03T19:55:46.779+0200] {dagbag.py:532} INFO - Filling up the DagBag from /home/varun/miniconda3/envs/python38/lib/python3.8/site-packages/airflow/example_dags/example_skip_dag.py
[2025-09-03T19:55:46.803+0200] {processor.py:753} INFO - DAG(s) dict_keys(['example_skip_dag']) retrieved from /home/varun/miniconda3/envs/python38/lib/python3.8/site-packages/airflow/example_dags/example_skip_dag.py
[2025-09-03T19:55:46.997+0200] {logging_mixin.py:137} INFO - [2025-09-03T19:55:46.997+0200] {dag.py:2705} INFO - Sync 1 DAGs
[2025-09-03T19:55:47.019+0200] {logging_mixin.py:137} INFO - [2025-09-03T19:55:47.018+0200] {dag.py:3452} INFO - Setting next_dagrun for example_skip_dag to 2025-09-02T17:55:47.018702+00:00, run_after=2025-09-03T17:55:47.018702+00:00
[2025-09-03T19:55:47.055+0200] {processor.py:175} INFO - Processing /home/varun/miniconda3/envs/python38/lib/python3.8/site-packages/airflow/example_dags/example_skip_dag.py took 0.283 seconds
[2025-09-03T19:56:48.704+0200] {processor.py:153} INFO - Started process (PID=3914) to work on /home/varun/miniconda3/envs/python38/lib/python3.8/site-packages/airflow/example_dags/example_skip_dag.py
[2025-09-03T19:56:48.706+0200] {processor.py:743} INFO - Processing file /home/varun/miniconda3/envs/python38/lib/python3.8/site-packages/airflow/example_dags/example_skip_dag.py for tasks to queue
[2025-09-03T19:56:48.707+0200] {logging_mixin.py:137} INFO - [2025-09-03T19:56:48.707+0200] {dagbag.py:532} INFO - Filling up the DagBag from /home/varun/miniconda3/envs/python38/lib/python3.8/site-packages/airflow/example_dags/example_skip_dag.py
[2025-09-03T19:56:48.840+0200] {processor.py:753} INFO - DAG(s) dict_keys(['example_skip_dag']) retrieved from /home/varun/miniconda3/envs/python38/lib/python3.8/site-packages/airflow/example_dags/example_skip_dag.py
[2025-09-03T19:56:48.856+0200] {logging_mixin.py:137} INFO - [2025-09-03T19:56:48.856+0200] {dag.py:2705} INFO - Sync 1 DAGs
[2025-09-03T19:56:48.874+0200] {logging_mixin.py:137} INFO - [2025-09-03T19:56:48.874+0200] {dag.py:3452} INFO - Setting next_dagrun for example_skip_dag to 2025-09-02T17:56:48.874657+00:00, run_after=2025-09-03T17:56:48.874657+00:00
[2025-09-03T19:56:48.899+0200] {processor.py:175} INFO - Processing /home/varun/miniconda3/envs/python38/lib/python3.8/site-packages/airflow/example_dags/example_skip_dag.py took 0.199 seconds
[2025-09-03T19:57:39.636+0200] {processor.py:153} INFO - Started process (PID=3961) to work on /home/varun/miniconda3/envs/python38/lib/python3.8/site-packages/airflow/example_dags/example_skip_dag.py
[2025-09-03T19:57:39.637+0200] {processor.py:743} INFO - Processing file /home/varun/miniconda3/envs/python38/lib/python3.8/site-packages/airflow/example_dags/example_skip_dag.py for tasks to queue
[2025-09-03T19:57:39.638+0200] {logging_mixin.py:137} INFO - [2025-09-03T19:57:39.638+0200] {dagbag.py:532} INFO - Filling up the DagBag from /home/varun/miniconda3/envs/python38/lib/python3.8/site-packages/airflow/example_dags/example_skip_dag.py
[2025-09-03T19:57:39.662+0200] {processor.py:753} INFO - DAG(s) dict_keys(['example_skip_dag']) retrieved from /home/varun/miniconda3/envs/python38/lib/python3.8/site-packages/airflow/example_dags/example_skip_dag.py
[2025-09-03T19:57:39.695+0200] {logging_mixin.py:137} INFO - [2025-09-03T19:57:39.695+0200] {dag.py:2705} INFO - Sync 1 DAGs
[2025-09-03T19:57:39.729+0200] {logging_mixin.py:137} INFO - [2025-09-03T19:57:39.729+0200] {dag.py:3452} INFO - Setting next_dagrun for example_skip_dag to 2025-09-02T17:57:39.728269+00:00, run_after=2025-09-03T17:57:39.728269+00:00
[2025-09-03T19:57:39.763+0200] {processor.py:175} INFO - Processing /home/varun/miniconda3/envs/python38/lib/python3.8/site-packages/airflow/example_dags/example_skip_dag.py took 0.132 seconds
[2025-09-03T20:00:45.575+0200] {processor.py:153} INFO - Started process (PID=4029) to work on /home/varun/miniconda3/envs/python38/lib/python3.8/site-packages/airflow/example_dags/example_skip_dag.py
[2025-09-03T20:00:45.576+0200] {processor.py:743} INFO - Processing file /home/varun/miniconda3/envs/python38/lib/python3.8/site-packages/airflow/example_dags/example_skip_dag.py for tasks to queue
[2025-09-03T20:00:45.577+0200] {logging_mixin.py:137} INFO - [2025-09-03T20:00:45.577+0200] {dagbag.py:532} INFO - Filling up the DagBag from /home/varun/miniconda3/envs/python38/lib/python3.8/site-packages/airflow/example_dags/example_skip_dag.py
[2025-09-03T20:00:45.591+0200] {processor.py:753} INFO - DAG(s) dict_keys(['example_skip_dag']) retrieved from /home/varun/miniconda3/envs/python38/lib/python3.8/site-packages/airflow/example_dags/example_skip_dag.py
[2025-09-03T20:00:45.614+0200] {logging_mixin.py:137} INFO - [2025-09-03T20:00:45.614+0200] {dag.py:2705} INFO - Sync 1 DAGs
[2025-09-03T20:00:45.632+0200] {logging_mixin.py:137} INFO - [2025-09-03T20:00:45.632+0200] {dag.py:3452} INFO - Setting next_dagrun for example_skip_dag to 2025-09-02T18:00:45.632399+00:00, run_after=2025-09-03T18:00:45.632399+00:00
[2025-09-03T20:00:45.653+0200] {processor.py:175} INFO - Processing /home/varun/miniconda3/envs/python38/lib/python3.8/site-packages/airflow/example_dags/example_skip_dag.py took 0.082 seconds
[2025-09-03T20:01:35.562+0200] {processor.py:153} INFO - Started process (PID=4079) to work on /home/varun/miniconda3/envs/python38/lib/python3.8/site-packages/airflow/example_dags/example_skip_dag.py
[2025-09-03T20:01:35.564+0200] {processor.py:743} INFO - Processing file /home/varun/miniconda3/envs/python38/lib/python3.8/site-packages/airflow/example_dags/example_skip_dag.py for tasks to queue
[2025-09-03T20:01:35.565+0200] {logging_mixin.py:137} INFO - [2025-09-03T20:01:35.564+0200] {dagbag.py:532} INFO - Filling up the DagBag from /home/varun/miniconda3/envs/python38/lib/python3.8/site-packages/airflow/example_dags/example_skip_dag.py
[2025-09-03T20:01:35.583+0200] {processor.py:753} INFO - DAG(s) dict_keys(['example_skip_dag']) retrieved from /home/varun/miniconda3/envs/python38/lib/python3.8/site-packages/airflow/example_dags/example_skip_dag.py
[2025-09-03T20:01:35.603+0200] {logging_mixin.py:137} INFO - [2025-09-03T20:01:35.603+0200] {dag.py:2705} INFO - Sync 1 DAGs
[2025-09-03T20:01:35.621+0200] {logging_mixin.py:137} INFO - [2025-09-03T20:01:35.621+0200] {dag.py:3452} INFO - Setting next_dagrun for example_skip_dag to 2025-09-02T18:01:35.621439+00:00, run_after=2025-09-03T18:01:35.621439+00:00
[2025-09-03T20:01:35.647+0200] {processor.py:175} INFO - Processing /home/varun/miniconda3/envs/python38/lib/python3.8/site-packages/airflow/example_dags/example_skip_dag.py took 0.088 seconds
[2025-09-03T20:02:20.499+0200] {processor.py:153} INFO - Started process (PID=4121) to work on /home/varun/miniconda3/envs/python38/lib/python3.8/site-packages/airflow/example_dags/example_skip_dag.py
[2025-09-03T20:02:20.500+0200] {processor.py:743} INFO - Processing file /home/varun/miniconda3/envs/python38/lib/python3.8/site-packages/airflow/example_dags/example_skip_dag.py for tasks to queue
[2025-09-03T20:02:20.501+0200] {logging_mixin.py:137} INFO - [2025-09-03T20:02:20.500+0200] {dagbag.py:532} INFO - Filling up the DagBag from /home/varun/miniconda3/envs/python38/lib/python3.8/site-packages/airflow/example_dags/example_skip_dag.py
[2025-09-03T20:02:20.513+0200] {processor.py:753} INFO - DAG(s) dict_keys(['example_skip_dag']) retrieved from /home/varun/miniconda3/envs/python38/lib/python3.8/site-packages/airflow/example_dags/example_skip_dag.py
[2025-09-03T20:02:20.534+0200] {logging_mixin.py:137} INFO - [2025-09-03T20:02:20.534+0200] {dag.py:2705} INFO - Sync 1 DAGs
[2025-09-03T20:02:20.553+0200] {logging_mixin.py:137} INFO - [2025-09-03T20:02:20.553+0200] {dag.py:3452} INFO - Setting next_dagrun for example_skip_dag to 2025-09-02T18:02:20.553200+00:00, run_after=2025-09-03T18:02:20.553200+00:00
[2025-09-03T20:02:20.577+0200] {processor.py:175} INFO - Processing /home/varun/miniconda3/envs/python38/lib/python3.8/site-packages/airflow/example_dags/example_skip_dag.py took 0.081 seconds
[2025-09-03T20:03:07.282+0200] {processor.py:153} INFO - Started process (PID=4163) to work on /home/varun/miniconda3/envs/python38/lib/python3.8/site-packages/airflow/example_dags/example_skip_dag.py
[2025-09-03T20:03:07.283+0200] {processor.py:743} INFO - Processing file /home/varun/miniconda3/envs/python38/lib/python3.8/site-packages/airflow/example_dags/example_skip_dag.py for tasks to queue
[2025-09-03T20:03:07.284+0200] {logging_mixin.py:137} INFO - [2025-09-03T20:03:07.284+0200] {dagbag.py:532} INFO - Filling up the DagBag from /home/varun/miniconda3/envs/python38/lib/python3.8/site-packages/airflow/example_dags/example_skip_dag.py
[2025-09-03T20:03:07.301+0200] {processor.py:753} INFO - DAG(s) dict_keys(['example_skip_dag']) retrieved from /home/varun/miniconda3/envs/python38/lib/python3.8/site-packages/airflow/example_dags/example_skip_dag.py
[2025-09-03T20:03:07.324+0200] {logging_mixin.py:137} INFO - [2025-09-03T20:03:07.324+0200] {dag.py:2705} INFO - Sync 1 DAGs
[2025-09-03T20:03:07.347+0200] {logging_mixin.py:137} INFO - [2025-09-03T20:03:07.347+0200] {dag.py:3452} INFO - Setting next_dagrun for example_skip_dag to 2025-09-02T18:03:07.347352+00:00, run_after=2025-09-03T18:03:07.347352+00:00
[2025-09-03T20:03:07.374+0200] {processor.py:175} INFO - Processing /home/varun/miniconda3/envs/python38/lib/python3.8/site-packages/airflow/example_dags/example_skip_dag.py took 0.097 seconds
[2025-09-03T20:03:58.324+0200] {processor.py:153} INFO - Started process (PID=4205) to work on /home/varun/miniconda3/envs/python38/lib/python3.8/site-packages/airflow/example_dags/example_skip_dag.py
[2025-09-03T20:03:58.325+0200] {processor.py:743} INFO - Processing file /home/varun/miniconda3/envs/python38/lib/python3.8/site-packages/airflow/example_dags/example_skip_dag.py for tasks to queue
[2025-09-03T20:03:58.327+0200] {logging_mixin.py:137} INFO - [2025-09-03T20:03:58.326+0200] {dagbag.py:532} INFO - Filling up the DagBag from /home/varun/miniconda3/envs/python38/lib/python3.8/site-packages/airflow/example_dags/example_skip_dag.py
[2025-09-03T20:03:58.343+0200] {processor.py:753} INFO - DAG(s) dict_keys(['example_skip_dag']) retrieved from /home/varun/miniconda3/envs/python38/lib/python3.8/site-packages/airflow/example_dags/example_skip_dag.py
[2025-09-03T20:03:58.362+0200] {logging_mixin.py:137} INFO - [2025-09-03T20:03:58.362+0200] {dag.py:2705} INFO - Sync 1 DAGs
[2025-09-03T20:03:58.382+0200] {logging_mixin.py:137} INFO - [2025-09-03T20:03:58.382+0200] {dag.py:3452} INFO - Setting next_dagrun for example_skip_dag to 2025-09-02T18:03:58.381892+00:00, run_after=2025-09-03T18:03:58.381892+00:00
[2025-09-03T20:03:58.406+0200] {processor.py:175} INFO - Processing /home/varun/miniconda3/envs/python38/lib/python3.8/site-packages/airflow/example_dags/example_skip_dag.py took 0.086 seconds
[2025-09-03T20:04:47.075+0200] {processor.py:153} INFO - Started process (PID=4249) to work on /home/varun/miniconda3/envs/python38/lib/python3.8/site-packages/airflow/example_dags/example_skip_dag.py
[2025-09-03T20:04:47.077+0200] {processor.py:743} INFO - Processing file /home/varun/miniconda3/envs/python38/lib/python3.8/site-packages/airflow/example_dags/example_skip_dag.py for tasks to queue
[2025-09-03T20:04:47.078+0200] {logging_mixin.py:137} INFO - [2025-09-03T20:04:47.077+0200] {dagbag.py:532} INFO - Filling up the DagBag from /home/varun/miniconda3/envs/python38/lib/python3.8/site-packages/airflow/example_dags/example_skip_dag.py
[2025-09-03T20:04:47.096+0200] {processor.py:753} INFO - DAG(s) dict_keys(['example_skip_dag']) retrieved from /home/varun/miniconda3/envs/python38/lib/python3.8/site-packages/airflow/example_dags/example_skip_dag.py
[2025-09-03T20:04:47.205+0200] {logging_mixin.py:137} INFO - [2025-09-03T20:04:47.204+0200] {manager.py:504} INFO - Created Permission View: can delete on DAG:example_skip_dag
[2025-09-03T20:04:47.217+0200] {logging_mixin.py:137} INFO - [2025-09-03T20:04:47.217+0200] {manager.py:504} INFO - Created Permission View: can read on DAG:example_skip_dag
[2025-09-03T20:04:47.230+0200] {logging_mixin.py:137} INFO - [2025-09-03T20:04:47.230+0200] {manager.py:504} INFO - Created Permission View: can edit on DAG:example_skip_dag
[2025-09-03T20:04:47.230+0200] {logging_mixin.py:137} INFO - [2025-09-03T20:04:47.230+0200] {dag.py:2705} INFO - Sync 1 DAGs
[2025-09-03T20:04:47.239+0200] {logging_mixin.py:137} INFO - [2025-09-03T20:04:47.239+0200] {dag.py:2726} INFO - Creating ORM DAG for example_skip_dag
[2025-09-03T20:04:47.247+0200] {logging_mixin.py:137} INFO - [2025-09-03T20:04:47.247+0200] {dag.py:3452} INFO - Setting next_dagrun for example_skip_dag to 2025-09-02T18:04:47.247432+00:00, run_after=2025-09-03T18:04:47.247432+00:00
[2025-09-03T20:04:47.271+0200] {processor.py:175} INFO - Processing /home/varun/miniconda3/envs/python38/lib/python3.8/site-packages/airflow/example_dags/example_skip_dag.py took 0.201 seconds
[2025-09-03T20:05:46.913+0200] {processor.py:153} INFO - Started process (PID=4308) to work on /home/varun/miniconda3/envs/python38/lib/python3.8/site-packages/airflow/example_dags/example_skip_dag.py
[2025-09-03T20:05:46.914+0200] {processor.py:743} INFO - Processing file /home/varun/miniconda3/envs/python38/lib/python3.8/site-packages/airflow/example_dags/example_skip_dag.py for tasks to queue
[2025-09-03T20:05:46.915+0200] {logging_mixin.py:137} INFO - [2025-09-03T20:05:46.915+0200] {dagbag.py:532} INFO - Filling up the DagBag from /home/varun/miniconda3/envs/python38/lib/python3.8/site-packages/airflow/example_dags/example_skip_dag.py
[2025-09-03T20:05:46.935+0200] {processor.py:753} INFO - DAG(s) dict_keys(['example_skip_dag']) retrieved from /home/varun/miniconda3/envs/python38/lib/python3.8/site-packages/airflow/example_dags/example_skip_dag.py
[2025-09-03T20:05:46.958+0200] {logging_mixin.py:137} INFO - [2025-09-03T20:05:46.958+0200] {dag.py:2705} INFO - Sync 1 DAGs
[2025-09-03T20:05:46.983+0200] {logging_mixin.py:137} INFO - [2025-09-03T20:05:46.983+0200] {dag.py:3452} INFO - Setting next_dagrun for example_skip_dag to 2025-09-02T18:05:46.982487+00:00, run_after=2025-09-03T18:05:46.982487+00:00
[2025-09-03T20:05:47.010+0200] {processor.py:175} INFO - Processing /home/varun/miniconda3/envs/python38/lib/python3.8/site-packages/airflow/example_dags/example_skip_dag.py took 0.102 seconds
[2025-09-03T20:06:33.911+0200] {processor.py:153} INFO - Started process (PID=4350) to work on /home/varun/miniconda3/envs/python38/lib/python3.8/site-packages/airflow/example_dags/example_skip_dag.py
[2025-09-03T20:06:33.914+0200] {processor.py:743} INFO - Processing file /home/varun/miniconda3/envs/python38/lib/python3.8/site-packages/airflow/example_dags/example_skip_dag.py for tasks to queue
[2025-09-03T20:06:33.915+0200] {logging_mixin.py:137} INFO - [2025-09-03T20:06:33.915+0200] {dagbag.py:532} INFO - Filling up the DagBag from /home/varun/miniconda3/envs/python38/lib/python3.8/site-packages/airflow/example_dags/example_skip_dag.py
[2025-09-03T20:06:33.940+0200] {processor.py:753} INFO - DAG(s) dict_keys(['example_skip_dag']) retrieved from /home/varun/miniconda3/envs/python38/lib/python3.8/site-packages/airflow/example_dags/example_skip_dag.py
[2025-09-03T20:06:33.977+0200] {logging_mixin.py:137} INFO - [2025-09-03T20:06:33.976+0200] {dag.py:2705} INFO - Sync 1 DAGs
[2025-09-03T20:06:34.004+0200] {logging_mixin.py:137} INFO - [2025-09-03T20:06:34.004+0200] {dag.py:3452} INFO - Setting next_dagrun for example_skip_dag to 2025-09-02T18:06:34.003491+00:00, run_after=2025-09-03T18:06:34.003491+00:00
[2025-09-03T20:06:34.044+0200] {processor.py:175} INFO - Processing /home/varun/miniconda3/envs/python38/lib/python3.8/site-packages/airflow/example_dags/example_skip_dag.py took 0.140 seconds
[2025-09-03T20:07:19.635+0200] {processor.py:153} INFO - Started process (PID=4412) to work on /home/varun/miniconda3/envs/python38/lib/python3.8/site-packages/airflow/example_dags/example_skip_dag.py
[2025-09-03T20:07:19.636+0200] {processor.py:743} INFO - Processing file /home/varun/miniconda3/envs/python38/lib/python3.8/site-packages/airflow/example_dags/example_skip_dag.py for tasks to queue
[2025-09-03T20:07:19.638+0200] {logging_mixin.py:137} INFO - [2025-09-03T20:07:19.637+0200] {dagbag.py:532} INFO - Filling up the DagBag from /home/varun/miniconda3/envs/python38/lib/python3.8/site-packages/airflow/example_dags/example_skip_dag.py
[2025-09-03T20:07:19.651+0200] {processor.py:753} INFO - DAG(s) dict_keys(['example_skip_dag']) retrieved from /home/varun/miniconda3/envs/python38/lib/python3.8/site-packages/airflow/example_dags/example_skip_dag.py
[2025-09-03T20:07:19.669+0200] {logging_mixin.py:137} INFO - [2025-09-03T20:07:19.669+0200] {dag.py:2705} INFO - Sync 1 DAGs
[2025-09-03T20:07:19.686+0200] {logging_mixin.py:137} INFO - [2025-09-03T20:07:19.686+0200] {dag.py:3452} INFO - Setting next_dagrun for example_skip_dag to 2025-09-02T18:07:19.686317+00:00, run_after=2025-09-03T18:07:19.686317+00:00
[2025-09-03T20:07:19.710+0200] {processor.py:175} INFO - Processing /home/varun/miniconda3/envs/python38/lib/python3.8/site-packages/airflow/example_dags/example_skip_dag.py took 0.078 seconds
[2025-09-03T20:08:09.681+0200] {processor.py:153} INFO - Started process (PID=4460) to work on /home/varun/miniconda3/envs/python38/lib/python3.8/site-packages/airflow/example_dags/example_skip_dag.py
[2025-09-03T20:08:09.683+0200] {processor.py:743} INFO - Processing file /home/varun/miniconda3/envs/python38/lib/python3.8/site-packages/airflow/example_dags/example_skip_dag.py for tasks to queue
[2025-09-03T20:08:09.684+0200] {logging_mixin.py:137} INFO - [2025-09-03T20:08:09.683+0200] {dagbag.py:532} INFO - Filling up the DagBag from /home/varun/miniconda3/envs/python38/lib/python3.8/site-packages/airflow/example_dags/example_skip_dag.py
[2025-09-03T20:08:09.696+0200] {processor.py:753} INFO - DAG(s) dict_keys(['example_skip_dag']) retrieved from /home/varun/miniconda3/envs/python38/lib/python3.8/site-packages/airflow/example_dags/example_skip_dag.py
[2025-09-03T20:08:09.713+0200] {logging_mixin.py:137} INFO - [2025-09-03T20:08:09.713+0200] {dag.py:2705} INFO - Sync 1 DAGs
[2025-09-03T20:08:09.728+0200] {logging_mixin.py:137} INFO - [2025-09-03T20:08:09.728+0200] {dag.py:3452} INFO - Setting next_dagrun for example_skip_dag to 2025-09-02T18:08:09.728446+00:00, run_after=2025-09-03T18:08:09.728446+00:00
[2025-09-03T20:08:09.753+0200] {processor.py:175} INFO - Processing /home/varun/miniconda3/envs/python38/lib/python3.8/site-packages/airflow/example_dags/example_skip_dag.py took 0.075 seconds
[2025-09-03T20:09:25.875+0200] {processor.py:153} INFO - Started process (PID=4519) to work on /home/varun/miniconda3/envs/python38/lib/python3.8/site-packages/airflow/example_dags/example_skip_dag.py
[2025-09-03T20:09:25.877+0200] {processor.py:743} INFO - Processing file /home/varun/miniconda3/envs/python38/lib/python3.8/site-packages/airflow/example_dags/example_skip_dag.py for tasks to queue
[2025-09-03T20:09:25.878+0200] {logging_mixin.py:137} INFO - [2025-09-03T20:09:25.878+0200] {dagbag.py:532} INFO - Filling up the DagBag from /home/varun/miniconda3/envs/python38/lib/python3.8/site-packages/airflow/example_dags/example_skip_dag.py
[2025-09-03T20:09:25.895+0200] {processor.py:753} INFO - DAG(s) dict_keys(['example_skip_dag']) retrieved from /home/varun/miniconda3/envs/python38/lib/python3.8/site-packages/airflow/example_dags/example_skip_dag.py
[2025-09-03T20:09:25.918+0200] {logging_mixin.py:137} INFO - [2025-09-03T20:09:25.918+0200] {dag.py:2705} INFO - Sync 1 DAGs
[2025-09-03T20:09:25.937+0200] {logging_mixin.py:137} INFO - [2025-09-03T20:09:25.937+0200] {dag.py:3452} INFO - Setting next_dagrun for example_skip_dag to 2025-09-02T18:09:25.937262+00:00, run_after=2025-09-03T18:09:25.937262+00:00
[2025-09-03T20:09:25.968+0200] {processor.py:175} INFO - Processing /home/varun/miniconda3/envs/python38/lib/python3.8/site-packages/airflow/example_dags/example_skip_dag.py took 0.098 seconds
[2025-09-03T20:10:13.705+0200] {processor.py:153} INFO - Started process (PID=4561) to work on /home/varun/miniconda3/envs/python38/lib/python3.8/site-packages/airflow/example_dags/example_skip_dag.py
[2025-09-03T20:10:13.707+0200] {processor.py:743} INFO - Processing file /home/varun/miniconda3/envs/python38/lib/python3.8/site-packages/airflow/example_dags/example_skip_dag.py for tasks to queue
[2025-09-03T20:10:13.708+0200] {logging_mixin.py:137} INFO - [2025-09-03T20:10:13.708+0200] {dagbag.py:532} INFO - Filling up the DagBag from /home/varun/miniconda3/envs/python38/lib/python3.8/site-packages/airflow/example_dags/example_skip_dag.py
[2025-09-03T20:10:13.722+0200] {processor.py:753} INFO - DAG(s) dict_keys(['example_skip_dag']) retrieved from /home/varun/miniconda3/envs/python38/lib/python3.8/site-packages/airflow/example_dags/example_skip_dag.py
[2025-09-03T20:10:13.739+0200] {logging_mixin.py:137} INFO - [2025-09-03T20:10:13.739+0200] {dag.py:2705} INFO - Sync 1 DAGs
[2025-09-03T20:10:13.755+0200] {logging_mixin.py:137} INFO - [2025-09-03T20:10:13.755+0200] {dag.py:3452} INFO - Setting next_dagrun for example_skip_dag to 2025-09-02T18:10:13.754840+00:00, run_after=2025-09-03T18:10:13.754840+00:00
[2025-09-03T20:10:13.776+0200] {processor.py:175} INFO - Processing /home/varun/miniconda3/envs/python38/lib/python3.8/site-packages/airflow/example_dags/example_skip_dag.py took 0.074 seconds
[2025-09-03T20:10:58.671+0200] {processor.py:153} INFO - Started process (PID=4603) to work on /home/varun/miniconda3/envs/python38/lib/python3.8/site-packages/airflow/example_dags/example_skip_dag.py
[2025-09-03T20:10:58.672+0200] {processor.py:743} INFO - Processing file /home/varun/miniconda3/envs/python38/lib/python3.8/site-packages/airflow/example_dags/example_skip_dag.py for tasks to queue
[2025-09-03T20:10:58.673+0200] {logging_mixin.py:137} INFO - [2025-09-03T20:10:58.673+0200] {dagbag.py:532} INFO - Filling up the DagBag from /home/varun/miniconda3/envs/python38/lib/python3.8/site-packages/airflow/example_dags/example_skip_dag.py
[2025-09-03T20:10:58.686+0200] {processor.py:753} INFO - DAG(s) dict_keys(['example_skip_dag']) retrieved from /home/varun/miniconda3/envs/python38/lib/python3.8/site-packages/airflow/example_dags/example_skip_dag.py
[2025-09-03T20:10:58.703+0200] {logging_mixin.py:137} INFO - [2025-09-03T20:10:58.703+0200] {dag.py:2705} INFO - Sync 1 DAGs
[2025-09-03T20:10:58.721+0200] {logging_mixin.py:137} INFO - [2025-09-03T20:10:58.721+0200] {dag.py:3452} INFO - Setting next_dagrun for example_skip_dag to 2025-09-02T18:10:58.720912+00:00, run_after=2025-09-03T18:10:58.720912+00:00
[2025-09-03T20:10:58.745+0200] {processor.py:175} INFO - Processing /home/varun/miniconda3/envs/python38/lib/python3.8/site-packages/airflow/example_dags/example_skip_dag.py took 0.078 seconds
[2025-09-03T20:11:47.286+0200] {processor.py:153} INFO - Started process (PID=4645) to work on /home/varun/miniconda3/envs/python38/lib/python3.8/site-packages/airflow/example_dags/example_skip_dag.py
[2025-09-03T20:11:47.288+0200] {processor.py:743} INFO - Processing file /home/varun/miniconda3/envs/python38/lib/python3.8/site-packages/airflow/example_dags/example_skip_dag.py for tasks to queue
[2025-09-03T20:11:47.289+0200] {logging_mixin.py:137} INFO - [2025-09-03T20:11:47.289+0200] {dagbag.py:532} INFO - Filling up the DagBag from /home/varun/miniconda3/envs/python38/lib/python3.8/site-packages/airflow/example_dags/example_skip_dag.py
[2025-09-03T20:11:47.301+0200] {processor.py:753} INFO - DAG(s) dict_keys(['example_skip_dag']) retrieved from /home/varun/miniconda3/envs/python38/lib/python3.8/site-packages/airflow/example_dags/example_skip_dag.py
[2025-09-03T20:11:47.317+0200] {logging_mixin.py:137} INFO - [2025-09-03T20:11:47.317+0200] {dag.py:2705} INFO - Sync 1 DAGs
[2025-09-03T20:11:47.333+0200] {logging_mixin.py:137} INFO - [2025-09-03T20:11:47.333+0200] {dag.py:3452} INFO - Setting next_dagrun for example_skip_dag to 2025-09-02T18:11:47.332949+00:00, run_after=2025-09-03T18:11:47.332949+00:00
[2025-09-03T20:11:47.352+0200] {processor.py:175} INFO - Processing /home/varun/miniconda3/envs/python38/lib/python3.8/site-packages/airflow/example_dags/example_skip_dag.py took 0.069 seconds
[2025-09-03T20:12:33.432+0200] {processor.py:153} INFO - Started process (PID=4687) to work on /home/varun/miniconda3/envs/python38/lib/python3.8/site-packages/airflow/example_dags/example_skip_dag.py
[2025-09-03T20:12:33.434+0200] {processor.py:743} INFO - Processing file /home/varun/miniconda3/envs/python38/lib/python3.8/site-packages/airflow/example_dags/example_skip_dag.py for tasks to queue
[2025-09-03T20:12:33.435+0200] {logging_mixin.py:137} INFO - [2025-09-03T20:12:33.434+0200] {dagbag.py:532} INFO - Filling up the DagBag from /home/varun/miniconda3/envs/python38/lib/python3.8/site-packages/airflow/example_dags/example_skip_dag.py
[2025-09-03T20:12:33.450+0200] {processor.py:753} INFO - DAG(s) dict_keys(['example_skip_dag']) retrieved from /home/varun/miniconda3/envs/python38/lib/python3.8/site-packages/airflow/example_dags/example_skip_dag.py
[2025-09-03T20:12:33.475+0200] {logging_mixin.py:137} INFO - [2025-09-03T20:12:33.475+0200] {dag.py:2705} INFO - Sync 1 DAGs
[2025-09-03T20:12:33.497+0200] {logging_mixin.py:137} INFO - [2025-09-03T20:12:33.497+0200] {dag.py:3452} INFO - Setting next_dagrun for example_skip_dag to 2025-09-02T18:12:33.496963+00:00, run_after=2025-09-03T18:12:33.496963+00:00
[2025-09-03T20:12:33.521+0200] {processor.py:175} INFO - Processing /home/varun/miniconda3/envs/python38/lib/python3.8/site-packages/airflow/example_dags/example_skip_dag.py took 0.092 seconds
[2025-09-03T20:13:19.676+0200] {processor.py:153} INFO - Started process (PID=4730) to work on /home/varun/miniconda3/envs/python38/lib/python3.8/site-packages/airflow/example_dags/example_skip_dag.py
[2025-09-03T20:13:19.678+0200] {processor.py:743} INFO - Processing file /home/varun/miniconda3/envs/python38/lib/python3.8/site-packages/airflow/example_dags/example_skip_dag.py for tasks to queue
[2025-09-03T20:13:19.678+0200] {logging_mixin.py:137} INFO - [2025-09-03T20:13:19.678+0200] {dagbag.py:532} INFO - Filling up the DagBag from /home/varun/miniconda3/envs/python38/lib/python3.8/site-packages/airflow/example_dags/example_skip_dag.py
[2025-09-03T20:13:19.691+0200] {processor.py:753} INFO - DAG(s) dict_keys(['example_skip_dag']) retrieved from /home/varun/miniconda3/envs/python38/lib/python3.8/site-packages/airflow/example_dags/example_skip_dag.py
[2025-09-03T20:13:19.711+0200] {logging_mixin.py:137} INFO - [2025-09-03T20:13:19.711+0200] {dag.py:2705} INFO - Sync 1 DAGs
[2025-09-03T20:13:19.728+0200] {logging_mixin.py:137} INFO - [2025-09-03T20:13:19.728+0200] {dag.py:3452} INFO - Setting next_dagrun for example_skip_dag to 2025-09-02T18:13:19.728027+00:00, run_after=2025-09-03T18:13:19.728027+00:00
[2025-09-03T20:13:19.749+0200] {processor.py:175} INFO - Processing /home/varun/miniconda3/envs/python38/lib/python3.8/site-packages/airflow/example_dags/example_skip_dag.py took 0.076 seconds
[2025-09-03T20:14:08.151+0200] {processor.py:153} INFO - Started process (PID=4772) to work on /home/varun/miniconda3/envs/python38/lib/python3.8/site-packages/airflow/example_dags/example_skip_dag.py
[2025-09-03T20:14:08.153+0200] {processor.py:743} INFO - Processing file /home/varun/miniconda3/envs/python38/lib/python3.8/site-packages/airflow/example_dags/example_skip_dag.py for tasks to queue
[2025-09-03T20:14:08.154+0200] {logging_mixin.py:137} INFO - [2025-09-03T20:14:08.154+0200] {dagbag.py:532} INFO - Filling up the DagBag from /home/varun/miniconda3/envs/python38/lib/python3.8/site-packages/airflow/example_dags/example_skip_dag.py
[2025-09-03T20:14:08.166+0200] {processor.py:753} INFO - DAG(s) dict_keys(['example_skip_dag']) retrieved from /home/varun/miniconda3/envs/python38/lib/python3.8/site-packages/airflow/example_dags/example_skip_dag.py
[2025-09-03T20:14:08.185+0200] {logging_mixin.py:137} INFO - [2025-09-03T20:14:08.185+0200] {dag.py:2705} INFO - Sync 1 DAGs
[2025-09-03T20:14:08.205+0200] {logging_mixin.py:137} INFO - [2025-09-03T20:14:08.205+0200] {dag.py:3452} INFO - Setting next_dagrun for example_skip_dag to 2025-09-02T18:14:08.205503+00:00, run_after=2025-09-03T18:14:08.205503+00:00
[2025-09-03T20:14:08.229+0200] {processor.py:175} INFO - Processing /home/varun/miniconda3/envs/python38/lib/python3.8/site-packages/airflow/example_dags/example_skip_dag.py took 0.081 seconds
[2025-09-03T20:14:50.266+0200] {processor.py:153} INFO - Started process (PID=4814) to work on /home/varun/miniconda3/envs/python38/lib/python3.8/site-packages/airflow/example_dags/example_skip_dag.py
[2025-09-03T20:14:50.268+0200] {processor.py:743} INFO - Processing file /home/varun/miniconda3/envs/python38/lib/python3.8/site-packages/airflow/example_dags/example_skip_dag.py for tasks to queue
[2025-09-03T20:14:50.269+0200] {logging_mixin.py:137} INFO - [2025-09-03T20:14:50.269+0200] {dagbag.py:532} INFO - Filling up the DagBag from /home/varun/miniconda3/envs/python38/lib/python3.8/site-packages/airflow/example_dags/example_skip_dag.py
[2025-09-03T20:14:50.281+0200] {processor.py:753} INFO - DAG(s) dict_keys(['example_skip_dag']) retrieved from /home/varun/miniconda3/envs/python38/lib/python3.8/site-packages/airflow/example_dags/example_skip_dag.py
[2025-09-03T20:14:50.299+0200] {logging_mixin.py:137} INFO - [2025-09-03T20:14:50.299+0200] {dag.py:2705} INFO - Sync 1 DAGs
[2025-09-03T20:14:50.316+0200] {logging_mixin.py:137} INFO - [2025-09-03T20:14:50.316+0200] {dag.py:3452} INFO - Setting next_dagrun for example_skip_dag to 2025-09-02T18:14:50.316336+00:00, run_after=2025-09-03T18:14:50.316336+00:00
[2025-09-03T20:14:50.339+0200] {processor.py:175} INFO - Processing /home/varun/miniconda3/envs/python38/lib/python3.8/site-packages/airflow/example_dags/example_skip_dag.py took 0.076 seconds
[2025-09-03T20:15:35.554+0200] {processor.py:153} INFO - Started process (PID=4856) to work on /home/varun/miniconda3/envs/python38/lib/python3.8/site-packages/airflow/example_dags/example_skip_dag.py
[2025-09-03T20:15:35.556+0200] {processor.py:743} INFO - Processing file /home/varun/miniconda3/envs/python38/lib/python3.8/site-packages/airflow/example_dags/example_skip_dag.py for tasks to queue
[2025-09-03T20:15:35.557+0200] {logging_mixin.py:137} INFO - [2025-09-03T20:15:35.557+0200] {dagbag.py:532} INFO - Filling up the DagBag from /home/varun/miniconda3/envs/python38/lib/python3.8/site-packages/airflow/example_dags/example_skip_dag.py
[2025-09-03T20:15:35.570+0200] {processor.py:753} INFO - DAG(s) dict_keys(['example_skip_dag']) retrieved from /home/varun/miniconda3/envs/python38/lib/python3.8/site-packages/airflow/example_dags/example_skip_dag.py
[2025-09-03T20:15:35.588+0200] {logging_mixin.py:137} INFO - [2025-09-03T20:15:35.587+0200] {dag.py:2705} INFO - Sync 1 DAGs
[2025-09-03T20:15:35.604+0200] {logging_mixin.py:137} INFO - [2025-09-03T20:15:35.604+0200] {dag.py:3452} INFO - Setting next_dagrun for example_skip_dag to 2025-09-02T18:15:35.604196+00:00, run_after=2025-09-03T18:15:35.604196+00:00
[2025-09-03T20:15:35.626+0200] {processor.py:175} INFO - Processing /home/varun/miniconda3/envs/python38/lib/python3.8/site-packages/airflow/example_dags/example_skip_dag.py took 0.075 seconds
[2025-09-03T20:16:21.386+0200] {processor.py:153} INFO - Started process (PID=4898) to work on /home/varun/miniconda3/envs/python38/lib/python3.8/site-packages/airflow/example_dags/example_skip_dag.py
[2025-09-03T20:16:21.388+0200] {processor.py:743} INFO - Processing file /home/varun/miniconda3/envs/python38/lib/python3.8/site-packages/airflow/example_dags/example_skip_dag.py for tasks to queue
[2025-09-03T20:16:21.389+0200] {logging_mixin.py:137} INFO - [2025-09-03T20:16:21.389+0200] {dagbag.py:532} INFO - Filling up the DagBag from /home/varun/miniconda3/envs/python38/lib/python3.8/site-packages/airflow/example_dags/example_skip_dag.py
[2025-09-03T20:16:21.402+0200] {processor.py:753} INFO - DAG(s) dict_keys(['example_skip_dag']) retrieved from /home/varun/miniconda3/envs/python38/lib/python3.8/site-packages/airflow/example_dags/example_skip_dag.py
[2025-09-03T20:16:21.422+0200] {logging_mixin.py:137} INFO - [2025-09-03T20:16:21.422+0200] {dag.py:2705} INFO - Sync 1 DAGs
[2025-09-03T20:16:21.441+0200] {logging_mixin.py:137} INFO - [2025-09-03T20:16:21.441+0200] {dag.py:3452} INFO - Setting next_dagrun for example_skip_dag to 2025-09-02T18:16:21.441162+00:00, run_after=2025-09-03T18:16:21.441162+00:00
[2025-09-03T20:16:21.465+0200] {processor.py:175} INFO - Processing /home/varun/miniconda3/envs/python38/lib/python3.8/site-packages/airflow/example_dags/example_skip_dag.py took 0.082 seconds
[2025-09-03T20:17:08.664+0200] {processor.py:153} INFO - Started process (PID=4943) to work on /home/varun/miniconda3/envs/python38/lib/python3.8/site-packages/airflow/example_dags/example_skip_dag.py
[2025-09-03T20:17:08.666+0200] {processor.py:743} INFO - Processing file /home/varun/miniconda3/envs/python38/lib/python3.8/site-packages/airflow/example_dags/example_skip_dag.py for tasks to queue
[2025-09-03T20:17:08.667+0200] {logging_mixin.py:137} INFO - [2025-09-03T20:17:08.667+0200] {dagbag.py:532} INFO - Filling up the DagBag from /home/varun/miniconda3/envs/python38/lib/python3.8/site-packages/airflow/example_dags/example_skip_dag.py
[2025-09-03T20:17:08.685+0200] {processor.py:753} INFO - DAG(s) dict_keys(['example_skip_dag']) retrieved from /home/varun/miniconda3/envs/python38/lib/python3.8/site-packages/airflow/example_dags/example_skip_dag.py
[2025-09-03T20:17:08.715+0200] {logging_mixin.py:137} INFO - [2025-09-03T20:17:08.715+0200] {dag.py:2705} INFO - Sync 1 DAGs
[2025-09-03T20:17:08.740+0200] {logging_mixin.py:137} INFO - [2025-09-03T20:17:08.740+0200] {dag.py:3452} INFO - Setting next_dagrun for example_skip_dag to 2025-09-02T18:17:08.739732+00:00, run_after=2025-09-03T18:17:08.739732+00:00
[2025-09-03T20:17:08.768+0200] {processor.py:175} INFO - Processing /home/varun/miniconda3/envs/python38/lib/python3.8/site-packages/airflow/example_dags/example_skip_dag.py took 0.107 seconds
[2025-09-03T20:17:53.974+0200] {processor.py:153} INFO - Started process (PID=4985) to work on /home/varun/miniconda3/envs/python38/lib/python3.8/site-packages/airflow/example_dags/example_skip_dag.py
[2025-09-03T20:17:53.975+0200] {processor.py:743} INFO - Processing file /home/varun/miniconda3/envs/python38/lib/python3.8/site-packages/airflow/example_dags/example_skip_dag.py for tasks to queue
[2025-09-03T20:17:53.976+0200] {logging_mixin.py:137} INFO - [2025-09-03T20:17:53.975+0200] {dagbag.py:532} INFO - Filling up the DagBag from /home/varun/miniconda3/envs/python38/lib/python3.8/site-packages/airflow/example_dags/example_skip_dag.py
[2025-09-03T20:17:53.989+0200] {processor.py:753} INFO - DAG(s) dict_keys(['example_skip_dag']) retrieved from /home/varun/miniconda3/envs/python38/lib/python3.8/site-packages/airflow/example_dags/example_skip_dag.py
[2025-09-03T20:17:54.005+0200] {logging_mixin.py:137} INFO - [2025-09-03T20:17:54.005+0200] {dag.py:2705} INFO - Sync 1 DAGs
[2025-09-03T20:17:54.020+0200] {logging_mixin.py:137} INFO - [2025-09-03T20:17:54.020+0200] {dag.py:3452} INFO - Setting next_dagrun for example_skip_dag to 2025-09-02T18:17:54.019980+00:00, run_after=2025-09-03T18:17:54.019980+00:00
[2025-09-03T20:17:54.041+0200] {processor.py:175} INFO - Processing /home/varun/miniconda3/envs/python38/lib/python3.8/site-packages/airflow/example_dags/example_skip_dag.py took 0.071 seconds
[2025-09-03T20:18:38.566+0200] {processor.py:153} INFO - Started process (PID=5028) to work on /home/varun/miniconda3/envs/python38/lib/python3.8/site-packages/airflow/example_dags/example_skip_dag.py
[2025-09-03T20:18:38.567+0200] {processor.py:743} INFO - Processing file /home/varun/miniconda3/envs/python38/lib/python3.8/site-packages/airflow/example_dags/example_skip_dag.py for tasks to queue
[2025-09-03T20:18:38.568+0200] {logging_mixin.py:137} INFO - [2025-09-03T20:18:38.568+0200] {dagbag.py:532} INFO - Filling up the DagBag from /home/varun/miniconda3/envs/python38/lib/python3.8/site-packages/airflow/example_dags/example_skip_dag.py
[2025-09-03T20:18:38.581+0200] {processor.py:753} INFO - DAG(s) dict_keys(['example_skip_dag']) retrieved from /home/varun/miniconda3/envs/python38/lib/python3.8/site-packages/airflow/example_dags/example_skip_dag.py
[2025-09-03T20:18:38.598+0200] {logging_mixin.py:137} INFO - [2025-09-03T20:18:38.598+0200] {dag.py:2705} INFO - Sync 1 DAGs
[2025-09-03T20:18:38.615+0200] {logging_mixin.py:137} INFO - [2025-09-03T20:18:38.615+0200] {dag.py:3452} INFO - Setting next_dagrun for example_skip_dag to 2025-09-02T18:18:38.615603+00:00, run_after=2025-09-03T18:18:38.615603+00:00
[2025-09-03T20:18:38.635+0200] {processor.py:175} INFO - Processing /home/varun/miniconda3/envs/python38/lib/python3.8/site-packages/airflow/example_dags/example_skip_dag.py took 0.073 seconds
[2025-09-03T20:19:30.141+0200] {processor.py:153} INFO - Started process (PID=5070) to work on /home/varun/miniconda3/envs/python38/lib/python3.8/site-packages/airflow/example_dags/example_skip_dag.py
[2025-09-03T20:19:30.142+0200] {processor.py:743} INFO - Processing file /home/varun/miniconda3/envs/python38/lib/python3.8/site-packages/airflow/example_dags/example_skip_dag.py for tasks to queue
[2025-09-03T20:19:30.143+0200] {logging_mixin.py:137} INFO - [2025-09-03T20:19:30.143+0200] {dagbag.py:532} INFO - Filling up the DagBag from /home/varun/miniconda3/envs/python38/lib/python3.8/site-packages/airflow/example_dags/example_skip_dag.py
[2025-09-03T20:19:30.155+0200] {processor.py:753} INFO - DAG(s) dict_keys(['example_skip_dag']) retrieved from /home/varun/miniconda3/envs/python38/lib/python3.8/site-packages/airflow/example_dags/example_skip_dag.py
[2025-09-03T20:19:30.175+0200] {logging_mixin.py:137} INFO - [2025-09-03T20:19:30.175+0200] {dag.py:2705} INFO - Sync 1 DAGs
[2025-09-03T20:19:30.195+0200] {logging_mixin.py:137} INFO - [2025-09-03T20:19:30.195+0200] {dag.py:3452} INFO - Setting next_dagrun for example_skip_dag to 2025-09-02T18:19:30.195424+00:00, run_after=2025-09-03T18:19:30.195424+00:00
[2025-09-03T20:19:30.322+0200] {processor.py:175} INFO - Processing /home/varun/miniconda3/envs/python38/lib/python3.8/site-packages/airflow/example_dags/example_skip_dag.py took 0.185 seconds
[2025-09-03T20:20:19.329+0200] {processor.py:153} INFO - Started process (PID=5112) to work on /home/varun/miniconda3/envs/python38/lib/python3.8/site-packages/airflow/example_dags/example_skip_dag.py
[2025-09-03T20:20:19.330+0200] {processor.py:743} INFO - Processing file /home/varun/miniconda3/envs/python38/lib/python3.8/site-packages/airflow/example_dags/example_skip_dag.py for tasks to queue
[2025-09-03T20:20:19.331+0200] {logging_mixin.py:137} INFO - [2025-09-03T20:20:19.330+0200] {dagbag.py:532} INFO - Filling up the DagBag from /home/varun/miniconda3/envs/python38/lib/python3.8/site-packages/airflow/example_dags/example_skip_dag.py
[2025-09-03T20:20:19.342+0200] {processor.py:753} INFO - DAG(s) dict_keys(['example_skip_dag']) retrieved from /home/varun/miniconda3/envs/python38/lib/python3.8/site-packages/airflow/example_dags/example_skip_dag.py
[2025-09-03T20:20:19.358+0200] {logging_mixin.py:137} INFO - [2025-09-03T20:20:19.358+0200] {dag.py:2705} INFO - Sync 1 DAGs
[2025-09-03T20:20:19.455+0200] {logging_mixin.py:137} INFO - [2025-09-03T20:20:19.455+0200] {dag.py:3452} INFO - Setting next_dagrun for example_skip_dag to 2025-09-02T18:20:19.455313+00:00, run_after=2025-09-03T18:20:19.455313+00:00
[2025-09-03T20:20:19.474+0200] {processor.py:175} INFO - Processing /home/varun/miniconda3/envs/python38/lib/python3.8/site-packages/airflow/example_dags/example_skip_dag.py took 0.149 seconds
[2025-09-03T20:21:10.094+0200] {processor.py:153} INFO - Started process (PID=5154) to work on /home/varun/miniconda3/envs/python38/lib/python3.8/site-packages/airflow/example_dags/example_skip_dag.py
[2025-09-03T20:21:10.096+0200] {processor.py:743} INFO - Processing file /home/varun/miniconda3/envs/python38/lib/python3.8/site-packages/airflow/example_dags/example_skip_dag.py for tasks to queue
[2025-09-03T20:21:10.097+0200] {logging_mixin.py:137} INFO - [2025-09-03T20:21:10.096+0200] {dagbag.py:532} INFO - Filling up the DagBag from /home/varun/miniconda3/envs/python38/lib/python3.8/site-packages/airflow/example_dags/example_skip_dag.py
[2025-09-03T20:21:10.110+0200] {processor.py:753} INFO - DAG(s) dict_keys(['example_skip_dag']) retrieved from /home/varun/miniconda3/envs/python38/lib/python3.8/site-packages/airflow/example_dags/example_skip_dag.py
[2025-09-03T20:21:10.130+0200] {logging_mixin.py:137} INFO - [2025-09-03T20:21:10.129+0200] {dag.py:2705} INFO - Sync 1 DAGs
[2025-09-03T20:21:10.287+0200] {logging_mixin.py:137} INFO - [2025-09-03T20:21:10.287+0200] {dag.py:3452} INFO - Setting next_dagrun for example_skip_dag to 2025-09-02T18:21:10.287503+00:00, run_after=2025-09-03T18:21:10.287503+00:00
[2025-09-03T20:21:10.315+0200] {processor.py:175} INFO - Processing /home/varun/miniconda3/envs/python38/lib/python3.8/site-packages/airflow/example_dags/example_skip_dag.py took 0.224 seconds
[2025-09-03T20:22:02.719+0200] {processor.py:153} INFO - Started process (PID=5196) to work on /home/varun/miniconda3/envs/python38/lib/python3.8/site-packages/airflow/example_dags/example_skip_dag.py
[2025-09-03T20:22:02.720+0200] {processor.py:743} INFO - Processing file /home/varun/miniconda3/envs/python38/lib/python3.8/site-packages/airflow/example_dags/example_skip_dag.py for tasks to queue
[2025-09-03T20:22:02.721+0200] {logging_mixin.py:137} INFO - [2025-09-03T20:22:02.721+0200] {dagbag.py:532} INFO - Filling up the DagBag from /home/varun/miniconda3/envs/python38/lib/python3.8/site-packages/airflow/example_dags/example_skip_dag.py
[2025-09-03T20:22:02.734+0200] {processor.py:753} INFO - DAG(s) dict_keys(['example_skip_dag']) retrieved from /home/varun/miniconda3/envs/python38/lib/python3.8/site-packages/airflow/example_dags/example_skip_dag.py
[2025-09-03T20:22:02.849+0200] {logging_mixin.py:137} INFO - [2025-09-03T20:22:02.849+0200] {dag.py:2705} INFO - Sync 1 DAGs
[2025-09-03T20:22:02.863+0200] {logging_mixin.py:137} INFO - [2025-09-03T20:22:02.863+0200] {dag.py:3452} INFO - Setting next_dagrun for example_skip_dag to 2025-09-02T18:22:02.863600+00:00, run_after=2025-09-03T18:22:02.863600+00:00
[2025-09-03T20:22:02.886+0200] {processor.py:175} INFO - Processing /home/varun/miniconda3/envs/python38/lib/python3.8/site-packages/airflow/example_dags/example_skip_dag.py took 0.170 seconds
[2025-09-03T20:22:52.801+0200] {processor.py:153} INFO - Started process (PID=5238) to work on /home/varun/miniconda3/envs/python38/lib/python3.8/site-packages/airflow/example_dags/example_skip_dag.py
[2025-09-03T20:22:52.803+0200] {processor.py:743} INFO - Processing file /home/varun/miniconda3/envs/python38/lib/python3.8/site-packages/airflow/example_dags/example_skip_dag.py for tasks to queue
[2025-09-03T20:22:52.803+0200] {logging_mixin.py:137} INFO - [2025-09-03T20:22:52.803+0200] {dagbag.py:532} INFO - Filling up the DagBag from /home/varun/miniconda3/envs/python38/lib/python3.8/site-packages/airflow/example_dags/example_skip_dag.py
[2025-09-03T20:22:52.917+0200] {processor.py:753} INFO - DAG(s) dict_keys(['example_skip_dag']) retrieved from /home/varun/miniconda3/envs/python38/lib/python3.8/site-packages/airflow/example_dags/example_skip_dag.py
[2025-09-03T20:22:52.931+0200] {logging_mixin.py:137} INFO - [2025-09-03T20:22:52.931+0200] {dag.py:2705} INFO - Sync 1 DAGs
[2025-09-03T20:22:52.945+0200] {logging_mixin.py:137} INFO - [2025-09-03T20:22:52.945+0200] {dag.py:3452} INFO - Setting next_dagrun for example_skip_dag to 2025-09-02T18:22:52.944954+00:00, run_after=2025-09-03T18:22:52.944954+00:00
[2025-09-03T20:22:52.966+0200] {processor.py:175} INFO - Processing /home/varun/miniconda3/envs/python38/lib/python3.8/site-packages/airflow/example_dags/example_skip_dag.py took 0.169 seconds
[2025-09-03T20:23:43.226+0200] {processor.py:153} INFO - Started process (PID=5280) to work on /home/varun/miniconda3/envs/python38/lib/python3.8/site-packages/airflow/example_dags/example_skip_dag.py
[2025-09-03T20:23:43.227+0200] {processor.py:743} INFO - Processing file /home/varun/miniconda3/envs/python38/lib/python3.8/site-packages/airflow/example_dags/example_skip_dag.py for tasks to queue
[2025-09-03T20:23:43.228+0200] {logging_mixin.py:137} INFO - [2025-09-03T20:23:43.228+0200] {dagbag.py:532} INFO - Filling up the DagBag from /home/varun/miniconda3/envs/python38/lib/python3.8/site-packages/airflow/example_dags/example_skip_dag.py
[2025-09-03T20:23:43.243+0200] {processor.py:753} INFO - DAG(s) dict_keys(['example_skip_dag']) retrieved from /home/varun/miniconda3/envs/python38/lib/python3.8/site-packages/airflow/example_dags/example_skip_dag.py
[2025-09-03T20:23:43.264+0200] {logging_mixin.py:137} INFO - [2025-09-03T20:23:43.263+0200] {dag.py:2705} INFO - Sync 1 DAGs
[2025-09-03T20:23:43.284+0200] {logging_mixin.py:137} INFO - [2025-09-03T20:23:43.284+0200] {dag.py:3452} INFO - Setting next_dagrun for example_skip_dag to 2025-09-02T18:23:43.284241+00:00, run_after=2025-09-03T18:23:43.284241+00:00
[2025-09-03T20:23:43.312+0200] {processor.py:175} INFO - Processing /home/varun/miniconda3/envs/python38/lib/python3.8/site-packages/airflow/example_dags/example_skip_dag.py took 0.090 seconds
[2025-09-03T20:24:30.108+0200] {processor.py:153} INFO - Started process (PID=5323) to work on /home/varun/miniconda3/envs/python38/lib/python3.8/site-packages/airflow/example_dags/example_skip_dag.py
[2025-09-03T20:24:30.110+0200] {processor.py:743} INFO - Processing file /home/varun/miniconda3/envs/python38/lib/python3.8/site-packages/airflow/example_dags/example_skip_dag.py for tasks to queue
[2025-09-03T20:24:30.111+0200] {logging_mixin.py:137} INFO - [2025-09-03T20:24:30.111+0200] {dagbag.py:532} INFO - Filling up the DagBag from /home/varun/miniconda3/envs/python38/lib/python3.8/site-packages/airflow/example_dags/example_skip_dag.py
[2025-09-03T20:24:30.126+0200] {processor.py:753} INFO - DAG(s) dict_keys(['example_skip_dag']) retrieved from /home/varun/miniconda3/envs/python38/lib/python3.8/site-packages/airflow/example_dags/example_skip_dag.py
[2025-09-03T20:24:30.150+0200] {logging_mixin.py:137} INFO - [2025-09-03T20:24:30.150+0200] {dag.py:2705} INFO - Sync 1 DAGs
[2025-09-03T20:24:30.181+0200] {logging_mixin.py:137} INFO - [2025-09-03T20:24:30.181+0200] {dag.py:3452} INFO - Setting next_dagrun for example_skip_dag to 2025-09-02T18:24:30.181179+00:00, run_after=2025-09-03T18:24:30.181179+00:00
[2025-09-03T20:24:30.215+0200] {processor.py:175} INFO - Processing /home/varun/miniconda3/envs/python38/lib/python3.8/site-packages/airflow/example_dags/example_skip_dag.py took 0.111 seconds
[2025-09-03T20:25:13.802+0200] {processor.py:153} INFO - Started process (PID=5365) to work on /home/varun/miniconda3/envs/python38/lib/python3.8/site-packages/airflow/example_dags/example_skip_dag.py
[2025-09-03T20:25:13.803+0200] {processor.py:743} INFO - Processing file /home/varun/miniconda3/envs/python38/lib/python3.8/site-packages/airflow/example_dags/example_skip_dag.py for tasks to queue
[2025-09-03T20:25:13.804+0200] {logging_mixin.py:137} INFO - [2025-09-03T20:25:13.804+0200] {dagbag.py:532} INFO - Filling up the DagBag from /home/varun/miniconda3/envs/python38/lib/python3.8/site-packages/airflow/example_dags/example_skip_dag.py
[2025-09-03T20:25:13.817+0200] {processor.py:753} INFO - DAG(s) dict_keys(['example_skip_dag']) retrieved from /home/varun/miniconda3/envs/python38/lib/python3.8/site-packages/airflow/example_dags/example_skip_dag.py
[2025-09-03T20:25:13.838+0200] {logging_mixin.py:137} INFO - [2025-09-03T20:25:13.838+0200] {dag.py:2705} INFO - Sync 1 DAGs
[2025-09-03T20:25:13.856+0200] {logging_mixin.py:137} INFO - [2025-09-03T20:25:13.855+0200] {dag.py:3452} INFO - Setting next_dagrun for example_skip_dag to 2025-09-02T18:25:13.855602+00:00, run_after=2025-09-03T18:25:13.855602+00:00
[2025-09-03T20:25:13.878+0200] {processor.py:175} INFO - Processing /home/varun/miniconda3/envs/python38/lib/python3.8/site-packages/airflow/example_dags/example_skip_dag.py took 0.079 seconds
[2025-09-03T20:25:56.365+0200] {processor.py:153} INFO - Started process (PID=5407) to work on /home/varun/miniconda3/envs/python38/lib/python3.8/site-packages/airflow/example_dags/example_skip_dag.py
[2025-09-03T20:25:56.367+0200] {processor.py:743} INFO - Processing file /home/varun/miniconda3/envs/python38/lib/python3.8/site-packages/airflow/example_dags/example_skip_dag.py for tasks to queue
[2025-09-03T20:25:56.368+0200] {logging_mixin.py:137} INFO - [2025-09-03T20:25:56.368+0200] {dagbag.py:532} INFO - Filling up the DagBag from /home/varun/miniconda3/envs/python38/lib/python3.8/site-packages/airflow/example_dags/example_skip_dag.py
[2025-09-03T20:25:56.389+0200] {processor.py:753} INFO - DAG(s) dict_keys(['example_skip_dag']) retrieved from /home/varun/miniconda3/envs/python38/lib/python3.8/site-packages/airflow/example_dags/example_skip_dag.py
[2025-09-03T20:25:56.416+0200] {logging_mixin.py:137} INFO - [2025-09-03T20:25:56.416+0200] {dag.py:2705} INFO - Sync 1 DAGs
[2025-09-03T20:25:56.439+0200] {logging_mixin.py:137} INFO - [2025-09-03T20:25:56.439+0200] {dag.py:3452} INFO - Setting next_dagrun for example_skip_dag to 2025-09-02T18:25:56.438851+00:00, run_after=2025-09-03T18:25:56.438851+00:00
[2025-09-03T20:25:56.467+0200] {processor.py:175} INFO - Processing /home/varun/miniconda3/envs/python38/lib/python3.8/site-packages/airflow/example_dags/example_skip_dag.py took 0.105 seconds
[2025-09-03T20:26:47.218+0200] {processor.py:153} INFO - Started process (PID=5449) to work on /home/varun/miniconda3/envs/python38/lib/python3.8/site-packages/airflow/example_dags/example_skip_dag.py
[2025-09-03T20:26:47.220+0200] {processor.py:743} INFO - Processing file /home/varun/miniconda3/envs/python38/lib/python3.8/site-packages/airflow/example_dags/example_skip_dag.py for tasks to queue
[2025-09-03T20:26:47.220+0200] {logging_mixin.py:137} INFO - [2025-09-03T20:26:47.220+0200] {dagbag.py:532} INFO - Filling up the DagBag from /home/varun/miniconda3/envs/python38/lib/python3.8/site-packages/airflow/example_dags/example_skip_dag.py
[2025-09-03T20:26:47.232+0200] {processor.py:753} INFO - DAG(s) dict_keys(['example_skip_dag']) retrieved from /home/varun/miniconda3/envs/python38/lib/python3.8/site-packages/airflow/example_dags/example_skip_dag.py
[2025-09-03T20:26:47.249+0200] {logging_mixin.py:137} INFO - [2025-09-03T20:26:47.248+0200] {dag.py:2705} INFO - Sync 1 DAGs
[2025-09-03T20:26:47.263+0200] {logging_mixin.py:137} INFO - [2025-09-03T20:26:47.263+0200] {dag.py:3452} INFO - Setting next_dagrun for example_skip_dag to 2025-09-02T18:26:47.263185+00:00, run_after=2025-09-03T18:26:47.263185+00:00
[2025-09-03T20:26:47.285+0200] {processor.py:175} INFO - Processing /home/varun/miniconda3/envs/python38/lib/python3.8/site-packages/airflow/example_dags/example_skip_dag.py took 0.070 seconds
[2025-09-03T20:27:32.910+0200] {processor.py:153} INFO - Started process (PID=5491) to work on /home/varun/miniconda3/envs/python38/lib/python3.8/site-packages/airflow/example_dags/example_skip_dag.py
[2025-09-03T20:27:32.912+0200] {processor.py:743} INFO - Processing file /home/varun/miniconda3/envs/python38/lib/python3.8/site-packages/airflow/example_dags/example_skip_dag.py for tasks to queue
[2025-09-03T20:27:32.913+0200] {logging_mixin.py:137} INFO - [2025-09-03T20:27:32.913+0200] {dagbag.py:532} INFO - Filling up the DagBag from /home/varun/miniconda3/envs/python38/lib/python3.8/site-packages/airflow/example_dags/example_skip_dag.py
[2025-09-03T20:27:32.926+0200] {processor.py:753} INFO - DAG(s) dict_keys(['example_skip_dag']) retrieved from /home/varun/miniconda3/envs/python38/lib/python3.8/site-packages/airflow/example_dags/example_skip_dag.py
[2025-09-03T20:27:32.946+0200] {logging_mixin.py:137} INFO - [2025-09-03T20:27:32.946+0200] {dag.py:2705} INFO - Sync 1 DAGs
[2025-09-03T20:27:32.964+0200] {logging_mixin.py:137} INFO - [2025-09-03T20:27:32.964+0200] {dag.py:3452} INFO - Setting next_dagrun for example_skip_dag to 2025-09-02T18:27:32.964416+00:00, run_after=2025-09-03T18:27:32.964416+00:00
[2025-09-03T20:27:32.987+0200] {processor.py:175} INFO - Processing /home/varun/miniconda3/envs/python38/lib/python3.8/site-packages/airflow/example_dags/example_skip_dag.py took 0.079 seconds
[2025-09-03T20:28:18.242+0200] {processor.py:153} INFO - Started process (PID=5533) to work on /home/varun/miniconda3/envs/python38/lib/python3.8/site-packages/airflow/example_dags/example_skip_dag.py
[2025-09-03T20:28:18.243+0200] {processor.py:743} INFO - Processing file /home/varun/miniconda3/envs/python38/lib/python3.8/site-packages/airflow/example_dags/example_skip_dag.py for tasks to queue
[2025-09-03T20:28:18.244+0200] {logging_mixin.py:137} INFO - [2025-09-03T20:28:18.243+0200] {dagbag.py:532} INFO - Filling up the DagBag from /home/varun/miniconda3/envs/python38/lib/python3.8/site-packages/airflow/example_dags/example_skip_dag.py
[2025-09-03T20:28:18.257+0200] {processor.py:753} INFO - DAG(s) dict_keys(['example_skip_dag']) retrieved from /home/varun/miniconda3/envs/python38/lib/python3.8/site-packages/airflow/example_dags/example_skip_dag.py
[2025-09-03T20:28:18.277+0200] {logging_mixin.py:137} INFO - [2025-09-03T20:28:18.277+0200] {dag.py:2705} INFO - Sync 1 DAGs
[2025-09-03T20:28:18.295+0200] {logging_mixin.py:137} INFO - [2025-09-03T20:28:18.294+0200] {dag.py:3452} INFO - Setting next_dagrun for example_skip_dag to 2025-09-02T18:28:18.294682+00:00, run_after=2025-09-03T18:28:18.294682+00:00
[2025-09-03T20:28:18.316+0200] {processor.py:175} INFO - Processing /home/varun/miniconda3/envs/python38/lib/python3.8/site-packages/airflow/example_dags/example_skip_dag.py took 0.077 seconds
[2025-09-03T20:29:08.658+0200] {processor.py:153} INFO - Started process (PID=5575) to work on /home/varun/miniconda3/envs/python38/lib/python3.8/site-packages/airflow/example_dags/example_skip_dag.py
[2025-09-03T20:29:08.659+0200] {processor.py:743} INFO - Processing file /home/varun/miniconda3/envs/python38/lib/python3.8/site-packages/airflow/example_dags/example_skip_dag.py for tasks to queue
[2025-09-03T20:29:08.660+0200] {logging_mixin.py:137} INFO - [2025-09-03T20:29:08.660+0200] {dagbag.py:532} INFO - Filling up the DagBag from /home/varun/miniconda3/envs/python38/lib/python3.8/site-packages/airflow/example_dags/example_skip_dag.py
[2025-09-03T20:29:08.673+0200] {processor.py:753} INFO - DAG(s) dict_keys(['example_skip_dag']) retrieved from /home/varun/miniconda3/envs/python38/lib/python3.8/site-packages/airflow/example_dags/example_skip_dag.py
[2025-09-03T20:29:08.692+0200] {logging_mixin.py:137} INFO - [2025-09-03T20:29:08.692+0200] {dag.py:2705} INFO - Sync 1 DAGs
[2025-09-03T20:29:08.709+0200] {logging_mixin.py:137} INFO - [2025-09-03T20:29:08.709+0200] {dag.py:3452} INFO - Setting next_dagrun for example_skip_dag to 2025-09-02T18:29:08.709317+00:00, run_after=2025-09-03T18:29:08.709317+00:00
[2025-09-03T20:29:08.732+0200] {processor.py:175} INFO - Processing /home/varun/miniconda3/envs/python38/lib/python3.8/site-packages/airflow/example_dags/example_skip_dag.py took 0.078 seconds
[2025-09-03T20:29:54.024+0200] {processor.py:153} INFO - Started process (PID=5618) to work on /home/varun/miniconda3/envs/python38/lib/python3.8/site-packages/airflow/example_dags/example_skip_dag.py
[2025-09-03T20:29:54.025+0200] {processor.py:743} INFO - Processing file /home/varun/miniconda3/envs/python38/lib/python3.8/site-packages/airflow/example_dags/example_skip_dag.py for tasks to queue
[2025-09-03T20:29:54.027+0200] {logging_mixin.py:137} INFO - [2025-09-03T20:29:54.026+0200] {dagbag.py:532} INFO - Filling up the DagBag from /home/varun/miniconda3/envs/python38/lib/python3.8/site-packages/airflow/example_dags/example_skip_dag.py
[2025-09-03T20:29:54.040+0200] {processor.py:753} INFO - DAG(s) dict_keys(['example_skip_dag']) retrieved from /home/varun/miniconda3/envs/python38/lib/python3.8/site-packages/airflow/example_dags/example_skip_dag.py
[2025-09-03T20:29:54.058+0200] {logging_mixin.py:137} INFO - [2025-09-03T20:29:54.057+0200] {dag.py:2705} INFO - Sync 1 DAGs
[2025-09-03T20:29:54.074+0200] {logging_mixin.py:137} INFO - [2025-09-03T20:29:54.074+0200] {dag.py:3452} INFO - Setting next_dagrun for example_skip_dag to 2025-09-02T18:29:54.073810+00:00, run_after=2025-09-03T18:29:54.073810+00:00
[2025-09-03T20:29:54.093+0200] {processor.py:175} INFO - Processing /home/varun/miniconda3/envs/python38/lib/python3.8/site-packages/airflow/example_dags/example_skip_dag.py took 0.072 seconds
[2025-09-03T20:30:38.881+0200] {processor.py:153} INFO - Started process (PID=5660) to work on /home/varun/miniconda3/envs/python38/lib/python3.8/site-packages/airflow/example_dags/example_skip_dag.py
[2025-09-03T20:30:38.883+0200] {processor.py:743} INFO - Processing file /home/varun/miniconda3/envs/python38/lib/python3.8/site-packages/airflow/example_dags/example_skip_dag.py for tasks to queue
[2025-09-03T20:30:38.884+0200] {logging_mixin.py:137} INFO - [2025-09-03T20:30:38.884+0200] {dagbag.py:532} INFO - Filling up the DagBag from /home/varun/miniconda3/envs/python38/lib/python3.8/site-packages/airflow/example_dags/example_skip_dag.py
[2025-09-03T20:30:38.899+0200] {processor.py:753} INFO - DAG(s) dict_keys(['example_skip_dag']) retrieved from /home/varun/miniconda3/envs/python38/lib/python3.8/site-packages/airflow/example_dags/example_skip_dag.py
[2025-09-03T20:30:38.917+0200] {logging_mixin.py:137} INFO - [2025-09-03T20:30:38.917+0200] {dag.py:2705} INFO - Sync 1 DAGs
[2025-09-03T20:30:38.934+0200] {logging_mixin.py:137} INFO - [2025-09-03T20:30:38.934+0200] {dag.py:3452} INFO - Setting next_dagrun for example_skip_dag to 2025-09-02T18:30:38.933851+00:00, run_after=2025-09-03T18:30:38.933851+00:00
[2025-09-03T20:30:38.958+0200] {processor.py:175} INFO - Processing /home/varun/miniconda3/envs/python38/lib/python3.8/site-packages/airflow/example_dags/example_skip_dag.py took 0.080 seconds
[2025-09-03T20:31:26.154+0200] {processor.py:153} INFO - Started process (PID=5702) to work on /home/varun/miniconda3/envs/python38/lib/python3.8/site-packages/airflow/example_dags/example_skip_dag.py
[2025-09-03T20:31:26.155+0200] {processor.py:743} INFO - Processing file /home/varun/miniconda3/envs/python38/lib/python3.8/site-packages/airflow/example_dags/example_skip_dag.py for tasks to queue
[2025-09-03T20:31:26.156+0200] {logging_mixin.py:137} INFO - [2025-09-03T20:31:26.156+0200] {dagbag.py:532} INFO - Filling up the DagBag from /home/varun/miniconda3/envs/python38/lib/python3.8/site-packages/airflow/example_dags/example_skip_dag.py
[2025-09-03T20:31:26.168+0200] {processor.py:753} INFO - DAG(s) dict_keys(['example_skip_dag']) retrieved from /home/varun/miniconda3/envs/python38/lib/python3.8/site-packages/airflow/example_dags/example_skip_dag.py
[2025-09-03T20:31:26.185+0200] {logging_mixin.py:137} INFO - [2025-09-03T20:31:26.185+0200] {dag.py:2705} INFO - Sync 1 DAGs
[2025-09-03T20:31:26.200+0200] {logging_mixin.py:137} INFO - [2025-09-03T20:31:26.200+0200] {dag.py:3452} INFO - Setting next_dagrun for example_skip_dag to 2025-09-02T18:31:26.200075+00:00, run_after=2025-09-03T18:31:26.200075+00:00
[2025-09-03T20:31:26.223+0200] {processor.py:175} INFO - Processing /home/varun/miniconda3/envs/python38/lib/python3.8/site-packages/airflow/example_dags/example_skip_dag.py took 0.072 seconds
[2025-09-03T20:32:11.124+0200] {processor.py:153} INFO - Started process (PID=5744) to work on /home/varun/miniconda3/envs/python38/lib/python3.8/site-packages/airflow/example_dags/example_skip_dag.py
[2025-09-03T20:32:11.126+0200] {processor.py:743} INFO - Processing file /home/varun/miniconda3/envs/python38/lib/python3.8/site-packages/airflow/example_dags/example_skip_dag.py for tasks to queue
[2025-09-03T20:32:11.126+0200] {logging_mixin.py:137} INFO - [2025-09-03T20:32:11.126+0200] {dagbag.py:532} INFO - Filling up the DagBag from /home/varun/miniconda3/envs/python38/lib/python3.8/site-packages/airflow/example_dags/example_skip_dag.py
[2025-09-03T20:32:11.138+0200] {processor.py:753} INFO - DAG(s) dict_keys(['example_skip_dag']) retrieved from /home/varun/miniconda3/envs/python38/lib/python3.8/site-packages/airflow/example_dags/example_skip_dag.py
[2025-09-03T20:32:11.155+0200] {logging_mixin.py:137} INFO - [2025-09-03T20:32:11.154+0200] {dag.py:2705} INFO - Sync 1 DAGs
[2025-09-03T20:32:11.170+0200] {logging_mixin.py:137} INFO - [2025-09-03T20:32:11.170+0200] {dag.py:3452} INFO - Setting next_dagrun for example_skip_dag to 2025-09-02T18:32:11.170204+00:00, run_after=2025-09-03T18:32:11.170204+00:00
[2025-09-03T20:32:11.193+0200] {processor.py:175} INFO - Processing /home/varun/miniconda3/envs/python38/lib/python3.8/site-packages/airflow/example_dags/example_skip_dag.py took 0.072 seconds
[2025-09-03T20:32:57.037+0200] {processor.py:153} INFO - Started process (PID=5786) to work on /home/varun/miniconda3/envs/python38/lib/python3.8/site-packages/airflow/example_dags/example_skip_dag.py
[2025-09-03T20:32:57.038+0200] {processor.py:743} INFO - Processing file /home/varun/miniconda3/envs/python38/lib/python3.8/site-packages/airflow/example_dags/example_skip_dag.py for tasks to queue
[2025-09-03T20:32:57.040+0200] {logging_mixin.py:137} INFO - [2025-09-03T20:32:57.040+0200] {dagbag.py:532} INFO - Filling up the DagBag from /home/varun/miniconda3/envs/python38/lib/python3.8/site-packages/airflow/example_dags/example_skip_dag.py
[2025-09-03T20:32:57.054+0200] {processor.py:753} INFO - DAG(s) dict_keys(['example_skip_dag']) retrieved from /home/varun/miniconda3/envs/python38/lib/python3.8/site-packages/airflow/example_dags/example_skip_dag.py
[2025-09-03T20:32:57.074+0200] {logging_mixin.py:137} INFO - [2025-09-03T20:32:57.074+0200] {dag.py:2705} INFO - Sync 1 DAGs
[2025-09-03T20:32:57.097+0200] {logging_mixin.py:137} INFO - [2025-09-03T20:32:57.097+0200] {dag.py:3452} INFO - Setting next_dagrun for example_skip_dag to 2025-09-02T18:32:57.096696+00:00, run_after=2025-09-03T18:32:57.096696+00:00
[2025-09-03T20:32:57.123+0200] {processor.py:175} INFO - Processing /home/varun/miniconda3/envs/python38/lib/python3.8/site-packages/airflow/example_dags/example_skip_dag.py took 0.090 seconds
[2025-09-03T20:33:42.708+0200] {processor.py:153} INFO - Started process (PID=5828) to work on /home/varun/miniconda3/envs/python38/lib/python3.8/site-packages/airflow/example_dags/example_skip_dag.py
[2025-09-03T20:33:42.710+0200] {processor.py:743} INFO - Processing file /home/varun/miniconda3/envs/python38/lib/python3.8/site-packages/airflow/example_dags/example_skip_dag.py for tasks to queue
[2025-09-03T20:33:42.711+0200] {logging_mixin.py:137} INFO - [2025-09-03T20:33:42.711+0200] {dagbag.py:532} INFO - Filling up the DagBag from /home/varun/miniconda3/envs/python38/lib/python3.8/site-packages/airflow/example_dags/example_skip_dag.py
[2025-09-03T20:33:42.724+0200] {processor.py:753} INFO - DAG(s) dict_keys(['example_skip_dag']) retrieved from /home/varun/miniconda3/envs/python38/lib/python3.8/site-packages/airflow/example_dags/example_skip_dag.py
[2025-09-03T20:33:42.746+0200] {logging_mixin.py:137} INFO - [2025-09-03T20:33:42.746+0200] {dag.py:2705} INFO - Sync 1 DAGs
[2025-09-03T20:33:42.763+0200] {logging_mixin.py:137} INFO - [2025-09-03T20:33:42.763+0200] {dag.py:3452} INFO - Setting next_dagrun for example_skip_dag to 2025-09-02T18:33:42.763003+00:00, run_after=2025-09-03T18:33:42.763003+00:00
[2025-09-03T20:33:42.786+0200] {processor.py:175} INFO - Processing /home/varun/miniconda3/envs/python38/lib/python3.8/site-packages/airflow/example_dags/example_skip_dag.py took 0.081 seconds
[2025-09-03T20:34:30.564+0200] {processor.py:153} INFO - Started process (PID=5870) to work on /home/varun/miniconda3/envs/python38/lib/python3.8/site-packages/airflow/example_dags/example_skip_dag.py
[2025-09-03T20:34:30.566+0200] {processor.py:743} INFO - Processing file /home/varun/miniconda3/envs/python38/lib/python3.8/site-packages/airflow/example_dags/example_skip_dag.py for tasks to queue
[2025-09-03T20:34:30.566+0200] {logging_mixin.py:137} INFO - [2025-09-03T20:34:30.566+0200] {dagbag.py:532} INFO - Filling up the DagBag from /home/varun/miniconda3/envs/python38/lib/python3.8/site-packages/airflow/example_dags/example_skip_dag.py
[2025-09-03T20:34:30.579+0200] {processor.py:753} INFO - DAG(s) dict_keys(['example_skip_dag']) retrieved from /home/varun/miniconda3/envs/python38/lib/python3.8/site-packages/airflow/example_dags/example_skip_dag.py
[2025-09-03T20:34:30.597+0200] {logging_mixin.py:137} INFO - [2025-09-03T20:34:30.597+0200] {dag.py:2705} INFO - Sync 1 DAGs
[2025-09-03T20:34:30.612+0200] {logging_mixin.py:137} INFO - [2025-09-03T20:34:30.612+0200] {dag.py:3452} INFO - Setting next_dagrun for example_skip_dag to 2025-09-02T18:34:30.612275+00:00, run_after=2025-09-03T18:34:30.612275+00:00
[2025-09-03T20:34:30.632+0200] {processor.py:175} INFO - Processing /home/varun/miniconda3/envs/python38/lib/python3.8/site-packages/airflow/example_dags/example_skip_dag.py took 0.071 seconds
[2025-09-03T20:35:15.804+0200] {processor.py:153} INFO - Started process (PID=5913) to work on /home/varun/miniconda3/envs/python38/lib/python3.8/site-packages/airflow/example_dags/example_skip_dag.py
[2025-09-03T20:35:15.805+0200] {processor.py:743} INFO - Processing file /home/varun/miniconda3/envs/python38/lib/python3.8/site-packages/airflow/example_dags/example_skip_dag.py for tasks to queue
[2025-09-03T20:35:15.805+0200] {logging_mixin.py:137} INFO - [2025-09-03T20:35:15.805+0200] {dagbag.py:532} INFO - Filling up the DagBag from /home/varun/miniconda3/envs/python38/lib/python3.8/site-packages/airflow/example_dags/example_skip_dag.py
[2025-09-03T20:35:15.819+0200] {processor.py:753} INFO - DAG(s) dict_keys(['example_skip_dag']) retrieved from /home/varun/miniconda3/envs/python38/lib/python3.8/site-packages/airflow/example_dags/example_skip_dag.py
[2025-09-03T20:35:15.839+0200] {logging_mixin.py:137} INFO - [2025-09-03T20:35:15.839+0200] {dag.py:2705} INFO - Sync 1 DAGs
[2025-09-03T20:35:15.863+0200] {logging_mixin.py:137} INFO - [2025-09-03T20:35:15.863+0200] {dag.py:3452} INFO - Setting next_dagrun for example_skip_dag to 2025-09-02T18:35:15.862944+00:00, run_after=2025-09-03T18:35:15.862944+00:00
[2025-09-03T20:35:15.894+0200] {processor.py:175} INFO - Processing /home/varun/miniconda3/envs/python38/lib/python3.8/site-packages/airflow/example_dags/example_skip_dag.py took 0.093 seconds
[2025-09-03T20:36:00.044+0200] {processor.py:153} INFO - Started process (PID=5955) to work on /home/varun/miniconda3/envs/python38/lib/python3.8/site-packages/airflow/example_dags/example_skip_dag.py
[2025-09-03T20:36:00.046+0200] {processor.py:743} INFO - Processing file /home/varun/miniconda3/envs/python38/lib/python3.8/site-packages/airflow/example_dags/example_skip_dag.py for tasks to queue
[2025-09-03T20:36:00.047+0200] {logging_mixin.py:137} INFO - [2025-09-03T20:36:00.047+0200] {dagbag.py:532} INFO - Filling up the DagBag from /home/varun/miniconda3/envs/python38/lib/python3.8/site-packages/airflow/example_dags/example_skip_dag.py
[2025-09-03T20:36:00.061+0200] {processor.py:753} INFO - DAG(s) dict_keys(['example_skip_dag']) retrieved from /home/varun/miniconda3/envs/python38/lib/python3.8/site-packages/airflow/example_dags/example_skip_dag.py
[2025-09-03T20:36:00.080+0200] {logging_mixin.py:137} INFO - [2025-09-03T20:36:00.080+0200] {dag.py:2705} INFO - Sync 1 DAGs
[2025-09-03T20:36:00.100+0200] {logging_mixin.py:137} INFO - [2025-09-03T20:36:00.100+0200] {dag.py:3452} INFO - Setting next_dagrun for example_skip_dag to 2025-09-02T18:36:00.100452+00:00, run_after=2025-09-03T18:36:00.100452+00:00
[2025-09-03T20:36:00.127+0200] {processor.py:175} INFO - Processing /home/varun/miniconda3/envs/python38/lib/python3.8/site-packages/airflow/example_dags/example_skip_dag.py took 0.086 seconds
