[2025-09-03T19:42:23.991+0200] {processor.py:153} INFO - Started process (PID=3091) to work on /home/varun/miniconda3/envs/python38/lib/python3.8/site-packages/airflow/example_dags/example_dynamic_task_mapping.py
[2025-09-03T19:42:23.992+0200] {processor.py:743} INFO - Processing file /home/varun/miniconda3/envs/python38/lib/python3.8/site-packages/airflow/example_dags/example_dynamic_task_mapping.py for tasks to queue
[2025-09-03T19:42:23.993+0200] {logging_mixin.py:137} INFO - [2025-09-03T19:42:23.993+0200] {dagbag.py:532} INFO - Filling up the DagBag from /home/varun/miniconda3/envs/python38/lib/python3.8/site-packages/airflow/example_dags/example_dynamic_task_mapping.py
[2025-09-03T19:42:24.023+0200] {processor.py:753} INFO - DAG(s) dict_keys(['example_dynamic_task_mapping']) retrieved from /home/varun/miniconda3/envs/python38/lib/python3.8/site-packages/airflow/example_dags/example_dynamic_task_mapping.py
[2025-09-03T19:42:24.131+0200] {logging_mixin.py:137} INFO - [2025-09-03T19:42:24.131+0200] {manager.py:504} INFO - Created Permission View: can edit on DAG:example_dynamic_task_mapping
[2025-09-03T19:42:24.144+0200] {logging_mixin.py:137} INFO - [2025-09-03T19:42:24.143+0200] {manager.py:504} INFO - Created Permission View: can delete on DAG:example_dynamic_task_mapping
[2025-09-03T19:42:24.157+0200] {logging_mixin.py:137} INFO - [2025-09-03T19:42:24.156+0200] {manager.py:504} INFO - Created Permission View: can read on DAG:example_dynamic_task_mapping
[2025-09-03T19:42:24.157+0200] {logging_mixin.py:137} INFO - [2025-09-03T19:42:24.157+0200] {dag.py:2705} INFO - Sync 1 DAGs
[2025-09-03T19:42:24.166+0200] {logging_mixin.py:137} INFO - [2025-09-03T19:42:24.166+0200] {dag.py:2726} INFO - Creating ORM DAG for example_dynamic_task_mapping
[2025-09-03T19:42:24.176+0200] {logging_mixin.py:137} INFO - [2025-09-03T19:42:24.175+0200] {dag.py:3452} INFO - Setting next_dagrun for example_dynamic_task_mapping to 2022-03-04T00:00:00+00:00, run_after=2022-03-05T00:00:00+00:00
[2025-09-03T19:42:24.198+0200] {processor.py:175} INFO - Processing /home/varun/miniconda3/envs/python38/lib/python3.8/site-packages/airflow/example_dags/example_dynamic_task_mapping.py took 0.211 seconds
[2025-09-03T19:43:17.058+0200] {processor.py:153} INFO - Started process (PID=3133) to work on /home/varun/miniconda3/envs/python38/lib/python3.8/site-packages/airflow/example_dags/example_dynamic_task_mapping.py
[2025-09-03T19:43:17.060+0200] {processor.py:743} INFO - Processing file /home/varun/miniconda3/envs/python38/lib/python3.8/site-packages/airflow/example_dags/example_dynamic_task_mapping.py for tasks to queue
[2025-09-03T19:43:17.061+0200] {logging_mixin.py:137} INFO - [2025-09-03T19:43:17.061+0200] {dagbag.py:532} INFO - Filling up the DagBag from /home/varun/miniconda3/envs/python38/lib/python3.8/site-packages/airflow/example_dags/example_dynamic_task_mapping.py
[2025-09-03T19:43:17.092+0200] {processor.py:753} INFO - DAG(s) dict_keys(['example_dynamic_task_mapping']) retrieved from /home/varun/miniconda3/envs/python38/lib/python3.8/site-packages/airflow/example_dags/example_dynamic_task_mapping.py
[2025-09-03T19:43:17.114+0200] {logging_mixin.py:137} INFO - [2025-09-03T19:43:17.114+0200] {dag.py:2705} INFO - Sync 1 DAGs
[2025-09-03T19:43:17.137+0200] {logging_mixin.py:137} INFO - [2025-09-03T19:43:17.136+0200] {dag.py:3452} INFO - Setting next_dagrun for example_dynamic_task_mapping to 2022-03-04T00:00:00+00:00, run_after=2022-03-05T00:00:00+00:00
[2025-09-03T19:43:17.167+0200] {processor.py:175} INFO - Processing /home/varun/miniconda3/envs/python38/lib/python3.8/site-packages/airflow/example_dags/example_dynamic_task_mapping.py took 0.113 seconds
[2025-09-03T19:44:03.702+0200] {processor.py:153} INFO - Started process (PID=3175) to work on /home/varun/miniconda3/envs/python38/lib/python3.8/site-packages/airflow/example_dags/example_dynamic_task_mapping.py
[2025-09-03T19:44:03.703+0200] {processor.py:743} INFO - Processing file /home/varun/miniconda3/envs/python38/lib/python3.8/site-packages/airflow/example_dags/example_dynamic_task_mapping.py for tasks to queue
[2025-09-03T19:44:03.704+0200] {logging_mixin.py:137} INFO - [2025-09-03T19:44:03.704+0200] {dagbag.py:532} INFO - Filling up the DagBag from /home/varun/miniconda3/envs/python38/lib/python3.8/site-packages/airflow/example_dags/example_dynamic_task_mapping.py
[2025-09-03T19:44:03.725+0200] {processor.py:753} INFO - DAG(s) dict_keys(['example_dynamic_task_mapping']) retrieved from /home/varun/miniconda3/envs/python38/lib/python3.8/site-packages/airflow/example_dags/example_dynamic_task_mapping.py
[2025-09-03T19:44:03.742+0200] {logging_mixin.py:137} INFO - [2025-09-03T19:44:03.741+0200] {dag.py:2705} INFO - Sync 1 DAGs
[2025-09-03T19:44:03.759+0200] {logging_mixin.py:137} INFO - [2025-09-03T19:44:03.759+0200] {dag.py:3452} INFO - Setting next_dagrun for example_dynamic_task_mapping to 2022-03-04T00:00:00+00:00, run_after=2022-03-05T00:00:00+00:00
[2025-09-03T19:44:03.782+0200] {processor.py:175} INFO - Processing /home/varun/miniconda3/envs/python38/lib/python3.8/site-packages/airflow/example_dags/example_dynamic_task_mapping.py took 0.083 seconds
[2025-09-03T19:44:54.652+0200] {processor.py:153} INFO - Started process (PID=3218) to work on /home/varun/miniconda3/envs/python38/lib/python3.8/site-packages/airflow/example_dags/example_dynamic_task_mapping.py
[2025-09-03T19:44:54.654+0200] {processor.py:743} INFO - Processing file /home/varun/miniconda3/envs/python38/lib/python3.8/site-packages/airflow/example_dags/example_dynamic_task_mapping.py for tasks to queue
[2025-09-03T19:44:54.655+0200] {logging_mixin.py:137} INFO - [2025-09-03T19:44:54.655+0200] {dagbag.py:532} INFO - Filling up the DagBag from /home/varun/miniconda3/envs/python38/lib/python3.8/site-packages/airflow/example_dags/example_dynamic_task_mapping.py
[2025-09-03T19:44:54.687+0200] {processor.py:753} INFO - DAG(s) dict_keys(['example_dynamic_task_mapping']) retrieved from /home/varun/miniconda3/envs/python38/lib/python3.8/site-packages/airflow/example_dags/example_dynamic_task_mapping.py
[2025-09-03T19:44:54.717+0200] {logging_mixin.py:137} INFO - [2025-09-03T19:44:54.717+0200] {dag.py:2705} INFO - Sync 1 DAGs
[2025-09-03T19:44:54.740+0200] {logging_mixin.py:137} INFO - [2025-09-03T19:44:54.739+0200] {dag.py:3452} INFO - Setting next_dagrun for example_dynamic_task_mapping to 2022-03-04T00:00:00+00:00, run_after=2022-03-05T00:00:00+00:00
[2025-09-03T19:44:54.761+0200] {processor.py:175} INFO - Processing /home/varun/miniconda3/envs/python38/lib/python3.8/site-packages/airflow/example_dags/example_dynamic_task_mapping.py took 0.114 seconds
[2025-09-03T19:45:41.599+0200] {processor.py:153} INFO - Started process (PID=3288) to work on /home/varun/miniconda3/envs/python38/lib/python3.8/site-packages/airflow/example_dags/example_dynamic_task_mapping.py
[2025-09-03T19:45:41.600+0200] {processor.py:743} INFO - Processing file /home/varun/miniconda3/envs/python38/lib/python3.8/site-packages/airflow/example_dags/example_dynamic_task_mapping.py for tasks to queue
[2025-09-03T19:45:41.601+0200] {logging_mixin.py:137} INFO - [2025-09-03T19:45:41.601+0200] {dagbag.py:532} INFO - Filling up the DagBag from /home/varun/miniconda3/envs/python38/lib/python3.8/site-packages/airflow/example_dags/example_dynamic_task_mapping.py
[2025-09-03T19:45:41.623+0200] {processor.py:753} INFO - DAG(s) dict_keys(['example_dynamic_task_mapping']) retrieved from /home/varun/miniconda3/envs/python38/lib/python3.8/site-packages/airflow/example_dags/example_dynamic_task_mapping.py
[2025-09-03T19:45:41.647+0200] {logging_mixin.py:137} INFO - [2025-09-03T19:45:41.646+0200] {dag.py:2705} INFO - Sync 1 DAGs
[2025-09-03T19:45:41.665+0200] {logging_mixin.py:137} INFO - [2025-09-03T19:45:41.664+0200] {dag.py:3452} INFO - Setting next_dagrun for example_dynamic_task_mapping to 2022-03-04T00:00:00+00:00, run_after=2022-03-05T00:00:00+00:00
[2025-09-03T19:45:41.690+0200] {processor.py:175} INFO - Processing /home/varun/miniconda3/envs/python38/lib/python3.8/site-packages/airflow/example_dags/example_dynamic_task_mapping.py took 0.094 seconds
[2025-09-03T19:46:25.828+0200] {processor.py:153} INFO - Started process (PID=3333) to work on /home/varun/miniconda3/envs/python38/lib/python3.8/site-packages/airflow/example_dags/example_dynamic_task_mapping.py
[2025-09-03T19:46:25.830+0200] {processor.py:743} INFO - Processing file /home/varun/miniconda3/envs/python38/lib/python3.8/site-packages/airflow/example_dags/example_dynamic_task_mapping.py for tasks to queue
[2025-09-03T19:46:25.831+0200] {logging_mixin.py:137} INFO - [2025-09-03T19:46:25.831+0200] {dagbag.py:532} INFO - Filling up the DagBag from /home/varun/miniconda3/envs/python38/lib/python3.8/site-packages/airflow/example_dags/example_dynamic_task_mapping.py
[2025-09-03T19:46:25.859+0200] {processor.py:753} INFO - DAG(s) dict_keys(['example_dynamic_task_mapping']) retrieved from /home/varun/miniconda3/envs/python38/lib/python3.8/site-packages/airflow/example_dags/example_dynamic_task_mapping.py
[2025-09-03T19:46:25.881+0200] {logging_mixin.py:137} INFO - [2025-09-03T19:46:25.881+0200] {dag.py:2705} INFO - Sync 1 DAGs
[2025-09-03T19:46:25.900+0200] {logging_mixin.py:137} INFO - [2025-09-03T19:46:25.900+0200] {dag.py:3452} INFO - Setting next_dagrun for example_dynamic_task_mapping to 2022-03-04T00:00:00+00:00, run_after=2022-03-05T00:00:00+00:00
[2025-09-03T19:46:25.927+0200] {processor.py:175} INFO - Processing /home/varun/miniconda3/envs/python38/lib/python3.8/site-packages/airflow/example_dags/example_dynamic_task_mapping.py took 0.103 seconds
[2025-09-03T19:47:15.380+0200] {processor.py:153} INFO - Started process (PID=3386) to work on /home/varun/miniconda3/envs/python38/lib/python3.8/site-packages/airflow/example_dags/example_dynamic_task_mapping.py
[2025-09-03T19:47:15.381+0200] {processor.py:743} INFO - Processing file /home/varun/miniconda3/envs/python38/lib/python3.8/site-packages/airflow/example_dags/example_dynamic_task_mapping.py for tasks to queue
[2025-09-03T19:47:15.382+0200] {logging_mixin.py:137} INFO - [2025-09-03T19:47:15.382+0200] {dagbag.py:532} INFO - Filling up the DagBag from /home/varun/miniconda3/envs/python38/lib/python3.8/site-packages/airflow/example_dags/example_dynamic_task_mapping.py
[2025-09-03T19:47:15.406+0200] {processor.py:753} INFO - DAG(s) dict_keys(['example_dynamic_task_mapping']) retrieved from /home/varun/miniconda3/envs/python38/lib/python3.8/site-packages/airflow/example_dags/example_dynamic_task_mapping.py
[2025-09-03T19:47:15.424+0200] {logging_mixin.py:137} INFO - [2025-09-03T19:47:15.424+0200] {dag.py:2705} INFO - Sync 1 DAGs
[2025-09-03T19:47:15.440+0200] {logging_mixin.py:137} INFO - [2025-09-03T19:47:15.440+0200] {dag.py:3452} INFO - Setting next_dagrun for example_dynamic_task_mapping to 2022-03-04T00:00:00+00:00, run_after=2022-03-05T00:00:00+00:00
[2025-09-03T19:47:15.462+0200] {processor.py:175} INFO - Processing /home/varun/miniconda3/envs/python38/lib/python3.8/site-packages/airflow/example_dags/example_dynamic_task_mapping.py took 0.085 seconds
[2025-09-03T19:48:00.660+0200] {processor.py:153} INFO - Started process (PID=3428) to work on /home/varun/miniconda3/envs/python38/lib/python3.8/site-packages/airflow/example_dags/example_dynamic_task_mapping.py
[2025-09-03T19:48:00.661+0200] {processor.py:743} INFO - Processing file /home/varun/miniconda3/envs/python38/lib/python3.8/site-packages/airflow/example_dags/example_dynamic_task_mapping.py for tasks to queue
[2025-09-03T19:48:00.662+0200] {logging_mixin.py:137} INFO - [2025-09-03T19:48:00.661+0200] {dagbag.py:532} INFO - Filling up the DagBag from /home/varun/miniconda3/envs/python38/lib/python3.8/site-packages/airflow/example_dags/example_dynamic_task_mapping.py
[2025-09-03T19:48:00.680+0200] {processor.py:753} INFO - DAG(s) dict_keys(['example_dynamic_task_mapping']) retrieved from /home/varun/miniconda3/envs/python38/lib/python3.8/site-packages/airflow/example_dags/example_dynamic_task_mapping.py
[2025-09-03T19:48:00.696+0200] {logging_mixin.py:137} INFO - [2025-09-03T19:48:00.696+0200] {dag.py:2705} INFO - Sync 1 DAGs
[2025-09-03T19:48:00.711+0200] {logging_mixin.py:137} INFO - [2025-09-03T19:48:00.711+0200] {dag.py:3452} INFO - Setting next_dagrun for example_dynamic_task_mapping to 2022-03-04T00:00:00+00:00, run_after=2022-03-05T00:00:00+00:00
[2025-09-03T19:48:00.733+0200] {processor.py:175} INFO - Processing /home/varun/miniconda3/envs/python38/lib/python3.8/site-packages/airflow/example_dags/example_dynamic_task_mapping.py took 0.076 seconds
[2025-09-03T19:48:48.655+0200] {processor.py:153} INFO - Started process (PID=3470) to work on /home/varun/miniconda3/envs/python38/lib/python3.8/site-packages/airflow/example_dags/example_dynamic_task_mapping.py
[2025-09-03T19:48:48.657+0200] {processor.py:743} INFO - Processing file /home/varun/miniconda3/envs/python38/lib/python3.8/site-packages/airflow/example_dags/example_dynamic_task_mapping.py for tasks to queue
[2025-09-03T19:48:48.658+0200] {logging_mixin.py:137} INFO - [2025-09-03T19:48:48.658+0200] {dagbag.py:532} INFO - Filling up the DagBag from /home/varun/miniconda3/envs/python38/lib/python3.8/site-packages/airflow/example_dags/example_dynamic_task_mapping.py
[2025-09-03T19:48:48.694+0200] {processor.py:753} INFO - DAG(s) dict_keys(['example_dynamic_task_mapping']) retrieved from /home/varun/miniconda3/envs/python38/lib/python3.8/site-packages/airflow/example_dags/example_dynamic_task_mapping.py
[2025-09-03T19:48:48.722+0200] {logging_mixin.py:137} INFO - [2025-09-03T19:48:48.722+0200] {dag.py:2705} INFO - Sync 1 DAGs
[2025-09-03T19:48:48.751+0200] {logging_mixin.py:137} INFO - [2025-09-03T19:48:48.751+0200] {dag.py:3452} INFO - Setting next_dagrun for example_dynamic_task_mapping to 2022-03-04T00:00:00+00:00, run_after=2022-03-05T00:00:00+00:00
[2025-09-03T19:48:48.784+0200] {processor.py:175} INFO - Processing /home/varun/miniconda3/envs/python38/lib/python3.8/site-packages/airflow/example_dags/example_dynamic_task_mapping.py took 0.134 seconds
[2025-09-03T19:49:40.169+0200] {processor.py:153} INFO - Started process (PID=3516) to work on /home/varun/miniconda3/envs/python38/lib/python3.8/site-packages/airflow/example_dags/example_dynamic_task_mapping.py
[2025-09-03T19:49:40.171+0200] {processor.py:743} INFO - Processing file /home/varun/miniconda3/envs/python38/lib/python3.8/site-packages/airflow/example_dags/example_dynamic_task_mapping.py for tasks to queue
[2025-09-03T19:49:40.172+0200] {logging_mixin.py:137} INFO - [2025-09-03T19:49:40.172+0200] {dagbag.py:532} INFO - Filling up the DagBag from /home/varun/miniconda3/envs/python38/lib/python3.8/site-packages/airflow/example_dags/example_dynamic_task_mapping.py
[2025-09-03T19:49:40.199+0200] {processor.py:753} INFO - DAG(s) dict_keys(['example_dynamic_task_mapping']) retrieved from /home/varun/miniconda3/envs/python38/lib/python3.8/site-packages/airflow/example_dags/example_dynamic_task_mapping.py
[2025-09-03T19:49:40.220+0200] {logging_mixin.py:137} INFO - [2025-09-03T19:49:40.219+0200] {dag.py:2705} INFO - Sync 1 DAGs
[2025-09-03T19:49:40.243+0200] {logging_mixin.py:137} INFO - [2025-09-03T19:49:40.243+0200] {dag.py:3452} INFO - Setting next_dagrun for example_dynamic_task_mapping to 2022-03-04T00:00:00+00:00, run_after=2022-03-05T00:00:00+00:00
[2025-09-03T19:49:40.280+0200] {processor.py:175} INFO - Processing /home/varun/miniconda3/envs/python38/lib/python3.8/site-packages/airflow/example_dags/example_dynamic_task_mapping.py took 0.116 seconds
[2025-09-03T19:50:26.583+0200] {processor.py:153} INFO - Started process (PID=3564) to work on /home/varun/miniconda3/envs/python38/lib/python3.8/site-packages/airflow/example_dags/example_dynamic_task_mapping.py
[2025-09-03T19:50:26.585+0200] {processor.py:743} INFO - Processing file /home/varun/miniconda3/envs/python38/lib/python3.8/site-packages/airflow/example_dags/example_dynamic_task_mapping.py for tasks to queue
[2025-09-03T19:50:26.585+0200] {logging_mixin.py:137} INFO - [2025-09-03T19:50:26.585+0200] {dagbag.py:532} INFO - Filling up the DagBag from /home/varun/miniconda3/envs/python38/lib/python3.8/site-packages/airflow/example_dags/example_dynamic_task_mapping.py
[2025-09-03T19:50:26.616+0200] {processor.py:753} INFO - DAG(s) dict_keys(['example_dynamic_task_mapping']) retrieved from /home/varun/miniconda3/envs/python38/lib/python3.8/site-packages/airflow/example_dags/example_dynamic_task_mapping.py
[2025-09-03T19:50:26.644+0200] {logging_mixin.py:137} INFO - [2025-09-03T19:50:26.644+0200] {dag.py:2705} INFO - Sync 1 DAGs
[2025-09-03T19:50:26.670+0200] {logging_mixin.py:137} INFO - [2025-09-03T19:50:26.670+0200] {dag.py:3452} INFO - Setting next_dagrun for example_dynamic_task_mapping to 2022-03-04T00:00:00+00:00, run_after=2022-03-05T00:00:00+00:00
[2025-09-03T19:50:26.697+0200] {processor.py:175} INFO - Processing /home/varun/miniconda3/envs/python38/lib/python3.8/site-packages/airflow/example_dags/example_dynamic_task_mapping.py took 0.117 seconds
[2025-09-03T19:51:12.041+0200] {processor.py:153} INFO - Started process (PID=3616) to work on /home/varun/miniconda3/envs/python38/lib/python3.8/site-packages/airflow/example_dags/example_dynamic_task_mapping.py
[2025-09-03T19:51:12.043+0200] {processor.py:743} INFO - Processing file /home/varun/miniconda3/envs/python38/lib/python3.8/site-packages/airflow/example_dags/example_dynamic_task_mapping.py for tasks to queue
[2025-09-03T19:51:12.043+0200] {logging_mixin.py:137} INFO - [2025-09-03T19:51:12.043+0200] {dagbag.py:532} INFO - Filling up the DagBag from /home/varun/miniconda3/envs/python38/lib/python3.8/site-packages/airflow/example_dags/example_dynamic_task_mapping.py
[2025-09-03T19:51:12.067+0200] {processor.py:753} INFO - DAG(s) dict_keys(['example_dynamic_task_mapping']) retrieved from /home/varun/miniconda3/envs/python38/lib/python3.8/site-packages/airflow/example_dags/example_dynamic_task_mapping.py
[2025-09-03T19:51:12.089+0200] {logging_mixin.py:137} INFO - [2025-09-03T19:51:12.089+0200] {dag.py:2705} INFO - Sync 1 DAGs
[2025-09-03T19:51:12.108+0200] {logging_mixin.py:137} INFO - [2025-09-03T19:51:12.107+0200] {dag.py:3452} INFO - Setting next_dagrun for example_dynamic_task_mapping to 2022-03-04T00:00:00+00:00, run_after=2022-03-05T00:00:00+00:00
[2025-09-03T19:51:12.136+0200] {processor.py:175} INFO - Processing /home/varun/miniconda3/envs/python38/lib/python3.8/site-packages/airflow/example_dags/example_dynamic_task_mapping.py took 0.098 seconds
[2025-09-03T19:52:02.425+0200] {processor.py:153} INFO - Started process (PID=3664) to work on /home/varun/miniconda3/envs/python38/lib/python3.8/site-packages/airflow/example_dags/example_dynamic_task_mapping.py
[2025-09-03T19:52:02.427+0200] {processor.py:743} INFO - Processing file /home/varun/miniconda3/envs/python38/lib/python3.8/site-packages/airflow/example_dags/example_dynamic_task_mapping.py for tasks to queue
[2025-09-03T19:52:02.428+0200] {logging_mixin.py:137} INFO - [2025-09-03T19:52:02.428+0200] {dagbag.py:532} INFO - Filling up the DagBag from /home/varun/miniconda3/envs/python38/lib/python3.8/site-packages/airflow/example_dags/example_dynamic_task_mapping.py
[2025-09-03T19:52:02.449+0200] {processor.py:753} INFO - DAG(s) dict_keys(['example_dynamic_task_mapping']) retrieved from /home/varun/miniconda3/envs/python38/lib/python3.8/site-packages/airflow/example_dags/example_dynamic_task_mapping.py
[2025-09-03T19:52:02.471+0200] {logging_mixin.py:137} INFO - [2025-09-03T19:52:02.471+0200] {dag.py:2705} INFO - Sync 1 DAGs
[2025-09-03T19:52:02.491+0200] {logging_mixin.py:137} INFO - [2025-09-03T19:52:02.491+0200] {dag.py:3452} INFO - Setting next_dagrun for example_dynamic_task_mapping to 2022-03-04T00:00:00+00:00, run_after=2022-03-05T00:00:00+00:00
[2025-09-03T19:52:02.517+0200] {processor.py:175} INFO - Processing /home/varun/miniconda3/envs/python38/lib/python3.8/site-packages/airflow/example_dags/example_dynamic_task_mapping.py took 0.095 seconds
[2025-09-03T19:52:53.276+0200] {processor.py:153} INFO - Started process (PID=3710) to work on /home/varun/miniconda3/envs/python38/lib/python3.8/site-packages/airflow/example_dags/example_dynamic_task_mapping.py
[2025-09-03T19:52:53.278+0200] {processor.py:743} INFO - Processing file /home/varun/miniconda3/envs/python38/lib/python3.8/site-packages/airflow/example_dags/example_dynamic_task_mapping.py for tasks to queue
[2025-09-03T19:52:53.279+0200] {logging_mixin.py:137} INFO - [2025-09-03T19:52:53.278+0200] {dagbag.py:532} INFO - Filling up the DagBag from /home/varun/miniconda3/envs/python38/lib/python3.8/site-packages/airflow/example_dags/example_dynamic_task_mapping.py
[2025-09-03T19:52:53.300+0200] {processor.py:753} INFO - DAG(s) dict_keys(['example_dynamic_task_mapping']) retrieved from /home/varun/miniconda3/envs/python38/lib/python3.8/site-packages/airflow/example_dags/example_dynamic_task_mapping.py
[2025-09-03T19:52:53.317+0200] {logging_mixin.py:137} INFO - [2025-09-03T19:52:53.317+0200] {dag.py:2705} INFO - Sync 1 DAGs
[2025-09-03T19:52:53.436+0200] {logging_mixin.py:137} INFO - [2025-09-03T19:52:53.436+0200] {dag.py:3452} INFO - Setting next_dagrun for example_dynamic_task_mapping to 2022-03-04T00:00:00+00:00, run_after=2022-03-05T00:00:00+00:00
[2025-09-03T19:52:53.458+0200] {processor.py:175} INFO - Processing /home/varun/miniconda3/envs/python38/lib/python3.8/site-packages/airflow/example_dags/example_dynamic_task_mapping.py took 0.186 seconds
[2025-09-03T19:53:43.338+0200] {processor.py:153} INFO - Started process (PID=3754) to work on /home/varun/miniconda3/envs/python38/lib/python3.8/site-packages/airflow/example_dags/example_dynamic_task_mapping.py
[2025-09-03T19:53:43.340+0200] {processor.py:743} INFO - Processing file /home/varun/miniconda3/envs/python38/lib/python3.8/site-packages/airflow/example_dags/example_dynamic_task_mapping.py for tasks to queue
[2025-09-03T19:53:43.341+0200] {logging_mixin.py:137} INFO - [2025-09-03T19:53:43.341+0200] {dagbag.py:532} INFO - Filling up the DagBag from /home/varun/miniconda3/envs/python38/lib/python3.8/site-packages/airflow/example_dags/example_dynamic_task_mapping.py
[2025-09-03T19:53:43.377+0200] {processor.py:753} INFO - DAG(s) dict_keys(['example_dynamic_task_mapping']) retrieved from /home/varun/miniconda3/envs/python38/lib/python3.8/site-packages/airflow/example_dags/example_dynamic_task_mapping.py
[2025-09-03T19:53:43.404+0200] {logging_mixin.py:137} INFO - [2025-09-03T19:53:43.404+0200] {dag.py:2705} INFO - Sync 1 DAGs
[2025-09-03T19:53:43.625+0200] {logging_mixin.py:137} INFO - [2025-09-03T19:53:43.625+0200] {dag.py:3452} INFO - Setting next_dagrun for example_dynamic_task_mapping to 2022-03-04T00:00:00+00:00, run_after=2022-03-05T00:00:00+00:00
[2025-09-03T19:53:43.668+0200] {processor.py:175} INFO - Processing /home/varun/miniconda3/envs/python38/lib/python3.8/site-packages/airflow/example_dags/example_dynamic_task_mapping.py took 0.334 seconds
[2025-09-03T19:54:45.720+0200] {processor.py:153} INFO - Started process (PID=3807) to work on /home/varun/miniconda3/envs/python38/lib/python3.8/site-packages/airflow/example_dags/example_dynamic_task_mapping.py
[2025-09-03T19:54:45.722+0200] {processor.py:743} INFO - Processing file /home/varun/miniconda3/envs/python38/lib/python3.8/site-packages/airflow/example_dags/example_dynamic_task_mapping.py for tasks to queue
[2025-09-03T19:54:45.722+0200] {logging_mixin.py:137} INFO - [2025-09-03T19:54:45.722+0200] {dagbag.py:532} INFO - Filling up the DagBag from /home/varun/miniconda3/envs/python38/lib/python3.8/site-packages/airflow/example_dags/example_dynamic_task_mapping.py
[2025-09-03T19:54:45.749+0200] {processor.py:753} INFO - DAG(s) dict_keys(['example_dynamic_task_mapping']) retrieved from /home/varun/miniconda3/envs/python38/lib/python3.8/site-packages/airflow/example_dags/example_dynamic_task_mapping.py
[2025-09-03T19:54:46.052+0200] {logging_mixin.py:137} INFO - [2025-09-03T19:54:46.052+0200] {dag.py:2705} INFO - Sync 1 DAGs
[2025-09-03T19:54:46.077+0200] {logging_mixin.py:137} INFO - [2025-09-03T19:54:46.077+0200] {dag.py:3452} INFO - Setting next_dagrun for example_dynamic_task_mapping to 2022-03-04T00:00:00+00:00, run_after=2022-03-05T00:00:00+00:00
[2025-09-03T19:54:46.134+0200] {processor.py:175} INFO - Processing /home/varun/miniconda3/envs/python38/lib/python3.8/site-packages/airflow/example_dags/example_dynamic_task_mapping.py took 0.418 seconds
[2025-09-03T19:55:43.622+0200] {processor.py:153} INFO - Started process (PID=3861) to work on /home/varun/miniconda3/envs/python38/lib/python3.8/site-packages/airflow/example_dags/example_dynamic_task_mapping.py
[2025-09-03T19:55:43.624+0200] {processor.py:743} INFO - Processing file /home/varun/miniconda3/envs/python38/lib/python3.8/site-packages/airflow/example_dags/example_dynamic_task_mapping.py for tasks to queue
[2025-09-03T19:55:43.624+0200] {logging_mixin.py:137} INFO - [2025-09-03T19:55:43.624+0200] {dagbag.py:532} INFO - Filling up the DagBag from /home/varun/miniconda3/envs/python38/lib/python3.8/site-packages/airflow/example_dags/example_dynamic_task_mapping.py
[2025-09-03T19:55:43.788+0200] {processor.py:753} INFO - DAG(s) dict_keys(['example_dynamic_task_mapping']) retrieved from /home/varun/miniconda3/envs/python38/lib/python3.8/site-packages/airflow/example_dags/example_dynamic_task_mapping.py
[2025-09-03T19:55:43.804+0200] {logging_mixin.py:137} INFO - [2025-09-03T19:55:43.804+0200] {dag.py:2705} INFO - Sync 1 DAGs
[2025-09-03T19:55:43.822+0200] {logging_mixin.py:137} INFO - [2025-09-03T19:55:43.822+0200] {dag.py:3452} INFO - Setting next_dagrun for example_dynamic_task_mapping to 2022-03-04T00:00:00+00:00, run_after=2022-03-05T00:00:00+00:00
[2025-09-03T19:55:43.845+0200] {processor.py:175} INFO - Processing /home/varun/miniconda3/envs/python38/lib/python3.8/site-packages/airflow/example_dags/example_dynamic_task_mapping.py took 0.227 seconds
[2025-09-03T19:56:41.120+0200] {processor.py:153} INFO - Started process (PID=3911) to work on /home/varun/miniconda3/envs/python38/lib/python3.8/site-packages/airflow/example_dags/example_dynamic_task_mapping.py
[2025-09-03T19:56:41.122+0200] {processor.py:743} INFO - Processing file /home/varun/miniconda3/envs/python38/lib/python3.8/site-packages/airflow/example_dags/example_dynamic_task_mapping.py for tasks to queue
[2025-09-03T19:56:41.123+0200] {logging_mixin.py:137} INFO - [2025-09-03T19:56:41.123+0200] {dagbag.py:532} INFO - Filling up the DagBag from /home/varun/miniconda3/envs/python38/lib/python3.8/site-packages/airflow/example_dags/example_dynamic_task_mapping.py
[2025-09-03T19:56:41.322+0200] {processor.py:753} INFO - DAG(s) dict_keys(['example_dynamic_task_mapping']) retrieved from /home/varun/miniconda3/envs/python38/lib/python3.8/site-packages/airflow/example_dags/example_dynamic_task_mapping.py
[2025-09-03T19:56:41.346+0200] {logging_mixin.py:137} INFO - [2025-09-03T19:56:41.346+0200] {dag.py:2705} INFO - Sync 1 DAGs
[2025-09-03T19:56:41.373+0200] {logging_mixin.py:137} INFO - [2025-09-03T19:56:41.373+0200] {dag.py:3452} INFO - Setting next_dagrun for example_dynamic_task_mapping to 2022-03-04T00:00:00+00:00, run_after=2022-03-05T00:00:00+00:00
[2025-09-03T19:56:41.400+0200] {processor.py:175} INFO - Processing /home/varun/miniconda3/envs/python38/lib/python3.8/site-packages/airflow/example_dags/example_dynamic_task_mapping.py took 0.285 seconds
[2025-09-03T19:57:36.794+0200] {processor.py:153} INFO - Started process (PID=3958) to work on /home/varun/miniconda3/envs/python38/lib/python3.8/site-packages/airflow/example_dags/example_dynamic_task_mapping.py
[2025-09-03T19:57:36.795+0200] {processor.py:743} INFO - Processing file /home/varun/miniconda3/envs/python38/lib/python3.8/site-packages/airflow/example_dags/example_dynamic_task_mapping.py for tasks to queue
[2025-09-03T19:57:36.796+0200] {logging_mixin.py:137} INFO - [2025-09-03T19:57:36.796+0200] {dagbag.py:532} INFO - Filling up the DagBag from /home/varun/miniconda3/envs/python38/lib/python3.8/site-packages/airflow/example_dags/example_dynamic_task_mapping.py
[2025-09-03T19:57:36.827+0200] {processor.py:753} INFO - DAG(s) dict_keys(['example_dynamic_task_mapping']) retrieved from /home/varun/miniconda3/envs/python38/lib/python3.8/site-packages/airflow/example_dags/example_dynamic_task_mapping.py
[2025-09-03T19:57:36.857+0200] {logging_mixin.py:137} INFO - [2025-09-03T19:57:36.856+0200] {dag.py:2705} INFO - Sync 1 DAGs
[2025-09-03T19:57:36.883+0200] {logging_mixin.py:137} INFO - [2025-09-03T19:57:36.883+0200] {dag.py:3452} INFO - Setting next_dagrun for example_dynamic_task_mapping to 2022-03-04T00:00:00+00:00, run_after=2022-03-05T00:00:00+00:00
[2025-09-03T19:57:36.917+0200] {processor.py:175} INFO - Processing /home/varun/miniconda3/envs/python38/lib/python3.8/site-packages/airflow/example_dags/example_dynamic_task_mapping.py took 0.127 seconds
[2025-09-03T20:00:42.907+0200] {processor.py:153} INFO - Started process (PID=4025) to work on /home/varun/miniconda3/envs/python38/lib/python3.8/site-packages/airflow/example_dags/example_dynamic_task_mapping.py
[2025-09-03T20:00:42.909+0200] {processor.py:743} INFO - Processing file /home/varun/miniconda3/envs/python38/lib/python3.8/site-packages/airflow/example_dags/example_dynamic_task_mapping.py for tasks to queue
[2025-09-03T20:00:42.910+0200] {logging_mixin.py:137} INFO - [2025-09-03T20:00:42.910+0200] {dagbag.py:532} INFO - Filling up the DagBag from /home/varun/miniconda3/envs/python38/lib/python3.8/site-packages/airflow/example_dags/example_dynamic_task_mapping.py
[2025-09-03T20:00:42.936+0200] {processor.py:753} INFO - DAG(s) dict_keys(['example_dynamic_task_mapping']) retrieved from /home/varun/miniconda3/envs/python38/lib/python3.8/site-packages/airflow/example_dags/example_dynamic_task_mapping.py
[2025-09-03T20:00:42.955+0200] {logging_mixin.py:137} INFO - [2025-09-03T20:00:42.955+0200] {dag.py:2705} INFO - Sync 1 DAGs
[2025-09-03T20:00:42.974+0200] {logging_mixin.py:137} INFO - [2025-09-03T20:00:42.974+0200] {dag.py:3452} INFO - Setting next_dagrun for example_dynamic_task_mapping to 2022-03-04T00:00:00+00:00, run_after=2022-03-05T00:00:00+00:00
[2025-09-03T20:00:42.995+0200] {processor.py:175} INFO - Processing /home/varun/miniconda3/envs/python38/lib/python3.8/site-packages/airflow/example_dags/example_dynamic_task_mapping.py took 0.092 seconds
[2025-09-03T20:01:29.225+0200] {processor.py:153} INFO - Started process (PID=4076) to work on /home/varun/miniconda3/envs/python38/lib/python3.8/site-packages/airflow/example_dags/example_dynamic_task_mapping.py
[2025-09-03T20:01:29.226+0200] {processor.py:743} INFO - Processing file /home/varun/miniconda3/envs/python38/lib/python3.8/site-packages/airflow/example_dags/example_dynamic_task_mapping.py for tasks to queue
[2025-09-03T20:01:29.227+0200] {logging_mixin.py:137} INFO - [2025-09-03T20:01:29.227+0200] {dagbag.py:532} INFO - Filling up the DagBag from /home/varun/miniconda3/envs/python38/lib/python3.8/site-packages/airflow/example_dags/example_dynamic_task_mapping.py
[2025-09-03T20:01:29.250+0200] {processor.py:753} INFO - DAG(s) dict_keys(['example_dynamic_task_mapping']) retrieved from /home/varun/miniconda3/envs/python38/lib/python3.8/site-packages/airflow/example_dags/example_dynamic_task_mapping.py
[2025-09-03T20:01:29.267+0200] {logging_mixin.py:137} INFO - [2025-09-03T20:01:29.267+0200] {dag.py:2705} INFO - Sync 1 DAGs
[2025-09-03T20:01:29.283+0200] {logging_mixin.py:137} INFO - [2025-09-03T20:01:29.283+0200] {dag.py:3452} INFO - Setting next_dagrun for example_dynamic_task_mapping to 2022-03-04T00:00:00+00:00, run_after=2022-03-05T00:00:00+00:00
[2025-09-03T20:01:29.305+0200] {processor.py:175} INFO - Processing /home/varun/miniconda3/envs/python38/lib/python3.8/site-packages/airflow/example_dags/example_dynamic_task_mapping.py took 0.084 seconds
[2025-09-03T20:02:17.729+0200] {processor.py:153} INFO - Started process (PID=4118) to work on /home/varun/miniconda3/envs/python38/lib/python3.8/site-packages/airflow/example_dags/example_dynamic_task_mapping.py
[2025-09-03T20:02:17.731+0200] {processor.py:743} INFO - Processing file /home/varun/miniconda3/envs/python38/lib/python3.8/site-packages/airflow/example_dags/example_dynamic_task_mapping.py for tasks to queue
[2025-09-03T20:02:17.733+0200] {logging_mixin.py:137} INFO - [2025-09-03T20:02:17.732+0200] {dagbag.py:532} INFO - Filling up the DagBag from /home/varun/miniconda3/envs/python38/lib/python3.8/site-packages/airflow/example_dags/example_dynamic_task_mapping.py
[2025-09-03T20:02:17.766+0200] {processor.py:753} INFO - DAG(s) dict_keys(['example_dynamic_task_mapping']) retrieved from /home/varun/miniconda3/envs/python38/lib/python3.8/site-packages/airflow/example_dags/example_dynamic_task_mapping.py
[2025-09-03T20:02:17.800+0200] {logging_mixin.py:137} INFO - [2025-09-03T20:02:17.799+0200] {dag.py:2705} INFO - Sync 1 DAGs
[2025-09-03T20:02:17.825+0200] {logging_mixin.py:137} INFO - [2025-09-03T20:02:17.825+0200] {dag.py:3452} INFO - Setting next_dagrun for example_dynamic_task_mapping to 2022-03-04T00:00:00+00:00, run_after=2022-03-05T00:00:00+00:00
[2025-09-03T20:02:17.856+0200] {processor.py:175} INFO - Processing /home/varun/miniconda3/envs/python38/lib/python3.8/site-packages/airflow/example_dags/example_dynamic_task_mapping.py took 0.132 seconds
[2025-09-03T20:03:04.390+0200] {processor.py:153} INFO - Started process (PID=4160) to work on /home/varun/miniconda3/envs/python38/lib/python3.8/site-packages/airflow/example_dags/example_dynamic_task_mapping.py
[2025-09-03T20:03:04.393+0200] {processor.py:743} INFO - Processing file /home/varun/miniconda3/envs/python38/lib/python3.8/site-packages/airflow/example_dags/example_dynamic_task_mapping.py for tasks to queue
[2025-09-03T20:03:04.394+0200] {logging_mixin.py:137} INFO - [2025-09-03T20:03:04.393+0200] {dagbag.py:532} INFO - Filling up the DagBag from /home/varun/miniconda3/envs/python38/lib/python3.8/site-packages/airflow/example_dags/example_dynamic_task_mapping.py
[2025-09-03T20:03:04.427+0200] {processor.py:753} INFO - DAG(s) dict_keys(['example_dynamic_task_mapping']) retrieved from /home/varun/miniconda3/envs/python38/lib/python3.8/site-packages/airflow/example_dags/example_dynamic_task_mapping.py
[2025-09-03T20:03:04.453+0200] {logging_mixin.py:137} INFO - [2025-09-03T20:03:04.453+0200] {dag.py:2705} INFO - Sync 1 DAGs
[2025-09-03T20:03:04.481+0200] {logging_mixin.py:137} INFO - [2025-09-03T20:03:04.480+0200] {dag.py:3452} INFO - Setting next_dagrun for example_dynamic_task_mapping to 2022-03-04T00:00:00+00:00, run_after=2022-03-05T00:00:00+00:00
[2025-09-03T20:03:04.520+0200] {processor.py:175} INFO - Processing /home/varun/miniconda3/envs/python38/lib/python3.8/site-packages/airflow/example_dags/example_dynamic_task_mapping.py took 0.134 seconds
[2025-09-03T20:03:51.729+0200] {processor.py:153} INFO - Started process (PID=4202) to work on /home/varun/miniconda3/envs/python38/lib/python3.8/site-packages/airflow/example_dags/example_dynamic_task_mapping.py
[2025-09-03T20:03:51.731+0200] {processor.py:743} INFO - Processing file /home/varun/miniconda3/envs/python38/lib/python3.8/site-packages/airflow/example_dags/example_dynamic_task_mapping.py for tasks to queue
[2025-09-03T20:03:51.732+0200] {logging_mixin.py:137} INFO - [2025-09-03T20:03:51.732+0200] {dagbag.py:532} INFO - Filling up the DagBag from /home/varun/miniconda3/envs/python38/lib/python3.8/site-packages/airflow/example_dags/example_dynamic_task_mapping.py
[2025-09-03T20:03:51.758+0200] {processor.py:753} INFO - DAG(s) dict_keys(['example_dynamic_task_mapping']) retrieved from /home/varun/miniconda3/envs/python38/lib/python3.8/site-packages/airflow/example_dags/example_dynamic_task_mapping.py
[2025-09-03T20:03:51.777+0200] {logging_mixin.py:137} INFO - [2025-09-03T20:03:51.777+0200] {dag.py:2705} INFO - Sync 1 DAGs
[2025-09-03T20:03:51.797+0200] {logging_mixin.py:137} INFO - [2025-09-03T20:03:51.797+0200] {dag.py:3452} INFO - Setting next_dagrun for example_dynamic_task_mapping to 2022-03-04T00:00:00+00:00, run_after=2022-03-05T00:00:00+00:00
[2025-09-03T20:03:51.822+0200] {processor.py:175} INFO - Processing /home/varun/miniconda3/envs/python38/lib/python3.8/site-packages/airflow/example_dags/example_dynamic_task_mapping.py took 0.098 seconds
[2025-09-03T20:04:43.350+0200] {processor.py:153} INFO - Started process (PID=4246) to work on /home/varun/miniconda3/envs/python38/lib/python3.8/site-packages/airflow/example_dags/example_dynamic_task_mapping.py
[2025-09-03T20:04:43.352+0200] {processor.py:743} INFO - Processing file /home/varun/miniconda3/envs/python38/lib/python3.8/site-packages/airflow/example_dags/example_dynamic_task_mapping.py for tasks to queue
[2025-09-03T20:04:43.353+0200] {logging_mixin.py:137} INFO - [2025-09-03T20:04:43.353+0200] {dagbag.py:532} INFO - Filling up the DagBag from /home/varun/miniconda3/envs/python38/lib/python3.8/site-packages/airflow/example_dags/example_dynamic_task_mapping.py
[2025-09-03T20:04:43.377+0200] {processor.py:753} INFO - DAG(s) dict_keys(['example_dynamic_task_mapping']) retrieved from /home/varun/miniconda3/envs/python38/lib/python3.8/site-packages/airflow/example_dags/example_dynamic_task_mapping.py
[2025-09-03T20:04:43.472+0200] {logging_mixin.py:137} INFO - [2025-09-03T20:04:43.471+0200] {manager.py:504} INFO - Created Permission View: can delete on DAG:example_dynamic_task_mapping
[2025-09-03T20:04:43.484+0200] {logging_mixin.py:137} INFO - [2025-09-03T20:04:43.484+0200] {manager.py:504} INFO - Created Permission View: can read on DAG:example_dynamic_task_mapping
[2025-09-03T20:04:43.496+0200] {logging_mixin.py:137} INFO - [2025-09-03T20:04:43.496+0200] {manager.py:504} INFO - Created Permission View: can edit on DAG:example_dynamic_task_mapping
[2025-09-03T20:04:43.496+0200] {logging_mixin.py:137} INFO - [2025-09-03T20:04:43.496+0200] {dag.py:2705} INFO - Sync 1 DAGs
[2025-09-03T20:04:43.504+0200] {logging_mixin.py:137} INFO - [2025-09-03T20:04:43.504+0200] {dag.py:2726} INFO - Creating ORM DAG for example_dynamic_task_mapping
[2025-09-03T20:04:43.511+0200] {logging_mixin.py:137} INFO - [2025-09-03T20:04:43.511+0200] {dag.py:3452} INFO - Setting next_dagrun for example_dynamic_task_mapping to 2022-03-04T00:00:00+00:00, run_after=2022-03-05T00:00:00+00:00
[2025-09-03T20:04:43.529+0200] {processor.py:175} INFO - Processing /home/varun/miniconda3/envs/python38/lib/python3.8/site-packages/airflow/example_dags/example_dynamic_task_mapping.py took 0.183 seconds
[2025-09-03T20:05:39.861+0200] {processor.py:153} INFO - Started process (PID=4305) to work on /home/varun/miniconda3/envs/python38/lib/python3.8/site-packages/airflow/example_dags/example_dynamic_task_mapping.py
[2025-09-03T20:05:39.863+0200] {processor.py:743} INFO - Processing file /home/varun/miniconda3/envs/python38/lib/python3.8/site-packages/airflow/example_dags/example_dynamic_task_mapping.py for tasks to queue
[2025-09-03T20:05:39.863+0200] {logging_mixin.py:137} INFO - [2025-09-03T20:05:39.863+0200] {dagbag.py:532} INFO - Filling up the DagBag from /home/varun/miniconda3/envs/python38/lib/python3.8/site-packages/airflow/example_dags/example_dynamic_task_mapping.py
[2025-09-03T20:05:39.885+0200] {processor.py:753} INFO - DAG(s) dict_keys(['example_dynamic_task_mapping']) retrieved from /home/varun/miniconda3/envs/python38/lib/python3.8/site-packages/airflow/example_dags/example_dynamic_task_mapping.py
[2025-09-03T20:05:39.908+0200] {logging_mixin.py:137} INFO - [2025-09-03T20:05:39.908+0200] {dag.py:2705} INFO - Sync 1 DAGs
[2025-09-03T20:05:39.930+0200] {logging_mixin.py:137} INFO - [2025-09-03T20:05:39.930+0200] {dag.py:3452} INFO - Setting next_dagrun for example_dynamic_task_mapping to 2022-03-04T00:00:00+00:00, run_after=2022-03-05T00:00:00+00:00
[2025-09-03T20:05:39.957+0200] {processor.py:175} INFO - Processing /home/varun/miniconda3/envs/python38/lib/python3.8/site-packages/airflow/example_dags/example_dynamic_task_mapping.py took 0.100 seconds
[2025-09-03T20:06:31.227+0200] {processor.py:153} INFO - Started process (PID=4347) to work on /home/varun/miniconda3/envs/python38/lib/python3.8/site-packages/airflow/example_dags/example_dynamic_task_mapping.py
[2025-09-03T20:06:31.228+0200] {processor.py:743} INFO - Processing file /home/varun/miniconda3/envs/python38/lib/python3.8/site-packages/airflow/example_dags/example_dynamic_task_mapping.py for tasks to queue
[2025-09-03T20:06:31.229+0200] {logging_mixin.py:137} INFO - [2025-09-03T20:06:31.229+0200] {dagbag.py:532} INFO - Filling up the DagBag from /home/varun/miniconda3/envs/python38/lib/python3.8/site-packages/airflow/example_dags/example_dynamic_task_mapping.py
[2025-09-03T20:06:31.252+0200] {processor.py:753} INFO - DAG(s) dict_keys(['example_dynamic_task_mapping']) retrieved from /home/varun/miniconda3/envs/python38/lib/python3.8/site-packages/airflow/example_dags/example_dynamic_task_mapping.py
[2025-09-03T20:06:31.273+0200] {logging_mixin.py:137} INFO - [2025-09-03T20:06:31.273+0200] {dag.py:2705} INFO - Sync 1 DAGs
[2025-09-03T20:06:31.294+0200] {logging_mixin.py:137} INFO - [2025-09-03T20:06:31.294+0200] {dag.py:3452} INFO - Setting next_dagrun for example_dynamic_task_mapping to 2022-03-04T00:00:00+00:00, run_after=2022-03-05T00:00:00+00:00
[2025-09-03T20:06:31.333+0200] {processor.py:175} INFO - Processing /home/varun/miniconda3/envs/python38/lib/python3.8/site-packages/airflow/example_dags/example_dynamic_task_mapping.py took 0.110 seconds
[2025-09-03T20:07:16.935+0200] {processor.py:153} INFO - Started process (PID=4409) to work on /home/varun/miniconda3/envs/python38/lib/python3.8/site-packages/airflow/example_dags/example_dynamic_task_mapping.py
[2025-09-03T20:07:16.936+0200] {processor.py:743} INFO - Processing file /home/varun/miniconda3/envs/python38/lib/python3.8/site-packages/airflow/example_dags/example_dynamic_task_mapping.py for tasks to queue
[2025-09-03T20:07:16.937+0200] {logging_mixin.py:137} INFO - [2025-09-03T20:07:16.937+0200] {dagbag.py:532} INFO - Filling up the DagBag from /home/varun/miniconda3/envs/python38/lib/python3.8/site-packages/airflow/example_dags/example_dynamic_task_mapping.py
[2025-09-03T20:07:16.962+0200] {processor.py:753} INFO - DAG(s) dict_keys(['example_dynamic_task_mapping']) retrieved from /home/varun/miniconda3/envs/python38/lib/python3.8/site-packages/airflow/example_dags/example_dynamic_task_mapping.py
[2025-09-03T20:07:16.981+0200] {logging_mixin.py:137} INFO - [2025-09-03T20:07:16.981+0200] {dag.py:2705} INFO - Sync 1 DAGs
[2025-09-03T20:07:17.001+0200] {logging_mixin.py:137} INFO - [2025-09-03T20:07:17.001+0200] {dag.py:3452} INFO - Setting next_dagrun for example_dynamic_task_mapping to 2022-03-04T00:00:00+00:00, run_after=2022-03-05T00:00:00+00:00
[2025-09-03T20:07:17.025+0200] {processor.py:175} INFO - Processing /home/varun/miniconda3/envs/python38/lib/python3.8/site-packages/airflow/example_dags/example_dynamic_task_mapping.py took 0.093 seconds
[2025-09-03T20:08:02.971+0200] {processor.py:153} INFO - Started process (PID=4457) to work on /home/varun/miniconda3/envs/python38/lib/python3.8/site-packages/airflow/example_dags/example_dynamic_task_mapping.py
[2025-09-03T20:08:02.972+0200] {processor.py:743} INFO - Processing file /home/varun/miniconda3/envs/python38/lib/python3.8/site-packages/airflow/example_dags/example_dynamic_task_mapping.py for tasks to queue
[2025-09-03T20:08:02.973+0200] {logging_mixin.py:137} INFO - [2025-09-03T20:08:02.973+0200] {dagbag.py:532} INFO - Filling up the DagBag from /home/varun/miniconda3/envs/python38/lib/python3.8/site-packages/airflow/example_dags/example_dynamic_task_mapping.py
[2025-09-03T20:08:02.992+0200] {processor.py:753} INFO - DAG(s) dict_keys(['example_dynamic_task_mapping']) retrieved from /home/varun/miniconda3/envs/python38/lib/python3.8/site-packages/airflow/example_dags/example_dynamic_task_mapping.py
[2025-09-03T20:08:03.009+0200] {logging_mixin.py:137} INFO - [2025-09-03T20:08:03.009+0200] {dag.py:2705} INFO - Sync 1 DAGs
[2025-09-03T20:08:03.025+0200] {logging_mixin.py:137} INFO - [2025-09-03T20:08:03.025+0200] {dag.py:3452} INFO - Setting next_dagrun for example_dynamic_task_mapping to 2022-03-04T00:00:00+00:00, run_after=2022-03-05T00:00:00+00:00
[2025-09-03T20:08:03.047+0200] {processor.py:175} INFO - Processing /home/varun/miniconda3/envs/python38/lib/python3.8/site-packages/airflow/example_dags/example_dynamic_task_mapping.py took 0.080 seconds
[2025-09-03T20:09:23.080+0200] {processor.py:153} INFO - Started process (PID=4516) to work on /home/varun/miniconda3/envs/python38/lib/python3.8/site-packages/airflow/example_dags/example_dynamic_task_mapping.py
[2025-09-03T20:09:23.082+0200] {processor.py:743} INFO - Processing file /home/varun/miniconda3/envs/python38/lib/python3.8/site-packages/airflow/example_dags/example_dynamic_task_mapping.py for tasks to queue
[2025-09-03T20:09:23.082+0200] {logging_mixin.py:137} INFO - [2025-09-03T20:09:23.082+0200] {dagbag.py:532} INFO - Filling up the DagBag from /home/varun/miniconda3/envs/python38/lib/python3.8/site-packages/airflow/example_dags/example_dynamic_task_mapping.py
[2025-09-03T20:09:23.113+0200] {processor.py:753} INFO - DAG(s) dict_keys(['example_dynamic_task_mapping']) retrieved from /home/varun/miniconda3/envs/python38/lib/python3.8/site-packages/airflow/example_dags/example_dynamic_task_mapping.py
[2025-09-03T20:09:23.137+0200] {logging_mixin.py:137} INFO - [2025-09-03T20:09:23.136+0200] {dag.py:2705} INFO - Sync 1 DAGs
[2025-09-03T20:09:23.179+0200] {logging_mixin.py:137} INFO - [2025-09-03T20:09:23.179+0200] {dag.py:3452} INFO - Setting next_dagrun for example_dynamic_task_mapping to 2022-03-04T00:00:00+00:00, run_after=2022-03-05T00:00:00+00:00
[2025-09-03T20:09:23.220+0200] {processor.py:175} INFO - Processing /home/varun/miniconda3/envs/python38/lib/python3.8/site-packages/airflow/example_dags/example_dynamic_task_mapping.py took 0.143 seconds
[2025-09-03T20:10:11.664+0200] {processor.py:153} INFO - Started process (PID=4558) to work on /home/varun/miniconda3/envs/python38/lib/python3.8/site-packages/airflow/example_dags/example_dynamic_task_mapping.py
[2025-09-03T20:10:11.665+0200] {processor.py:743} INFO - Processing file /home/varun/miniconda3/envs/python38/lib/python3.8/site-packages/airflow/example_dags/example_dynamic_task_mapping.py for tasks to queue
[2025-09-03T20:10:11.666+0200] {logging_mixin.py:137} INFO - [2025-09-03T20:10:11.666+0200] {dagbag.py:532} INFO - Filling up the DagBag from /home/varun/miniconda3/envs/python38/lib/python3.8/site-packages/airflow/example_dags/example_dynamic_task_mapping.py
[2025-09-03T20:10:11.696+0200] {processor.py:753} INFO - DAG(s) dict_keys(['example_dynamic_task_mapping']) retrieved from /home/varun/miniconda3/envs/python38/lib/python3.8/site-packages/airflow/example_dags/example_dynamic_task_mapping.py
[2025-09-03T20:10:11.716+0200] {logging_mixin.py:137} INFO - [2025-09-03T20:10:11.716+0200] {dag.py:2705} INFO - Sync 1 DAGs
[2025-09-03T20:10:11.736+0200] {logging_mixin.py:137} INFO - [2025-09-03T20:10:11.735+0200] {dag.py:3452} INFO - Setting next_dagrun for example_dynamic_task_mapping to 2022-03-04T00:00:00+00:00, run_after=2022-03-05T00:00:00+00:00
[2025-09-03T20:10:11.771+0200] {processor.py:175} INFO - Processing /home/varun/miniconda3/envs/python38/lib/python3.8/site-packages/airflow/example_dags/example_dynamic_task_mapping.py took 0.112 seconds
[2025-09-03T20:10:55.807+0200] {processor.py:153} INFO - Started process (PID=4600) to work on /home/varun/miniconda3/envs/python38/lib/python3.8/site-packages/airflow/example_dags/example_dynamic_task_mapping.py
[2025-09-03T20:10:55.809+0200] {processor.py:743} INFO - Processing file /home/varun/miniconda3/envs/python38/lib/python3.8/site-packages/airflow/example_dags/example_dynamic_task_mapping.py for tasks to queue
[2025-09-03T20:10:55.809+0200] {logging_mixin.py:137} INFO - [2025-09-03T20:10:55.809+0200] {dagbag.py:532} INFO - Filling up the DagBag from /home/varun/miniconda3/envs/python38/lib/python3.8/site-packages/airflow/example_dags/example_dynamic_task_mapping.py
[2025-09-03T20:10:55.834+0200] {processor.py:753} INFO - DAG(s) dict_keys(['example_dynamic_task_mapping']) retrieved from /home/varun/miniconda3/envs/python38/lib/python3.8/site-packages/airflow/example_dags/example_dynamic_task_mapping.py
[2025-09-03T20:10:55.858+0200] {logging_mixin.py:137} INFO - [2025-09-03T20:10:55.858+0200] {dag.py:2705} INFO - Sync 1 DAGs
[2025-09-03T20:10:55.883+0200] {logging_mixin.py:137} INFO - [2025-09-03T20:10:55.883+0200] {dag.py:3452} INFO - Setting next_dagrun for example_dynamic_task_mapping to 2022-03-04T00:00:00+00:00, run_after=2022-03-05T00:00:00+00:00
[2025-09-03T20:10:55.907+0200] {processor.py:175} INFO - Processing /home/varun/miniconda3/envs/python38/lib/python3.8/site-packages/airflow/example_dags/example_dynamic_task_mapping.py took 0.103 seconds
[2025-09-03T20:11:44.865+0200] {processor.py:153} INFO - Started process (PID=4642) to work on /home/varun/miniconda3/envs/python38/lib/python3.8/site-packages/airflow/example_dags/example_dynamic_task_mapping.py
[2025-09-03T20:11:44.866+0200] {processor.py:743} INFO - Processing file /home/varun/miniconda3/envs/python38/lib/python3.8/site-packages/airflow/example_dags/example_dynamic_task_mapping.py for tasks to queue
[2025-09-03T20:11:44.867+0200] {logging_mixin.py:137} INFO - [2025-09-03T20:11:44.867+0200] {dagbag.py:532} INFO - Filling up the DagBag from /home/varun/miniconda3/envs/python38/lib/python3.8/site-packages/airflow/example_dags/example_dynamic_task_mapping.py
[2025-09-03T20:11:44.885+0200] {processor.py:753} INFO - DAG(s) dict_keys(['example_dynamic_task_mapping']) retrieved from /home/varun/miniconda3/envs/python38/lib/python3.8/site-packages/airflow/example_dags/example_dynamic_task_mapping.py
[2025-09-03T20:11:44.900+0200] {logging_mixin.py:137} INFO - [2025-09-03T20:11:44.900+0200] {dag.py:2705} INFO - Sync 1 DAGs
[2025-09-03T20:11:44.916+0200] {logging_mixin.py:137} INFO - [2025-09-03T20:11:44.916+0200] {dag.py:3452} INFO - Setting next_dagrun for example_dynamic_task_mapping to 2022-03-04T00:00:00+00:00, run_after=2022-03-05T00:00:00+00:00
[2025-09-03T20:11:44.935+0200] {processor.py:175} INFO - Processing /home/varun/miniconda3/envs/python38/lib/python3.8/site-packages/airflow/example_dags/example_dynamic_task_mapping.py took 0.074 seconds
[2025-09-03T20:12:30.400+0200] {processor.py:153} INFO - Started process (PID=4684) to work on /home/varun/miniconda3/envs/python38/lib/python3.8/site-packages/airflow/example_dags/example_dynamic_task_mapping.py
[2025-09-03T20:12:30.401+0200] {processor.py:743} INFO - Processing file /home/varun/miniconda3/envs/python38/lib/python3.8/site-packages/airflow/example_dags/example_dynamic_task_mapping.py for tasks to queue
[2025-09-03T20:12:30.402+0200] {logging_mixin.py:137} INFO - [2025-09-03T20:12:30.402+0200] {dagbag.py:532} INFO - Filling up the DagBag from /home/varun/miniconda3/envs/python38/lib/python3.8/site-packages/airflow/example_dags/example_dynamic_task_mapping.py
[2025-09-03T20:12:30.420+0200] {processor.py:753} INFO - DAG(s) dict_keys(['example_dynamic_task_mapping']) retrieved from /home/varun/miniconda3/envs/python38/lib/python3.8/site-packages/airflow/example_dags/example_dynamic_task_mapping.py
[2025-09-03T20:12:30.440+0200] {logging_mixin.py:137} INFO - [2025-09-03T20:12:30.440+0200] {dag.py:2705} INFO - Sync 1 DAGs
[2025-09-03T20:12:30.458+0200] {logging_mixin.py:137} INFO - [2025-09-03T20:12:30.458+0200] {dag.py:3452} INFO - Setting next_dagrun for example_dynamic_task_mapping to 2022-03-04T00:00:00+00:00, run_after=2022-03-05T00:00:00+00:00
[2025-09-03T20:12:30.479+0200] {processor.py:175} INFO - Processing /home/varun/miniconda3/envs/python38/lib/python3.8/site-packages/airflow/example_dags/example_dynamic_task_mapping.py took 0.083 seconds
[2025-09-03T20:13:16.806+0200] {processor.py:153} INFO - Started process (PID=4727) to work on /home/varun/miniconda3/envs/python38/lib/python3.8/site-packages/airflow/example_dags/example_dynamic_task_mapping.py
[2025-09-03T20:13:16.808+0200] {processor.py:743} INFO - Processing file /home/varun/miniconda3/envs/python38/lib/python3.8/site-packages/airflow/example_dags/example_dynamic_task_mapping.py for tasks to queue
[2025-09-03T20:13:16.808+0200] {logging_mixin.py:137} INFO - [2025-09-03T20:13:16.808+0200] {dagbag.py:532} INFO - Filling up the DagBag from /home/varun/miniconda3/envs/python38/lib/python3.8/site-packages/airflow/example_dags/example_dynamic_task_mapping.py
[2025-09-03T20:13:16.830+0200] {processor.py:753} INFO - DAG(s) dict_keys(['example_dynamic_task_mapping']) retrieved from /home/varun/miniconda3/envs/python38/lib/python3.8/site-packages/airflow/example_dags/example_dynamic_task_mapping.py
[2025-09-03T20:13:16.853+0200] {logging_mixin.py:137} INFO - [2025-09-03T20:13:16.853+0200] {dag.py:2705} INFO - Sync 1 DAGs
[2025-09-03T20:13:16.873+0200] {logging_mixin.py:137} INFO - [2025-09-03T20:13:16.873+0200] {dag.py:3452} INFO - Setting next_dagrun for example_dynamic_task_mapping to 2022-03-04T00:00:00+00:00, run_after=2022-03-05T00:00:00+00:00
[2025-09-03T20:13:16.900+0200] {processor.py:175} INFO - Processing /home/varun/miniconda3/envs/python38/lib/python3.8/site-packages/airflow/example_dags/example_dynamic_task_mapping.py took 0.097 seconds
[2025-09-03T20:14:02.178+0200] {processor.py:153} INFO - Started process (PID=4769) to work on /home/varun/miniconda3/envs/python38/lib/python3.8/site-packages/airflow/example_dags/example_dynamic_task_mapping.py
[2025-09-03T20:14:02.180+0200] {processor.py:743} INFO - Processing file /home/varun/miniconda3/envs/python38/lib/python3.8/site-packages/airflow/example_dags/example_dynamic_task_mapping.py for tasks to queue
[2025-09-03T20:14:02.180+0200] {logging_mixin.py:137} INFO - [2025-09-03T20:14:02.180+0200] {dagbag.py:532} INFO - Filling up the DagBag from /home/varun/miniconda3/envs/python38/lib/python3.8/site-packages/airflow/example_dags/example_dynamic_task_mapping.py
[2025-09-03T20:14:02.201+0200] {processor.py:753} INFO - DAG(s) dict_keys(['example_dynamic_task_mapping']) retrieved from /home/varun/miniconda3/envs/python38/lib/python3.8/site-packages/airflow/example_dags/example_dynamic_task_mapping.py
[2025-09-03T20:14:02.221+0200] {logging_mixin.py:137} INFO - [2025-09-03T20:14:02.220+0200] {dag.py:2705} INFO - Sync 1 DAGs
[2025-09-03T20:14:02.240+0200] {logging_mixin.py:137} INFO - [2025-09-03T20:14:02.240+0200] {dag.py:3452} INFO - Setting next_dagrun for example_dynamic_task_mapping to 2022-03-04T00:00:00+00:00, run_after=2022-03-05T00:00:00+00:00
[2025-09-03T20:14:02.264+0200] {processor.py:175} INFO - Processing /home/varun/miniconda3/envs/python38/lib/python3.8/site-packages/airflow/example_dags/example_dynamic_task_mapping.py took 0.089 seconds
[2025-09-03T20:14:46.752+0200] {processor.py:153} INFO - Started process (PID=4811) to work on /home/varun/miniconda3/envs/python38/lib/python3.8/site-packages/airflow/example_dags/example_dynamic_task_mapping.py
[2025-09-03T20:14:46.754+0200] {processor.py:743} INFO - Processing file /home/varun/miniconda3/envs/python38/lib/python3.8/site-packages/airflow/example_dags/example_dynamic_task_mapping.py for tasks to queue
[2025-09-03T20:14:46.755+0200] {logging_mixin.py:137} INFO - [2025-09-03T20:14:46.754+0200] {dagbag.py:532} INFO - Filling up the DagBag from /home/varun/miniconda3/envs/python38/lib/python3.8/site-packages/airflow/example_dags/example_dynamic_task_mapping.py
[2025-09-03T20:14:46.783+0200] {processor.py:753} INFO - DAG(s) dict_keys(['example_dynamic_task_mapping']) retrieved from /home/varun/miniconda3/envs/python38/lib/python3.8/site-packages/airflow/example_dags/example_dynamic_task_mapping.py
[2025-09-03T20:14:46.803+0200] {logging_mixin.py:137} INFO - [2025-09-03T20:14:46.803+0200] {dag.py:2705} INFO - Sync 1 DAGs
[2025-09-03T20:14:46.823+0200] {logging_mixin.py:137} INFO - [2025-09-03T20:14:46.823+0200] {dag.py:3452} INFO - Setting next_dagrun for example_dynamic_task_mapping to 2022-03-04T00:00:00+00:00, run_after=2022-03-05T00:00:00+00:00
[2025-09-03T20:14:46.847+0200] {processor.py:175} INFO - Processing /home/varun/miniconda3/envs/python38/lib/python3.8/site-packages/airflow/example_dags/example_dynamic_task_mapping.py took 0.098 seconds
[2025-09-03T20:15:32.795+0200] {processor.py:153} INFO - Started process (PID=4853) to work on /home/varun/miniconda3/envs/python38/lib/python3.8/site-packages/airflow/example_dags/example_dynamic_task_mapping.py
[2025-09-03T20:15:32.796+0200] {processor.py:743} INFO - Processing file /home/varun/miniconda3/envs/python38/lib/python3.8/site-packages/airflow/example_dags/example_dynamic_task_mapping.py for tasks to queue
[2025-09-03T20:15:32.797+0200] {logging_mixin.py:137} INFO - [2025-09-03T20:15:32.797+0200] {dagbag.py:532} INFO - Filling up the DagBag from /home/varun/miniconda3/envs/python38/lib/python3.8/site-packages/airflow/example_dags/example_dynamic_task_mapping.py
[2025-09-03T20:15:32.817+0200] {processor.py:753} INFO - DAG(s) dict_keys(['example_dynamic_task_mapping']) retrieved from /home/varun/miniconda3/envs/python38/lib/python3.8/site-packages/airflow/example_dags/example_dynamic_task_mapping.py
[2025-09-03T20:15:32.832+0200] {logging_mixin.py:137} INFO - [2025-09-03T20:15:32.832+0200] {dag.py:2705} INFO - Sync 1 DAGs
[2025-09-03T20:15:32.847+0200] {logging_mixin.py:137} INFO - [2025-09-03T20:15:32.847+0200] {dag.py:3452} INFO - Setting next_dagrun for example_dynamic_task_mapping to 2022-03-04T00:00:00+00:00, run_after=2022-03-05T00:00:00+00:00
[2025-09-03T20:15:32.867+0200] {processor.py:175} INFO - Processing /home/varun/miniconda3/envs/python38/lib/python3.8/site-packages/airflow/example_dags/example_dynamic_task_mapping.py took 0.076 seconds
[2025-09-03T20:16:18.726+0200] {processor.py:153} INFO - Started process (PID=4895) to work on /home/varun/miniconda3/envs/python38/lib/python3.8/site-packages/airflow/example_dags/example_dynamic_task_mapping.py
[2025-09-03T20:16:18.728+0200] {processor.py:743} INFO - Processing file /home/varun/miniconda3/envs/python38/lib/python3.8/site-packages/airflow/example_dags/example_dynamic_task_mapping.py for tasks to queue
[2025-09-03T20:16:18.729+0200] {logging_mixin.py:137} INFO - [2025-09-03T20:16:18.729+0200] {dagbag.py:532} INFO - Filling up the DagBag from /home/varun/miniconda3/envs/python38/lib/python3.8/site-packages/airflow/example_dags/example_dynamic_task_mapping.py
[2025-09-03T20:16:18.748+0200] {processor.py:753} INFO - DAG(s) dict_keys(['example_dynamic_task_mapping']) retrieved from /home/varun/miniconda3/envs/python38/lib/python3.8/site-packages/airflow/example_dags/example_dynamic_task_mapping.py
[2025-09-03T20:16:18.768+0200] {logging_mixin.py:137} INFO - [2025-09-03T20:16:18.768+0200] {dag.py:2705} INFO - Sync 1 DAGs
[2025-09-03T20:16:18.785+0200] {logging_mixin.py:137} INFO - [2025-09-03T20:16:18.785+0200] {dag.py:3452} INFO - Setting next_dagrun for example_dynamic_task_mapping to 2022-03-04T00:00:00+00:00, run_after=2022-03-05T00:00:00+00:00
[2025-09-03T20:16:18.806+0200] {processor.py:175} INFO - Processing /home/varun/miniconda3/envs/python38/lib/python3.8/site-packages/airflow/example_dags/example_dynamic_task_mapping.py took 0.083 seconds
[2025-09-03T20:17:01.546+0200] {processor.py:153} INFO - Started process (PID=4937) to work on /home/varun/miniconda3/envs/python38/lib/python3.8/site-packages/airflow/example_dags/example_dynamic_task_mapping.py
[2025-09-03T20:17:01.548+0200] {processor.py:743} INFO - Processing file /home/varun/miniconda3/envs/python38/lib/python3.8/site-packages/airflow/example_dags/example_dynamic_task_mapping.py for tasks to queue
[2025-09-03T20:17:01.549+0200] {logging_mixin.py:137} INFO - [2025-09-03T20:17:01.549+0200] {dagbag.py:532} INFO - Filling up the DagBag from /home/varun/miniconda3/envs/python38/lib/python3.8/site-packages/airflow/example_dags/example_dynamic_task_mapping.py
[2025-09-03T20:17:01.576+0200] {processor.py:753} INFO - DAG(s) dict_keys(['example_dynamic_task_mapping']) retrieved from /home/varun/miniconda3/envs/python38/lib/python3.8/site-packages/airflow/example_dags/example_dynamic_task_mapping.py
[2025-09-03T20:17:01.598+0200] {logging_mixin.py:137} INFO - [2025-09-03T20:17:01.597+0200] {dag.py:2705} INFO - Sync 1 DAGs
[2025-09-03T20:17:01.622+0200] {logging_mixin.py:137} INFO - [2025-09-03T20:17:01.622+0200] {dag.py:3452} INFO - Setting next_dagrun for example_dynamic_task_mapping to 2022-03-04T00:00:00+00:00, run_after=2022-03-05T00:00:00+00:00
[2025-09-03T20:17:01.658+0200] {processor.py:175} INFO - Processing /home/varun/miniconda3/envs/python38/lib/python3.8/site-packages/airflow/example_dags/example_dynamic_task_mapping.py took 0.118 seconds
[2025-09-03T20:17:51.109+0200] {processor.py:153} INFO - Started process (PID=4982) to work on /home/varun/miniconda3/envs/python38/lib/python3.8/site-packages/airflow/example_dags/example_dynamic_task_mapping.py
[2025-09-03T20:17:51.111+0200] {processor.py:743} INFO - Processing file /home/varun/miniconda3/envs/python38/lib/python3.8/site-packages/airflow/example_dags/example_dynamic_task_mapping.py for tasks to queue
[2025-09-03T20:17:51.112+0200] {logging_mixin.py:137} INFO - [2025-09-03T20:17:51.112+0200] {dagbag.py:532} INFO - Filling up the DagBag from /home/varun/miniconda3/envs/python38/lib/python3.8/site-packages/airflow/example_dags/example_dynamic_task_mapping.py
[2025-09-03T20:17:51.135+0200] {processor.py:753} INFO - DAG(s) dict_keys(['example_dynamic_task_mapping']) retrieved from /home/varun/miniconda3/envs/python38/lib/python3.8/site-packages/airflow/example_dags/example_dynamic_task_mapping.py
[2025-09-03T20:17:51.158+0200] {logging_mixin.py:137} INFO - [2025-09-03T20:17:51.158+0200] {dag.py:2705} INFO - Sync 1 DAGs
[2025-09-03T20:17:51.180+0200] {logging_mixin.py:137} INFO - [2025-09-03T20:17:51.179+0200] {dag.py:3452} INFO - Setting next_dagrun for example_dynamic_task_mapping to 2022-03-04T00:00:00+00:00, run_after=2022-03-05T00:00:00+00:00
[2025-09-03T20:17:51.202+0200] {processor.py:175} INFO - Processing /home/varun/miniconda3/envs/python38/lib/python3.8/site-packages/airflow/example_dags/example_dynamic_task_mapping.py took 0.096 seconds
[2025-09-03T20:18:36.038+0200] {processor.py:153} INFO - Started process (PID=5025) to work on /home/varun/miniconda3/envs/python38/lib/python3.8/site-packages/airflow/example_dags/example_dynamic_task_mapping.py
[2025-09-03T20:18:36.040+0200] {processor.py:743} INFO - Processing file /home/varun/miniconda3/envs/python38/lib/python3.8/site-packages/airflow/example_dags/example_dynamic_task_mapping.py for tasks to queue
[2025-09-03T20:18:36.040+0200] {logging_mixin.py:137} INFO - [2025-09-03T20:18:36.040+0200] {dagbag.py:532} INFO - Filling up the DagBag from /home/varun/miniconda3/envs/python38/lib/python3.8/site-packages/airflow/example_dags/example_dynamic_task_mapping.py
[2025-09-03T20:18:36.059+0200] {processor.py:753} INFO - DAG(s) dict_keys(['example_dynamic_task_mapping']) retrieved from /home/varun/miniconda3/envs/python38/lib/python3.8/site-packages/airflow/example_dags/example_dynamic_task_mapping.py
[2025-09-03T20:18:36.074+0200] {logging_mixin.py:137} INFO - [2025-09-03T20:18:36.074+0200] {dag.py:2705} INFO - Sync 1 DAGs
[2025-09-03T20:18:36.088+0200] {logging_mixin.py:137} INFO - [2025-09-03T20:18:36.088+0200] {dag.py:3452} INFO - Setting next_dagrun for example_dynamic_task_mapping to 2022-03-04T00:00:00+00:00, run_after=2022-03-05T00:00:00+00:00
[2025-09-03T20:18:36.210+0200] {processor.py:175} INFO - Processing /home/varun/miniconda3/envs/python38/lib/python3.8/site-packages/airflow/example_dags/example_dynamic_task_mapping.py took 0.176 seconds
[2025-09-03T20:19:24.277+0200] {processor.py:153} INFO - Started process (PID=5067) to work on /home/varun/miniconda3/envs/python38/lib/python3.8/site-packages/airflow/example_dags/example_dynamic_task_mapping.py
[2025-09-03T20:19:24.278+0200] {processor.py:743} INFO - Processing file /home/varun/miniconda3/envs/python38/lib/python3.8/site-packages/airflow/example_dags/example_dynamic_task_mapping.py for tasks to queue
[2025-09-03T20:19:24.279+0200] {logging_mixin.py:137} INFO - [2025-09-03T20:19:24.279+0200] {dagbag.py:532} INFO - Filling up the DagBag from /home/varun/miniconda3/envs/python38/lib/python3.8/site-packages/airflow/example_dags/example_dynamic_task_mapping.py
[2025-09-03T20:19:24.299+0200] {processor.py:753} INFO - DAG(s) dict_keys(['example_dynamic_task_mapping']) retrieved from /home/varun/miniconda3/envs/python38/lib/python3.8/site-packages/airflow/example_dags/example_dynamic_task_mapping.py
[2025-09-03T20:19:24.317+0200] {logging_mixin.py:137} INFO - [2025-09-03T20:19:24.317+0200] {dag.py:2705} INFO - Sync 1 DAGs
[2025-09-03T20:19:24.440+0200] {logging_mixin.py:137} INFO - [2025-09-03T20:19:24.440+0200] {dag.py:3452} INFO - Setting next_dagrun for example_dynamic_task_mapping to 2022-03-04T00:00:00+00:00, run_after=2022-03-05T00:00:00+00:00
[2025-09-03T20:19:24.466+0200] {processor.py:175} INFO - Processing /home/varun/miniconda3/envs/python38/lib/python3.8/site-packages/airflow/example_dags/example_dynamic_task_mapping.py took 0.193 seconds
[2025-09-03T20:20:16.372+0200] {processor.py:153} INFO - Started process (PID=5109) to work on /home/varun/miniconda3/envs/python38/lib/python3.8/site-packages/airflow/example_dags/example_dynamic_task_mapping.py
[2025-09-03T20:20:16.374+0200] {processor.py:743} INFO - Processing file /home/varun/miniconda3/envs/python38/lib/python3.8/site-packages/airflow/example_dags/example_dynamic_task_mapping.py for tasks to queue
[2025-09-03T20:20:16.375+0200] {logging_mixin.py:137} INFO - [2025-09-03T20:20:16.375+0200] {dagbag.py:532} INFO - Filling up the DagBag from /home/varun/miniconda3/envs/python38/lib/python3.8/site-packages/airflow/example_dags/example_dynamic_task_mapping.py
[2025-09-03T20:20:16.393+0200] {processor.py:753} INFO - DAG(s) dict_keys(['example_dynamic_task_mapping']) retrieved from /home/varun/miniconda3/envs/python38/lib/python3.8/site-packages/airflow/example_dags/example_dynamic_task_mapping.py
[2025-09-03T20:20:16.409+0200] {logging_mixin.py:137} INFO - [2025-09-03T20:20:16.409+0200] {dag.py:2705} INFO - Sync 1 DAGs
[2025-09-03T20:20:16.533+0200] {logging_mixin.py:137} INFO - [2025-09-03T20:20:16.533+0200] {dag.py:3452} INFO - Setting next_dagrun for example_dynamic_task_mapping to 2022-03-04T00:00:00+00:00, run_after=2022-03-05T00:00:00+00:00
[2025-09-03T20:20:16.556+0200] {processor.py:175} INFO - Processing /home/varun/miniconda3/envs/python38/lib/python3.8/site-packages/airflow/example_dags/example_dynamic_task_mapping.py took 0.187 seconds
[2025-09-03T20:21:07.192+0200] {processor.py:153} INFO - Started process (PID=5151) to work on /home/varun/miniconda3/envs/python38/lib/python3.8/site-packages/airflow/example_dags/example_dynamic_task_mapping.py
[2025-09-03T20:21:07.193+0200] {processor.py:743} INFO - Processing file /home/varun/miniconda3/envs/python38/lib/python3.8/site-packages/airflow/example_dags/example_dynamic_task_mapping.py for tasks to queue
[2025-09-03T20:21:07.193+0200] {logging_mixin.py:137} INFO - [2025-09-03T20:21:07.193+0200] {dagbag.py:532} INFO - Filling up the DagBag from /home/varun/miniconda3/envs/python38/lib/python3.8/site-packages/airflow/example_dags/example_dynamic_task_mapping.py
[2025-09-03T20:21:07.212+0200] {processor.py:753} INFO - DAG(s) dict_keys(['example_dynamic_task_mapping']) retrieved from /home/varun/miniconda3/envs/python38/lib/python3.8/site-packages/airflow/example_dags/example_dynamic_task_mapping.py
[2025-09-03T20:21:07.316+0200] {logging_mixin.py:137} INFO - [2025-09-03T20:21:07.316+0200] {dag.py:2705} INFO - Sync 1 DAGs
[2025-09-03T20:21:07.329+0200] {logging_mixin.py:137} INFO - [2025-09-03T20:21:07.329+0200] {dag.py:3452} INFO - Setting next_dagrun for example_dynamic_task_mapping to 2022-03-04T00:00:00+00:00, run_after=2022-03-05T00:00:00+00:00
[2025-09-03T20:21:07.353+0200] {processor.py:175} INFO - Processing /home/varun/miniconda3/envs/python38/lib/python3.8/site-packages/airflow/example_dags/example_dynamic_task_mapping.py took 0.165 seconds
[2025-09-03T20:22:00.076+0200] {processor.py:153} INFO - Started process (PID=5193) to work on /home/varun/miniconda3/envs/python38/lib/python3.8/site-packages/airflow/example_dags/example_dynamic_task_mapping.py
[2025-09-03T20:22:00.078+0200] {processor.py:743} INFO - Processing file /home/varun/miniconda3/envs/python38/lib/python3.8/site-packages/airflow/example_dags/example_dynamic_task_mapping.py for tasks to queue
[2025-09-03T20:22:00.079+0200] {logging_mixin.py:137} INFO - [2025-09-03T20:22:00.079+0200] {dagbag.py:532} INFO - Filling up the DagBag from /home/varun/miniconda3/envs/python38/lib/python3.8/site-packages/airflow/example_dags/example_dynamic_task_mapping.py
[2025-09-03T20:22:00.220+0200] {processor.py:753} INFO - DAG(s) dict_keys(['example_dynamic_task_mapping']) retrieved from /home/varun/miniconda3/envs/python38/lib/python3.8/site-packages/airflow/example_dags/example_dynamic_task_mapping.py
[2025-09-03T20:22:00.235+0200] {logging_mixin.py:137} INFO - [2025-09-03T20:22:00.235+0200] {dag.py:2705} INFO - Sync 1 DAGs
[2025-09-03T20:22:00.249+0200] {logging_mixin.py:137} INFO - [2025-09-03T20:22:00.249+0200] {dag.py:3452} INFO - Setting next_dagrun for example_dynamic_task_mapping to 2022-03-04T00:00:00+00:00, run_after=2022-03-05T00:00:00+00:00
[2025-09-03T20:22:00.272+0200] {processor.py:175} INFO - Processing /home/varun/miniconda3/envs/python38/lib/python3.8/site-packages/airflow/example_dags/example_dynamic_task_mapping.py took 0.199 seconds
[2025-09-03T20:22:49.787+0200] {processor.py:153} INFO - Started process (PID=5235) to work on /home/varun/miniconda3/envs/python38/lib/python3.8/site-packages/airflow/example_dags/example_dynamic_task_mapping.py
[2025-09-03T20:22:49.789+0200] {processor.py:743} INFO - Processing file /home/varun/miniconda3/envs/python38/lib/python3.8/site-packages/airflow/example_dags/example_dynamic_task_mapping.py for tasks to queue
[2025-09-03T20:22:49.789+0200] {logging_mixin.py:137} INFO - [2025-09-03T20:22:49.789+0200] {dagbag.py:532} INFO - Filling up the DagBag from /home/varun/miniconda3/envs/python38/lib/python3.8/site-packages/airflow/example_dags/example_dynamic_task_mapping.py
[2025-09-03T20:22:49.892+0200] {processor.py:753} INFO - DAG(s) dict_keys(['example_dynamic_task_mapping']) retrieved from /home/varun/miniconda3/envs/python38/lib/python3.8/site-packages/airflow/example_dags/example_dynamic_task_mapping.py
[2025-09-03T20:22:49.904+0200] {logging_mixin.py:137} INFO - [2025-09-03T20:22:49.904+0200] {dag.py:2705} INFO - Sync 1 DAGs
[2025-09-03T20:22:49.917+0200] {logging_mixin.py:137} INFO - [2025-09-03T20:22:49.917+0200] {dag.py:3452} INFO - Setting next_dagrun for example_dynamic_task_mapping to 2022-03-04T00:00:00+00:00, run_after=2022-03-05T00:00:00+00:00
[2025-09-03T20:22:49.934+0200] {processor.py:175} INFO - Processing /home/varun/miniconda3/envs/python38/lib/python3.8/site-packages/airflow/example_dags/example_dynamic_task_mapping.py took 0.150 seconds
[2025-09-03T20:23:41.131+0200] {processor.py:153} INFO - Started process (PID=5277) to work on /home/varun/miniconda3/envs/python38/lib/python3.8/site-packages/airflow/example_dags/example_dynamic_task_mapping.py
[2025-09-03T20:23:41.133+0200] {processor.py:743} INFO - Processing file /home/varun/miniconda3/envs/python38/lib/python3.8/site-packages/airflow/example_dags/example_dynamic_task_mapping.py for tasks to queue
[2025-09-03T20:23:41.133+0200] {logging_mixin.py:137} INFO - [2025-09-03T20:23:41.133+0200] {dagbag.py:532} INFO - Filling up the DagBag from /home/varun/miniconda3/envs/python38/lib/python3.8/site-packages/airflow/example_dags/example_dynamic_task_mapping.py
[2025-09-03T20:23:41.154+0200] {processor.py:753} INFO - DAG(s) dict_keys(['example_dynamic_task_mapping']) retrieved from /home/varun/miniconda3/envs/python38/lib/python3.8/site-packages/airflow/example_dags/example_dynamic_task_mapping.py
[2025-09-03T20:23:41.171+0200] {logging_mixin.py:137} INFO - [2025-09-03T20:23:41.170+0200] {dag.py:2705} INFO - Sync 1 DAGs
[2025-09-03T20:23:41.186+0200] {logging_mixin.py:137} INFO - [2025-09-03T20:23:41.186+0200] {dag.py:3452} INFO - Setting next_dagrun for example_dynamic_task_mapping to 2022-03-04T00:00:00+00:00, run_after=2022-03-05T00:00:00+00:00
[2025-09-03T20:23:41.206+0200] {processor.py:175} INFO - Processing /home/varun/miniconda3/envs/python38/lib/python3.8/site-packages/airflow/example_dags/example_dynamic_task_mapping.py took 0.079 seconds
[2025-09-03T20:24:26.564+0200] {processor.py:153} INFO - Started process (PID=5320) to work on /home/varun/miniconda3/envs/python38/lib/python3.8/site-packages/airflow/example_dags/example_dynamic_task_mapping.py
[2025-09-03T20:24:26.565+0200] {processor.py:743} INFO - Processing file /home/varun/miniconda3/envs/python38/lib/python3.8/site-packages/airflow/example_dags/example_dynamic_task_mapping.py for tasks to queue
[2025-09-03T20:24:26.566+0200] {logging_mixin.py:137} INFO - [2025-09-03T20:24:26.566+0200] {dagbag.py:532} INFO - Filling up the DagBag from /home/varun/miniconda3/envs/python38/lib/python3.8/site-packages/airflow/example_dags/example_dynamic_task_mapping.py
[2025-09-03T20:24:26.586+0200] {processor.py:753} INFO - DAG(s) dict_keys(['example_dynamic_task_mapping']) retrieved from /home/varun/miniconda3/envs/python38/lib/python3.8/site-packages/airflow/example_dags/example_dynamic_task_mapping.py
[2025-09-03T20:24:26.604+0200] {logging_mixin.py:137} INFO - [2025-09-03T20:24:26.604+0200] {dag.py:2705} INFO - Sync 1 DAGs
[2025-09-03T20:24:26.620+0200] {logging_mixin.py:137} INFO - [2025-09-03T20:24:26.620+0200] {dag.py:3452} INFO - Setting next_dagrun for example_dynamic_task_mapping to 2022-03-04T00:00:00+00:00, run_after=2022-03-05T00:00:00+00:00
[2025-09-03T20:24:26.640+0200] {processor.py:175} INFO - Processing /home/varun/miniconda3/envs/python38/lib/python3.8/site-packages/airflow/example_dags/example_dynamic_task_mapping.py took 0.080 seconds
[2025-09-03T20:25:11.045+0200] {processor.py:153} INFO - Started process (PID=5362) to work on /home/varun/miniconda3/envs/python38/lib/python3.8/site-packages/airflow/example_dags/example_dynamic_task_mapping.py
[2025-09-03T20:25:11.047+0200] {processor.py:743} INFO - Processing file /home/varun/miniconda3/envs/python38/lib/python3.8/site-packages/airflow/example_dags/example_dynamic_task_mapping.py for tasks to queue
[2025-09-03T20:25:11.047+0200] {logging_mixin.py:137} INFO - [2025-09-03T20:25:11.047+0200] {dagbag.py:532} INFO - Filling up the DagBag from /home/varun/miniconda3/envs/python38/lib/python3.8/site-packages/airflow/example_dags/example_dynamic_task_mapping.py
[2025-09-03T20:25:11.067+0200] {processor.py:753} INFO - DAG(s) dict_keys(['example_dynamic_task_mapping']) retrieved from /home/varun/miniconda3/envs/python38/lib/python3.8/site-packages/airflow/example_dags/example_dynamic_task_mapping.py
[2025-09-03T20:25:11.087+0200] {logging_mixin.py:137} INFO - [2025-09-03T20:25:11.086+0200] {dag.py:2705} INFO - Sync 1 DAGs
[2025-09-03T20:25:11.105+0200] {logging_mixin.py:137} INFO - [2025-09-03T20:25:11.104+0200] {dag.py:3452} INFO - Setting next_dagrun for example_dynamic_task_mapping to 2022-03-04T00:00:00+00:00, run_after=2022-03-05T00:00:00+00:00
[2025-09-03T20:25:11.129+0200] {processor.py:175} INFO - Processing /home/varun/miniconda3/envs/python38/lib/python3.8/site-packages/airflow/example_dags/example_dynamic_task_mapping.py took 0.087 seconds
[2025-09-03T20:25:53.665+0200] {processor.py:153} INFO - Started process (PID=5404) to work on /home/varun/miniconda3/envs/python38/lib/python3.8/site-packages/airflow/example_dags/example_dynamic_task_mapping.py
[2025-09-03T20:25:53.667+0200] {processor.py:743} INFO - Processing file /home/varun/miniconda3/envs/python38/lib/python3.8/site-packages/airflow/example_dags/example_dynamic_task_mapping.py for tasks to queue
[2025-09-03T20:25:53.667+0200] {logging_mixin.py:137} INFO - [2025-09-03T20:25:53.667+0200] {dagbag.py:532} INFO - Filling up the DagBag from /home/varun/miniconda3/envs/python38/lib/python3.8/site-packages/airflow/example_dags/example_dynamic_task_mapping.py
[2025-09-03T20:25:53.687+0200] {processor.py:753} INFO - DAG(s) dict_keys(['example_dynamic_task_mapping']) retrieved from /home/varun/miniconda3/envs/python38/lib/python3.8/site-packages/airflow/example_dags/example_dynamic_task_mapping.py
[2025-09-03T20:25:53.707+0200] {logging_mixin.py:137} INFO - [2025-09-03T20:25:53.707+0200] {dag.py:2705} INFO - Sync 1 DAGs
[2025-09-03T20:25:53.726+0200] {logging_mixin.py:137} INFO - [2025-09-03T20:25:53.726+0200] {dag.py:3452} INFO - Setting next_dagrun for example_dynamic_task_mapping to 2022-03-04T00:00:00+00:00, run_after=2022-03-05T00:00:00+00:00
[2025-09-03T20:25:53.753+0200] {processor.py:175} INFO - Processing /home/varun/miniconda3/envs/python38/lib/python3.8/site-packages/airflow/example_dags/example_dynamic_task_mapping.py took 0.091 seconds
[2025-09-03T20:26:44.454+0200] {processor.py:153} INFO - Started process (PID=5446) to work on /home/varun/miniconda3/envs/python38/lib/python3.8/site-packages/airflow/example_dags/example_dynamic_task_mapping.py
[2025-09-03T20:26:44.456+0200] {processor.py:743} INFO - Processing file /home/varun/miniconda3/envs/python38/lib/python3.8/site-packages/airflow/example_dags/example_dynamic_task_mapping.py for tasks to queue
[2025-09-03T20:26:44.457+0200] {logging_mixin.py:137} INFO - [2025-09-03T20:26:44.457+0200] {dagbag.py:532} INFO - Filling up the DagBag from /home/varun/miniconda3/envs/python38/lib/python3.8/site-packages/airflow/example_dags/example_dynamic_task_mapping.py
[2025-09-03T20:26:44.476+0200] {processor.py:753} INFO - DAG(s) dict_keys(['example_dynamic_task_mapping']) retrieved from /home/varun/miniconda3/envs/python38/lib/python3.8/site-packages/airflow/example_dags/example_dynamic_task_mapping.py
[2025-09-03T20:26:44.493+0200] {logging_mixin.py:137} INFO - [2025-09-03T20:26:44.493+0200] {dag.py:2705} INFO - Sync 1 DAGs
[2025-09-03T20:26:44.511+0200] {logging_mixin.py:137} INFO - [2025-09-03T20:26:44.511+0200] {dag.py:3452} INFO - Setting next_dagrun for example_dynamic_task_mapping to 2022-03-04T00:00:00+00:00, run_after=2022-03-05T00:00:00+00:00
[2025-09-03T20:26:44.531+0200] {processor.py:175} INFO - Processing /home/varun/miniconda3/envs/python38/lib/python3.8/site-packages/airflow/example_dags/example_dynamic_task_mapping.py took 0.080 seconds
[2025-09-03T20:27:29.706+0200] {processor.py:153} INFO - Started process (PID=5488) to work on /home/varun/miniconda3/envs/python38/lib/python3.8/site-packages/airflow/example_dags/example_dynamic_task_mapping.py
[2025-09-03T20:27:29.708+0200] {processor.py:743} INFO - Processing file /home/varun/miniconda3/envs/python38/lib/python3.8/site-packages/airflow/example_dags/example_dynamic_task_mapping.py for tasks to queue
[2025-09-03T20:27:29.708+0200] {logging_mixin.py:137} INFO - [2025-09-03T20:27:29.708+0200] {dagbag.py:532} INFO - Filling up the DagBag from /home/varun/miniconda3/envs/python38/lib/python3.8/site-packages/airflow/example_dags/example_dynamic_task_mapping.py
[2025-09-03T20:27:29.730+0200] {processor.py:753} INFO - DAG(s) dict_keys(['example_dynamic_task_mapping']) retrieved from /home/varun/miniconda3/envs/python38/lib/python3.8/site-packages/airflow/example_dags/example_dynamic_task_mapping.py
[2025-09-03T20:27:29.747+0200] {logging_mixin.py:137} INFO - [2025-09-03T20:27:29.747+0200] {dag.py:2705} INFO - Sync 1 DAGs
[2025-09-03T20:27:29.762+0200] {logging_mixin.py:137} INFO - [2025-09-03T20:27:29.762+0200] {dag.py:3452} INFO - Setting next_dagrun for example_dynamic_task_mapping to 2022-03-04T00:00:00+00:00, run_after=2022-03-05T00:00:00+00:00
[2025-09-03T20:27:29.782+0200] {processor.py:175} INFO - Processing /home/varun/miniconda3/envs/python38/lib/python3.8/site-packages/airflow/example_dags/example_dynamic_task_mapping.py took 0.079 seconds
[2025-09-03T20:28:15.526+0200] {processor.py:153} INFO - Started process (PID=5530) to work on /home/varun/miniconda3/envs/python38/lib/python3.8/site-packages/airflow/example_dags/example_dynamic_task_mapping.py
[2025-09-03T20:28:15.527+0200] {processor.py:743} INFO - Processing file /home/varun/miniconda3/envs/python38/lib/python3.8/site-packages/airflow/example_dags/example_dynamic_task_mapping.py for tasks to queue
[2025-09-03T20:28:15.528+0200] {logging_mixin.py:137} INFO - [2025-09-03T20:28:15.528+0200] {dagbag.py:532} INFO - Filling up the DagBag from /home/varun/miniconda3/envs/python38/lib/python3.8/site-packages/airflow/example_dags/example_dynamic_task_mapping.py
[2025-09-03T20:28:15.549+0200] {processor.py:753} INFO - DAG(s) dict_keys(['example_dynamic_task_mapping']) retrieved from /home/varun/miniconda3/envs/python38/lib/python3.8/site-packages/airflow/example_dags/example_dynamic_task_mapping.py
[2025-09-03T20:28:15.569+0200] {logging_mixin.py:137} INFO - [2025-09-03T20:28:15.569+0200] {dag.py:2705} INFO - Sync 1 DAGs
[2025-09-03T20:28:15.586+0200] {logging_mixin.py:137} INFO - [2025-09-03T20:28:15.586+0200] {dag.py:3452} INFO - Setting next_dagrun for example_dynamic_task_mapping to 2022-03-04T00:00:00+00:00, run_after=2022-03-05T00:00:00+00:00
[2025-09-03T20:28:15.607+0200] {processor.py:175} INFO - Processing /home/varun/miniconda3/envs/python38/lib/python3.8/site-packages/airflow/example_dags/example_dynamic_task_mapping.py took 0.084 seconds
[2025-09-03T20:29:05.801+0200] {processor.py:153} INFO - Started process (PID=5572) to work on /home/varun/miniconda3/envs/python38/lib/python3.8/site-packages/airflow/example_dags/example_dynamic_task_mapping.py
[2025-09-03T20:29:05.803+0200] {processor.py:743} INFO - Processing file /home/varun/miniconda3/envs/python38/lib/python3.8/site-packages/airflow/example_dags/example_dynamic_task_mapping.py for tasks to queue
[2025-09-03T20:29:05.804+0200] {logging_mixin.py:137} INFO - [2025-09-03T20:29:05.804+0200] {dagbag.py:532} INFO - Filling up the DagBag from /home/varun/miniconda3/envs/python38/lib/python3.8/site-packages/airflow/example_dags/example_dynamic_task_mapping.py
[2025-09-03T20:29:05.823+0200] {processor.py:753} INFO - DAG(s) dict_keys(['example_dynamic_task_mapping']) retrieved from /home/varun/miniconda3/envs/python38/lib/python3.8/site-packages/airflow/example_dags/example_dynamic_task_mapping.py
[2025-09-03T20:29:05.843+0200] {logging_mixin.py:137} INFO - [2025-09-03T20:29:05.843+0200] {dag.py:2705} INFO - Sync 1 DAGs
[2025-09-03T20:29:05.861+0200] {logging_mixin.py:137} INFO - [2025-09-03T20:29:05.861+0200] {dag.py:3452} INFO - Setting next_dagrun for example_dynamic_task_mapping to 2022-03-04T00:00:00+00:00, run_after=2022-03-05T00:00:00+00:00
[2025-09-03T20:29:05.888+0200] {processor.py:175} INFO - Processing /home/varun/miniconda3/envs/python38/lib/python3.8/site-packages/airflow/example_dags/example_dynamic_task_mapping.py took 0.090 seconds
[2025-09-03T20:29:52.153+0200] {processor.py:153} INFO - Started process (PID=5615) to work on /home/varun/miniconda3/envs/python38/lib/python3.8/site-packages/airflow/example_dags/example_dynamic_task_mapping.py
[2025-09-03T20:29:52.154+0200] {processor.py:743} INFO - Processing file /home/varun/miniconda3/envs/python38/lib/python3.8/site-packages/airflow/example_dags/example_dynamic_task_mapping.py for tasks to queue
[2025-09-03T20:29:52.155+0200] {logging_mixin.py:137} INFO - [2025-09-03T20:29:52.154+0200] {dagbag.py:532} INFO - Filling up the DagBag from /home/varun/miniconda3/envs/python38/lib/python3.8/site-packages/airflow/example_dags/example_dynamic_task_mapping.py
[2025-09-03T20:29:52.175+0200] {processor.py:753} INFO - DAG(s) dict_keys(['example_dynamic_task_mapping']) retrieved from /home/varun/miniconda3/envs/python38/lib/python3.8/site-packages/airflow/example_dags/example_dynamic_task_mapping.py
[2025-09-03T20:29:52.197+0200] {logging_mixin.py:137} INFO - [2025-09-03T20:29:52.197+0200] {dag.py:2705} INFO - Sync 1 DAGs
[2025-09-03T20:29:52.217+0200] {logging_mixin.py:137} INFO - [2025-09-03T20:29:52.217+0200] {dag.py:3452} INFO - Setting next_dagrun for example_dynamic_task_mapping to 2022-03-04T00:00:00+00:00, run_after=2022-03-05T00:00:00+00:00
[2025-09-03T20:29:52.240+0200] {processor.py:175} INFO - Processing /home/varun/miniconda3/envs/python38/lib/python3.8/site-packages/airflow/example_dags/example_dynamic_task_mapping.py took 0.091 seconds
[2025-09-03T20:30:36.276+0200] {processor.py:153} INFO - Started process (PID=5657) to work on /home/varun/miniconda3/envs/python38/lib/python3.8/site-packages/airflow/example_dags/example_dynamic_task_mapping.py
[2025-09-03T20:30:36.278+0200] {processor.py:743} INFO - Processing file /home/varun/miniconda3/envs/python38/lib/python3.8/site-packages/airflow/example_dags/example_dynamic_task_mapping.py for tasks to queue
[2025-09-03T20:30:36.279+0200] {logging_mixin.py:137} INFO - [2025-09-03T20:30:36.279+0200] {dagbag.py:532} INFO - Filling up the DagBag from /home/varun/miniconda3/envs/python38/lib/python3.8/site-packages/airflow/example_dags/example_dynamic_task_mapping.py
[2025-09-03T20:30:36.300+0200] {processor.py:753} INFO - DAG(s) dict_keys(['example_dynamic_task_mapping']) retrieved from /home/varun/miniconda3/envs/python38/lib/python3.8/site-packages/airflow/example_dags/example_dynamic_task_mapping.py
[2025-09-03T20:30:36.317+0200] {logging_mixin.py:137} INFO - [2025-09-03T20:30:36.317+0200] {dag.py:2705} INFO - Sync 1 DAGs
[2025-09-03T20:30:36.333+0200] {logging_mixin.py:137} INFO - [2025-09-03T20:30:36.333+0200] {dag.py:3452} INFO - Setting next_dagrun for example_dynamic_task_mapping to 2022-03-04T00:00:00+00:00, run_after=2022-03-05T00:00:00+00:00
[2025-09-03T20:30:36.360+0200] {processor.py:175} INFO - Processing /home/varun/miniconda3/envs/python38/lib/python3.8/site-packages/airflow/example_dags/example_dynamic_task_mapping.py took 0.087 seconds
[2025-09-03T20:31:19.708+0200] {processor.py:153} INFO - Started process (PID=5699) to work on /home/varun/miniconda3/envs/python38/lib/python3.8/site-packages/airflow/example_dags/example_dynamic_task_mapping.py
[2025-09-03T20:31:19.709+0200] {processor.py:743} INFO - Processing file /home/varun/miniconda3/envs/python38/lib/python3.8/site-packages/airflow/example_dags/example_dynamic_task_mapping.py for tasks to queue
[2025-09-03T20:31:19.711+0200] {logging_mixin.py:137} INFO - [2025-09-03T20:31:19.710+0200] {dagbag.py:532} INFO - Filling up the DagBag from /home/varun/miniconda3/envs/python38/lib/python3.8/site-packages/airflow/example_dags/example_dynamic_task_mapping.py
[2025-09-03T20:31:19.731+0200] {processor.py:753} INFO - DAG(s) dict_keys(['example_dynamic_task_mapping']) retrieved from /home/varun/miniconda3/envs/python38/lib/python3.8/site-packages/airflow/example_dags/example_dynamic_task_mapping.py
[2025-09-03T20:31:19.751+0200] {logging_mixin.py:137} INFO - [2025-09-03T20:31:19.751+0200] {dag.py:2705} INFO - Sync 1 DAGs
[2025-09-03T20:31:19.769+0200] {logging_mixin.py:137} INFO - [2025-09-03T20:31:19.769+0200] {dag.py:3452} INFO - Setting next_dagrun for example_dynamic_task_mapping to 2022-03-04T00:00:00+00:00, run_after=2022-03-05T00:00:00+00:00
[2025-09-03T20:31:19.794+0200] {processor.py:175} INFO - Processing /home/varun/miniconda3/envs/python38/lib/python3.8/site-packages/airflow/example_dags/example_dynamic_task_mapping.py took 0.090 seconds
[2025-09-03T20:32:08.468+0200] {processor.py:153} INFO - Started process (PID=5741) to work on /home/varun/miniconda3/envs/python38/lib/python3.8/site-packages/airflow/example_dags/example_dynamic_task_mapping.py
[2025-09-03T20:32:08.470+0200] {processor.py:743} INFO - Processing file /home/varun/miniconda3/envs/python38/lib/python3.8/site-packages/airflow/example_dags/example_dynamic_task_mapping.py for tasks to queue
[2025-09-03T20:32:08.471+0200] {logging_mixin.py:137} INFO - [2025-09-03T20:32:08.471+0200] {dagbag.py:532} INFO - Filling up the DagBag from /home/varun/miniconda3/envs/python38/lib/python3.8/site-packages/airflow/example_dags/example_dynamic_task_mapping.py
[2025-09-03T20:32:08.490+0200] {processor.py:753} INFO - DAG(s) dict_keys(['example_dynamic_task_mapping']) retrieved from /home/varun/miniconda3/envs/python38/lib/python3.8/site-packages/airflow/example_dags/example_dynamic_task_mapping.py
[2025-09-03T20:32:08.507+0200] {logging_mixin.py:137} INFO - [2025-09-03T20:32:08.506+0200] {dag.py:2705} INFO - Sync 1 DAGs
[2025-09-03T20:32:08.525+0200] {logging_mixin.py:137} INFO - [2025-09-03T20:32:08.525+0200] {dag.py:3452} INFO - Setting next_dagrun for example_dynamic_task_mapping to 2022-03-04T00:00:00+00:00, run_after=2022-03-05T00:00:00+00:00
[2025-09-03T20:32:08.549+0200] {processor.py:175} INFO - Processing /home/varun/miniconda3/envs/python38/lib/python3.8/site-packages/airflow/example_dags/example_dynamic_task_mapping.py took 0.083 seconds
[2025-09-03T20:32:54.170+0200] {processor.py:153} INFO - Started process (PID=5783) to work on /home/varun/miniconda3/envs/python38/lib/python3.8/site-packages/airflow/example_dags/example_dynamic_task_mapping.py
[2025-09-03T20:32:54.171+0200] {processor.py:743} INFO - Processing file /home/varun/miniconda3/envs/python38/lib/python3.8/site-packages/airflow/example_dags/example_dynamic_task_mapping.py for tasks to queue
[2025-09-03T20:32:54.172+0200] {logging_mixin.py:137} INFO - [2025-09-03T20:32:54.172+0200] {dagbag.py:532} INFO - Filling up the DagBag from /home/varun/miniconda3/envs/python38/lib/python3.8/site-packages/airflow/example_dags/example_dynamic_task_mapping.py
[2025-09-03T20:32:54.190+0200] {processor.py:753} INFO - DAG(s) dict_keys(['example_dynamic_task_mapping']) retrieved from /home/varun/miniconda3/envs/python38/lib/python3.8/site-packages/airflow/example_dags/example_dynamic_task_mapping.py
[2025-09-03T20:32:54.206+0200] {logging_mixin.py:137} INFO - [2025-09-03T20:32:54.206+0200] {dag.py:2705} INFO - Sync 1 DAGs
[2025-09-03T20:32:54.221+0200] {logging_mixin.py:137} INFO - [2025-09-03T20:32:54.220+0200] {dag.py:3452} INFO - Setting next_dagrun for example_dynamic_task_mapping to 2022-03-04T00:00:00+00:00, run_after=2022-03-05T00:00:00+00:00
[2025-09-03T20:32:54.241+0200] {processor.py:175} INFO - Processing /home/varun/miniconda3/envs/python38/lib/python3.8/site-packages/airflow/example_dags/example_dynamic_task_mapping.py took 0.074 seconds
[2025-09-03T20:33:40.105+0200] {processor.py:153} INFO - Started process (PID=5825) to work on /home/varun/miniconda3/envs/python38/lib/python3.8/site-packages/airflow/example_dags/example_dynamic_task_mapping.py
[2025-09-03T20:33:40.107+0200] {processor.py:743} INFO - Processing file /home/varun/miniconda3/envs/python38/lib/python3.8/site-packages/airflow/example_dags/example_dynamic_task_mapping.py for tasks to queue
[2025-09-03T20:33:40.107+0200] {logging_mixin.py:137} INFO - [2025-09-03T20:33:40.107+0200] {dagbag.py:532} INFO - Filling up the DagBag from /home/varun/miniconda3/envs/python38/lib/python3.8/site-packages/airflow/example_dags/example_dynamic_task_mapping.py
[2025-09-03T20:33:40.126+0200] {processor.py:753} INFO - DAG(s) dict_keys(['example_dynamic_task_mapping']) retrieved from /home/varun/miniconda3/envs/python38/lib/python3.8/site-packages/airflow/example_dags/example_dynamic_task_mapping.py
[2025-09-03T20:33:40.142+0200] {logging_mixin.py:137} INFO - [2025-09-03T20:33:40.141+0200] {dag.py:2705} INFO - Sync 1 DAGs
[2025-09-03T20:33:40.156+0200] {logging_mixin.py:137} INFO - [2025-09-03T20:33:40.156+0200] {dag.py:3452} INFO - Setting next_dagrun for example_dynamic_task_mapping to 2022-03-04T00:00:00+00:00, run_after=2022-03-05T00:00:00+00:00
[2025-09-03T20:33:40.177+0200] {processor.py:175} INFO - Processing /home/varun/miniconda3/envs/python38/lib/python3.8/site-packages/airflow/example_dags/example_dynamic_task_mapping.py took 0.075 seconds
[2025-09-03T20:34:28.688+0200] {processor.py:153} INFO - Started process (PID=5867) to work on /home/varun/miniconda3/envs/python38/lib/python3.8/site-packages/airflow/example_dags/example_dynamic_task_mapping.py
[2025-09-03T20:34:28.689+0200] {processor.py:743} INFO - Processing file /home/varun/miniconda3/envs/python38/lib/python3.8/site-packages/airflow/example_dags/example_dynamic_task_mapping.py for tasks to queue
[2025-09-03T20:34:28.690+0200] {logging_mixin.py:137} INFO - [2025-09-03T20:34:28.690+0200] {dagbag.py:532} INFO - Filling up the DagBag from /home/varun/miniconda3/envs/python38/lib/python3.8/site-packages/airflow/example_dags/example_dynamic_task_mapping.py
[2025-09-03T20:34:28.711+0200] {processor.py:753} INFO - DAG(s) dict_keys(['example_dynamic_task_mapping']) retrieved from /home/varun/miniconda3/envs/python38/lib/python3.8/site-packages/airflow/example_dags/example_dynamic_task_mapping.py
[2025-09-03T20:34:28.733+0200] {logging_mixin.py:137} INFO - [2025-09-03T20:34:28.732+0200] {dag.py:2705} INFO - Sync 1 DAGs
[2025-09-03T20:34:28.754+0200] {logging_mixin.py:137} INFO - [2025-09-03T20:34:28.753+0200] {dag.py:3452} INFO - Setting next_dagrun for example_dynamic_task_mapping to 2022-03-04T00:00:00+00:00, run_after=2022-03-05T00:00:00+00:00
[2025-09-03T20:34:28.782+0200] {processor.py:175} INFO - Processing /home/varun/miniconda3/envs/python38/lib/python3.8/site-packages/airflow/example_dags/example_dynamic_task_mapping.py took 0.098 seconds
[2025-09-03T20:35:13.084+0200] {processor.py:153} INFO - Started process (PID=5910) to work on /home/varun/miniconda3/envs/python38/lib/python3.8/site-packages/airflow/example_dags/example_dynamic_task_mapping.py
[2025-09-03T20:35:13.085+0200] {processor.py:743} INFO - Processing file /home/varun/miniconda3/envs/python38/lib/python3.8/site-packages/airflow/example_dags/example_dynamic_task_mapping.py for tasks to queue
[2025-09-03T20:35:13.086+0200] {logging_mixin.py:137} INFO - [2025-09-03T20:35:13.086+0200] {dagbag.py:532} INFO - Filling up the DagBag from /home/varun/miniconda3/envs/python38/lib/python3.8/site-packages/airflow/example_dags/example_dynamic_task_mapping.py
[2025-09-03T20:35:13.107+0200] {processor.py:753} INFO - DAG(s) dict_keys(['example_dynamic_task_mapping']) retrieved from /home/varun/miniconda3/envs/python38/lib/python3.8/site-packages/airflow/example_dags/example_dynamic_task_mapping.py
[2025-09-03T20:35:13.125+0200] {logging_mixin.py:137} INFO - [2025-09-03T20:35:13.125+0200] {dag.py:2705} INFO - Sync 1 DAGs
[2025-09-03T20:35:13.146+0200] {logging_mixin.py:137} INFO - [2025-09-03T20:35:13.146+0200] {dag.py:3452} INFO - Setting next_dagrun for example_dynamic_task_mapping to 2022-03-04T00:00:00+00:00, run_after=2022-03-05T00:00:00+00:00
[2025-09-03T20:35:13.169+0200] {processor.py:175} INFO - Processing /home/varun/miniconda3/envs/python38/lib/python3.8/site-packages/airflow/example_dags/example_dynamic_task_mapping.py took 0.089 seconds
[2025-09-03T20:35:57.992+0200] {processor.py:153} INFO - Started process (PID=5952) to work on /home/varun/miniconda3/envs/python38/lib/python3.8/site-packages/airflow/example_dags/example_dynamic_task_mapping.py
[2025-09-03T20:35:57.994+0200] {processor.py:743} INFO - Processing file /home/varun/miniconda3/envs/python38/lib/python3.8/site-packages/airflow/example_dags/example_dynamic_task_mapping.py for tasks to queue
[2025-09-03T20:35:57.994+0200] {logging_mixin.py:137} INFO - [2025-09-03T20:35:57.994+0200] {dagbag.py:532} INFO - Filling up the DagBag from /home/varun/miniconda3/envs/python38/lib/python3.8/site-packages/airflow/example_dags/example_dynamic_task_mapping.py
[2025-09-03T20:35:58.013+0200] {processor.py:753} INFO - DAG(s) dict_keys(['example_dynamic_task_mapping']) retrieved from /home/varun/miniconda3/envs/python38/lib/python3.8/site-packages/airflow/example_dags/example_dynamic_task_mapping.py
[2025-09-03T20:35:58.032+0200] {logging_mixin.py:137} INFO - [2025-09-03T20:35:58.032+0200] {dag.py:2705} INFO - Sync 1 DAGs
[2025-09-03T20:35:58.050+0200] {logging_mixin.py:137} INFO - [2025-09-03T20:35:58.050+0200] {dag.py:3452} INFO - Setting next_dagrun for example_dynamic_task_mapping to 2022-03-04T00:00:00+00:00, run_after=2022-03-05T00:00:00+00:00
[2025-09-03T20:35:58.073+0200] {processor.py:175} INFO - Processing /home/varun/miniconda3/envs/python38/lib/python3.8/site-packages/airflow/example_dags/example_dynamic_task_mapping.py took 0.083 seconds
[2025-09-03T20:36:44.624+0200] {processor.py:153} INFO - Started process (PID=5998) to work on /home/varun/miniconda3/envs/python38/lib/python3.8/site-packages/airflow/example_dags/example_dynamic_task_mapping.py
[2025-09-03T20:36:44.626+0200] {processor.py:743} INFO - Processing file /home/varun/miniconda3/envs/python38/lib/python3.8/site-packages/airflow/example_dags/example_dynamic_task_mapping.py for tasks to queue
[2025-09-03T20:36:44.626+0200] {logging_mixin.py:137} INFO - [2025-09-03T20:36:44.626+0200] {dagbag.py:532} INFO - Filling up the DagBag from /home/varun/miniconda3/envs/python38/lib/python3.8/site-packages/airflow/example_dags/example_dynamic_task_mapping.py
[2025-09-03T20:36:44.647+0200] {processor.py:753} INFO - DAG(s) dict_keys(['example_dynamic_task_mapping']) retrieved from /home/varun/miniconda3/envs/python38/lib/python3.8/site-packages/airflow/example_dags/example_dynamic_task_mapping.py
[2025-09-03T20:36:44.665+0200] {logging_mixin.py:137} INFO - [2025-09-03T20:36:44.665+0200] {dag.py:2705} INFO - Sync 1 DAGs
[2025-09-03T20:36:44.685+0200] {logging_mixin.py:137} INFO - [2025-09-03T20:36:44.685+0200] {dag.py:3452} INFO - Setting next_dagrun for example_dynamic_task_mapping to 2022-03-04T00:00:00+00:00, run_after=2022-03-05T00:00:00+00:00
[2025-09-03T20:36:44.708+0200] {processor.py:175} INFO - Processing /home/varun/miniconda3/envs/python38/lib/python3.8/site-packages/airflow/example_dags/example_dynamic_task_mapping.py took 0.087 seconds
