[2025-09-03T19:42:45.601+0200] {processor.py:153} INFO - Started process (PID=3107) to work on /home/varun/miniconda3/envs/python38/lib/python3.8/site-packages/airflow/example_dags/example_short_circuit_decorator.py
[2025-09-03T19:42:45.603+0200] {processor.py:743} INFO - Processing file /home/varun/miniconda3/envs/python38/lib/python3.8/site-packages/airflow/example_dags/example_short_circuit_decorator.py for tasks to queue
[2025-09-03T19:42:45.603+0200] {logging_mixin.py:137} INFO - [2025-09-03T19:42:45.603+0200] {dagbag.py:532} INFO - Filling up the DagBag from /home/varun/miniconda3/envs/python38/lib/python3.8/site-packages/airflow/example_dags/example_short_circuit_decorator.py
[2025-09-03T19:42:45.627+0200] {processor.py:753} INFO - DAG(s) dict_keys(['example_short_circuit_decorator']) retrieved from /home/varun/miniconda3/envs/python38/lib/python3.8/site-packages/airflow/example_dags/example_short_circuit_decorator.py
[2025-09-03T19:42:45.723+0200] {logging_mixin.py:137} INFO - [2025-09-03T19:42:45.722+0200] {manager.py:504} INFO - Created Permission View: can edit on DAG:example_short_circuit_decorator
[2025-09-03T19:42:45.738+0200] {logging_mixin.py:137} INFO - [2025-09-03T19:42:45.738+0200] {manager.py:504} INFO - Created Permission View: can delete on DAG:example_short_circuit_decorator
[2025-09-03T19:42:45.751+0200] {logging_mixin.py:137} INFO - [2025-09-03T19:42:45.751+0200] {manager.py:504} INFO - Created Permission View: can read on DAG:example_short_circuit_decorator
[2025-09-03T19:42:45.752+0200] {logging_mixin.py:137} INFO - [2025-09-03T19:42:45.752+0200] {dag.py:2705} INFO - Sync 1 DAGs
[2025-09-03T19:42:45.763+0200] {logging_mixin.py:137} INFO - [2025-09-03T19:42:45.763+0200] {dag.py:2726} INFO - Creating ORM DAG for example_short_circuit_decorator
[2025-09-03T19:42:45.777+0200] {logging_mixin.py:137} INFO - [2025-09-03T19:42:45.777+0200] {dag.py:3452} INFO - Setting next_dagrun for example_short_circuit_decorator to 2025-09-02T17:42:45.777102+00:00, run_after=2025-09-03T17:42:45.777102+00:00
[2025-09-03T19:42:45.805+0200] {processor.py:175} INFO - Processing /home/varun/miniconda3/envs/python38/lib/python3.8/site-packages/airflow/example_dags/example_short_circuit_decorator.py took 0.207 seconds
[2025-09-03T19:43:33.468+0200] {processor.py:153} INFO - Started process (PID=3149) to work on /home/varun/miniconda3/envs/python38/lib/python3.8/site-packages/airflow/example_dags/example_short_circuit_decorator.py
[2025-09-03T19:43:33.471+0200] {processor.py:743} INFO - Processing file /home/varun/miniconda3/envs/python38/lib/python3.8/site-packages/airflow/example_dags/example_short_circuit_decorator.py for tasks to queue
[2025-09-03T19:43:33.474+0200] {logging_mixin.py:137} INFO - [2025-09-03T19:43:33.473+0200] {dagbag.py:532} INFO - Filling up the DagBag from /home/varun/miniconda3/envs/python38/lib/python3.8/site-packages/airflow/example_dags/example_short_circuit_decorator.py
[2025-09-03T19:43:33.507+0200] {processor.py:753} INFO - DAG(s) dict_keys(['example_short_circuit_decorator']) retrieved from /home/varun/miniconda3/envs/python38/lib/python3.8/site-packages/airflow/example_dags/example_short_circuit_decorator.py
[2025-09-03T19:43:33.531+0200] {logging_mixin.py:137} INFO - [2025-09-03T19:43:33.531+0200] {dag.py:2705} INFO - Sync 1 DAGs
[2025-09-03T19:43:33.562+0200] {logging_mixin.py:137} INFO - [2025-09-03T19:43:33.561+0200] {dag.py:3452} INFO - Setting next_dagrun for example_short_circuit_decorator to 2025-09-02T17:43:33.561189+00:00, run_after=2025-09-03T17:43:33.561189+00:00
[2025-09-03T19:43:33.598+0200] {processor.py:175} INFO - Processing /home/varun/miniconda3/envs/python38/lib/python3.8/site-packages/airflow/example_dags/example_short_circuit_decorator.py took 0.134 seconds
[2025-09-03T19:44:23.467+0200] {processor.py:153} INFO - Started process (PID=3191) to work on /home/varun/miniconda3/envs/python38/lib/python3.8/site-packages/airflow/example_dags/example_short_circuit_decorator.py
[2025-09-03T19:44:23.469+0200] {processor.py:743} INFO - Processing file /home/varun/miniconda3/envs/python38/lib/python3.8/site-packages/airflow/example_dags/example_short_circuit_decorator.py for tasks to queue
[2025-09-03T19:44:23.470+0200] {logging_mixin.py:137} INFO - [2025-09-03T19:44:23.469+0200] {dagbag.py:532} INFO - Filling up the DagBag from /home/varun/miniconda3/envs/python38/lib/python3.8/site-packages/airflow/example_dags/example_short_circuit_decorator.py
[2025-09-03T19:44:23.497+0200] {processor.py:753} INFO - DAG(s) dict_keys(['example_short_circuit_decorator']) retrieved from /home/varun/miniconda3/envs/python38/lib/python3.8/site-packages/airflow/example_dags/example_short_circuit_decorator.py
[2025-09-03T19:44:23.527+0200] {logging_mixin.py:137} INFO - [2025-09-03T19:44:23.527+0200] {dag.py:2705} INFO - Sync 1 DAGs
[2025-09-03T19:44:23.555+0200] {logging_mixin.py:137} INFO - [2025-09-03T19:44:23.555+0200] {dag.py:3452} INFO - Setting next_dagrun for example_short_circuit_decorator to 2025-09-02T17:44:23.554977+00:00, run_after=2025-09-03T17:44:23.554977+00:00
[2025-09-03T19:44:23.589+0200] {processor.py:175} INFO - Processing /home/varun/miniconda3/envs/python38/lib/python3.8/site-packages/airflow/example_dags/example_short_circuit_decorator.py took 0.128 seconds
[2025-09-03T19:45:11.405+0200] {processor.py:153} INFO - Started process (PID=3234) to work on /home/varun/miniconda3/envs/python38/lib/python3.8/site-packages/airflow/example_dags/example_short_circuit_decorator.py
[2025-09-03T19:45:11.408+0200] {processor.py:743} INFO - Processing file /home/varun/miniconda3/envs/python38/lib/python3.8/site-packages/airflow/example_dags/example_short_circuit_decorator.py for tasks to queue
[2025-09-03T19:45:11.409+0200] {logging_mixin.py:137} INFO - [2025-09-03T19:45:11.408+0200] {dagbag.py:532} INFO - Filling up the DagBag from /home/varun/miniconda3/envs/python38/lib/python3.8/site-packages/airflow/example_dags/example_short_circuit_decorator.py
[2025-09-03T19:45:11.455+0200] {processor.py:753} INFO - DAG(s) dict_keys(['example_short_circuit_decorator']) retrieved from /home/varun/miniconda3/envs/python38/lib/python3.8/site-packages/airflow/example_dags/example_short_circuit_decorator.py
[2025-09-03T19:45:11.491+0200] {logging_mixin.py:137} INFO - [2025-09-03T19:45:11.491+0200] {dag.py:2705} INFO - Sync 1 DAGs
[2025-09-03T19:45:11.522+0200] {logging_mixin.py:137} INFO - [2025-09-03T19:45:11.522+0200] {dag.py:3452} INFO - Setting next_dagrun for example_short_circuit_decorator to 2025-09-02T17:45:11.521679+00:00, run_after=2025-09-03T17:45:11.521679+00:00
[2025-09-03T19:45:11.569+0200] {processor.py:175} INFO - Processing /home/varun/miniconda3/envs/python38/lib/python3.8/site-packages/airflow/example_dags/example_short_circuit_decorator.py took 0.171 seconds
[2025-09-03T19:45:56.938+0200] {processor.py:153} INFO - Started process (PID=3304) to work on /home/varun/miniconda3/envs/python38/lib/python3.8/site-packages/airflow/example_dags/example_short_circuit_decorator.py
[2025-09-03T19:45:56.940+0200] {processor.py:743} INFO - Processing file /home/varun/miniconda3/envs/python38/lib/python3.8/site-packages/airflow/example_dags/example_short_circuit_decorator.py for tasks to queue
[2025-09-03T19:45:56.942+0200] {logging_mixin.py:137} INFO - [2025-09-03T19:45:56.942+0200] {dagbag.py:532} INFO - Filling up the DagBag from /home/varun/miniconda3/envs/python38/lib/python3.8/site-packages/airflow/example_dags/example_short_circuit_decorator.py
[2025-09-03T19:45:56.983+0200] {processor.py:753} INFO - DAG(s) dict_keys(['example_short_circuit_decorator']) retrieved from /home/varun/miniconda3/envs/python38/lib/python3.8/site-packages/airflow/example_dags/example_short_circuit_decorator.py
[2025-09-03T19:45:57.012+0200] {logging_mixin.py:137} INFO - [2025-09-03T19:45:57.012+0200] {dag.py:2705} INFO - Sync 1 DAGs
[2025-09-03T19:45:57.038+0200] {logging_mixin.py:137} INFO - [2025-09-03T19:45:57.038+0200] {dag.py:3452} INFO - Setting next_dagrun for example_short_circuit_decorator to 2025-09-02T17:45:57.037730+00:00, run_after=2025-09-03T17:45:57.037730+00:00
[2025-09-03T19:45:57.065+0200] {processor.py:175} INFO - Processing /home/varun/miniconda3/envs/python38/lib/python3.8/site-packages/airflow/example_dags/example_short_circuit_decorator.py took 0.133 seconds
[2025-09-03T19:46:46.031+0200] {processor.py:153} INFO - Started process (PID=3352) to work on /home/varun/miniconda3/envs/python38/lib/python3.8/site-packages/airflow/example_dags/example_short_circuit_decorator.py
[2025-09-03T19:46:46.034+0200] {processor.py:743} INFO - Processing file /home/varun/miniconda3/envs/python38/lib/python3.8/site-packages/airflow/example_dags/example_short_circuit_decorator.py for tasks to queue
[2025-09-03T19:46:46.036+0200] {logging_mixin.py:137} INFO - [2025-09-03T19:46:46.035+0200] {dagbag.py:532} INFO - Filling up the DagBag from /home/varun/miniconda3/envs/python38/lib/python3.8/site-packages/airflow/example_dags/example_short_circuit_decorator.py
[2025-09-03T19:46:46.079+0200] {processor.py:753} INFO - DAG(s) dict_keys(['example_short_circuit_decorator']) retrieved from /home/varun/miniconda3/envs/python38/lib/python3.8/site-packages/airflow/example_dags/example_short_circuit_decorator.py
[2025-09-03T19:46:46.108+0200] {logging_mixin.py:137} INFO - [2025-09-03T19:46:46.107+0200] {dag.py:2705} INFO - Sync 1 DAGs
[2025-09-03T19:46:46.131+0200] {logging_mixin.py:137} INFO - [2025-09-03T19:46:46.130+0200] {dag.py:3452} INFO - Setting next_dagrun for example_short_circuit_decorator to 2025-09-02T17:46:46.130641+00:00, run_after=2025-09-03T17:46:46.130641+00:00
[2025-09-03T19:46:46.167+0200] {processor.py:175} INFO - Processing /home/varun/miniconda3/envs/python38/lib/python3.8/site-packages/airflow/example_dags/example_short_circuit_decorator.py took 0.140 seconds
[2025-09-03T19:47:31.750+0200] {processor.py:153} INFO - Started process (PID=3402) to work on /home/varun/miniconda3/envs/python38/lib/python3.8/site-packages/airflow/example_dags/example_short_circuit_decorator.py
[2025-09-03T19:47:31.752+0200] {processor.py:743} INFO - Processing file /home/varun/miniconda3/envs/python38/lib/python3.8/site-packages/airflow/example_dags/example_short_circuit_decorator.py for tasks to queue
[2025-09-03T19:47:31.752+0200] {logging_mixin.py:137} INFO - [2025-09-03T19:47:31.752+0200] {dagbag.py:532} INFO - Filling up the DagBag from /home/varun/miniconda3/envs/python38/lib/python3.8/site-packages/airflow/example_dags/example_short_circuit_decorator.py
[2025-09-03T19:47:31.777+0200] {processor.py:753} INFO - DAG(s) dict_keys(['example_short_circuit_decorator']) retrieved from /home/varun/miniconda3/envs/python38/lib/python3.8/site-packages/airflow/example_dags/example_short_circuit_decorator.py
[2025-09-03T19:47:31.803+0200] {logging_mixin.py:137} INFO - [2025-09-03T19:47:31.803+0200] {dag.py:2705} INFO - Sync 1 DAGs
[2025-09-03T19:47:31.828+0200] {logging_mixin.py:137} INFO - [2025-09-03T19:47:31.827+0200] {dag.py:3452} INFO - Setting next_dagrun for example_short_circuit_decorator to 2025-09-02T17:47:31.827399+00:00, run_after=2025-09-03T17:47:31.827399+00:00
[2025-09-03T19:47:31.858+0200] {processor.py:175} INFO - Processing /home/varun/miniconda3/envs/python38/lib/python3.8/site-packages/airflow/example_dags/example_short_circuit_decorator.py took 0.112 seconds
[2025-09-03T19:48:16.786+0200] {processor.py:153} INFO - Started process (PID=3444) to work on /home/varun/miniconda3/envs/python38/lib/python3.8/site-packages/airflow/example_dags/example_short_circuit_decorator.py
[2025-09-03T19:48:16.788+0200] {processor.py:743} INFO - Processing file /home/varun/miniconda3/envs/python38/lib/python3.8/site-packages/airflow/example_dags/example_short_circuit_decorator.py for tasks to queue
[2025-09-03T19:48:16.789+0200] {logging_mixin.py:137} INFO - [2025-09-03T19:48:16.789+0200] {dagbag.py:532} INFO - Filling up the DagBag from /home/varun/miniconda3/envs/python38/lib/python3.8/site-packages/airflow/example_dags/example_short_circuit_decorator.py
[2025-09-03T19:48:16.811+0200] {processor.py:753} INFO - DAG(s) dict_keys(['example_short_circuit_decorator']) retrieved from /home/varun/miniconda3/envs/python38/lib/python3.8/site-packages/airflow/example_dags/example_short_circuit_decorator.py
[2025-09-03T19:48:16.829+0200] {logging_mixin.py:137} INFO - [2025-09-03T19:48:16.828+0200] {dag.py:2705} INFO - Sync 1 DAGs
[2025-09-03T19:48:16.845+0200] {logging_mixin.py:137} INFO - [2025-09-03T19:48:16.845+0200] {dag.py:3452} INFO - Setting next_dagrun for example_short_circuit_decorator to 2025-09-02T17:48:16.844978+00:00, run_after=2025-09-03T17:48:16.844978+00:00
[2025-09-03T19:48:16.866+0200] {processor.py:175} INFO - Processing /home/varun/miniconda3/envs/python38/lib/python3.8/site-packages/airflow/example_dags/example_short_circuit_decorator.py took 0.084 seconds
[2025-09-03T19:49:10.097+0200] {processor.py:153} INFO - Started process (PID=3486) to work on /home/varun/miniconda3/envs/python38/lib/python3.8/site-packages/airflow/example_dags/example_short_circuit_decorator.py
[2025-09-03T19:49:10.098+0200] {processor.py:743} INFO - Processing file /home/varun/miniconda3/envs/python38/lib/python3.8/site-packages/airflow/example_dags/example_short_circuit_decorator.py for tasks to queue
[2025-09-03T19:49:10.099+0200] {logging_mixin.py:137} INFO - [2025-09-03T19:49:10.099+0200] {dagbag.py:532} INFO - Filling up the DagBag from /home/varun/miniconda3/envs/python38/lib/python3.8/site-packages/airflow/example_dags/example_short_circuit_decorator.py
[2025-09-03T19:49:10.123+0200] {processor.py:753} INFO - DAG(s) dict_keys(['example_short_circuit_decorator']) retrieved from /home/varun/miniconda3/envs/python38/lib/python3.8/site-packages/airflow/example_dags/example_short_circuit_decorator.py
[2025-09-03T19:49:10.146+0200] {logging_mixin.py:137} INFO - [2025-09-03T19:49:10.146+0200] {dag.py:2705} INFO - Sync 1 DAGs
[2025-09-03T19:49:10.165+0200] {logging_mixin.py:137} INFO - [2025-09-03T19:49:10.165+0200] {dag.py:3452} INFO - Setting next_dagrun for example_short_circuit_decorator to 2025-09-02T17:49:10.165231+00:00, run_after=2025-09-03T17:49:10.165231+00:00
[2025-09-03T19:49:10.188+0200] {processor.py:175} INFO - Processing /home/varun/miniconda3/envs/python38/lib/python3.8/site-packages/airflow/example_dags/example_short_circuit_decorator.py took 0.094 seconds
[2025-09-03T19:49:56.533+0200] {processor.py:153} INFO - Started process (PID=3537) to work on /home/varun/miniconda3/envs/python38/lib/python3.8/site-packages/airflow/example_dags/example_short_circuit_decorator.py
[2025-09-03T19:49:56.535+0200] {processor.py:743} INFO - Processing file /home/varun/miniconda3/envs/python38/lib/python3.8/site-packages/airflow/example_dags/example_short_circuit_decorator.py for tasks to queue
[2025-09-03T19:49:56.537+0200] {logging_mixin.py:137} INFO - [2025-09-03T19:49:56.537+0200] {dagbag.py:532} INFO - Filling up the DagBag from /home/varun/miniconda3/envs/python38/lib/python3.8/site-packages/airflow/example_dags/example_short_circuit_decorator.py
[2025-09-03T19:49:56.580+0200] {processor.py:753} INFO - DAG(s) dict_keys(['example_short_circuit_decorator']) retrieved from /home/varun/miniconda3/envs/python38/lib/python3.8/site-packages/airflow/example_dags/example_short_circuit_decorator.py
[2025-09-03T19:49:56.614+0200] {logging_mixin.py:137} INFO - [2025-09-03T19:49:56.613+0200] {dag.py:2705} INFO - Sync 1 DAGs
[2025-09-03T19:49:56.643+0200] {logging_mixin.py:137} INFO - [2025-09-03T19:49:56.643+0200] {dag.py:3452} INFO - Setting next_dagrun for example_short_circuit_decorator to 2025-09-02T17:49:56.642873+00:00, run_after=2025-09-03T17:49:56.642873+00:00
[2025-09-03T19:49:56.683+0200] {processor.py:175} INFO - Processing /home/varun/miniconda3/envs/python38/lib/python3.8/site-packages/airflow/example_dags/example_short_circuit_decorator.py took 0.162 seconds
[2025-09-03T19:50:43.225+0200] {processor.py:153} INFO - Started process (PID=3580) to work on /home/varun/miniconda3/envs/python38/lib/python3.8/site-packages/airflow/example_dags/example_short_circuit_decorator.py
[2025-09-03T19:50:43.227+0200] {processor.py:743} INFO - Processing file /home/varun/miniconda3/envs/python38/lib/python3.8/site-packages/airflow/example_dags/example_short_circuit_decorator.py for tasks to queue
[2025-09-03T19:50:43.227+0200] {logging_mixin.py:137} INFO - [2025-09-03T19:50:43.227+0200] {dagbag.py:532} INFO - Filling up the DagBag from /home/varun/miniconda3/envs/python38/lib/python3.8/site-packages/airflow/example_dags/example_short_circuit_decorator.py
[2025-09-03T19:50:43.253+0200] {processor.py:753} INFO - DAG(s) dict_keys(['example_short_circuit_decorator']) retrieved from /home/varun/miniconda3/envs/python38/lib/python3.8/site-packages/airflow/example_dags/example_short_circuit_decorator.py
[2025-09-03T19:50:43.274+0200] {logging_mixin.py:137} INFO - [2025-09-03T19:50:43.274+0200] {dag.py:2705} INFO - Sync 1 DAGs
[2025-09-03T19:50:43.291+0200] {logging_mixin.py:137} INFO - [2025-09-03T19:50:43.291+0200] {dag.py:3452} INFO - Setting next_dagrun for example_short_circuit_decorator to 2025-09-02T17:50:43.291160+00:00, run_after=2025-09-03T17:50:43.291160+00:00
[2025-09-03T19:50:43.314+0200] {processor.py:175} INFO - Processing /home/varun/miniconda3/envs/python38/lib/python3.8/site-packages/airflow/example_dags/example_short_circuit_decorator.py took 0.093 seconds
[2025-09-03T19:51:33.263+0200] {processor.py:153} INFO - Started process (PID=3635) to work on /home/varun/miniconda3/envs/python38/lib/python3.8/site-packages/airflow/example_dags/example_short_circuit_decorator.py
[2025-09-03T19:51:33.265+0200] {processor.py:743} INFO - Processing file /home/varun/miniconda3/envs/python38/lib/python3.8/site-packages/airflow/example_dags/example_short_circuit_decorator.py for tasks to queue
[2025-09-03T19:51:33.266+0200] {logging_mixin.py:137} INFO - [2025-09-03T19:51:33.266+0200] {dagbag.py:532} INFO - Filling up the DagBag from /home/varun/miniconda3/envs/python38/lib/python3.8/site-packages/airflow/example_dags/example_short_circuit_decorator.py
[2025-09-03T19:51:33.297+0200] {processor.py:753} INFO - DAG(s) dict_keys(['example_short_circuit_decorator']) retrieved from /home/varun/miniconda3/envs/python38/lib/python3.8/site-packages/airflow/example_dags/example_short_circuit_decorator.py
[2025-09-03T19:51:33.322+0200] {logging_mixin.py:137} INFO - [2025-09-03T19:51:33.321+0200] {dag.py:2705} INFO - Sync 1 DAGs
[2025-09-03T19:51:33.347+0200] {logging_mixin.py:137} INFO - [2025-09-03T19:51:33.347+0200] {dag.py:3452} INFO - Setting next_dagrun for example_short_circuit_decorator to 2025-09-02T17:51:33.347125+00:00, run_after=2025-09-03T17:51:33.347125+00:00
[2025-09-03T19:51:33.378+0200] {processor.py:175} INFO - Processing /home/varun/miniconda3/envs/python38/lib/python3.8/site-packages/airflow/example_dags/example_short_circuit_decorator.py took 0.118 seconds
[2025-09-03T19:52:20.060+0200] {processor.py:153} INFO - Started process (PID=3684) to work on /home/varun/miniconda3/envs/python38/lib/python3.8/site-packages/airflow/example_dags/example_short_circuit_decorator.py
[2025-09-03T19:52:20.061+0200] {processor.py:743} INFO - Processing file /home/varun/miniconda3/envs/python38/lib/python3.8/site-packages/airflow/example_dags/example_short_circuit_decorator.py for tasks to queue
[2025-09-03T19:52:20.062+0200] {logging_mixin.py:137} INFO - [2025-09-03T19:52:20.062+0200] {dagbag.py:532} INFO - Filling up the DagBag from /home/varun/miniconda3/envs/python38/lib/python3.8/site-packages/airflow/example_dags/example_short_circuit_decorator.py
[2025-09-03T19:52:20.091+0200] {processor.py:753} INFO - DAG(s) dict_keys(['example_short_circuit_decorator']) retrieved from /home/varun/miniconda3/envs/python38/lib/python3.8/site-packages/airflow/example_dags/example_short_circuit_decorator.py
[2025-09-03T19:52:20.126+0200] {logging_mixin.py:137} INFO - [2025-09-03T19:52:20.126+0200] {dag.py:2705} INFO - Sync 1 DAGs
[2025-09-03T19:52:20.165+0200] {logging_mixin.py:137} INFO - [2025-09-03T19:52:20.164+0200] {dag.py:3452} INFO - Setting next_dagrun for example_short_circuit_decorator to 2025-09-02T17:52:20.164540+00:00, run_after=2025-09-03T17:52:20.164540+00:00
[2025-09-03T19:52:20.418+0200] {processor.py:175} INFO - Processing /home/varun/miniconda3/envs/python38/lib/python3.8/site-packages/airflow/example_dags/example_short_circuit_decorator.py took 0.362 seconds
[2025-09-03T19:53:15.059+0200] {processor.py:153} INFO - Started process (PID=3726) to work on /home/varun/miniconda3/envs/python38/lib/python3.8/site-packages/airflow/example_dags/example_short_circuit_decorator.py
[2025-09-03T19:53:15.061+0200] {processor.py:743} INFO - Processing file /home/varun/miniconda3/envs/python38/lib/python3.8/site-packages/airflow/example_dags/example_short_circuit_decorator.py for tasks to queue
[2025-09-03T19:53:15.062+0200] {logging_mixin.py:137} INFO - [2025-09-03T19:53:15.062+0200] {dagbag.py:532} INFO - Filling up the DagBag from /home/varun/miniconda3/envs/python38/lib/python3.8/site-packages/airflow/example_dags/example_short_circuit_decorator.py
[2025-09-03T19:53:15.094+0200] {processor.py:753} INFO - DAG(s) dict_keys(['example_short_circuit_decorator']) retrieved from /home/varun/miniconda3/envs/python38/lib/python3.8/site-packages/airflow/example_dags/example_short_circuit_decorator.py
[2025-09-03T19:53:15.116+0200] {logging_mixin.py:137} INFO - [2025-09-03T19:53:15.116+0200] {dag.py:2705} INFO - Sync 1 DAGs
[2025-09-03T19:53:15.267+0200] {logging_mixin.py:137} INFO - [2025-09-03T19:53:15.267+0200] {dag.py:3452} INFO - Setting next_dagrun for example_short_circuit_decorator to 2025-09-02T17:53:15.267151+00:00, run_after=2025-09-03T17:53:15.267151+00:00
[2025-09-03T19:53:15.294+0200] {processor.py:175} INFO - Processing /home/varun/miniconda3/envs/python38/lib/python3.8/site-packages/airflow/example_dags/example_short_circuit_decorator.py took 0.240 seconds
[2025-09-03T19:54:09.490+0200] {processor.py:153} INFO - Started process (PID=3777) to work on /home/varun/miniconda3/envs/python38/lib/python3.8/site-packages/airflow/example_dags/example_short_circuit_decorator.py
[2025-09-03T19:54:09.492+0200] {processor.py:743} INFO - Processing file /home/varun/miniconda3/envs/python38/lib/python3.8/site-packages/airflow/example_dags/example_short_circuit_decorator.py for tasks to queue
[2025-09-03T19:54:09.492+0200] {logging_mixin.py:137} INFO - [2025-09-03T19:54:09.492+0200] {dagbag.py:532} INFO - Filling up the DagBag from /home/varun/miniconda3/envs/python38/lib/python3.8/site-packages/airflow/example_dags/example_short_circuit_decorator.py
[2025-09-03T19:54:09.526+0200] {processor.py:753} INFO - DAG(s) dict_keys(['example_short_circuit_decorator']) retrieved from /home/varun/miniconda3/envs/python38/lib/python3.8/site-packages/airflow/example_dags/example_short_circuit_decorator.py
[2025-09-03T19:54:09.742+0200] {logging_mixin.py:137} INFO - [2025-09-03T19:54:09.741+0200] {dag.py:2705} INFO - Sync 1 DAGs
[2025-09-03T19:54:09.767+0200] {logging_mixin.py:137} INFO - [2025-09-03T19:54:09.767+0200] {dag.py:3452} INFO - Setting next_dagrun for example_short_circuit_decorator to 2025-09-02T17:54:09.766882+00:00, run_after=2025-09-03T17:54:09.766882+00:00
[2025-09-03T19:54:09.801+0200] {processor.py:175} INFO - Processing /home/varun/miniconda3/envs/python38/lib/python3.8/site-packages/airflow/example_dags/example_short_circuit_decorator.py took 0.315 seconds
[2025-09-03T19:55:08.303+0200] {processor.py:153} INFO - Started process (PID=3827) to work on /home/varun/miniconda3/envs/python38/lib/python3.8/site-packages/airflow/example_dags/example_short_circuit_decorator.py
[2025-09-03T19:55:08.304+0200] {processor.py:743} INFO - Processing file /home/varun/miniconda3/envs/python38/lib/python3.8/site-packages/airflow/example_dags/example_short_circuit_decorator.py for tasks to queue
[2025-09-03T19:55:08.305+0200] {logging_mixin.py:137} INFO - [2025-09-03T19:55:08.305+0200] {dagbag.py:532} INFO - Filling up the DagBag from /home/varun/miniconda3/envs/python38/lib/python3.8/site-packages/airflow/example_dags/example_short_circuit_decorator.py
[2025-09-03T19:55:08.347+0200] {processor.py:753} INFO - DAG(s) dict_keys(['example_short_circuit_decorator']) retrieved from /home/varun/miniconda3/envs/python38/lib/python3.8/site-packages/airflow/example_dags/example_short_circuit_decorator.py
[2025-09-03T19:55:08.607+0200] {logging_mixin.py:137} INFO - [2025-09-03T19:55:08.607+0200] {dag.py:2705} INFO - Sync 1 DAGs
[2025-09-03T19:55:08.631+0200] {logging_mixin.py:137} INFO - [2025-09-03T19:55:08.630+0200] {dag.py:3452} INFO - Setting next_dagrun for example_short_circuit_decorator to 2025-09-02T17:55:08.630397+00:00, run_after=2025-09-03T17:55:08.630397+00:00
[2025-09-03T19:55:08.660+0200] {processor.py:175} INFO - Processing /home/varun/miniconda3/envs/python38/lib/python3.8/site-packages/airflow/example_dags/example_short_circuit_decorator.py took 0.362 seconds
[2025-09-03T19:56:07.809+0200] {processor.py:153} INFO - Started process (PID=3885) to work on /home/varun/miniconda3/envs/python38/lib/python3.8/site-packages/airflow/example_dags/example_short_circuit_decorator.py
[2025-09-03T19:56:07.811+0200] {processor.py:743} INFO - Processing file /home/varun/miniconda3/envs/python38/lib/python3.8/site-packages/airflow/example_dags/example_short_circuit_decorator.py for tasks to queue
[2025-09-03T19:56:07.811+0200] {logging_mixin.py:137} INFO - [2025-09-03T19:56:07.811+0200] {dagbag.py:532} INFO - Filling up the DagBag from /home/varun/miniconda3/envs/python38/lib/python3.8/site-packages/airflow/example_dags/example_short_circuit_decorator.py
[2025-09-03T19:56:08.018+0200] {processor.py:753} INFO - DAG(s) dict_keys(['example_short_circuit_decorator']) retrieved from /home/varun/miniconda3/envs/python38/lib/python3.8/site-packages/airflow/example_dags/example_short_circuit_decorator.py
[2025-09-03T19:56:08.037+0200] {logging_mixin.py:137} INFO - [2025-09-03T19:56:08.037+0200] {dag.py:2705} INFO - Sync 1 DAGs
[2025-09-03T19:56:08.060+0200] {logging_mixin.py:137} INFO - [2025-09-03T19:56:08.059+0200] {dag.py:3452} INFO - Setting next_dagrun for example_short_circuit_decorator to 2025-09-02T17:56:08.059467+00:00, run_after=2025-09-03T17:56:08.059467+00:00
[2025-09-03T19:56:08.091+0200] {processor.py:175} INFO - Processing /home/varun/miniconda3/envs/python38/lib/python3.8/site-packages/airflow/example_dags/example_short_circuit_decorator.py took 0.285 seconds
[2025-09-03T19:57:04.710+0200] {processor.py:153} INFO - Started process (PID=3930) to work on /home/varun/miniconda3/envs/python38/lib/python3.8/site-packages/airflow/example_dags/example_short_circuit_decorator.py
[2025-09-03T19:57:04.712+0200] {processor.py:743} INFO - Processing file /home/varun/miniconda3/envs/python38/lib/python3.8/site-packages/airflow/example_dags/example_short_circuit_decorator.py for tasks to queue
[2025-09-03T19:57:04.714+0200] {logging_mixin.py:137} INFO - [2025-09-03T19:57:04.713+0200] {dagbag.py:532} INFO - Filling up the DagBag from /home/varun/miniconda3/envs/python38/lib/python3.8/site-packages/airflow/example_dags/example_short_circuit_decorator.py
[2025-09-03T19:57:04.854+0200] {processor.py:753} INFO - DAG(s) dict_keys(['example_short_circuit_decorator']) retrieved from /home/varun/miniconda3/envs/python38/lib/python3.8/site-packages/airflow/example_dags/example_short_circuit_decorator.py
[2025-09-03T19:57:04.871+0200] {logging_mixin.py:137} INFO - [2025-09-03T19:57:04.871+0200] {dag.py:2705} INFO - Sync 1 DAGs
[2025-09-03T19:57:04.893+0200] {logging_mixin.py:137} INFO - [2025-09-03T19:57:04.893+0200] {dag.py:3452} INFO - Setting next_dagrun for example_short_circuit_decorator to 2025-09-02T17:57:04.892912+00:00, run_after=2025-09-03T17:57:04.892912+00:00
[2025-09-03T19:57:04.930+0200] {processor.py:175} INFO - Processing /home/varun/miniconda3/envs/python38/lib/python3.8/site-packages/airflow/example_dags/example_short_circuit_decorator.py took 0.222 seconds
[2025-09-03T19:57:53.609+0200] {processor.py:153} INFO - Started process (PID=3974) to work on /home/varun/miniconda3/envs/python38/lib/python3.8/site-packages/airflow/example_dags/example_short_circuit_decorator.py
[2025-09-03T19:57:53.612+0200] {processor.py:743} INFO - Processing file /home/varun/miniconda3/envs/python38/lib/python3.8/site-packages/airflow/example_dags/example_short_circuit_decorator.py for tasks to queue
[2025-09-03T19:57:53.613+0200] {logging_mixin.py:137} INFO - [2025-09-03T19:57:53.613+0200] {dagbag.py:532} INFO - Filling up the DagBag from /home/varun/miniconda3/envs/python38/lib/python3.8/site-packages/airflow/example_dags/example_short_circuit_decorator.py
[2025-09-03T19:57:53.636+0200] {processor.py:753} INFO - DAG(s) dict_keys(['example_short_circuit_decorator']) retrieved from /home/varun/miniconda3/envs/python38/lib/python3.8/site-packages/airflow/example_dags/example_short_circuit_decorator.py
[2025-09-03T19:57:53.655+0200] {logging_mixin.py:137} INFO - [2025-09-03T19:57:53.655+0200] {dag.py:2705} INFO - Sync 1 DAGs
[2025-09-03T19:57:53.673+0200] {logging_mixin.py:137} INFO - [2025-09-03T19:57:53.673+0200] {dag.py:3452} INFO - Setting next_dagrun for example_short_circuit_decorator to 2025-09-02T17:57:53.672751+00:00, run_after=2025-09-03T17:57:53.672751+00:00
[2025-09-03T19:57:53.700+0200] {processor.py:175} INFO - Processing /home/varun/miniconda3/envs/python38/lib/python3.8/site-packages/airflow/example_dags/example_short_circuit_decorator.py took 0.094 seconds
[2025-09-03T20:01:02.772+0200] {processor.py:153} INFO - Started process (PID=4045) to work on /home/varun/miniconda3/envs/python38/lib/python3.8/site-packages/airflow/example_dags/example_short_circuit_decorator.py
[2025-09-03T20:01:02.773+0200] {processor.py:743} INFO - Processing file /home/varun/miniconda3/envs/python38/lib/python3.8/site-packages/airflow/example_dags/example_short_circuit_decorator.py for tasks to queue
[2025-09-03T20:01:02.774+0200] {logging_mixin.py:137} INFO - [2025-09-03T20:01:02.774+0200] {dagbag.py:532} INFO - Filling up the DagBag from /home/varun/miniconda3/envs/python38/lib/python3.8/site-packages/airflow/example_dags/example_short_circuit_decorator.py
[2025-09-03T20:01:02.814+0200] {processor.py:753} INFO - DAG(s) dict_keys(['example_short_circuit_decorator']) retrieved from /home/varun/miniconda3/envs/python38/lib/python3.8/site-packages/airflow/example_dags/example_short_circuit_decorator.py
[2025-09-03T20:01:02.839+0200] {logging_mixin.py:137} INFO - [2025-09-03T20:01:02.839+0200] {dag.py:2705} INFO - Sync 1 DAGs
[2025-09-03T20:01:02.862+0200] {logging_mixin.py:137} INFO - [2025-09-03T20:01:02.861+0200] {dag.py:3452} INFO - Setting next_dagrun for example_short_circuit_decorator to 2025-09-02T18:01:02.861408+00:00, run_after=2025-09-03T18:01:02.861408+00:00
[2025-09-03T20:01:02.894+0200] {processor.py:175} INFO - Processing /home/varun/miniconda3/envs/python38/lib/python3.8/site-packages/airflow/example_dags/example_short_circuit_decorator.py took 0.127 seconds
[2025-09-03T20:01:48.821+0200] {processor.py:153} INFO - Started process (PID=4092) to work on /home/varun/miniconda3/envs/python38/lib/python3.8/site-packages/airflow/example_dags/example_short_circuit_decorator.py
[2025-09-03T20:01:48.823+0200] {processor.py:743} INFO - Processing file /home/varun/miniconda3/envs/python38/lib/python3.8/site-packages/airflow/example_dags/example_short_circuit_decorator.py for tasks to queue
[2025-09-03T20:01:48.823+0200] {logging_mixin.py:137} INFO - [2025-09-03T20:01:48.823+0200] {dagbag.py:532} INFO - Filling up the DagBag from /home/varun/miniconda3/envs/python38/lib/python3.8/site-packages/airflow/example_dags/example_short_circuit_decorator.py
[2025-09-03T20:01:48.851+0200] {processor.py:753} INFO - DAG(s) dict_keys(['example_short_circuit_decorator']) retrieved from /home/varun/miniconda3/envs/python38/lib/python3.8/site-packages/airflow/example_dags/example_short_circuit_decorator.py
[2025-09-03T20:01:48.875+0200] {logging_mixin.py:137} INFO - [2025-09-03T20:01:48.874+0200] {dag.py:2705} INFO - Sync 1 DAGs
[2025-09-03T20:01:48.893+0200] {logging_mixin.py:137} INFO - [2025-09-03T20:01:48.893+0200] {dag.py:3452} INFO - Setting next_dagrun for example_short_circuit_decorator to 2025-09-02T18:01:48.893268+00:00, run_after=2025-09-03T18:01:48.893268+00:00
[2025-09-03T20:01:48.917+0200] {processor.py:175} INFO - Processing /home/varun/miniconda3/envs/python38/lib/python3.8/site-packages/airflow/example_dags/example_short_circuit_decorator.py took 0.100 seconds
[2025-09-03T20:02:33.833+0200] {processor.py:153} INFO - Started process (PID=4134) to work on /home/varun/miniconda3/envs/python38/lib/python3.8/site-packages/airflow/example_dags/example_short_circuit_decorator.py
[2025-09-03T20:02:33.835+0200] {processor.py:743} INFO - Processing file /home/varun/miniconda3/envs/python38/lib/python3.8/site-packages/airflow/example_dags/example_short_circuit_decorator.py for tasks to queue
[2025-09-03T20:02:33.835+0200] {logging_mixin.py:137} INFO - [2025-09-03T20:02:33.835+0200] {dagbag.py:532} INFO - Filling up the DagBag from /home/varun/miniconda3/envs/python38/lib/python3.8/site-packages/airflow/example_dags/example_short_circuit_decorator.py
[2025-09-03T20:02:33.859+0200] {processor.py:753} INFO - DAG(s) dict_keys(['example_short_circuit_decorator']) retrieved from /home/varun/miniconda3/envs/python38/lib/python3.8/site-packages/airflow/example_dags/example_short_circuit_decorator.py
[2025-09-03T20:02:33.877+0200] {logging_mixin.py:137} INFO - [2025-09-03T20:02:33.877+0200] {dag.py:2705} INFO - Sync 1 DAGs
[2025-09-03T20:02:33.894+0200] {logging_mixin.py:137} INFO - [2025-09-03T20:02:33.893+0200] {dag.py:3452} INFO - Setting next_dagrun for example_short_circuit_decorator to 2025-09-02T18:02:33.893572+00:00, run_after=2025-09-03T18:02:33.893572+00:00
[2025-09-03T20:02:33.916+0200] {processor.py:175} INFO - Processing /home/varun/miniconda3/envs/python38/lib/python3.8/site-packages/airflow/example_dags/example_short_circuit_decorator.py took 0.087 seconds
[2025-09-03T20:03:24.730+0200] {processor.py:153} INFO - Started process (PID=4176) to work on /home/varun/miniconda3/envs/python38/lib/python3.8/site-packages/airflow/example_dags/example_short_circuit_decorator.py
[2025-09-03T20:03:24.731+0200] {processor.py:743} INFO - Processing file /home/varun/miniconda3/envs/python38/lib/python3.8/site-packages/airflow/example_dags/example_short_circuit_decorator.py for tasks to queue
[2025-09-03T20:03:24.732+0200] {logging_mixin.py:137} INFO - [2025-09-03T20:03:24.732+0200] {dagbag.py:532} INFO - Filling up the DagBag from /home/varun/miniconda3/envs/python38/lib/python3.8/site-packages/airflow/example_dags/example_short_circuit_decorator.py
[2025-09-03T20:03:24.754+0200] {processor.py:753} INFO - DAG(s) dict_keys(['example_short_circuit_decorator']) retrieved from /home/varun/miniconda3/envs/python38/lib/python3.8/site-packages/airflow/example_dags/example_short_circuit_decorator.py
[2025-09-03T20:03:24.772+0200] {logging_mixin.py:137} INFO - [2025-09-03T20:03:24.772+0200] {dag.py:2705} INFO - Sync 1 DAGs
[2025-09-03T20:03:24.792+0200] {logging_mixin.py:137} INFO - [2025-09-03T20:03:24.791+0200] {dag.py:3452} INFO - Setting next_dagrun for example_short_circuit_decorator to 2025-09-02T18:03:24.791680+00:00, run_after=2025-09-03T18:03:24.791680+00:00
[2025-09-03T20:03:24.817+0200] {processor.py:175} INFO - Processing /home/varun/miniconda3/envs/python38/lib/python3.8/site-packages/airflow/example_dags/example_short_circuit_decorator.py took 0.090 seconds
[2025-09-03T20:04:11.749+0200] {processor.py:153} INFO - Started process (PID=4218) to work on /home/varun/miniconda3/envs/python38/lib/python3.8/site-packages/airflow/example_dags/example_short_circuit_decorator.py
[2025-09-03T20:04:11.750+0200] {processor.py:743} INFO - Processing file /home/varun/miniconda3/envs/python38/lib/python3.8/site-packages/airflow/example_dags/example_short_circuit_decorator.py for tasks to queue
[2025-09-03T20:04:11.751+0200] {logging_mixin.py:137} INFO - [2025-09-03T20:04:11.751+0200] {dagbag.py:532} INFO - Filling up the DagBag from /home/varun/miniconda3/envs/python38/lib/python3.8/site-packages/airflow/example_dags/example_short_circuit_decorator.py
[2025-09-03T20:04:11.782+0200] {processor.py:753} INFO - DAG(s) dict_keys(['example_short_circuit_decorator']) retrieved from /home/varun/miniconda3/envs/python38/lib/python3.8/site-packages/airflow/example_dags/example_short_circuit_decorator.py
[2025-09-03T20:04:11.809+0200] {logging_mixin.py:137} INFO - [2025-09-03T20:04:11.808+0200] {dag.py:2705} INFO - Sync 1 DAGs
[2025-09-03T20:04:11.832+0200] {logging_mixin.py:137} INFO - [2025-09-03T20:04:11.831+0200] {dag.py:3452} INFO - Setting next_dagrun for example_short_circuit_decorator to 2025-09-02T18:04:11.831646+00:00, run_after=2025-09-03T18:04:11.831646+00:00
[2025-09-03T20:04:11.858+0200] {processor.py:175} INFO - Processing /home/varun/miniconda3/envs/python38/lib/python3.8/site-packages/airflow/example_dags/example_short_circuit_decorator.py took 0.113 seconds
[2025-09-03T20:05:05.103+0200] {processor.py:153} INFO - Started process (PID=4270) to work on /home/varun/miniconda3/envs/python38/lib/python3.8/site-packages/airflow/example_dags/example_short_circuit_decorator.py
[2025-09-03T20:05:05.104+0200] {processor.py:743} INFO - Processing file /home/varun/miniconda3/envs/python38/lib/python3.8/site-packages/airflow/example_dags/example_short_circuit_decorator.py for tasks to queue
[2025-09-03T20:05:05.105+0200] {logging_mixin.py:137} INFO - [2025-09-03T20:05:05.105+0200] {dagbag.py:532} INFO - Filling up the DagBag from /home/varun/miniconda3/envs/python38/lib/python3.8/site-packages/airflow/example_dags/example_short_circuit_decorator.py
[2025-09-03T20:05:05.132+0200] {processor.py:753} INFO - DAG(s) dict_keys(['example_short_circuit_decorator']) retrieved from /home/varun/miniconda3/envs/python38/lib/python3.8/site-packages/airflow/example_dags/example_short_circuit_decorator.py
[2025-09-03T20:05:05.237+0200] {logging_mixin.py:137} INFO - [2025-09-03T20:05:05.237+0200] {manager.py:504} INFO - Created Permission View: can delete on DAG:example_short_circuit_decorator
[2025-09-03T20:05:05.254+0200] {logging_mixin.py:137} INFO - [2025-09-03T20:05:05.253+0200] {manager.py:504} INFO - Created Permission View: can read on DAG:example_short_circuit_decorator
[2025-09-03T20:05:05.264+0200] {logging_mixin.py:137} INFO - [2025-09-03T20:05:05.264+0200] {manager.py:504} INFO - Created Permission View: can edit on DAG:example_short_circuit_decorator
[2025-09-03T20:05:05.265+0200] {logging_mixin.py:137} INFO - [2025-09-03T20:05:05.265+0200] {dag.py:2705} INFO - Sync 1 DAGs
[2025-09-03T20:05:05.277+0200] {logging_mixin.py:137} INFO - [2025-09-03T20:05:05.277+0200] {dag.py:2726} INFO - Creating ORM DAG for example_short_circuit_decorator
[2025-09-03T20:05:05.287+0200] {logging_mixin.py:137} INFO - [2025-09-03T20:05:05.287+0200] {dag.py:3452} INFO - Setting next_dagrun for example_short_circuit_decorator to 2025-09-02T18:05:05.286917+00:00, run_after=2025-09-03T18:05:05.286917+00:00
[2025-09-03T20:05:05.317+0200] {processor.py:175} INFO - Processing /home/varun/miniconda3/envs/python38/lib/python3.8/site-packages/airflow/example_dags/example_short_circuit_decorator.py took 0.218 seconds
[2025-09-03T20:06:00.429+0200] {processor.py:153} INFO - Started process (PID=4321) to work on /home/varun/miniconda3/envs/python38/lib/python3.8/site-packages/airflow/example_dags/example_short_circuit_decorator.py
[2025-09-03T20:06:00.431+0200] {processor.py:743} INFO - Processing file /home/varun/miniconda3/envs/python38/lib/python3.8/site-packages/airflow/example_dags/example_short_circuit_decorator.py for tasks to queue
[2025-09-03T20:06:00.431+0200] {logging_mixin.py:137} INFO - [2025-09-03T20:06:00.431+0200] {dagbag.py:532} INFO - Filling up the DagBag from /home/varun/miniconda3/envs/python38/lib/python3.8/site-packages/airflow/example_dags/example_short_circuit_decorator.py
[2025-09-03T20:06:00.453+0200] {processor.py:753} INFO - DAG(s) dict_keys(['example_short_circuit_decorator']) retrieved from /home/varun/miniconda3/envs/python38/lib/python3.8/site-packages/airflow/example_dags/example_short_circuit_decorator.py
[2025-09-03T20:06:00.472+0200] {logging_mixin.py:137} INFO - [2025-09-03T20:06:00.471+0200] {dag.py:2705} INFO - Sync 1 DAGs
[2025-09-03T20:06:00.489+0200] {logging_mixin.py:137} INFO - [2025-09-03T20:06:00.488+0200] {dag.py:3452} INFO - Setting next_dagrun for example_short_circuit_decorator to 2025-09-02T18:06:00.488628+00:00, run_after=2025-09-03T18:06:00.488628+00:00
[2025-09-03T20:06:00.528+0200] {processor.py:175} INFO - Processing /home/varun/miniconda3/envs/python38/lib/python3.8/site-packages/airflow/example_dags/example_short_circuit_decorator.py took 0.104 seconds
[2025-09-03T20:06:46.840+0200] {processor.py:153} INFO - Started process (PID=4365) to work on /home/varun/miniconda3/envs/python38/lib/python3.8/site-packages/airflow/example_dags/example_short_circuit_decorator.py
[2025-09-03T20:06:46.843+0200] {processor.py:743} INFO - Processing file /home/varun/miniconda3/envs/python38/lib/python3.8/site-packages/airflow/example_dags/example_short_circuit_decorator.py for tasks to queue
[2025-09-03T20:06:46.844+0200] {logging_mixin.py:137} INFO - [2025-09-03T20:06:46.844+0200] {dagbag.py:532} INFO - Filling up the DagBag from /home/varun/miniconda3/envs/python38/lib/python3.8/site-packages/airflow/example_dags/example_short_circuit_decorator.py
[2025-09-03T20:06:46.889+0200] {processor.py:753} INFO - DAG(s) dict_keys(['example_short_circuit_decorator']) retrieved from /home/varun/miniconda3/envs/python38/lib/python3.8/site-packages/airflow/example_dags/example_short_circuit_decorator.py
[2025-09-03T20:06:46.924+0200] {logging_mixin.py:137} INFO - [2025-09-03T20:06:46.923+0200] {dag.py:2705} INFO - Sync 1 DAGs
[2025-09-03T20:06:46.955+0200] {logging_mixin.py:137} INFO - [2025-09-03T20:06:46.955+0200] {dag.py:3452} INFO - Setting next_dagrun for example_short_circuit_decorator to 2025-09-02T18:06:46.955038+00:00, run_after=2025-09-03T18:06:46.955038+00:00
[2025-09-03T20:06:46.987+0200] {processor.py:175} INFO - Processing /home/varun/miniconda3/envs/python38/lib/python3.8/site-packages/airflow/example_dags/example_short_circuit_decorator.py took 0.156 seconds
[2025-09-03T20:07:37.478+0200] {processor.py:153} INFO - Started process (PID=4429) to work on /home/varun/miniconda3/envs/python38/lib/python3.8/site-packages/airflow/example_dags/example_short_circuit_decorator.py
[2025-09-03T20:07:37.479+0200] {processor.py:743} INFO - Processing file /home/varun/miniconda3/envs/python38/lib/python3.8/site-packages/airflow/example_dags/example_short_circuit_decorator.py for tasks to queue
[2025-09-03T20:07:37.480+0200] {logging_mixin.py:137} INFO - [2025-09-03T20:07:37.480+0200] {dagbag.py:532} INFO - Filling up the DagBag from /home/varun/miniconda3/envs/python38/lib/python3.8/site-packages/airflow/example_dags/example_short_circuit_decorator.py
[2025-09-03T20:07:37.507+0200] {processor.py:753} INFO - DAG(s) dict_keys(['example_short_circuit_decorator']) retrieved from /home/varun/miniconda3/envs/python38/lib/python3.8/site-packages/airflow/example_dags/example_short_circuit_decorator.py
[2025-09-03T20:07:37.530+0200] {logging_mixin.py:137} INFO - [2025-09-03T20:07:37.530+0200] {dag.py:2705} INFO - Sync 1 DAGs
[2025-09-03T20:07:37.548+0200] {logging_mixin.py:137} INFO - [2025-09-03T20:07:37.548+0200] {dag.py:3452} INFO - Setting next_dagrun for example_short_circuit_decorator to 2025-09-02T18:07:37.548480+00:00, run_after=2025-09-03T18:07:37.548480+00:00
[2025-09-03T20:07:37.575+0200] {processor.py:175} INFO - Processing /home/varun/miniconda3/envs/python38/lib/python3.8/site-packages/airflow/example_dags/example_short_circuit_decorator.py took 0.101 seconds
[2025-09-03T20:08:24.029+0200] {processor.py:153} INFO - Started process (PID=4473) to work on /home/varun/miniconda3/envs/python38/lib/python3.8/site-packages/airflow/example_dags/example_short_circuit_decorator.py
[2025-09-03T20:08:24.030+0200] {processor.py:743} INFO - Processing file /home/varun/miniconda3/envs/python38/lib/python3.8/site-packages/airflow/example_dags/example_short_circuit_decorator.py for tasks to queue
[2025-09-03T20:08:24.031+0200] {logging_mixin.py:137} INFO - [2025-09-03T20:08:24.031+0200] {dagbag.py:532} INFO - Filling up the DagBag from /home/varun/miniconda3/envs/python38/lib/python3.8/site-packages/airflow/example_dags/example_short_circuit_decorator.py
[2025-09-03T20:08:24.065+0200] {processor.py:753} INFO - DAG(s) dict_keys(['example_short_circuit_decorator']) retrieved from /home/varun/miniconda3/envs/python38/lib/python3.8/site-packages/airflow/example_dags/example_short_circuit_decorator.py
[2025-09-03T20:08:24.090+0200] {logging_mixin.py:137} INFO - [2025-09-03T20:08:24.089+0200] {dag.py:2705} INFO - Sync 1 DAGs
[2025-09-03T20:08:24.108+0200] {logging_mixin.py:137} INFO - [2025-09-03T20:08:24.108+0200] {dag.py:3452} INFO - Setting next_dagrun for example_short_circuit_decorator to 2025-09-02T18:08:24.107774+00:00, run_after=2025-09-03T18:08:24.107774+00:00
[2025-09-03T20:08:24.130+0200] {processor.py:175} INFO - Processing /home/varun/miniconda3/envs/python38/lib/python3.8/site-packages/airflow/example_dags/example_short_circuit_decorator.py took 0.105 seconds
[2025-09-03T20:09:41.524+0200] {processor.py:153} INFO - Started process (PID=4532) to work on /home/varun/miniconda3/envs/python38/lib/python3.8/site-packages/airflow/example_dags/example_short_circuit_decorator.py
[2025-09-03T20:09:41.525+0200] {processor.py:743} INFO - Processing file /home/varun/miniconda3/envs/python38/lib/python3.8/site-packages/airflow/example_dags/example_short_circuit_decorator.py for tasks to queue
[2025-09-03T20:09:41.526+0200] {logging_mixin.py:137} INFO - [2025-09-03T20:09:41.526+0200] {dagbag.py:532} INFO - Filling up the DagBag from /home/varun/miniconda3/envs/python38/lib/python3.8/site-packages/airflow/example_dags/example_short_circuit_decorator.py
[2025-09-03T20:09:41.557+0200] {processor.py:753} INFO - DAG(s) dict_keys(['example_short_circuit_decorator']) retrieved from /home/varun/miniconda3/envs/python38/lib/python3.8/site-packages/airflow/example_dags/example_short_circuit_decorator.py
[2025-09-03T20:09:41.580+0200] {logging_mixin.py:137} INFO - [2025-09-03T20:09:41.580+0200] {dag.py:2705} INFO - Sync 1 DAGs
[2025-09-03T20:09:41.604+0200] {logging_mixin.py:137} INFO - [2025-09-03T20:09:41.604+0200] {dag.py:3452} INFO - Setting next_dagrun for example_short_circuit_decorator to 2025-09-02T18:09:41.603907+00:00, run_after=2025-09-03T18:09:41.603907+00:00
[2025-09-03T20:09:41.638+0200] {processor.py:175} INFO - Processing /home/varun/miniconda3/envs/python38/lib/python3.8/site-packages/airflow/example_dags/example_short_circuit_decorator.py took 0.118 seconds
[2025-09-03T20:10:27.693+0200] {processor.py:153} INFO - Started process (PID=4574) to work on /home/varun/miniconda3/envs/python38/lib/python3.8/site-packages/airflow/example_dags/example_short_circuit_decorator.py
[2025-09-03T20:10:27.700+0200] {processor.py:743} INFO - Processing file /home/varun/miniconda3/envs/python38/lib/python3.8/site-packages/airflow/example_dags/example_short_circuit_decorator.py for tasks to queue
[2025-09-03T20:10:27.701+0200] {logging_mixin.py:137} INFO - [2025-09-03T20:10:27.701+0200] {dagbag.py:532} INFO - Filling up the DagBag from /home/varun/miniconda3/envs/python38/lib/python3.8/site-packages/airflow/example_dags/example_short_circuit_decorator.py
[2025-09-03T20:10:27.729+0200] {processor.py:753} INFO - DAG(s) dict_keys(['example_short_circuit_decorator']) retrieved from /home/varun/miniconda3/envs/python38/lib/python3.8/site-packages/airflow/example_dags/example_short_circuit_decorator.py
[2025-09-03T20:10:27.751+0200] {logging_mixin.py:137} INFO - [2025-09-03T20:10:27.751+0200] {dag.py:2705} INFO - Sync 1 DAGs
[2025-09-03T20:10:27.770+0200] {logging_mixin.py:137} INFO - [2025-09-03T20:10:27.770+0200] {dag.py:3452} INFO - Setting next_dagrun for example_short_circuit_decorator to 2025-09-02T18:10:27.769805+00:00, run_after=2025-09-03T18:10:27.769805+00:00
[2025-09-03T20:10:27.794+0200] {processor.py:175} INFO - Processing /home/varun/miniconda3/envs/python38/lib/python3.8/site-packages/airflow/example_dags/example_short_circuit_decorator.py took 0.104 seconds
[2025-09-03T20:11:16.287+0200] {processor.py:153} INFO - Started process (PID=4616) to work on /home/varun/miniconda3/envs/python38/lib/python3.8/site-packages/airflow/example_dags/example_short_circuit_decorator.py
[2025-09-03T20:11:16.289+0200] {processor.py:743} INFO - Processing file /home/varun/miniconda3/envs/python38/lib/python3.8/site-packages/airflow/example_dags/example_short_circuit_decorator.py for tasks to queue
[2025-09-03T20:11:16.290+0200] {logging_mixin.py:137} INFO - [2025-09-03T20:11:16.290+0200] {dagbag.py:532} INFO - Filling up the DagBag from /home/varun/miniconda3/envs/python38/lib/python3.8/site-packages/airflow/example_dags/example_short_circuit_decorator.py
[2025-09-03T20:11:16.311+0200] {processor.py:753} INFO - DAG(s) dict_keys(['example_short_circuit_decorator']) retrieved from /home/varun/miniconda3/envs/python38/lib/python3.8/site-packages/airflow/example_dags/example_short_circuit_decorator.py
[2025-09-03T20:11:16.330+0200] {logging_mixin.py:137} INFO - [2025-09-03T20:11:16.330+0200] {dag.py:2705} INFO - Sync 1 DAGs
[2025-09-03T20:11:16.349+0200] {logging_mixin.py:137} INFO - [2025-09-03T20:11:16.349+0200] {dag.py:3452} INFO - Setting next_dagrun for example_short_circuit_decorator to 2025-09-02T18:11:16.349555+00:00, run_after=2025-09-03T18:11:16.349555+00:00
[2025-09-03T20:11:16.372+0200] {processor.py:175} INFO - Processing /home/varun/miniconda3/envs/python38/lib/python3.8/site-packages/airflow/example_dags/example_short_circuit_decorator.py took 0.088 seconds
[2025-09-03T20:12:00.041+0200] {processor.py:153} INFO - Started process (PID=4658) to work on /home/varun/miniconda3/envs/python38/lib/python3.8/site-packages/airflow/example_dags/example_short_circuit_decorator.py
[2025-09-03T20:12:00.043+0200] {processor.py:743} INFO - Processing file /home/varun/miniconda3/envs/python38/lib/python3.8/site-packages/airflow/example_dags/example_short_circuit_decorator.py for tasks to queue
[2025-09-03T20:12:00.043+0200] {logging_mixin.py:137} INFO - [2025-09-03T20:12:00.043+0200] {dagbag.py:532} INFO - Filling up the DagBag from /home/varun/miniconda3/envs/python38/lib/python3.8/site-packages/airflow/example_dags/example_short_circuit_decorator.py
[2025-09-03T20:12:00.065+0200] {processor.py:753} INFO - DAG(s) dict_keys(['example_short_circuit_decorator']) retrieved from /home/varun/miniconda3/envs/python38/lib/python3.8/site-packages/airflow/example_dags/example_short_circuit_decorator.py
[2025-09-03T20:12:00.082+0200] {logging_mixin.py:137} INFO - [2025-09-03T20:12:00.082+0200] {dag.py:2705} INFO - Sync 1 DAGs
[2025-09-03T20:12:00.101+0200] {logging_mixin.py:137} INFO - [2025-09-03T20:12:00.101+0200] {dag.py:3452} INFO - Setting next_dagrun for example_short_circuit_decorator to 2025-09-02T18:12:00.100957+00:00, run_after=2025-09-03T18:12:00.100957+00:00
[2025-09-03T20:12:00.137+0200] {processor.py:175} INFO - Processing /home/varun/miniconda3/envs/python38/lib/python3.8/site-packages/airflow/example_dags/example_short_circuit_decorator.py took 0.099 seconds
[2025-09-03T20:12:47.149+0200] {processor.py:153} INFO - Started process (PID=4701) to work on /home/varun/miniconda3/envs/python38/lib/python3.8/site-packages/airflow/example_dags/example_short_circuit_decorator.py
[2025-09-03T20:12:47.150+0200] {processor.py:743} INFO - Processing file /home/varun/miniconda3/envs/python38/lib/python3.8/site-packages/airflow/example_dags/example_short_circuit_decorator.py for tasks to queue
[2025-09-03T20:12:47.151+0200] {logging_mixin.py:137} INFO - [2025-09-03T20:12:47.151+0200] {dagbag.py:532} INFO - Filling up the DagBag from /home/varun/miniconda3/envs/python38/lib/python3.8/site-packages/airflow/example_dags/example_short_circuit_decorator.py
[2025-09-03T20:12:47.182+0200] {processor.py:753} INFO - DAG(s) dict_keys(['example_short_circuit_decorator']) retrieved from /home/varun/miniconda3/envs/python38/lib/python3.8/site-packages/airflow/example_dags/example_short_circuit_decorator.py
[2025-09-03T20:12:47.208+0200] {logging_mixin.py:137} INFO - [2025-09-03T20:12:47.207+0200] {dag.py:2705} INFO - Sync 1 DAGs
[2025-09-03T20:12:47.225+0200] {logging_mixin.py:137} INFO - [2025-09-03T20:12:47.225+0200] {dag.py:3452} INFO - Setting next_dagrun for example_short_circuit_decorator to 2025-09-02T18:12:47.224689+00:00, run_after=2025-09-03T18:12:47.224689+00:00
[2025-09-03T20:12:47.259+0200] {processor.py:175} INFO - Processing /home/varun/miniconda3/envs/python38/lib/python3.8/site-packages/airflow/example_dags/example_short_circuit_decorator.py took 0.114 seconds
[2025-09-03T20:13:36.529+0200] {processor.py:153} INFO - Started process (PID=4743) to work on /home/varun/miniconda3/envs/python38/lib/python3.8/site-packages/airflow/example_dags/example_short_circuit_decorator.py
[2025-09-03T20:13:36.531+0200] {processor.py:743} INFO - Processing file /home/varun/miniconda3/envs/python38/lib/python3.8/site-packages/airflow/example_dags/example_short_circuit_decorator.py for tasks to queue
[2025-09-03T20:13:36.531+0200] {logging_mixin.py:137} INFO - [2025-09-03T20:13:36.531+0200] {dagbag.py:532} INFO - Filling up the DagBag from /home/varun/miniconda3/envs/python38/lib/python3.8/site-packages/airflow/example_dags/example_short_circuit_decorator.py
[2025-09-03T20:13:36.553+0200] {processor.py:753} INFO - DAG(s) dict_keys(['example_short_circuit_decorator']) retrieved from /home/varun/miniconda3/envs/python38/lib/python3.8/site-packages/airflow/example_dags/example_short_circuit_decorator.py
[2025-09-03T20:13:36.572+0200] {logging_mixin.py:137} INFO - [2025-09-03T20:13:36.572+0200] {dag.py:2705} INFO - Sync 1 DAGs
[2025-09-03T20:13:36.589+0200] {logging_mixin.py:137} INFO - [2025-09-03T20:13:36.588+0200] {dag.py:3452} INFO - Setting next_dagrun for example_short_circuit_decorator to 2025-09-02T18:13:36.588752+00:00, run_after=2025-09-03T18:13:36.588752+00:00
[2025-09-03T20:13:36.613+0200] {processor.py:175} INFO - Processing /home/varun/miniconda3/envs/python38/lib/python3.8/site-packages/airflow/example_dags/example_short_circuit_decorator.py took 0.087 seconds
[2025-09-03T20:14:21.365+0200] {processor.py:153} INFO - Started process (PID=4785) to work on /home/varun/miniconda3/envs/python38/lib/python3.8/site-packages/airflow/example_dags/example_short_circuit_decorator.py
[2025-09-03T20:14:21.367+0200] {processor.py:743} INFO - Processing file /home/varun/miniconda3/envs/python38/lib/python3.8/site-packages/airflow/example_dags/example_short_circuit_decorator.py for tasks to queue
[2025-09-03T20:14:21.367+0200] {logging_mixin.py:137} INFO - [2025-09-03T20:14:21.367+0200] {dagbag.py:532} INFO - Filling up the DagBag from /home/varun/miniconda3/envs/python38/lib/python3.8/site-packages/airflow/example_dags/example_short_circuit_decorator.py
[2025-09-03T20:14:21.394+0200] {processor.py:753} INFO - DAG(s) dict_keys(['example_short_circuit_decorator']) retrieved from /home/varun/miniconda3/envs/python38/lib/python3.8/site-packages/airflow/example_dags/example_short_circuit_decorator.py
[2025-09-03T20:14:21.412+0200] {logging_mixin.py:137} INFO - [2025-09-03T20:14:21.412+0200] {dag.py:2705} INFO - Sync 1 DAGs
[2025-09-03T20:14:21.429+0200] {logging_mixin.py:137} INFO - [2025-09-03T20:14:21.429+0200] {dag.py:3452} INFO - Setting next_dagrun for example_short_circuit_decorator to 2025-09-02T18:14:21.429533+00:00, run_after=2025-09-03T18:14:21.429533+00:00
[2025-09-03T20:14:21.456+0200] {processor.py:175} INFO - Processing /home/varun/miniconda3/envs/python38/lib/python3.8/site-packages/airflow/example_dags/example_short_circuit_decorator.py took 0.094 seconds
[2025-09-03T20:15:03.398+0200] {processor.py:153} INFO - Started process (PID=4827) to work on /home/varun/miniconda3/envs/python38/lib/python3.8/site-packages/airflow/example_dags/example_short_circuit_decorator.py
[2025-09-03T20:15:03.399+0200] {processor.py:743} INFO - Processing file /home/varun/miniconda3/envs/python38/lib/python3.8/site-packages/airflow/example_dags/example_short_circuit_decorator.py for tasks to queue
[2025-09-03T20:15:03.400+0200] {logging_mixin.py:137} INFO - [2025-09-03T20:15:03.400+0200] {dagbag.py:532} INFO - Filling up the DagBag from /home/varun/miniconda3/envs/python38/lib/python3.8/site-packages/airflow/example_dags/example_short_circuit_decorator.py
[2025-09-03T20:15:03.420+0200] {processor.py:753} INFO - DAG(s) dict_keys(['example_short_circuit_decorator']) retrieved from /home/varun/miniconda3/envs/python38/lib/python3.8/site-packages/airflow/example_dags/example_short_circuit_decorator.py
[2025-09-03T20:15:03.437+0200] {logging_mixin.py:137} INFO - [2025-09-03T20:15:03.436+0200] {dag.py:2705} INFO - Sync 1 DAGs
[2025-09-03T20:15:03.452+0200] {logging_mixin.py:137} INFO - [2025-09-03T20:15:03.452+0200] {dag.py:3452} INFO - Setting next_dagrun for example_short_circuit_decorator to 2025-09-02T18:15:03.452290+00:00, run_after=2025-09-03T18:15:03.452290+00:00
[2025-09-03T20:15:03.476+0200] {processor.py:175} INFO - Processing /home/varun/miniconda3/envs/python38/lib/python3.8/site-packages/airflow/example_dags/example_short_circuit_decorator.py took 0.081 seconds
[2025-09-03T20:15:49.070+0200] {processor.py:153} INFO - Started process (PID=4869) to work on /home/varun/miniconda3/envs/python38/lib/python3.8/site-packages/airflow/example_dags/example_short_circuit_decorator.py
[2025-09-03T20:15:49.072+0200] {processor.py:743} INFO - Processing file /home/varun/miniconda3/envs/python38/lib/python3.8/site-packages/airflow/example_dags/example_short_circuit_decorator.py for tasks to queue
[2025-09-03T20:15:49.072+0200] {logging_mixin.py:137} INFO - [2025-09-03T20:15:49.072+0200] {dagbag.py:532} INFO - Filling up the DagBag from /home/varun/miniconda3/envs/python38/lib/python3.8/site-packages/airflow/example_dags/example_short_circuit_decorator.py
[2025-09-03T20:15:49.092+0200] {processor.py:753} INFO - DAG(s) dict_keys(['example_short_circuit_decorator']) retrieved from /home/varun/miniconda3/envs/python38/lib/python3.8/site-packages/airflow/example_dags/example_short_circuit_decorator.py
[2025-09-03T20:15:49.114+0200] {logging_mixin.py:137} INFO - [2025-09-03T20:15:49.114+0200] {dag.py:2705} INFO - Sync 1 DAGs
[2025-09-03T20:15:49.132+0200] {logging_mixin.py:137} INFO - [2025-09-03T20:15:49.132+0200] {dag.py:3452} INFO - Setting next_dagrun for example_short_circuit_decorator to 2025-09-02T18:15:49.131814+00:00, run_after=2025-09-03T18:15:49.131814+00:00
[2025-09-03T20:15:49.157+0200] {processor.py:175} INFO - Processing /home/varun/miniconda3/envs/python38/lib/python3.8/site-packages/airflow/example_dags/example_short_circuit_decorator.py took 0.090 seconds
[2025-09-03T20:16:37.317+0200] {processor.py:153} INFO - Started process (PID=4911) to work on /home/varun/miniconda3/envs/python38/lib/python3.8/site-packages/airflow/example_dags/example_short_circuit_decorator.py
[2025-09-03T20:16:37.319+0200] {processor.py:743} INFO - Processing file /home/varun/miniconda3/envs/python38/lib/python3.8/site-packages/airflow/example_dags/example_short_circuit_decorator.py for tasks to queue
[2025-09-03T20:16:37.319+0200] {logging_mixin.py:137} INFO - [2025-09-03T20:16:37.319+0200] {dagbag.py:532} INFO - Filling up the DagBag from /home/varun/miniconda3/envs/python38/lib/python3.8/site-packages/airflow/example_dags/example_short_circuit_decorator.py
[2025-09-03T20:16:37.339+0200] {processor.py:753} INFO - DAG(s) dict_keys(['example_short_circuit_decorator']) retrieved from /home/varun/miniconda3/envs/python38/lib/python3.8/site-packages/airflow/example_dags/example_short_circuit_decorator.py
[2025-09-03T20:16:37.356+0200] {logging_mixin.py:137} INFO - [2025-09-03T20:16:37.356+0200] {dag.py:2705} INFO - Sync 1 DAGs
[2025-09-03T20:16:37.372+0200] {logging_mixin.py:137} INFO - [2025-09-03T20:16:37.372+0200] {dag.py:3452} INFO - Setting next_dagrun for example_short_circuit_decorator to 2025-09-02T18:16:37.371990+00:00, run_after=2025-09-03T18:16:37.371990+00:00
[2025-09-03T20:16:37.394+0200] {processor.py:175} INFO - Processing /home/varun/miniconda3/envs/python38/lib/python3.8/site-packages/airflow/example_dags/example_short_circuit_decorator.py took 0.080 seconds
[2025-09-03T20:17:22.714+0200] {processor.py:153} INFO - Started process (PID=4956) to work on /home/varun/miniconda3/envs/python38/lib/python3.8/site-packages/airflow/example_dags/example_short_circuit_decorator.py
[2025-09-03T20:17:22.715+0200] {processor.py:743} INFO - Processing file /home/varun/miniconda3/envs/python38/lib/python3.8/site-packages/airflow/example_dags/example_short_circuit_decorator.py for tasks to queue
[2025-09-03T20:17:22.716+0200] {logging_mixin.py:137} INFO - [2025-09-03T20:17:22.716+0200] {dagbag.py:532} INFO - Filling up the DagBag from /home/varun/miniconda3/envs/python38/lib/python3.8/site-packages/airflow/example_dags/example_short_circuit_decorator.py
[2025-09-03T20:17:22.742+0200] {processor.py:753} INFO - DAG(s) dict_keys(['example_short_circuit_decorator']) retrieved from /home/varun/miniconda3/envs/python38/lib/python3.8/site-packages/airflow/example_dags/example_short_circuit_decorator.py
[2025-09-03T20:17:22.763+0200] {logging_mixin.py:137} INFO - [2025-09-03T20:17:22.763+0200] {dag.py:2705} INFO - Sync 1 DAGs
[2025-09-03T20:17:22.781+0200] {logging_mixin.py:137} INFO - [2025-09-03T20:17:22.780+0200] {dag.py:3452} INFO - Setting next_dagrun for example_short_circuit_decorator to 2025-09-02T18:17:22.780552+00:00, run_after=2025-09-03T18:17:22.780552+00:00
[2025-09-03T20:17:22.804+0200] {processor.py:175} INFO - Processing /home/varun/miniconda3/envs/python38/lib/python3.8/site-packages/airflow/example_dags/example_short_circuit_decorator.py took 0.094 seconds
[2025-09-03T20:18:05.815+0200] {processor.py:153} INFO - Started process (PID=4998) to work on /home/varun/miniconda3/envs/python38/lib/python3.8/site-packages/airflow/example_dags/example_short_circuit_decorator.py
[2025-09-03T20:18:05.816+0200] {processor.py:743} INFO - Processing file /home/varun/miniconda3/envs/python38/lib/python3.8/site-packages/airflow/example_dags/example_short_circuit_decorator.py for tasks to queue
[2025-09-03T20:18:05.817+0200] {logging_mixin.py:137} INFO - [2025-09-03T20:18:05.817+0200] {dagbag.py:532} INFO - Filling up the DagBag from /home/varun/miniconda3/envs/python38/lib/python3.8/site-packages/airflow/example_dags/example_short_circuit_decorator.py
[2025-09-03T20:18:05.841+0200] {processor.py:753} INFO - DAG(s) dict_keys(['example_short_circuit_decorator']) retrieved from /home/varun/miniconda3/envs/python38/lib/python3.8/site-packages/airflow/example_dags/example_short_circuit_decorator.py
[2025-09-03T20:18:05.861+0200] {logging_mixin.py:137} INFO - [2025-09-03T20:18:05.860+0200] {dag.py:2705} INFO - Sync 1 DAGs
[2025-09-03T20:18:05.877+0200] {logging_mixin.py:137} INFO - [2025-09-03T20:18:05.877+0200] {dag.py:3452} INFO - Setting next_dagrun for example_short_circuit_decorator to 2025-09-02T18:18:05.877220+00:00, run_after=2025-09-03T18:18:05.877220+00:00
[2025-09-03T20:18:05.901+0200] {processor.py:175} INFO - Processing /home/varun/miniconda3/envs/python38/lib/python3.8/site-packages/airflow/example_dags/example_short_circuit_decorator.py took 0.090 seconds
[2025-09-03T20:18:56.103+0200] {processor.py:153} INFO - Started process (PID=5041) to work on /home/varun/miniconda3/envs/python38/lib/python3.8/site-packages/airflow/example_dags/example_short_circuit_decorator.py
[2025-09-03T20:18:56.105+0200] {processor.py:743} INFO - Processing file /home/varun/miniconda3/envs/python38/lib/python3.8/site-packages/airflow/example_dags/example_short_circuit_decorator.py for tasks to queue
[2025-09-03T20:18:56.106+0200] {logging_mixin.py:137} INFO - [2025-09-03T20:18:56.106+0200] {dagbag.py:532} INFO - Filling up the DagBag from /home/varun/miniconda3/envs/python38/lib/python3.8/site-packages/airflow/example_dags/example_short_circuit_decorator.py
[2025-09-03T20:18:56.127+0200] {processor.py:753} INFO - DAG(s) dict_keys(['example_short_circuit_decorator']) retrieved from /home/varun/miniconda3/envs/python38/lib/python3.8/site-packages/airflow/example_dags/example_short_circuit_decorator.py
[2025-09-03T20:18:56.149+0200] {logging_mixin.py:137} INFO - [2025-09-03T20:18:56.149+0200] {dag.py:2705} INFO - Sync 1 DAGs
[2025-09-03T20:18:56.167+0200] {logging_mixin.py:137} INFO - [2025-09-03T20:18:56.167+0200] {dag.py:3452} INFO - Setting next_dagrun for example_short_circuit_decorator to 2025-09-02T18:18:56.167399+00:00, run_after=2025-09-03T18:18:56.167399+00:00
[2025-09-03T20:18:56.297+0200] {processor.py:175} INFO - Processing /home/varun/miniconda3/envs/python38/lib/python3.8/site-packages/airflow/example_dags/example_short_circuit_decorator.py took 0.197 seconds
[2025-09-03T20:19:45.378+0200] {processor.py:153} INFO - Started process (PID=5083) to work on /home/varun/miniconda3/envs/python38/lib/python3.8/site-packages/airflow/example_dags/example_short_circuit_decorator.py
[2025-09-03T20:19:45.379+0200] {processor.py:743} INFO - Processing file /home/varun/miniconda3/envs/python38/lib/python3.8/site-packages/airflow/example_dags/example_short_circuit_decorator.py for tasks to queue
[2025-09-03T20:19:45.380+0200] {logging_mixin.py:137} INFO - [2025-09-03T20:19:45.380+0200] {dagbag.py:532} INFO - Filling up the DagBag from /home/varun/miniconda3/envs/python38/lib/python3.8/site-packages/airflow/example_dags/example_short_circuit_decorator.py
[2025-09-03T20:19:45.401+0200] {processor.py:753} INFO - DAG(s) dict_keys(['example_short_circuit_decorator']) retrieved from /home/varun/miniconda3/envs/python38/lib/python3.8/site-packages/airflow/example_dags/example_short_circuit_decorator.py
[2025-09-03T20:19:45.436+0200] {logging_mixin.py:137} INFO - [2025-09-03T20:19:45.436+0200] {dag.py:2705} INFO - Sync 1 DAGs
[2025-09-03T20:19:45.548+0200] {logging_mixin.py:137} INFO - [2025-09-03T20:19:45.548+0200] {dag.py:3452} INFO - Setting next_dagrun for example_short_circuit_decorator to 2025-09-02T18:19:45.548278+00:00, run_after=2025-09-03T18:19:45.548278+00:00
[2025-09-03T20:19:45.571+0200] {processor.py:175} INFO - Processing /home/varun/miniconda3/envs/python38/lib/python3.8/site-packages/airflow/example_dags/example_short_circuit_decorator.py took 0.198 seconds
[2025-09-03T20:20:34.571+0200] {processor.py:153} INFO - Started process (PID=5125) to work on /home/varun/miniconda3/envs/python38/lib/python3.8/site-packages/airflow/example_dags/example_short_circuit_decorator.py
[2025-09-03T20:20:34.573+0200] {processor.py:743} INFO - Processing file /home/varun/miniconda3/envs/python38/lib/python3.8/site-packages/airflow/example_dags/example_short_circuit_decorator.py for tasks to queue
[2025-09-03T20:20:34.574+0200] {logging_mixin.py:137} INFO - [2025-09-03T20:20:34.574+0200] {dagbag.py:532} INFO - Filling up the DagBag from /home/varun/miniconda3/envs/python38/lib/python3.8/site-packages/airflow/example_dags/example_short_circuit_decorator.py
[2025-09-03T20:20:34.598+0200] {processor.py:753} INFO - DAG(s) dict_keys(['example_short_circuit_decorator']) retrieved from /home/varun/miniconda3/envs/python38/lib/python3.8/site-packages/airflow/example_dags/example_short_circuit_decorator.py
[2025-09-03T20:20:34.736+0200] {logging_mixin.py:137} INFO - [2025-09-03T20:20:34.736+0200] {dag.py:2705} INFO - Sync 1 DAGs
[2025-09-03T20:20:34.751+0200] {logging_mixin.py:137} INFO - [2025-09-03T20:20:34.750+0200] {dag.py:3452} INFO - Setting next_dagrun for example_short_circuit_decorator to 2025-09-02T18:20:34.750494+00:00, run_after=2025-09-03T18:20:34.750494+00:00
[2025-09-03T20:20:34.773+0200] {processor.py:175} INFO - Processing /home/varun/miniconda3/envs/python38/lib/python3.8/site-packages/airflow/example_dags/example_short_circuit_decorator.py took 0.207 seconds
[2025-09-03T20:21:28.077+0200] {processor.py:153} INFO - Started process (PID=5167) to work on /home/varun/miniconda3/envs/python38/lib/python3.8/site-packages/airflow/example_dags/example_short_circuit_decorator.py
[2025-09-03T20:21:28.079+0200] {processor.py:743} INFO - Processing file /home/varun/miniconda3/envs/python38/lib/python3.8/site-packages/airflow/example_dags/example_short_circuit_decorator.py for tasks to queue
[2025-09-03T20:21:28.080+0200] {logging_mixin.py:137} INFO - [2025-09-03T20:21:28.080+0200] {dagbag.py:532} INFO - Filling up the DagBag from /home/varun/miniconda3/envs/python38/lib/python3.8/site-packages/airflow/example_dags/example_short_circuit_decorator.py
[2025-09-03T20:21:28.104+0200] {processor.py:753} INFO - DAG(s) dict_keys(['example_short_circuit_decorator']) retrieved from /home/varun/miniconda3/envs/python38/lib/python3.8/site-packages/airflow/example_dags/example_short_circuit_decorator.py
[2025-09-03T20:21:28.231+0200] {logging_mixin.py:137} INFO - [2025-09-03T20:21:28.231+0200] {dag.py:2705} INFO - Sync 1 DAGs
[2025-09-03T20:21:28.247+0200] {logging_mixin.py:137} INFO - [2025-09-03T20:21:28.247+0200] {dag.py:3452} INFO - Setting next_dagrun for example_short_circuit_decorator to 2025-09-02T18:21:28.247471+00:00, run_after=2025-09-03T18:21:28.247471+00:00
[2025-09-03T20:21:28.269+0200] {processor.py:175} INFO - Processing /home/varun/miniconda3/envs/python38/lib/python3.8/site-packages/airflow/example_dags/example_short_circuit_decorator.py took 0.196 seconds
[2025-09-03T20:22:18.218+0200] {processor.py:153} INFO - Started process (PID=5209) to work on /home/varun/miniconda3/envs/python38/lib/python3.8/site-packages/airflow/example_dags/example_short_circuit_decorator.py
[2025-09-03T20:22:18.219+0200] {processor.py:743} INFO - Processing file /home/varun/miniconda3/envs/python38/lib/python3.8/site-packages/airflow/example_dags/example_short_circuit_decorator.py for tasks to queue
[2025-09-03T20:22:18.220+0200] {logging_mixin.py:137} INFO - [2025-09-03T20:22:18.220+0200] {dagbag.py:532} INFO - Filling up the DagBag from /home/varun/miniconda3/envs/python38/lib/python3.8/site-packages/airflow/example_dags/example_short_circuit_decorator.py
[2025-09-03T20:22:18.343+0200] {processor.py:753} INFO - DAG(s) dict_keys(['example_short_circuit_decorator']) retrieved from /home/varun/miniconda3/envs/python38/lib/python3.8/site-packages/airflow/example_dags/example_short_circuit_decorator.py
[2025-09-03T20:22:18.359+0200] {logging_mixin.py:137} INFO - [2025-09-03T20:22:18.359+0200] {dag.py:2705} INFO - Sync 1 DAGs
[2025-09-03T20:22:18.373+0200] {logging_mixin.py:137} INFO - [2025-09-03T20:22:18.373+0200] {dag.py:3452} INFO - Setting next_dagrun for example_short_circuit_decorator to 2025-09-02T18:22:18.372954+00:00, run_after=2025-09-03T18:22:18.372954+00:00
[2025-09-03T20:22:18.396+0200] {processor.py:175} INFO - Processing /home/varun/miniconda3/envs/python38/lib/python3.8/site-packages/airflow/example_dags/example_short_circuit_decorator.py took 0.181 seconds
[2025-09-03T20:23:11.742+0200] {processor.py:153} INFO - Started process (PID=5251) to work on /home/varun/miniconda3/envs/python38/lib/python3.8/site-packages/airflow/example_dags/example_short_circuit_decorator.py
[2025-09-03T20:23:11.744+0200] {processor.py:743} INFO - Processing file /home/varun/miniconda3/envs/python38/lib/python3.8/site-packages/airflow/example_dags/example_short_circuit_decorator.py for tasks to queue
[2025-09-03T20:23:11.744+0200] {logging_mixin.py:137} INFO - [2025-09-03T20:23:11.744+0200] {dagbag.py:532} INFO - Filling up the DagBag from /home/varun/miniconda3/envs/python38/lib/python3.8/site-packages/airflow/example_dags/example_short_circuit_decorator.py
[2025-09-03T20:23:11.856+0200] {processor.py:753} INFO - DAG(s) dict_keys(['example_short_circuit_decorator']) retrieved from /home/varun/miniconda3/envs/python38/lib/python3.8/site-packages/airflow/example_dags/example_short_circuit_decorator.py
[2025-09-03T20:23:11.873+0200] {logging_mixin.py:137} INFO - [2025-09-03T20:23:11.873+0200] {dag.py:2705} INFO - Sync 1 DAGs
[2025-09-03T20:23:11.890+0200] {logging_mixin.py:137} INFO - [2025-09-03T20:23:11.890+0200] {dag.py:3452} INFO - Setting next_dagrun for example_short_circuit_decorator to 2025-09-02T18:23:11.889972+00:00, run_after=2025-09-03T18:23:11.889972+00:00
[2025-09-03T20:23:11.911+0200] {processor.py:175} INFO - Processing /home/varun/miniconda3/envs/python38/lib/python3.8/site-packages/airflow/example_dags/example_short_circuit_decorator.py took 0.172 seconds
[2025-09-03T20:23:57.045+0200] {processor.py:153} INFO - Started process (PID=5294) to work on /home/varun/miniconda3/envs/python38/lib/python3.8/site-packages/airflow/example_dags/example_short_circuit_decorator.py
[2025-09-03T20:23:57.046+0200] {processor.py:743} INFO - Processing file /home/varun/miniconda3/envs/python38/lib/python3.8/site-packages/airflow/example_dags/example_short_circuit_decorator.py for tasks to queue
[2025-09-03T20:23:57.047+0200] {logging_mixin.py:137} INFO - [2025-09-03T20:23:57.046+0200] {dagbag.py:532} INFO - Filling up the DagBag from /home/varun/miniconda3/envs/python38/lib/python3.8/site-packages/airflow/example_dags/example_short_circuit_decorator.py
[2025-09-03T20:23:57.070+0200] {processor.py:753} INFO - DAG(s) dict_keys(['example_short_circuit_decorator']) retrieved from /home/varun/miniconda3/envs/python38/lib/python3.8/site-packages/airflow/example_dags/example_short_circuit_decorator.py
[2025-09-03T20:23:57.091+0200] {logging_mixin.py:137} INFO - [2025-09-03T20:23:57.091+0200] {dag.py:2705} INFO - Sync 1 DAGs
[2025-09-03T20:23:57.111+0200] {logging_mixin.py:137} INFO - [2025-09-03T20:23:57.111+0200] {dag.py:3452} INFO - Setting next_dagrun for example_short_circuit_decorator to 2025-09-02T18:23:57.111259+00:00, run_after=2025-09-03T18:23:57.111259+00:00
[2025-09-03T20:23:57.138+0200] {processor.py:175} INFO - Processing /home/varun/miniconda3/envs/python38/lib/python3.8/site-packages/airflow/example_dags/example_short_circuit_decorator.py took 0.097 seconds
[2025-09-03T20:24:42.468+0200] {processor.py:153} INFO - Started process (PID=5336) to work on /home/varun/miniconda3/envs/python38/lib/python3.8/site-packages/airflow/example_dags/example_short_circuit_decorator.py
[2025-09-03T20:24:42.469+0200] {processor.py:743} INFO - Processing file /home/varun/miniconda3/envs/python38/lib/python3.8/site-packages/airflow/example_dags/example_short_circuit_decorator.py for tasks to queue
[2025-09-03T20:24:42.470+0200] {logging_mixin.py:137} INFO - [2025-09-03T20:24:42.470+0200] {dagbag.py:532} INFO - Filling up the DagBag from /home/varun/miniconda3/envs/python38/lib/python3.8/site-packages/airflow/example_dags/example_short_circuit_decorator.py
[2025-09-03T20:24:42.490+0200] {processor.py:753} INFO - DAG(s) dict_keys(['example_short_circuit_decorator']) retrieved from /home/varun/miniconda3/envs/python38/lib/python3.8/site-packages/airflow/example_dags/example_short_circuit_decorator.py
[2025-09-03T20:24:42.509+0200] {logging_mixin.py:137} INFO - [2025-09-03T20:24:42.508+0200] {dag.py:2705} INFO - Sync 1 DAGs
[2025-09-03T20:24:42.523+0200] {logging_mixin.py:137} INFO - [2025-09-03T20:24:42.523+0200] {dag.py:3452} INFO - Setting next_dagrun for example_short_circuit_decorator to 2025-09-02T18:24:42.523326+00:00, run_after=2025-09-03T18:24:42.523326+00:00
[2025-09-03T20:24:42.544+0200] {processor.py:175} INFO - Processing /home/varun/miniconda3/envs/python38/lib/python3.8/site-packages/airflow/example_dags/example_short_circuit_decorator.py took 0.079 seconds
[2025-09-03T20:25:30.222+0200] {processor.py:153} INFO - Started process (PID=5378) to work on /home/varun/miniconda3/envs/python38/lib/python3.8/site-packages/airflow/example_dags/example_short_circuit_decorator.py
[2025-09-03T20:25:30.224+0200] {processor.py:743} INFO - Processing file /home/varun/miniconda3/envs/python38/lib/python3.8/site-packages/airflow/example_dags/example_short_circuit_decorator.py for tasks to queue
[2025-09-03T20:25:30.225+0200] {logging_mixin.py:137} INFO - [2025-09-03T20:25:30.225+0200] {dagbag.py:532} INFO - Filling up the DagBag from /home/varun/miniconda3/envs/python38/lib/python3.8/site-packages/airflow/example_dags/example_short_circuit_decorator.py
[2025-09-03T20:25:30.251+0200] {processor.py:753} INFO - DAG(s) dict_keys(['example_short_circuit_decorator']) retrieved from /home/varun/miniconda3/envs/python38/lib/python3.8/site-packages/airflow/example_dags/example_short_circuit_decorator.py
[2025-09-03T20:25:30.273+0200] {logging_mixin.py:137} INFO - [2025-09-03T20:25:30.272+0200] {dag.py:2705} INFO - Sync 1 DAGs
[2025-09-03T20:25:30.295+0200] {logging_mixin.py:137} INFO - [2025-09-03T20:25:30.295+0200] {dag.py:3452} INFO - Setting next_dagrun for example_short_circuit_decorator to 2025-09-02T18:25:30.294743+00:00, run_after=2025-09-03T18:25:30.294743+00:00
[2025-09-03T20:25:30.321+0200] {processor.py:175} INFO - Processing /home/varun/miniconda3/envs/python38/lib/python3.8/site-packages/airflow/example_dags/example_short_circuit_decorator.py took 0.103 seconds
[2025-09-03T20:26:13.945+0200] {processor.py:153} INFO - Started process (PID=5420) to work on /home/varun/miniconda3/envs/python38/lib/python3.8/site-packages/airflow/example_dags/example_short_circuit_decorator.py
[2025-09-03T20:26:13.947+0200] {processor.py:743} INFO - Processing file /home/varun/miniconda3/envs/python38/lib/python3.8/site-packages/airflow/example_dags/example_short_circuit_decorator.py for tasks to queue
[2025-09-03T20:26:13.948+0200] {logging_mixin.py:137} INFO - [2025-09-03T20:26:13.948+0200] {dagbag.py:532} INFO - Filling up the DagBag from /home/varun/miniconda3/envs/python38/lib/python3.8/site-packages/airflow/example_dags/example_short_circuit_decorator.py
[2025-09-03T20:26:13.970+0200] {processor.py:753} INFO - DAG(s) dict_keys(['example_short_circuit_decorator']) retrieved from /home/varun/miniconda3/envs/python38/lib/python3.8/site-packages/airflow/example_dags/example_short_circuit_decorator.py
[2025-09-03T20:26:13.988+0200] {logging_mixin.py:137} INFO - [2025-09-03T20:26:13.988+0200] {dag.py:2705} INFO - Sync 1 DAGs
[2025-09-03T20:26:14.007+0200] {logging_mixin.py:137} INFO - [2025-09-03T20:26:14.007+0200] {dag.py:3452} INFO - Setting next_dagrun for example_short_circuit_decorator to 2025-09-02T18:26:14.007191+00:00, run_after=2025-09-03T18:26:14.007191+00:00
[2025-09-03T20:26:14.040+0200] {processor.py:175} INFO - Processing /home/varun/miniconda3/envs/python38/lib/python3.8/site-packages/airflow/example_dags/example_short_circuit_decorator.py took 0.098 seconds
[2025-09-03T20:27:00.334+0200] {processor.py:153} INFO - Started process (PID=5462) to work on /home/varun/miniconda3/envs/python38/lib/python3.8/site-packages/airflow/example_dags/example_short_circuit_decorator.py
[2025-09-03T20:27:00.335+0200] {processor.py:743} INFO - Processing file /home/varun/miniconda3/envs/python38/lib/python3.8/site-packages/airflow/example_dags/example_short_circuit_decorator.py for tasks to queue
[2025-09-03T20:27:00.336+0200] {logging_mixin.py:137} INFO - [2025-09-03T20:27:00.336+0200] {dagbag.py:532} INFO - Filling up the DagBag from /home/varun/miniconda3/envs/python38/lib/python3.8/site-packages/airflow/example_dags/example_short_circuit_decorator.py
[2025-09-03T20:27:00.357+0200] {processor.py:753} INFO - DAG(s) dict_keys(['example_short_circuit_decorator']) retrieved from /home/varun/miniconda3/envs/python38/lib/python3.8/site-packages/airflow/example_dags/example_short_circuit_decorator.py
[2025-09-03T20:27:00.374+0200] {logging_mixin.py:137} INFO - [2025-09-03T20:27:00.374+0200] {dag.py:2705} INFO - Sync 1 DAGs
[2025-09-03T20:27:00.389+0200] {logging_mixin.py:137} INFO - [2025-09-03T20:27:00.389+0200] {dag.py:3452} INFO - Setting next_dagrun for example_short_circuit_decorator to 2025-09-02T18:27:00.389087+00:00, run_after=2025-09-03T18:27:00.389087+00:00
[2025-09-03T20:27:00.409+0200] {processor.py:175} INFO - Processing /home/varun/miniconda3/envs/python38/lib/python3.8/site-packages/airflow/example_dags/example_short_circuit_decorator.py took 0.079 seconds
[2025-09-03T20:27:46.361+0200] {processor.py:153} INFO - Started process (PID=5504) to work on /home/varun/miniconda3/envs/python38/lib/python3.8/site-packages/airflow/example_dags/example_short_circuit_decorator.py
[2025-09-03T20:27:46.363+0200] {processor.py:743} INFO - Processing file /home/varun/miniconda3/envs/python38/lib/python3.8/site-packages/airflow/example_dags/example_short_circuit_decorator.py for tasks to queue
[2025-09-03T20:27:46.363+0200] {logging_mixin.py:137} INFO - [2025-09-03T20:27:46.363+0200] {dagbag.py:532} INFO - Filling up the DagBag from /home/varun/miniconda3/envs/python38/lib/python3.8/site-packages/airflow/example_dags/example_short_circuit_decorator.py
[2025-09-03T20:27:46.387+0200] {processor.py:753} INFO - DAG(s) dict_keys(['example_short_circuit_decorator']) retrieved from /home/varun/miniconda3/envs/python38/lib/python3.8/site-packages/airflow/example_dags/example_short_circuit_decorator.py
[2025-09-03T20:27:46.409+0200] {logging_mixin.py:137} INFO - [2025-09-03T20:27:46.409+0200] {dag.py:2705} INFO - Sync 1 DAGs
[2025-09-03T20:27:46.428+0200] {logging_mixin.py:137} INFO - [2025-09-03T20:27:46.428+0200] {dag.py:3452} INFO - Setting next_dagrun for example_short_circuit_decorator to 2025-09-02T18:27:46.427958+00:00, run_after=2025-09-03T18:27:46.427958+00:00
[2025-09-03T20:27:46.455+0200] {processor.py:175} INFO - Processing /home/varun/miniconda3/envs/python38/lib/python3.8/site-packages/airflow/example_dags/example_short_circuit_decorator.py took 0.099 seconds
[2025-09-03T20:28:35.674+0200] {processor.py:153} INFO - Started process (PID=5546) to work on /home/varun/miniconda3/envs/python38/lib/python3.8/site-packages/airflow/example_dags/example_short_circuit_decorator.py
[2025-09-03T20:28:35.676+0200] {processor.py:743} INFO - Processing file /home/varun/miniconda3/envs/python38/lib/python3.8/site-packages/airflow/example_dags/example_short_circuit_decorator.py for tasks to queue
[2025-09-03T20:28:35.676+0200] {logging_mixin.py:137} INFO - [2025-09-03T20:28:35.676+0200] {dagbag.py:532} INFO - Filling up the DagBag from /home/varun/miniconda3/envs/python38/lib/python3.8/site-packages/airflow/example_dags/example_short_circuit_decorator.py
[2025-09-03T20:28:35.698+0200] {processor.py:753} INFO - DAG(s) dict_keys(['example_short_circuit_decorator']) retrieved from /home/varun/miniconda3/envs/python38/lib/python3.8/site-packages/airflow/example_dags/example_short_circuit_decorator.py
[2025-09-03T20:28:35.716+0200] {logging_mixin.py:137} INFO - [2025-09-03T20:28:35.716+0200] {dag.py:2705} INFO - Sync 1 DAGs
[2025-09-03T20:28:35.730+0200] {logging_mixin.py:137} INFO - [2025-09-03T20:28:35.730+0200] {dag.py:3452} INFO - Setting next_dagrun for example_short_circuit_decorator to 2025-09-02T18:28:35.730534+00:00, run_after=2025-09-03T18:28:35.730534+00:00
[2025-09-03T20:28:35.753+0200] {processor.py:175} INFO - Processing /home/varun/miniconda3/envs/python38/lib/python3.8/site-packages/airflow/example_dags/example_short_circuit_decorator.py took 0.081 seconds
[2025-09-03T20:29:22.358+0200] {processor.py:153} INFO - Started process (PID=5589) to work on /home/varun/miniconda3/envs/python38/lib/python3.8/site-packages/airflow/example_dags/example_short_circuit_decorator.py
[2025-09-03T20:29:22.360+0200] {processor.py:743} INFO - Processing file /home/varun/miniconda3/envs/python38/lib/python3.8/site-packages/airflow/example_dags/example_short_circuit_decorator.py for tasks to queue
[2025-09-03T20:29:22.361+0200] {logging_mixin.py:137} INFO - [2025-09-03T20:29:22.361+0200] {dagbag.py:532} INFO - Filling up the DagBag from /home/varun/miniconda3/envs/python38/lib/python3.8/site-packages/airflow/example_dags/example_short_circuit_decorator.py
[2025-09-03T20:29:22.382+0200] {processor.py:753} INFO - DAG(s) dict_keys(['example_short_circuit_decorator']) retrieved from /home/varun/miniconda3/envs/python38/lib/python3.8/site-packages/airflow/example_dags/example_short_circuit_decorator.py
[2025-09-03T20:29:22.398+0200] {logging_mixin.py:137} INFO - [2025-09-03T20:29:22.398+0200] {dag.py:2705} INFO - Sync 1 DAGs
[2025-09-03T20:29:22.412+0200] {logging_mixin.py:137} INFO - [2025-09-03T20:29:22.412+0200] {dag.py:3452} INFO - Setting next_dagrun for example_short_circuit_decorator to 2025-09-02T18:29:22.412529+00:00, run_after=2025-09-03T18:29:22.412529+00:00
[2025-09-03T20:29:22.434+0200] {processor.py:175} INFO - Processing /home/varun/miniconda3/envs/python38/lib/python3.8/site-packages/airflow/example_dags/example_short_circuit_decorator.py took 0.079 seconds
[2025-09-03T20:30:07.754+0200] {processor.py:153} INFO - Started process (PID=5631) to work on /home/varun/miniconda3/envs/python38/lib/python3.8/site-packages/airflow/example_dags/example_short_circuit_decorator.py
[2025-09-03T20:30:07.756+0200] {processor.py:743} INFO - Processing file /home/varun/miniconda3/envs/python38/lib/python3.8/site-packages/airflow/example_dags/example_short_circuit_decorator.py for tasks to queue
[2025-09-03T20:30:07.756+0200] {logging_mixin.py:137} INFO - [2025-09-03T20:30:07.756+0200] {dagbag.py:532} INFO - Filling up the DagBag from /home/varun/miniconda3/envs/python38/lib/python3.8/site-packages/airflow/example_dags/example_short_circuit_decorator.py
[2025-09-03T20:30:07.783+0200] {processor.py:753} INFO - DAG(s) dict_keys(['example_short_circuit_decorator']) retrieved from /home/varun/miniconda3/envs/python38/lib/python3.8/site-packages/airflow/example_dags/example_short_circuit_decorator.py
[2025-09-03T20:30:07.810+0200] {logging_mixin.py:137} INFO - [2025-09-03T20:30:07.810+0200] {dag.py:2705} INFO - Sync 1 DAGs
[2025-09-03T20:30:07.869+0200] {logging_mixin.py:137} INFO - [2025-09-03T20:30:07.869+0200] {dag.py:3452} INFO - Setting next_dagrun for example_short_circuit_decorator to 2025-09-02T18:30:07.868809+00:00, run_after=2025-09-03T18:30:07.868809+00:00
[2025-09-03T20:30:07.903+0200] {processor.py:175} INFO - Processing /home/varun/miniconda3/envs/python38/lib/python3.8/site-packages/airflow/example_dags/example_short_circuit_decorator.py took 0.152 seconds
[2025-09-03T20:30:56.465+0200] {processor.py:153} INFO - Started process (PID=5673) to work on /home/varun/miniconda3/envs/python38/lib/python3.8/site-packages/airflow/example_dags/example_short_circuit_decorator.py
[2025-09-03T20:30:56.467+0200] {processor.py:743} INFO - Processing file /home/varun/miniconda3/envs/python38/lib/python3.8/site-packages/airflow/example_dags/example_short_circuit_decorator.py for tasks to queue
[2025-09-03T20:30:56.467+0200] {logging_mixin.py:137} INFO - [2025-09-03T20:30:56.467+0200] {dagbag.py:532} INFO - Filling up the DagBag from /home/varun/miniconda3/envs/python38/lib/python3.8/site-packages/airflow/example_dags/example_short_circuit_decorator.py
[2025-09-03T20:30:56.487+0200] {processor.py:753} INFO - DAG(s) dict_keys(['example_short_circuit_decorator']) retrieved from /home/varun/miniconda3/envs/python38/lib/python3.8/site-packages/airflow/example_dags/example_short_circuit_decorator.py
[2025-09-03T20:30:56.504+0200] {logging_mixin.py:137} INFO - [2025-09-03T20:30:56.504+0200] {dag.py:2705} INFO - Sync 1 DAGs
[2025-09-03T20:30:56.519+0200] {logging_mixin.py:137} INFO - [2025-09-03T20:30:56.519+0200] {dag.py:3452} INFO - Setting next_dagrun for example_short_circuit_decorator to 2025-09-02T18:30:56.519096+00:00, run_after=2025-09-03T18:30:56.519096+00:00
[2025-09-03T20:30:56.541+0200] {processor.py:175} INFO - Processing /home/varun/miniconda3/envs/python38/lib/python3.8/site-packages/airflow/example_dags/example_short_circuit_decorator.py took 0.080 seconds
[2025-09-03T20:31:40.069+0200] {processor.py:153} INFO - Started process (PID=5715) to work on /home/varun/miniconda3/envs/python38/lib/python3.8/site-packages/airflow/example_dags/example_short_circuit_decorator.py
[2025-09-03T20:31:40.071+0200] {processor.py:743} INFO - Processing file /home/varun/miniconda3/envs/python38/lib/python3.8/site-packages/airflow/example_dags/example_short_circuit_decorator.py for tasks to queue
[2025-09-03T20:31:40.072+0200] {logging_mixin.py:137} INFO - [2025-09-03T20:31:40.071+0200] {dagbag.py:532} INFO - Filling up the DagBag from /home/varun/miniconda3/envs/python38/lib/python3.8/site-packages/airflow/example_dags/example_short_circuit_decorator.py
[2025-09-03T20:31:40.093+0200] {processor.py:753} INFO - DAG(s) dict_keys(['example_short_circuit_decorator']) retrieved from /home/varun/miniconda3/envs/python38/lib/python3.8/site-packages/airflow/example_dags/example_short_circuit_decorator.py
[2025-09-03T20:31:40.111+0200] {logging_mixin.py:137} INFO - [2025-09-03T20:31:40.111+0200] {dag.py:2705} INFO - Sync 1 DAGs
[2025-09-03T20:31:40.126+0200] {logging_mixin.py:137} INFO - [2025-09-03T20:31:40.126+0200] {dag.py:3452} INFO - Setting next_dagrun for example_short_circuit_decorator to 2025-09-02T18:31:40.126096+00:00, run_after=2025-09-03T18:31:40.126096+00:00
[2025-09-03T20:31:40.147+0200] {processor.py:175} INFO - Processing /home/varun/miniconda3/envs/python38/lib/python3.8/site-packages/airflow/example_dags/example_short_circuit_decorator.py took 0.081 seconds
[2025-09-03T20:32:24.761+0200] {processor.py:153} INFO - Started process (PID=5757) to work on /home/varun/miniconda3/envs/python38/lib/python3.8/site-packages/airflow/example_dags/example_short_circuit_decorator.py
[2025-09-03T20:32:24.762+0200] {processor.py:743} INFO - Processing file /home/varun/miniconda3/envs/python38/lib/python3.8/site-packages/airflow/example_dags/example_short_circuit_decorator.py for tasks to queue
[2025-09-03T20:32:24.763+0200] {logging_mixin.py:137} INFO - [2025-09-03T20:32:24.762+0200] {dagbag.py:532} INFO - Filling up the DagBag from /home/varun/miniconda3/envs/python38/lib/python3.8/site-packages/airflow/example_dags/example_short_circuit_decorator.py
[2025-09-03T20:32:24.783+0200] {processor.py:753} INFO - DAG(s) dict_keys(['example_short_circuit_decorator']) retrieved from /home/varun/miniconda3/envs/python38/lib/python3.8/site-packages/airflow/example_dags/example_short_circuit_decorator.py
[2025-09-03T20:32:24.801+0200] {logging_mixin.py:137} INFO - [2025-09-03T20:32:24.800+0200] {dag.py:2705} INFO - Sync 1 DAGs
[2025-09-03T20:32:24.815+0200] {logging_mixin.py:137} INFO - [2025-09-03T20:32:24.815+0200] {dag.py:3452} INFO - Setting next_dagrun for example_short_circuit_decorator to 2025-09-02T18:32:24.815507+00:00, run_after=2025-09-03T18:32:24.815507+00:00
[2025-09-03T20:32:24.836+0200] {processor.py:175} INFO - Processing /home/varun/miniconda3/envs/python38/lib/python3.8/site-packages/airflow/example_dags/example_short_circuit_decorator.py took 0.079 seconds
[2025-09-03T20:33:14.622+0200] {processor.py:153} INFO - Started process (PID=5799) to work on /home/varun/miniconda3/envs/python38/lib/python3.8/site-packages/airflow/example_dags/example_short_circuit_decorator.py
[2025-09-03T20:33:14.624+0200] {processor.py:743} INFO - Processing file /home/varun/miniconda3/envs/python38/lib/python3.8/site-packages/airflow/example_dags/example_short_circuit_decorator.py for tasks to queue
[2025-09-03T20:33:14.625+0200] {logging_mixin.py:137} INFO - [2025-09-03T20:33:14.625+0200] {dagbag.py:532} INFO - Filling up the DagBag from /home/varun/miniconda3/envs/python38/lib/python3.8/site-packages/airflow/example_dags/example_short_circuit_decorator.py
[2025-09-03T20:33:14.645+0200] {processor.py:753} INFO - DAG(s) dict_keys(['example_short_circuit_decorator']) retrieved from /home/varun/miniconda3/envs/python38/lib/python3.8/site-packages/airflow/example_dags/example_short_circuit_decorator.py
[2025-09-03T20:33:14.664+0200] {logging_mixin.py:137} INFO - [2025-09-03T20:33:14.663+0200] {dag.py:2705} INFO - Sync 1 DAGs
[2025-09-03T20:33:14.679+0200] {logging_mixin.py:137} INFO - [2025-09-03T20:33:14.679+0200] {dag.py:3452} INFO - Setting next_dagrun for example_short_circuit_decorator to 2025-09-02T18:33:14.679286+00:00, run_after=2025-09-03T18:33:14.679286+00:00
[2025-09-03T20:33:14.700+0200] {processor.py:175} INFO - Processing /home/varun/miniconda3/envs/python38/lib/python3.8/site-packages/airflow/example_dags/example_short_circuit_decorator.py took 0.081 seconds
[2025-09-03T20:33:59.746+0200] {processor.py:153} INFO - Started process (PID=5841) to work on /home/varun/miniconda3/envs/python38/lib/python3.8/site-packages/airflow/example_dags/example_short_circuit_decorator.py
[2025-09-03T20:33:59.748+0200] {processor.py:743} INFO - Processing file /home/varun/miniconda3/envs/python38/lib/python3.8/site-packages/airflow/example_dags/example_short_circuit_decorator.py for tasks to queue
[2025-09-03T20:33:59.748+0200] {logging_mixin.py:137} INFO - [2025-09-03T20:33:59.748+0200] {dagbag.py:532} INFO - Filling up the DagBag from /home/varun/miniconda3/envs/python38/lib/python3.8/site-packages/airflow/example_dags/example_short_circuit_decorator.py
[2025-09-03T20:33:59.769+0200] {processor.py:753} INFO - DAG(s) dict_keys(['example_short_circuit_decorator']) retrieved from /home/varun/miniconda3/envs/python38/lib/python3.8/site-packages/airflow/example_dags/example_short_circuit_decorator.py
[2025-09-03T20:33:59.791+0200] {logging_mixin.py:137} INFO - [2025-09-03T20:33:59.791+0200] {dag.py:2705} INFO - Sync 1 DAGs
[2025-09-03T20:33:59.809+0200] {logging_mixin.py:137} INFO - [2025-09-03T20:33:59.809+0200] {dag.py:3452} INFO - Setting next_dagrun for example_short_circuit_decorator to 2025-09-02T18:33:59.809026+00:00, run_after=2025-09-03T18:33:59.809026+00:00
[2025-09-03T20:33:59.834+0200] {processor.py:175} INFO - Processing /home/varun/miniconda3/envs/python38/lib/python3.8/site-packages/airflow/example_dags/example_short_circuit_decorator.py took 0.091 seconds
[2025-09-03T20:34:44.010+0200] {processor.py:153} INFO - Started process (PID=5883) to work on /home/varun/miniconda3/envs/python38/lib/python3.8/site-packages/airflow/example_dags/example_short_circuit_decorator.py
[2025-09-03T20:34:44.012+0200] {processor.py:743} INFO - Processing file /home/varun/miniconda3/envs/python38/lib/python3.8/site-packages/airflow/example_dags/example_short_circuit_decorator.py for tasks to queue
[2025-09-03T20:34:44.013+0200] {logging_mixin.py:137} INFO - [2025-09-03T20:34:44.013+0200] {dagbag.py:532} INFO - Filling up the DagBag from /home/varun/miniconda3/envs/python38/lib/python3.8/site-packages/airflow/example_dags/example_short_circuit_decorator.py
[2025-09-03T20:34:44.033+0200] {processor.py:753} INFO - DAG(s) dict_keys(['example_short_circuit_decorator']) retrieved from /home/varun/miniconda3/envs/python38/lib/python3.8/site-packages/airflow/example_dags/example_short_circuit_decorator.py
[2025-09-03T20:34:44.050+0200] {logging_mixin.py:137} INFO - [2025-09-03T20:34:44.050+0200] {dag.py:2705} INFO - Sync 1 DAGs
[2025-09-03T20:34:44.064+0200] {logging_mixin.py:137} INFO - [2025-09-03T20:34:44.064+0200] {dag.py:3452} INFO - Setting next_dagrun for example_short_circuit_decorator to 2025-09-02T18:34:44.064433+00:00, run_after=2025-09-03T18:34:44.064433+00:00
[2025-09-03T20:34:44.084+0200] {processor.py:175} INFO - Processing /home/varun/miniconda3/envs/python38/lib/python3.8/site-packages/airflow/example_dags/example_short_circuit_decorator.py took 0.077 seconds
[2025-09-03T20:35:29.177+0200] {processor.py:153} INFO - Started process (PID=5926) to work on /home/varun/miniconda3/envs/python38/lib/python3.8/site-packages/airflow/example_dags/example_short_circuit_decorator.py
[2025-09-03T20:35:29.179+0200] {processor.py:743} INFO - Processing file /home/varun/miniconda3/envs/python38/lib/python3.8/site-packages/airflow/example_dags/example_short_circuit_decorator.py for tasks to queue
[2025-09-03T20:35:29.179+0200] {logging_mixin.py:137} INFO - [2025-09-03T20:35:29.179+0200] {dagbag.py:532} INFO - Filling up the DagBag from /home/varun/miniconda3/envs/python38/lib/python3.8/site-packages/airflow/example_dags/example_short_circuit_decorator.py
[2025-09-03T20:35:29.200+0200] {processor.py:753} INFO - DAG(s) dict_keys(['example_short_circuit_decorator']) retrieved from /home/varun/miniconda3/envs/python38/lib/python3.8/site-packages/airflow/example_dags/example_short_circuit_decorator.py
[2025-09-03T20:35:29.216+0200] {logging_mixin.py:137} INFO - [2025-09-03T20:35:29.216+0200] {dag.py:2705} INFO - Sync 1 DAGs
[2025-09-03T20:35:29.231+0200] {logging_mixin.py:137} INFO - [2025-09-03T20:35:29.231+0200] {dag.py:3452} INFO - Setting next_dagrun for example_short_circuit_decorator to 2025-09-02T18:35:29.231300+00:00, run_after=2025-09-03T18:35:29.231300+00:00
[2025-09-03T20:35:29.253+0200] {processor.py:175} INFO - Processing /home/varun/miniconda3/envs/python38/lib/python3.8/site-packages/airflow/example_dags/example_short_circuit_decorator.py took 0.079 seconds
[2025-09-03T20:36:17.563+0200] {processor.py:153} INFO - Started process (PID=5968) to work on /home/varun/miniconda3/envs/python38/lib/python3.8/site-packages/airflow/example_dags/example_short_circuit_decorator.py
[2025-09-03T20:36:17.565+0200] {processor.py:743} INFO - Processing file /home/varun/miniconda3/envs/python38/lib/python3.8/site-packages/airflow/example_dags/example_short_circuit_decorator.py for tasks to queue
[2025-09-03T20:36:17.566+0200] {logging_mixin.py:137} INFO - [2025-09-03T20:36:17.565+0200] {dagbag.py:532} INFO - Filling up the DagBag from /home/varun/miniconda3/envs/python38/lib/python3.8/site-packages/airflow/example_dags/example_short_circuit_decorator.py
[2025-09-03T20:36:17.588+0200] {processor.py:753} INFO - DAG(s) dict_keys(['example_short_circuit_decorator']) retrieved from /home/varun/miniconda3/envs/python38/lib/python3.8/site-packages/airflow/example_dags/example_short_circuit_decorator.py
[2025-09-03T20:36:17.610+0200] {logging_mixin.py:137} INFO - [2025-09-03T20:36:17.609+0200] {dag.py:2705} INFO - Sync 1 DAGs
[2025-09-03T20:36:17.626+0200] {logging_mixin.py:137} INFO - [2025-09-03T20:36:17.626+0200] {dag.py:3452} INFO - Setting next_dagrun for example_short_circuit_decorator to 2025-09-02T18:36:17.626021+00:00, run_after=2025-09-03T18:36:17.626021+00:00
[2025-09-03T20:36:17.649+0200] {processor.py:175} INFO - Processing /home/varun/miniconda3/envs/python38/lib/python3.8/site-packages/airflow/example_dags/example_short_circuit_decorator.py took 0.089 seconds
