[2025-09-03T19:42:19.440+0200] {processor.py:153} INFO - Started process (PID=3086) to work on /home/varun/miniconda3/envs/python38/lib/python3.8/site-packages/airflow/example_dags/example_task_group.py
[2025-09-03T19:42:19.441+0200] {processor.py:743} INFO - Processing file /home/varun/miniconda3/envs/python38/lib/python3.8/site-packages/airflow/example_dags/example_task_group.py for tasks to queue
[2025-09-03T19:42:19.441+0200] {logging_mixin.py:137} INFO - [2025-09-03T19:42:19.441+0200] {dagbag.py:532} INFO - Filling up the DagBag from /home/varun/miniconda3/envs/python38/lib/python3.8/site-packages/airflow/example_dags/example_task_group.py
[2025-09-03T19:42:19.458+0200] {processor.py:753} INFO - DAG(s) dict_keys(['example_task_group']) retrieved from /home/varun/miniconda3/envs/python38/lib/python3.8/site-packages/airflow/example_dags/example_task_group.py
[2025-09-03T19:42:19.567+0200] {logging_mixin.py:137} INFO - [2025-09-03T19:42:19.567+0200] {manager.py:504} INFO - Created Permission View: can edit on DAG:example_task_group
[2025-09-03T19:42:19.579+0200] {logging_mixin.py:137} INFO - [2025-09-03T19:42:19.579+0200] {manager.py:504} INFO - Created Permission View: can delete on DAG:example_task_group
[2025-09-03T19:42:19.593+0200] {logging_mixin.py:137} INFO - [2025-09-03T19:42:19.593+0200] {manager.py:504} INFO - Created Permission View: can read on DAG:example_task_group
[2025-09-03T19:42:19.593+0200] {logging_mixin.py:137} INFO - [2025-09-03T19:42:19.593+0200] {dag.py:2705} INFO - Sync 1 DAGs
[2025-09-03T19:42:19.604+0200] {logging_mixin.py:137} INFO - [2025-09-03T19:42:19.604+0200] {dag.py:2726} INFO - Creating ORM DAG for example_task_group
[2025-09-03T19:42:19.613+0200] {logging_mixin.py:137} INFO - [2025-09-03T19:42:19.613+0200] {dag.py:3452} INFO - Setting next_dagrun for example_task_group to 2025-09-02T17:42:19.613380+00:00, run_after=2025-09-03T17:42:19.613380+00:00
[2025-09-03T19:42:19.636+0200] {processor.py:175} INFO - Processing /home/varun/miniconda3/envs/python38/lib/python3.8/site-packages/airflow/example_dags/example_task_group.py took 0.199 seconds
[2025-09-03T19:43:12.866+0200] {processor.py:153} INFO - Started process (PID=3128) to work on /home/varun/miniconda3/envs/python38/lib/python3.8/site-packages/airflow/example_dags/example_task_group.py
[2025-09-03T19:43:12.868+0200] {processor.py:743} INFO - Processing file /home/varun/miniconda3/envs/python38/lib/python3.8/site-packages/airflow/example_dags/example_task_group.py for tasks to queue
[2025-09-03T19:43:12.870+0200] {logging_mixin.py:137} INFO - [2025-09-03T19:43:12.869+0200] {dagbag.py:532} INFO - Filling up the DagBag from /home/varun/miniconda3/envs/python38/lib/python3.8/site-packages/airflow/example_dags/example_task_group.py
[2025-09-03T19:43:12.897+0200] {processor.py:753} INFO - DAG(s) dict_keys(['example_task_group']) retrieved from /home/varun/miniconda3/envs/python38/lib/python3.8/site-packages/airflow/example_dags/example_task_group.py
[2025-09-03T19:43:12.923+0200] {logging_mixin.py:137} INFO - [2025-09-03T19:43:12.923+0200] {dag.py:2705} INFO - Sync 1 DAGs
[2025-09-03T19:43:12.945+0200] {logging_mixin.py:137} INFO - [2025-09-03T19:43:12.945+0200] {dag.py:3452} INFO - Setting next_dagrun for example_task_group to 2025-09-02T17:43:12.944681+00:00, run_after=2025-09-03T17:43:12.944681+00:00
[2025-09-03T19:43:12.988+0200] {processor.py:175} INFO - Processing /home/varun/miniconda3/envs/python38/lib/python3.8/site-packages/airflow/example_dags/example_task_group.py took 0.127 seconds
[2025-09-03T19:43:58.552+0200] {processor.py:153} INFO - Started process (PID=3170) to work on /home/varun/miniconda3/envs/python38/lib/python3.8/site-packages/airflow/example_dags/example_task_group.py
[2025-09-03T19:43:58.554+0200] {processor.py:743} INFO - Processing file /home/varun/miniconda3/envs/python38/lib/python3.8/site-packages/airflow/example_dags/example_task_group.py for tasks to queue
[2025-09-03T19:43:58.555+0200] {logging_mixin.py:137} INFO - [2025-09-03T19:43:58.554+0200] {dagbag.py:532} INFO - Filling up the DagBag from /home/varun/miniconda3/envs/python38/lib/python3.8/site-packages/airflow/example_dags/example_task_group.py
[2025-09-03T19:43:58.572+0200] {processor.py:753} INFO - DAG(s) dict_keys(['example_task_group']) retrieved from /home/varun/miniconda3/envs/python38/lib/python3.8/site-packages/airflow/example_dags/example_task_group.py
[2025-09-03T19:43:58.590+0200] {logging_mixin.py:137} INFO - [2025-09-03T19:43:58.590+0200] {dag.py:2705} INFO - Sync 1 DAGs
[2025-09-03T19:43:58.609+0200] {logging_mixin.py:137} INFO - [2025-09-03T19:43:58.609+0200] {dag.py:3452} INFO - Setting next_dagrun for example_task_group to 2025-09-02T17:43:58.609067+00:00, run_after=2025-09-03T17:43:58.609067+00:00
[2025-09-03T19:43:58.632+0200] {processor.py:175} INFO - Processing /home/varun/miniconda3/envs/python38/lib/python3.8/site-packages/airflow/example_dags/example_task_group.py took 0.083 seconds
[2025-09-03T19:44:45.910+0200] {processor.py:153} INFO - Started process (PID=3212) to work on /home/varun/miniconda3/envs/python38/lib/python3.8/site-packages/airflow/example_dags/example_task_group.py
[2025-09-03T19:44:45.912+0200] {processor.py:743} INFO - Processing file /home/varun/miniconda3/envs/python38/lib/python3.8/site-packages/airflow/example_dags/example_task_group.py for tasks to queue
[2025-09-03T19:44:45.913+0200] {logging_mixin.py:137} INFO - [2025-09-03T19:44:45.913+0200] {dagbag.py:532} INFO - Filling up the DagBag from /home/varun/miniconda3/envs/python38/lib/python3.8/site-packages/airflow/example_dags/example_task_group.py
[2025-09-03T19:44:45.938+0200] {processor.py:753} INFO - DAG(s) dict_keys(['example_task_group']) retrieved from /home/varun/miniconda3/envs/python38/lib/python3.8/site-packages/airflow/example_dags/example_task_group.py
[2025-09-03T19:44:45.970+0200] {logging_mixin.py:137} INFO - [2025-09-03T19:44:45.970+0200] {dag.py:2705} INFO - Sync 1 DAGs
[2025-09-03T19:44:46.009+0200] {logging_mixin.py:137} INFO - [2025-09-03T19:44:46.009+0200] {dag.py:3452} INFO - Setting next_dagrun for example_task_group to 2025-09-02T17:44:46.008813+00:00, run_after=2025-09-03T17:44:46.008813+00:00
[2025-09-03T19:44:46.050+0200] {processor.py:175} INFO - Processing /home/varun/miniconda3/envs/python38/lib/python3.8/site-packages/airflow/example_dags/example_task_group.py took 0.144 seconds
[2025-09-03T19:45:36.335+0200] {processor.py:153} INFO - Started process (PID=3283) to work on /home/varun/miniconda3/envs/python38/lib/python3.8/site-packages/airflow/example_dags/example_task_group.py
[2025-09-03T19:45:36.337+0200] {processor.py:743} INFO - Processing file /home/varun/miniconda3/envs/python38/lib/python3.8/site-packages/airflow/example_dags/example_task_group.py for tasks to queue
[2025-09-03T19:45:36.338+0200] {logging_mixin.py:137} INFO - [2025-09-03T19:45:36.338+0200] {dagbag.py:532} INFO - Filling up the DagBag from /home/varun/miniconda3/envs/python38/lib/python3.8/site-packages/airflow/example_dags/example_task_group.py
[2025-09-03T19:45:36.360+0200] {processor.py:753} INFO - DAG(s) dict_keys(['example_task_group']) retrieved from /home/varun/miniconda3/envs/python38/lib/python3.8/site-packages/airflow/example_dags/example_task_group.py
[2025-09-03T19:45:36.384+0200] {logging_mixin.py:137} INFO - [2025-09-03T19:45:36.384+0200] {dag.py:2705} INFO - Sync 1 DAGs
[2025-09-03T19:45:36.405+0200] {logging_mixin.py:137} INFO - [2025-09-03T19:45:36.405+0200] {dag.py:3452} INFO - Setting next_dagrun for example_task_group to 2025-09-02T17:45:36.405269+00:00, run_after=2025-09-03T17:45:36.405269+00:00
[2025-09-03T19:45:36.429+0200] {processor.py:175} INFO - Processing /home/varun/miniconda3/envs/python38/lib/python3.8/site-packages/airflow/example_dags/example_task_group.py took 0.097 seconds
[2025-09-03T19:46:20.788+0200] {processor.py:153} INFO - Started process (PID=3328) to work on /home/varun/miniconda3/envs/python38/lib/python3.8/site-packages/airflow/example_dags/example_task_group.py
[2025-09-03T19:46:20.790+0200] {processor.py:743} INFO - Processing file /home/varun/miniconda3/envs/python38/lib/python3.8/site-packages/airflow/example_dags/example_task_group.py for tasks to queue
[2025-09-03T19:46:20.791+0200] {logging_mixin.py:137} INFO - [2025-09-03T19:46:20.790+0200] {dagbag.py:532} INFO - Filling up the DagBag from /home/varun/miniconda3/envs/python38/lib/python3.8/site-packages/airflow/example_dags/example_task_group.py
[2025-09-03T19:46:20.806+0200] {processor.py:753} INFO - DAG(s) dict_keys(['example_task_group']) retrieved from /home/varun/miniconda3/envs/python38/lib/python3.8/site-packages/airflow/example_dags/example_task_group.py
[2025-09-03T19:46:20.824+0200] {logging_mixin.py:137} INFO - [2025-09-03T19:46:20.824+0200] {dag.py:2705} INFO - Sync 1 DAGs
[2025-09-03T19:46:20.840+0200] {logging_mixin.py:137} INFO - [2025-09-03T19:46:20.840+0200] {dag.py:3452} INFO - Setting next_dagrun for example_task_group to 2025-09-02T17:46:20.840607+00:00, run_after=2025-09-03T17:46:20.840607+00:00
[2025-09-03T19:46:20.860+0200] {processor.py:175} INFO - Processing /home/varun/miniconda3/envs/python38/lib/python3.8/site-packages/airflow/example_dags/example_task_group.py took 0.075 seconds
[2025-09-03T19:47:06.365+0200] {processor.py:153} INFO - Started process (PID=3377) to work on /home/varun/miniconda3/envs/python38/lib/python3.8/site-packages/airflow/example_dags/example_task_group.py
[2025-09-03T19:47:06.368+0200] {processor.py:743} INFO - Processing file /home/varun/miniconda3/envs/python38/lib/python3.8/site-packages/airflow/example_dags/example_task_group.py for tasks to queue
[2025-09-03T19:47:06.369+0200] {logging_mixin.py:137} INFO - [2025-09-03T19:47:06.369+0200] {dagbag.py:532} INFO - Filling up the DagBag from /home/varun/miniconda3/envs/python38/lib/python3.8/site-packages/airflow/example_dags/example_task_group.py
[2025-09-03T19:47:06.403+0200] {processor.py:753} INFO - DAG(s) dict_keys(['example_task_group']) retrieved from /home/varun/miniconda3/envs/python38/lib/python3.8/site-packages/airflow/example_dags/example_task_group.py
[2025-09-03T19:47:06.440+0200] {logging_mixin.py:137} INFO - [2025-09-03T19:47:06.440+0200] {dag.py:2705} INFO - Sync 1 DAGs
[2025-09-03T19:47:06.471+0200] {logging_mixin.py:137} INFO - [2025-09-03T19:47:06.471+0200] {dag.py:3452} INFO - Setting next_dagrun for example_task_group to 2025-09-02T17:47:06.471166+00:00, run_after=2025-09-03T17:47:06.471166+00:00
[2025-09-03T19:47:06.507+0200] {processor.py:175} INFO - Processing /home/varun/miniconda3/envs/python38/lib/python3.8/site-packages/airflow/example_dags/example_task_group.py took 0.150 seconds
[2025-09-03T19:47:55.425+0200] {processor.py:153} INFO - Started process (PID=3423) to work on /home/varun/miniconda3/envs/python38/lib/python3.8/site-packages/airflow/example_dags/example_task_group.py
[2025-09-03T19:47:55.426+0200] {processor.py:743} INFO - Processing file /home/varun/miniconda3/envs/python38/lib/python3.8/site-packages/airflow/example_dags/example_task_group.py for tasks to queue
[2025-09-03T19:47:55.427+0200] {logging_mixin.py:137} INFO - [2025-09-03T19:47:55.427+0200] {dagbag.py:532} INFO - Filling up the DagBag from /home/varun/miniconda3/envs/python38/lib/python3.8/site-packages/airflow/example_dags/example_task_group.py
[2025-09-03T19:47:55.443+0200] {processor.py:753} INFO - DAG(s) dict_keys(['example_task_group']) retrieved from /home/varun/miniconda3/envs/python38/lib/python3.8/site-packages/airflow/example_dags/example_task_group.py
[2025-09-03T19:47:55.466+0200] {logging_mixin.py:137} INFO - [2025-09-03T19:47:55.465+0200] {dag.py:2705} INFO - Sync 1 DAGs
[2025-09-03T19:47:55.485+0200] {logging_mixin.py:137} INFO - [2025-09-03T19:47:55.485+0200] {dag.py:3452} INFO - Setting next_dagrun for example_task_group to 2025-09-02T17:47:55.484787+00:00, run_after=2025-09-03T17:47:55.484787+00:00
[2025-09-03T19:47:55.515+0200] {processor.py:175} INFO - Processing /home/varun/miniconda3/envs/python38/lib/python3.8/site-packages/airflow/example_dags/example_task_group.py took 0.093 seconds
[2025-09-03T19:48:42.292+0200] {processor.py:153} INFO - Started process (PID=3465) to work on /home/varun/miniconda3/envs/python38/lib/python3.8/site-packages/airflow/example_dags/example_task_group.py
[2025-09-03T19:48:42.293+0200] {processor.py:743} INFO - Processing file /home/varun/miniconda3/envs/python38/lib/python3.8/site-packages/airflow/example_dags/example_task_group.py for tasks to queue
[2025-09-03T19:48:42.294+0200] {logging_mixin.py:137} INFO - [2025-09-03T19:48:42.293+0200] {dagbag.py:532} INFO - Filling up the DagBag from /home/varun/miniconda3/envs/python38/lib/python3.8/site-packages/airflow/example_dags/example_task_group.py
[2025-09-03T19:48:42.310+0200] {processor.py:753} INFO - DAG(s) dict_keys(['example_task_group']) retrieved from /home/varun/miniconda3/envs/python38/lib/python3.8/site-packages/airflow/example_dags/example_task_group.py
[2025-09-03T19:48:42.332+0200] {logging_mixin.py:137} INFO - [2025-09-03T19:48:42.332+0200] {dag.py:2705} INFO - Sync 1 DAGs
[2025-09-03T19:48:42.352+0200] {logging_mixin.py:137} INFO - [2025-09-03T19:48:42.352+0200] {dag.py:3452} INFO - Setting next_dagrun for example_task_group to 2025-09-02T17:48:42.352478+00:00, run_after=2025-09-03T17:48:42.352478+00:00
[2025-09-03T19:48:42.398+0200] {processor.py:175} INFO - Processing /home/varun/miniconda3/envs/python38/lib/python3.8/site-packages/airflow/example_dags/example_task_group.py took 0.110 seconds
[2025-09-03T19:49:30.391+0200] {processor.py:153} INFO - Started process (PID=3507) to work on /home/varun/miniconda3/envs/python38/lib/python3.8/site-packages/airflow/example_dags/example_task_group.py
[2025-09-03T19:49:30.393+0200] {processor.py:743} INFO - Processing file /home/varun/miniconda3/envs/python38/lib/python3.8/site-packages/airflow/example_dags/example_task_group.py for tasks to queue
[2025-09-03T19:49:30.393+0200] {logging_mixin.py:137} INFO - [2025-09-03T19:49:30.393+0200] {dagbag.py:532} INFO - Filling up the DagBag from /home/varun/miniconda3/envs/python38/lib/python3.8/site-packages/airflow/example_dags/example_task_group.py
[2025-09-03T19:49:30.410+0200] {processor.py:753} INFO - DAG(s) dict_keys(['example_task_group']) retrieved from /home/varun/miniconda3/envs/python38/lib/python3.8/site-packages/airflow/example_dags/example_task_group.py
[2025-09-03T19:49:30.434+0200] {logging_mixin.py:137} INFO - [2025-09-03T19:49:30.433+0200] {dag.py:2705} INFO - Sync 1 DAGs
[2025-09-03T19:49:30.458+0200] {logging_mixin.py:137} INFO - [2025-09-03T19:49:30.458+0200] {dag.py:3452} INFO - Setting next_dagrun for example_task_group to 2025-09-02T17:49:30.458075+00:00, run_after=2025-09-03T17:49:30.458075+00:00
[2025-09-03T19:49:30.486+0200] {processor.py:175} INFO - Processing /home/varun/miniconda3/envs/python38/lib/python3.8/site-packages/airflow/example_dags/example_task_group.py took 0.098 seconds
[2025-09-03T19:50:21.434+0200] {processor.py:153} INFO - Started process (PID=3558) to work on /home/varun/miniconda3/envs/python38/lib/python3.8/site-packages/airflow/example_dags/example_task_group.py
[2025-09-03T19:50:21.436+0200] {processor.py:743} INFO - Processing file /home/varun/miniconda3/envs/python38/lib/python3.8/site-packages/airflow/example_dags/example_task_group.py for tasks to queue
[2025-09-03T19:50:21.437+0200] {logging_mixin.py:137} INFO - [2025-09-03T19:50:21.437+0200] {dagbag.py:532} INFO - Filling up the DagBag from /home/varun/miniconda3/envs/python38/lib/python3.8/site-packages/airflow/example_dags/example_task_group.py
[2025-09-03T19:50:21.453+0200] {processor.py:753} INFO - DAG(s) dict_keys(['example_task_group']) retrieved from /home/varun/miniconda3/envs/python38/lib/python3.8/site-packages/airflow/example_dags/example_task_group.py
[2025-09-03T19:50:21.478+0200] {logging_mixin.py:137} INFO - [2025-09-03T19:50:21.478+0200] {dag.py:2705} INFO - Sync 1 DAGs
[2025-09-03T19:50:21.501+0200] {logging_mixin.py:137} INFO - [2025-09-03T19:50:21.501+0200] {dag.py:3452} INFO - Setting next_dagrun for example_task_group to 2025-09-02T17:50:21.501608+00:00, run_after=2025-09-03T17:50:21.501608+00:00
[2025-09-03T19:50:21.524+0200] {processor.py:175} INFO - Processing /home/varun/miniconda3/envs/python38/lib/python3.8/site-packages/airflow/example_dags/example_task_group.py took 0.092 seconds
[2025-09-03T19:51:07.355+0200] {processor.py:153} INFO - Started process (PID=3608) to work on /home/varun/miniconda3/envs/python38/lib/python3.8/site-packages/airflow/example_dags/example_task_group.py
[2025-09-03T19:51:07.357+0200] {processor.py:743} INFO - Processing file /home/varun/miniconda3/envs/python38/lib/python3.8/site-packages/airflow/example_dags/example_task_group.py for tasks to queue
[2025-09-03T19:51:07.357+0200] {logging_mixin.py:137} INFO - [2025-09-03T19:51:07.357+0200] {dagbag.py:532} INFO - Filling up the DagBag from /home/varun/miniconda3/envs/python38/lib/python3.8/site-packages/airflow/example_dags/example_task_group.py
[2025-09-03T19:51:07.372+0200] {processor.py:753} INFO - DAG(s) dict_keys(['example_task_group']) retrieved from /home/varun/miniconda3/envs/python38/lib/python3.8/site-packages/airflow/example_dags/example_task_group.py
[2025-09-03T19:51:07.393+0200] {logging_mixin.py:137} INFO - [2025-09-03T19:51:07.393+0200] {dag.py:2705} INFO - Sync 1 DAGs
[2025-09-03T19:51:07.411+0200] {logging_mixin.py:137} INFO - [2025-09-03T19:51:07.411+0200] {dag.py:3452} INFO - Setting next_dagrun for example_task_group to 2025-09-02T17:51:07.410716+00:00, run_after=2025-09-03T17:51:07.410716+00:00
[2025-09-03T19:51:07.435+0200] {processor.py:175} INFO - Processing /home/varun/miniconda3/envs/python38/lib/python3.8/site-packages/airflow/example_dags/example_task_group.py took 0.083 seconds
[2025-09-03T19:51:53.504+0200] {processor.py:153} INFO - Started process (PID=3659) to work on /home/varun/miniconda3/envs/python38/lib/python3.8/site-packages/airflow/example_dags/example_task_group.py
[2025-09-03T19:51:53.506+0200] {processor.py:743} INFO - Processing file /home/varun/miniconda3/envs/python38/lib/python3.8/site-packages/airflow/example_dags/example_task_group.py for tasks to queue
[2025-09-03T19:51:53.506+0200] {logging_mixin.py:137} INFO - [2025-09-03T19:51:53.506+0200] {dagbag.py:532} INFO - Filling up the DagBag from /home/varun/miniconda3/envs/python38/lib/python3.8/site-packages/airflow/example_dags/example_task_group.py
[2025-09-03T19:51:53.522+0200] {processor.py:753} INFO - DAG(s) dict_keys(['example_task_group']) retrieved from /home/varun/miniconda3/envs/python38/lib/python3.8/site-packages/airflow/example_dags/example_task_group.py
[2025-09-03T19:51:53.543+0200] {logging_mixin.py:137} INFO - [2025-09-03T19:51:53.543+0200] {dag.py:2705} INFO - Sync 1 DAGs
[2025-09-03T19:51:53.561+0200] {logging_mixin.py:137} INFO - [2025-09-03T19:51:53.561+0200] {dag.py:3452} INFO - Setting next_dagrun for example_task_group to 2025-09-02T17:51:53.561263+00:00, run_after=2025-09-03T17:51:53.561263+00:00
[2025-09-03T19:51:53.584+0200] {processor.py:175} INFO - Processing /home/varun/miniconda3/envs/python38/lib/python3.8/site-packages/airflow/example_dags/example_task_group.py took 0.082 seconds
[2025-09-03T19:52:47.146+0200] {processor.py:153} INFO - Started process (PID=3705) to work on /home/varun/miniconda3/envs/python38/lib/python3.8/site-packages/airflow/example_dags/example_task_group.py
[2025-09-03T19:52:47.148+0200] {processor.py:743} INFO - Processing file /home/varun/miniconda3/envs/python38/lib/python3.8/site-packages/airflow/example_dags/example_task_group.py for tasks to queue
[2025-09-03T19:52:47.151+0200] {logging_mixin.py:137} INFO - [2025-09-03T19:52:47.150+0200] {dagbag.py:532} INFO - Filling up the DagBag from /home/varun/miniconda3/envs/python38/lib/python3.8/site-packages/airflow/example_dags/example_task_group.py
[2025-09-03T19:52:47.169+0200] {processor.py:753} INFO - DAG(s) dict_keys(['example_task_group']) retrieved from /home/varun/miniconda3/envs/python38/lib/python3.8/site-packages/airflow/example_dags/example_task_group.py
[2025-09-03T19:52:47.200+0200] {logging_mixin.py:137} INFO - [2025-09-03T19:52:47.200+0200] {dag.py:2705} INFO - Sync 1 DAGs
[2025-09-03T19:52:47.226+0200] {logging_mixin.py:137} INFO - [2025-09-03T19:52:47.226+0200] {dag.py:3452} INFO - Setting next_dagrun for example_task_group to 2025-09-02T17:52:47.226094+00:00, run_after=2025-09-03T17:52:47.226094+00:00
[2025-09-03T19:52:47.456+0200] {processor.py:175} INFO - Processing /home/varun/miniconda3/envs/python38/lib/python3.8/site-packages/airflow/example_dags/example_task_group.py took 0.313 seconds
[2025-09-03T19:53:36.583+0200] {processor.py:153} INFO - Started process (PID=3747) to work on /home/varun/miniconda3/envs/python38/lib/python3.8/site-packages/airflow/example_dags/example_task_group.py
[2025-09-03T19:53:36.585+0200] {processor.py:743} INFO - Processing file /home/varun/miniconda3/envs/python38/lib/python3.8/site-packages/airflow/example_dags/example_task_group.py for tasks to queue
[2025-09-03T19:53:36.587+0200] {logging_mixin.py:137} INFO - [2025-09-03T19:53:36.587+0200] {dagbag.py:532} INFO - Filling up the DagBag from /home/varun/miniconda3/envs/python38/lib/python3.8/site-packages/airflow/example_dags/example_task_group.py
[2025-09-03T19:53:36.611+0200] {processor.py:753} INFO - DAG(s) dict_keys(['example_task_group']) retrieved from /home/varun/miniconda3/envs/python38/lib/python3.8/site-packages/airflow/example_dags/example_task_group.py
[2025-09-03T19:53:36.646+0200] {logging_mixin.py:137} INFO - [2025-09-03T19:53:36.645+0200] {dag.py:2705} INFO - Sync 1 DAGs
[2025-09-03T19:53:36.899+0200] {logging_mixin.py:137} INFO - [2025-09-03T19:53:36.898+0200] {dag.py:3452} INFO - Setting next_dagrun for example_task_group to 2025-09-02T17:53:36.898459+00:00, run_after=2025-09-03T17:53:36.898459+00:00
[2025-09-03T19:53:36.940+0200] {processor.py:175} INFO - Processing /home/varun/miniconda3/envs/python38/lib/python3.8/site-packages/airflow/example_dags/example_task_group.py took 0.361 seconds
[2025-09-03T19:54:39.087+0200] {processor.py:153} INFO - Started process (PID=3800) to work on /home/varun/miniconda3/envs/python38/lib/python3.8/site-packages/airflow/example_dags/example_task_group.py
[2025-09-03T19:54:39.089+0200] {processor.py:743} INFO - Processing file /home/varun/miniconda3/envs/python38/lib/python3.8/site-packages/airflow/example_dags/example_task_group.py for tasks to queue
[2025-09-03T19:54:39.090+0200] {logging_mixin.py:137} INFO - [2025-09-03T19:54:39.090+0200] {dagbag.py:532} INFO - Filling up the DagBag from /home/varun/miniconda3/envs/python38/lib/python3.8/site-packages/airflow/example_dags/example_task_group.py
[2025-09-03T19:54:39.108+0200] {processor.py:753} INFO - DAG(s) dict_keys(['example_task_group']) retrieved from /home/varun/miniconda3/envs/python38/lib/python3.8/site-packages/airflow/example_dags/example_task_group.py
[2025-09-03T19:54:39.130+0200] {logging_mixin.py:137} INFO - [2025-09-03T19:54:39.130+0200] {dag.py:2705} INFO - Sync 1 DAGs
[2025-09-03T19:54:39.281+0200] {logging_mixin.py:137} INFO - [2025-09-03T19:54:39.281+0200] {dag.py:3452} INFO - Setting next_dagrun for example_task_group to 2025-09-02T17:54:39.281226+00:00, run_after=2025-09-03T17:54:39.281226+00:00
[2025-09-03T19:54:39.305+0200] {processor.py:175} INFO - Processing /home/varun/miniconda3/envs/python38/lib/python3.8/site-packages/airflow/example_dags/example_task_group.py took 0.224 seconds
[2025-09-03T19:55:38.385+0200] {processor.py:153} INFO - Started process (PID=3856) to work on /home/varun/miniconda3/envs/python38/lib/python3.8/site-packages/airflow/example_dags/example_task_group.py
[2025-09-03T19:55:38.387+0200] {processor.py:743} INFO - Processing file /home/varun/miniconda3/envs/python38/lib/python3.8/site-packages/airflow/example_dags/example_task_group.py for tasks to queue
[2025-09-03T19:55:38.389+0200] {logging_mixin.py:137} INFO - [2025-09-03T19:55:38.388+0200] {dagbag.py:532} INFO - Filling up the DagBag from /home/varun/miniconda3/envs/python38/lib/python3.8/site-packages/airflow/example_dags/example_task_group.py
[2025-09-03T19:55:38.418+0200] {processor.py:753} INFO - DAG(s) dict_keys(['example_task_group']) retrieved from /home/varun/miniconda3/envs/python38/lib/python3.8/site-packages/airflow/example_dags/example_task_group.py
[2025-09-03T19:55:38.724+0200] {logging_mixin.py:137} INFO - [2025-09-03T19:55:38.724+0200] {dag.py:2705} INFO - Sync 1 DAGs
[2025-09-03T19:55:38.747+0200] {logging_mixin.py:137} INFO - [2025-09-03T19:55:38.747+0200] {dag.py:3452} INFO - Setting next_dagrun for example_task_group to 2025-09-02T17:55:38.746956+00:00, run_after=2025-09-03T17:55:38.746956+00:00
[2025-09-03T19:55:38.787+0200] {processor.py:175} INFO - Processing /home/varun/miniconda3/envs/python38/lib/python3.8/site-packages/airflow/example_dags/example_task_group.py took 0.406 seconds
[2025-09-03T19:56:35.761+0200] {processor.py:153} INFO - Started process (PID=3906) to work on /home/varun/miniconda3/envs/python38/lib/python3.8/site-packages/airflow/example_dags/example_task_group.py
[2025-09-03T19:56:35.763+0200] {processor.py:743} INFO - Processing file /home/varun/miniconda3/envs/python38/lib/python3.8/site-packages/airflow/example_dags/example_task_group.py for tasks to queue
[2025-09-03T19:56:35.764+0200] {logging_mixin.py:137} INFO - [2025-09-03T19:56:35.763+0200] {dagbag.py:532} INFO - Filling up the DagBag from /home/varun/miniconda3/envs/python38/lib/python3.8/site-packages/airflow/example_dags/example_task_group.py
[2025-09-03T19:56:35.923+0200] {processor.py:753} INFO - DAG(s) dict_keys(['example_task_group']) retrieved from /home/varun/miniconda3/envs/python38/lib/python3.8/site-packages/airflow/example_dags/example_task_group.py
[2025-09-03T19:56:35.943+0200] {logging_mixin.py:137} INFO - [2025-09-03T19:56:35.943+0200] {dag.py:2705} INFO - Sync 1 DAGs
[2025-09-03T19:56:35.965+0200] {logging_mixin.py:137} INFO - [2025-09-03T19:56:35.965+0200] {dag.py:3452} INFO - Setting next_dagrun for example_task_group to 2025-09-02T17:56:35.964743+00:00, run_after=2025-09-03T17:56:35.964743+00:00
[2025-09-03T19:56:35.992+0200] {processor.py:175} INFO - Processing /home/varun/miniconda3/envs/python38/lib/python3.8/site-packages/airflow/example_dags/example_task_group.py took 0.236 seconds
[2025-09-03T19:57:31.682+0200] {processor.py:153} INFO - Started process (PID=3953) to work on /home/varun/miniconda3/envs/python38/lib/python3.8/site-packages/airflow/example_dags/example_task_group.py
[2025-09-03T19:57:31.683+0200] {processor.py:743} INFO - Processing file /home/varun/miniconda3/envs/python38/lib/python3.8/site-packages/airflow/example_dags/example_task_group.py for tasks to queue
[2025-09-03T19:57:31.684+0200] {logging_mixin.py:137} INFO - [2025-09-03T19:57:31.684+0200] {dagbag.py:532} INFO - Filling up the DagBag from /home/varun/miniconda3/envs/python38/lib/python3.8/site-packages/airflow/example_dags/example_task_group.py
[2025-09-03T19:57:31.701+0200] {processor.py:753} INFO - DAG(s) dict_keys(['example_task_group']) retrieved from /home/varun/miniconda3/envs/python38/lib/python3.8/site-packages/airflow/example_dags/example_task_group.py
[2025-09-03T19:57:31.726+0200] {logging_mixin.py:137} INFO - [2025-09-03T19:57:31.726+0200] {dag.py:2705} INFO - Sync 1 DAGs
[2025-09-03T19:57:31.748+0200] {logging_mixin.py:137} INFO - [2025-09-03T19:57:31.748+0200] {dag.py:3452} INFO - Setting next_dagrun for example_task_group to 2025-09-02T17:57:31.747968+00:00, run_after=2025-09-03T17:57:31.747968+00:00
[2025-09-03T19:57:31.777+0200] {processor.py:175} INFO - Processing /home/varun/miniconda3/envs/python38/lib/python3.8/site-packages/airflow/example_dags/example_task_group.py took 0.099 seconds
[2025-09-03T19:58:19.642+0200] {processor.py:153} INFO - Started process (PID=3995) to work on /home/varun/miniconda3/envs/python38/lib/python3.8/site-packages/airflow/example_dags/example_task_group.py
[2025-09-03T19:58:19.643+0200] {processor.py:743} INFO - Processing file /home/varun/miniconda3/envs/python38/lib/python3.8/site-packages/airflow/example_dags/example_task_group.py for tasks to queue
[2025-09-03T19:58:19.644+0200] {logging_mixin.py:137} INFO - [2025-09-03T19:58:19.644+0200] {dagbag.py:532} INFO - Filling up the DagBag from /home/varun/miniconda3/envs/python38/lib/python3.8/site-packages/airflow/example_dags/example_task_group.py
[2025-09-03T19:58:19.668+0200] {processor.py:753} INFO - DAG(s) dict_keys(['example_task_group']) retrieved from /home/varun/miniconda3/envs/python38/lib/python3.8/site-packages/airflow/example_dags/example_task_group.py
[2025-09-03T19:58:19.695+0200] {logging_mixin.py:137} INFO - [2025-09-03T19:58:19.695+0200] {dag.py:2705} INFO - Sync 1 DAGs
[2025-09-03T19:58:19.714+0200] {logging_mixin.py:137} INFO - [2025-09-03T19:58:19.714+0200] {dag.py:3452} INFO - Setting next_dagrun for example_task_group to 2025-09-02T17:58:19.714323+00:00, run_after=2025-09-03T17:58:19.714323+00:00
[2025-09-03T19:58:19.742+0200] {processor.py:175} INFO - Processing /home/varun/miniconda3/envs/python38/lib/python3.8/site-packages/airflow/example_dags/example_task_group.py took 0.109 seconds
[2025-09-03T20:00:37.583+0200] {processor.py:153} INFO - Started process (PID=4013) to work on /home/varun/miniconda3/envs/python38/lib/python3.8/site-packages/airflow/example_dags/example_task_group.py
[2025-09-03T20:00:37.584+0200] {processor.py:743} INFO - Processing file /home/varun/miniconda3/envs/python38/lib/python3.8/site-packages/airflow/example_dags/example_task_group.py for tasks to queue
[2025-09-03T20:00:37.585+0200] {logging_mixin.py:137} INFO - [2025-09-03T20:00:37.585+0200] {dagbag.py:532} INFO - Filling up the DagBag from /home/varun/miniconda3/envs/python38/lib/python3.8/site-packages/airflow/example_dags/example_task_group.py
[2025-09-03T20:00:37.600+0200] {processor.py:753} INFO - DAG(s) dict_keys(['example_task_group']) retrieved from /home/varun/miniconda3/envs/python38/lib/python3.8/site-packages/airflow/example_dags/example_task_group.py
[2025-09-03T20:00:37.623+0200] {logging_mixin.py:137} INFO - [2025-09-03T20:00:37.623+0200] {dag.py:2705} INFO - Sync 1 DAGs
[2025-09-03T20:00:37.640+0200] {logging_mixin.py:137} INFO - [2025-09-03T20:00:37.640+0200] {dag.py:3452} INFO - Setting next_dagrun for example_task_group to 2025-09-02T18:00:37.640532+00:00, run_after=2025-09-03T18:00:37.640532+00:00
[2025-09-03T20:00:37.663+0200] {processor.py:175} INFO - Processing /home/varun/miniconda3/envs/python38/lib/python3.8/site-packages/airflow/example_dags/example_task_group.py took 0.084 seconds
[2025-09-03T20:01:23.634+0200] {processor.py:153} INFO - Started process (PID=4070) to work on /home/varun/miniconda3/envs/python38/lib/python3.8/site-packages/airflow/example_dags/example_task_group.py
[2025-09-03T20:01:23.636+0200] {processor.py:743} INFO - Processing file /home/varun/miniconda3/envs/python38/lib/python3.8/site-packages/airflow/example_dags/example_task_group.py for tasks to queue
[2025-09-03T20:01:23.637+0200] {logging_mixin.py:137} INFO - [2025-09-03T20:01:23.637+0200] {dagbag.py:532} INFO - Filling up the DagBag from /home/varun/miniconda3/envs/python38/lib/python3.8/site-packages/airflow/example_dags/example_task_group.py
[2025-09-03T20:01:23.658+0200] {processor.py:753} INFO - DAG(s) dict_keys(['example_task_group']) retrieved from /home/varun/miniconda3/envs/python38/lib/python3.8/site-packages/airflow/example_dags/example_task_group.py
[2025-09-03T20:01:23.685+0200] {logging_mixin.py:137} INFO - [2025-09-03T20:01:23.684+0200] {dag.py:2705} INFO - Sync 1 DAGs
[2025-09-03T20:01:23.710+0200] {logging_mixin.py:137} INFO - [2025-09-03T20:01:23.709+0200] {dag.py:3452} INFO - Setting next_dagrun for example_task_group to 2025-09-02T18:01:23.709374+00:00, run_after=2025-09-03T18:01:23.709374+00:00
[2025-09-03T20:01:23.735+0200] {processor.py:175} INFO - Processing /home/varun/miniconda3/envs/python38/lib/python3.8/site-packages/airflow/example_dags/example_task_group.py took 0.105 seconds
[2025-09-03T20:02:12.672+0200] {processor.py:153} INFO - Started process (PID=4113) to work on /home/varun/miniconda3/envs/python38/lib/python3.8/site-packages/airflow/example_dags/example_task_group.py
[2025-09-03T20:02:12.673+0200] {processor.py:743} INFO - Processing file /home/varun/miniconda3/envs/python38/lib/python3.8/site-packages/airflow/example_dags/example_task_group.py for tasks to queue
[2025-09-03T20:02:12.674+0200] {logging_mixin.py:137} INFO - [2025-09-03T20:02:12.674+0200] {dagbag.py:532} INFO - Filling up the DagBag from /home/varun/miniconda3/envs/python38/lib/python3.8/site-packages/airflow/example_dags/example_task_group.py
[2025-09-03T20:02:12.690+0200] {processor.py:753} INFO - DAG(s) dict_keys(['example_task_group']) retrieved from /home/varun/miniconda3/envs/python38/lib/python3.8/site-packages/airflow/example_dags/example_task_group.py
[2025-09-03T20:02:12.714+0200] {logging_mixin.py:137} INFO - [2025-09-03T20:02:12.714+0200] {dag.py:2705} INFO - Sync 1 DAGs
[2025-09-03T20:02:12.740+0200] {logging_mixin.py:137} INFO - [2025-09-03T20:02:12.740+0200] {dag.py:3452} INFO - Setting next_dagrun for example_task_group to 2025-09-02T18:02:12.739703+00:00, run_after=2025-09-03T18:02:12.739703+00:00
[2025-09-03T20:02:12.765+0200] {processor.py:175} INFO - Processing /home/varun/miniconda3/envs/python38/lib/python3.8/site-packages/airflow/example_dags/example_task_group.py took 0.096 seconds
[2025-09-03T20:02:59.230+0200] {processor.py:153} INFO - Started process (PID=4155) to work on /home/varun/miniconda3/envs/python38/lib/python3.8/site-packages/airflow/example_dags/example_task_group.py
[2025-09-03T20:02:59.231+0200] {processor.py:743} INFO - Processing file /home/varun/miniconda3/envs/python38/lib/python3.8/site-packages/airflow/example_dags/example_task_group.py for tasks to queue
[2025-09-03T20:02:59.232+0200] {logging_mixin.py:137} INFO - [2025-09-03T20:02:59.232+0200] {dagbag.py:532} INFO - Filling up the DagBag from /home/varun/miniconda3/envs/python38/lib/python3.8/site-packages/airflow/example_dags/example_task_group.py
[2025-09-03T20:02:59.248+0200] {processor.py:753} INFO - DAG(s) dict_keys(['example_task_group']) retrieved from /home/varun/miniconda3/envs/python38/lib/python3.8/site-packages/airflow/example_dags/example_task_group.py
[2025-09-03T20:02:59.270+0200] {logging_mixin.py:137} INFO - [2025-09-03T20:02:59.270+0200] {dag.py:2705} INFO - Sync 1 DAGs
[2025-09-03T20:02:59.292+0200] {logging_mixin.py:137} INFO - [2025-09-03T20:02:59.292+0200] {dag.py:3452} INFO - Setting next_dagrun for example_task_group to 2025-09-02T18:02:59.292160+00:00, run_after=2025-09-03T18:02:59.292160+00:00
[2025-09-03T20:02:59.314+0200] {processor.py:175} INFO - Processing /home/varun/miniconda3/envs/python38/lib/python3.8/site-packages/airflow/example_dags/example_task_group.py took 0.087 seconds
[2025-09-03T20:03:46.595+0200] {processor.py:153} INFO - Started process (PID=4197) to work on /home/varun/miniconda3/envs/python38/lib/python3.8/site-packages/airflow/example_dags/example_task_group.py
[2025-09-03T20:03:46.596+0200] {processor.py:743} INFO - Processing file /home/varun/miniconda3/envs/python38/lib/python3.8/site-packages/airflow/example_dags/example_task_group.py for tasks to queue
[2025-09-03T20:03:46.597+0200] {logging_mixin.py:137} INFO - [2025-09-03T20:03:46.597+0200] {dagbag.py:532} INFO - Filling up the DagBag from /home/varun/miniconda3/envs/python38/lib/python3.8/site-packages/airflow/example_dags/example_task_group.py
[2025-09-03T20:03:46.615+0200] {processor.py:753} INFO - DAG(s) dict_keys(['example_task_group']) retrieved from /home/varun/miniconda3/envs/python38/lib/python3.8/site-packages/airflow/example_dags/example_task_group.py
[2025-09-03T20:03:46.638+0200] {logging_mixin.py:137} INFO - [2025-09-03T20:03:46.637+0200] {dag.py:2705} INFO - Sync 1 DAGs
[2025-09-03T20:03:46.662+0200] {logging_mixin.py:137} INFO - [2025-09-03T20:03:46.662+0200] {dag.py:3452} INFO - Setting next_dagrun for example_task_group to 2025-09-02T18:03:46.662055+00:00, run_after=2025-09-03T18:03:46.662055+00:00
[2025-09-03T20:03:46.689+0200] {processor.py:175} INFO - Processing /home/varun/miniconda3/envs/python38/lib/python3.8/site-packages/airflow/example_dags/example_task_group.py took 0.098 seconds
[2025-09-03T20:04:36.391+0200] {processor.py:153} INFO - Started process (PID=4241) to work on /home/varun/miniconda3/envs/python38/lib/python3.8/site-packages/airflow/example_dags/example_task_group.py
[2025-09-03T20:04:36.393+0200] {processor.py:743} INFO - Processing file /home/varun/miniconda3/envs/python38/lib/python3.8/site-packages/airflow/example_dags/example_task_group.py for tasks to queue
[2025-09-03T20:04:36.394+0200] {logging_mixin.py:137} INFO - [2025-09-03T20:04:36.394+0200] {dagbag.py:532} INFO - Filling up the DagBag from /home/varun/miniconda3/envs/python38/lib/python3.8/site-packages/airflow/example_dags/example_task_group.py
[2025-09-03T20:04:36.409+0200] {processor.py:753} INFO - DAG(s) dict_keys(['example_task_group']) retrieved from /home/varun/miniconda3/envs/python38/lib/python3.8/site-packages/airflow/example_dags/example_task_group.py
[2025-09-03T20:04:36.430+0200] {logging_mixin.py:137} INFO - [2025-09-03T20:04:36.429+0200] {dag.py:2705} INFO - Sync 1 DAGs
[2025-09-03T20:04:36.447+0200] {logging_mixin.py:137} INFO - [2025-09-03T20:04:36.446+0200] {dag.py:3452} INFO - Setting next_dagrun for example_task_group to 2025-09-02T18:04:36.446540+00:00, run_after=2025-09-03T18:04:36.446540+00:00
[2025-09-03T20:04:36.469+0200] {processor.py:175} INFO - Processing /home/varun/miniconda3/envs/python38/lib/python3.8/site-packages/airflow/example_dags/example_task_group.py took 0.081 seconds
[2025-09-03T20:05:33.372+0200] {processor.py:153} INFO - Started process (PID=4300) to work on /home/varun/miniconda3/envs/python38/lib/python3.8/site-packages/airflow/example_dags/example_task_group.py
[2025-09-03T20:05:33.374+0200] {processor.py:743} INFO - Processing file /home/varun/miniconda3/envs/python38/lib/python3.8/site-packages/airflow/example_dags/example_task_group.py for tasks to queue
[2025-09-03T20:05:33.375+0200] {logging_mixin.py:137} INFO - [2025-09-03T20:05:33.375+0200] {dagbag.py:532} INFO - Filling up the DagBag from /home/varun/miniconda3/envs/python38/lib/python3.8/site-packages/airflow/example_dags/example_task_group.py
[2025-09-03T20:05:33.392+0200] {processor.py:753} INFO - DAG(s) dict_keys(['example_task_group']) retrieved from /home/varun/miniconda3/envs/python38/lib/python3.8/site-packages/airflow/example_dags/example_task_group.py
[2025-09-03T20:05:33.498+0200] {logging_mixin.py:137} INFO - [2025-09-03T20:05:33.498+0200] {manager.py:504} INFO - Created Permission View: can delete on DAG:example_task_group
[2025-09-03T20:05:33.510+0200] {logging_mixin.py:137} INFO - [2025-09-03T20:05:33.510+0200] {manager.py:504} INFO - Created Permission View: can read on DAG:example_task_group
[2025-09-03T20:05:33.520+0200] {logging_mixin.py:137} INFO - [2025-09-03T20:05:33.520+0200] {manager.py:504} INFO - Created Permission View: can edit on DAG:example_task_group
[2025-09-03T20:05:33.520+0200] {logging_mixin.py:137} INFO - [2025-09-03T20:05:33.520+0200] {dag.py:2705} INFO - Sync 1 DAGs
[2025-09-03T20:05:33.529+0200] {logging_mixin.py:137} INFO - [2025-09-03T20:05:33.529+0200] {dag.py:2726} INFO - Creating ORM DAG for example_task_group
[2025-09-03T20:05:33.536+0200] {logging_mixin.py:137} INFO - [2025-09-03T20:05:33.536+0200] {dag.py:3452} INFO - Setting next_dagrun for example_task_group to 2025-09-02T18:05:33.536378+00:00, run_after=2025-09-03T18:05:33.536378+00:00
[2025-09-03T20:05:33.560+0200] {processor.py:175} INFO - Processing /home/varun/miniconda3/envs/python38/lib/python3.8/site-packages/airflow/example_dags/example_task_group.py took 0.190 seconds
[2025-09-03T20:06:25.561+0200] {processor.py:153} INFO - Started process (PID=4342) to work on /home/varun/miniconda3/envs/python38/lib/python3.8/site-packages/airflow/example_dags/example_task_group.py
[2025-09-03T20:06:25.563+0200] {processor.py:743} INFO - Processing file /home/varun/miniconda3/envs/python38/lib/python3.8/site-packages/airflow/example_dags/example_task_group.py for tasks to queue
[2025-09-03T20:06:25.563+0200] {logging_mixin.py:137} INFO - [2025-09-03T20:06:25.563+0200] {dagbag.py:532} INFO - Filling up the DagBag from /home/varun/miniconda3/envs/python38/lib/python3.8/site-packages/airflow/example_dags/example_task_group.py
[2025-09-03T20:06:25.581+0200] {processor.py:753} INFO - DAG(s) dict_keys(['example_task_group']) retrieved from /home/varun/miniconda3/envs/python38/lib/python3.8/site-packages/airflow/example_dags/example_task_group.py
[2025-09-03T20:06:25.603+0200] {logging_mixin.py:137} INFO - [2025-09-03T20:06:25.603+0200] {dag.py:2705} INFO - Sync 1 DAGs
[2025-09-03T20:06:25.627+0200] {logging_mixin.py:137} INFO - [2025-09-03T20:06:25.627+0200] {dag.py:3452} INFO - Setting next_dagrun for example_task_group to 2025-09-02T18:06:25.626686+00:00, run_after=2025-09-03T18:06:25.626686+00:00
[2025-09-03T20:06:25.658+0200] {processor.py:175} INFO - Processing /home/varun/miniconda3/envs/python38/lib/python3.8/site-packages/airflow/example_dags/example_task_group.py took 0.100 seconds
[2025-09-03T20:07:12.070+0200] {processor.py:153} INFO - Started process (PID=4402) to work on /home/varun/miniconda3/envs/python38/lib/python3.8/site-packages/airflow/example_dags/example_task_group.py
[2025-09-03T20:07:12.072+0200] {processor.py:743} INFO - Processing file /home/varun/miniconda3/envs/python38/lib/python3.8/site-packages/airflow/example_dags/example_task_group.py for tasks to queue
[2025-09-03T20:07:12.073+0200] {logging_mixin.py:137} INFO - [2025-09-03T20:07:12.073+0200] {dagbag.py:532} INFO - Filling up the DagBag from /home/varun/miniconda3/envs/python38/lib/python3.8/site-packages/airflow/example_dags/example_task_group.py
[2025-09-03T20:07:12.097+0200] {processor.py:753} INFO - DAG(s) dict_keys(['example_task_group']) retrieved from /home/varun/miniconda3/envs/python38/lib/python3.8/site-packages/airflow/example_dags/example_task_group.py
[2025-09-03T20:07:12.125+0200] {logging_mixin.py:137} INFO - [2025-09-03T20:07:12.125+0200] {dag.py:2705} INFO - Sync 1 DAGs
[2025-09-03T20:07:12.148+0200] {logging_mixin.py:137} INFO - [2025-09-03T20:07:12.148+0200] {dag.py:3452} INFO - Setting next_dagrun for example_task_group to 2025-09-02T18:07:12.148203+00:00, run_after=2025-09-03T18:07:12.148203+00:00
[2025-09-03T20:07:12.176+0200] {processor.py:175} INFO - Processing /home/varun/miniconda3/envs/python38/lib/python3.8/site-packages/airflow/example_dags/example_task_group.py took 0.110 seconds
[2025-09-03T20:07:58.645+0200] {processor.py:153} INFO - Started process (PID=4452) to work on /home/varun/miniconda3/envs/python38/lib/python3.8/site-packages/airflow/example_dags/example_task_group.py
[2025-09-03T20:07:58.646+0200] {processor.py:743} INFO - Processing file /home/varun/miniconda3/envs/python38/lib/python3.8/site-packages/airflow/example_dags/example_task_group.py for tasks to queue
[2025-09-03T20:07:58.647+0200] {logging_mixin.py:137} INFO - [2025-09-03T20:07:58.647+0200] {dagbag.py:532} INFO - Filling up the DagBag from /home/varun/miniconda3/envs/python38/lib/python3.8/site-packages/airflow/example_dags/example_task_group.py
[2025-09-03T20:07:58.661+0200] {processor.py:753} INFO - DAG(s) dict_keys(['example_task_group']) retrieved from /home/varun/miniconda3/envs/python38/lib/python3.8/site-packages/airflow/example_dags/example_task_group.py
[2025-09-03T20:07:58.683+0200] {logging_mixin.py:137} INFO - [2025-09-03T20:07:58.683+0200] {dag.py:2705} INFO - Sync 1 DAGs
[2025-09-03T20:07:58.705+0200] {logging_mixin.py:137} INFO - [2025-09-03T20:07:58.705+0200] {dag.py:3452} INFO - Setting next_dagrun for example_task_group to 2025-09-02T18:07:58.705337+00:00, run_after=2025-09-03T18:07:58.705337+00:00
[2025-09-03T20:07:58.731+0200] {processor.py:175} INFO - Processing /home/varun/miniconda3/envs/python38/lib/python3.8/site-packages/airflow/example_dags/example_task_group.py took 0.089 seconds
[2025-09-03T20:09:14.117+0200] {processor.py:153} INFO - Started process (PID=4508) to work on /home/varun/miniconda3/envs/python38/lib/python3.8/site-packages/airflow/example_dags/example_task_group.py
[2025-09-03T20:09:14.120+0200] {processor.py:743} INFO - Processing file /home/varun/miniconda3/envs/python38/lib/python3.8/site-packages/airflow/example_dags/example_task_group.py for tasks to queue
[2025-09-03T20:09:14.121+0200] {logging_mixin.py:137} INFO - [2025-09-03T20:09:14.120+0200] {dagbag.py:532} INFO - Filling up the DagBag from /home/varun/miniconda3/envs/python38/lib/python3.8/site-packages/airflow/example_dags/example_task_group.py
[2025-09-03T20:09:14.160+0200] {processor.py:753} INFO - DAG(s) dict_keys(['example_task_group']) retrieved from /home/varun/miniconda3/envs/python38/lib/python3.8/site-packages/airflow/example_dags/example_task_group.py
[2025-09-03T20:09:14.208+0200] {logging_mixin.py:137} INFO - [2025-09-03T20:09:14.207+0200] {dag.py:2705} INFO - Sync 1 DAGs
[2025-09-03T20:09:14.240+0200] {logging_mixin.py:137} INFO - [2025-09-03T20:09:14.239+0200] {dag.py:3452} INFO - Setting next_dagrun for example_task_group to 2025-09-02T18:09:14.239210+00:00, run_after=2025-09-03T18:09:14.239210+00:00
[2025-09-03T20:09:14.274+0200] {processor.py:175} INFO - Processing /home/varun/miniconda3/envs/python38/lib/python3.8/site-packages/airflow/example_dags/example_task_group.py took 0.162 seconds
[2025-09-03T20:10:06.860+0200] {processor.py:153} INFO - Started process (PID=4553) to work on /home/varun/miniconda3/envs/python38/lib/python3.8/site-packages/airflow/example_dags/example_task_group.py
[2025-09-03T20:10:06.862+0200] {processor.py:743} INFO - Processing file /home/varun/miniconda3/envs/python38/lib/python3.8/site-packages/airflow/example_dags/example_task_group.py for tasks to queue
[2025-09-03T20:10:06.863+0200] {logging_mixin.py:137} INFO - [2025-09-03T20:10:06.863+0200] {dagbag.py:532} INFO - Filling up the DagBag from /home/varun/miniconda3/envs/python38/lib/python3.8/site-packages/airflow/example_dags/example_task_group.py
[2025-09-03T20:10:06.881+0200] {processor.py:753} INFO - DAG(s) dict_keys(['example_task_group']) retrieved from /home/varun/miniconda3/envs/python38/lib/python3.8/site-packages/airflow/example_dags/example_task_group.py
[2025-09-03T20:10:06.904+0200] {logging_mixin.py:137} INFO - [2025-09-03T20:10:06.904+0200] {dag.py:2705} INFO - Sync 1 DAGs
[2025-09-03T20:10:06.923+0200] {logging_mixin.py:137} INFO - [2025-09-03T20:10:06.923+0200] {dag.py:3452} INFO - Setting next_dagrun for example_task_group to 2025-09-02T18:10:06.923236+00:00, run_after=2025-09-03T18:10:06.923236+00:00
[2025-09-03T20:10:06.948+0200] {processor.py:175} INFO - Processing /home/varun/miniconda3/envs/python38/lib/python3.8/site-packages/airflow/example_dags/example_task_group.py took 0.092 seconds
[2025-09-03T20:10:50.674+0200] {processor.py:153} INFO - Started process (PID=4595) to work on /home/varun/miniconda3/envs/python38/lib/python3.8/site-packages/airflow/example_dags/example_task_group.py
[2025-09-03T20:10:50.677+0200] {processor.py:743} INFO - Processing file /home/varun/miniconda3/envs/python38/lib/python3.8/site-packages/airflow/example_dags/example_task_group.py for tasks to queue
[2025-09-03T20:10:50.678+0200] {logging_mixin.py:137} INFO - [2025-09-03T20:10:50.678+0200] {dagbag.py:532} INFO - Filling up the DagBag from /home/varun/miniconda3/envs/python38/lib/python3.8/site-packages/airflow/example_dags/example_task_group.py
[2025-09-03T20:10:50.699+0200] {processor.py:753} INFO - DAG(s) dict_keys(['example_task_group']) retrieved from /home/varun/miniconda3/envs/python38/lib/python3.8/site-packages/airflow/example_dags/example_task_group.py
[2025-09-03T20:10:50.724+0200] {logging_mixin.py:137} INFO - [2025-09-03T20:10:50.724+0200] {dag.py:2705} INFO - Sync 1 DAGs
[2025-09-03T20:10:50.744+0200] {logging_mixin.py:137} INFO - [2025-09-03T20:10:50.744+0200] {dag.py:3452} INFO - Setting next_dagrun for example_task_group to 2025-09-02T18:10:50.744212+00:00, run_after=2025-09-03T18:10:50.744212+00:00
[2025-09-03T20:10:50.771+0200] {processor.py:175} INFO - Processing /home/varun/miniconda3/envs/python38/lib/python3.8/site-packages/airflow/example_dags/example_task_group.py took 0.105 seconds
[2025-09-03T20:11:36.759+0200] {processor.py:153} INFO - Started process (PID=4637) to work on /home/varun/miniconda3/envs/python38/lib/python3.8/site-packages/airflow/example_dags/example_task_group.py
[2025-09-03T20:11:36.761+0200] {processor.py:743} INFO - Processing file /home/varun/miniconda3/envs/python38/lib/python3.8/site-packages/airflow/example_dags/example_task_group.py for tasks to queue
[2025-09-03T20:11:36.762+0200] {logging_mixin.py:137} INFO - [2025-09-03T20:11:36.762+0200] {dagbag.py:532} INFO - Filling up the DagBag from /home/varun/miniconda3/envs/python38/lib/python3.8/site-packages/airflow/example_dags/example_task_group.py
[2025-09-03T20:11:36.776+0200] {processor.py:753} INFO - DAG(s) dict_keys(['example_task_group']) retrieved from /home/varun/miniconda3/envs/python38/lib/python3.8/site-packages/airflow/example_dags/example_task_group.py
[2025-09-03T20:11:36.796+0200] {logging_mixin.py:137} INFO - [2025-09-03T20:11:36.796+0200] {dag.py:2705} INFO - Sync 1 DAGs
[2025-09-03T20:11:36.814+0200] {logging_mixin.py:137} INFO - [2025-09-03T20:11:36.814+0200] {dag.py:3452} INFO - Setting next_dagrun for example_task_group to 2025-09-02T18:11:36.813771+00:00, run_after=2025-09-03T18:11:36.813771+00:00
[2025-09-03T20:11:36.835+0200] {processor.py:175} INFO - Processing /home/varun/miniconda3/envs/python38/lib/python3.8/site-packages/airflow/example_dags/example_task_group.py took 0.079 seconds
[2025-09-03T20:12:25.327+0200] {processor.py:153} INFO - Started process (PID=4679) to work on /home/varun/miniconda3/envs/python38/lib/python3.8/site-packages/airflow/example_dags/example_task_group.py
[2025-09-03T20:12:25.329+0200] {processor.py:743} INFO - Processing file /home/varun/miniconda3/envs/python38/lib/python3.8/site-packages/airflow/example_dags/example_task_group.py for tasks to queue
[2025-09-03T20:12:25.330+0200] {logging_mixin.py:137} INFO - [2025-09-03T20:12:25.329+0200] {dagbag.py:532} INFO - Filling up the DagBag from /home/varun/miniconda3/envs/python38/lib/python3.8/site-packages/airflow/example_dags/example_task_group.py
[2025-09-03T20:12:25.344+0200] {processor.py:753} INFO - DAG(s) dict_keys(['example_task_group']) retrieved from /home/varun/miniconda3/envs/python38/lib/python3.8/site-packages/airflow/example_dags/example_task_group.py
[2025-09-03T20:12:25.366+0200] {logging_mixin.py:137} INFO - [2025-09-03T20:12:25.366+0200] {dag.py:2705} INFO - Sync 1 DAGs
[2025-09-03T20:12:25.387+0200] {logging_mixin.py:137} INFO - [2025-09-03T20:12:25.387+0200] {dag.py:3452} INFO - Setting next_dagrun for example_task_group to 2025-09-02T18:12:25.386701+00:00, run_after=2025-09-03T18:12:25.386701+00:00
[2025-09-03T20:12:25.412+0200] {processor.py:175} INFO - Processing /home/varun/miniconda3/envs/python38/lib/python3.8/site-packages/airflow/example_dags/example_task_group.py took 0.087 seconds
[2025-09-03T20:13:11.551+0200] {processor.py:153} INFO - Started process (PID=4722) to work on /home/varun/miniconda3/envs/python38/lib/python3.8/site-packages/airflow/example_dags/example_task_group.py
[2025-09-03T20:13:11.552+0200] {processor.py:743} INFO - Processing file /home/varun/miniconda3/envs/python38/lib/python3.8/site-packages/airflow/example_dags/example_task_group.py for tasks to queue
[2025-09-03T20:13:11.553+0200] {logging_mixin.py:137} INFO - [2025-09-03T20:13:11.553+0200] {dagbag.py:532} INFO - Filling up the DagBag from /home/varun/miniconda3/envs/python38/lib/python3.8/site-packages/airflow/example_dags/example_task_group.py
[2025-09-03T20:13:11.577+0200] {processor.py:753} INFO - DAG(s) dict_keys(['example_task_group']) retrieved from /home/varun/miniconda3/envs/python38/lib/python3.8/site-packages/airflow/example_dags/example_task_group.py
[2025-09-03T20:13:11.603+0200] {logging_mixin.py:137} INFO - [2025-09-03T20:13:11.603+0200] {dag.py:2705} INFO - Sync 1 DAGs
[2025-09-03T20:13:11.629+0200] {logging_mixin.py:137} INFO - [2025-09-03T20:13:11.628+0200] {dag.py:3452} INFO - Setting next_dagrun for example_task_group to 2025-09-02T18:13:11.628540+00:00, run_after=2025-09-03T18:13:11.628540+00:00
[2025-09-03T20:13:11.659+0200] {processor.py:175} INFO - Processing /home/varun/miniconda3/envs/python38/lib/python3.8/site-packages/airflow/example_dags/example_task_group.py took 0.113 seconds
[2025-09-03T20:13:57.187+0200] {processor.py:153} INFO - Started process (PID=4764) to work on /home/varun/miniconda3/envs/python38/lib/python3.8/site-packages/airflow/example_dags/example_task_group.py
[2025-09-03T20:13:57.188+0200] {processor.py:743} INFO - Processing file /home/varun/miniconda3/envs/python38/lib/python3.8/site-packages/airflow/example_dags/example_task_group.py for tasks to queue
[2025-09-03T20:13:57.189+0200] {logging_mixin.py:137} INFO - [2025-09-03T20:13:57.188+0200] {dagbag.py:532} INFO - Filling up the DagBag from /home/varun/miniconda3/envs/python38/lib/python3.8/site-packages/airflow/example_dags/example_task_group.py
[2025-09-03T20:13:57.204+0200] {processor.py:753} INFO - DAG(s) dict_keys(['example_task_group']) retrieved from /home/varun/miniconda3/envs/python38/lib/python3.8/site-packages/airflow/example_dags/example_task_group.py
[2025-09-03T20:13:57.229+0200] {logging_mixin.py:137} INFO - [2025-09-03T20:13:57.228+0200] {dag.py:2705} INFO - Sync 1 DAGs
[2025-09-03T20:13:57.250+0200] {logging_mixin.py:137} INFO - [2025-09-03T20:13:57.250+0200] {dag.py:3452} INFO - Setting next_dagrun for example_task_group to 2025-09-02T18:13:57.249947+00:00, run_after=2025-09-03T18:13:57.249947+00:00
[2025-09-03T20:13:57.275+0200] {processor.py:175} INFO - Processing /home/varun/miniconda3/envs/python38/lib/python3.8/site-packages/airflow/example_dags/example_task_group.py took 0.092 seconds
[2025-09-03T20:14:43.286+0200] {processor.py:153} INFO - Started process (PID=4806) to work on /home/varun/miniconda3/envs/python38/lib/python3.8/site-packages/airflow/example_dags/example_task_group.py
[2025-09-03T20:14:43.288+0200] {processor.py:743} INFO - Processing file /home/varun/miniconda3/envs/python38/lib/python3.8/site-packages/airflow/example_dags/example_task_group.py for tasks to queue
[2025-09-03T20:14:43.290+0200] {logging_mixin.py:137} INFO - [2025-09-03T20:14:43.290+0200] {dagbag.py:532} INFO - Filling up the DagBag from /home/varun/miniconda3/envs/python38/lib/python3.8/site-packages/airflow/example_dags/example_task_group.py
[2025-09-03T20:14:43.306+0200] {processor.py:753} INFO - DAG(s) dict_keys(['example_task_group']) retrieved from /home/varun/miniconda3/envs/python38/lib/python3.8/site-packages/airflow/example_dags/example_task_group.py
[2025-09-03T20:14:43.328+0200] {logging_mixin.py:137} INFO - [2025-09-03T20:14:43.327+0200] {dag.py:2705} INFO - Sync 1 DAGs
[2025-09-03T20:14:43.348+0200] {logging_mixin.py:137} INFO - [2025-09-03T20:14:43.348+0200] {dag.py:3452} INFO - Setting next_dagrun for example_task_group to 2025-09-02T18:14:43.347901+00:00, run_after=2025-09-03T18:14:43.347901+00:00
[2025-09-03T20:14:43.377+0200] {processor.py:175} INFO - Processing /home/varun/miniconda3/envs/python38/lib/python3.8/site-packages/airflow/example_dags/example_task_group.py took 0.094 seconds
[2025-09-03T20:15:27.537+0200] {processor.py:153} INFO - Started process (PID=4848) to work on /home/varun/miniconda3/envs/python38/lib/python3.8/site-packages/airflow/example_dags/example_task_group.py
[2025-09-03T20:15:27.539+0200] {processor.py:743} INFO - Processing file /home/varun/miniconda3/envs/python38/lib/python3.8/site-packages/airflow/example_dags/example_task_group.py for tasks to queue
[2025-09-03T20:15:27.540+0200] {logging_mixin.py:137} INFO - [2025-09-03T20:15:27.540+0200] {dagbag.py:532} INFO - Filling up the DagBag from /home/varun/miniconda3/envs/python38/lib/python3.8/site-packages/airflow/example_dags/example_task_group.py
[2025-09-03T20:15:27.561+0200] {processor.py:753} INFO - DAG(s) dict_keys(['example_task_group']) retrieved from /home/varun/miniconda3/envs/python38/lib/python3.8/site-packages/airflow/example_dags/example_task_group.py
[2025-09-03T20:15:27.593+0200] {logging_mixin.py:137} INFO - [2025-09-03T20:15:27.593+0200] {dag.py:2705} INFO - Sync 1 DAGs
[2025-09-03T20:15:27.623+0200] {logging_mixin.py:137} INFO - [2025-09-03T20:15:27.623+0200] {dag.py:3452} INFO - Setting next_dagrun for example_task_group to 2025-09-02T18:15:27.623259+00:00, run_after=2025-09-03T18:15:27.623259+00:00
[2025-09-03T20:15:27.657+0200] {processor.py:175} INFO - Processing /home/varun/miniconda3/envs/python38/lib/python3.8/site-packages/airflow/example_dags/example_task_group.py took 0.124 seconds
[2025-09-03T20:16:13.362+0200] {processor.py:153} INFO - Started process (PID=4890) to work on /home/varun/miniconda3/envs/python38/lib/python3.8/site-packages/airflow/example_dags/example_task_group.py
[2025-09-03T20:16:13.363+0200] {processor.py:743} INFO - Processing file /home/varun/miniconda3/envs/python38/lib/python3.8/site-packages/airflow/example_dags/example_task_group.py for tasks to queue
[2025-09-03T20:16:13.365+0200] {logging_mixin.py:137} INFO - [2025-09-03T20:16:13.365+0200] {dagbag.py:532} INFO - Filling up the DagBag from /home/varun/miniconda3/envs/python38/lib/python3.8/site-packages/airflow/example_dags/example_task_group.py
[2025-09-03T20:16:13.378+0200] {processor.py:753} INFO - DAG(s) dict_keys(['example_task_group']) retrieved from /home/varun/miniconda3/envs/python38/lib/python3.8/site-packages/airflow/example_dags/example_task_group.py
[2025-09-03T20:16:13.399+0200] {logging_mixin.py:137} INFO - [2025-09-03T20:16:13.398+0200] {dag.py:2705} INFO - Sync 1 DAGs
[2025-09-03T20:16:13.417+0200] {logging_mixin.py:137} INFO - [2025-09-03T20:16:13.417+0200] {dag.py:3452} INFO - Setting next_dagrun for example_task_group to 2025-09-02T18:16:13.416786+00:00, run_after=2025-09-03T18:16:13.416786+00:00
[2025-09-03T20:16:13.443+0200] {processor.py:175} INFO - Processing /home/varun/miniconda3/envs/python38/lib/python3.8/site-packages/airflow/example_dags/example_task_group.py took 0.084 seconds
[2025-09-03T20:16:56.799+0200] {processor.py:153} INFO - Started process (PID=4932) to work on /home/varun/miniconda3/envs/python38/lib/python3.8/site-packages/airflow/example_dags/example_task_group.py
[2025-09-03T20:16:56.800+0200] {processor.py:743} INFO - Processing file /home/varun/miniconda3/envs/python38/lib/python3.8/site-packages/airflow/example_dags/example_task_group.py for tasks to queue
[2025-09-03T20:16:56.801+0200] {logging_mixin.py:137} INFO - [2025-09-03T20:16:56.801+0200] {dagbag.py:532} INFO - Filling up the DagBag from /home/varun/miniconda3/envs/python38/lib/python3.8/site-packages/airflow/example_dags/example_task_group.py
[2025-09-03T20:16:56.818+0200] {processor.py:753} INFO - DAG(s) dict_keys(['example_task_group']) retrieved from /home/varun/miniconda3/envs/python38/lib/python3.8/site-packages/airflow/example_dags/example_task_group.py
[2025-09-03T20:16:56.840+0200] {logging_mixin.py:137} INFO - [2025-09-03T20:16:56.840+0200] {dag.py:2705} INFO - Sync 1 DAGs
[2025-09-03T20:16:56.858+0200] {logging_mixin.py:137} INFO - [2025-09-03T20:16:56.857+0200] {dag.py:3452} INFO - Setting next_dagrun for example_task_group to 2025-09-02T18:16:56.857621+00:00, run_after=2025-09-03T18:16:56.857621+00:00
[2025-09-03T20:16:56.879+0200] {processor.py:175} INFO - Processing /home/varun/miniconda3/envs/python38/lib/python3.8/site-packages/airflow/example_dags/example_task_group.py took 0.083 seconds
[2025-09-03T20:17:46.677+0200] {processor.py:153} INFO - Started process (PID=4977) to work on /home/varun/miniconda3/envs/python38/lib/python3.8/site-packages/airflow/example_dags/example_task_group.py
[2025-09-03T20:17:46.679+0200] {processor.py:743} INFO - Processing file /home/varun/miniconda3/envs/python38/lib/python3.8/site-packages/airflow/example_dags/example_task_group.py for tasks to queue
[2025-09-03T20:17:46.680+0200] {logging_mixin.py:137} INFO - [2025-09-03T20:17:46.680+0200] {dagbag.py:532} INFO - Filling up the DagBag from /home/varun/miniconda3/envs/python38/lib/python3.8/site-packages/airflow/example_dags/example_task_group.py
[2025-09-03T20:17:46.697+0200] {processor.py:753} INFO - DAG(s) dict_keys(['example_task_group']) retrieved from /home/varun/miniconda3/envs/python38/lib/python3.8/site-packages/airflow/example_dags/example_task_group.py
[2025-09-03T20:17:46.723+0200] {logging_mixin.py:137} INFO - [2025-09-03T20:17:46.723+0200] {dag.py:2705} INFO - Sync 1 DAGs
[2025-09-03T20:17:46.746+0200] {logging_mixin.py:137} INFO - [2025-09-03T20:17:46.746+0200] {dag.py:3452} INFO - Setting next_dagrun for example_task_group to 2025-09-02T18:17:46.745979+00:00, run_after=2025-09-03T18:17:46.745979+00:00
[2025-09-03T20:17:46.770+0200] {processor.py:175} INFO - Processing /home/varun/miniconda3/envs/python38/lib/python3.8/site-packages/airflow/example_dags/example_task_group.py took 0.097 seconds
[2025-09-03T20:18:30.889+0200] {processor.py:153} INFO - Started process (PID=5020) to work on /home/varun/miniconda3/envs/python38/lib/python3.8/site-packages/airflow/example_dags/example_task_group.py
[2025-09-03T20:18:30.891+0200] {processor.py:743} INFO - Processing file /home/varun/miniconda3/envs/python38/lib/python3.8/site-packages/airflow/example_dags/example_task_group.py for tasks to queue
[2025-09-03T20:18:30.892+0200] {logging_mixin.py:137} INFO - [2025-09-03T20:18:30.891+0200] {dagbag.py:532} INFO - Filling up the DagBag from /home/varun/miniconda3/envs/python38/lib/python3.8/site-packages/airflow/example_dags/example_task_group.py
[2025-09-03T20:18:30.910+0200] {processor.py:753} INFO - DAG(s) dict_keys(['example_task_group']) retrieved from /home/varun/miniconda3/envs/python38/lib/python3.8/site-packages/airflow/example_dags/example_task_group.py
[2025-09-03T20:18:30.943+0200] {logging_mixin.py:137} INFO - [2025-09-03T20:18:30.943+0200] {dag.py:2705} INFO - Sync 1 DAGs
[2025-09-03T20:18:30.989+0200] {logging_mixin.py:137} INFO - [2025-09-03T20:18:30.988+0200] {dag.py:3452} INFO - Setting next_dagrun for example_task_group to 2025-09-02T18:18:30.988287+00:00, run_after=2025-09-03T18:18:30.988287+00:00
[2025-09-03T20:18:31.033+0200] {processor.py:175} INFO - Processing /home/varun/miniconda3/envs/python38/lib/python3.8/site-packages/airflow/example_dags/example_task_group.py took 0.150 seconds
[2025-09-03T20:19:19.132+0200] {processor.py:153} INFO - Started process (PID=5062) to work on /home/varun/miniconda3/envs/python38/lib/python3.8/site-packages/airflow/example_dags/example_task_group.py
[2025-09-03T20:19:19.133+0200] {processor.py:743} INFO - Processing file /home/varun/miniconda3/envs/python38/lib/python3.8/site-packages/airflow/example_dags/example_task_group.py for tasks to queue
[2025-09-03T20:19:19.134+0200] {logging_mixin.py:137} INFO - [2025-09-03T20:19:19.134+0200] {dagbag.py:532} INFO - Filling up the DagBag from /home/varun/miniconda3/envs/python38/lib/python3.8/site-packages/airflow/example_dags/example_task_group.py
[2025-09-03T20:19:19.148+0200] {processor.py:753} INFO - DAG(s) dict_keys(['example_task_group']) retrieved from /home/varun/miniconda3/envs/python38/lib/python3.8/site-packages/airflow/example_dags/example_task_group.py
[2025-09-03T20:19:19.167+0200] {logging_mixin.py:137} INFO - [2025-09-03T20:19:19.167+0200] {dag.py:2705} INFO - Sync 1 DAGs
[2025-09-03T20:19:19.185+0200] {logging_mixin.py:137} INFO - [2025-09-03T20:19:19.185+0200] {dag.py:3452} INFO - Setting next_dagrun for example_task_group to 2025-09-02T18:19:19.185332+00:00, run_after=2025-09-03T18:19:19.185332+00:00
[2025-09-03T20:19:19.318+0200] {processor.py:175} INFO - Processing /home/varun/miniconda3/envs/python38/lib/python3.8/site-packages/airflow/example_dags/example_task_group.py took 0.189 seconds
[2025-09-03T20:20:11.698+0200] {processor.py:153} INFO - Started process (PID=5104) to work on /home/varun/miniconda3/envs/python38/lib/python3.8/site-packages/airflow/example_dags/example_task_group.py
[2025-09-03T20:20:11.699+0200] {processor.py:743} INFO - Processing file /home/varun/miniconda3/envs/python38/lib/python3.8/site-packages/airflow/example_dags/example_task_group.py for tasks to queue
[2025-09-03T20:20:11.700+0200] {logging_mixin.py:137} INFO - [2025-09-03T20:20:11.700+0200] {dagbag.py:532} INFO - Filling up the DagBag from /home/varun/miniconda3/envs/python38/lib/python3.8/site-packages/airflow/example_dags/example_task_group.py
[2025-09-03T20:20:11.713+0200] {processor.py:753} INFO - DAG(s) dict_keys(['example_task_group']) retrieved from /home/varun/miniconda3/envs/python38/lib/python3.8/site-packages/airflow/example_dags/example_task_group.py
[2025-09-03T20:20:11.729+0200] {logging_mixin.py:137} INFO - [2025-09-03T20:20:11.729+0200] {dag.py:2705} INFO - Sync 1 DAGs
[2025-09-03T20:20:11.864+0200] {logging_mixin.py:137} INFO - [2025-09-03T20:20:11.864+0200] {dag.py:3452} INFO - Setting next_dagrun for example_task_group to 2025-09-02T18:20:11.864196+00:00, run_after=2025-09-03T18:20:11.864196+00:00
[2025-09-03T20:20:11.888+0200] {processor.py:175} INFO - Processing /home/varun/miniconda3/envs/python38/lib/python3.8/site-packages/airflow/example_dags/example_task_group.py took 0.193 seconds
[2025-09-03T20:21:01.885+0200] {processor.py:153} INFO - Started process (PID=5146) to work on /home/varun/miniconda3/envs/python38/lib/python3.8/site-packages/airflow/example_dags/example_task_group.py
[2025-09-03T20:21:01.887+0200] {processor.py:743} INFO - Processing file /home/varun/miniconda3/envs/python38/lib/python3.8/site-packages/airflow/example_dags/example_task_group.py for tasks to queue
[2025-09-03T20:21:01.888+0200] {logging_mixin.py:137} INFO - [2025-09-03T20:21:01.888+0200] {dagbag.py:532} INFO - Filling up the DagBag from /home/varun/miniconda3/envs/python38/lib/python3.8/site-packages/airflow/example_dags/example_task_group.py
[2025-09-03T20:21:01.902+0200] {processor.py:753} INFO - DAG(s) dict_keys(['example_task_group']) retrieved from /home/varun/miniconda3/envs/python38/lib/python3.8/site-packages/airflow/example_dags/example_task_group.py
[2025-09-03T20:21:01.923+0200] {logging_mixin.py:137} INFO - [2025-09-03T20:21:01.923+0200] {dag.py:2705} INFO - Sync 1 DAGs
[2025-09-03T20:21:02.060+0200] {logging_mixin.py:137} INFO - [2025-09-03T20:21:02.060+0200] {dag.py:3452} INFO - Setting next_dagrun for example_task_group to 2025-09-02T18:21:02.060652+00:00, run_after=2025-09-03T18:21:02.060652+00:00
[2025-09-03T20:21:02.082+0200] {processor.py:175} INFO - Processing /home/varun/miniconda3/envs/python38/lib/python3.8/site-packages/airflow/example_dags/example_task_group.py took 0.201 seconds
[2025-09-03T20:21:53.668+0200] {processor.py:153} INFO - Started process (PID=5188) to work on /home/varun/miniconda3/envs/python38/lib/python3.8/site-packages/airflow/example_dags/example_task_group.py
[2025-09-03T20:21:53.670+0200] {processor.py:743} INFO - Processing file /home/varun/miniconda3/envs/python38/lib/python3.8/site-packages/airflow/example_dags/example_task_group.py for tasks to queue
[2025-09-03T20:21:53.671+0200] {logging_mixin.py:137} INFO - [2025-09-03T20:21:53.671+0200] {dagbag.py:532} INFO - Filling up the DagBag from /home/varun/miniconda3/envs/python38/lib/python3.8/site-packages/airflow/example_dags/example_task_group.py
[2025-09-03T20:21:53.691+0200] {processor.py:753} INFO - DAG(s) dict_keys(['example_task_group']) retrieved from /home/varun/miniconda3/envs/python38/lib/python3.8/site-packages/airflow/example_dags/example_task_group.py
[2025-09-03T20:21:53.839+0200] {logging_mixin.py:137} INFO - [2025-09-03T20:21:53.839+0200] {dag.py:2705} INFO - Sync 1 DAGs
[2025-09-03T20:21:53.856+0200] {logging_mixin.py:137} INFO - [2025-09-03T20:21:53.856+0200] {dag.py:3452} INFO - Setting next_dagrun for example_task_group to 2025-09-02T18:21:53.856102+00:00, run_after=2025-09-03T18:21:53.856102+00:00
[2025-09-03T20:21:53.880+0200] {processor.py:175} INFO - Processing /home/varun/miniconda3/envs/python38/lib/python3.8/site-packages/airflow/example_dags/example_task_group.py took 0.215 seconds
[2025-09-03T20:22:43.733+0200] {processor.py:153} INFO - Started process (PID=5230) to work on /home/varun/miniconda3/envs/python38/lib/python3.8/site-packages/airflow/example_dags/example_task_group.py
[2025-09-03T20:22:43.735+0200] {processor.py:743} INFO - Processing file /home/varun/miniconda3/envs/python38/lib/python3.8/site-packages/airflow/example_dags/example_task_group.py for tasks to queue
[2025-09-03T20:22:43.736+0200] {logging_mixin.py:137} INFO - [2025-09-03T20:22:43.735+0200] {dagbag.py:532} INFO - Filling up the DagBag from /home/varun/miniconda3/envs/python38/lib/python3.8/site-packages/airflow/example_dags/example_task_group.py
[2025-09-03T20:22:43.884+0200] {processor.py:753} INFO - DAG(s) dict_keys(['example_task_group']) retrieved from /home/varun/miniconda3/envs/python38/lib/python3.8/site-packages/airflow/example_dags/example_task_group.py
[2025-09-03T20:22:43.900+0200] {logging_mixin.py:137} INFO - [2025-09-03T20:22:43.899+0200] {dag.py:2705} INFO - Sync 1 DAGs
[2025-09-03T20:22:43.914+0200] {logging_mixin.py:137} INFO - [2025-09-03T20:22:43.914+0200] {dag.py:3452} INFO - Setting next_dagrun for example_task_group to 2025-09-02T18:22:43.914018+00:00, run_after=2025-09-03T18:22:43.914018+00:00
[2025-09-03T20:22:43.940+0200] {processor.py:175} INFO - Processing /home/varun/miniconda3/envs/python38/lib/python3.8/site-packages/airflow/example_dags/example_task_group.py took 0.213 seconds
[2025-09-03T20:23:32.271+0200] {processor.py:153} INFO - Started process (PID=5272) to work on /home/varun/miniconda3/envs/python38/lib/python3.8/site-packages/airflow/example_dags/example_task_group.py
[2025-09-03T20:23:32.273+0200] {processor.py:743} INFO - Processing file /home/varun/miniconda3/envs/python38/lib/python3.8/site-packages/airflow/example_dags/example_task_group.py for tasks to queue
[2025-09-03T20:23:32.273+0200] {logging_mixin.py:137} INFO - [2025-09-03T20:23:32.273+0200] {dagbag.py:532} INFO - Filling up the DagBag from /home/varun/miniconda3/envs/python38/lib/python3.8/site-packages/airflow/example_dags/example_task_group.py
[2025-09-03T20:23:32.289+0200] {processor.py:753} INFO - DAG(s) dict_keys(['example_task_group']) retrieved from /home/varun/miniconda3/envs/python38/lib/python3.8/site-packages/airflow/example_dags/example_task_group.py
[2025-09-03T20:23:32.310+0200] {logging_mixin.py:137} INFO - [2025-09-03T20:23:32.309+0200] {dag.py:2705} INFO - Sync 1 DAGs
[2025-09-03T20:23:32.328+0200] {logging_mixin.py:137} INFO - [2025-09-03T20:23:32.328+0200] {dag.py:3452} INFO - Setting next_dagrun for example_task_group to 2025-09-02T18:23:32.327848+00:00, run_after=2025-09-03T18:23:32.327848+00:00
[2025-09-03T20:23:32.350+0200] {processor.py:175} INFO - Processing /home/varun/miniconda3/envs/python38/lib/python3.8/site-packages/airflow/example_dags/example_task_group.py took 0.082 seconds
[2025-09-03T20:24:21.310+0200] {processor.py:153} INFO - Started process (PID=5315) to work on /home/varun/miniconda3/envs/python38/lib/python3.8/site-packages/airflow/example_dags/example_task_group.py
[2025-09-03T20:24:21.312+0200] {processor.py:743} INFO - Processing file /home/varun/miniconda3/envs/python38/lib/python3.8/site-packages/airflow/example_dags/example_task_group.py for tasks to queue
[2025-09-03T20:24:21.313+0200] {logging_mixin.py:137} INFO - [2025-09-03T20:24:21.313+0200] {dagbag.py:532} INFO - Filling up the DagBag from /home/varun/miniconda3/envs/python38/lib/python3.8/site-packages/airflow/example_dags/example_task_group.py
[2025-09-03T20:24:21.330+0200] {processor.py:753} INFO - DAG(s) dict_keys(['example_task_group']) retrieved from /home/varun/miniconda3/envs/python38/lib/python3.8/site-packages/airflow/example_dags/example_task_group.py
[2025-09-03T20:24:21.358+0200] {logging_mixin.py:137} INFO - [2025-09-03T20:24:21.358+0200] {dag.py:2705} INFO - Sync 1 DAGs
[2025-09-03T20:24:21.383+0200] {logging_mixin.py:137} INFO - [2025-09-03T20:24:21.383+0200] {dag.py:3452} INFO - Setting next_dagrun for example_task_group to 2025-09-02T18:24:21.382802+00:00, run_after=2025-09-03T18:24:21.382802+00:00
[2025-09-03T20:24:21.419+0200] {processor.py:175} INFO - Processing /home/varun/miniconda3/envs/python38/lib/python3.8/site-packages/airflow/example_dags/example_task_group.py took 0.113 seconds
[2025-09-03T20:25:06.259+0200] {processor.py:153} INFO - Started process (PID=5357) to work on /home/varun/miniconda3/envs/python38/lib/python3.8/site-packages/airflow/example_dags/example_task_group.py
[2025-09-03T20:25:06.260+0200] {processor.py:743} INFO - Processing file /home/varun/miniconda3/envs/python38/lib/python3.8/site-packages/airflow/example_dags/example_task_group.py for tasks to queue
[2025-09-03T20:25:06.260+0200] {logging_mixin.py:137} INFO - [2025-09-03T20:25:06.260+0200] {dagbag.py:532} INFO - Filling up the DagBag from /home/varun/miniconda3/envs/python38/lib/python3.8/site-packages/airflow/example_dags/example_task_group.py
[2025-09-03T20:25:06.274+0200] {processor.py:753} INFO - DAG(s) dict_keys(['example_task_group']) retrieved from /home/varun/miniconda3/envs/python38/lib/python3.8/site-packages/airflow/example_dags/example_task_group.py
[2025-09-03T20:25:06.295+0200] {logging_mixin.py:137} INFO - [2025-09-03T20:25:06.295+0200] {dag.py:2705} INFO - Sync 1 DAGs
[2025-09-03T20:25:06.312+0200] {logging_mixin.py:137} INFO - [2025-09-03T20:25:06.312+0200] {dag.py:3452} INFO - Setting next_dagrun for example_task_group to 2025-09-02T18:25:06.312477+00:00, run_after=2025-09-03T18:25:06.312477+00:00
[2025-09-03T20:25:06.334+0200] {processor.py:175} INFO - Processing /home/varun/miniconda3/envs/python38/lib/python3.8/site-packages/airflow/example_dags/example_task_group.py took 0.079 seconds
[2025-09-03T20:25:49.061+0200] {processor.py:153} INFO - Started process (PID=5399) to work on /home/varun/miniconda3/envs/python38/lib/python3.8/site-packages/airflow/example_dags/example_task_group.py
[2025-09-03T20:25:49.062+0200] {processor.py:743} INFO - Processing file /home/varun/miniconda3/envs/python38/lib/python3.8/site-packages/airflow/example_dags/example_task_group.py for tasks to queue
[2025-09-03T20:25:49.064+0200] {logging_mixin.py:137} INFO - [2025-09-03T20:25:49.063+0200] {dagbag.py:532} INFO - Filling up the DagBag from /home/varun/miniconda3/envs/python38/lib/python3.8/site-packages/airflow/example_dags/example_task_group.py
[2025-09-03T20:25:49.083+0200] {processor.py:753} INFO - DAG(s) dict_keys(['example_task_group']) retrieved from /home/varun/miniconda3/envs/python38/lib/python3.8/site-packages/airflow/example_dags/example_task_group.py
[2025-09-03T20:25:49.111+0200] {logging_mixin.py:137} INFO - [2025-09-03T20:25:49.110+0200] {dag.py:2705} INFO - Sync 1 DAGs
[2025-09-03T20:25:49.137+0200] {logging_mixin.py:137} INFO - [2025-09-03T20:25:49.137+0200] {dag.py:3452} INFO - Setting next_dagrun for example_task_group to 2025-09-02T18:25:49.137126+00:00, run_after=2025-09-03T18:25:49.137126+00:00
[2025-09-03T20:25:49.170+0200] {processor.py:175} INFO - Processing /home/varun/miniconda3/envs/python38/lib/python3.8/site-packages/airflow/example_dags/example_task_group.py took 0.114 seconds
[2025-09-03T20:26:34.954+0200] {processor.py:153} INFO - Started process (PID=5441) to work on /home/varun/miniconda3/envs/python38/lib/python3.8/site-packages/airflow/example_dags/example_task_group.py
[2025-09-03T20:26:34.956+0200] {processor.py:743} INFO - Processing file /home/varun/miniconda3/envs/python38/lib/python3.8/site-packages/airflow/example_dags/example_task_group.py for tasks to queue
[2025-09-03T20:26:34.956+0200] {logging_mixin.py:137} INFO - [2025-09-03T20:26:34.956+0200] {dagbag.py:532} INFO - Filling up the DagBag from /home/varun/miniconda3/envs/python38/lib/python3.8/site-packages/airflow/example_dags/example_task_group.py
[2025-09-03T20:26:34.974+0200] {processor.py:753} INFO - DAG(s) dict_keys(['example_task_group']) retrieved from /home/varun/miniconda3/envs/python38/lib/python3.8/site-packages/airflow/example_dags/example_task_group.py
[2025-09-03T20:26:35.001+0200] {logging_mixin.py:137} INFO - [2025-09-03T20:26:35.001+0200] {dag.py:2705} INFO - Sync 1 DAGs
[2025-09-03T20:26:35.029+0200] {logging_mixin.py:137} INFO - [2025-09-03T20:26:35.029+0200] {dag.py:3452} INFO - Setting next_dagrun for example_task_group to 2025-09-02T18:26:35.029321+00:00, run_after=2025-09-03T18:26:35.029321+00:00
[2025-09-03T20:26:35.064+0200] {processor.py:175} INFO - Processing /home/varun/miniconda3/envs/python38/lib/python3.8/site-packages/airflow/example_dags/example_task_group.py took 0.115 seconds
[2025-09-03T20:27:24.573+0200] {processor.py:153} INFO - Started process (PID=5483) to work on /home/varun/miniconda3/envs/python38/lib/python3.8/site-packages/airflow/example_dags/example_task_group.py
[2025-09-03T20:27:24.575+0200] {processor.py:743} INFO - Processing file /home/varun/miniconda3/envs/python38/lib/python3.8/site-packages/airflow/example_dags/example_task_group.py for tasks to queue
[2025-09-03T20:27:24.575+0200] {logging_mixin.py:137} INFO - [2025-09-03T20:27:24.575+0200] {dagbag.py:532} INFO - Filling up the DagBag from /home/varun/miniconda3/envs/python38/lib/python3.8/site-packages/airflow/example_dags/example_task_group.py
[2025-09-03T20:27:24.590+0200] {processor.py:753} INFO - DAG(s) dict_keys(['example_task_group']) retrieved from /home/varun/miniconda3/envs/python38/lib/python3.8/site-packages/airflow/example_dags/example_task_group.py
[2025-09-03T20:27:24.611+0200] {logging_mixin.py:137} INFO - [2025-09-03T20:27:24.611+0200] {dag.py:2705} INFO - Sync 1 DAGs
[2025-09-03T20:27:24.629+0200] {logging_mixin.py:137} INFO - [2025-09-03T20:27:24.629+0200] {dag.py:3452} INFO - Setting next_dagrun for example_task_group to 2025-09-02T18:27:24.629422+00:00, run_after=2025-09-03T18:27:24.629422+00:00
[2025-09-03T20:27:24.655+0200] {processor.py:175} INFO - Processing /home/varun/miniconda3/envs/python38/lib/python3.8/site-packages/airflow/example_dags/example_task_group.py took 0.084 seconds
[2025-09-03T20:28:10.820+0200] {processor.py:153} INFO - Started process (PID=5525) to work on /home/varun/miniconda3/envs/python38/lib/python3.8/site-packages/airflow/example_dags/example_task_group.py
[2025-09-03T20:28:10.822+0200] {processor.py:743} INFO - Processing file /home/varun/miniconda3/envs/python38/lib/python3.8/site-packages/airflow/example_dags/example_task_group.py for tasks to queue
[2025-09-03T20:28:10.822+0200] {logging_mixin.py:137} INFO - [2025-09-03T20:28:10.822+0200] {dagbag.py:532} INFO - Filling up the DagBag from /home/varun/miniconda3/envs/python38/lib/python3.8/site-packages/airflow/example_dags/example_task_group.py
[2025-09-03T20:28:10.837+0200] {processor.py:753} INFO - DAG(s) dict_keys(['example_task_group']) retrieved from /home/varun/miniconda3/envs/python38/lib/python3.8/site-packages/airflow/example_dags/example_task_group.py
[2025-09-03T20:28:10.858+0200] {logging_mixin.py:137} INFO - [2025-09-03T20:28:10.858+0200] {dag.py:2705} INFO - Sync 1 DAGs
[2025-09-03T20:28:10.877+0200] {logging_mixin.py:137} INFO - [2025-09-03T20:28:10.877+0200] {dag.py:3452} INFO - Setting next_dagrun for example_task_group to 2025-09-02T18:28:10.877124+00:00, run_after=2025-09-03T18:28:10.877124+00:00
[2025-09-03T20:28:10.898+0200] {processor.py:175} INFO - Processing /home/varun/miniconda3/envs/python38/lib/python3.8/site-packages/airflow/example_dags/example_task_group.py took 0.081 seconds
[2025-09-03T20:28:57.382+0200] {processor.py:153} INFO - Started process (PID=5567) to work on /home/varun/miniconda3/envs/python38/lib/python3.8/site-packages/airflow/example_dags/example_task_group.py
[2025-09-03T20:28:57.384+0200] {processor.py:743} INFO - Processing file /home/varun/miniconda3/envs/python38/lib/python3.8/site-packages/airflow/example_dags/example_task_group.py for tasks to queue
[2025-09-03T20:28:57.384+0200] {logging_mixin.py:137} INFO - [2025-09-03T20:28:57.384+0200] {dagbag.py:532} INFO - Filling up the DagBag from /home/varun/miniconda3/envs/python38/lib/python3.8/site-packages/airflow/example_dags/example_task_group.py
[2025-09-03T20:28:57.400+0200] {processor.py:753} INFO - DAG(s) dict_keys(['example_task_group']) retrieved from /home/varun/miniconda3/envs/python38/lib/python3.8/site-packages/airflow/example_dags/example_task_group.py
[2025-09-03T20:28:57.422+0200] {logging_mixin.py:137} INFO - [2025-09-03T20:28:57.422+0200] {dag.py:2705} INFO - Sync 1 DAGs
[2025-09-03T20:28:57.440+0200] {logging_mixin.py:137} INFO - [2025-09-03T20:28:57.440+0200] {dag.py:3452} INFO - Setting next_dagrun for example_task_group to 2025-09-02T18:28:57.440494+00:00, run_after=2025-09-03T18:28:57.440494+00:00
[2025-09-03T20:28:57.464+0200] {processor.py:175} INFO - Processing /home/varun/miniconda3/envs/python38/lib/python3.8/site-packages/airflow/example_dags/example_task_group.py took 0.085 seconds
[2025-09-03T20:29:47.162+0200] {processor.py:153} INFO - Started process (PID=5610) to work on /home/varun/miniconda3/envs/python38/lib/python3.8/site-packages/airflow/example_dags/example_task_group.py
[2025-09-03T20:29:47.163+0200] {processor.py:743} INFO - Processing file /home/varun/miniconda3/envs/python38/lib/python3.8/site-packages/airflow/example_dags/example_task_group.py for tasks to queue
[2025-09-03T20:29:47.164+0200] {logging_mixin.py:137} INFO - [2025-09-03T20:29:47.164+0200] {dagbag.py:532} INFO - Filling up the DagBag from /home/varun/miniconda3/envs/python38/lib/python3.8/site-packages/airflow/example_dags/example_task_group.py
[2025-09-03T20:29:47.180+0200] {processor.py:753} INFO - DAG(s) dict_keys(['example_task_group']) retrieved from /home/varun/miniconda3/envs/python38/lib/python3.8/site-packages/airflow/example_dags/example_task_group.py
[2025-09-03T20:29:47.201+0200] {logging_mixin.py:137} INFO - [2025-09-03T20:29:47.201+0200] {dag.py:2705} INFO - Sync 1 DAGs
[2025-09-03T20:29:47.220+0200] {logging_mixin.py:137} INFO - [2025-09-03T20:29:47.220+0200] {dag.py:3452} INFO - Setting next_dagrun for example_task_group to 2025-09-02T18:29:47.220347+00:00, run_after=2025-09-03T18:29:47.220347+00:00
[2025-09-03T20:29:47.246+0200] {processor.py:175} INFO - Processing /home/varun/miniconda3/envs/python38/lib/python3.8/site-packages/airflow/example_dags/example_task_group.py took 0.087 seconds
[2025-09-03T20:30:32.015+0200] {processor.py:153} INFO - Started process (PID=5652) to work on /home/varun/miniconda3/envs/python38/lib/python3.8/site-packages/airflow/example_dags/example_task_group.py
[2025-09-03T20:30:32.017+0200] {processor.py:743} INFO - Processing file /home/varun/miniconda3/envs/python38/lib/python3.8/site-packages/airflow/example_dags/example_task_group.py for tasks to queue
[2025-09-03T20:30:32.018+0200] {logging_mixin.py:137} INFO - [2025-09-03T20:30:32.017+0200] {dagbag.py:532} INFO - Filling up the DagBag from /home/varun/miniconda3/envs/python38/lib/python3.8/site-packages/airflow/example_dags/example_task_group.py
[2025-09-03T20:30:32.036+0200] {processor.py:753} INFO - DAG(s) dict_keys(['example_task_group']) retrieved from /home/varun/miniconda3/envs/python38/lib/python3.8/site-packages/airflow/example_dags/example_task_group.py
[2025-09-03T20:30:32.059+0200] {logging_mixin.py:137} INFO - [2025-09-03T20:30:32.059+0200] {dag.py:2705} INFO - Sync 1 DAGs
[2025-09-03T20:30:32.081+0200] {logging_mixin.py:137} INFO - [2025-09-03T20:30:32.081+0200] {dag.py:3452} INFO - Setting next_dagrun for example_task_group to 2025-09-02T18:30:32.081128+00:00, run_after=2025-09-03T18:30:32.081128+00:00
[2025-09-03T20:30:32.107+0200] {processor.py:175} INFO - Processing /home/varun/miniconda3/envs/python38/lib/python3.8/site-packages/airflow/example_dags/example_task_group.py took 0.096 seconds
[2025-09-03T20:31:15.687+0200] {processor.py:153} INFO - Started process (PID=5694) to work on /home/varun/miniconda3/envs/python38/lib/python3.8/site-packages/airflow/example_dags/example_task_group.py
[2025-09-03T20:31:15.689+0200] {processor.py:743} INFO - Processing file /home/varun/miniconda3/envs/python38/lib/python3.8/site-packages/airflow/example_dags/example_task_group.py for tasks to queue
[2025-09-03T20:31:15.690+0200] {logging_mixin.py:137} INFO - [2025-09-03T20:31:15.690+0200] {dagbag.py:532} INFO - Filling up the DagBag from /home/varun/miniconda3/envs/python38/lib/python3.8/site-packages/airflow/example_dags/example_task_group.py
[2025-09-03T20:31:15.712+0200] {processor.py:753} INFO - DAG(s) dict_keys(['example_task_group']) retrieved from /home/varun/miniconda3/envs/python38/lib/python3.8/site-packages/airflow/example_dags/example_task_group.py
[2025-09-03T20:31:15.736+0200] {logging_mixin.py:137} INFO - [2025-09-03T20:31:15.736+0200] {dag.py:2705} INFO - Sync 1 DAGs
[2025-09-03T20:31:15.757+0200] {logging_mixin.py:137} INFO - [2025-09-03T20:31:15.756+0200] {dag.py:3452} INFO - Setting next_dagrun for example_task_group to 2025-09-02T18:31:15.756666+00:00, run_after=2025-09-03T18:31:15.756666+00:00
[2025-09-03T20:31:15.783+0200] {processor.py:175} INFO - Processing /home/varun/miniconda3/envs/python38/lib/python3.8/site-packages/airflow/example_dags/example_task_group.py took 0.101 seconds
[2025-09-03T20:32:04.599+0200] {processor.py:153} INFO - Started process (PID=5736) to work on /home/varun/miniconda3/envs/python38/lib/python3.8/site-packages/airflow/example_dags/example_task_group.py
[2025-09-03T20:32:04.601+0200] {processor.py:743} INFO - Processing file /home/varun/miniconda3/envs/python38/lib/python3.8/site-packages/airflow/example_dags/example_task_group.py for tasks to queue
[2025-09-03T20:32:04.601+0200] {logging_mixin.py:137} INFO - [2025-09-03T20:32:04.601+0200] {dagbag.py:532} INFO - Filling up the DagBag from /home/varun/miniconda3/envs/python38/lib/python3.8/site-packages/airflow/example_dags/example_task_group.py
[2025-09-03T20:32:04.616+0200] {processor.py:753} INFO - DAG(s) dict_keys(['example_task_group']) retrieved from /home/varun/miniconda3/envs/python38/lib/python3.8/site-packages/airflow/example_dags/example_task_group.py
[2025-09-03T20:32:04.636+0200] {logging_mixin.py:137} INFO - [2025-09-03T20:32:04.636+0200] {dag.py:2705} INFO - Sync 1 DAGs
[2025-09-03T20:32:04.655+0200] {logging_mixin.py:137} INFO - [2025-09-03T20:32:04.655+0200] {dag.py:3452} INFO - Setting next_dagrun for example_task_group to 2025-09-02T18:32:04.655163+00:00, run_after=2025-09-03T18:32:04.655163+00:00
[2025-09-03T20:32:04.678+0200] {processor.py:175} INFO - Processing /home/varun/miniconda3/envs/python38/lib/python3.8/site-packages/airflow/example_dags/example_task_group.py took 0.083 seconds
[2025-09-03T20:32:48.628+0200] {processor.py:153} INFO - Started process (PID=5778) to work on /home/varun/miniconda3/envs/python38/lib/python3.8/site-packages/airflow/example_dags/example_task_group.py
[2025-09-03T20:32:48.629+0200] {processor.py:743} INFO - Processing file /home/varun/miniconda3/envs/python38/lib/python3.8/site-packages/airflow/example_dags/example_task_group.py for tasks to queue
[2025-09-03T20:32:48.630+0200] {logging_mixin.py:137} INFO - [2025-09-03T20:32:48.630+0200] {dagbag.py:532} INFO - Filling up the DagBag from /home/varun/miniconda3/envs/python38/lib/python3.8/site-packages/airflow/example_dags/example_task_group.py
[2025-09-03T20:32:48.643+0200] {processor.py:753} INFO - DAG(s) dict_keys(['example_task_group']) retrieved from /home/varun/miniconda3/envs/python38/lib/python3.8/site-packages/airflow/example_dags/example_task_group.py
[2025-09-03T20:32:48.663+0200] {logging_mixin.py:137} INFO - [2025-09-03T20:32:48.663+0200] {dag.py:2705} INFO - Sync 1 DAGs
[2025-09-03T20:32:48.681+0200] {logging_mixin.py:137} INFO - [2025-09-03T20:32:48.681+0200] {dag.py:3452} INFO - Setting next_dagrun for example_task_group to 2025-09-02T18:32:48.680941+00:00, run_after=2025-09-03T18:32:48.680941+00:00
[2025-09-03T20:32:48.706+0200] {processor.py:175} INFO - Processing /home/varun/miniconda3/envs/python38/lib/python3.8/site-packages/airflow/example_dags/example_task_group.py took 0.081 seconds
[2025-09-03T20:33:34.309+0200] {processor.py:153} INFO - Started process (PID=5820) to work on /home/varun/miniconda3/envs/python38/lib/python3.8/site-packages/airflow/example_dags/example_task_group.py
[2025-09-03T20:33:34.311+0200] {processor.py:743} INFO - Processing file /home/varun/miniconda3/envs/python38/lib/python3.8/site-packages/airflow/example_dags/example_task_group.py for tasks to queue
[2025-09-03T20:33:34.312+0200] {logging_mixin.py:137} INFO - [2025-09-03T20:33:34.311+0200] {dagbag.py:532} INFO - Filling up the DagBag from /home/varun/miniconda3/envs/python38/lib/python3.8/site-packages/airflow/example_dags/example_task_group.py
[2025-09-03T20:33:34.326+0200] {processor.py:753} INFO - DAG(s) dict_keys(['example_task_group']) retrieved from /home/varun/miniconda3/envs/python38/lib/python3.8/site-packages/airflow/example_dags/example_task_group.py
[2025-09-03T20:33:34.349+0200] {logging_mixin.py:137} INFO - [2025-09-03T20:33:34.349+0200] {dag.py:2705} INFO - Sync 1 DAGs
[2025-09-03T20:33:34.368+0200] {logging_mixin.py:137} INFO - [2025-09-03T20:33:34.367+0200] {dag.py:3452} INFO - Setting next_dagrun for example_task_group to 2025-09-02T18:33:34.367680+00:00, run_after=2025-09-03T18:33:34.367680+00:00
[2025-09-03T20:33:34.390+0200] {processor.py:175} INFO - Processing /home/varun/miniconda3/envs/python38/lib/python3.8/site-packages/airflow/example_dags/example_task_group.py took 0.084 seconds
[2025-09-03T20:34:20.255+0200] {processor.py:153} INFO - Started process (PID=5862) to work on /home/varun/miniconda3/envs/python38/lib/python3.8/site-packages/airflow/example_dags/example_task_group.py
[2025-09-03T20:34:20.257+0200] {processor.py:743} INFO - Processing file /home/varun/miniconda3/envs/python38/lib/python3.8/site-packages/airflow/example_dags/example_task_group.py for tasks to queue
[2025-09-03T20:34:20.257+0200] {logging_mixin.py:137} INFO - [2025-09-03T20:34:20.257+0200] {dagbag.py:532} INFO - Filling up the DagBag from /home/varun/miniconda3/envs/python38/lib/python3.8/site-packages/airflow/example_dags/example_task_group.py
[2025-09-03T20:34:20.273+0200] {processor.py:753} INFO - DAG(s) dict_keys(['example_task_group']) retrieved from /home/varun/miniconda3/envs/python38/lib/python3.8/site-packages/airflow/example_dags/example_task_group.py
[2025-09-03T20:34:20.297+0200] {logging_mixin.py:137} INFO - [2025-09-03T20:34:20.296+0200] {dag.py:2705} INFO - Sync 1 DAGs
[2025-09-03T20:34:20.318+0200] {logging_mixin.py:137} INFO - [2025-09-03T20:34:20.318+0200] {dag.py:3452} INFO - Setting next_dagrun for example_task_group to 2025-09-02T18:34:20.317793+00:00, run_after=2025-09-03T18:34:20.317793+00:00
[2025-09-03T20:34:20.344+0200] {processor.py:175} INFO - Processing /home/varun/miniconda3/envs/python38/lib/python3.8/site-packages/airflow/example_dags/example_task_group.py took 0.092 seconds
[2025-09-03T20:35:07.952+0200] {processor.py:153} INFO - Started process (PID=5905) to work on /home/varun/miniconda3/envs/python38/lib/python3.8/site-packages/airflow/example_dags/example_task_group.py
[2025-09-03T20:35:07.954+0200] {processor.py:743} INFO - Processing file /home/varun/miniconda3/envs/python38/lib/python3.8/site-packages/airflow/example_dags/example_task_group.py for tasks to queue
[2025-09-03T20:35:07.955+0200] {logging_mixin.py:137} INFO - [2025-09-03T20:35:07.955+0200] {dagbag.py:532} INFO - Filling up the DagBag from /home/varun/miniconda3/envs/python38/lib/python3.8/site-packages/airflow/example_dags/example_task_group.py
[2025-09-03T20:35:07.969+0200] {processor.py:753} INFO - DAG(s) dict_keys(['example_task_group']) retrieved from /home/varun/miniconda3/envs/python38/lib/python3.8/site-packages/airflow/example_dags/example_task_group.py
[2025-09-03T20:35:07.988+0200] {logging_mixin.py:137} INFO - [2025-09-03T20:35:07.988+0200] {dag.py:2705} INFO - Sync 1 DAGs
[2025-09-03T20:35:08.007+0200] {logging_mixin.py:137} INFO - [2025-09-03T20:35:08.007+0200] {dag.py:3452} INFO - Setting next_dagrun for example_task_group to 2025-09-02T18:35:08.006915+00:00, run_after=2025-09-03T18:35:08.006915+00:00
[2025-09-03T20:35:08.033+0200] {processor.py:175} INFO - Processing /home/varun/miniconda3/envs/python38/lib/python3.8/site-packages/airflow/example_dags/example_task_group.py took 0.084 seconds
[2025-09-03T20:35:52.451+0200] {processor.py:153} INFO - Started process (PID=5947) to work on /home/varun/miniconda3/envs/python38/lib/python3.8/site-packages/airflow/example_dags/example_task_group.py
[2025-09-03T20:35:52.452+0200] {processor.py:743} INFO - Processing file /home/varun/miniconda3/envs/python38/lib/python3.8/site-packages/airflow/example_dags/example_task_group.py for tasks to queue
[2025-09-03T20:35:52.453+0200] {logging_mixin.py:137} INFO - [2025-09-03T20:35:52.453+0200] {dagbag.py:532} INFO - Filling up the DagBag from /home/varun/miniconda3/envs/python38/lib/python3.8/site-packages/airflow/example_dags/example_task_group.py
[2025-09-03T20:35:52.471+0200] {processor.py:753} INFO - DAG(s) dict_keys(['example_task_group']) retrieved from /home/varun/miniconda3/envs/python38/lib/python3.8/site-packages/airflow/example_dags/example_task_group.py
[2025-09-03T20:35:52.494+0200] {logging_mixin.py:137} INFO - [2025-09-03T20:35:52.493+0200] {dag.py:2705} INFO - Sync 1 DAGs
[2025-09-03T20:35:52.523+0200] {logging_mixin.py:137} INFO - [2025-09-03T20:35:52.523+0200] {dag.py:3452} INFO - Setting next_dagrun for example_task_group to 2025-09-02T18:35:52.522807+00:00, run_after=2025-09-03T18:35:52.522807+00:00
[2025-09-03T20:35:52.548+0200] {processor.py:175} INFO - Processing /home/varun/miniconda3/envs/python38/lib/python3.8/site-packages/airflow/example_dags/example_task_group.py took 0.102 seconds
[2025-09-03T20:36:38.360+0200] {processor.py:153} INFO - Started process (PID=5989) to work on /home/varun/miniconda3/envs/python38/lib/python3.8/site-packages/airflow/example_dags/example_task_group.py
[2025-09-03T20:36:38.361+0200] {processor.py:743} INFO - Processing file /home/varun/miniconda3/envs/python38/lib/python3.8/site-packages/airflow/example_dags/example_task_group.py for tasks to queue
[2025-09-03T20:36:38.362+0200] {logging_mixin.py:137} INFO - [2025-09-03T20:36:38.361+0200] {dagbag.py:532} INFO - Filling up the DagBag from /home/varun/miniconda3/envs/python38/lib/python3.8/site-packages/airflow/example_dags/example_task_group.py
[2025-09-03T20:36:38.378+0200] {processor.py:753} INFO - DAG(s) dict_keys(['example_task_group']) retrieved from /home/varun/miniconda3/envs/python38/lib/python3.8/site-packages/airflow/example_dags/example_task_group.py
[2025-09-03T20:36:38.400+0200] {logging_mixin.py:137} INFO - [2025-09-03T20:36:38.400+0200] {dag.py:2705} INFO - Sync 1 DAGs
[2025-09-03T20:36:38.420+0200] {logging_mixin.py:137} INFO - [2025-09-03T20:36:38.420+0200] {dag.py:3452} INFO - Setting next_dagrun for example_task_group to 2025-09-02T18:36:38.419947+00:00, run_after=2025-09-03T18:36:38.419947+00:00
[2025-09-03T20:36:38.445+0200] {processor.py:175} INFO - Processing /home/varun/miniconda3/envs/python38/lib/python3.8/site-packages/airflow/example_dags/example_task_group.py took 0.089 seconds
