[2025-09-03T19:42:50.737+0200] {processor.py:153} INFO - Started process (PID=3111) to work on /home/varun/miniconda3/envs/python38/lib/python3.8/site-packages/airflow/example_dags/example_short_circuit_operator.py
[2025-09-03T19:42:50.738+0200] {processor.py:743} INFO - Processing file /home/varun/miniconda3/envs/python38/lib/python3.8/site-packages/airflow/example_dags/example_short_circuit_operator.py for tasks to queue
[2025-09-03T19:42:50.739+0200] {logging_mixin.py:137} INFO - [2025-09-03T19:42:50.739+0200] {dagbag.py:532} INFO - Filling up the DagBag from /home/varun/miniconda3/envs/python38/lib/python3.8/site-packages/airflow/example_dags/example_short_circuit_operator.py
[2025-09-03T19:42:50.754+0200] {processor.py:753} INFO - DAG(s) dict_keys(['example_short_circuit_operator']) retrieved from /home/varun/miniconda3/envs/python38/lib/python3.8/site-packages/airflow/example_dags/example_short_circuit_operator.py
[2025-09-03T19:42:50.845+0200] {logging_mixin.py:137} INFO - [2025-09-03T19:42:50.845+0200] {manager.py:504} INFO - Created Permission View: can edit on DAG:example_short_circuit_operator
[2025-09-03T19:42:50.857+0200] {logging_mixin.py:137} INFO - [2025-09-03T19:42:50.857+0200] {manager.py:504} INFO - Created Permission View: can delete on DAG:example_short_circuit_operator
[2025-09-03T19:42:50.867+0200] {logging_mixin.py:137} INFO - [2025-09-03T19:42:50.867+0200] {manager.py:504} INFO - Created Permission View: can read on DAG:example_short_circuit_operator
[2025-09-03T19:42:50.867+0200] {logging_mixin.py:137} INFO - [2025-09-03T19:42:50.867+0200] {dag.py:2705} INFO - Sync 1 DAGs
[2025-09-03T19:42:50.877+0200] {logging_mixin.py:137} INFO - [2025-09-03T19:42:50.876+0200] {dag.py:2726} INFO - Creating ORM DAG for example_short_circuit_operator
[2025-09-03T19:42:50.885+0200] {logging_mixin.py:137} INFO - [2025-09-03T19:42:50.885+0200] {dag.py:3452} INFO - Setting next_dagrun for example_short_circuit_operator to 2025-09-02T17:42:50.885343+00:00, run_after=2025-09-03T17:42:50.885343+00:00
[2025-09-03T19:42:50.908+0200] {processor.py:175} INFO - Processing /home/varun/miniconda3/envs/python38/lib/python3.8/site-packages/airflow/example_dags/example_short_circuit_operator.py took 0.174 seconds
[2025-09-03T19:43:41.328+0200] {processor.py:153} INFO - Started process (PID=3153) to work on /home/varun/miniconda3/envs/python38/lib/python3.8/site-packages/airflow/example_dags/example_short_circuit_operator.py
[2025-09-03T19:43:41.330+0200] {processor.py:743} INFO - Processing file /home/varun/miniconda3/envs/python38/lib/python3.8/site-packages/airflow/example_dags/example_short_circuit_operator.py for tasks to queue
[2025-09-03T19:43:41.330+0200] {logging_mixin.py:137} INFO - [2025-09-03T19:43:41.330+0200] {dagbag.py:532} INFO - Filling up the DagBag from /home/varun/miniconda3/envs/python38/lib/python3.8/site-packages/airflow/example_dags/example_short_circuit_operator.py
[2025-09-03T19:43:41.349+0200] {processor.py:753} INFO - DAG(s) dict_keys(['example_short_circuit_operator']) retrieved from /home/varun/miniconda3/envs/python38/lib/python3.8/site-packages/airflow/example_dags/example_short_circuit_operator.py
[2025-09-03T19:43:41.368+0200] {logging_mixin.py:137} INFO - [2025-09-03T19:43:41.367+0200] {dag.py:2705} INFO - Sync 1 DAGs
[2025-09-03T19:43:41.388+0200] {logging_mixin.py:137} INFO - [2025-09-03T19:43:41.387+0200] {dag.py:3452} INFO - Setting next_dagrun for example_short_circuit_operator to 2025-09-02T17:43:41.387632+00:00, run_after=2025-09-03T17:43:41.387632+00:00
[2025-09-03T19:43:41.410+0200] {processor.py:175} INFO - Processing /home/varun/miniconda3/envs/python38/lib/python3.8/site-packages/airflow/example_dags/example_short_circuit_operator.py took 0.086 seconds
[2025-09-03T19:44:27.898+0200] {processor.py:153} INFO - Started process (PID=3195) to work on /home/varun/miniconda3/envs/python38/lib/python3.8/site-packages/airflow/example_dags/example_short_circuit_operator.py
[2025-09-03T19:44:27.901+0200] {processor.py:743} INFO - Processing file /home/varun/miniconda3/envs/python38/lib/python3.8/site-packages/airflow/example_dags/example_short_circuit_operator.py for tasks to queue
[2025-09-03T19:44:27.903+0200] {logging_mixin.py:137} INFO - [2025-09-03T19:44:27.902+0200] {dagbag.py:532} INFO - Filling up the DagBag from /home/varun/miniconda3/envs/python38/lib/python3.8/site-packages/airflow/example_dags/example_short_circuit_operator.py
[2025-09-03T19:44:27.939+0200] {processor.py:753} INFO - DAG(s) dict_keys(['example_short_circuit_operator']) retrieved from /home/varun/miniconda3/envs/python38/lib/python3.8/site-packages/airflow/example_dags/example_short_circuit_operator.py
[2025-09-03T19:44:27.974+0200] {logging_mixin.py:137} INFO - [2025-09-03T19:44:27.974+0200] {dag.py:2705} INFO - Sync 1 DAGs
[2025-09-03T19:44:28.005+0200] {logging_mixin.py:137} INFO - [2025-09-03T19:44:28.004+0200] {dag.py:3452} INFO - Setting next_dagrun for example_short_circuit_operator to 2025-09-02T17:44:28.004466+00:00, run_after=2025-09-03T17:44:28.004466+00:00
[2025-09-03T19:44:28.040+0200] {processor.py:175} INFO - Processing /home/varun/miniconda3/envs/python38/lib/python3.8/site-packages/airflow/example_dags/example_short_circuit_operator.py took 0.148 seconds
[2025-09-03T19:45:16.022+0200] {processor.py:153} INFO - Started process (PID=3238) to work on /home/varun/miniconda3/envs/python38/lib/python3.8/site-packages/airflow/example_dags/example_short_circuit_operator.py
[2025-09-03T19:45:16.024+0200] {processor.py:743} INFO - Processing file /home/varun/miniconda3/envs/python38/lib/python3.8/site-packages/airflow/example_dags/example_short_circuit_operator.py for tasks to queue
[2025-09-03T19:45:16.024+0200] {logging_mixin.py:137} INFO - [2025-09-03T19:45:16.024+0200] {dagbag.py:532} INFO - Filling up the DagBag from /home/varun/miniconda3/envs/python38/lib/python3.8/site-packages/airflow/example_dags/example_short_circuit_operator.py
[2025-09-03T19:45:16.044+0200] {processor.py:753} INFO - DAG(s) dict_keys(['example_short_circuit_operator']) retrieved from /home/varun/miniconda3/envs/python38/lib/python3.8/site-packages/airflow/example_dags/example_short_circuit_operator.py
[2025-09-03T19:45:16.078+0200] {logging_mixin.py:137} INFO - [2025-09-03T19:45:16.078+0200] {dag.py:2705} INFO - Sync 1 DAGs
[2025-09-03T19:45:16.116+0200] {logging_mixin.py:137} INFO - [2025-09-03T19:45:16.116+0200] {dag.py:3452} INFO - Setting next_dagrun for example_short_circuit_operator to 2025-09-02T17:45:16.115575+00:00, run_after=2025-09-03T17:45:16.115575+00:00
[2025-09-03T19:45:16.161+0200] {processor.py:175} INFO - Processing /home/varun/miniconda3/envs/python38/lib/python3.8/site-packages/airflow/example_dags/example_short_circuit_operator.py took 0.142 seconds
[2025-09-03T19:46:04.954+0200] {processor.py:153} INFO - Started process (PID=3308) to work on /home/varun/miniconda3/envs/python38/lib/python3.8/site-packages/airflow/example_dags/example_short_circuit_operator.py
[2025-09-03T19:46:04.956+0200] {processor.py:743} INFO - Processing file /home/varun/miniconda3/envs/python38/lib/python3.8/site-packages/airflow/example_dags/example_short_circuit_operator.py for tasks to queue
[2025-09-03T19:46:04.956+0200] {logging_mixin.py:137} INFO - [2025-09-03T19:46:04.956+0200] {dagbag.py:532} INFO - Filling up the DagBag from /home/varun/miniconda3/envs/python38/lib/python3.8/site-packages/airflow/example_dags/example_short_circuit_operator.py
[2025-09-03T19:46:04.975+0200] {processor.py:753} INFO - DAG(s) dict_keys(['example_short_circuit_operator']) retrieved from /home/varun/miniconda3/envs/python38/lib/python3.8/site-packages/airflow/example_dags/example_short_circuit_operator.py
[2025-09-03T19:46:04.998+0200] {logging_mixin.py:137} INFO - [2025-09-03T19:46:04.997+0200] {dag.py:2705} INFO - Sync 1 DAGs
[2025-09-03T19:46:05.018+0200] {logging_mixin.py:137} INFO - [2025-09-03T19:46:05.018+0200] {dag.py:3452} INFO - Setting next_dagrun for example_short_circuit_operator to 2025-09-02T17:46:05.017809+00:00, run_after=2025-09-03T17:46:05.017809+00:00
[2025-09-03T19:46:05.041+0200] {processor.py:175} INFO - Processing /home/varun/miniconda3/envs/python38/lib/python3.8/site-packages/airflow/example_dags/example_short_circuit_operator.py took 0.091 seconds
[2025-09-03T19:46:50.281+0200] {processor.py:153} INFO - Started process (PID=3356) to work on /home/varun/miniconda3/envs/python38/lib/python3.8/site-packages/airflow/example_dags/example_short_circuit_operator.py
[2025-09-03T19:46:50.286+0200] {processor.py:743} INFO - Processing file /home/varun/miniconda3/envs/python38/lib/python3.8/site-packages/airflow/example_dags/example_short_circuit_operator.py for tasks to queue
[2025-09-03T19:46:50.287+0200] {logging_mixin.py:137} INFO - [2025-09-03T19:46:50.287+0200] {dagbag.py:532} INFO - Filling up the DagBag from /home/varun/miniconda3/envs/python38/lib/python3.8/site-packages/airflow/example_dags/example_short_circuit_operator.py
[2025-09-03T19:46:50.310+0200] {processor.py:753} INFO - DAG(s) dict_keys(['example_short_circuit_operator']) retrieved from /home/varun/miniconda3/envs/python38/lib/python3.8/site-packages/airflow/example_dags/example_short_circuit_operator.py
[2025-09-03T19:46:50.334+0200] {logging_mixin.py:137} INFO - [2025-09-03T19:46:50.333+0200] {dag.py:2705} INFO - Sync 1 DAGs
[2025-09-03T19:46:50.356+0200] {logging_mixin.py:137} INFO - [2025-09-03T19:46:50.356+0200] {dag.py:3452} INFO - Setting next_dagrun for example_short_circuit_operator to 2025-09-02T17:46:50.356101+00:00, run_after=2025-09-03T17:46:50.356101+00:00
[2025-09-03T19:46:50.386+0200] {processor.py:175} INFO - Processing /home/varun/miniconda3/envs/python38/lib/python3.8/site-packages/airflow/example_dags/example_short_circuit_operator.py took 0.110 seconds
[2025-09-03T19:47:36.759+0200] {processor.py:153} INFO - Started process (PID=3406) to work on /home/varun/miniconda3/envs/python38/lib/python3.8/site-packages/airflow/example_dags/example_short_circuit_operator.py
[2025-09-03T19:47:36.761+0200] {processor.py:743} INFO - Processing file /home/varun/miniconda3/envs/python38/lib/python3.8/site-packages/airflow/example_dags/example_short_circuit_operator.py for tasks to queue
[2025-09-03T19:47:36.762+0200] {logging_mixin.py:137} INFO - [2025-09-03T19:47:36.762+0200] {dagbag.py:532} INFO - Filling up the DagBag from /home/varun/miniconda3/envs/python38/lib/python3.8/site-packages/airflow/example_dags/example_short_circuit_operator.py
[2025-09-03T19:47:36.786+0200] {processor.py:753} INFO - DAG(s) dict_keys(['example_short_circuit_operator']) retrieved from /home/varun/miniconda3/envs/python38/lib/python3.8/site-packages/airflow/example_dags/example_short_circuit_operator.py
[2025-09-03T19:47:36.814+0200] {logging_mixin.py:137} INFO - [2025-09-03T19:47:36.814+0200] {dag.py:2705} INFO - Sync 1 DAGs
[2025-09-03T19:47:36.851+0200] {logging_mixin.py:137} INFO - [2025-09-03T19:47:36.851+0200] {dag.py:3452} INFO - Setting next_dagrun for example_short_circuit_operator to 2025-09-02T17:47:36.850608+00:00, run_after=2025-09-03T17:47:36.850608+00:00
[2025-09-03T19:47:36.883+0200] {processor.py:175} INFO - Processing /home/varun/miniconda3/envs/python38/lib/python3.8/site-packages/airflow/example_dags/example_short_circuit_operator.py took 0.128 seconds
[2025-09-03T19:48:20.847+0200] {processor.py:153} INFO - Started process (PID=3448) to work on /home/varun/miniconda3/envs/python38/lib/python3.8/site-packages/airflow/example_dags/example_short_circuit_operator.py
[2025-09-03T19:48:20.849+0200] {processor.py:743} INFO - Processing file /home/varun/miniconda3/envs/python38/lib/python3.8/site-packages/airflow/example_dags/example_short_circuit_operator.py for tasks to queue
[2025-09-03T19:48:20.849+0200] {logging_mixin.py:137} INFO - [2025-09-03T19:48:20.849+0200] {dagbag.py:532} INFO - Filling up the DagBag from /home/varun/miniconda3/envs/python38/lib/python3.8/site-packages/airflow/example_dags/example_short_circuit_operator.py
[2025-09-03T19:48:20.869+0200] {processor.py:753} INFO - DAG(s) dict_keys(['example_short_circuit_operator']) retrieved from /home/varun/miniconda3/envs/python38/lib/python3.8/site-packages/airflow/example_dags/example_short_circuit_operator.py
[2025-09-03T19:48:20.896+0200] {logging_mixin.py:137} INFO - [2025-09-03T19:48:20.896+0200] {dag.py:2705} INFO - Sync 1 DAGs
[2025-09-03T19:48:20.927+0200] {logging_mixin.py:137} INFO - [2025-09-03T19:48:20.927+0200] {dag.py:3452} INFO - Setting next_dagrun for example_short_circuit_operator to 2025-09-02T17:48:20.926914+00:00, run_after=2025-09-03T17:48:20.926914+00:00
[2025-09-03T19:48:20.966+0200] {processor.py:175} INFO - Processing /home/varun/miniconda3/envs/python38/lib/python3.8/site-packages/airflow/example_dags/example_short_circuit_operator.py took 0.122 seconds
[2025-09-03T19:49:13.779+0200] {processor.py:153} INFO - Started process (PID=3490) to work on /home/varun/miniconda3/envs/python38/lib/python3.8/site-packages/airflow/example_dags/example_short_circuit_operator.py
[2025-09-03T19:49:13.781+0200] {processor.py:743} INFO - Processing file /home/varun/miniconda3/envs/python38/lib/python3.8/site-packages/airflow/example_dags/example_short_circuit_operator.py for tasks to queue
[2025-09-03T19:49:13.782+0200] {logging_mixin.py:137} INFO - [2025-09-03T19:49:13.782+0200] {dagbag.py:532} INFO - Filling up the DagBag from /home/varun/miniconda3/envs/python38/lib/python3.8/site-packages/airflow/example_dags/example_short_circuit_operator.py
[2025-09-03T19:49:13.807+0200] {processor.py:753} INFO - DAG(s) dict_keys(['example_short_circuit_operator']) retrieved from /home/varun/miniconda3/envs/python38/lib/python3.8/site-packages/airflow/example_dags/example_short_circuit_operator.py
[2025-09-03T19:49:13.842+0200] {logging_mixin.py:137} INFO - [2025-09-03T19:49:13.841+0200] {dag.py:2705} INFO - Sync 1 DAGs
[2025-09-03T19:49:13.873+0200] {logging_mixin.py:137} INFO - [2025-09-03T19:49:13.872+0200] {dag.py:3452} INFO - Setting next_dagrun for example_short_circuit_operator to 2025-09-02T17:49:13.872609+00:00, run_after=2025-09-03T17:49:13.872609+00:00
[2025-09-03T19:49:13.916+0200] {processor.py:175} INFO - Processing /home/varun/miniconda3/envs/python38/lib/python3.8/site-packages/airflow/example_dags/example_short_circuit_operator.py took 0.143 seconds
[2025-09-03T19:50:00.484+0200] {processor.py:153} INFO - Started process (PID=3541) to work on /home/varun/miniconda3/envs/python38/lib/python3.8/site-packages/airflow/example_dags/example_short_circuit_operator.py
[2025-09-03T19:50:00.486+0200] {processor.py:743} INFO - Processing file /home/varun/miniconda3/envs/python38/lib/python3.8/site-packages/airflow/example_dags/example_short_circuit_operator.py for tasks to queue
[2025-09-03T19:50:00.486+0200] {logging_mixin.py:137} INFO - [2025-09-03T19:50:00.486+0200] {dagbag.py:532} INFO - Filling up the DagBag from /home/varun/miniconda3/envs/python38/lib/python3.8/site-packages/airflow/example_dags/example_short_circuit_operator.py
[2025-09-03T19:50:00.511+0200] {processor.py:753} INFO - DAG(s) dict_keys(['example_short_circuit_operator']) retrieved from /home/varun/miniconda3/envs/python38/lib/python3.8/site-packages/airflow/example_dags/example_short_circuit_operator.py
[2025-09-03T19:50:00.542+0200] {logging_mixin.py:137} INFO - [2025-09-03T19:50:00.541+0200] {dag.py:2705} INFO - Sync 1 DAGs
[2025-09-03T19:50:00.580+0200] {logging_mixin.py:137} INFO - [2025-09-03T19:50:00.580+0200] {dag.py:3452} INFO - Setting next_dagrun for example_short_circuit_operator to 2025-09-02T17:50:00.579671+00:00, run_after=2025-09-03T17:50:00.579671+00:00
[2025-09-03T19:50:00.621+0200] {processor.py:175} INFO - Processing /home/varun/miniconda3/envs/python38/lib/python3.8/site-packages/airflow/example_dags/example_short_circuit_operator.py took 0.141 seconds
[2025-09-03T19:50:50.832+0200] {processor.py:153} INFO - Started process (PID=3584) to work on /home/varun/miniconda3/envs/python38/lib/python3.8/site-packages/airflow/example_dags/example_short_circuit_operator.py
[2025-09-03T19:50:50.834+0200] {processor.py:743} INFO - Processing file /home/varun/miniconda3/envs/python38/lib/python3.8/site-packages/airflow/example_dags/example_short_circuit_operator.py for tasks to queue
[2025-09-03T19:50:50.835+0200] {logging_mixin.py:137} INFO - [2025-09-03T19:50:50.835+0200] {dagbag.py:532} INFO - Filling up the DagBag from /home/varun/miniconda3/envs/python38/lib/python3.8/site-packages/airflow/example_dags/example_short_circuit_operator.py
[2025-09-03T19:50:50.861+0200] {processor.py:753} INFO - DAG(s) dict_keys(['example_short_circuit_operator']) retrieved from /home/varun/miniconda3/envs/python38/lib/python3.8/site-packages/airflow/example_dags/example_short_circuit_operator.py
[2025-09-03T19:50:50.894+0200] {logging_mixin.py:137} INFO - [2025-09-03T19:50:50.894+0200] {dag.py:2705} INFO - Sync 1 DAGs
[2025-09-03T19:50:50.918+0200] {logging_mixin.py:137} INFO - [2025-09-03T19:50:50.918+0200] {dag.py:3452} INFO - Setting next_dagrun for example_short_circuit_operator to 2025-09-02T17:50:50.918011+00:00, run_after=2025-09-03T17:50:50.918011+00:00
[2025-09-03T19:50:50.946+0200] {processor.py:175} INFO - Processing /home/varun/miniconda3/envs/python38/lib/python3.8/site-packages/airflow/example_dags/example_short_circuit_operator.py took 0.120 seconds
[2025-09-03T19:51:37.235+0200] {processor.py:153} INFO - Started process (PID=3639) to work on /home/varun/miniconda3/envs/python38/lib/python3.8/site-packages/airflow/example_dags/example_short_circuit_operator.py
[2025-09-03T19:51:37.237+0200] {processor.py:743} INFO - Processing file /home/varun/miniconda3/envs/python38/lib/python3.8/site-packages/airflow/example_dags/example_short_circuit_operator.py for tasks to queue
[2025-09-03T19:51:37.238+0200] {logging_mixin.py:137} INFO - [2025-09-03T19:51:37.238+0200] {dagbag.py:532} INFO - Filling up the DagBag from /home/varun/miniconda3/envs/python38/lib/python3.8/site-packages/airflow/example_dags/example_short_circuit_operator.py
[2025-09-03T19:51:37.259+0200] {processor.py:753} INFO - DAG(s) dict_keys(['example_short_circuit_operator']) retrieved from /home/varun/miniconda3/envs/python38/lib/python3.8/site-packages/airflow/example_dags/example_short_circuit_operator.py
[2025-09-03T19:51:37.280+0200] {logging_mixin.py:137} INFO - [2025-09-03T19:51:37.280+0200] {dag.py:2705} INFO - Sync 1 DAGs
[2025-09-03T19:51:37.300+0200] {logging_mixin.py:137} INFO - [2025-09-03T19:51:37.300+0200] {dag.py:3452} INFO - Setting next_dagrun for example_short_circuit_operator to 2025-09-02T17:51:37.299959+00:00, run_after=2025-09-03T17:51:37.299959+00:00
[2025-09-03T19:51:37.328+0200] {processor.py:175} INFO - Processing /home/varun/miniconda3/envs/python38/lib/python3.8/site-packages/airflow/example_dags/example_short_circuit_operator.py took 0.097 seconds
[2025-09-03T19:52:24.559+0200] {processor.py:153} INFO - Started process (PID=3688) to work on /home/varun/miniconda3/envs/python38/lib/python3.8/site-packages/airflow/example_dags/example_short_circuit_operator.py
[2025-09-03T19:52:24.560+0200] {processor.py:743} INFO - Processing file /home/varun/miniconda3/envs/python38/lib/python3.8/site-packages/airflow/example_dags/example_short_circuit_operator.py for tasks to queue
[2025-09-03T19:52:24.561+0200] {logging_mixin.py:137} INFO - [2025-09-03T19:52:24.561+0200] {dagbag.py:532} INFO - Filling up the DagBag from /home/varun/miniconda3/envs/python38/lib/python3.8/site-packages/airflow/example_dags/example_short_circuit_operator.py
[2025-09-03T19:52:24.576+0200] {processor.py:753} INFO - DAG(s) dict_keys(['example_short_circuit_operator']) retrieved from /home/varun/miniconda3/envs/python38/lib/python3.8/site-packages/airflow/example_dags/example_short_circuit_operator.py
[2025-09-03T19:52:24.599+0200] {logging_mixin.py:137} INFO - [2025-09-03T19:52:24.599+0200] {dag.py:2705} INFO - Sync 1 DAGs
[2025-09-03T19:52:24.619+0200] {logging_mixin.py:137} INFO - [2025-09-03T19:52:24.619+0200] {dag.py:3452} INFO - Setting next_dagrun for example_short_circuit_operator to 2025-09-02T17:52:24.618951+00:00, run_after=2025-09-03T17:52:24.618951+00:00
[2025-09-03T19:52:24.644+0200] {processor.py:175} INFO - Processing /home/varun/miniconda3/envs/python38/lib/python3.8/site-packages/airflow/example_dags/example_short_circuit_operator.py took 0.089 seconds
[2025-09-03T19:53:18.648+0200] {processor.py:153} INFO - Started process (PID=3730) to work on /home/varun/miniconda3/envs/python38/lib/python3.8/site-packages/airflow/example_dags/example_short_circuit_operator.py
[2025-09-03T19:53:18.650+0200] {processor.py:743} INFO - Processing file /home/varun/miniconda3/envs/python38/lib/python3.8/site-packages/airflow/example_dags/example_short_circuit_operator.py for tasks to queue
[2025-09-03T19:53:18.651+0200] {logging_mixin.py:137} INFO - [2025-09-03T19:53:18.651+0200] {dagbag.py:532} INFO - Filling up the DagBag from /home/varun/miniconda3/envs/python38/lib/python3.8/site-packages/airflow/example_dags/example_short_circuit_operator.py
[2025-09-03T19:53:18.668+0200] {processor.py:753} INFO - DAG(s) dict_keys(['example_short_circuit_operator']) retrieved from /home/varun/miniconda3/envs/python38/lib/python3.8/site-packages/airflow/example_dags/example_short_circuit_operator.py
[2025-09-03T19:53:18.698+0200] {logging_mixin.py:137} INFO - [2025-09-03T19:53:18.698+0200] {dag.py:2705} INFO - Sync 1 DAGs
[2025-09-03T19:53:18.832+0200] {logging_mixin.py:137} INFO - [2025-09-03T19:53:18.832+0200] {dag.py:3452} INFO - Setting next_dagrun for example_short_circuit_operator to 2025-09-02T17:53:18.831921+00:00, run_after=2025-09-03T17:53:18.831921+00:00
[2025-09-03T19:53:18.855+0200] {processor.py:175} INFO - Processing /home/varun/miniconda3/envs/python38/lib/python3.8/site-packages/airflow/example_dags/example_short_circuit_operator.py took 0.211 seconds
[2025-09-03T19:54:14.646+0200] {processor.py:153} INFO - Started process (PID=3781) to work on /home/varun/miniconda3/envs/python38/lib/python3.8/site-packages/airflow/example_dags/example_short_circuit_operator.py
[2025-09-03T19:54:14.648+0200] {processor.py:743} INFO - Processing file /home/varun/miniconda3/envs/python38/lib/python3.8/site-packages/airflow/example_dags/example_short_circuit_operator.py for tasks to queue
[2025-09-03T19:54:14.648+0200] {logging_mixin.py:137} INFO - [2025-09-03T19:54:14.648+0200] {dagbag.py:532} INFO - Filling up the DagBag from /home/varun/miniconda3/envs/python38/lib/python3.8/site-packages/airflow/example_dags/example_short_circuit_operator.py
[2025-09-03T19:54:14.667+0200] {processor.py:753} INFO - DAG(s) dict_keys(['example_short_circuit_operator']) retrieved from /home/varun/miniconda3/envs/python38/lib/python3.8/site-packages/airflow/example_dags/example_short_circuit_operator.py
[2025-09-03T19:54:14.699+0200] {logging_mixin.py:137} INFO - [2025-09-03T19:54:14.699+0200] {dag.py:2705} INFO - Sync 1 DAGs
[2025-09-03T19:54:14.891+0200] {logging_mixin.py:137} INFO - [2025-09-03T19:54:14.890+0200] {dag.py:3452} INFO - Setting next_dagrun for example_short_circuit_operator to 2025-09-02T17:54:14.890702+00:00, run_after=2025-09-03T17:54:14.890702+00:00
[2025-09-03T19:54:14.920+0200] {processor.py:175} INFO - Processing /home/varun/miniconda3/envs/python38/lib/python3.8/site-packages/airflow/example_dags/example_short_circuit_operator.py took 0.279 seconds
[2025-09-03T19:55:13.755+0200] {processor.py:153} INFO - Started process (PID=3833) to work on /home/varun/miniconda3/envs/python38/lib/python3.8/site-packages/airflow/example_dags/example_short_circuit_operator.py
[2025-09-03T19:55:13.758+0200] {processor.py:743} INFO - Processing file /home/varun/miniconda3/envs/python38/lib/python3.8/site-packages/airflow/example_dags/example_short_circuit_operator.py for tasks to queue
[2025-09-03T19:55:13.760+0200] {logging_mixin.py:137} INFO - [2025-09-03T19:55:13.760+0200] {dagbag.py:532} INFO - Filling up the DagBag from /home/varun/miniconda3/envs/python38/lib/python3.8/site-packages/airflow/example_dags/example_short_circuit_operator.py
[2025-09-03T19:55:13.788+0200] {processor.py:753} INFO - DAG(s) dict_keys(['example_short_circuit_operator']) retrieved from /home/varun/miniconda3/envs/python38/lib/python3.8/site-packages/airflow/example_dags/example_short_circuit_operator.py
[2025-09-03T19:55:14.009+0200] {logging_mixin.py:137} INFO - [2025-09-03T19:55:14.009+0200] {dag.py:2705} INFO - Sync 1 DAGs
[2025-09-03T19:55:14.053+0200] {logging_mixin.py:137} INFO - [2025-09-03T19:55:14.052+0200] {dag.py:3452} INFO - Setting next_dagrun for example_short_circuit_operator to 2025-09-02T17:55:14.051625+00:00, run_after=2025-09-03T17:55:14.051625+00:00
[2025-09-03T19:55:14.099+0200] {processor.py:175} INFO - Processing /home/varun/miniconda3/envs/python38/lib/python3.8/site-packages/airflow/example_dags/example_short_circuit_operator.py took 0.351 seconds
[2025-09-03T19:56:16.122+0200] {processor.py:153} INFO - Started process (PID=3889) to work on /home/varun/miniconda3/envs/python38/lib/python3.8/site-packages/airflow/example_dags/example_short_circuit_operator.py
[2025-09-03T19:56:16.123+0200] {processor.py:743} INFO - Processing file /home/varun/miniconda3/envs/python38/lib/python3.8/site-packages/airflow/example_dags/example_short_circuit_operator.py for tasks to queue
[2025-09-03T19:56:16.124+0200] {logging_mixin.py:137} INFO - [2025-09-03T19:56:16.124+0200] {dagbag.py:532} INFO - Filling up the DagBag from /home/varun/miniconda3/envs/python38/lib/python3.8/site-packages/airflow/example_dags/example_short_circuit_operator.py
[2025-09-03T19:56:16.309+0200] {processor.py:753} INFO - DAG(s) dict_keys(['example_short_circuit_operator']) retrieved from /home/varun/miniconda3/envs/python38/lib/python3.8/site-packages/airflow/example_dags/example_short_circuit_operator.py
[2025-09-03T19:56:16.336+0200] {logging_mixin.py:137} INFO - [2025-09-03T19:56:16.336+0200] {dag.py:2705} INFO - Sync 1 DAGs
[2025-09-03T19:56:16.361+0200] {logging_mixin.py:137} INFO - [2025-09-03T19:56:16.361+0200] {dag.py:3452} INFO - Setting next_dagrun for example_short_circuit_operator to 2025-09-02T17:56:16.361209+00:00, run_after=2025-09-03T17:56:16.361209+00:00
[2025-09-03T19:56:16.390+0200] {processor.py:175} INFO - Processing /home/varun/miniconda3/envs/python38/lib/python3.8/site-packages/airflow/example_dags/example_short_circuit_operator.py took 0.271 seconds
[2025-09-03T19:57:09.925+0200] {processor.py:153} INFO - Started process (PID=3934) to work on /home/varun/miniconda3/envs/python38/lib/python3.8/site-packages/airflow/example_dags/example_short_circuit_operator.py
[2025-09-03T19:57:09.927+0200] {processor.py:743} INFO - Processing file /home/varun/miniconda3/envs/python38/lib/python3.8/site-packages/airflow/example_dags/example_short_circuit_operator.py for tasks to queue
[2025-09-03T19:57:09.927+0200] {logging_mixin.py:137} INFO - [2025-09-03T19:57:09.927+0200] {dagbag.py:532} INFO - Filling up the DagBag from /home/varun/miniconda3/envs/python38/lib/python3.8/site-packages/airflow/example_dags/example_short_circuit_operator.py
[2025-09-03T19:57:10.070+0200] {processor.py:753} INFO - DAG(s) dict_keys(['example_short_circuit_operator']) retrieved from /home/varun/miniconda3/envs/python38/lib/python3.8/site-packages/airflow/example_dags/example_short_circuit_operator.py
[2025-09-03T19:57:10.088+0200] {logging_mixin.py:137} INFO - [2025-09-03T19:57:10.088+0200] {dag.py:2705} INFO - Sync 1 DAGs
[2025-09-03T19:57:10.103+0200] {logging_mixin.py:137} INFO - [2025-09-03T19:57:10.103+0200] {dag.py:3452} INFO - Setting next_dagrun for example_short_circuit_operator to 2025-09-02T17:57:10.103377+00:00, run_after=2025-09-03T17:57:10.103377+00:00
[2025-09-03T19:57:10.128+0200] {processor.py:175} INFO - Processing /home/varun/miniconda3/envs/python38/lib/python3.8/site-packages/airflow/example_dags/example_short_circuit_operator.py took 0.206 seconds
[2025-09-03T19:58:01.165+0200] {processor.py:153} INFO - Started process (PID=3978) to work on /home/varun/miniconda3/envs/python38/lib/python3.8/site-packages/airflow/example_dags/example_short_circuit_operator.py
[2025-09-03T19:58:01.166+0200] {processor.py:743} INFO - Processing file /home/varun/miniconda3/envs/python38/lib/python3.8/site-packages/airflow/example_dags/example_short_circuit_operator.py for tasks to queue
[2025-09-03T19:58:01.167+0200] {logging_mixin.py:137} INFO - [2025-09-03T19:58:01.167+0200] {dagbag.py:532} INFO - Filling up the DagBag from /home/varun/miniconda3/envs/python38/lib/python3.8/site-packages/airflow/example_dags/example_short_circuit_operator.py
[2025-09-03T19:58:01.186+0200] {processor.py:753} INFO - DAG(s) dict_keys(['example_short_circuit_operator']) retrieved from /home/varun/miniconda3/envs/python38/lib/python3.8/site-packages/airflow/example_dags/example_short_circuit_operator.py
[2025-09-03T19:58:01.208+0200] {logging_mixin.py:137} INFO - [2025-09-03T19:58:01.208+0200] {dag.py:2705} INFO - Sync 1 DAGs
[2025-09-03T19:58:01.229+0200] {logging_mixin.py:137} INFO - [2025-09-03T19:58:01.229+0200] {dag.py:3452} INFO - Setting next_dagrun for example_short_circuit_operator to 2025-09-02T17:58:01.229371+00:00, run_after=2025-09-03T17:58:01.229371+00:00
[2025-09-03T19:58:01.262+0200] {processor.py:175} INFO - Processing /home/varun/miniconda3/envs/python38/lib/python3.8/site-packages/airflow/example_dags/example_short_circuit_operator.py took 0.102 seconds
[2025-09-03T20:01:06.076+0200] {processor.py:153} INFO - Started process (PID=4049) to work on /home/varun/miniconda3/envs/python38/lib/python3.8/site-packages/airflow/example_dags/example_short_circuit_operator.py
[2025-09-03T20:01:06.077+0200] {processor.py:743} INFO - Processing file /home/varun/miniconda3/envs/python38/lib/python3.8/site-packages/airflow/example_dags/example_short_circuit_operator.py for tasks to queue
[2025-09-03T20:01:06.078+0200] {logging_mixin.py:137} INFO - [2025-09-03T20:01:06.078+0200] {dagbag.py:532} INFO - Filling up the DagBag from /home/varun/miniconda3/envs/python38/lib/python3.8/site-packages/airflow/example_dags/example_short_circuit_operator.py
[2025-09-03T20:01:06.096+0200] {processor.py:753} INFO - DAG(s) dict_keys(['example_short_circuit_operator']) retrieved from /home/varun/miniconda3/envs/python38/lib/python3.8/site-packages/airflow/example_dags/example_short_circuit_operator.py
[2025-09-03T20:01:06.119+0200] {logging_mixin.py:137} INFO - [2025-09-03T20:01:06.119+0200] {dag.py:2705} INFO - Sync 1 DAGs
[2025-09-03T20:01:06.140+0200] {logging_mixin.py:137} INFO - [2025-09-03T20:01:06.140+0200] {dag.py:3452} INFO - Setting next_dagrun for example_short_circuit_operator to 2025-09-02T18:01:06.139717+00:00, run_after=2025-09-03T18:01:06.139717+00:00
[2025-09-03T20:01:06.165+0200] {processor.py:175} INFO - Processing /home/varun/miniconda3/envs/python38/lib/python3.8/site-packages/airflow/example_dags/example_short_circuit_operator.py took 0.092 seconds
[2025-09-03T20:01:53.214+0200] {processor.py:153} INFO - Started process (PID=4096) to work on /home/varun/miniconda3/envs/python38/lib/python3.8/site-packages/airflow/example_dags/example_short_circuit_operator.py
[2025-09-03T20:01:53.215+0200] {processor.py:743} INFO - Processing file /home/varun/miniconda3/envs/python38/lib/python3.8/site-packages/airflow/example_dags/example_short_circuit_operator.py for tasks to queue
[2025-09-03T20:01:53.216+0200] {logging_mixin.py:137} INFO - [2025-09-03T20:01:53.216+0200] {dagbag.py:532} INFO - Filling up the DagBag from /home/varun/miniconda3/envs/python38/lib/python3.8/site-packages/airflow/example_dags/example_short_circuit_operator.py
[2025-09-03T20:01:53.239+0200] {processor.py:753} INFO - DAG(s) dict_keys(['example_short_circuit_operator']) retrieved from /home/varun/miniconda3/envs/python38/lib/python3.8/site-packages/airflow/example_dags/example_short_circuit_operator.py
[2025-09-03T20:01:53.266+0200] {logging_mixin.py:137} INFO - [2025-09-03T20:01:53.266+0200] {dag.py:2705} INFO - Sync 1 DAGs
[2025-09-03T20:01:53.285+0200] {logging_mixin.py:137} INFO - [2025-09-03T20:01:53.285+0200] {dag.py:3452} INFO - Setting next_dagrun for example_short_circuit_operator to 2025-09-02T18:01:53.284887+00:00, run_after=2025-09-03T18:01:53.284887+00:00
[2025-09-03T20:01:53.322+0200] {processor.py:175} INFO - Processing /home/varun/miniconda3/envs/python38/lib/python3.8/site-packages/airflow/example_dags/example_short_circuit_operator.py took 0.114 seconds
[2025-09-03T20:02:38.499+0200] {processor.py:153} INFO - Started process (PID=4138) to work on /home/varun/miniconda3/envs/python38/lib/python3.8/site-packages/airflow/example_dags/example_short_circuit_operator.py
[2025-09-03T20:02:38.500+0200] {processor.py:743} INFO - Processing file /home/varun/miniconda3/envs/python38/lib/python3.8/site-packages/airflow/example_dags/example_short_circuit_operator.py for tasks to queue
[2025-09-03T20:02:38.501+0200] {logging_mixin.py:137} INFO - [2025-09-03T20:02:38.501+0200] {dagbag.py:532} INFO - Filling up the DagBag from /home/varun/miniconda3/envs/python38/lib/python3.8/site-packages/airflow/example_dags/example_short_circuit_operator.py
[2025-09-03T20:02:38.519+0200] {processor.py:753} INFO - DAG(s) dict_keys(['example_short_circuit_operator']) retrieved from /home/varun/miniconda3/envs/python38/lib/python3.8/site-packages/airflow/example_dags/example_short_circuit_operator.py
[2025-09-03T20:02:38.541+0200] {logging_mixin.py:137} INFO - [2025-09-03T20:02:38.540+0200] {dag.py:2705} INFO - Sync 1 DAGs
[2025-09-03T20:02:38.562+0200] {logging_mixin.py:137} INFO - [2025-09-03T20:02:38.562+0200] {dag.py:3452} INFO - Setting next_dagrun for example_short_circuit_operator to 2025-09-02T18:02:38.562370+00:00, run_after=2025-09-03T18:02:38.562370+00:00
[2025-09-03T20:02:38.587+0200] {processor.py:175} INFO - Processing /home/varun/miniconda3/envs/python38/lib/python3.8/site-packages/airflow/example_dags/example_short_circuit_operator.py took 0.091 seconds
[2025-09-03T20:03:28.751+0200] {processor.py:153} INFO - Started process (PID=4180) to work on /home/varun/miniconda3/envs/python38/lib/python3.8/site-packages/airflow/example_dags/example_short_circuit_operator.py
[2025-09-03T20:03:28.753+0200] {processor.py:743} INFO - Processing file /home/varun/miniconda3/envs/python38/lib/python3.8/site-packages/airflow/example_dags/example_short_circuit_operator.py for tasks to queue
[2025-09-03T20:03:28.754+0200] {logging_mixin.py:137} INFO - [2025-09-03T20:03:28.754+0200] {dagbag.py:532} INFO - Filling up the DagBag from /home/varun/miniconda3/envs/python38/lib/python3.8/site-packages/airflow/example_dags/example_short_circuit_operator.py
[2025-09-03T20:03:28.784+0200] {processor.py:753} INFO - DAG(s) dict_keys(['example_short_circuit_operator']) retrieved from /home/varun/miniconda3/envs/python38/lib/python3.8/site-packages/airflow/example_dags/example_short_circuit_operator.py
[2025-09-03T20:03:28.818+0200] {logging_mixin.py:137} INFO - [2025-09-03T20:03:28.817+0200] {dag.py:2705} INFO - Sync 1 DAGs
[2025-09-03T20:03:28.847+0200] {logging_mixin.py:137} INFO - [2025-09-03T20:03:28.847+0200] {dag.py:3452} INFO - Setting next_dagrun for example_short_circuit_operator to 2025-09-02T18:03:28.846943+00:00, run_after=2025-09-03T18:03:28.846943+00:00
[2025-09-03T20:03:28.875+0200] {processor.py:175} INFO - Processing /home/varun/miniconda3/envs/python38/lib/python3.8/site-packages/airflow/example_dags/example_short_circuit_operator.py took 0.129 seconds
[2025-09-03T20:04:15.697+0200] {processor.py:153} INFO - Started process (PID=4222) to work on /home/varun/miniconda3/envs/python38/lib/python3.8/site-packages/airflow/example_dags/example_short_circuit_operator.py
[2025-09-03T20:04:15.698+0200] {processor.py:743} INFO - Processing file /home/varun/miniconda3/envs/python38/lib/python3.8/site-packages/airflow/example_dags/example_short_circuit_operator.py for tasks to queue
[2025-09-03T20:04:15.699+0200] {logging_mixin.py:137} INFO - [2025-09-03T20:04:15.699+0200] {dagbag.py:532} INFO - Filling up the DagBag from /home/varun/miniconda3/envs/python38/lib/python3.8/site-packages/airflow/example_dags/example_short_circuit_operator.py
[2025-09-03T20:04:15.715+0200] {processor.py:753} INFO - DAG(s) dict_keys(['example_short_circuit_operator']) retrieved from /home/varun/miniconda3/envs/python38/lib/python3.8/site-packages/airflow/example_dags/example_short_circuit_operator.py
[2025-09-03T20:04:15.736+0200] {logging_mixin.py:137} INFO - [2025-09-03T20:04:15.736+0200] {dag.py:2705} INFO - Sync 1 DAGs
[2025-09-03T20:04:15.753+0200] {logging_mixin.py:137} INFO - [2025-09-03T20:04:15.753+0200] {dag.py:3452} INFO - Setting next_dagrun for example_short_circuit_operator to 2025-09-02T18:04:15.753094+00:00, run_after=2025-09-03T18:04:15.753094+00:00
[2025-09-03T20:04:15.775+0200] {processor.py:175} INFO - Processing /home/varun/miniconda3/envs/python38/lib/python3.8/site-packages/airflow/example_dags/example_short_circuit_operator.py took 0.082 seconds
[2025-09-03T20:05:13.847+0200] {processor.py:153} INFO - Started process (PID=4277) to work on /home/varun/miniconda3/envs/python38/lib/python3.8/site-packages/airflow/example_dags/example_short_circuit_operator.py
[2025-09-03T20:05:13.849+0200] {processor.py:743} INFO - Processing file /home/varun/miniconda3/envs/python38/lib/python3.8/site-packages/airflow/example_dags/example_short_circuit_operator.py for tasks to queue
[2025-09-03T20:05:13.850+0200] {logging_mixin.py:137} INFO - [2025-09-03T20:05:13.850+0200] {dagbag.py:532} INFO - Filling up the DagBag from /home/varun/miniconda3/envs/python38/lib/python3.8/site-packages/airflow/example_dags/example_short_circuit_operator.py
[2025-09-03T20:05:13.867+0200] {processor.py:753} INFO - DAG(s) dict_keys(['example_short_circuit_operator']) retrieved from /home/varun/miniconda3/envs/python38/lib/python3.8/site-packages/airflow/example_dags/example_short_circuit_operator.py
[2025-09-03T20:05:13.983+0200] {logging_mixin.py:137} INFO - [2025-09-03T20:05:13.983+0200] {manager.py:504} INFO - Created Permission View: can delete on DAG:example_short_circuit_operator
[2025-09-03T20:05:13.995+0200] {logging_mixin.py:137} INFO - [2025-09-03T20:05:13.995+0200] {manager.py:504} INFO - Created Permission View: can read on DAG:example_short_circuit_operator
[2025-09-03T20:05:14.008+0200] {logging_mixin.py:137} INFO - [2025-09-03T20:05:14.008+0200] {manager.py:504} INFO - Created Permission View: can edit on DAG:example_short_circuit_operator
[2025-09-03T20:05:14.008+0200] {logging_mixin.py:137} INFO - [2025-09-03T20:05:14.008+0200] {dag.py:2705} INFO - Sync 1 DAGs
[2025-09-03T20:05:14.019+0200] {logging_mixin.py:137} INFO - [2025-09-03T20:05:14.019+0200] {dag.py:2726} INFO - Creating ORM DAG for example_short_circuit_operator
[2025-09-03T20:05:14.028+0200] {logging_mixin.py:137} INFO - [2025-09-03T20:05:14.028+0200] {dag.py:3452} INFO - Setting next_dagrun for example_short_circuit_operator to 2025-09-02T18:05:14.028233+00:00, run_after=2025-09-03T18:05:14.028233+00:00
[2025-09-03T20:05:14.057+0200] {processor.py:175} INFO - Processing /home/varun/miniconda3/envs/python38/lib/python3.8/site-packages/airflow/example_dags/example_short_circuit_operator.py took 0.215 seconds
[2025-09-03T20:06:04.348+0200] {processor.py:153} INFO - Started process (PID=4325) to work on /home/varun/miniconda3/envs/python38/lib/python3.8/site-packages/airflow/example_dags/example_short_circuit_operator.py
[2025-09-03T20:06:04.349+0200] {processor.py:743} INFO - Processing file /home/varun/miniconda3/envs/python38/lib/python3.8/site-packages/airflow/example_dags/example_short_circuit_operator.py for tasks to queue
[2025-09-03T20:06:04.350+0200] {logging_mixin.py:137} INFO - [2025-09-03T20:06:04.350+0200] {dagbag.py:532} INFO - Filling up the DagBag from /home/varun/miniconda3/envs/python38/lib/python3.8/site-packages/airflow/example_dags/example_short_circuit_operator.py
[2025-09-03T20:06:04.372+0200] {processor.py:753} INFO - DAG(s) dict_keys(['example_short_circuit_operator']) retrieved from /home/varun/miniconda3/envs/python38/lib/python3.8/site-packages/airflow/example_dags/example_short_circuit_operator.py
[2025-09-03T20:06:04.401+0200] {logging_mixin.py:137} INFO - [2025-09-03T20:06:04.401+0200] {dag.py:2705} INFO - Sync 1 DAGs
[2025-09-03T20:06:04.436+0200] {logging_mixin.py:137} INFO - [2025-09-03T20:06:04.436+0200] {dag.py:3452} INFO - Setting next_dagrun for example_short_circuit_operator to 2025-09-02T18:06:04.435775+00:00, run_after=2025-09-03T18:06:04.435775+00:00
[2025-09-03T20:06:04.480+0200] {processor.py:175} INFO - Processing /home/varun/miniconda3/envs/python38/lib/python3.8/site-packages/airflow/example_dags/example_short_circuit_operator.py took 0.135 seconds
[2025-09-03T20:06:50.833+0200] {processor.py:153} INFO - Started process (PID=4373) to work on /home/varun/miniconda3/envs/python38/lib/python3.8/site-packages/airflow/example_dags/example_short_circuit_operator.py
[2025-09-03T20:06:50.835+0200] {processor.py:743} INFO - Processing file /home/varun/miniconda3/envs/python38/lib/python3.8/site-packages/airflow/example_dags/example_short_circuit_operator.py for tasks to queue
[2025-09-03T20:06:50.836+0200] {logging_mixin.py:137} INFO - [2025-09-03T20:06:50.836+0200] {dagbag.py:532} INFO - Filling up the DagBag from /home/varun/miniconda3/envs/python38/lib/python3.8/site-packages/airflow/example_dags/example_short_circuit_operator.py
[2025-09-03T20:06:50.859+0200] {processor.py:753} INFO - DAG(s) dict_keys(['example_short_circuit_operator']) retrieved from /home/varun/miniconda3/envs/python38/lib/python3.8/site-packages/airflow/example_dags/example_short_circuit_operator.py
[2025-09-03T20:06:50.887+0200] {logging_mixin.py:137} INFO - [2025-09-03T20:06:50.887+0200] {dag.py:2705} INFO - Sync 1 DAGs
[2025-09-03T20:06:50.909+0200] {logging_mixin.py:137} INFO - [2025-09-03T20:06:50.909+0200] {dag.py:3452} INFO - Setting next_dagrun for example_short_circuit_operator to 2025-09-02T18:06:50.908944+00:00, run_after=2025-09-03T18:06:50.908944+00:00
[2025-09-03T20:06:50.939+0200] {processor.py:175} INFO - Processing /home/varun/miniconda3/envs/python38/lib/python3.8/site-packages/airflow/example_dags/example_short_circuit_operator.py took 0.112 seconds
[2025-09-03T20:07:40.961+0200] {processor.py:153} INFO - Started process (PID=4435) to work on /home/varun/miniconda3/envs/python38/lib/python3.8/site-packages/airflow/example_dags/example_short_circuit_operator.py
[2025-09-03T20:07:40.963+0200] {processor.py:743} INFO - Processing file /home/varun/miniconda3/envs/python38/lib/python3.8/site-packages/airflow/example_dags/example_short_circuit_operator.py for tasks to queue
[2025-09-03T20:07:40.965+0200] {logging_mixin.py:137} INFO - [2025-09-03T20:07:40.964+0200] {dagbag.py:532} INFO - Filling up the DagBag from /home/varun/miniconda3/envs/python38/lib/python3.8/site-packages/airflow/example_dags/example_short_circuit_operator.py
[2025-09-03T20:07:40.987+0200] {processor.py:753} INFO - DAG(s) dict_keys(['example_short_circuit_operator']) retrieved from /home/varun/miniconda3/envs/python38/lib/python3.8/site-packages/airflow/example_dags/example_short_circuit_operator.py
[2025-09-03T20:07:41.016+0200] {logging_mixin.py:137} INFO - [2025-09-03T20:07:41.015+0200] {dag.py:2705} INFO - Sync 1 DAGs
[2025-09-03T20:07:41.052+0200] {logging_mixin.py:137} INFO - [2025-09-03T20:07:41.051+0200] {dag.py:3452} INFO - Setting next_dagrun for example_short_circuit_operator to 2025-09-02T18:07:41.051560+00:00, run_after=2025-09-03T18:07:41.051560+00:00
[2025-09-03T20:07:41.082+0200] {processor.py:175} INFO - Processing /home/varun/miniconda3/envs/python38/lib/python3.8/site-packages/airflow/example_dags/example_short_circuit_operator.py took 0.124 seconds
[2025-09-03T20:08:28.099+0200] {processor.py:153} INFO - Started process (PID=4477) to work on /home/varun/miniconda3/envs/python38/lib/python3.8/site-packages/airflow/example_dags/example_short_circuit_operator.py
[2025-09-03T20:08:28.101+0200] {processor.py:743} INFO - Processing file /home/varun/miniconda3/envs/python38/lib/python3.8/site-packages/airflow/example_dags/example_short_circuit_operator.py for tasks to queue
[2025-09-03T20:08:28.102+0200] {logging_mixin.py:137} INFO - [2025-09-03T20:08:28.102+0200] {dagbag.py:532} INFO - Filling up the DagBag from /home/varun/miniconda3/envs/python38/lib/python3.8/site-packages/airflow/example_dags/example_short_circuit_operator.py
[2025-09-03T20:08:28.140+0200] {processor.py:753} INFO - DAG(s) dict_keys(['example_short_circuit_operator']) retrieved from /home/varun/miniconda3/envs/python38/lib/python3.8/site-packages/airflow/example_dags/example_short_circuit_operator.py
[2025-09-03T20:08:28.176+0200] {logging_mixin.py:137} INFO - [2025-09-03T20:08:28.176+0200] {dag.py:2705} INFO - Sync 1 DAGs
[2025-09-03T20:08:28.204+0200] {logging_mixin.py:137} INFO - [2025-09-03T20:08:28.204+0200] {dag.py:3452} INFO - Setting next_dagrun for example_short_circuit_operator to 2025-09-02T18:08:28.204155+00:00, run_after=2025-09-03T18:08:28.204155+00:00
[2025-09-03T20:08:28.248+0200] {processor.py:175} INFO - Processing /home/varun/miniconda3/envs/python38/lib/python3.8/site-packages/airflow/example_dags/example_short_circuit_operator.py took 0.157 seconds
[2025-09-03T20:09:45.419+0200] {processor.py:153} INFO - Started process (PID=4536) to work on /home/varun/miniconda3/envs/python38/lib/python3.8/site-packages/airflow/example_dags/example_short_circuit_operator.py
[2025-09-03T20:09:45.421+0200] {processor.py:743} INFO - Processing file /home/varun/miniconda3/envs/python38/lib/python3.8/site-packages/airflow/example_dags/example_short_circuit_operator.py for tasks to queue
[2025-09-03T20:09:45.422+0200] {logging_mixin.py:137} INFO - [2025-09-03T20:09:45.422+0200] {dagbag.py:532} INFO - Filling up the DagBag from /home/varun/miniconda3/envs/python38/lib/python3.8/site-packages/airflow/example_dags/example_short_circuit_operator.py
[2025-09-03T20:09:45.440+0200] {processor.py:753} INFO - DAG(s) dict_keys(['example_short_circuit_operator']) retrieved from /home/varun/miniconda3/envs/python38/lib/python3.8/site-packages/airflow/example_dags/example_short_circuit_operator.py
[2025-09-03T20:09:45.463+0200] {logging_mixin.py:137} INFO - [2025-09-03T20:09:45.463+0200] {dag.py:2705} INFO - Sync 1 DAGs
[2025-09-03T20:09:45.484+0200] {logging_mixin.py:137} INFO - [2025-09-03T20:09:45.484+0200] {dag.py:3452} INFO - Setting next_dagrun for example_short_circuit_operator to 2025-09-02T18:09:45.484261+00:00, run_after=2025-09-03T18:09:45.484261+00:00
[2025-09-03T20:09:45.514+0200] {processor.py:175} INFO - Processing /home/varun/miniconda3/envs/python38/lib/python3.8/site-packages/airflow/example_dags/example_short_circuit_operator.py took 0.098 seconds
[2025-09-03T20:10:35.217+0200] {processor.py:153} INFO - Started process (PID=4578) to work on /home/varun/miniconda3/envs/python38/lib/python3.8/site-packages/airflow/example_dags/example_short_circuit_operator.py
[2025-09-03T20:10:35.219+0200] {processor.py:743} INFO - Processing file /home/varun/miniconda3/envs/python38/lib/python3.8/site-packages/airflow/example_dags/example_short_circuit_operator.py for tasks to queue
[2025-09-03T20:10:35.219+0200] {logging_mixin.py:137} INFO - [2025-09-03T20:10:35.219+0200] {dagbag.py:532} INFO - Filling up the DagBag from /home/varun/miniconda3/envs/python38/lib/python3.8/site-packages/airflow/example_dags/example_short_circuit_operator.py
[2025-09-03T20:10:35.233+0200] {processor.py:753} INFO - DAG(s) dict_keys(['example_short_circuit_operator']) retrieved from /home/varun/miniconda3/envs/python38/lib/python3.8/site-packages/airflow/example_dags/example_short_circuit_operator.py
[2025-09-03T20:10:35.254+0200] {logging_mixin.py:137} INFO - [2025-09-03T20:10:35.254+0200] {dag.py:2705} INFO - Sync 1 DAGs
[2025-09-03T20:10:35.272+0200] {logging_mixin.py:137} INFO - [2025-09-03T20:10:35.272+0200] {dag.py:3452} INFO - Setting next_dagrun for example_short_circuit_operator to 2025-09-02T18:10:35.272069+00:00, run_after=2025-09-03T18:10:35.272069+00:00
[2025-09-03T20:10:35.296+0200] {processor.py:175} INFO - Processing /home/varun/miniconda3/envs/python38/lib/python3.8/site-packages/airflow/example_dags/example_short_circuit_operator.py took 0.081 seconds
[2025-09-03T20:11:20.175+0200] {processor.py:153} INFO - Started process (PID=4620) to work on /home/varun/miniconda3/envs/python38/lib/python3.8/site-packages/airflow/example_dags/example_short_circuit_operator.py
[2025-09-03T20:11:20.177+0200] {processor.py:743} INFO - Processing file /home/varun/miniconda3/envs/python38/lib/python3.8/site-packages/airflow/example_dags/example_short_circuit_operator.py for tasks to queue
[2025-09-03T20:11:20.177+0200] {logging_mixin.py:137} INFO - [2025-09-03T20:11:20.177+0200] {dagbag.py:532} INFO - Filling up the DagBag from /home/varun/miniconda3/envs/python38/lib/python3.8/site-packages/airflow/example_dags/example_short_circuit_operator.py
[2025-09-03T20:11:20.199+0200] {processor.py:753} INFO - DAG(s) dict_keys(['example_short_circuit_operator']) retrieved from /home/varun/miniconda3/envs/python38/lib/python3.8/site-packages/airflow/example_dags/example_short_circuit_operator.py
[2025-09-03T20:11:20.228+0200] {logging_mixin.py:137} INFO - [2025-09-03T20:11:20.228+0200] {dag.py:2705} INFO - Sync 1 DAGs
[2025-09-03T20:11:20.249+0200] {logging_mixin.py:137} INFO - [2025-09-03T20:11:20.249+0200] {dag.py:3452} INFO - Setting next_dagrun for example_short_circuit_operator to 2025-09-02T18:11:20.249504+00:00, run_after=2025-09-03T18:11:20.249504+00:00
[2025-09-03T20:11:20.273+0200] {processor.py:175} INFO - Processing /home/varun/miniconda3/envs/python38/lib/python3.8/site-packages/airflow/example_dags/example_short_circuit_operator.py took 0.103 seconds
[2025-09-03T20:12:04.048+0200] {processor.py:153} INFO - Started process (PID=4662) to work on /home/varun/miniconda3/envs/python38/lib/python3.8/site-packages/airflow/example_dags/example_short_circuit_operator.py
[2025-09-03T20:12:04.050+0200] {processor.py:743} INFO - Processing file /home/varun/miniconda3/envs/python38/lib/python3.8/site-packages/airflow/example_dags/example_short_circuit_operator.py for tasks to queue
[2025-09-03T20:12:04.050+0200] {logging_mixin.py:137} INFO - [2025-09-03T20:12:04.050+0200] {dagbag.py:532} INFO - Filling up the DagBag from /home/varun/miniconda3/envs/python38/lib/python3.8/site-packages/airflow/example_dags/example_short_circuit_operator.py
[2025-09-03T20:12:04.066+0200] {processor.py:753} INFO - DAG(s) dict_keys(['example_short_circuit_operator']) retrieved from /home/varun/miniconda3/envs/python38/lib/python3.8/site-packages/airflow/example_dags/example_short_circuit_operator.py
[2025-09-03T20:12:04.089+0200] {logging_mixin.py:137} INFO - [2025-09-03T20:12:04.089+0200] {dag.py:2705} INFO - Sync 1 DAGs
[2025-09-03T20:12:04.109+0200] {logging_mixin.py:137} INFO - [2025-09-03T20:12:04.109+0200] {dag.py:3452} INFO - Setting next_dagrun for example_short_circuit_operator to 2025-09-02T18:12:04.108944+00:00, run_after=2025-09-03T18:12:04.108944+00:00
[2025-09-03T20:12:04.135+0200] {processor.py:175} INFO - Processing /home/varun/miniconda3/envs/python38/lib/python3.8/site-packages/airflow/example_dags/example_short_circuit_operator.py took 0.090 seconds
[2025-09-03T20:12:50.682+0200] {processor.py:153} INFO - Started process (PID=4705) to work on /home/varun/miniconda3/envs/python38/lib/python3.8/site-packages/airflow/example_dags/example_short_circuit_operator.py
[2025-09-03T20:12:50.684+0200] {processor.py:743} INFO - Processing file /home/varun/miniconda3/envs/python38/lib/python3.8/site-packages/airflow/example_dags/example_short_circuit_operator.py for tasks to queue
[2025-09-03T20:12:50.685+0200] {logging_mixin.py:137} INFO - [2025-09-03T20:12:50.685+0200] {dagbag.py:532} INFO - Filling up the DagBag from /home/varun/miniconda3/envs/python38/lib/python3.8/site-packages/airflow/example_dags/example_short_circuit_operator.py
[2025-09-03T20:12:50.705+0200] {processor.py:753} INFO - DAG(s) dict_keys(['example_short_circuit_operator']) retrieved from /home/varun/miniconda3/envs/python38/lib/python3.8/site-packages/airflow/example_dags/example_short_circuit_operator.py
[2025-09-03T20:12:50.733+0200] {logging_mixin.py:137} INFO - [2025-09-03T20:12:50.733+0200] {dag.py:2705} INFO - Sync 1 DAGs
[2025-09-03T20:12:50.756+0200] {logging_mixin.py:137} INFO - [2025-09-03T20:12:50.756+0200] {dag.py:3452} INFO - Setting next_dagrun for example_short_circuit_operator to 2025-09-02T18:12:50.756035+00:00, run_after=2025-09-03T18:12:50.756035+00:00
[2025-09-03T20:12:50.786+0200] {processor.py:175} INFO - Processing /home/varun/miniconda3/envs/python38/lib/python3.8/site-packages/airflow/example_dags/example_short_circuit_operator.py took 0.109 seconds
[2025-09-03T20:13:40.672+0200] {processor.py:153} INFO - Started process (PID=4747) to work on /home/varun/miniconda3/envs/python38/lib/python3.8/site-packages/airflow/example_dags/example_short_circuit_operator.py
[2025-09-03T20:13:40.674+0200] {processor.py:743} INFO - Processing file /home/varun/miniconda3/envs/python38/lib/python3.8/site-packages/airflow/example_dags/example_short_circuit_operator.py for tasks to queue
[2025-09-03T20:13:40.675+0200] {logging_mixin.py:137} INFO - [2025-09-03T20:13:40.675+0200] {dagbag.py:532} INFO - Filling up the DagBag from /home/varun/miniconda3/envs/python38/lib/python3.8/site-packages/airflow/example_dags/example_short_circuit_operator.py
[2025-09-03T20:13:40.691+0200] {processor.py:753} INFO - DAG(s) dict_keys(['example_short_circuit_operator']) retrieved from /home/varun/miniconda3/envs/python38/lib/python3.8/site-packages/airflow/example_dags/example_short_circuit_operator.py
[2025-09-03T20:13:40.714+0200] {logging_mixin.py:137} INFO - [2025-09-03T20:13:40.714+0200] {dag.py:2705} INFO - Sync 1 DAGs
[2025-09-03T20:13:40.730+0200] {logging_mixin.py:137} INFO - [2025-09-03T20:13:40.730+0200] {dag.py:3452} INFO - Setting next_dagrun for example_short_circuit_operator to 2025-09-02T18:13:40.730551+00:00, run_after=2025-09-03T18:13:40.730551+00:00
[2025-09-03T20:13:40.753+0200] {processor.py:175} INFO - Processing /home/varun/miniconda3/envs/python38/lib/python3.8/site-packages/airflow/example_dags/example_short_circuit_operator.py took 0.084 seconds
[2025-09-03T20:14:25.083+0200] {processor.py:153} INFO - Started process (PID=4789) to work on /home/varun/miniconda3/envs/python38/lib/python3.8/site-packages/airflow/example_dags/example_short_circuit_operator.py
[2025-09-03T20:14:25.084+0200] {processor.py:743} INFO - Processing file /home/varun/miniconda3/envs/python38/lib/python3.8/site-packages/airflow/example_dags/example_short_circuit_operator.py for tasks to queue
[2025-09-03T20:14:25.085+0200] {logging_mixin.py:137} INFO - [2025-09-03T20:14:25.085+0200] {dagbag.py:532} INFO - Filling up the DagBag from /home/varun/miniconda3/envs/python38/lib/python3.8/site-packages/airflow/example_dags/example_short_circuit_operator.py
[2025-09-03T20:14:25.099+0200] {processor.py:753} INFO - DAG(s) dict_keys(['example_short_circuit_operator']) retrieved from /home/varun/miniconda3/envs/python38/lib/python3.8/site-packages/airflow/example_dags/example_short_circuit_operator.py
[2025-09-03T20:14:25.117+0200] {logging_mixin.py:137} INFO - [2025-09-03T20:14:25.117+0200] {dag.py:2705} INFO - Sync 1 DAGs
[2025-09-03T20:14:25.136+0200] {logging_mixin.py:137} INFO - [2025-09-03T20:14:25.136+0200] {dag.py:3452} INFO - Setting next_dagrun for example_short_circuit_operator to 2025-09-02T18:14:25.135874+00:00, run_after=2025-09-03T18:14:25.135874+00:00
[2025-09-03T20:14:25.160+0200] {processor.py:175} INFO - Processing /home/varun/miniconda3/envs/python38/lib/python3.8/site-packages/airflow/example_dags/example_short_circuit_operator.py took 0.080 seconds
[2025-09-03T20:15:07.406+0200] {processor.py:153} INFO - Started process (PID=4831) to work on /home/varun/miniconda3/envs/python38/lib/python3.8/site-packages/airflow/example_dags/example_short_circuit_operator.py
[2025-09-03T20:15:07.407+0200] {processor.py:743} INFO - Processing file /home/varun/miniconda3/envs/python38/lib/python3.8/site-packages/airflow/example_dags/example_short_circuit_operator.py for tasks to queue
[2025-09-03T20:15:07.408+0200] {logging_mixin.py:137} INFO - [2025-09-03T20:15:07.408+0200] {dagbag.py:532} INFO - Filling up the DagBag from /home/varun/miniconda3/envs/python38/lib/python3.8/site-packages/airflow/example_dags/example_short_circuit_operator.py
[2025-09-03T20:15:07.422+0200] {processor.py:753} INFO - DAG(s) dict_keys(['example_short_circuit_operator']) retrieved from /home/varun/miniconda3/envs/python38/lib/python3.8/site-packages/airflow/example_dags/example_short_circuit_operator.py
[2025-09-03T20:15:07.446+0200] {logging_mixin.py:137} INFO - [2025-09-03T20:15:07.446+0200] {dag.py:2705} INFO - Sync 1 DAGs
[2025-09-03T20:15:07.466+0200] {logging_mixin.py:137} INFO - [2025-09-03T20:15:07.466+0200] {dag.py:3452} INFO - Setting next_dagrun for example_short_circuit_operator to 2025-09-02T18:15:07.466191+00:00, run_after=2025-09-03T18:15:07.466191+00:00
[2025-09-03T20:15:07.488+0200] {processor.py:175} INFO - Processing /home/varun/miniconda3/envs/python38/lib/python3.8/site-packages/airflow/example_dags/example_short_circuit_operator.py took 0.085 seconds
[2025-09-03T20:15:55.714+0200] {processor.py:153} INFO - Started process (PID=4873) to work on /home/varun/miniconda3/envs/python38/lib/python3.8/site-packages/airflow/example_dags/example_short_circuit_operator.py
[2025-09-03T20:15:55.717+0200] {processor.py:743} INFO - Processing file /home/varun/miniconda3/envs/python38/lib/python3.8/site-packages/airflow/example_dags/example_short_circuit_operator.py for tasks to queue
[2025-09-03T20:15:55.717+0200] {logging_mixin.py:137} INFO - [2025-09-03T20:15:55.717+0200] {dagbag.py:532} INFO - Filling up the DagBag from /home/varun/miniconda3/envs/python38/lib/python3.8/site-packages/airflow/example_dags/example_short_circuit_operator.py
[2025-09-03T20:15:55.736+0200] {processor.py:753} INFO - DAG(s) dict_keys(['example_short_circuit_operator']) retrieved from /home/varun/miniconda3/envs/python38/lib/python3.8/site-packages/airflow/example_dags/example_short_circuit_operator.py
[2025-09-03T20:15:55.762+0200] {logging_mixin.py:137} INFO - [2025-09-03T20:15:55.762+0200] {dag.py:2705} INFO - Sync 1 DAGs
[2025-09-03T20:15:55.786+0200] {logging_mixin.py:137} INFO - [2025-09-03T20:15:55.786+0200] {dag.py:3452} INFO - Setting next_dagrun for example_short_circuit_operator to 2025-09-02T18:15:55.785659+00:00, run_after=2025-09-03T18:15:55.785659+00:00
[2025-09-03T20:15:55.811+0200] {processor.py:175} INFO - Processing /home/varun/miniconda3/envs/python38/lib/python3.8/site-packages/airflow/example_dags/example_short_circuit_operator.py took 0.101 seconds
[2025-09-03T20:16:40.513+0200] {processor.py:153} INFO - Started process (PID=4915) to work on /home/varun/miniconda3/envs/python38/lib/python3.8/site-packages/airflow/example_dags/example_short_circuit_operator.py
[2025-09-03T20:16:40.515+0200] {processor.py:743} INFO - Processing file /home/varun/miniconda3/envs/python38/lib/python3.8/site-packages/airflow/example_dags/example_short_circuit_operator.py for tasks to queue
[2025-09-03T20:16:40.516+0200] {logging_mixin.py:137} INFO - [2025-09-03T20:16:40.516+0200] {dagbag.py:532} INFO - Filling up the DagBag from /home/varun/miniconda3/envs/python38/lib/python3.8/site-packages/airflow/example_dags/example_short_circuit_operator.py
[2025-09-03T20:16:40.532+0200] {processor.py:753} INFO - DAG(s) dict_keys(['example_short_circuit_operator']) retrieved from /home/varun/miniconda3/envs/python38/lib/python3.8/site-packages/airflow/example_dags/example_short_circuit_operator.py
[2025-09-03T20:16:40.554+0200] {logging_mixin.py:137} INFO - [2025-09-03T20:16:40.554+0200] {dag.py:2705} INFO - Sync 1 DAGs
[2025-09-03T20:16:40.577+0200] {logging_mixin.py:137} INFO - [2025-09-03T20:16:40.577+0200] {dag.py:3452} INFO - Setting next_dagrun for example_short_circuit_operator to 2025-09-02T18:16:40.577319+00:00, run_after=2025-09-03T18:16:40.577319+00:00
[2025-09-03T20:16:40.603+0200] {processor.py:175} INFO - Processing /home/varun/miniconda3/envs/python38/lib/python3.8/site-packages/airflow/example_dags/example_short_circuit_operator.py took 0.093 seconds
[2025-09-03T20:17:26.848+0200] {processor.py:153} INFO - Started process (PID=4960) to work on /home/varun/miniconda3/envs/python38/lib/python3.8/site-packages/airflow/example_dags/example_short_circuit_operator.py
[2025-09-03T20:17:26.850+0200] {processor.py:743} INFO - Processing file /home/varun/miniconda3/envs/python38/lib/python3.8/site-packages/airflow/example_dags/example_short_circuit_operator.py for tasks to queue
[2025-09-03T20:17:26.851+0200] {logging_mixin.py:137} INFO - [2025-09-03T20:17:26.850+0200] {dagbag.py:532} INFO - Filling up the DagBag from /home/varun/miniconda3/envs/python38/lib/python3.8/site-packages/airflow/example_dags/example_short_circuit_operator.py
[2025-09-03T20:17:26.867+0200] {processor.py:753} INFO - DAG(s) dict_keys(['example_short_circuit_operator']) retrieved from /home/varun/miniconda3/envs/python38/lib/python3.8/site-packages/airflow/example_dags/example_short_circuit_operator.py
[2025-09-03T20:17:26.890+0200] {logging_mixin.py:137} INFO - [2025-09-03T20:17:26.889+0200] {dag.py:2705} INFO - Sync 1 DAGs
[2025-09-03T20:17:26.919+0200] {logging_mixin.py:137} INFO - [2025-09-03T20:17:26.918+0200] {dag.py:3452} INFO - Setting next_dagrun for example_short_circuit_operator to 2025-09-02T18:17:26.918025+00:00, run_after=2025-09-03T18:17:26.918025+00:00
[2025-09-03T20:17:26.950+0200] {processor.py:175} INFO - Processing /home/varun/miniconda3/envs/python38/lib/python3.8/site-packages/airflow/example_dags/example_short_circuit_operator.py took 0.107 seconds
[2025-09-03T20:18:09.619+0200] {processor.py:153} INFO - Started process (PID=5003) to work on /home/varun/miniconda3/envs/python38/lib/python3.8/site-packages/airflow/example_dags/example_short_circuit_operator.py
[2025-09-03T20:18:09.620+0200] {processor.py:743} INFO - Processing file /home/varun/miniconda3/envs/python38/lib/python3.8/site-packages/airflow/example_dags/example_short_circuit_operator.py for tasks to queue
[2025-09-03T20:18:09.621+0200] {logging_mixin.py:137} INFO - [2025-09-03T20:18:09.621+0200] {dagbag.py:532} INFO - Filling up the DagBag from /home/varun/miniconda3/envs/python38/lib/python3.8/site-packages/airflow/example_dags/example_short_circuit_operator.py
[2025-09-03T20:18:09.635+0200] {processor.py:753} INFO - DAG(s) dict_keys(['example_short_circuit_operator']) retrieved from /home/varun/miniconda3/envs/python38/lib/python3.8/site-packages/airflow/example_dags/example_short_circuit_operator.py
[2025-09-03T20:18:09.655+0200] {logging_mixin.py:137} INFO - [2025-09-03T20:18:09.655+0200] {dag.py:2705} INFO - Sync 1 DAGs
[2025-09-03T20:18:09.672+0200] {logging_mixin.py:137} INFO - [2025-09-03T20:18:09.672+0200] {dag.py:3452} INFO - Setting next_dagrun for example_short_circuit_operator to 2025-09-02T18:18:09.672151+00:00, run_after=2025-09-03T18:18:09.672151+00:00
[2025-09-03T20:18:09.694+0200] {processor.py:175} INFO - Processing /home/varun/miniconda3/envs/python38/lib/python3.8/site-packages/airflow/example_dags/example_short_circuit_operator.py took 0.078 seconds
[2025-09-03T20:19:00.928+0200] {processor.py:153} INFO - Started process (PID=5045) to work on /home/varun/miniconda3/envs/python38/lib/python3.8/site-packages/airflow/example_dags/example_short_circuit_operator.py
[2025-09-03T20:19:00.930+0200] {processor.py:743} INFO - Processing file /home/varun/miniconda3/envs/python38/lib/python3.8/site-packages/airflow/example_dags/example_short_circuit_operator.py for tasks to queue
[2025-09-03T20:19:00.930+0200] {logging_mixin.py:137} INFO - [2025-09-03T20:19:00.930+0200] {dagbag.py:532} INFO - Filling up the DagBag from /home/varun/miniconda3/envs/python38/lib/python3.8/site-packages/airflow/example_dags/example_short_circuit_operator.py
[2025-09-03T20:19:00.945+0200] {processor.py:753} INFO - DAG(s) dict_keys(['example_short_circuit_operator']) retrieved from /home/varun/miniconda3/envs/python38/lib/python3.8/site-packages/airflow/example_dags/example_short_circuit_operator.py
[2025-09-03T20:19:00.966+0200] {logging_mixin.py:137} INFO - [2025-09-03T20:19:00.966+0200] {dag.py:2705} INFO - Sync 1 DAGs
[2025-09-03T20:19:00.984+0200] {logging_mixin.py:137} INFO - [2025-09-03T20:19:00.983+0200] {dag.py:3452} INFO - Setting next_dagrun for example_short_circuit_operator to 2025-09-02T18:19:00.983641+00:00, run_after=2025-09-03T18:19:00.983641+00:00
[2025-09-03T20:19:01.008+0200] {processor.py:175} INFO - Processing /home/varun/miniconda3/envs/python38/lib/python3.8/site-packages/airflow/example_dags/example_short_circuit_operator.py took 0.083 seconds
[2025-09-03T20:19:49.393+0200] {processor.py:153} INFO - Started process (PID=5087) to work on /home/varun/miniconda3/envs/python38/lib/python3.8/site-packages/airflow/example_dags/example_short_circuit_operator.py
[2025-09-03T20:19:49.394+0200] {processor.py:743} INFO - Processing file /home/varun/miniconda3/envs/python38/lib/python3.8/site-packages/airflow/example_dags/example_short_circuit_operator.py for tasks to queue
[2025-09-03T20:19:49.395+0200] {logging_mixin.py:137} INFO - [2025-09-03T20:19:49.394+0200] {dagbag.py:532} INFO - Filling up the DagBag from /home/varun/miniconda3/envs/python38/lib/python3.8/site-packages/airflow/example_dags/example_short_circuit_operator.py
[2025-09-03T20:19:49.409+0200] {processor.py:753} INFO - DAG(s) dict_keys(['example_short_circuit_operator']) retrieved from /home/varun/miniconda3/envs/python38/lib/python3.8/site-packages/airflow/example_dags/example_short_circuit_operator.py
[2025-09-03T20:19:49.427+0200] {logging_mixin.py:137} INFO - [2025-09-03T20:19:49.426+0200] {dag.py:2705} INFO - Sync 1 DAGs
[2025-09-03T20:19:49.525+0200] {logging_mixin.py:137} INFO - [2025-09-03T20:19:49.525+0200] {dag.py:3452} INFO - Setting next_dagrun for example_short_circuit_operator to 2025-09-02T18:19:49.525552+00:00, run_after=2025-09-03T18:19:49.525552+00:00
[2025-09-03T20:19:49.546+0200] {processor.py:175} INFO - Processing /home/varun/miniconda3/envs/python38/lib/python3.8/site-packages/airflow/example_dags/example_short_circuit_operator.py took 0.156 seconds
[2025-09-03T20:20:42.971+0200] {processor.py:153} INFO - Started process (PID=5129) to work on /home/varun/miniconda3/envs/python38/lib/python3.8/site-packages/airflow/example_dags/example_short_circuit_operator.py
[2025-09-03T20:20:42.972+0200] {processor.py:743} INFO - Processing file /home/varun/miniconda3/envs/python38/lib/python3.8/site-packages/airflow/example_dags/example_short_circuit_operator.py for tasks to queue
[2025-09-03T20:20:42.973+0200] {logging_mixin.py:137} INFO - [2025-09-03T20:20:42.973+0200] {dagbag.py:532} INFO - Filling up the DagBag from /home/varun/miniconda3/envs/python38/lib/python3.8/site-packages/airflow/example_dags/example_short_circuit_operator.py
[2025-09-03T20:20:42.987+0200] {processor.py:753} INFO - DAG(s) dict_keys(['example_short_circuit_operator']) retrieved from /home/varun/miniconda3/envs/python38/lib/python3.8/site-packages/airflow/example_dags/example_short_circuit_operator.py
[2025-09-03T20:20:43.005+0200] {logging_mixin.py:137} INFO - [2025-09-03T20:20:43.005+0200] {dag.py:2705} INFO - Sync 1 DAGs
[2025-09-03T20:20:43.125+0200] {logging_mixin.py:137} INFO - [2025-09-03T20:20:43.125+0200] {dag.py:3452} INFO - Setting next_dagrun for example_short_circuit_operator to 2025-09-02T18:20:43.125597+00:00, run_after=2025-09-03T18:20:43.125597+00:00
[2025-09-03T20:20:43.150+0200] {processor.py:175} INFO - Processing /home/varun/miniconda3/envs/python38/lib/python3.8/site-packages/airflow/example_dags/example_short_circuit_operator.py took 0.182 seconds
[2025-09-03T20:21:32.407+0200] {processor.py:153} INFO - Started process (PID=5171) to work on /home/varun/miniconda3/envs/python38/lib/python3.8/site-packages/airflow/example_dags/example_short_circuit_operator.py
[2025-09-03T20:21:32.409+0200] {processor.py:743} INFO - Processing file /home/varun/miniconda3/envs/python38/lib/python3.8/site-packages/airflow/example_dags/example_short_circuit_operator.py for tasks to queue
[2025-09-03T20:21:32.411+0200] {logging_mixin.py:137} INFO - [2025-09-03T20:21:32.411+0200] {dagbag.py:532} INFO - Filling up the DagBag from /home/varun/miniconda3/envs/python38/lib/python3.8/site-packages/airflow/example_dags/example_short_circuit_operator.py
[2025-09-03T20:21:32.425+0200] {processor.py:753} INFO - DAG(s) dict_keys(['example_short_circuit_operator']) retrieved from /home/varun/miniconda3/envs/python38/lib/python3.8/site-packages/airflow/example_dags/example_short_circuit_operator.py
[2025-09-03T20:21:32.550+0200] {logging_mixin.py:137} INFO - [2025-09-03T20:21:32.550+0200] {dag.py:2705} INFO - Sync 1 DAGs
[2025-09-03T20:21:32.566+0200] {logging_mixin.py:137} INFO - [2025-09-03T20:21:32.565+0200] {dag.py:3452} INFO - Setting next_dagrun for example_short_circuit_operator to 2025-09-02T18:21:32.565738+00:00, run_after=2025-09-03T18:21:32.565738+00:00
[2025-09-03T20:21:32.586+0200] {processor.py:175} INFO - Processing /home/varun/miniconda3/envs/python38/lib/python3.8/site-packages/airflow/example_dags/example_short_circuit_operator.py took 0.182 seconds
[2025-09-03T20:22:23.291+0200] {processor.py:153} INFO - Started process (PID=5213) to work on /home/varun/miniconda3/envs/python38/lib/python3.8/site-packages/airflow/example_dags/example_short_circuit_operator.py
[2025-09-03T20:22:23.292+0200] {processor.py:743} INFO - Processing file /home/varun/miniconda3/envs/python38/lib/python3.8/site-packages/airflow/example_dags/example_short_circuit_operator.py for tasks to queue
[2025-09-03T20:22:23.292+0200] {logging_mixin.py:137} INFO - [2025-09-03T20:22:23.292+0200] {dagbag.py:532} INFO - Filling up the DagBag from /home/varun/miniconda3/envs/python38/lib/python3.8/site-packages/airflow/example_dags/example_short_circuit_operator.py
[2025-09-03T20:22:23.393+0200] {processor.py:753} INFO - DAG(s) dict_keys(['example_short_circuit_operator']) retrieved from /home/varun/miniconda3/envs/python38/lib/python3.8/site-packages/airflow/example_dags/example_short_circuit_operator.py
[2025-09-03T20:22:23.406+0200] {logging_mixin.py:137} INFO - [2025-09-03T20:22:23.406+0200] {dag.py:2705} INFO - Sync 1 DAGs
[2025-09-03T20:22:23.420+0200] {logging_mixin.py:137} INFO - [2025-09-03T20:22:23.420+0200] {dag.py:3452} INFO - Setting next_dagrun for example_short_circuit_operator to 2025-09-02T18:22:23.420096+00:00, run_after=2025-09-03T18:22:23.420096+00:00
[2025-09-03T20:22:23.440+0200] {processor.py:175} INFO - Processing /home/varun/miniconda3/envs/python38/lib/python3.8/site-packages/airflow/example_dags/example_short_circuit_operator.py took 0.152 seconds
[2025-09-03T20:23:15.084+0200] {processor.py:153} INFO - Started process (PID=5255) to work on /home/varun/miniconda3/envs/python38/lib/python3.8/site-packages/airflow/example_dags/example_short_circuit_operator.py
[2025-09-03T20:23:15.087+0200] {processor.py:743} INFO - Processing file /home/varun/miniconda3/envs/python38/lib/python3.8/site-packages/airflow/example_dags/example_short_circuit_operator.py for tasks to queue
[2025-09-03T20:23:15.087+0200] {logging_mixin.py:137} INFO - [2025-09-03T20:23:15.087+0200] {dagbag.py:532} INFO - Filling up the DagBag from /home/varun/miniconda3/envs/python38/lib/python3.8/site-packages/airflow/example_dags/example_short_circuit_operator.py
[2025-09-03T20:23:15.185+0200] {processor.py:753} INFO - DAG(s) dict_keys(['example_short_circuit_operator']) retrieved from /home/varun/miniconda3/envs/python38/lib/python3.8/site-packages/airflow/example_dags/example_short_circuit_operator.py
[2025-09-03T20:23:15.200+0200] {logging_mixin.py:137} INFO - [2025-09-03T20:23:15.200+0200] {dag.py:2705} INFO - Sync 1 DAGs
[2025-09-03T20:23:15.213+0200] {logging_mixin.py:137} INFO - [2025-09-03T20:23:15.213+0200] {dag.py:3452} INFO - Setting next_dagrun for example_short_circuit_operator to 2025-09-02T18:23:15.213199+00:00, run_after=2025-09-03T18:23:15.213199+00:00
[2025-09-03T20:23:15.234+0200] {processor.py:175} INFO - Processing /home/varun/miniconda3/envs/python38/lib/python3.8/site-packages/airflow/example_dags/example_short_circuit_operator.py took 0.153 seconds
[2025-09-03T20:24:00.641+0200] {processor.py:153} INFO - Started process (PID=5298) to work on /home/varun/miniconda3/envs/python38/lib/python3.8/site-packages/airflow/example_dags/example_short_circuit_operator.py
[2025-09-03T20:24:00.643+0200] {processor.py:743} INFO - Processing file /home/varun/miniconda3/envs/python38/lib/python3.8/site-packages/airflow/example_dags/example_short_circuit_operator.py for tasks to queue
[2025-09-03T20:24:00.643+0200] {logging_mixin.py:137} INFO - [2025-09-03T20:24:00.643+0200] {dagbag.py:532} INFO - Filling up the DagBag from /home/varun/miniconda3/envs/python38/lib/python3.8/site-packages/airflow/example_dags/example_short_circuit_operator.py
[2025-09-03T20:24:00.657+0200] {processor.py:753} INFO - DAG(s) dict_keys(['example_short_circuit_operator']) retrieved from /home/varun/miniconda3/envs/python38/lib/python3.8/site-packages/airflow/example_dags/example_short_circuit_operator.py
[2025-09-03T20:24:00.679+0200] {logging_mixin.py:137} INFO - [2025-09-03T20:24:00.679+0200] {dag.py:2705} INFO - Sync 1 DAGs
[2025-09-03T20:24:00.697+0200] {logging_mixin.py:137} INFO - [2025-09-03T20:24:00.697+0200] {dag.py:3452} INFO - Setting next_dagrun for example_short_circuit_operator to 2025-09-02T18:24:00.697205+00:00, run_after=2025-09-03T18:24:00.697205+00:00
[2025-09-03T20:24:00.718+0200] {processor.py:175} INFO - Processing /home/varun/miniconda3/envs/python38/lib/python3.8/site-packages/airflow/example_dags/example_short_circuit_operator.py took 0.080 seconds
[2025-09-03T20:24:47.004+0200] {processor.py:153} INFO - Started process (PID=5340) to work on /home/varun/miniconda3/envs/python38/lib/python3.8/site-packages/airflow/example_dags/example_short_circuit_operator.py
[2025-09-03T20:24:47.006+0200] {processor.py:743} INFO - Processing file /home/varun/miniconda3/envs/python38/lib/python3.8/site-packages/airflow/example_dags/example_short_circuit_operator.py for tasks to queue
[2025-09-03T20:24:47.007+0200] {logging_mixin.py:137} INFO - [2025-09-03T20:24:47.007+0200] {dagbag.py:532} INFO - Filling up the DagBag from /home/varun/miniconda3/envs/python38/lib/python3.8/site-packages/airflow/example_dags/example_short_circuit_operator.py
[2025-09-03T20:24:47.021+0200] {processor.py:753} INFO - DAG(s) dict_keys(['example_short_circuit_operator']) retrieved from /home/varun/miniconda3/envs/python38/lib/python3.8/site-packages/airflow/example_dags/example_short_circuit_operator.py
[2025-09-03T20:24:47.044+0200] {logging_mixin.py:137} INFO - [2025-09-03T20:24:47.044+0200] {dag.py:2705} INFO - Sync 1 DAGs
[2025-09-03T20:24:47.062+0200] {logging_mixin.py:137} INFO - [2025-09-03T20:24:47.061+0200] {dag.py:3452} INFO - Setting next_dagrun for example_short_circuit_operator to 2025-09-02T18:24:47.061643+00:00, run_after=2025-09-03T18:24:47.061643+00:00
[2025-09-03T20:24:47.084+0200] {processor.py:175} INFO - Processing /home/varun/miniconda3/envs/python38/lib/python3.8/site-packages/airflow/example_dags/example_short_circuit_operator.py took 0.083 seconds
[2025-09-03T20:25:34.055+0200] {processor.py:153} INFO - Started process (PID=5382) to work on /home/varun/miniconda3/envs/python38/lib/python3.8/site-packages/airflow/example_dags/example_short_circuit_operator.py
[2025-09-03T20:25:34.057+0200] {processor.py:743} INFO - Processing file /home/varun/miniconda3/envs/python38/lib/python3.8/site-packages/airflow/example_dags/example_short_circuit_operator.py for tasks to queue
[2025-09-03T20:25:34.057+0200] {logging_mixin.py:137} INFO - [2025-09-03T20:25:34.057+0200] {dagbag.py:532} INFO - Filling up the DagBag from /home/varun/miniconda3/envs/python38/lib/python3.8/site-packages/airflow/example_dags/example_short_circuit_operator.py
[2025-09-03T20:25:34.071+0200] {processor.py:753} INFO - DAG(s) dict_keys(['example_short_circuit_operator']) retrieved from /home/varun/miniconda3/envs/python38/lib/python3.8/site-packages/airflow/example_dags/example_short_circuit_operator.py
[2025-09-03T20:25:34.090+0200] {logging_mixin.py:137} INFO - [2025-09-03T20:25:34.090+0200] {dag.py:2705} INFO - Sync 1 DAGs
[2025-09-03T20:25:34.108+0200] {logging_mixin.py:137} INFO - [2025-09-03T20:25:34.108+0200] {dag.py:3452} INFO - Setting next_dagrun for example_short_circuit_operator to 2025-09-02T18:25:34.107818+00:00, run_after=2025-09-03T18:25:34.107818+00:00
[2025-09-03T20:25:34.133+0200] {processor.py:175} INFO - Processing /home/varun/miniconda3/envs/python38/lib/python3.8/site-packages/airflow/example_dags/example_short_circuit_operator.py took 0.081 seconds
[2025-09-03T20:26:17.947+0200] {processor.py:153} INFO - Started process (PID=5424) to work on /home/varun/miniconda3/envs/python38/lib/python3.8/site-packages/airflow/example_dags/example_short_circuit_operator.py
[2025-09-03T20:26:17.948+0200] {processor.py:743} INFO - Processing file /home/varun/miniconda3/envs/python38/lib/python3.8/site-packages/airflow/example_dags/example_short_circuit_operator.py for tasks to queue
[2025-09-03T20:26:17.949+0200] {logging_mixin.py:137} INFO - [2025-09-03T20:26:17.949+0200] {dagbag.py:532} INFO - Filling up the DagBag from /home/varun/miniconda3/envs/python38/lib/python3.8/site-packages/airflow/example_dags/example_short_circuit_operator.py
[2025-09-03T20:26:17.964+0200] {processor.py:753} INFO - DAG(s) dict_keys(['example_short_circuit_operator']) retrieved from /home/varun/miniconda3/envs/python38/lib/python3.8/site-packages/airflow/example_dags/example_short_circuit_operator.py
[2025-09-03T20:26:17.984+0200] {logging_mixin.py:137} INFO - [2025-09-03T20:26:17.983+0200] {dag.py:2705} INFO - Sync 1 DAGs
[2025-09-03T20:26:18.001+0200] {logging_mixin.py:137} INFO - [2025-09-03T20:26:18.001+0200] {dag.py:3452} INFO - Setting next_dagrun for example_short_circuit_operator to 2025-09-02T18:26:18.001264+00:00, run_after=2025-09-03T18:26:18.001264+00:00
[2025-09-03T20:26:18.022+0200] {processor.py:175} INFO - Processing /home/varun/miniconda3/envs/python38/lib/python3.8/site-packages/airflow/example_dags/example_short_circuit_operator.py took 0.078 seconds
[2025-09-03T20:27:04.222+0200] {processor.py:153} INFO - Started process (PID=5466) to work on /home/varun/miniconda3/envs/python38/lib/python3.8/site-packages/airflow/example_dags/example_short_circuit_operator.py
[2025-09-03T20:27:04.224+0200] {processor.py:743} INFO - Processing file /home/varun/miniconda3/envs/python38/lib/python3.8/site-packages/airflow/example_dags/example_short_circuit_operator.py for tasks to queue
[2025-09-03T20:27:04.226+0200] {logging_mixin.py:137} INFO - [2025-09-03T20:27:04.225+0200] {dagbag.py:532} INFO - Filling up the DagBag from /home/varun/miniconda3/envs/python38/lib/python3.8/site-packages/airflow/example_dags/example_short_circuit_operator.py
[2025-09-03T20:27:04.247+0200] {processor.py:753} INFO - DAG(s) dict_keys(['example_short_circuit_operator']) retrieved from /home/varun/miniconda3/envs/python38/lib/python3.8/site-packages/airflow/example_dags/example_short_circuit_operator.py
[2025-09-03T20:27:04.270+0200] {logging_mixin.py:137} INFO - [2025-09-03T20:27:04.270+0200] {dag.py:2705} INFO - Sync 1 DAGs
[2025-09-03T20:27:04.289+0200] {logging_mixin.py:137} INFO - [2025-09-03T20:27:04.289+0200] {dag.py:3452} INFO - Setting next_dagrun for example_short_circuit_operator to 2025-09-02T18:27:04.289308+00:00, run_after=2025-09-03T18:27:04.289308+00:00
[2025-09-03T20:27:04.311+0200] {processor.py:175} INFO - Processing /home/varun/miniconda3/envs/python38/lib/python3.8/site-packages/airflow/example_dags/example_short_circuit_operator.py took 0.093 seconds
[2025-09-03T20:27:53.948+0200] {processor.py:153} INFO - Started process (PID=5508) to work on /home/varun/miniconda3/envs/python38/lib/python3.8/site-packages/airflow/example_dags/example_short_circuit_operator.py
[2025-09-03T20:27:53.950+0200] {processor.py:743} INFO - Processing file /home/varun/miniconda3/envs/python38/lib/python3.8/site-packages/airflow/example_dags/example_short_circuit_operator.py for tasks to queue
[2025-09-03T20:27:53.950+0200] {logging_mixin.py:137} INFO - [2025-09-03T20:27:53.950+0200] {dagbag.py:532} INFO - Filling up the DagBag from /home/varun/miniconda3/envs/python38/lib/python3.8/site-packages/airflow/example_dags/example_short_circuit_operator.py
[2025-09-03T20:27:53.966+0200] {processor.py:753} INFO - DAG(s) dict_keys(['example_short_circuit_operator']) retrieved from /home/varun/miniconda3/envs/python38/lib/python3.8/site-packages/airflow/example_dags/example_short_circuit_operator.py
[2025-09-03T20:27:53.986+0200] {logging_mixin.py:137} INFO - [2025-09-03T20:27:53.986+0200] {dag.py:2705} INFO - Sync 1 DAGs
[2025-09-03T20:27:54.005+0200] {logging_mixin.py:137} INFO - [2025-09-03T20:27:54.004+0200] {dag.py:3452} INFO - Setting next_dagrun for example_short_circuit_operator to 2025-09-02T18:27:54.004681+00:00, run_after=2025-09-03T18:27:54.004681+00:00
[2025-09-03T20:27:54.025+0200] {processor.py:175} INFO - Processing /home/varun/miniconda3/envs/python38/lib/python3.8/site-packages/airflow/example_dags/example_short_circuit_operator.py took 0.080 seconds
[2025-09-03T20:28:39.674+0200] {processor.py:153} INFO - Started process (PID=5550) to work on /home/varun/miniconda3/envs/python38/lib/python3.8/site-packages/airflow/example_dags/example_short_circuit_operator.py
[2025-09-03T20:28:39.676+0200] {processor.py:743} INFO - Processing file /home/varun/miniconda3/envs/python38/lib/python3.8/site-packages/airflow/example_dags/example_short_circuit_operator.py for tasks to queue
[2025-09-03T20:28:39.676+0200] {logging_mixin.py:137} INFO - [2025-09-03T20:28:39.676+0200] {dagbag.py:532} INFO - Filling up the DagBag from /home/varun/miniconda3/envs/python38/lib/python3.8/site-packages/airflow/example_dags/example_short_circuit_operator.py
[2025-09-03T20:28:39.690+0200] {processor.py:753} INFO - DAG(s) dict_keys(['example_short_circuit_operator']) retrieved from /home/varun/miniconda3/envs/python38/lib/python3.8/site-packages/airflow/example_dags/example_short_circuit_operator.py
[2025-09-03T20:28:39.711+0200] {logging_mixin.py:137} INFO - [2025-09-03T20:28:39.711+0200] {dag.py:2705} INFO - Sync 1 DAGs
[2025-09-03T20:28:39.728+0200] {logging_mixin.py:137} INFO - [2025-09-03T20:28:39.728+0200] {dag.py:3452} INFO - Setting next_dagrun for example_short_circuit_operator to 2025-09-02T18:28:39.728374+00:00, run_after=2025-09-03T18:28:39.728374+00:00
[2025-09-03T20:28:39.751+0200] {processor.py:175} INFO - Processing /home/varun/miniconda3/envs/python38/lib/python3.8/site-packages/airflow/example_dags/example_short_circuit_operator.py took 0.080 seconds
[2025-09-03T20:29:26.075+0200] {processor.py:153} INFO - Started process (PID=5593) to work on /home/varun/miniconda3/envs/python38/lib/python3.8/site-packages/airflow/example_dags/example_short_circuit_operator.py
[2025-09-03T20:29:26.077+0200] {processor.py:743} INFO - Processing file /home/varun/miniconda3/envs/python38/lib/python3.8/site-packages/airflow/example_dags/example_short_circuit_operator.py for tasks to queue
[2025-09-03T20:29:26.078+0200] {logging_mixin.py:137} INFO - [2025-09-03T20:29:26.077+0200] {dagbag.py:532} INFO - Filling up the DagBag from /home/varun/miniconda3/envs/python38/lib/python3.8/site-packages/airflow/example_dags/example_short_circuit_operator.py
[2025-09-03T20:29:26.092+0200] {processor.py:753} INFO - DAG(s) dict_keys(['example_short_circuit_operator']) retrieved from /home/varun/miniconda3/envs/python38/lib/python3.8/site-packages/airflow/example_dags/example_short_circuit_operator.py
[2025-09-03T20:29:26.115+0200] {logging_mixin.py:137} INFO - [2025-09-03T20:29:26.114+0200] {dag.py:2705} INFO - Sync 1 DAGs
[2025-09-03T20:29:26.133+0200] {logging_mixin.py:137} INFO - [2025-09-03T20:29:26.133+0200] {dag.py:3452} INFO - Setting next_dagrun for example_short_circuit_operator to 2025-09-02T18:29:26.132875+00:00, run_after=2025-09-03T18:29:26.132875+00:00
[2025-09-03T20:29:26.156+0200] {processor.py:175} INFO - Processing /home/varun/miniconda3/envs/python38/lib/python3.8/site-packages/airflow/example_dags/example_short_circuit_operator.py took 0.085 seconds
[2025-09-03T20:30:14.870+0200] {processor.py:153} INFO - Started process (PID=5635) to work on /home/varun/miniconda3/envs/python38/lib/python3.8/site-packages/airflow/example_dags/example_short_circuit_operator.py
[2025-09-03T20:30:14.872+0200] {processor.py:743} INFO - Processing file /home/varun/miniconda3/envs/python38/lib/python3.8/site-packages/airflow/example_dags/example_short_circuit_operator.py for tasks to queue
[2025-09-03T20:30:14.873+0200] {logging_mixin.py:137} INFO - [2025-09-03T20:30:14.872+0200] {dagbag.py:532} INFO - Filling up the DagBag from /home/varun/miniconda3/envs/python38/lib/python3.8/site-packages/airflow/example_dags/example_short_circuit_operator.py
[2025-09-03T20:30:14.888+0200] {processor.py:753} INFO - DAG(s) dict_keys(['example_short_circuit_operator']) retrieved from /home/varun/miniconda3/envs/python38/lib/python3.8/site-packages/airflow/example_dags/example_short_circuit_operator.py
[2025-09-03T20:30:14.909+0200] {logging_mixin.py:137} INFO - [2025-09-03T20:30:14.908+0200] {dag.py:2705} INFO - Sync 1 DAGs
[2025-09-03T20:30:14.926+0200] {logging_mixin.py:137} INFO - [2025-09-03T20:30:14.926+0200] {dag.py:3452} INFO - Setting next_dagrun for example_short_circuit_operator to 2025-09-02T18:30:14.926157+00:00, run_after=2025-09-03T18:30:14.926157+00:00
[2025-09-03T20:30:14.951+0200] {processor.py:175} INFO - Processing /home/varun/miniconda3/envs/python38/lib/python3.8/site-packages/airflow/example_dags/example_short_circuit_operator.py took 0.084 seconds
[2025-09-03T20:30:59.124+0200] {processor.py:153} INFO - Started process (PID=5677) to work on /home/varun/miniconda3/envs/python38/lib/python3.8/site-packages/airflow/example_dags/example_short_circuit_operator.py
[2025-09-03T20:30:59.125+0200] {processor.py:743} INFO - Processing file /home/varun/miniconda3/envs/python38/lib/python3.8/site-packages/airflow/example_dags/example_short_circuit_operator.py for tasks to queue
[2025-09-03T20:30:59.126+0200] {logging_mixin.py:137} INFO - [2025-09-03T20:30:59.126+0200] {dagbag.py:532} INFO - Filling up the DagBag from /home/varun/miniconda3/envs/python38/lib/python3.8/site-packages/airflow/example_dags/example_short_circuit_operator.py
[2025-09-03T20:30:59.140+0200] {processor.py:753} INFO - DAG(s) dict_keys(['example_short_circuit_operator']) retrieved from /home/varun/miniconda3/envs/python38/lib/python3.8/site-packages/airflow/example_dags/example_short_circuit_operator.py
[2025-09-03T20:30:59.159+0200] {logging_mixin.py:137} INFO - [2025-09-03T20:30:59.159+0200] {dag.py:2705} INFO - Sync 1 DAGs
[2025-09-03T20:30:59.177+0200] {logging_mixin.py:137} INFO - [2025-09-03T20:30:59.177+0200] {dag.py:3452} INFO - Setting next_dagrun for example_short_circuit_operator to 2025-09-02T18:30:59.176697+00:00, run_after=2025-09-03T18:30:59.176697+00:00
[2025-09-03T20:30:59.199+0200] {processor.py:175} INFO - Processing /home/varun/miniconda3/envs/python38/lib/python3.8/site-packages/airflow/example_dags/example_short_circuit_operator.py took 0.078 seconds
[2025-09-03T20:31:43.983+0200] {processor.py:153} INFO - Started process (PID=5719) to work on /home/varun/miniconda3/envs/python38/lib/python3.8/site-packages/airflow/example_dags/example_short_circuit_operator.py
[2025-09-03T20:31:43.985+0200] {processor.py:743} INFO - Processing file /home/varun/miniconda3/envs/python38/lib/python3.8/site-packages/airflow/example_dags/example_short_circuit_operator.py for tasks to queue
[2025-09-03T20:31:43.986+0200] {logging_mixin.py:137} INFO - [2025-09-03T20:31:43.985+0200] {dagbag.py:532} INFO - Filling up the DagBag from /home/varun/miniconda3/envs/python38/lib/python3.8/site-packages/airflow/example_dags/example_short_circuit_operator.py
[2025-09-03T20:31:43.999+0200] {processor.py:753} INFO - DAG(s) dict_keys(['example_short_circuit_operator']) retrieved from /home/varun/miniconda3/envs/python38/lib/python3.8/site-packages/airflow/example_dags/example_short_circuit_operator.py
[2025-09-03T20:31:44.021+0200] {logging_mixin.py:137} INFO - [2025-09-03T20:31:44.021+0200] {dag.py:2705} INFO - Sync 1 DAGs
[2025-09-03T20:31:44.040+0200] {logging_mixin.py:137} INFO - [2025-09-03T20:31:44.040+0200] {dag.py:3452} INFO - Setting next_dagrun for example_short_circuit_operator to 2025-09-02T18:31:44.039949+00:00, run_after=2025-09-03T18:31:44.039949+00:00
[2025-09-03T20:31:44.062+0200] {processor.py:175} INFO - Processing /home/varun/miniconda3/envs/python38/lib/python3.8/site-packages/airflow/example_dags/example_short_circuit_operator.py took 0.082 seconds
[2025-09-03T20:32:28.152+0200] {processor.py:153} INFO - Started process (PID=5761) to work on /home/varun/miniconda3/envs/python38/lib/python3.8/site-packages/airflow/example_dags/example_short_circuit_operator.py
[2025-09-03T20:32:28.154+0200] {processor.py:743} INFO - Processing file /home/varun/miniconda3/envs/python38/lib/python3.8/site-packages/airflow/example_dags/example_short_circuit_operator.py for tasks to queue
[2025-09-03T20:32:28.155+0200] {logging_mixin.py:137} INFO - [2025-09-03T20:32:28.155+0200] {dagbag.py:532} INFO - Filling up the DagBag from /home/varun/miniconda3/envs/python38/lib/python3.8/site-packages/airflow/example_dags/example_short_circuit_operator.py
[2025-09-03T20:32:28.170+0200] {processor.py:753} INFO - DAG(s) dict_keys(['example_short_circuit_operator']) retrieved from /home/varun/miniconda3/envs/python38/lib/python3.8/site-packages/airflow/example_dags/example_short_circuit_operator.py
[2025-09-03T20:32:28.190+0200] {logging_mixin.py:137} INFO - [2025-09-03T20:32:28.190+0200] {dag.py:2705} INFO - Sync 1 DAGs
[2025-09-03T20:32:28.208+0200] {logging_mixin.py:137} INFO - [2025-09-03T20:32:28.208+0200] {dag.py:3452} INFO - Setting next_dagrun for example_short_circuit_operator to 2025-09-02T18:32:28.208323+00:00, run_after=2025-09-03T18:32:28.208323+00:00
[2025-09-03T20:32:28.231+0200] {processor.py:175} INFO - Processing /home/varun/miniconda3/envs/python38/lib/python3.8/site-packages/airflow/example_dags/example_short_circuit_operator.py took 0.081 seconds
[2025-09-03T20:33:17.436+0200] {processor.py:153} INFO - Started process (PID=5803) to work on /home/varun/miniconda3/envs/python38/lib/python3.8/site-packages/airflow/example_dags/example_short_circuit_operator.py
[2025-09-03T20:33:17.437+0200] {processor.py:743} INFO - Processing file /home/varun/miniconda3/envs/python38/lib/python3.8/site-packages/airflow/example_dags/example_short_circuit_operator.py for tasks to queue
[2025-09-03T20:33:17.437+0200] {logging_mixin.py:137} INFO - [2025-09-03T20:33:17.437+0200] {dagbag.py:532} INFO - Filling up the DagBag from /home/varun/miniconda3/envs/python38/lib/python3.8/site-packages/airflow/example_dags/example_short_circuit_operator.py
[2025-09-03T20:33:17.451+0200] {processor.py:753} INFO - DAG(s) dict_keys(['example_short_circuit_operator']) retrieved from /home/varun/miniconda3/envs/python38/lib/python3.8/site-packages/airflow/example_dags/example_short_circuit_operator.py
[2025-09-03T20:33:17.469+0200] {logging_mixin.py:137} INFO - [2025-09-03T20:33:17.469+0200] {dag.py:2705} INFO - Sync 1 DAGs
[2025-09-03T20:33:17.483+0200] {logging_mixin.py:137} INFO - [2025-09-03T20:33:17.483+0200] {dag.py:3452} INFO - Setting next_dagrun for example_short_circuit_operator to 2025-09-02T18:33:17.483166+00:00, run_after=2025-09-03T18:33:17.483166+00:00
[2025-09-03T20:33:17.503+0200] {processor.py:175} INFO - Processing /home/varun/miniconda3/envs/python38/lib/python3.8/site-packages/airflow/example_dags/example_short_circuit_operator.py took 0.071 seconds
[2025-09-03T20:34:04.302+0200] {processor.py:153} INFO - Started process (PID=5845) to work on /home/varun/miniconda3/envs/python38/lib/python3.8/site-packages/airflow/example_dags/example_short_circuit_operator.py
[2025-09-03T20:34:04.303+0200] {processor.py:743} INFO - Processing file /home/varun/miniconda3/envs/python38/lib/python3.8/site-packages/airflow/example_dags/example_short_circuit_operator.py for tasks to queue
[2025-09-03T20:34:04.304+0200] {logging_mixin.py:137} INFO - [2025-09-03T20:34:04.304+0200] {dagbag.py:532} INFO - Filling up the DagBag from /home/varun/miniconda3/envs/python38/lib/python3.8/site-packages/airflow/example_dags/example_short_circuit_operator.py
[2025-09-03T20:34:04.319+0200] {processor.py:753} INFO - DAG(s) dict_keys(['example_short_circuit_operator']) retrieved from /home/varun/miniconda3/envs/python38/lib/python3.8/site-packages/airflow/example_dags/example_short_circuit_operator.py
[2025-09-03T20:34:04.339+0200] {logging_mixin.py:137} INFO - [2025-09-03T20:34:04.339+0200] {dag.py:2705} INFO - Sync 1 DAGs
[2025-09-03T20:34:04.357+0200] {logging_mixin.py:137} INFO - [2025-09-03T20:34:04.357+0200] {dag.py:3452} INFO - Setting next_dagrun for example_short_circuit_operator to 2025-09-02T18:34:04.356804+00:00, run_after=2025-09-03T18:34:04.356804+00:00
[2025-09-03T20:34:04.379+0200] {processor.py:175} INFO - Processing /home/varun/miniconda3/envs/python38/lib/python3.8/site-packages/airflow/example_dags/example_short_circuit_operator.py took 0.080 seconds
[2025-09-03T20:34:47.819+0200] {processor.py:153} INFO - Started process (PID=5887) to work on /home/varun/miniconda3/envs/python38/lib/python3.8/site-packages/airflow/example_dags/example_short_circuit_operator.py
[2025-09-03T20:34:47.820+0200] {processor.py:743} INFO - Processing file /home/varun/miniconda3/envs/python38/lib/python3.8/site-packages/airflow/example_dags/example_short_circuit_operator.py for tasks to queue
[2025-09-03T20:34:47.821+0200] {logging_mixin.py:137} INFO - [2025-09-03T20:34:47.821+0200] {dagbag.py:532} INFO - Filling up the DagBag from /home/varun/miniconda3/envs/python38/lib/python3.8/site-packages/airflow/example_dags/example_short_circuit_operator.py
[2025-09-03T20:34:47.836+0200] {processor.py:753} INFO - DAG(s) dict_keys(['example_short_circuit_operator']) retrieved from /home/varun/miniconda3/envs/python38/lib/python3.8/site-packages/airflow/example_dags/example_short_circuit_operator.py
[2025-09-03T20:34:47.855+0200] {logging_mixin.py:137} INFO - [2025-09-03T20:34:47.855+0200] {dag.py:2705} INFO - Sync 1 DAGs
[2025-09-03T20:34:47.873+0200] {logging_mixin.py:137} INFO - [2025-09-03T20:34:47.873+0200] {dag.py:3452} INFO - Setting next_dagrun for example_short_circuit_operator to 2025-09-02T18:34:47.872920+00:00, run_after=2025-09-03T18:34:47.872920+00:00
[2025-09-03T20:34:47.896+0200] {processor.py:175} INFO - Processing /home/varun/miniconda3/envs/python38/lib/python3.8/site-packages/airflow/example_dags/example_short_circuit_operator.py took 0.082 seconds
[2025-09-03T20:35:37.317+0200] {processor.py:153} INFO - Started process (PID=5930) to work on /home/varun/miniconda3/envs/python38/lib/python3.8/site-packages/airflow/example_dags/example_short_circuit_operator.py
[2025-09-03T20:35:37.318+0200] {processor.py:743} INFO - Processing file /home/varun/miniconda3/envs/python38/lib/python3.8/site-packages/airflow/example_dags/example_short_circuit_operator.py for tasks to queue
[2025-09-03T20:35:37.319+0200] {logging_mixin.py:137} INFO - [2025-09-03T20:35:37.319+0200] {dagbag.py:532} INFO - Filling up the DagBag from /home/varun/miniconda3/envs/python38/lib/python3.8/site-packages/airflow/example_dags/example_short_circuit_operator.py
[2025-09-03T20:35:37.334+0200] {processor.py:753} INFO - DAG(s) dict_keys(['example_short_circuit_operator']) retrieved from /home/varun/miniconda3/envs/python38/lib/python3.8/site-packages/airflow/example_dags/example_short_circuit_operator.py
[2025-09-03T20:35:37.352+0200] {logging_mixin.py:137} INFO - [2025-09-03T20:35:37.351+0200] {dag.py:2705} INFO - Sync 1 DAGs
[2025-09-03T20:35:37.372+0200] {logging_mixin.py:137} INFO - [2025-09-03T20:35:37.372+0200] {dag.py:3452} INFO - Setting next_dagrun for example_short_circuit_operator to 2025-09-02T18:35:37.371888+00:00, run_after=2025-09-03T18:35:37.371888+00:00
[2025-09-03T20:35:37.395+0200] {processor.py:175} INFO - Processing /home/varun/miniconda3/envs/python38/lib/python3.8/site-packages/airflow/example_dags/example_short_circuit_operator.py took 0.082 seconds
[2025-09-03T20:36:20.920+0200] {processor.py:153} INFO - Started process (PID=5972) to work on /home/varun/miniconda3/envs/python38/lib/python3.8/site-packages/airflow/example_dags/example_short_circuit_operator.py
[2025-09-03T20:36:20.922+0200] {processor.py:743} INFO - Processing file /home/varun/miniconda3/envs/python38/lib/python3.8/site-packages/airflow/example_dags/example_short_circuit_operator.py for tasks to queue
[2025-09-03T20:36:20.922+0200] {logging_mixin.py:137} INFO - [2025-09-03T20:36:20.922+0200] {dagbag.py:532} INFO - Filling up the DagBag from /home/varun/miniconda3/envs/python38/lib/python3.8/site-packages/airflow/example_dags/example_short_circuit_operator.py
[2025-09-03T20:36:20.938+0200] {processor.py:753} INFO - DAG(s) dict_keys(['example_short_circuit_operator']) retrieved from /home/varun/miniconda3/envs/python38/lib/python3.8/site-packages/airflow/example_dags/example_short_circuit_operator.py
[2025-09-03T20:36:20.959+0200] {logging_mixin.py:137} INFO - [2025-09-03T20:36:20.959+0200] {dag.py:2705} INFO - Sync 1 DAGs
[2025-09-03T20:36:20.978+0200] {logging_mixin.py:137} INFO - [2025-09-03T20:36:20.978+0200] {dag.py:3452} INFO - Setting next_dagrun for example_short_circuit_operator to 2025-09-02T18:36:20.978222+00:00, run_after=2025-09-03T18:36:20.978222+00:00
[2025-09-03T20:36:21.002+0200] {processor.py:175} INFO - Processing /home/varun/miniconda3/envs/python38/lib/python3.8/site-packages/airflow/example_dags/example_short_circuit_operator.py took 0.085 seconds
