[2025-09-03T19:42:32.607+0200] {processor.py:153} INFO - Started process (PID=3096) to work on /home/varun/miniconda3/envs/python38/lib/python3.8/site-packages/airflow/example_dags/example_latest_only_with_trigger.py
[2025-09-03T19:42:32.609+0200] {processor.py:743} INFO - Processing file /home/varun/miniconda3/envs/python38/lib/python3.8/site-packages/airflow/example_dags/example_latest_only_with_trigger.py for tasks to queue
[2025-09-03T19:42:32.609+0200] {logging_mixin.py:137} INFO - [2025-09-03T19:42:32.609+0200] {dagbag.py:532} INFO - Filling up the DagBag from /home/varun/miniconda3/envs/python38/lib/python3.8/site-packages/airflow/example_dags/example_latest_only_with_trigger.py
[2025-09-03T19:42:32.623+0200] {processor.py:753} INFO - DAG(s) dict_keys(['latest_only_with_trigger']) retrieved from /home/varun/miniconda3/envs/python38/lib/python3.8/site-packages/airflow/example_dags/example_latest_only_with_trigger.py
[2025-09-03T19:42:32.738+0200] {logging_mixin.py:137} INFO - [2025-09-03T19:42:32.738+0200] {manager.py:504} INFO - Created Permission View: can edit on DAG:latest_only_with_trigger
[2025-09-03T19:42:32.751+0200] {logging_mixin.py:137} INFO - [2025-09-03T19:42:32.751+0200] {manager.py:504} INFO - Created Permission View: can delete on DAG:latest_only_with_trigger
[2025-09-03T19:42:32.763+0200] {logging_mixin.py:137} INFO - [2025-09-03T19:42:32.763+0200] {manager.py:504} INFO - Created Permission View: can read on DAG:latest_only_with_trigger
[2025-09-03T19:42:32.763+0200] {logging_mixin.py:137} INFO - [2025-09-03T19:42:32.763+0200] {dag.py:2705} INFO - Sync 1 DAGs
[2025-09-03T19:42:32.772+0200] {logging_mixin.py:137} INFO - [2025-09-03T19:42:32.772+0200] {dag.py:2726} INFO - Creating ORM DAG for latest_only_with_trigger
[2025-09-03T19:42:32.782+0200] {logging_mixin.py:137} INFO - [2025-09-03T19:42:32.782+0200] {dag.py:3452} INFO - Setting next_dagrun for latest_only_with_trigger to 2025-09-03T13:42:32.782160+00:00, run_after=2025-09-03T17:42:32.782160+00:00
[2025-09-03T19:42:32.812+0200] {processor.py:175} INFO - Processing /home/varun/miniconda3/envs/python38/lib/python3.8/site-packages/airflow/example_dags/example_latest_only_with_trigger.py took 0.208 seconds
[2025-09-03T19:43:22.477+0200] {processor.py:153} INFO - Started process (PID=3138) to work on /home/varun/miniconda3/envs/python38/lib/python3.8/site-packages/airflow/example_dags/example_latest_only_with_trigger.py
[2025-09-03T19:43:22.480+0200] {processor.py:743} INFO - Processing file /home/varun/miniconda3/envs/python38/lib/python3.8/site-packages/airflow/example_dags/example_latest_only_with_trigger.py for tasks to queue
[2025-09-03T19:43:22.481+0200] {logging_mixin.py:137} INFO - [2025-09-03T19:43:22.481+0200] {dagbag.py:532} INFO - Filling up the DagBag from /home/varun/miniconda3/envs/python38/lib/python3.8/site-packages/airflow/example_dags/example_latest_only_with_trigger.py
[2025-09-03T19:43:22.506+0200] {processor.py:753} INFO - DAG(s) dict_keys(['latest_only_with_trigger']) retrieved from /home/varun/miniconda3/envs/python38/lib/python3.8/site-packages/airflow/example_dags/example_latest_only_with_trigger.py
[2025-09-03T19:43:22.540+0200] {logging_mixin.py:137} INFO - [2025-09-03T19:43:22.539+0200] {dag.py:2705} INFO - Sync 1 DAGs
[2025-09-03T19:43:22.573+0200] {logging_mixin.py:137} INFO - [2025-09-03T19:43:22.573+0200] {dag.py:3452} INFO - Setting next_dagrun for latest_only_with_trigger to 2025-09-03T13:43:22.572314+00:00, run_after=2025-09-03T17:43:22.572314+00:00
[2025-09-03T19:43:22.605+0200] {processor.py:175} INFO - Processing /home/varun/miniconda3/envs/python38/lib/python3.8/site-packages/airflow/example_dags/example_latest_only_with_trigger.py took 0.132 seconds
[2025-09-03T19:44:08.853+0200] {processor.py:153} INFO - Started process (PID=3180) to work on /home/varun/miniconda3/envs/python38/lib/python3.8/site-packages/airflow/example_dags/example_latest_only_with_trigger.py
[2025-09-03T19:44:08.855+0200] {processor.py:743} INFO - Processing file /home/varun/miniconda3/envs/python38/lib/python3.8/site-packages/airflow/example_dags/example_latest_only_with_trigger.py for tasks to queue
[2025-09-03T19:44:08.856+0200] {logging_mixin.py:137} INFO - [2025-09-03T19:44:08.856+0200] {dagbag.py:532} INFO - Filling up the DagBag from /home/varun/miniconda3/envs/python38/lib/python3.8/site-packages/airflow/example_dags/example_latest_only_with_trigger.py
[2025-09-03T19:44:08.869+0200] {processor.py:753} INFO - DAG(s) dict_keys(['latest_only_with_trigger']) retrieved from /home/varun/miniconda3/envs/python38/lib/python3.8/site-packages/airflow/example_dags/example_latest_only_with_trigger.py
[2025-09-03T19:44:08.886+0200] {logging_mixin.py:137} INFO - [2025-09-03T19:44:08.886+0200] {dag.py:2705} INFO - Sync 1 DAGs
[2025-09-03T19:44:08.902+0200] {logging_mixin.py:137} INFO - [2025-09-03T19:44:08.902+0200] {dag.py:3452} INFO - Setting next_dagrun for latest_only_with_trigger to 2025-09-03T13:44:08.901931+00:00, run_after=2025-09-03T17:44:08.901931+00:00
[2025-09-03T19:44:08.925+0200] {processor.py:175} INFO - Processing /home/varun/miniconda3/envs/python38/lib/python3.8/site-packages/airflow/example_dags/example_latest_only_with_trigger.py took 0.074 seconds
[2025-09-03T19:44:59.652+0200] {processor.py:153} INFO - Started process (PID=3223) to work on /home/varun/miniconda3/envs/python38/lib/python3.8/site-packages/airflow/example_dags/example_latest_only_with_trigger.py
[2025-09-03T19:44:59.654+0200] {processor.py:743} INFO - Processing file /home/varun/miniconda3/envs/python38/lib/python3.8/site-packages/airflow/example_dags/example_latest_only_with_trigger.py for tasks to queue
[2025-09-03T19:44:59.655+0200] {logging_mixin.py:137} INFO - [2025-09-03T19:44:59.655+0200] {dagbag.py:532} INFO - Filling up the DagBag from /home/varun/miniconda3/envs/python38/lib/python3.8/site-packages/airflow/example_dags/example_latest_only_with_trigger.py
[2025-09-03T19:44:59.678+0200] {processor.py:753} INFO - DAG(s) dict_keys(['latest_only_with_trigger']) retrieved from /home/varun/miniconda3/envs/python38/lib/python3.8/site-packages/airflow/example_dags/example_latest_only_with_trigger.py
[2025-09-03T19:44:59.704+0200] {logging_mixin.py:137} INFO - [2025-09-03T19:44:59.704+0200] {dag.py:2705} INFO - Sync 1 DAGs
[2025-09-03T19:44:59.729+0200] {logging_mixin.py:137} INFO - [2025-09-03T19:44:59.729+0200] {dag.py:3452} INFO - Setting next_dagrun for latest_only_with_trigger to 2025-09-03T13:44:59.729239+00:00, run_after=2025-09-03T17:44:59.729239+00:00
[2025-09-03T19:44:59.759+0200] {processor.py:175} INFO - Processing /home/varun/miniconda3/envs/python38/lib/python3.8/site-packages/airflow/example_dags/example_latest_only_with_trigger.py took 0.112 seconds
[2025-09-03T19:45:46.455+0200] {processor.py:153} INFO - Started process (PID=3293) to work on /home/varun/miniconda3/envs/python38/lib/python3.8/site-packages/airflow/example_dags/example_latest_only_with_trigger.py
[2025-09-03T19:45:46.457+0200] {processor.py:743} INFO - Processing file /home/varun/miniconda3/envs/python38/lib/python3.8/site-packages/airflow/example_dags/example_latest_only_with_trigger.py for tasks to queue
[2025-09-03T19:45:46.457+0200] {logging_mixin.py:137} INFO - [2025-09-03T19:45:46.457+0200] {dagbag.py:532} INFO - Filling up the DagBag from /home/varun/miniconda3/envs/python38/lib/python3.8/site-packages/airflow/example_dags/example_latest_only_with_trigger.py
[2025-09-03T19:45:46.472+0200] {processor.py:753} INFO - DAG(s) dict_keys(['latest_only_with_trigger']) retrieved from /home/varun/miniconda3/envs/python38/lib/python3.8/site-packages/airflow/example_dags/example_latest_only_with_trigger.py
[2025-09-03T19:45:46.495+0200] {logging_mixin.py:137} INFO - [2025-09-03T19:45:46.495+0200] {dag.py:2705} INFO - Sync 1 DAGs
[2025-09-03T19:45:46.520+0200] {logging_mixin.py:137} INFO - [2025-09-03T19:45:46.520+0200] {dag.py:3452} INFO - Setting next_dagrun for latest_only_with_trigger to 2025-09-03T13:45:46.519980+00:00, run_after=2025-09-03T17:45:46.519980+00:00
[2025-09-03T19:45:46.545+0200] {processor.py:175} INFO - Processing /home/varun/miniconda3/envs/python38/lib/python3.8/site-packages/airflow/example_dags/example_latest_only_with_trigger.py took 0.094 seconds
[2025-09-03T19:46:30.869+0200] {processor.py:153} INFO - Started process (PID=3338) to work on /home/varun/miniconda3/envs/python38/lib/python3.8/site-packages/airflow/example_dags/example_latest_only_with_trigger.py
[2025-09-03T19:46:30.871+0200] {processor.py:743} INFO - Processing file /home/varun/miniconda3/envs/python38/lib/python3.8/site-packages/airflow/example_dags/example_latest_only_with_trigger.py for tasks to queue
[2025-09-03T19:46:30.871+0200] {logging_mixin.py:137} INFO - [2025-09-03T19:46:30.871+0200] {dagbag.py:532} INFO - Filling up the DagBag from /home/varun/miniconda3/envs/python38/lib/python3.8/site-packages/airflow/example_dags/example_latest_only_with_trigger.py
[2025-09-03T19:46:30.884+0200] {processor.py:753} INFO - DAG(s) dict_keys(['latest_only_with_trigger']) retrieved from /home/varun/miniconda3/envs/python38/lib/python3.8/site-packages/airflow/example_dags/example_latest_only_with_trigger.py
[2025-09-03T19:46:30.903+0200] {logging_mixin.py:137} INFO - [2025-09-03T19:46:30.903+0200] {dag.py:2705} INFO - Sync 1 DAGs
[2025-09-03T19:46:30.920+0200] {logging_mixin.py:137} INFO - [2025-09-03T19:46:30.919+0200] {dag.py:3452} INFO - Setting next_dagrun for latest_only_with_trigger to 2025-09-03T13:46:30.919546+00:00, run_after=2025-09-03T17:46:30.919546+00:00
[2025-09-03T19:46:30.944+0200] {processor.py:175} INFO - Processing /home/varun/miniconda3/envs/python38/lib/python3.8/site-packages/airflow/example_dags/example_latest_only_with_trigger.py took 0.079 seconds
[2025-09-03T19:47:20.119+0200] {processor.py:153} INFO - Started process (PID=3391) to work on /home/varun/miniconda3/envs/python38/lib/python3.8/site-packages/airflow/example_dags/example_latest_only_with_trigger.py
[2025-09-03T19:47:20.120+0200] {processor.py:743} INFO - Processing file /home/varun/miniconda3/envs/python38/lib/python3.8/site-packages/airflow/example_dags/example_latest_only_with_trigger.py for tasks to queue
[2025-09-03T19:47:20.121+0200] {logging_mixin.py:137} INFO - [2025-09-03T19:47:20.121+0200] {dagbag.py:532} INFO - Filling up the DagBag from /home/varun/miniconda3/envs/python38/lib/python3.8/site-packages/airflow/example_dags/example_latest_only_with_trigger.py
[2025-09-03T19:47:20.135+0200] {processor.py:753} INFO - DAG(s) dict_keys(['latest_only_with_trigger']) retrieved from /home/varun/miniconda3/envs/python38/lib/python3.8/site-packages/airflow/example_dags/example_latest_only_with_trigger.py
[2025-09-03T19:47:20.154+0200] {logging_mixin.py:137} INFO - [2025-09-03T19:47:20.154+0200] {dag.py:2705} INFO - Sync 1 DAGs
[2025-09-03T19:47:20.172+0200] {logging_mixin.py:137} INFO - [2025-09-03T19:47:20.171+0200] {dag.py:3452} INFO - Setting next_dagrun for latest_only_with_trigger to 2025-09-03T13:47:20.171549+00:00, run_after=2025-09-03T17:47:20.171549+00:00
[2025-09-03T19:47:20.194+0200] {processor.py:175} INFO - Processing /home/varun/miniconda3/envs/python38/lib/python3.8/site-packages/airflow/example_dags/example_latest_only_with_trigger.py took 0.078 seconds
[2025-09-03T19:48:05.803+0200] {processor.py:153} INFO - Started process (PID=3433) to work on /home/varun/miniconda3/envs/python38/lib/python3.8/site-packages/airflow/example_dags/example_latest_only_with_trigger.py
[2025-09-03T19:48:05.805+0200] {processor.py:743} INFO - Processing file /home/varun/miniconda3/envs/python38/lib/python3.8/site-packages/airflow/example_dags/example_latest_only_with_trigger.py for tasks to queue
[2025-09-03T19:48:05.806+0200] {logging_mixin.py:137} INFO - [2025-09-03T19:48:05.806+0200] {dagbag.py:532} INFO - Filling up the DagBag from /home/varun/miniconda3/envs/python38/lib/python3.8/site-packages/airflow/example_dags/example_latest_only_with_trigger.py
[2025-09-03T19:48:05.826+0200] {processor.py:753} INFO - DAG(s) dict_keys(['latest_only_with_trigger']) retrieved from /home/varun/miniconda3/envs/python38/lib/python3.8/site-packages/airflow/example_dags/example_latest_only_with_trigger.py
[2025-09-03T19:48:05.852+0200] {logging_mixin.py:137} INFO - [2025-09-03T19:48:05.852+0200] {dag.py:2705} INFO - Sync 1 DAGs
[2025-09-03T19:48:05.875+0200] {logging_mixin.py:137} INFO - [2025-09-03T19:48:05.875+0200] {dag.py:3452} INFO - Setting next_dagrun for latest_only_with_trigger to 2025-09-03T13:48:05.875272+00:00, run_after=2025-09-03T17:48:05.875272+00:00
[2025-09-03T19:48:05.902+0200] {processor.py:175} INFO - Processing /home/varun/miniconda3/envs/python38/lib/python3.8/site-packages/airflow/example_dags/example_latest_only_with_trigger.py took 0.104 seconds
[2025-09-03T19:48:53.790+0200] {processor.py:153} INFO - Started process (PID=3475) to work on /home/varun/miniconda3/envs/python38/lib/python3.8/site-packages/airflow/example_dags/example_latest_only_with_trigger.py
[2025-09-03T19:48:53.791+0200] {processor.py:743} INFO - Processing file /home/varun/miniconda3/envs/python38/lib/python3.8/site-packages/airflow/example_dags/example_latest_only_with_trigger.py for tasks to queue
[2025-09-03T19:48:53.792+0200] {logging_mixin.py:137} INFO - [2025-09-03T19:48:53.792+0200] {dagbag.py:532} INFO - Filling up the DagBag from /home/varun/miniconda3/envs/python38/lib/python3.8/site-packages/airflow/example_dags/example_latest_only_with_trigger.py
[2025-09-03T19:48:53.808+0200] {processor.py:753} INFO - DAG(s) dict_keys(['latest_only_with_trigger']) retrieved from /home/varun/miniconda3/envs/python38/lib/python3.8/site-packages/airflow/example_dags/example_latest_only_with_trigger.py
[2025-09-03T19:48:53.833+0200] {logging_mixin.py:137} INFO - [2025-09-03T19:48:53.833+0200] {dag.py:2705} INFO - Sync 1 DAGs
[2025-09-03T19:48:53.860+0200] {logging_mixin.py:137} INFO - [2025-09-03T19:48:53.860+0200] {dag.py:3452} INFO - Setting next_dagrun for latest_only_with_trigger to 2025-09-03T13:48:53.859890+00:00, run_after=2025-09-03T17:48:53.859890+00:00
[2025-09-03T19:48:53.891+0200] {processor.py:175} INFO - Processing /home/varun/miniconda3/envs/python38/lib/python3.8/site-packages/airflow/example_dags/example_latest_only_with_trigger.py took 0.105 seconds
[2025-09-03T19:49:45.340+0200] {processor.py:153} INFO - Started process (PID=3523) to work on /home/varun/miniconda3/envs/python38/lib/python3.8/site-packages/airflow/example_dags/example_latest_only_with_trigger.py
[2025-09-03T19:49:45.341+0200] {processor.py:743} INFO - Processing file /home/varun/miniconda3/envs/python38/lib/python3.8/site-packages/airflow/example_dags/example_latest_only_with_trigger.py for tasks to queue
[2025-09-03T19:49:45.342+0200] {logging_mixin.py:137} INFO - [2025-09-03T19:49:45.342+0200] {dagbag.py:532} INFO - Filling up the DagBag from /home/varun/miniconda3/envs/python38/lib/python3.8/site-packages/airflow/example_dags/example_latest_only_with_trigger.py
[2025-09-03T19:49:45.358+0200] {processor.py:753} INFO - DAG(s) dict_keys(['latest_only_with_trigger']) retrieved from /home/varun/miniconda3/envs/python38/lib/python3.8/site-packages/airflow/example_dags/example_latest_only_with_trigger.py
[2025-09-03T19:49:45.379+0200] {logging_mixin.py:137} INFO - [2025-09-03T19:49:45.379+0200] {dag.py:2705} INFO - Sync 1 DAGs
[2025-09-03T19:49:45.398+0200] {logging_mixin.py:137} INFO - [2025-09-03T19:49:45.398+0200] {dag.py:3452} INFO - Setting next_dagrun for latest_only_with_trigger to 2025-09-03T13:49:45.398348+00:00, run_after=2025-09-03T17:49:45.398348+00:00
[2025-09-03T19:49:45.422+0200] {processor.py:175} INFO - Processing /home/varun/miniconda3/envs/python38/lib/python3.8/site-packages/airflow/example_dags/example_latest_only_with_trigger.py took 0.085 seconds
[2025-09-03T19:50:31.728+0200] {processor.py:153} INFO - Started process (PID=3569) to work on /home/varun/miniconda3/envs/python38/lib/python3.8/site-packages/airflow/example_dags/example_latest_only_with_trigger.py
[2025-09-03T19:50:31.729+0200] {processor.py:743} INFO - Processing file /home/varun/miniconda3/envs/python38/lib/python3.8/site-packages/airflow/example_dags/example_latest_only_with_trigger.py for tasks to queue
[2025-09-03T19:50:31.730+0200] {logging_mixin.py:137} INFO - [2025-09-03T19:50:31.730+0200] {dagbag.py:532} INFO - Filling up the DagBag from /home/varun/miniconda3/envs/python38/lib/python3.8/site-packages/airflow/example_dags/example_latest_only_with_trigger.py
[2025-09-03T19:50:31.745+0200] {processor.py:753} INFO - DAG(s) dict_keys(['latest_only_with_trigger']) retrieved from /home/varun/miniconda3/envs/python38/lib/python3.8/site-packages/airflow/example_dags/example_latest_only_with_trigger.py
[2025-09-03T19:50:31.770+0200] {logging_mixin.py:137} INFO - [2025-09-03T19:50:31.770+0200] {dag.py:2705} INFO - Sync 1 DAGs
[2025-09-03T19:50:31.791+0200] {logging_mixin.py:137} INFO - [2025-09-03T19:50:31.791+0200] {dag.py:3452} INFO - Setting next_dagrun for latest_only_with_trigger to 2025-09-03T13:50:31.790728+00:00, run_after=2025-09-03T17:50:31.790728+00:00
[2025-09-03T19:50:31.819+0200] {processor.py:175} INFO - Processing /home/varun/miniconda3/envs/python38/lib/python3.8/site-packages/airflow/example_dags/example_latest_only_with_trigger.py took 0.094 seconds
[2025-09-03T19:51:17.854+0200] {processor.py:153} INFO - Started process (PID=3624) to work on /home/varun/miniconda3/envs/python38/lib/python3.8/site-packages/airflow/example_dags/example_latest_only_with_trigger.py
[2025-09-03T19:51:17.859+0200] {processor.py:743} INFO - Processing file /home/varun/miniconda3/envs/python38/lib/python3.8/site-packages/airflow/example_dags/example_latest_only_with_trigger.py for tasks to queue
[2025-09-03T19:51:17.860+0200] {logging_mixin.py:137} INFO - [2025-09-03T19:51:17.860+0200] {dagbag.py:532} INFO - Filling up the DagBag from /home/varun/miniconda3/envs/python38/lib/python3.8/site-packages/airflow/example_dags/example_latest_only_with_trigger.py
[2025-09-03T19:51:17.877+0200] {processor.py:753} INFO - DAG(s) dict_keys(['latest_only_with_trigger']) retrieved from /home/varun/miniconda3/envs/python38/lib/python3.8/site-packages/airflow/example_dags/example_latest_only_with_trigger.py
[2025-09-03T19:51:17.899+0200] {logging_mixin.py:137} INFO - [2025-09-03T19:51:17.898+0200] {dag.py:2705} INFO - Sync 1 DAGs
[2025-09-03T19:51:17.920+0200] {logging_mixin.py:137} INFO - [2025-09-03T19:51:17.920+0200] {dag.py:3452} INFO - Setting next_dagrun for latest_only_with_trigger to 2025-09-03T13:51:17.920038+00:00, run_after=2025-09-03T17:51:17.920038+00:00
[2025-09-03T19:51:17.942+0200] {processor.py:175} INFO - Processing /home/varun/miniconda3/envs/python38/lib/python3.8/site-packages/airflow/example_dags/example_latest_only_with_trigger.py took 0.093 seconds
[2025-09-03T19:52:08.016+0200] {processor.py:153} INFO - Started process (PID=3671) to work on /home/varun/miniconda3/envs/python38/lib/python3.8/site-packages/airflow/example_dags/example_latest_only_with_trigger.py
[2025-09-03T19:52:08.018+0200] {processor.py:743} INFO - Processing file /home/varun/miniconda3/envs/python38/lib/python3.8/site-packages/airflow/example_dags/example_latest_only_with_trigger.py for tasks to queue
[2025-09-03T19:52:08.020+0200] {logging_mixin.py:137} INFO - [2025-09-03T19:52:08.020+0200] {dagbag.py:532} INFO - Filling up the DagBag from /home/varun/miniconda3/envs/python38/lib/python3.8/site-packages/airflow/example_dags/example_latest_only_with_trigger.py
[2025-09-03T19:52:08.044+0200] {processor.py:753} INFO - DAG(s) dict_keys(['latest_only_with_trigger']) retrieved from /home/varun/miniconda3/envs/python38/lib/python3.8/site-packages/airflow/example_dags/example_latest_only_with_trigger.py
[2025-09-03T19:52:08.079+0200] {logging_mixin.py:137} INFO - [2025-09-03T19:52:08.079+0200] {dag.py:2705} INFO - Sync 1 DAGs
[2025-09-03T19:52:08.111+0200] {logging_mixin.py:137} INFO - [2025-09-03T19:52:08.111+0200] {dag.py:3452} INFO - Setting next_dagrun for latest_only_with_trigger to 2025-09-03T13:52:08.110989+00:00, run_after=2025-09-03T17:52:08.110989+00:00
[2025-09-03T19:52:08.150+0200] {processor.py:175} INFO - Processing /home/varun/miniconda3/envs/python38/lib/python3.8/site-packages/airflow/example_dags/example_latest_only_with_trigger.py took 0.138 seconds
[2025-09-03T19:52:58.001+0200] {processor.py:153} INFO - Started process (PID=3715) to work on /home/varun/miniconda3/envs/python38/lib/python3.8/site-packages/airflow/example_dags/example_latest_only_with_trigger.py
[2025-09-03T19:52:58.003+0200] {processor.py:743} INFO - Processing file /home/varun/miniconda3/envs/python38/lib/python3.8/site-packages/airflow/example_dags/example_latest_only_with_trigger.py for tasks to queue
[2025-09-03T19:52:58.004+0200] {logging_mixin.py:137} INFO - [2025-09-03T19:52:58.004+0200] {dagbag.py:532} INFO - Filling up the DagBag from /home/varun/miniconda3/envs/python38/lib/python3.8/site-packages/airflow/example_dags/example_latest_only_with_trigger.py
[2025-09-03T19:52:58.020+0200] {processor.py:753} INFO - DAG(s) dict_keys(['latest_only_with_trigger']) retrieved from /home/varun/miniconda3/envs/python38/lib/python3.8/site-packages/airflow/example_dags/example_latest_only_with_trigger.py
[2025-09-03T19:52:58.042+0200] {logging_mixin.py:137} INFO - [2025-09-03T19:52:58.042+0200] {dag.py:2705} INFO - Sync 1 DAGs
[2025-09-03T19:52:58.062+0200] {logging_mixin.py:137} INFO - [2025-09-03T19:52:58.062+0200] {dag.py:3452} INFO - Setting next_dagrun for latest_only_with_trigger to 2025-09-03T13:52:58.061884+00:00, run_after=2025-09-03T17:52:58.061884+00:00
[2025-09-03T19:52:58.206+0200] {processor.py:175} INFO - Processing /home/varun/miniconda3/envs/python38/lib/python3.8/site-packages/airflow/example_dags/example_latest_only_with_trigger.py took 0.209 seconds
[2025-09-03T19:53:53.160+0200] {processor.py:153} INFO - Started process (PID=3759) to work on /home/varun/miniconda3/envs/python38/lib/python3.8/site-packages/airflow/example_dags/example_latest_only_with_trigger.py
[2025-09-03T19:53:53.162+0200] {processor.py:743} INFO - Processing file /home/varun/miniconda3/envs/python38/lib/python3.8/site-packages/airflow/example_dags/example_latest_only_with_trigger.py for tasks to queue
[2025-09-03T19:53:53.164+0200] {logging_mixin.py:137} INFO - [2025-09-03T19:53:53.163+0200] {dagbag.py:532} INFO - Filling up the DagBag from /home/varun/miniconda3/envs/python38/lib/python3.8/site-packages/airflow/example_dags/example_latest_only_with_trigger.py
[2025-09-03T19:53:53.179+0200] {processor.py:753} INFO - DAG(s) dict_keys(['latest_only_with_trigger']) retrieved from /home/varun/miniconda3/envs/python38/lib/python3.8/site-packages/airflow/example_dags/example_latest_only_with_trigger.py
[2025-09-03T19:53:53.198+0200] {logging_mixin.py:137} INFO - [2025-09-03T19:53:53.198+0200] {dag.py:2705} INFO - Sync 1 DAGs
[2025-09-03T19:53:53.332+0200] {logging_mixin.py:137} INFO - [2025-09-03T19:53:53.332+0200] {dag.py:3452} INFO - Setting next_dagrun for latest_only_with_trigger to 2025-09-03T13:53:53.331936+00:00, run_after=2025-09-03T17:53:53.331936+00:00
[2025-09-03T19:53:53.363+0200] {processor.py:175} INFO - Processing /home/varun/miniconda3/envs/python38/lib/python3.8/site-packages/airflow/example_dags/example_latest_only_with_trigger.py took 0.207 seconds
[2025-09-03T19:54:51.747+0200] {processor.py:153} INFO - Started process (PID=3812) to work on /home/varun/miniconda3/envs/python38/lib/python3.8/site-packages/airflow/example_dags/example_latest_only_with_trigger.py
[2025-09-03T19:54:51.749+0200] {processor.py:743} INFO - Processing file /home/varun/miniconda3/envs/python38/lib/python3.8/site-packages/airflow/example_dags/example_latest_only_with_trigger.py for tasks to queue
[2025-09-03T19:54:51.750+0200] {logging_mixin.py:137} INFO - [2025-09-03T19:54:51.750+0200] {dagbag.py:532} INFO - Filling up the DagBag from /home/varun/miniconda3/envs/python38/lib/python3.8/site-packages/airflow/example_dags/example_latest_only_with_trigger.py
[2025-09-03T19:54:51.769+0200] {processor.py:753} INFO - DAG(s) dict_keys(['latest_only_with_trigger']) retrieved from /home/varun/miniconda3/envs/python38/lib/python3.8/site-packages/airflow/example_dags/example_latest_only_with_trigger.py
[2025-09-03T19:54:51.903+0200] {logging_mixin.py:137} INFO - [2025-09-03T19:54:51.903+0200] {dag.py:2705} INFO - Sync 1 DAGs
[2025-09-03T19:54:51.918+0200] {logging_mixin.py:137} INFO - [2025-09-03T19:54:51.918+0200] {dag.py:3452} INFO - Setting next_dagrun for latest_only_with_trigger to 2025-09-03T13:54:51.918569+00:00, run_after=2025-09-03T17:54:51.918569+00:00
[2025-09-03T19:54:51.944+0200] {processor.py:175} INFO - Processing /home/varun/miniconda3/envs/python38/lib/python3.8/site-packages/airflow/example_dags/example_latest_only_with_trigger.py took 0.205 seconds
[2025-09-03T19:55:49.507+0200] {processor.py:153} INFO - Started process (PID=3866) to work on /home/varun/miniconda3/envs/python38/lib/python3.8/site-packages/airflow/example_dags/example_latest_only_with_trigger.py
[2025-09-03T19:55:49.509+0200] {processor.py:743} INFO - Processing file /home/varun/miniconda3/envs/python38/lib/python3.8/site-packages/airflow/example_dags/example_latest_only_with_trigger.py for tasks to queue
[2025-09-03T19:55:49.510+0200] {logging_mixin.py:137} INFO - [2025-09-03T19:55:49.510+0200] {dagbag.py:532} INFO - Filling up the DagBag from /home/varun/miniconda3/envs/python38/lib/python3.8/site-packages/airflow/example_dags/example_latest_only_with_trigger.py
[2025-09-03T19:55:49.538+0200] {processor.py:753} INFO - DAG(s) dict_keys(['latest_only_with_trigger']) retrieved from /home/varun/miniconda3/envs/python38/lib/python3.8/site-packages/airflow/example_dags/example_latest_only_with_trigger.py
[2025-09-03T19:55:49.745+0200] {logging_mixin.py:137} INFO - [2025-09-03T19:55:49.744+0200] {dag.py:2705} INFO - Sync 1 DAGs
[2025-09-03T19:55:49.767+0200] {logging_mixin.py:137} INFO - [2025-09-03T19:55:49.767+0200] {dag.py:3452} INFO - Setting next_dagrun for latest_only_with_trigger to 2025-09-03T13:55:49.766687+00:00, run_after=2025-09-03T17:55:49.766687+00:00
[2025-09-03T19:55:49.803+0200] {processor.py:175} INFO - Processing /home/varun/miniconda3/envs/python38/lib/python3.8/site-packages/airflow/example_dags/example_latest_only_with_trigger.py took 0.303 seconds
[2025-09-03T19:56:50.411+0200] {processor.py:153} INFO - Started process (PID=3916) to work on /home/varun/miniconda3/envs/python38/lib/python3.8/site-packages/airflow/example_dags/example_latest_only_with_trigger.py
[2025-09-03T19:56:50.413+0200] {processor.py:743} INFO - Processing file /home/varun/miniconda3/envs/python38/lib/python3.8/site-packages/airflow/example_dags/example_latest_only_with_trigger.py for tasks to queue
[2025-09-03T19:56:50.414+0200] {logging_mixin.py:137} INFO - [2025-09-03T19:56:50.414+0200] {dagbag.py:532} INFO - Filling up the DagBag from /home/varun/miniconda3/envs/python38/lib/python3.8/site-packages/airflow/example_dags/example_latest_only_with_trigger.py
[2025-09-03T19:56:50.546+0200] {processor.py:753} INFO - DAG(s) dict_keys(['latest_only_with_trigger']) retrieved from /home/varun/miniconda3/envs/python38/lib/python3.8/site-packages/airflow/example_dags/example_latest_only_with_trigger.py
[2025-09-03T19:56:50.561+0200] {logging_mixin.py:137} INFO - [2025-09-03T19:56:50.561+0200] {dag.py:2705} INFO - Sync 1 DAGs
[2025-09-03T19:56:50.579+0200] {logging_mixin.py:137} INFO - [2025-09-03T19:56:50.579+0200] {dag.py:3452} INFO - Setting next_dagrun for latest_only_with_trigger to 2025-09-03T13:56:50.579044+00:00, run_after=2025-09-03T17:56:50.579044+00:00
[2025-09-03T19:56:50.606+0200] {processor.py:175} INFO - Processing /home/varun/miniconda3/envs/python38/lib/python3.8/site-packages/airflow/example_dags/example_latest_only_with_trigger.py took 0.198 seconds
[2025-09-03T19:57:41.280+0200] {processor.py:153} INFO - Started process (PID=3963) to work on /home/varun/miniconda3/envs/python38/lib/python3.8/site-packages/airflow/example_dags/example_latest_only_with_trigger.py
[2025-09-03T19:57:41.282+0200] {processor.py:743} INFO - Processing file /home/varun/miniconda3/envs/python38/lib/python3.8/site-packages/airflow/example_dags/example_latest_only_with_trigger.py for tasks to queue
[2025-09-03T19:57:41.283+0200] {logging_mixin.py:137} INFO - [2025-09-03T19:57:41.282+0200] {dagbag.py:532} INFO - Filling up the DagBag from /home/varun/miniconda3/envs/python38/lib/python3.8/site-packages/airflow/example_dags/example_latest_only_with_trigger.py
[2025-09-03T19:57:41.301+0200] {processor.py:753} INFO - DAG(s) dict_keys(['latest_only_with_trigger']) retrieved from /home/varun/miniconda3/envs/python38/lib/python3.8/site-packages/airflow/example_dags/example_latest_only_with_trigger.py
[2025-09-03T19:57:41.341+0200] {logging_mixin.py:137} INFO - [2025-09-03T19:57:41.341+0200] {dag.py:2705} INFO - Sync 1 DAGs
[2025-09-03T19:57:41.366+0200] {logging_mixin.py:137} INFO - [2025-09-03T19:57:41.365+0200] {dag.py:3452} INFO - Setting next_dagrun for latest_only_with_trigger to 2025-09-03T13:57:41.365029+00:00, run_after=2025-09-03T17:57:41.365029+00:00
[2025-09-03T19:57:41.396+0200] {processor.py:175} INFO - Processing /home/varun/miniconda3/envs/python38/lib/python3.8/site-packages/airflow/example_dags/example_latest_only_with_trigger.py took 0.120 seconds
[2025-09-03T20:00:47.952+0200] {processor.py:153} INFO - Started process (PID=4032) to work on /home/varun/miniconda3/envs/python38/lib/python3.8/site-packages/airflow/example_dags/example_latest_only_with_trigger.py
[2025-09-03T20:00:47.955+0200] {processor.py:743} INFO - Processing file /home/varun/miniconda3/envs/python38/lib/python3.8/site-packages/airflow/example_dags/example_latest_only_with_trigger.py for tasks to queue
[2025-09-03T20:00:47.956+0200] {logging_mixin.py:137} INFO - [2025-09-03T20:00:47.956+0200] {dagbag.py:532} INFO - Filling up the DagBag from /home/varun/miniconda3/envs/python38/lib/python3.8/site-packages/airflow/example_dags/example_latest_only_with_trigger.py
[2025-09-03T20:00:47.978+0200] {processor.py:753} INFO - DAG(s) dict_keys(['latest_only_with_trigger']) retrieved from /home/varun/miniconda3/envs/python38/lib/python3.8/site-packages/airflow/example_dags/example_latest_only_with_trigger.py
[2025-09-03T20:00:48.018+0200] {logging_mixin.py:137} INFO - [2025-09-03T20:00:48.018+0200] {dag.py:2705} INFO - Sync 1 DAGs
[2025-09-03T20:00:48.046+0200] {logging_mixin.py:137} INFO - [2025-09-03T20:00:48.046+0200] {dag.py:3452} INFO - Setting next_dagrun for latest_only_with_trigger to 2025-09-03T14:00:48.045640+00:00, run_after=2025-09-03T18:00:48.045640+00:00
[2025-09-03T20:00:48.072+0200] {processor.py:175} INFO - Processing /home/varun/miniconda3/envs/python38/lib/python3.8/site-packages/airflow/example_dags/example_latest_only_with_trigger.py took 0.127 seconds
[2025-09-03T20:01:36.903+0200] {processor.py:153} INFO - Started process (PID=4081) to work on /home/varun/miniconda3/envs/python38/lib/python3.8/site-packages/airflow/example_dags/example_latest_only_with_trigger.py
[2025-09-03T20:01:36.905+0200] {processor.py:743} INFO - Processing file /home/varun/miniconda3/envs/python38/lib/python3.8/site-packages/airflow/example_dags/example_latest_only_with_trigger.py for tasks to queue
[2025-09-03T20:01:36.905+0200] {logging_mixin.py:137} INFO - [2025-09-03T20:01:36.905+0200] {dagbag.py:532} INFO - Filling up the DagBag from /home/varun/miniconda3/envs/python38/lib/python3.8/site-packages/airflow/example_dags/example_latest_only_with_trigger.py
[2025-09-03T20:01:36.919+0200] {processor.py:753} INFO - DAG(s) dict_keys(['latest_only_with_trigger']) retrieved from /home/varun/miniconda3/envs/python38/lib/python3.8/site-packages/airflow/example_dags/example_latest_only_with_trigger.py
[2025-09-03T20:01:36.936+0200] {logging_mixin.py:137} INFO - [2025-09-03T20:01:36.936+0200] {dag.py:2705} INFO - Sync 1 DAGs
[2025-09-03T20:01:36.951+0200] {logging_mixin.py:137} INFO - [2025-09-03T20:01:36.950+0200] {dag.py:3452} INFO - Setting next_dagrun for latest_only_with_trigger to 2025-09-03T14:01:36.950760+00:00, run_after=2025-09-03T18:01:36.950760+00:00
[2025-09-03T20:01:36.971+0200] {processor.py:175} INFO - Processing /home/varun/miniconda3/envs/python38/lib/python3.8/site-packages/airflow/example_dags/example_latest_only_with_trigger.py took 0.071 seconds
[2025-09-03T20:02:22.785+0200] {processor.py:153} INFO - Started process (PID=4123) to work on /home/varun/miniconda3/envs/python38/lib/python3.8/site-packages/airflow/example_dags/example_latest_only_with_trigger.py
[2025-09-03T20:02:22.786+0200] {processor.py:743} INFO - Processing file /home/varun/miniconda3/envs/python38/lib/python3.8/site-packages/airflow/example_dags/example_latest_only_with_trigger.py for tasks to queue
[2025-09-03T20:02:22.787+0200] {logging_mixin.py:137} INFO - [2025-09-03T20:02:22.786+0200] {dagbag.py:532} INFO - Filling up the DagBag from /home/varun/miniconda3/envs/python38/lib/python3.8/site-packages/airflow/example_dags/example_latest_only_with_trigger.py
[2025-09-03T20:02:22.802+0200] {processor.py:753} INFO - DAG(s) dict_keys(['latest_only_with_trigger']) retrieved from /home/varun/miniconda3/envs/python38/lib/python3.8/site-packages/airflow/example_dags/example_latest_only_with_trigger.py
[2025-09-03T20:02:22.823+0200] {logging_mixin.py:137} INFO - [2025-09-03T20:02:22.823+0200] {dag.py:2705} INFO - Sync 1 DAGs
[2025-09-03T20:02:22.843+0200] {logging_mixin.py:137} INFO - [2025-09-03T20:02:22.842+0200] {dag.py:3452} INFO - Setting next_dagrun for latest_only_with_trigger to 2025-09-03T14:02:22.842669+00:00, run_after=2025-09-03T18:02:22.842669+00:00
[2025-09-03T20:02:22.869+0200] {processor.py:175} INFO - Processing /home/varun/miniconda3/envs/python38/lib/python3.8/site-packages/airflow/example_dags/example_latest_only_with_trigger.py took 0.088 seconds
[2025-09-03T20:03:09.661+0200] {processor.py:153} INFO - Started process (PID=4165) to work on /home/varun/miniconda3/envs/python38/lib/python3.8/site-packages/airflow/example_dags/example_latest_only_with_trigger.py
[2025-09-03T20:03:09.662+0200] {processor.py:743} INFO - Processing file /home/varun/miniconda3/envs/python38/lib/python3.8/site-packages/airflow/example_dags/example_latest_only_with_trigger.py for tasks to queue
[2025-09-03T20:03:09.663+0200] {logging_mixin.py:137} INFO - [2025-09-03T20:03:09.663+0200] {dagbag.py:532} INFO - Filling up the DagBag from /home/varun/miniconda3/envs/python38/lib/python3.8/site-packages/airflow/example_dags/example_latest_only_with_trigger.py
[2025-09-03T20:03:09.678+0200] {processor.py:753} INFO - DAG(s) dict_keys(['latest_only_with_trigger']) retrieved from /home/varun/miniconda3/envs/python38/lib/python3.8/site-packages/airflow/example_dags/example_latest_only_with_trigger.py
[2025-09-03T20:03:09.698+0200] {logging_mixin.py:137} INFO - [2025-09-03T20:03:09.698+0200] {dag.py:2705} INFO - Sync 1 DAGs
[2025-09-03T20:03:09.718+0200] {logging_mixin.py:137} INFO - [2025-09-03T20:03:09.718+0200] {dag.py:3452} INFO - Setting next_dagrun for latest_only_with_trigger to 2025-09-03T14:03:09.718370+00:00, run_after=2025-09-03T18:03:09.718370+00:00
[2025-09-03T20:03:09.743+0200] {processor.py:175} INFO - Processing /home/varun/miniconda3/envs/python38/lib/python3.8/site-packages/airflow/example_dags/example_latest_only_with_trigger.py took 0.087 seconds
[2025-09-03T20:04:00.708+0200] {processor.py:153} INFO - Started process (PID=4207) to work on /home/varun/miniconda3/envs/python38/lib/python3.8/site-packages/airflow/example_dags/example_latest_only_with_trigger.py
[2025-09-03T20:04:00.710+0200] {processor.py:743} INFO - Processing file /home/varun/miniconda3/envs/python38/lib/python3.8/site-packages/airflow/example_dags/example_latest_only_with_trigger.py for tasks to queue
[2025-09-03T20:04:00.710+0200] {logging_mixin.py:137} INFO - [2025-09-03T20:04:00.710+0200] {dagbag.py:532} INFO - Filling up the DagBag from /home/varun/miniconda3/envs/python38/lib/python3.8/site-packages/airflow/example_dags/example_latest_only_with_trigger.py
[2025-09-03T20:04:00.723+0200] {processor.py:753} INFO - DAG(s) dict_keys(['latest_only_with_trigger']) retrieved from /home/varun/miniconda3/envs/python38/lib/python3.8/site-packages/airflow/example_dags/example_latest_only_with_trigger.py
[2025-09-03T20:04:00.740+0200] {logging_mixin.py:137} INFO - [2025-09-03T20:04:00.740+0200] {dag.py:2705} INFO - Sync 1 DAGs
[2025-09-03T20:04:00.755+0200] {logging_mixin.py:137} INFO - [2025-09-03T20:04:00.755+0200] {dag.py:3452} INFO - Setting next_dagrun for latest_only_with_trigger to 2025-09-03T14:04:00.755253+00:00, run_after=2025-09-03T18:04:00.755253+00:00
[2025-09-03T20:04:00.775+0200] {processor.py:175} INFO - Processing /home/varun/miniconda3/envs/python38/lib/python3.8/site-packages/airflow/example_dags/example_latest_only_with_trigger.py took 0.071 seconds
[2025-09-03T20:04:49.611+0200] {processor.py:153} INFO - Started process (PID=4251) to work on /home/varun/miniconda3/envs/python38/lib/python3.8/site-packages/airflow/example_dags/example_latest_only_with_trigger.py
[2025-09-03T20:04:49.612+0200] {processor.py:743} INFO - Processing file /home/varun/miniconda3/envs/python38/lib/python3.8/site-packages/airflow/example_dags/example_latest_only_with_trigger.py for tasks to queue
[2025-09-03T20:04:49.614+0200] {logging_mixin.py:137} INFO - [2025-09-03T20:04:49.614+0200] {dagbag.py:532} INFO - Filling up the DagBag from /home/varun/miniconda3/envs/python38/lib/python3.8/site-packages/airflow/example_dags/example_latest_only_with_trigger.py
[2025-09-03T20:04:49.635+0200] {processor.py:753} INFO - DAG(s) dict_keys(['latest_only_with_trigger']) retrieved from /home/varun/miniconda3/envs/python38/lib/python3.8/site-packages/airflow/example_dags/example_latest_only_with_trigger.py
[2025-09-03T20:04:49.799+0200] {logging_mixin.py:137} INFO - [2025-09-03T20:04:49.798+0200] {manager.py:504} INFO - Created Permission View: can delete on DAG:latest_only_with_trigger
[2025-09-03T20:04:49.827+0200] {logging_mixin.py:137} INFO - [2025-09-03T20:04:49.827+0200] {manager.py:504} INFO - Created Permission View: can read on DAG:latest_only_with_trigger
[2025-09-03T20:04:49.847+0200] {logging_mixin.py:137} INFO - [2025-09-03T20:04:49.847+0200] {manager.py:504} INFO - Created Permission View: can edit on DAG:latest_only_with_trigger
[2025-09-03T20:04:49.847+0200] {logging_mixin.py:137} INFO - [2025-09-03T20:04:49.847+0200] {dag.py:2705} INFO - Sync 1 DAGs
[2025-09-03T20:04:49.870+0200] {logging_mixin.py:137} INFO - [2025-09-03T20:04:49.870+0200] {dag.py:2726} INFO - Creating ORM DAG for latest_only_with_trigger
[2025-09-03T20:04:49.888+0200] {logging_mixin.py:137} INFO - [2025-09-03T20:04:49.888+0200] {dag.py:3452} INFO - Setting next_dagrun for latest_only_with_trigger to 2025-09-03T14:04:49.887978+00:00, run_after=2025-09-03T18:04:49.887978+00:00
[2025-09-03T20:04:49.920+0200] {processor.py:175} INFO - Processing /home/varun/miniconda3/envs/python38/lib/python3.8/site-packages/airflow/example_dags/example_latest_only_with_trigger.py took 0.316 seconds
[2025-09-03T20:05:48.684+0200] {processor.py:153} INFO - Started process (PID=4310) to work on /home/varun/miniconda3/envs/python38/lib/python3.8/site-packages/airflow/example_dags/example_latest_only_with_trigger.py
[2025-09-03T20:05:48.686+0200] {processor.py:743} INFO - Processing file /home/varun/miniconda3/envs/python38/lib/python3.8/site-packages/airflow/example_dags/example_latest_only_with_trigger.py for tasks to queue
[2025-09-03T20:05:48.686+0200] {logging_mixin.py:137} INFO - [2025-09-03T20:05:48.686+0200] {dagbag.py:532} INFO - Filling up the DagBag from /home/varun/miniconda3/envs/python38/lib/python3.8/site-packages/airflow/example_dags/example_latest_only_with_trigger.py
[2025-09-03T20:05:48.703+0200] {processor.py:753} INFO - DAG(s) dict_keys(['latest_only_with_trigger']) retrieved from /home/varun/miniconda3/envs/python38/lib/python3.8/site-packages/airflow/example_dags/example_latest_only_with_trigger.py
[2025-09-03T20:05:48.731+0200] {logging_mixin.py:137} INFO - [2025-09-03T20:05:48.731+0200] {dag.py:2705} INFO - Sync 1 DAGs
[2025-09-03T20:05:48.756+0200] {logging_mixin.py:137} INFO - [2025-09-03T20:05:48.756+0200] {dag.py:3452} INFO - Setting next_dagrun for latest_only_with_trigger to 2025-09-03T14:05:48.756009+00:00, run_after=2025-09-03T18:05:48.756009+00:00
[2025-09-03T20:05:48.787+0200] {processor.py:175} INFO - Processing /home/varun/miniconda3/envs/python38/lib/python3.8/site-packages/airflow/example_dags/example_latest_only_with_trigger.py took 0.107 seconds
[2025-09-03T20:06:36.383+0200] {processor.py:153} INFO - Started process (PID=4352) to work on /home/varun/miniconda3/envs/python38/lib/python3.8/site-packages/airflow/example_dags/example_latest_only_with_trigger.py
[2025-09-03T20:06:36.385+0200] {processor.py:743} INFO - Processing file /home/varun/miniconda3/envs/python38/lib/python3.8/site-packages/airflow/example_dags/example_latest_only_with_trigger.py for tasks to queue
[2025-09-03T20:06:36.386+0200] {logging_mixin.py:137} INFO - [2025-09-03T20:06:36.386+0200] {dagbag.py:532} INFO - Filling up the DagBag from /home/varun/miniconda3/envs/python38/lib/python3.8/site-packages/airflow/example_dags/example_latest_only_with_trigger.py
[2025-09-03T20:06:36.399+0200] {processor.py:753} INFO - DAG(s) dict_keys(['latest_only_with_trigger']) retrieved from /home/varun/miniconda3/envs/python38/lib/python3.8/site-packages/airflow/example_dags/example_latest_only_with_trigger.py
[2025-09-03T20:06:36.418+0200] {logging_mixin.py:137} INFO - [2025-09-03T20:06:36.418+0200] {dag.py:2705} INFO - Sync 1 DAGs
[2025-09-03T20:06:36.435+0200] {logging_mixin.py:137} INFO - [2025-09-03T20:06:36.435+0200] {dag.py:3452} INFO - Setting next_dagrun for latest_only_with_trigger to 2025-09-03T14:06:36.434899+00:00, run_after=2025-09-03T18:06:36.434899+00:00
[2025-09-03T20:06:36.463+0200] {processor.py:175} INFO - Processing /home/varun/miniconda3/envs/python38/lib/python3.8/site-packages/airflow/example_dags/example_latest_only_with_trigger.py took 0.083 seconds
[2025-09-03T20:07:22.014+0200] {processor.py:153} INFO - Started process (PID=4414) to work on /home/varun/miniconda3/envs/python38/lib/python3.8/site-packages/airflow/example_dags/example_latest_only_with_trigger.py
[2025-09-03T20:07:22.015+0200] {processor.py:743} INFO - Processing file /home/varun/miniconda3/envs/python38/lib/python3.8/site-packages/airflow/example_dags/example_latest_only_with_trigger.py for tasks to queue
[2025-09-03T20:07:22.016+0200] {logging_mixin.py:137} INFO - [2025-09-03T20:07:22.016+0200] {dagbag.py:532} INFO - Filling up the DagBag from /home/varun/miniconda3/envs/python38/lib/python3.8/site-packages/airflow/example_dags/example_latest_only_with_trigger.py
[2025-09-03T20:07:22.029+0200] {processor.py:753} INFO - DAG(s) dict_keys(['latest_only_with_trigger']) retrieved from /home/varun/miniconda3/envs/python38/lib/python3.8/site-packages/airflow/example_dags/example_latest_only_with_trigger.py
[2025-09-03T20:07:22.048+0200] {logging_mixin.py:137} INFO - [2025-09-03T20:07:22.047+0200] {dag.py:2705} INFO - Sync 1 DAGs
[2025-09-03T20:07:22.065+0200] {logging_mixin.py:137} INFO - [2025-09-03T20:07:22.065+0200] {dag.py:3452} INFO - Setting next_dagrun for latest_only_with_trigger to 2025-09-03T14:07:22.064752+00:00, run_after=2025-09-03T18:07:22.064752+00:00
[2025-09-03T20:07:22.086+0200] {processor.py:175} INFO - Processing /home/varun/miniconda3/envs/python38/lib/python3.8/site-packages/airflow/example_dags/example_latest_only_with_trigger.py took 0.075 seconds
[2025-09-03T20:08:12.075+0200] {processor.py:153} INFO - Started process (PID=4462) to work on /home/varun/miniconda3/envs/python38/lib/python3.8/site-packages/airflow/example_dags/example_latest_only_with_trigger.py
[2025-09-03T20:08:12.076+0200] {processor.py:743} INFO - Processing file /home/varun/miniconda3/envs/python38/lib/python3.8/site-packages/airflow/example_dags/example_latest_only_with_trigger.py for tasks to queue
[2025-09-03T20:08:12.076+0200] {logging_mixin.py:137} INFO - [2025-09-03T20:08:12.076+0200] {dagbag.py:532} INFO - Filling up the DagBag from /home/varun/miniconda3/envs/python38/lib/python3.8/site-packages/airflow/example_dags/example_latest_only_with_trigger.py
[2025-09-03T20:08:12.089+0200] {processor.py:753} INFO - DAG(s) dict_keys(['latest_only_with_trigger']) retrieved from /home/varun/miniconda3/envs/python38/lib/python3.8/site-packages/airflow/example_dags/example_latest_only_with_trigger.py
[2025-09-03T20:08:12.107+0200] {logging_mixin.py:137} INFO - [2025-09-03T20:08:12.107+0200] {dag.py:2705} INFO - Sync 1 DAGs
[2025-09-03T20:08:12.124+0200] {logging_mixin.py:137} INFO - [2025-09-03T20:08:12.124+0200] {dag.py:3452} INFO - Setting next_dagrun for latest_only_with_trigger to 2025-09-03T14:08:12.123841+00:00, run_after=2025-09-03T18:08:12.123841+00:00
[2025-09-03T20:08:12.145+0200] {processor.py:175} INFO - Processing /home/varun/miniconda3/envs/python38/lib/python3.8/site-packages/airflow/example_dags/example_latest_only_with_trigger.py took 0.075 seconds
[2025-09-03T20:09:28.401+0200] {processor.py:153} INFO - Started process (PID=4521) to work on /home/varun/miniconda3/envs/python38/lib/python3.8/site-packages/airflow/example_dags/example_latest_only_with_trigger.py
[2025-09-03T20:09:28.404+0200] {processor.py:743} INFO - Processing file /home/varun/miniconda3/envs/python38/lib/python3.8/site-packages/airflow/example_dags/example_latest_only_with_trigger.py for tasks to queue
[2025-09-03T20:09:28.405+0200] {logging_mixin.py:137} INFO - [2025-09-03T20:09:28.405+0200] {dagbag.py:532} INFO - Filling up the DagBag from /home/varun/miniconda3/envs/python38/lib/python3.8/site-packages/airflow/example_dags/example_latest_only_with_trigger.py
[2025-09-03T20:09:28.426+0200] {processor.py:753} INFO - DAG(s) dict_keys(['latest_only_with_trigger']) retrieved from /home/varun/miniconda3/envs/python38/lib/python3.8/site-packages/airflow/example_dags/example_latest_only_with_trigger.py
[2025-09-03T20:09:28.468+0200] {logging_mixin.py:137} INFO - [2025-09-03T20:09:28.468+0200] {dag.py:2705} INFO - Sync 1 DAGs
[2025-09-03T20:09:28.501+0200] {logging_mixin.py:137} INFO - [2025-09-03T20:09:28.501+0200] {dag.py:3452} INFO - Setting next_dagrun for latest_only_with_trigger to 2025-09-03T14:09:28.500959+00:00, run_after=2025-09-03T18:09:28.500959+00:00
[2025-09-03T20:09:28.536+0200] {processor.py:175} INFO - Processing /home/varun/miniconda3/envs/python38/lib/python3.8/site-packages/airflow/example_dags/example_latest_only_with_trigger.py took 0.143 seconds
[2025-09-03T20:10:16.096+0200] {processor.py:153} INFO - Started process (PID=4563) to work on /home/varun/miniconda3/envs/python38/lib/python3.8/site-packages/airflow/example_dags/example_latest_only_with_trigger.py
[2025-09-03T20:10:16.097+0200] {processor.py:743} INFO - Processing file /home/varun/miniconda3/envs/python38/lib/python3.8/site-packages/airflow/example_dags/example_latest_only_with_trigger.py for tasks to queue
[2025-09-03T20:10:16.098+0200] {logging_mixin.py:137} INFO - [2025-09-03T20:10:16.098+0200] {dagbag.py:532} INFO - Filling up the DagBag from /home/varun/miniconda3/envs/python38/lib/python3.8/site-packages/airflow/example_dags/example_latest_only_with_trigger.py
[2025-09-03T20:10:16.116+0200] {processor.py:753} INFO - DAG(s) dict_keys(['latest_only_with_trigger']) retrieved from /home/varun/miniconda3/envs/python38/lib/python3.8/site-packages/airflow/example_dags/example_latest_only_with_trigger.py
[2025-09-03T20:10:16.137+0200] {logging_mixin.py:137} INFO - [2025-09-03T20:10:16.137+0200] {dag.py:2705} INFO - Sync 1 DAGs
[2025-09-03T20:10:16.157+0200] {logging_mixin.py:137} INFO - [2025-09-03T20:10:16.157+0200] {dag.py:3452} INFO - Setting next_dagrun for latest_only_with_trigger to 2025-09-03T14:10:16.157067+00:00, run_after=2025-09-03T18:10:16.157067+00:00
[2025-09-03T20:10:16.182+0200] {processor.py:175} INFO - Processing /home/varun/miniconda3/envs/python38/lib/python3.8/site-packages/airflow/example_dags/example_latest_only_with_trigger.py took 0.092 seconds
[2025-09-03T20:11:00.965+0200] {processor.py:153} INFO - Started process (PID=4605) to work on /home/varun/miniconda3/envs/python38/lib/python3.8/site-packages/airflow/example_dags/example_latest_only_with_trigger.py
[2025-09-03T20:11:00.967+0200] {processor.py:743} INFO - Processing file /home/varun/miniconda3/envs/python38/lib/python3.8/site-packages/airflow/example_dags/example_latest_only_with_trigger.py for tasks to queue
[2025-09-03T20:11:00.967+0200] {logging_mixin.py:137} INFO - [2025-09-03T20:11:00.967+0200] {dagbag.py:532} INFO - Filling up the DagBag from /home/varun/miniconda3/envs/python38/lib/python3.8/site-packages/airflow/example_dags/example_latest_only_with_trigger.py
[2025-09-03T20:11:00.983+0200] {processor.py:753} INFO - DAG(s) dict_keys(['latest_only_with_trigger']) retrieved from /home/varun/miniconda3/envs/python38/lib/python3.8/site-packages/airflow/example_dags/example_latest_only_with_trigger.py
[2025-09-03T20:11:01.009+0200] {logging_mixin.py:137} INFO - [2025-09-03T20:11:01.009+0200] {dag.py:2705} INFO - Sync 1 DAGs
[2025-09-03T20:11:01.038+0200] {logging_mixin.py:137} INFO - [2025-09-03T20:11:01.038+0200] {dag.py:3452} INFO - Setting next_dagrun for latest_only_with_trigger to 2025-09-03T14:11:01.038090+00:00, run_after=2025-09-03T18:11:01.038090+00:00
[2025-09-03T20:11:01.073+0200] {processor.py:175} INFO - Processing /home/varun/miniconda3/envs/python38/lib/python3.8/site-packages/airflow/example_dags/example_latest_only_with_trigger.py took 0.113 seconds
[2025-09-03T20:11:49.660+0200] {processor.py:153} INFO - Started process (PID=4647) to work on /home/varun/miniconda3/envs/python38/lib/python3.8/site-packages/airflow/example_dags/example_latest_only_with_trigger.py
[2025-09-03T20:11:49.662+0200] {processor.py:743} INFO - Processing file /home/varun/miniconda3/envs/python38/lib/python3.8/site-packages/airflow/example_dags/example_latest_only_with_trigger.py for tasks to queue
[2025-09-03T20:11:49.663+0200] {logging_mixin.py:137} INFO - [2025-09-03T20:11:49.663+0200] {dagbag.py:532} INFO - Filling up the DagBag from /home/varun/miniconda3/envs/python38/lib/python3.8/site-packages/airflow/example_dags/example_latest_only_with_trigger.py
[2025-09-03T20:11:49.678+0200] {processor.py:753} INFO - DAG(s) dict_keys(['latest_only_with_trigger']) retrieved from /home/varun/miniconda3/envs/python38/lib/python3.8/site-packages/airflow/example_dags/example_latest_only_with_trigger.py
[2025-09-03T20:11:49.699+0200] {logging_mixin.py:137} INFO - [2025-09-03T20:11:49.699+0200] {dag.py:2705} INFO - Sync 1 DAGs
[2025-09-03T20:11:49.719+0200] {logging_mixin.py:137} INFO - [2025-09-03T20:11:49.718+0200] {dag.py:3452} INFO - Setting next_dagrun for latest_only_with_trigger to 2025-09-03T14:11:49.718667+00:00, run_after=2025-09-03T18:11:49.718667+00:00
[2025-09-03T20:11:49.741+0200] {processor.py:175} INFO - Processing /home/varun/miniconda3/envs/python38/lib/python3.8/site-packages/airflow/example_dags/example_latest_only_with_trigger.py took 0.085 seconds
[2025-09-03T20:12:35.713+0200] {processor.py:153} INFO - Started process (PID=4689) to work on /home/varun/miniconda3/envs/python38/lib/python3.8/site-packages/airflow/example_dags/example_latest_only_with_trigger.py
[2025-09-03T20:12:35.714+0200] {processor.py:743} INFO - Processing file /home/varun/miniconda3/envs/python38/lib/python3.8/site-packages/airflow/example_dags/example_latest_only_with_trigger.py for tasks to queue
[2025-09-03T20:12:35.715+0200] {logging_mixin.py:137} INFO - [2025-09-03T20:12:35.715+0200] {dagbag.py:532} INFO - Filling up the DagBag from /home/varun/miniconda3/envs/python38/lib/python3.8/site-packages/airflow/example_dags/example_latest_only_with_trigger.py
[2025-09-03T20:12:35.730+0200] {processor.py:753} INFO - DAG(s) dict_keys(['latest_only_with_trigger']) retrieved from /home/varun/miniconda3/envs/python38/lib/python3.8/site-packages/airflow/example_dags/example_latest_only_with_trigger.py
[2025-09-03T20:12:35.755+0200] {logging_mixin.py:137} INFO - [2025-09-03T20:12:35.754+0200] {dag.py:2705} INFO - Sync 1 DAGs
[2025-09-03T20:12:35.775+0200] {logging_mixin.py:137} INFO - [2025-09-03T20:12:35.774+0200] {dag.py:3452} INFO - Setting next_dagrun for latest_only_with_trigger to 2025-09-03T14:12:35.774506+00:00, run_after=2025-09-03T18:12:35.774506+00:00
[2025-09-03T20:12:35.796+0200] {processor.py:175} INFO - Processing /home/varun/miniconda3/envs/python38/lib/python3.8/site-packages/airflow/example_dags/example_latest_only_with_trigger.py took 0.086 seconds
[2025-09-03T20:13:22.051+0200] {processor.py:153} INFO - Started process (PID=4732) to work on /home/varun/miniconda3/envs/python38/lib/python3.8/site-packages/airflow/example_dags/example_latest_only_with_trigger.py
[2025-09-03T20:13:22.053+0200] {processor.py:743} INFO - Processing file /home/varun/miniconda3/envs/python38/lib/python3.8/site-packages/airflow/example_dags/example_latest_only_with_trigger.py for tasks to queue
[2025-09-03T20:13:22.054+0200] {logging_mixin.py:137} INFO - [2025-09-03T20:13:22.054+0200] {dagbag.py:532} INFO - Filling up the DagBag from /home/varun/miniconda3/envs/python38/lib/python3.8/site-packages/airflow/example_dags/example_latest_only_with_trigger.py
[2025-09-03T20:13:22.068+0200] {processor.py:753} INFO - DAG(s) dict_keys(['latest_only_with_trigger']) retrieved from /home/varun/miniconda3/envs/python38/lib/python3.8/site-packages/airflow/example_dags/example_latest_only_with_trigger.py
[2025-09-03T20:13:22.089+0200] {logging_mixin.py:137} INFO - [2025-09-03T20:13:22.089+0200] {dag.py:2705} INFO - Sync 1 DAGs
[2025-09-03T20:13:22.110+0200] {logging_mixin.py:137} INFO - [2025-09-03T20:13:22.110+0200] {dag.py:3452} INFO - Setting next_dagrun for latest_only_with_trigger to 2025-09-03T14:13:22.109876+00:00, run_after=2025-09-03T18:13:22.109876+00:00
[2025-09-03T20:13:22.135+0200] {processor.py:175} INFO - Processing /home/varun/miniconda3/envs/python38/lib/python3.8/site-packages/airflow/example_dags/example_latest_only_with_trigger.py took 0.088 seconds
[2025-09-03T20:14:09.945+0200] {processor.py:153} INFO - Started process (PID=4774) to work on /home/varun/miniconda3/envs/python38/lib/python3.8/site-packages/airflow/example_dags/example_latest_only_with_trigger.py
[2025-09-03T20:14:09.946+0200] {processor.py:743} INFO - Processing file /home/varun/miniconda3/envs/python38/lib/python3.8/site-packages/airflow/example_dags/example_latest_only_with_trigger.py for tasks to queue
[2025-09-03T20:14:09.947+0200] {logging_mixin.py:137} INFO - [2025-09-03T20:14:09.947+0200] {dagbag.py:532} INFO - Filling up the DagBag from /home/varun/miniconda3/envs/python38/lib/python3.8/site-packages/airflow/example_dags/example_latest_only_with_trigger.py
[2025-09-03T20:14:09.959+0200] {processor.py:753} INFO - DAG(s) dict_keys(['latest_only_with_trigger']) retrieved from /home/varun/miniconda3/envs/python38/lib/python3.8/site-packages/airflow/example_dags/example_latest_only_with_trigger.py
[2025-09-03T20:14:09.975+0200] {logging_mixin.py:137} INFO - [2025-09-03T20:14:09.974+0200] {dag.py:2705} INFO - Sync 1 DAGs
[2025-09-03T20:14:09.990+0200] {logging_mixin.py:137} INFO - [2025-09-03T20:14:09.990+0200] {dag.py:3452} INFO - Setting next_dagrun for latest_only_with_trigger to 2025-09-03T14:14:09.990058+00:00, run_after=2025-09-03T18:14:09.990058+00:00
[2025-09-03T20:14:10.012+0200] {processor.py:175} INFO - Processing /home/varun/miniconda3/envs/python38/lib/python3.8/site-packages/airflow/example_dags/example_latest_only_with_trigger.py took 0.071 seconds
[2025-09-03T20:14:51.885+0200] {processor.py:153} INFO - Started process (PID=4816) to work on /home/varun/miniconda3/envs/python38/lib/python3.8/site-packages/airflow/example_dags/example_latest_only_with_trigger.py
[2025-09-03T20:14:51.887+0200] {processor.py:743} INFO - Processing file /home/varun/miniconda3/envs/python38/lib/python3.8/site-packages/airflow/example_dags/example_latest_only_with_trigger.py for tasks to queue
[2025-09-03T20:14:51.887+0200] {logging_mixin.py:137} INFO - [2025-09-03T20:14:51.887+0200] {dagbag.py:532} INFO - Filling up the DagBag from /home/varun/miniconda3/envs/python38/lib/python3.8/site-packages/airflow/example_dags/example_latest_only_with_trigger.py
[2025-09-03T20:14:51.899+0200] {processor.py:753} INFO - DAG(s) dict_keys(['latest_only_with_trigger']) retrieved from /home/varun/miniconda3/envs/python38/lib/python3.8/site-packages/airflow/example_dags/example_latest_only_with_trigger.py
[2025-09-03T20:14:51.916+0200] {logging_mixin.py:137} INFO - [2025-09-03T20:14:51.915+0200] {dag.py:2705} INFO - Sync 1 DAGs
[2025-09-03T20:14:51.930+0200] {logging_mixin.py:137} INFO - [2025-09-03T20:14:51.930+0200] {dag.py:3452} INFO - Setting next_dagrun for latest_only_with_trigger to 2025-09-03T14:14:51.929903+00:00, run_after=2025-09-03T18:14:51.929903+00:00
[2025-09-03T20:14:51.962+0200] {processor.py:175} INFO - Processing /home/varun/miniconda3/envs/python38/lib/python3.8/site-packages/airflow/example_dags/example_latest_only_with_trigger.py took 0.080 seconds
[2025-09-03T20:15:37.942+0200] {processor.py:153} INFO - Started process (PID=4858) to work on /home/varun/miniconda3/envs/python38/lib/python3.8/site-packages/airflow/example_dags/example_latest_only_with_trigger.py
[2025-09-03T20:15:37.944+0200] {processor.py:743} INFO - Processing file /home/varun/miniconda3/envs/python38/lib/python3.8/site-packages/airflow/example_dags/example_latest_only_with_trigger.py for tasks to queue
[2025-09-03T20:15:37.944+0200] {logging_mixin.py:137} INFO - [2025-09-03T20:15:37.944+0200] {dagbag.py:532} INFO - Filling up the DagBag from /home/varun/miniconda3/envs/python38/lib/python3.8/site-packages/airflow/example_dags/example_latest_only_with_trigger.py
[2025-09-03T20:15:37.959+0200] {processor.py:753} INFO - DAG(s) dict_keys(['latest_only_with_trigger']) retrieved from /home/varun/miniconda3/envs/python38/lib/python3.8/site-packages/airflow/example_dags/example_latest_only_with_trigger.py
[2025-09-03T20:15:37.981+0200] {logging_mixin.py:137} INFO - [2025-09-03T20:15:37.981+0200] {dag.py:2705} INFO - Sync 1 DAGs
[2025-09-03T20:15:38.002+0200] {logging_mixin.py:137} INFO - [2025-09-03T20:15:38.002+0200] {dag.py:3452} INFO - Setting next_dagrun for latest_only_with_trigger to 2025-09-03T14:15:38.001797+00:00, run_after=2025-09-03T18:15:38.001797+00:00
[2025-09-03T20:15:38.027+0200] {processor.py:175} INFO - Processing /home/varun/miniconda3/envs/python38/lib/python3.8/site-packages/airflow/example_dags/example_latest_only_with_trigger.py took 0.088 seconds
[2025-09-03T20:16:22.930+0200] {processor.py:153} INFO - Started process (PID=4900) to work on /home/varun/miniconda3/envs/python38/lib/python3.8/site-packages/airflow/example_dags/example_latest_only_with_trigger.py
[2025-09-03T20:16:22.932+0200] {processor.py:743} INFO - Processing file /home/varun/miniconda3/envs/python38/lib/python3.8/site-packages/airflow/example_dags/example_latest_only_with_trigger.py for tasks to queue
[2025-09-03T20:16:22.933+0200] {logging_mixin.py:137} INFO - [2025-09-03T20:16:22.933+0200] {dagbag.py:532} INFO - Filling up the DagBag from /home/varun/miniconda3/envs/python38/lib/python3.8/site-packages/airflow/example_dags/example_latest_only_with_trigger.py
[2025-09-03T20:16:22.944+0200] {processor.py:753} INFO - DAG(s) dict_keys(['latest_only_with_trigger']) retrieved from /home/varun/miniconda3/envs/python38/lib/python3.8/site-packages/airflow/example_dags/example_latest_only_with_trigger.py
[2025-09-03T20:16:22.961+0200] {logging_mixin.py:137} INFO - [2025-09-03T20:16:22.961+0200] {dag.py:2705} INFO - Sync 1 DAGs
[2025-09-03T20:16:22.976+0200] {logging_mixin.py:137} INFO - [2025-09-03T20:16:22.976+0200] {dag.py:3452} INFO - Setting next_dagrun for latest_only_with_trigger to 2025-09-03T14:16:22.976309+00:00, run_after=2025-09-03T18:16:22.976309+00:00
[2025-09-03T20:16:22.996+0200] {processor.py:175} INFO - Processing /home/varun/miniconda3/envs/python38/lib/python3.8/site-packages/airflow/example_dags/example_latest_only_with_trigger.py took 0.070 seconds
[2025-09-03T20:17:10.374+0200] {processor.py:153} INFO - Started process (PID=4945) to work on /home/varun/miniconda3/envs/python38/lib/python3.8/site-packages/airflow/example_dags/example_latest_only_with_trigger.py
[2025-09-03T20:17:10.375+0200] {processor.py:743} INFO - Processing file /home/varun/miniconda3/envs/python38/lib/python3.8/site-packages/airflow/example_dags/example_latest_only_with_trigger.py for tasks to queue
[2025-09-03T20:17:10.376+0200] {logging_mixin.py:137} INFO - [2025-09-03T20:17:10.376+0200] {dagbag.py:532} INFO - Filling up the DagBag from /home/varun/miniconda3/envs/python38/lib/python3.8/site-packages/airflow/example_dags/example_latest_only_with_trigger.py
[2025-09-03T20:17:10.388+0200] {processor.py:753} INFO - DAG(s) dict_keys(['latest_only_with_trigger']) retrieved from /home/varun/miniconda3/envs/python38/lib/python3.8/site-packages/airflow/example_dags/example_latest_only_with_trigger.py
[2025-09-03T20:17:10.406+0200] {logging_mixin.py:137} INFO - [2025-09-03T20:17:10.406+0200] {dag.py:2705} INFO - Sync 1 DAGs
[2025-09-03T20:17:10.423+0200] {logging_mixin.py:137} INFO - [2025-09-03T20:17:10.423+0200] {dag.py:3452} INFO - Setting next_dagrun for latest_only_with_trigger to 2025-09-03T14:17:10.422854+00:00, run_after=2025-09-03T18:17:10.422854+00:00
[2025-09-03T20:17:10.442+0200] {processor.py:175} INFO - Processing /home/varun/miniconda3/envs/python38/lib/python3.8/site-packages/airflow/example_dags/example_latest_only_with_trigger.py took 0.072 seconds
[2025-09-03T20:17:55.674+0200] {processor.py:153} INFO - Started process (PID=4987) to work on /home/varun/miniconda3/envs/python38/lib/python3.8/site-packages/airflow/example_dags/example_latest_only_with_trigger.py
[2025-09-03T20:17:55.675+0200] {processor.py:743} INFO - Processing file /home/varun/miniconda3/envs/python38/lib/python3.8/site-packages/airflow/example_dags/example_latest_only_with_trigger.py for tasks to queue
[2025-09-03T20:17:55.675+0200] {logging_mixin.py:137} INFO - [2025-09-03T20:17:55.675+0200] {dagbag.py:532} INFO - Filling up the DagBag from /home/varun/miniconda3/envs/python38/lib/python3.8/site-packages/airflow/example_dags/example_latest_only_with_trigger.py
[2025-09-03T20:17:55.689+0200] {processor.py:753} INFO - DAG(s) dict_keys(['latest_only_with_trigger']) retrieved from /home/varun/miniconda3/envs/python38/lib/python3.8/site-packages/airflow/example_dags/example_latest_only_with_trigger.py
[2025-09-03T20:17:55.711+0200] {logging_mixin.py:137} INFO - [2025-09-03T20:17:55.710+0200] {dag.py:2705} INFO - Sync 1 DAGs
[2025-09-03T20:17:55.731+0200] {logging_mixin.py:137} INFO - [2025-09-03T20:17:55.731+0200] {dag.py:3452} INFO - Setting next_dagrun for latest_only_with_trigger to 2025-09-03T14:17:55.731275+00:00, run_after=2025-09-03T18:17:55.731275+00:00
[2025-09-03T20:17:55.757+0200] {processor.py:175} INFO - Processing /home/varun/miniconda3/envs/python38/lib/python3.8/site-packages/airflow/example_dags/example_latest_only_with_trigger.py took 0.087 seconds
[2025-09-03T20:18:39.881+0200] {processor.py:153} INFO - Started process (PID=5030) to work on /home/varun/miniconda3/envs/python38/lib/python3.8/site-packages/airflow/example_dags/example_latest_only_with_trigger.py
[2025-09-03T20:18:39.884+0200] {processor.py:743} INFO - Processing file /home/varun/miniconda3/envs/python38/lib/python3.8/site-packages/airflow/example_dags/example_latest_only_with_trigger.py for tasks to queue
[2025-09-03T20:18:39.885+0200] {logging_mixin.py:137} INFO - [2025-09-03T20:18:39.885+0200] {dagbag.py:532} INFO - Filling up the DagBag from /home/varun/miniconda3/envs/python38/lib/python3.8/site-packages/airflow/example_dags/example_latest_only_with_trigger.py
[2025-09-03T20:18:39.897+0200] {processor.py:753} INFO - DAG(s) dict_keys(['latest_only_with_trigger']) retrieved from /home/varun/miniconda3/envs/python38/lib/python3.8/site-packages/airflow/example_dags/example_latest_only_with_trigger.py
[2025-09-03T20:18:39.918+0200] {logging_mixin.py:137} INFO - [2025-09-03T20:18:39.917+0200] {dag.py:2705} INFO - Sync 1 DAGs
[2025-09-03T20:18:39.935+0200] {logging_mixin.py:137} INFO - [2025-09-03T20:18:39.935+0200] {dag.py:3452} INFO - Setting next_dagrun for latest_only_with_trigger to 2025-09-03T14:18:39.935252+00:00, run_after=2025-09-03T18:18:39.935252+00:00
[2025-09-03T20:18:39.962+0200] {processor.py:175} INFO - Processing /home/varun/miniconda3/envs/python38/lib/python3.8/site-packages/airflow/example_dags/example_latest_only_with_trigger.py took 0.083 seconds
[2025-09-03T20:19:32.611+0200] {processor.py:153} INFO - Started process (PID=5072) to work on /home/varun/miniconda3/envs/python38/lib/python3.8/site-packages/airflow/example_dags/example_latest_only_with_trigger.py
[2025-09-03T20:19:32.613+0200] {processor.py:743} INFO - Processing file /home/varun/miniconda3/envs/python38/lib/python3.8/site-packages/airflow/example_dags/example_latest_only_with_trigger.py for tasks to queue
[2025-09-03T20:19:32.613+0200] {logging_mixin.py:137} INFO - [2025-09-03T20:19:32.613+0200] {dagbag.py:532} INFO - Filling up the DagBag from /home/varun/miniconda3/envs/python38/lib/python3.8/site-packages/airflow/example_dags/example_latest_only_with_trigger.py
[2025-09-03T20:19:32.626+0200] {processor.py:753} INFO - DAG(s) dict_keys(['latest_only_with_trigger']) retrieved from /home/varun/miniconda3/envs/python38/lib/python3.8/site-packages/airflow/example_dags/example_latest_only_with_trigger.py
[2025-09-03T20:19:32.647+0200] {logging_mixin.py:137} INFO - [2025-09-03T20:19:32.646+0200] {dag.py:2705} INFO - Sync 1 DAGs
[2025-09-03T20:19:32.670+0200] {logging_mixin.py:137} INFO - [2025-09-03T20:19:32.669+0200] {dag.py:3452} INFO - Setting next_dagrun for latest_only_with_trigger to 2025-09-03T14:19:32.669155+00:00, run_after=2025-09-03T18:19:32.669155+00:00
[2025-09-03T20:19:32.803+0200] {processor.py:175} INFO - Processing /home/varun/miniconda3/envs/python38/lib/python3.8/site-packages/airflow/example_dags/example_latest_only_with_trigger.py took 0.194 seconds
[2025-09-03T20:20:21.808+0200] {processor.py:153} INFO - Started process (PID=5114) to work on /home/varun/miniconda3/envs/python38/lib/python3.8/site-packages/airflow/example_dags/example_latest_only_with_trigger.py
[2025-09-03T20:20:21.810+0200] {processor.py:743} INFO - Processing file /home/varun/miniconda3/envs/python38/lib/python3.8/site-packages/airflow/example_dags/example_latest_only_with_trigger.py for tasks to queue
[2025-09-03T20:20:21.811+0200] {logging_mixin.py:137} INFO - [2025-09-03T20:20:21.811+0200] {dagbag.py:532} INFO - Filling up the DagBag from /home/varun/miniconda3/envs/python38/lib/python3.8/site-packages/airflow/example_dags/example_latest_only_with_trigger.py
[2025-09-03T20:20:21.824+0200] {processor.py:753} INFO - DAG(s) dict_keys(['latest_only_with_trigger']) retrieved from /home/varun/miniconda3/envs/python38/lib/python3.8/site-packages/airflow/example_dags/example_latest_only_with_trigger.py
[2025-09-03T20:20:21.842+0200] {logging_mixin.py:137} INFO - [2025-09-03T20:20:21.842+0200] {dag.py:2705} INFO - Sync 1 DAGs
[2025-09-03T20:20:21.950+0200] {logging_mixin.py:137} INFO - [2025-09-03T20:20:21.949+0200] {dag.py:3452} INFO - Setting next_dagrun for latest_only_with_trigger to 2025-09-03T14:20:21.949730+00:00, run_after=2025-09-03T18:20:21.949730+00:00
[2025-09-03T20:20:21.971+0200] {processor.py:175} INFO - Processing /home/varun/miniconda3/envs/python38/lib/python3.8/site-packages/airflow/example_dags/example_latest_only_with_trigger.py took 0.166 seconds
[2025-09-03T20:21:12.667+0200] {processor.py:153} INFO - Started process (PID=5156) to work on /home/varun/miniconda3/envs/python38/lib/python3.8/site-packages/airflow/example_dags/example_latest_only_with_trigger.py
[2025-09-03T20:21:12.668+0200] {processor.py:743} INFO - Processing file /home/varun/miniconda3/envs/python38/lib/python3.8/site-packages/airflow/example_dags/example_latest_only_with_trigger.py for tasks to queue
[2025-09-03T20:21:12.669+0200] {logging_mixin.py:137} INFO - [2025-09-03T20:21:12.669+0200] {dagbag.py:532} INFO - Filling up the DagBag from /home/varun/miniconda3/envs/python38/lib/python3.8/site-packages/airflow/example_dags/example_latest_only_with_trigger.py
[2025-09-03T20:21:12.682+0200] {processor.py:753} INFO - DAG(s) dict_keys(['latest_only_with_trigger']) retrieved from /home/varun/miniconda3/envs/python38/lib/python3.8/site-packages/airflow/example_dags/example_latest_only_with_trigger.py
[2025-09-03T20:21:12.800+0200] {logging_mixin.py:137} INFO - [2025-09-03T20:21:12.800+0200] {dag.py:2705} INFO - Sync 1 DAGs
[2025-09-03T20:21:12.814+0200] {logging_mixin.py:137} INFO - [2025-09-03T20:21:12.814+0200] {dag.py:3452} INFO - Setting next_dagrun for latest_only_with_trigger to 2025-09-03T14:21:12.814031+00:00, run_after=2025-09-03T18:21:12.814031+00:00
[2025-09-03T20:21:12.833+0200] {processor.py:175} INFO - Processing /home/varun/miniconda3/envs/python38/lib/python3.8/site-packages/airflow/example_dags/example_latest_only_with_trigger.py took 0.170 seconds
[2025-09-03T20:22:05.250+0200] {processor.py:153} INFO - Started process (PID=5198) to work on /home/varun/miniconda3/envs/python38/lib/python3.8/site-packages/airflow/example_dags/example_latest_only_with_trigger.py
[2025-09-03T20:22:05.251+0200] {processor.py:743} INFO - Processing file /home/varun/miniconda3/envs/python38/lib/python3.8/site-packages/airflow/example_dags/example_latest_only_with_trigger.py for tasks to queue
[2025-09-03T20:22:05.252+0200] {logging_mixin.py:137} INFO - [2025-09-03T20:22:05.252+0200] {dagbag.py:532} INFO - Filling up the DagBag from /home/varun/miniconda3/envs/python38/lib/python3.8/site-packages/airflow/example_dags/example_latest_only_with_trigger.py
[2025-09-03T20:22:05.264+0200] {processor.py:753} INFO - DAG(s) dict_keys(['latest_only_with_trigger']) retrieved from /home/varun/miniconda3/envs/python38/lib/python3.8/site-packages/airflow/example_dags/example_latest_only_with_trigger.py
[2025-09-03T20:22:05.365+0200] {logging_mixin.py:137} INFO - [2025-09-03T20:22:05.364+0200] {dag.py:2705} INFO - Sync 1 DAGs
[2025-09-03T20:22:05.378+0200] {logging_mixin.py:137} INFO - [2025-09-03T20:22:05.377+0200] {dag.py:3452} INFO - Setting next_dagrun for latest_only_with_trigger to 2025-09-03T14:22:05.377755+00:00, run_after=2025-09-03T18:22:05.377755+00:00
[2025-09-03T20:22:05.399+0200] {processor.py:175} INFO - Processing /home/varun/miniconda3/envs/python38/lib/python3.8/site-packages/airflow/example_dags/example_latest_only_with_trigger.py took 0.152 seconds
[2025-09-03T20:22:55.400+0200] {processor.py:153} INFO - Started process (PID=5240) to work on /home/varun/miniconda3/envs/python38/lib/python3.8/site-packages/airflow/example_dags/example_latest_only_with_trigger.py
[2025-09-03T20:22:55.402+0200] {processor.py:743} INFO - Processing file /home/varun/miniconda3/envs/python38/lib/python3.8/site-packages/airflow/example_dags/example_latest_only_with_trigger.py for tasks to queue
[2025-09-03T20:22:55.403+0200] {logging_mixin.py:137} INFO - [2025-09-03T20:22:55.402+0200] {dagbag.py:532} INFO - Filling up the DagBag from /home/varun/miniconda3/envs/python38/lib/python3.8/site-packages/airflow/example_dags/example_latest_only_with_trigger.py
[2025-09-03T20:22:55.524+0200] {processor.py:753} INFO - DAG(s) dict_keys(['latest_only_with_trigger']) retrieved from /home/varun/miniconda3/envs/python38/lib/python3.8/site-packages/airflow/example_dags/example_latest_only_with_trigger.py
[2025-09-03T20:22:55.538+0200] {logging_mixin.py:137} INFO - [2025-09-03T20:22:55.537+0200] {dag.py:2705} INFO - Sync 1 DAGs
[2025-09-03T20:22:55.552+0200] {logging_mixin.py:137} INFO - [2025-09-03T20:22:55.552+0200] {dag.py:3452} INFO - Setting next_dagrun for latest_only_with_trigger to 2025-09-03T14:22:55.552428+00:00, run_after=2025-09-03T18:22:55.552428+00:00
[2025-09-03T20:22:55.574+0200] {processor.py:175} INFO - Processing /home/varun/miniconda3/envs/python38/lib/python3.8/site-packages/airflow/example_dags/example_latest_only_with_trigger.py took 0.178 seconds
[2025-09-03T20:23:45.511+0200] {processor.py:153} INFO - Started process (PID=5283) to work on /home/varun/miniconda3/envs/python38/lib/python3.8/site-packages/airflow/example_dags/example_latest_only_with_trigger.py
[2025-09-03T20:23:45.516+0200] {processor.py:743} INFO - Processing file /home/varun/miniconda3/envs/python38/lib/python3.8/site-packages/airflow/example_dags/example_latest_only_with_trigger.py for tasks to queue
[2025-09-03T20:23:45.516+0200] {logging_mixin.py:137} INFO - [2025-09-03T20:23:45.516+0200] {dagbag.py:532} INFO - Filling up the DagBag from /home/varun/miniconda3/envs/python38/lib/python3.8/site-packages/airflow/example_dags/example_latest_only_with_trigger.py
[2025-09-03T20:23:45.528+0200] {processor.py:753} INFO - DAG(s) dict_keys(['latest_only_with_trigger']) retrieved from /home/varun/miniconda3/envs/python38/lib/python3.8/site-packages/airflow/example_dags/example_latest_only_with_trigger.py
[2025-09-03T20:23:45.549+0200] {logging_mixin.py:137} INFO - [2025-09-03T20:23:45.549+0200] {dag.py:2705} INFO - Sync 1 DAGs
[2025-09-03T20:23:45.569+0200] {logging_mixin.py:137} INFO - [2025-09-03T20:23:45.569+0200] {dag.py:3452} INFO - Setting next_dagrun for latest_only_with_trigger to 2025-09-03T14:23:45.568809+00:00, run_after=2025-09-03T18:23:45.568809+00:00
[2025-09-03T20:23:45.593+0200] {processor.py:175} INFO - Processing /home/varun/miniconda3/envs/python38/lib/python3.8/site-packages/airflow/example_dags/example_latest_only_with_trigger.py took 0.085 seconds
[2025-09-03T20:24:31.729+0200] {processor.py:153} INFO - Started process (PID=5325) to work on /home/varun/miniconda3/envs/python38/lib/python3.8/site-packages/airflow/example_dags/example_latest_only_with_trigger.py
[2025-09-03T20:24:31.731+0200] {processor.py:743} INFO - Processing file /home/varun/miniconda3/envs/python38/lib/python3.8/site-packages/airflow/example_dags/example_latest_only_with_trigger.py for tasks to queue
[2025-09-03T20:24:31.732+0200] {logging_mixin.py:137} INFO - [2025-09-03T20:24:31.732+0200] {dagbag.py:532} INFO - Filling up the DagBag from /home/varun/miniconda3/envs/python38/lib/python3.8/site-packages/airflow/example_dags/example_latest_only_with_trigger.py
[2025-09-03T20:24:31.753+0200] {processor.py:753} INFO - DAG(s) dict_keys(['latest_only_with_trigger']) retrieved from /home/varun/miniconda3/envs/python38/lib/python3.8/site-packages/airflow/example_dags/example_latest_only_with_trigger.py
[2025-09-03T20:24:31.792+0200] {logging_mixin.py:137} INFO - [2025-09-03T20:24:31.792+0200] {dag.py:2705} INFO - Sync 1 DAGs
[2025-09-03T20:24:31.825+0200] {logging_mixin.py:137} INFO - [2025-09-03T20:24:31.824+0200] {dag.py:3452} INFO - Setting next_dagrun for latest_only_with_trigger to 2025-09-03T14:24:31.824629+00:00, run_after=2025-09-03T18:24:31.824629+00:00
[2025-09-03T20:24:31.861+0200] {processor.py:175} INFO - Processing /home/varun/miniconda3/envs/python38/lib/python3.8/site-packages/airflow/example_dags/example_latest_only_with_trigger.py took 0.137 seconds
[2025-09-03T20:25:16.184+0200] {processor.py:153} INFO - Started process (PID=5367) to work on /home/varun/miniconda3/envs/python38/lib/python3.8/site-packages/airflow/example_dags/example_latest_only_with_trigger.py
[2025-09-03T20:25:16.185+0200] {processor.py:743} INFO - Processing file /home/varun/miniconda3/envs/python38/lib/python3.8/site-packages/airflow/example_dags/example_latest_only_with_trigger.py for tasks to queue
[2025-09-03T20:25:16.186+0200] {logging_mixin.py:137} INFO - [2025-09-03T20:25:16.186+0200] {dagbag.py:532} INFO - Filling up the DagBag from /home/varun/miniconda3/envs/python38/lib/python3.8/site-packages/airflow/example_dags/example_latest_only_with_trigger.py
[2025-09-03T20:25:16.200+0200] {processor.py:753} INFO - DAG(s) dict_keys(['latest_only_with_trigger']) retrieved from /home/varun/miniconda3/envs/python38/lib/python3.8/site-packages/airflow/example_dags/example_latest_only_with_trigger.py
[2025-09-03T20:25:16.221+0200] {logging_mixin.py:137} INFO - [2025-09-03T20:25:16.221+0200] {dag.py:2705} INFO - Sync 1 DAGs
[2025-09-03T20:25:16.240+0200] {logging_mixin.py:137} INFO - [2025-09-03T20:25:16.240+0200] {dag.py:3452} INFO - Setting next_dagrun for latest_only_with_trigger to 2025-09-03T14:25:16.240232+00:00, run_after=2025-09-03T18:25:16.240232+00:00
[2025-09-03T20:25:16.265+0200] {processor.py:175} INFO - Processing /home/varun/miniconda3/envs/python38/lib/python3.8/site-packages/airflow/example_dags/example_latest_only_with_trigger.py took 0.084 seconds
[2025-09-03T20:25:58.758+0200] {processor.py:153} INFO - Started process (PID=5409) to work on /home/varun/miniconda3/envs/python38/lib/python3.8/site-packages/airflow/example_dags/example_latest_only_with_trigger.py
[2025-09-03T20:25:58.760+0200] {processor.py:743} INFO - Processing file /home/varun/miniconda3/envs/python38/lib/python3.8/site-packages/airflow/example_dags/example_latest_only_with_trigger.py for tasks to queue
[2025-09-03T20:25:58.761+0200] {logging_mixin.py:137} INFO - [2025-09-03T20:25:58.761+0200] {dagbag.py:532} INFO - Filling up the DagBag from /home/varun/miniconda3/envs/python38/lib/python3.8/site-packages/airflow/example_dags/example_latest_only_with_trigger.py
[2025-09-03T20:25:58.775+0200] {processor.py:753} INFO - DAG(s) dict_keys(['latest_only_with_trigger']) retrieved from /home/varun/miniconda3/envs/python38/lib/python3.8/site-packages/airflow/example_dags/example_latest_only_with_trigger.py
[2025-09-03T20:25:58.796+0200] {logging_mixin.py:137} INFO - [2025-09-03T20:25:58.796+0200] {dag.py:2705} INFO - Sync 1 DAGs
[2025-09-03T20:25:58.817+0200] {logging_mixin.py:137} INFO - [2025-09-03T20:25:58.817+0200] {dag.py:3452} INFO - Setting next_dagrun for latest_only_with_trigger to 2025-09-03T14:25:58.816866+00:00, run_after=2025-09-03T18:25:58.816866+00:00
[2025-09-03T20:25:58.839+0200] {processor.py:175} INFO - Processing /home/varun/miniconda3/envs/python38/lib/python3.8/site-packages/airflow/example_dags/example_latest_only_with_trigger.py took 0.084 seconds
[2025-09-03T20:26:48.788+0200] {processor.py:153} INFO - Started process (PID=5451) to work on /home/varun/miniconda3/envs/python38/lib/python3.8/site-packages/airflow/example_dags/example_latest_only_with_trigger.py
[2025-09-03T20:26:48.790+0200] {processor.py:743} INFO - Processing file /home/varun/miniconda3/envs/python38/lib/python3.8/site-packages/airflow/example_dags/example_latest_only_with_trigger.py for tasks to queue
[2025-09-03T20:26:48.791+0200] {logging_mixin.py:137} INFO - [2025-09-03T20:26:48.791+0200] {dagbag.py:532} INFO - Filling up the DagBag from /home/varun/miniconda3/envs/python38/lib/python3.8/site-packages/airflow/example_dags/example_latest_only_with_trigger.py
[2025-09-03T20:26:48.805+0200] {processor.py:753} INFO - DAG(s) dict_keys(['latest_only_with_trigger']) retrieved from /home/varun/miniconda3/envs/python38/lib/python3.8/site-packages/airflow/example_dags/example_latest_only_with_trigger.py
[2025-09-03T20:26:48.826+0200] {logging_mixin.py:137} INFO - [2025-09-03T20:26:48.826+0200] {dag.py:2705} INFO - Sync 1 DAGs
[2025-09-03T20:26:48.853+0200] {logging_mixin.py:137} INFO - [2025-09-03T20:26:48.852+0200] {dag.py:3452} INFO - Setting next_dagrun for latest_only_with_trigger to 2025-09-03T14:26:48.852436+00:00, run_after=2025-09-03T18:26:48.852436+00:00
[2025-09-03T20:26:48.882+0200] {processor.py:175} INFO - Processing /home/varun/miniconda3/envs/python38/lib/python3.8/site-packages/airflow/example_dags/example_latest_only_with_trigger.py took 0.098 seconds
[2025-09-03T20:27:34.841+0200] {processor.py:153} INFO - Started process (PID=5493) to work on /home/varun/miniconda3/envs/python38/lib/python3.8/site-packages/airflow/example_dags/example_latest_only_with_trigger.py
[2025-09-03T20:27:34.842+0200] {processor.py:743} INFO - Processing file /home/varun/miniconda3/envs/python38/lib/python3.8/site-packages/airflow/example_dags/example_latest_only_with_trigger.py for tasks to queue
[2025-09-03T20:27:34.843+0200] {logging_mixin.py:137} INFO - [2025-09-03T20:27:34.843+0200] {dagbag.py:532} INFO - Filling up the DagBag from /home/varun/miniconda3/envs/python38/lib/python3.8/site-packages/airflow/example_dags/example_latest_only_with_trigger.py
[2025-09-03T20:27:34.856+0200] {processor.py:753} INFO - DAG(s) dict_keys(['latest_only_with_trigger']) retrieved from /home/varun/miniconda3/envs/python38/lib/python3.8/site-packages/airflow/example_dags/example_latest_only_with_trigger.py
[2025-09-03T20:27:34.874+0200] {logging_mixin.py:137} INFO - [2025-09-03T20:27:34.874+0200] {dag.py:2705} INFO - Sync 1 DAGs
[2025-09-03T20:27:34.890+0200] {logging_mixin.py:137} INFO - [2025-09-03T20:27:34.890+0200] {dag.py:3452} INFO - Setting next_dagrun for latest_only_with_trigger to 2025-09-03T14:27:34.890069+00:00, run_after=2025-09-03T18:27:34.890069+00:00
[2025-09-03T20:27:34.911+0200] {processor.py:175} INFO - Processing /home/varun/miniconda3/envs/python38/lib/python3.8/site-packages/airflow/example_dags/example_latest_only_with_trigger.py took 0.073 seconds
[2025-09-03T20:28:20.634+0200] {processor.py:153} INFO - Started process (PID=5535) to work on /home/varun/miniconda3/envs/python38/lib/python3.8/site-packages/airflow/example_dags/example_latest_only_with_trigger.py
[2025-09-03T20:28:20.635+0200] {processor.py:743} INFO - Processing file /home/varun/miniconda3/envs/python38/lib/python3.8/site-packages/airflow/example_dags/example_latest_only_with_trigger.py for tasks to queue
[2025-09-03T20:28:20.636+0200] {logging_mixin.py:137} INFO - [2025-09-03T20:28:20.636+0200] {dagbag.py:532} INFO - Filling up the DagBag from /home/varun/miniconda3/envs/python38/lib/python3.8/site-packages/airflow/example_dags/example_latest_only_with_trigger.py
[2025-09-03T20:28:20.655+0200] {processor.py:753} INFO - DAG(s) dict_keys(['latest_only_with_trigger']) retrieved from /home/varun/miniconda3/envs/python38/lib/python3.8/site-packages/airflow/example_dags/example_latest_only_with_trigger.py
[2025-09-03T20:28:20.678+0200] {logging_mixin.py:137} INFO - [2025-09-03T20:28:20.678+0200] {dag.py:2705} INFO - Sync 1 DAGs
[2025-09-03T20:28:20.698+0200] {logging_mixin.py:137} INFO - [2025-09-03T20:28:20.698+0200] {dag.py:3452} INFO - Setting next_dagrun for latest_only_with_trigger to 2025-09-03T14:28:20.698104+00:00, run_after=2025-09-03T18:28:20.698104+00:00
[2025-09-03T20:28:20.724+0200] {processor.py:175} INFO - Processing /home/varun/miniconda3/envs/python38/lib/python3.8/site-packages/airflow/example_dags/example_latest_only_with_trigger.py took 0.095 seconds
[2025-09-03T20:29:11.050+0200] {processor.py:153} INFO - Started process (PID=5577) to work on /home/varun/miniconda3/envs/python38/lib/python3.8/site-packages/airflow/example_dags/example_latest_only_with_trigger.py
[2025-09-03T20:29:11.052+0200] {processor.py:743} INFO - Processing file /home/varun/miniconda3/envs/python38/lib/python3.8/site-packages/airflow/example_dags/example_latest_only_with_trigger.py for tasks to queue
[2025-09-03T20:29:11.053+0200] {logging_mixin.py:137} INFO - [2025-09-03T20:29:11.053+0200] {dagbag.py:532} INFO - Filling up the DagBag from /home/varun/miniconda3/envs/python38/lib/python3.8/site-packages/airflow/example_dags/example_latest_only_with_trigger.py
[2025-09-03T20:29:11.065+0200] {processor.py:753} INFO - DAG(s) dict_keys(['latest_only_with_trigger']) retrieved from /home/varun/miniconda3/envs/python38/lib/python3.8/site-packages/airflow/example_dags/example_latest_only_with_trigger.py
[2025-09-03T20:29:11.086+0200] {logging_mixin.py:137} INFO - [2025-09-03T20:29:11.086+0200] {dag.py:2705} INFO - Sync 1 DAGs
[2025-09-03T20:29:11.103+0200] {logging_mixin.py:137} INFO - [2025-09-03T20:29:11.103+0200] {dag.py:3452} INFO - Setting next_dagrun for latest_only_with_trigger to 2025-09-03T14:29:11.103424+00:00, run_after=2025-09-03T18:29:11.103424+00:00
[2025-09-03T20:29:11.125+0200] {processor.py:175} INFO - Processing /home/varun/miniconda3/envs/python38/lib/python3.8/site-packages/airflow/example_dags/example_latest_only_with_trigger.py took 0.078 seconds
[2025-09-03T20:29:56.296+0200] {processor.py:153} INFO - Started process (PID=5620) to work on /home/varun/miniconda3/envs/python38/lib/python3.8/site-packages/airflow/example_dags/example_latest_only_with_trigger.py
[2025-09-03T20:29:56.297+0200] {processor.py:743} INFO - Processing file /home/varun/miniconda3/envs/python38/lib/python3.8/site-packages/airflow/example_dags/example_latest_only_with_trigger.py for tasks to queue
[2025-09-03T20:29:56.298+0200] {logging_mixin.py:137} INFO - [2025-09-03T20:29:56.297+0200] {dagbag.py:532} INFO - Filling up the DagBag from /home/varun/miniconda3/envs/python38/lib/python3.8/site-packages/airflow/example_dags/example_latest_only_with_trigger.py
[2025-09-03T20:29:56.311+0200] {processor.py:753} INFO - DAG(s) dict_keys(['latest_only_with_trigger']) retrieved from /home/varun/miniconda3/envs/python38/lib/python3.8/site-packages/airflow/example_dags/example_latest_only_with_trigger.py
[2025-09-03T20:29:56.328+0200] {logging_mixin.py:137} INFO - [2025-09-03T20:29:56.327+0200] {dag.py:2705} INFO - Sync 1 DAGs
[2025-09-03T20:29:56.342+0200] {logging_mixin.py:137} INFO - [2025-09-03T20:29:56.342+0200] {dag.py:3452} INFO - Setting next_dagrun for latest_only_with_trigger to 2025-09-03T14:29:56.342449+00:00, run_after=2025-09-03T18:29:56.342449+00:00
[2025-09-03T20:29:56.362+0200] {processor.py:175} INFO - Processing /home/varun/miniconda3/envs/python38/lib/python3.8/site-packages/airflow/example_dags/example_latest_only_with_trigger.py took 0.070 seconds
[2025-09-03T20:30:41.164+0200] {processor.py:153} INFO - Started process (PID=5662) to work on /home/varun/miniconda3/envs/python38/lib/python3.8/site-packages/airflow/example_dags/example_latest_only_with_trigger.py
[2025-09-03T20:30:41.166+0200] {processor.py:743} INFO - Processing file /home/varun/miniconda3/envs/python38/lib/python3.8/site-packages/airflow/example_dags/example_latest_only_with_trigger.py for tasks to queue
[2025-09-03T20:30:41.167+0200] {logging_mixin.py:137} INFO - [2025-09-03T20:30:41.167+0200] {dagbag.py:532} INFO - Filling up the DagBag from /home/varun/miniconda3/envs/python38/lib/python3.8/site-packages/airflow/example_dags/example_latest_only_with_trigger.py
[2025-09-03T20:30:41.182+0200] {processor.py:753} INFO - DAG(s) dict_keys(['latest_only_with_trigger']) retrieved from /home/varun/miniconda3/envs/python38/lib/python3.8/site-packages/airflow/example_dags/example_latest_only_with_trigger.py
[2025-09-03T20:30:41.203+0200] {logging_mixin.py:137} INFO - [2025-09-03T20:30:41.203+0200] {dag.py:2705} INFO - Sync 1 DAGs
[2025-09-03T20:30:41.222+0200] {logging_mixin.py:137} INFO - [2025-09-03T20:30:41.221+0200] {dag.py:3452} INFO - Setting next_dagrun for latest_only_with_trigger to 2025-09-03T14:30:41.221695+00:00, run_after=2025-09-03T18:30:41.221695+00:00
[2025-09-03T20:30:41.245+0200] {processor.py:175} INFO - Processing /home/varun/miniconda3/envs/python38/lib/python3.8/site-packages/airflow/example_dags/example_latest_only_with_trigger.py took 0.085 seconds
[2025-09-03T20:31:28.446+0200] {processor.py:153} INFO - Started process (PID=5704) to work on /home/varun/miniconda3/envs/python38/lib/python3.8/site-packages/airflow/example_dags/example_latest_only_with_trigger.py
[2025-09-03T20:31:28.448+0200] {processor.py:743} INFO - Processing file /home/varun/miniconda3/envs/python38/lib/python3.8/site-packages/airflow/example_dags/example_latest_only_with_trigger.py for tasks to queue
[2025-09-03T20:31:28.449+0200] {logging_mixin.py:137} INFO - [2025-09-03T20:31:28.449+0200] {dagbag.py:532} INFO - Filling up the DagBag from /home/varun/miniconda3/envs/python38/lib/python3.8/site-packages/airflow/example_dags/example_latest_only_with_trigger.py
[2025-09-03T20:31:28.463+0200] {processor.py:753} INFO - DAG(s) dict_keys(['latest_only_with_trigger']) retrieved from /home/varun/miniconda3/envs/python38/lib/python3.8/site-packages/airflow/example_dags/example_latest_only_with_trigger.py
[2025-09-03T20:31:28.483+0200] {logging_mixin.py:137} INFO - [2025-09-03T20:31:28.483+0200] {dag.py:2705} INFO - Sync 1 DAGs
[2025-09-03T20:31:28.502+0200] {logging_mixin.py:137} INFO - [2025-09-03T20:31:28.502+0200] {dag.py:3452} INFO - Setting next_dagrun for latest_only_with_trigger to 2025-09-03T14:31:28.502514+00:00, run_after=2025-09-03T18:31:28.502514+00:00
[2025-09-03T20:31:28.527+0200] {processor.py:175} INFO - Processing /home/varun/miniconda3/envs/python38/lib/python3.8/site-packages/airflow/example_dags/example_latest_only_with_trigger.py took 0.084 seconds
[2025-09-03T20:32:13.503+0200] {processor.py:153} INFO - Started process (PID=5746) to work on /home/varun/miniconda3/envs/python38/lib/python3.8/site-packages/airflow/example_dags/example_latest_only_with_trigger.py
[2025-09-03T20:32:13.505+0200] {processor.py:743} INFO - Processing file /home/varun/miniconda3/envs/python38/lib/python3.8/site-packages/airflow/example_dags/example_latest_only_with_trigger.py for tasks to queue
[2025-09-03T20:32:13.506+0200] {logging_mixin.py:137} INFO - [2025-09-03T20:32:13.506+0200] {dagbag.py:532} INFO - Filling up the DagBag from /home/varun/miniconda3/envs/python38/lib/python3.8/site-packages/airflow/example_dags/example_latest_only_with_trigger.py
[2025-09-03T20:32:13.522+0200] {processor.py:753} INFO - DAG(s) dict_keys(['latest_only_with_trigger']) retrieved from /home/varun/miniconda3/envs/python38/lib/python3.8/site-packages/airflow/example_dags/example_latest_only_with_trigger.py
[2025-09-03T20:32:13.545+0200] {logging_mixin.py:137} INFO - [2025-09-03T20:32:13.545+0200] {dag.py:2705} INFO - Sync 1 DAGs
[2025-09-03T20:32:13.566+0200] {logging_mixin.py:137} INFO - [2025-09-03T20:32:13.566+0200] {dag.py:3452} INFO - Setting next_dagrun for latest_only_with_trigger to 2025-09-03T14:32:13.565883+00:00, run_after=2025-09-03T18:32:13.565883+00:00
[2025-09-03T20:32:13.591+0200] {processor.py:175} INFO - Processing /home/varun/miniconda3/envs/python38/lib/python3.8/site-packages/airflow/example_dags/example_latest_only_with_trigger.py took 0.092 seconds
[2025-09-03T20:32:58.723+0200] {processor.py:153} INFO - Started process (PID=5788) to work on /home/varun/miniconda3/envs/python38/lib/python3.8/site-packages/airflow/example_dags/example_latest_only_with_trigger.py
[2025-09-03T20:32:58.724+0200] {processor.py:743} INFO - Processing file /home/varun/miniconda3/envs/python38/lib/python3.8/site-packages/airflow/example_dags/example_latest_only_with_trigger.py for tasks to queue
[2025-09-03T20:32:58.725+0200] {logging_mixin.py:137} INFO - [2025-09-03T20:32:58.725+0200] {dagbag.py:532} INFO - Filling up the DagBag from /home/varun/miniconda3/envs/python38/lib/python3.8/site-packages/airflow/example_dags/example_latest_only_with_trigger.py
[2025-09-03T20:32:58.737+0200] {processor.py:753} INFO - DAG(s) dict_keys(['latest_only_with_trigger']) retrieved from /home/varun/miniconda3/envs/python38/lib/python3.8/site-packages/airflow/example_dags/example_latest_only_with_trigger.py
[2025-09-03T20:32:58.754+0200] {logging_mixin.py:137} INFO - [2025-09-03T20:32:58.753+0200] {dag.py:2705} INFO - Sync 1 DAGs
[2025-09-03T20:32:58.768+0200] {logging_mixin.py:137} INFO - [2025-09-03T20:32:58.768+0200] {dag.py:3452} INFO - Setting next_dagrun for latest_only_with_trigger to 2025-09-03T14:32:58.768298+00:00, run_after=2025-09-03T18:32:58.768298+00:00
[2025-09-03T20:32:58.790+0200] {processor.py:175} INFO - Processing /home/varun/miniconda3/envs/python38/lib/python3.8/site-packages/airflow/example_dags/example_latest_only_with_trigger.py took 0.070 seconds
[2025-09-03T20:33:45.082+0200] {processor.py:153} INFO - Started process (PID=5830) to work on /home/varun/miniconda3/envs/python38/lib/python3.8/site-packages/airflow/example_dags/example_latest_only_with_trigger.py
[2025-09-03T20:33:45.084+0200] {processor.py:743} INFO - Processing file /home/varun/miniconda3/envs/python38/lib/python3.8/site-packages/airflow/example_dags/example_latest_only_with_trigger.py for tasks to queue
[2025-09-03T20:33:45.085+0200] {logging_mixin.py:137} INFO - [2025-09-03T20:33:45.085+0200] {dagbag.py:532} INFO - Filling up the DagBag from /home/varun/miniconda3/envs/python38/lib/python3.8/site-packages/airflow/example_dags/example_latest_only_with_trigger.py
[2025-09-03T20:33:45.101+0200] {processor.py:753} INFO - DAG(s) dict_keys(['latest_only_with_trigger']) retrieved from /home/varun/miniconda3/envs/python38/lib/python3.8/site-packages/airflow/example_dags/example_latest_only_with_trigger.py
[2025-09-03T20:33:45.124+0200] {logging_mixin.py:137} INFO - [2025-09-03T20:33:45.123+0200] {dag.py:2705} INFO - Sync 1 DAGs
[2025-09-03T20:33:45.144+0200] {logging_mixin.py:137} INFO - [2025-09-03T20:33:45.144+0200] {dag.py:3452} INFO - Setting next_dagrun for latest_only_with_trigger to 2025-09-03T14:33:45.143849+00:00, run_after=2025-09-03T18:33:45.143849+00:00
[2025-09-03T20:33:45.168+0200] {processor.py:175} INFO - Processing /home/varun/miniconda3/envs/python38/lib/python3.8/site-packages/airflow/example_dags/example_latest_only_with_trigger.py took 0.091 seconds
[2025-09-03T20:34:32.945+0200] {processor.py:153} INFO - Started process (PID=5872) to work on /home/varun/miniconda3/envs/python38/lib/python3.8/site-packages/airflow/example_dags/example_latest_only_with_trigger.py
[2025-09-03T20:34:32.947+0200] {processor.py:743} INFO - Processing file /home/varun/miniconda3/envs/python38/lib/python3.8/site-packages/airflow/example_dags/example_latest_only_with_trigger.py for tasks to queue
[2025-09-03T20:34:32.947+0200] {logging_mixin.py:137} INFO - [2025-09-03T20:34:32.947+0200] {dagbag.py:532} INFO - Filling up the DagBag from /home/varun/miniconda3/envs/python38/lib/python3.8/site-packages/airflow/example_dags/example_latest_only_with_trigger.py
[2025-09-03T20:34:32.963+0200] {processor.py:753} INFO - DAG(s) dict_keys(['latest_only_with_trigger']) retrieved from /home/varun/miniconda3/envs/python38/lib/python3.8/site-packages/airflow/example_dags/example_latest_only_with_trigger.py
[2025-09-03T20:34:32.981+0200] {logging_mixin.py:137} INFO - [2025-09-03T20:34:32.981+0200] {dag.py:2705} INFO - Sync 1 DAGs
[2025-09-03T20:34:32.998+0200] {logging_mixin.py:137} INFO - [2025-09-03T20:34:32.998+0200] {dag.py:3452} INFO - Setting next_dagrun for latest_only_with_trigger to 2025-09-03T14:34:32.998289+00:00, run_after=2025-09-03T18:34:32.998289+00:00
[2025-09-03T20:34:33.021+0200] {processor.py:175} INFO - Processing /home/varun/miniconda3/envs/python38/lib/python3.8/site-packages/airflow/example_dags/example_latest_only_with_trigger.py took 0.079 seconds
[2025-09-03T20:35:18.197+0200] {processor.py:153} INFO - Started process (PID=5915) to work on /home/varun/miniconda3/envs/python38/lib/python3.8/site-packages/airflow/example_dags/example_latest_only_with_trigger.py
[2025-09-03T20:35:18.199+0200] {processor.py:743} INFO - Processing file /home/varun/miniconda3/envs/python38/lib/python3.8/site-packages/airflow/example_dags/example_latest_only_with_trigger.py for tasks to queue
[2025-09-03T20:35:18.200+0200] {logging_mixin.py:137} INFO - [2025-09-03T20:35:18.200+0200] {dagbag.py:532} INFO - Filling up the DagBag from /home/varun/miniconda3/envs/python38/lib/python3.8/site-packages/airflow/example_dags/example_latest_only_with_trigger.py
[2025-09-03T20:35:18.215+0200] {processor.py:753} INFO - DAG(s) dict_keys(['latest_only_with_trigger']) retrieved from /home/varun/miniconda3/envs/python38/lib/python3.8/site-packages/airflow/example_dags/example_latest_only_with_trigger.py
[2025-09-03T20:35:18.235+0200] {logging_mixin.py:137} INFO - [2025-09-03T20:35:18.235+0200] {dag.py:2705} INFO - Sync 1 DAGs
[2025-09-03T20:35:18.253+0200] {logging_mixin.py:137} INFO - [2025-09-03T20:35:18.253+0200] {dag.py:3452} INFO - Setting next_dagrun for latest_only_with_trigger to 2025-09-03T14:35:18.252797+00:00, run_after=2025-09-03T18:35:18.252797+00:00
[2025-09-03T20:35:18.276+0200] {processor.py:175} INFO - Processing /home/varun/miniconda3/envs/python38/lib/python3.8/site-packages/airflow/example_dags/example_latest_only_with_trigger.py took 0.082 seconds
[2025-09-03T20:36:02.097+0200] {processor.py:153} INFO - Started process (PID=5957) to work on /home/varun/miniconda3/envs/python38/lib/python3.8/site-packages/airflow/example_dags/example_latest_only_with_trigger.py
[2025-09-03T20:36:02.099+0200] {processor.py:743} INFO - Processing file /home/varun/miniconda3/envs/python38/lib/python3.8/site-packages/airflow/example_dags/example_latest_only_with_trigger.py for tasks to queue
[2025-09-03T20:36:02.099+0200] {logging_mixin.py:137} INFO - [2025-09-03T20:36:02.099+0200] {dagbag.py:532} INFO - Filling up the DagBag from /home/varun/miniconda3/envs/python38/lib/python3.8/site-packages/airflow/example_dags/example_latest_only_with_trigger.py
[2025-09-03T20:36:02.122+0200] {processor.py:753} INFO - DAG(s) dict_keys(['latest_only_with_trigger']) retrieved from /home/varun/miniconda3/envs/python38/lib/python3.8/site-packages/airflow/example_dags/example_latest_only_with_trigger.py
[2025-09-03T20:36:02.148+0200] {logging_mixin.py:137} INFO - [2025-09-03T20:36:02.147+0200] {dag.py:2705} INFO - Sync 1 DAGs
[2025-09-03T20:36:02.171+0200] {logging_mixin.py:137} INFO - [2025-09-03T20:36:02.171+0200] {dag.py:3452} INFO - Setting next_dagrun for latest_only_with_trigger to 2025-09-03T14:36:02.170848+00:00, run_after=2025-09-03T18:36:02.170848+00:00
[2025-09-03T20:36:02.205+0200] {processor.py:175} INFO - Processing /home/varun/miniconda3/envs/python38/lib/python3.8/site-packages/airflow/example_dags/example_latest_only_with_trigger.py took 0.113 seconds
