[2025-09-03T19:42:54.351+0200] {processor.py:153} INFO - Started process (PID=3114) to work on /home/varun/miniconda3/envs/python38/lib/python3.8/site-packages/airflow/example_dags/example_branch_python_dop_operator_3.py
[2025-09-03T19:42:54.352+0200] {processor.py:743} INFO - Processing file /home/varun/miniconda3/envs/python38/lib/python3.8/site-packages/airflow/example_dags/example_branch_python_dop_operator_3.py for tasks to queue
[2025-09-03T19:42:54.352+0200] {logging_mixin.py:137} INFO - [2025-09-03T19:42:54.352+0200] {dagbag.py:532} INFO - Filling up the DagBag from /home/varun/miniconda3/envs/python38/lib/python3.8/site-packages/airflow/example_dags/example_branch_python_dop_operator_3.py
[2025-09-03T19:42:54.376+0200] {processor.py:753} INFO - DAG(s) dict_keys(['example_branch_dop_operator_v3']) retrieved from /home/varun/miniconda3/envs/python38/lib/python3.8/site-packages/airflow/example_dags/example_branch_python_dop_operator_3.py
[2025-09-03T19:42:54.468+0200] {logging_mixin.py:137} INFO - [2025-09-03T19:42:54.468+0200] {manager.py:504} INFO - Created Permission View: can edit on DAG:example_branch_dop_operator_v3
[2025-09-03T19:42:54.480+0200] {logging_mixin.py:137} INFO - [2025-09-03T19:42:54.480+0200] {manager.py:504} INFO - Created Permission View: can delete on DAG:example_branch_dop_operator_v3
[2025-09-03T19:42:54.491+0200] {logging_mixin.py:137} INFO - [2025-09-03T19:42:54.491+0200] {manager.py:504} INFO - Created Permission View: can read on DAG:example_branch_dop_operator_v3
[2025-09-03T19:42:54.491+0200] {logging_mixin.py:137} INFO - [2025-09-03T19:42:54.491+0200] {dag.py:2705} INFO - Sync 1 DAGs
[2025-09-03T19:42:54.500+0200] {logging_mixin.py:137} INFO - [2025-09-03T19:42:54.500+0200] {dag.py:2726} INFO - Creating ORM DAG for example_branch_dop_operator_v3
[2025-09-03T19:42:54.511+0200] {logging_mixin.py:137} INFO - [2025-09-03T19:42:54.511+0200] {dag.py:3452} INFO - Setting next_dagrun for example_branch_dop_operator_v3 to 2025-09-03T17:41:00+00:00, run_after=2025-09-03T17:42:00+00:00
[2025-09-03T19:42:54.532+0200] {processor.py:175} INFO - Processing /home/varun/miniconda3/envs/python38/lib/python3.8/site-packages/airflow/example_dags/example_branch_python_dop_operator_3.py took 0.185 seconds
[2025-09-03T19:43:44.127+0200] {processor.py:153} INFO - Started process (PID=3156) to work on /home/varun/miniconda3/envs/python38/lib/python3.8/site-packages/airflow/example_dags/example_branch_python_dop_operator_3.py
[2025-09-03T19:43:44.129+0200] {processor.py:743} INFO - Processing file /home/varun/miniconda3/envs/python38/lib/python3.8/site-packages/airflow/example_dags/example_branch_python_dop_operator_3.py for tasks to queue
[2025-09-03T19:43:44.130+0200] {logging_mixin.py:137} INFO - [2025-09-03T19:43:44.130+0200] {dagbag.py:532} INFO - Filling up the DagBag from /home/varun/miniconda3/envs/python38/lib/python3.8/site-packages/airflow/example_dags/example_branch_python_dop_operator_3.py
[2025-09-03T19:43:44.177+0200] {processor.py:753} INFO - DAG(s) dict_keys(['example_branch_dop_operator_v3']) retrieved from /home/varun/miniconda3/envs/python38/lib/python3.8/site-packages/airflow/example_dags/example_branch_python_dop_operator_3.py
[2025-09-03T19:43:44.214+0200] {logging_mixin.py:137} INFO - [2025-09-03T19:43:44.213+0200] {dag.py:2705} INFO - Sync 1 DAGs
[2025-09-03T19:43:44.244+0200] {logging_mixin.py:137} INFO - [2025-09-03T19:43:44.244+0200] {dag.py:3452} INFO - Setting next_dagrun for example_branch_dop_operator_v3 to 2025-09-03T17:42:00+00:00, run_after=2025-09-03T17:43:00+00:00
[2025-09-03T19:43:44.277+0200] {processor.py:175} INFO - Processing /home/varun/miniconda3/envs/python38/lib/python3.8/site-packages/airflow/example_dags/example_branch_python_dop_operator_3.py took 0.157 seconds
[2025-09-03T19:44:31.543+0200] {processor.py:153} INFO - Started process (PID=3198) to work on /home/varun/miniconda3/envs/python38/lib/python3.8/site-packages/airflow/example_dags/example_branch_python_dop_operator_3.py
[2025-09-03T19:44:31.545+0200] {processor.py:743} INFO - Processing file /home/varun/miniconda3/envs/python38/lib/python3.8/site-packages/airflow/example_dags/example_branch_python_dop_operator_3.py for tasks to queue
[2025-09-03T19:44:31.546+0200] {logging_mixin.py:137} INFO - [2025-09-03T19:44:31.546+0200] {dagbag.py:532} INFO - Filling up the DagBag from /home/varun/miniconda3/envs/python38/lib/python3.8/site-packages/airflow/example_dags/example_branch_python_dop_operator_3.py
[2025-09-03T19:44:31.577+0200] {processor.py:753} INFO - DAG(s) dict_keys(['example_branch_dop_operator_v3']) retrieved from /home/varun/miniconda3/envs/python38/lib/python3.8/site-packages/airflow/example_dags/example_branch_python_dop_operator_3.py
[2025-09-03T19:44:31.601+0200] {logging_mixin.py:137} INFO - [2025-09-03T19:44:31.601+0200] {dag.py:2705} INFO - Sync 1 DAGs
[2025-09-03T19:44:31.631+0200] {logging_mixin.py:137} INFO - [2025-09-03T19:44:31.631+0200] {dag.py:3452} INFO - Setting next_dagrun for example_branch_dop_operator_v3 to 2025-09-03T17:43:00+00:00, run_after=2025-09-03T17:44:00+00:00
[2025-09-03T19:44:31.659+0200] {processor.py:175} INFO - Processing /home/varun/miniconda3/envs/python38/lib/python3.8/site-packages/airflow/example_dags/example_branch_python_dop_operator_3.py took 0.121 seconds
[2025-09-03T19:45:19.079+0200] {processor.py:153} INFO - Started process (PID=3241) to work on /home/varun/miniconda3/envs/python38/lib/python3.8/site-packages/airflow/example_dags/example_branch_python_dop_operator_3.py
[2025-09-03T19:45:19.080+0200] {processor.py:743} INFO - Processing file /home/varun/miniconda3/envs/python38/lib/python3.8/site-packages/airflow/example_dags/example_branch_python_dop_operator_3.py for tasks to queue
[2025-09-03T19:45:19.081+0200] {logging_mixin.py:137} INFO - [2025-09-03T19:45:19.081+0200] {dagbag.py:532} INFO - Filling up the DagBag from /home/varun/miniconda3/envs/python38/lib/python3.8/site-packages/airflow/example_dags/example_branch_python_dop_operator_3.py
[2025-09-03T19:45:19.102+0200] {processor.py:753} INFO - DAG(s) dict_keys(['example_branch_dop_operator_v3']) retrieved from /home/varun/miniconda3/envs/python38/lib/python3.8/site-packages/airflow/example_dags/example_branch_python_dop_operator_3.py
[2025-09-03T19:45:19.119+0200] {logging_mixin.py:137} INFO - [2025-09-03T19:45:19.119+0200] {dag.py:2705} INFO - Sync 1 DAGs
[2025-09-03T19:45:19.138+0200] {logging_mixin.py:137} INFO - [2025-09-03T19:45:19.138+0200] {dag.py:3452} INFO - Setting next_dagrun for example_branch_dop_operator_v3 to 2025-09-03T17:44:00+00:00, run_after=2025-09-03T17:45:00+00:00
[2025-09-03T19:45:19.161+0200] {processor.py:175} INFO - Processing /home/varun/miniconda3/envs/python38/lib/python3.8/site-packages/airflow/example_dags/example_branch_python_dop_operator_3.py took 0.085 seconds
[2025-09-03T19:46:06.657+0200] {processor.py:153} INFO - Started process (PID=3311) to work on /home/varun/miniconda3/envs/python38/lib/python3.8/site-packages/airflow/example_dags/example_branch_python_dop_operator_3.py
[2025-09-03T19:46:06.658+0200] {processor.py:743} INFO - Processing file /home/varun/miniconda3/envs/python38/lib/python3.8/site-packages/airflow/example_dags/example_branch_python_dop_operator_3.py for tasks to queue
[2025-09-03T19:46:06.659+0200] {logging_mixin.py:137} INFO - [2025-09-03T19:46:06.659+0200] {dagbag.py:532} INFO - Filling up the DagBag from /home/varun/miniconda3/envs/python38/lib/python3.8/site-packages/airflow/example_dags/example_branch_python_dop_operator_3.py
[2025-09-03T19:46:06.681+0200] {processor.py:753} INFO - DAG(s) dict_keys(['example_branch_dop_operator_v3']) retrieved from /home/varun/miniconda3/envs/python38/lib/python3.8/site-packages/airflow/example_dags/example_branch_python_dop_operator_3.py
[2025-09-03T19:46:06.702+0200] {logging_mixin.py:137} INFO - [2025-09-03T19:46:06.701+0200] {dag.py:2705} INFO - Sync 1 DAGs
[2025-09-03T19:46:06.722+0200] {logging_mixin.py:137} INFO - [2025-09-03T19:46:06.721+0200] {dag.py:3452} INFO - Setting next_dagrun for example_branch_dop_operator_v3 to 2025-09-03T17:45:00+00:00, run_after=2025-09-03T17:46:00+00:00
[2025-09-03T19:46:06.743+0200] {processor.py:175} INFO - Processing /home/varun/miniconda3/envs/python38/lib/python3.8/site-packages/airflow/example_dags/example_branch_python_dop_operator_3.py took 0.090 seconds
[2025-09-03T19:46:52.546+0200] {processor.py:153} INFO - Started process (PID=3359) to work on /home/varun/miniconda3/envs/python38/lib/python3.8/site-packages/airflow/example_dags/example_branch_python_dop_operator_3.py
[2025-09-03T19:46:52.548+0200] {processor.py:743} INFO - Processing file /home/varun/miniconda3/envs/python38/lib/python3.8/site-packages/airflow/example_dags/example_branch_python_dop_operator_3.py for tasks to queue
[2025-09-03T19:46:52.549+0200] {logging_mixin.py:137} INFO - [2025-09-03T19:46:52.549+0200] {dagbag.py:532} INFO - Filling up the DagBag from /home/varun/miniconda3/envs/python38/lib/python3.8/site-packages/airflow/example_dags/example_branch_python_dop_operator_3.py
[2025-09-03T19:46:52.578+0200] {processor.py:753} INFO - DAG(s) dict_keys(['example_branch_dop_operator_v3']) retrieved from /home/varun/miniconda3/envs/python38/lib/python3.8/site-packages/airflow/example_dags/example_branch_python_dop_operator_3.py
[2025-09-03T19:46:52.606+0200] {logging_mixin.py:137} INFO - [2025-09-03T19:46:52.606+0200] {dag.py:2705} INFO - Sync 1 DAGs
[2025-09-03T19:46:52.640+0200] {logging_mixin.py:137} INFO - [2025-09-03T19:46:52.640+0200] {dag.py:3452} INFO - Setting next_dagrun for example_branch_dop_operator_v3 to 2025-09-03T17:45:00+00:00, run_after=2025-09-03T17:46:00+00:00
[2025-09-03T19:46:52.666+0200] {processor.py:175} INFO - Processing /home/varun/miniconda3/envs/python38/lib/python3.8/site-packages/airflow/example_dags/example_branch_python_dop_operator_3.py took 0.127 seconds
[2025-09-03T19:47:39.406+0200] {processor.py:153} INFO - Started process (PID=3409) to work on /home/varun/miniconda3/envs/python38/lib/python3.8/site-packages/airflow/example_dags/example_branch_python_dop_operator_3.py
[2025-09-03T19:47:39.408+0200] {processor.py:743} INFO - Processing file /home/varun/miniconda3/envs/python38/lib/python3.8/site-packages/airflow/example_dags/example_branch_python_dop_operator_3.py for tasks to queue
[2025-09-03T19:47:39.409+0200] {logging_mixin.py:137} INFO - [2025-09-03T19:47:39.408+0200] {dagbag.py:532} INFO - Filling up the DagBag from /home/varun/miniconda3/envs/python38/lib/python3.8/site-packages/airflow/example_dags/example_branch_python_dop_operator_3.py
[2025-09-03T19:47:39.436+0200] {processor.py:753} INFO - DAG(s) dict_keys(['example_branch_dop_operator_v3']) retrieved from /home/varun/miniconda3/envs/python38/lib/python3.8/site-packages/airflow/example_dags/example_branch_python_dop_operator_3.py
[2025-09-03T19:47:39.457+0200] {logging_mixin.py:137} INFO - [2025-09-03T19:47:39.457+0200] {dag.py:2705} INFO - Sync 1 DAGs
[2025-09-03T19:47:39.480+0200] {logging_mixin.py:137} INFO - [2025-09-03T19:47:39.480+0200] {dag.py:3452} INFO - Setting next_dagrun for example_branch_dop_operator_v3 to 2025-09-03T17:46:00+00:00, run_after=2025-09-03T17:47:00+00:00
[2025-09-03T19:47:39.503+0200] {processor.py:175} INFO - Processing /home/varun/miniconda3/envs/python38/lib/python3.8/site-packages/airflow/example_dags/example_branch_python_dop_operator_3.py took 0.101 seconds
[2025-09-03T19:48:27.860+0200] {processor.py:153} INFO - Started process (PID=3451) to work on /home/varun/miniconda3/envs/python38/lib/python3.8/site-packages/airflow/example_dags/example_branch_python_dop_operator_3.py
[2025-09-03T19:48:27.862+0200] {processor.py:743} INFO - Processing file /home/varun/miniconda3/envs/python38/lib/python3.8/site-packages/airflow/example_dags/example_branch_python_dop_operator_3.py for tasks to queue
[2025-09-03T19:48:27.863+0200] {logging_mixin.py:137} INFO - [2025-09-03T19:48:27.863+0200] {dagbag.py:532} INFO - Filling up the DagBag from /home/varun/miniconda3/envs/python38/lib/python3.8/site-packages/airflow/example_dags/example_branch_python_dop_operator_3.py
[2025-09-03T19:48:27.883+0200] {processor.py:753} INFO - DAG(s) dict_keys(['example_branch_dop_operator_v3']) retrieved from /home/varun/miniconda3/envs/python38/lib/python3.8/site-packages/airflow/example_dags/example_branch_python_dop_operator_3.py
[2025-09-03T19:48:27.906+0200] {logging_mixin.py:137} INFO - [2025-09-03T19:48:27.906+0200] {dag.py:2705} INFO - Sync 1 DAGs
[2025-09-03T19:48:27.928+0200] {logging_mixin.py:137} INFO - [2025-09-03T19:48:27.928+0200] {dag.py:3452} INFO - Setting next_dagrun for example_branch_dop_operator_v3 to 2025-09-03T17:47:00+00:00, run_after=2025-09-03T17:48:00+00:00
[2025-09-03T19:48:27.951+0200] {processor.py:175} INFO - Processing /home/varun/miniconda3/envs/python38/lib/python3.8/site-packages/airflow/example_dags/example_branch_python_dop_operator_3.py took 0.094 seconds
[2025-09-03T19:49:16.977+0200] {processor.py:153} INFO - Started process (PID=3493) to work on /home/varun/miniconda3/envs/python38/lib/python3.8/site-packages/airflow/example_dags/example_branch_python_dop_operator_3.py
[2025-09-03T19:49:16.979+0200] {processor.py:743} INFO - Processing file /home/varun/miniconda3/envs/python38/lib/python3.8/site-packages/airflow/example_dags/example_branch_python_dop_operator_3.py for tasks to queue
[2025-09-03T19:49:16.980+0200] {logging_mixin.py:137} INFO - [2025-09-03T19:49:16.980+0200] {dagbag.py:532} INFO - Filling up the DagBag from /home/varun/miniconda3/envs/python38/lib/python3.8/site-packages/airflow/example_dags/example_branch_python_dop_operator_3.py
[2025-09-03T19:49:17.009+0200] {processor.py:753} INFO - DAG(s) dict_keys(['example_branch_dop_operator_v3']) retrieved from /home/varun/miniconda3/envs/python38/lib/python3.8/site-packages/airflow/example_dags/example_branch_python_dop_operator_3.py
[2025-09-03T19:49:17.040+0200] {logging_mixin.py:137} INFO - [2025-09-03T19:49:17.040+0200] {dag.py:2705} INFO - Sync 1 DAGs
[2025-09-03T19:49:17.073+0200] {logging_mixin.py:137} INFO - [2025-09-03T19:49:17.073+0200] {dag.py:3452} INFO - Setting next_dagrun for example_branch_dop_operator_v3 to 2025-09-03T17:48:00+00:00, run_after=2025-09-03T17:49:00+00:00
[2025-09-03T19:49:17.108+0200] {processor.py:175} INFO - Processing /home/varun/miniconda3/envs/python38/lib/python3.8/site-packages/airflow/example_dags/example_branch_python_dop_operator_3.py took 0.135 seconds
[2025-09-03T19:50:03.430+0200] {processor.py:153} INFO - Started process (PID=3544) to work on /home/varun/miniconda3/envs/python38/lib/python3.8/site-packages/airflow/example_dags/example_branch_python_dop_operator_3.py
[2025-09-03T19:50:03.432+0200] {processor.py:743} INFO - Processing file /home/varun/miniconda3/envs/python38/lib/python3.8/site-packages/airflow/example_dags/example_branch_python_dop_operator_3.py for tasks to queue
[2025-09-03T19:50:03.433+0200] {logging_mixin.py:137} INFO - [2025-09-03T19:50:03.433+0200] {dagbag.py:532} INFO - Filling up the DagBag from /home/varun/miniconda3/envs/python38/lib/python3.8/site-packages/airflow/example_dags/example_branch_python_dop_operator_3.py
[2025-09-03T19:50:03.461+0200] {processor.py:753} INFO - DAG(s) dict_keys(['example_branch_dop_operator_v3']) retrieved from /home/varun/miniconda3/envs/python38/lib/python3.8/site-packages/airflow/example_dags/example_branch_python_dop_operator_3.py
[2025-09-03T19:50:03.491+0200] {logging_mixin.py:137} INFO - [2025-09-03T19:50:03.490+0200] {dag.py:2705} INFO - Sync 1 DAGs
[2025-09-03T19:50:03.517+0200] {logging_mixin.py:137} INFO - [2025-09-03T19:50:03.516+0200] {dag.py:3452} INFO - Setting next_dagrun for example_branch_dop_operator_v3 to 2025-09-03T17:49:00+00:00, run_after=2025-09-03T17:50:00+00:00
[2025-09-03T19:50:03.546+0200] {processor.py:175} INFO - Processing /home/varun/miniconda3/envs/python38/lib/python3.8/site-packages/airflow/example_dags/example_branch_python_dop_operator_3.py took 0.121 seconds
[2025-09-03T19:50:53.173+0200] {processor.py:153} INFO - Started process (PID=3587) to work on /home/varun/miniconda3/envs/python38/lib/python3.8/site-packages/airflow/example_dags/example_branch_python_dop_operator_3.py
[2025-09-03T19:50:53.175+0200] {processor.py:743} INFO - Processing file /home/varun/miniconda3/envs/python38/lib/python3.8/site-packages/airflow/example_dags/example_branch_python_dop_operator_3.py for tasks to queue
[2025-09-03T19:50:53.177+0200] {logging_mixin.py:137} INFO - [2025-09-03T19:50:53.176+0200] {dagbag.py:532} INFO - Filling up the DagBag from /home/varun/miniconda3/envs/python38/lib/python3.8/site-packages/airflow/example_dags/example_branch_python_dop_operator_3.py
[2025-09-03T19:50:53.220+0200] {processor.py:753} INFO - DAG(s) dict_keys(['example_branch_dop_operator_v3']) retrieved from /home/varun/miniconda3/envs/python38/lib/python3.8/site-packages/airflow/example_dags/example_branch_python_dop_operator_3.py
[2025-09-03T19:50:53.247+0200] {logging_mixin.py:137} INFO - [2025-09-03T19:50:53.247+0200] {dag.py:2705} INFO - Sync 1 DAGs
[2025-09-03T19:50:53.277+0200] {logging_mixin.py:137} INFO - [2025-09-03T19:50:53.277+0200] {dag.py:3452} INFO - Setting next_dagrun for example_branch_dop_operator_v3 to 2025-09-03T17:49:00+00:00, run_after=2025-09-03T17:50:00+00:00
[2025-09-03T19:50:53.309+0200] {processor.py:175} INFO - Processing /home/varun/miniconda3/envs/python38/lib/python3.8/site-packages/airflow/example_dags/example_branch_python_dop_operator_3.py took 0.141 seconds
[2025-09-03T19:51:39.770+0200] {processor.py:153} INFO - Started process (PID=3642) to work on /home/varun/miniconda3/envs/python38/lib/python3.8/site-packages/airflow/example_dags/example_branch_python_dop_operator_3.py
[2025-09-03T19:51:39.771+0200] {processor.py:743} INFO - Processing file /home/varun/miniconda3/envs/python38/lib/python3.8/site-packages/airflow/example_dags/example_branch_python_dop_operator_3.py for tasks to queue
[2025-09-03T19:51:39.772+0200] {logging_mixin.py:137} INFO - [2025-09-03T19:51:39.772+0200] {dagbag.py:532} INFO - Filling up the DagBag from /home/varun/miniconda3/envs/python38/lib/python3.8/site-packages/airflow/example_dags/example_branch_python_dop_operator_3.py
[2025-09-03T19:51:39.791+0200] {processor.py:753} INFO - DAG(s) dict_keys(['example_branch_dop_operator_v3']) retrieved from /home/varun/miniconda3/envs/python38/lib/python3.8/site-packages/airflow/example_dags/example_branch_python_dop_operator_3.py
[2025-09-03T19:51:39.807+0200] {logging_mixin.py:137} INFO - [2025-09-03T19:51:39.807+0200] {dag.py:2705} INFO - Sync 1 DAGs
[2025-09-03T19:51:39.824+0200] {logging_mixin.py:137} INFO - [2025-09-03T19:51:39.824+0200] {dag.py:3452} INFO - Setting next_dagrun for example_branch_dop_operator_v3 to 2025-09-03T17:50:00+00:00, run_after=2025-09-03T17:51:00+00:00
[2025-09-03T19:51:39.845+0200] {processor.py:175} INFO - Processing /home/varun/miniconda3/envs/python38/lib/python3.8/site-packages/airflow/example_dags/example_branch_python_dop_operator_3.py took 0.078 seconds
[2025-09-03T19:52:28.095+0200] {processor.py:153} INFO - Started process (PID=3691) to work on /home/varun/miniconda3/envs/python38/lib/python3.8/site-packages/airflow/example_dags/example_branch_python_dop_operator_3.py
[2025-09-03T19:52:28.096+0200] {processor.py:743} INFO - Processing file /home/varun/miniconda3/envs/python38/lib/python3.8/site-packages/airflow/example_dags/example_branch_python_dop_operator_3.py for tasks to queue
[2025-09-03T19:52:28.098+0200] {logging_mixin.py:137} INFO - [2025-09-03T19:52:28.098+0200] {dagbag.py:532} INFO - Filling up the DagBag from /home/varun/miniconda3/envs/python38/lib/python3.8/site-packages/airflow/example_dags/example_branch_python_dop_operator_3.py
[2025-09-03T19:52:28.119+0200] {processor.py:753} INFO - DAG(s) dict_keys(['example_branch_dop_operator_v3']) retrieved from /home/varun/miniconda3/envs/python38/lib/python3.8/site-packages/airflow/example_dags/example_branch_python_dop_operator_3.py
[2025-09-03T19:52:28.143+0200] {logging_mixin.py:137} INFO - [2025-09-03T19:52:28.142+0200] {dag.py:2705} INFO - Sync 1 DAGs
[2025-09-03T19:52:28.166+0200] {logging_mixin.py:137} INFO - [2025-09-03T19:52:28.166+0200] {dag.py:3452} INFO - Setting next_dagrun for example_branch_dop_operator_v3 to 2025-09-03T17:51:00+00:00, run_after=2025-09-03T17:52:00+00:00
[2025-09-03T19:52:28.316+0200] {processor.py:175} INFO - Processing /home/varun/miniconda3/envs/python38/lib/python3.8/site-packages/airflow/example_dags/example_branch_python_dop_operator_3.py took 0.224 seconds
[2025-09-03T19:53:21.749+0200] {processor.py:153} INFO - Started process (PID=3733) to work on /home/varun/miniconda3/envs/python38/lib/python3.8/site-packages/airflow/example_dags/example_branch_python_dop_operator_3.py
[2025-09-03T19:53:21.751+0200] {processor.py:743} INFO - Processing file /home/varun/miniconda3/envs/python38/lib/python3.8/site-packages/airflow/example_dags/example_branch_python_dop_operator_3.py for tasks to queue
[2025-09-03T19:53:21.752+0200] {logging_mixin.py:137} INFO - [2025-09-03T19:53:21.752+0200] {dagbag.py:532} INFO - Filling up the DagBag from /home/varun/miniconda3/envs/python38/lib/python3.8/site-packages/airflow/example_dags/example_branch_python_dop_operator_3.py
[2025-09-03T19:53:21.779+0200] {processor.py:753} INFO - DAG(s) dict_keys(['example_branch_dop_operator_v3']) retrieved from /home/varun/miniconda3/envs/python38/lib/python3.8/site-packages/airflow/example_dags/example_branch_python_dop_operator_3.py
[2025-09-03T19:53:21.805+0200] {logging_mixin.py:137} INFO - [2025-09-03T19:53:21.805+0200] {dag.py:2705} INFO - Sync 1 DAGs
[2025-09-03T19:53:21.975+0200] {logging_mixin.py:137} INFO - [2025-09-03T19:53:21.974+0200] {dag.py:3452} INFO - Setting next_dagrun for example_branch_dop_operator_v3 to 2025-09-03T17:52:00+00:00, run_after=2025-09-03T17:53:00+00:00
[2025-09-03T19:53:22.003+0200] {processor.py:175} INFO - Processing /home/varun/miniconda3/envs/python38/lib/python3.8/site-packages/airflow/example_dags/example_branch_python_dop_operator_3.py took 0.257 seconds
[2025-09-03T19:54:18.645+0200] {processor.py:153} INFO - Started process (PID=3784) to work on /home/varun/miniconda3/envs/python38/lib/python3.8/site-packages/airflow/example_dags/example_branch_python_dop_operator_3.py
[2025-09-03T19:54:18.647+0200] {processor.py:743} INFO - Processing file /home/varun/miniconda3/envs/python38/lib/python3.8/site-packages/airflow/example_dags/example_branch_python_dop_operator_3.py for tasks to queue
[2025-09-03T19:54:18.647+0200] {logging_mixin.py:137} INFO - [2025-09-03T19:54:18.647+0200] {dagbag.py:532} INFO - Filling up the DagBag from /home/varun/miniconda3/envs/python38/lib/python3.8/site-packages/airflow/example_dags/example_branch_python_dop_operator_3.py
[2025-09-03T19:54:18.675+0200] {processor.py:753} INFO - DAG(s) dict_keys(['example_branch_dop_operator_v3']) retrieved from /home/varun/miniconda3/envs/python38/lib/python3.8/site-packages/airflow/example_dags/example_branch_python_dop_operator_3.py
[2025-09-03T19:54:18.847+0200] {logging_mixin.py:137} INFO - [2025-09-03T19:54:18.847+0200] {dag.py:2705} INFO - Sync 1 DAGs
[2025-09-03T19:54:18.869+0200] {logging_mixin.py:137} INFO - [2025-09-03T19:54:18.869+0200] {dag.py:3452} INFO - Setting next_dagrun for example_branch_dop_operator_v3 to 2025-09-03T17:53:00+00:00, run_after=2025-09-03T17:54:00+00:00
[2025-09-03T19:54:18.900+0200] {processor.py:175} INFO - Processing /home/varun/miniconda3/envs/python38/lib/python3.8/site-packages/airflow/example_dags/example_branch_python_dop_operator_3.py took 0.259 seconds
[2025-09-03T19:55:17.599+0200] {processor.py:153} INFO - Started process (PID=3840) to work on /home/varun/miniconda3/envs/python38/lib/python3.8/site-packages/airflow/example_dags/example_branch_python_dop_operator_3.py
[2025-09-03T19:55:17.607+0200] {processor.py:743} INFO - Processing file /home/varun/miniconda3/envs/python38/lib/python3.8/site-packages/airflow/example_dags/example_branch_python_dop_operator_3.py for tasks to queue
[2025-09-03T19:55:17.610+0200] {logging_mixin.py:137} INFO - [2025-09-03T19:55:17.609+0200] {dagbag.py:532} INFO - Filling up the DagBag from /home/varun/miniconda3/envs/python38/lib/python3.8/site-packages/airflow/example_dags/example_branch_python_dop_operator_3.py
[2025-09-03T19:55:17.714+0200] {processor.py:753} INFO - DAG(s) dict_keys(['example_branch_dop_operator_v3']) retrieved from /home/varun/miniconda3/envs/python38/lib/python3.8/site-packages/airflow/example_dags/example_branch_python_dop_operator_3.py
[2025-09-03T19:55:18.152+0200] {logging_mixin.py:137} INFO - [2025-09-03T19:55:18.150+0200] {dag.py:2705} INFO - Sync 1 DAGs
[2025-09-03T19:55:18.202+0200] {logging_mixin.py:137} INFO - [2025-09-03T19:55:18.202+0200] {dag.py:3452} INFO - Setting next_dagrun for example_branch_dop_operator_v3 to 2025-09-03T17:54:00+00:00, run_after=2025-09-03T17:55:00+00:00
[2025-09-03T19:55:18.253+0200] {processor.py:175} INFO - Processing /home/varun/miniconda3/envs/python38/lib/python3.8/site-packages/airflow/example_dags/example_branch_python_dop_operator_3.py took 0.666 seconds
[2025-09-03T19:56:19.901+0200] {processor.py:153} INFO - Started process (PID=3892) to work on /home/varun/miniconda3/envs/python38/lib/python3.8/site-packages/airflow/example_dags/example_branch_python_dop_operator_3.py
[2025-09-03T19:56:19.903+0200] {processor.py:743} INFO - Processing file /home/varun/miniconda3/envs/python38/lib/python3.8/site-packages/airflow/example_dags/example_branch_python_dop_operator_3.py for tasks to queue
[2025-09-03T19:56:19.903+0200] {logging_mixin.py:137} INFO - [2025-09-03T19:56:19.903+0200] {dagbag.py:532} INFO - Filling up the DagBag from /home/varun/miniconda3/envs/python38/lib/python3.8/site-packages/airflow/example_dags/example_branch_python_dop_operator_3.py
[2025-09-03T19:56:20.050+0200] {processor.py:753} INFO - DAG(s) dict_keys(['example_branch_dop_operator_v3']) retrieved from /home/varun/miniconda3/envs/python38/lib/python3.8/site-packages/airflow/example_dags/example_branch_python_dop_operator_3.py
[2025-09-03T19:56:20.065+0200] {logging_mixin.py:137} INFO - [2025-09-03T19:56:20.065+0200] {dag.py:2705} INFO - Sync 1 DAGs
[2025-09-03T19:56:20.082+0200] {logging_mixin.py:137} INFO - [2025-09-03T19:56:20.081+0200] {dag.py:3452} INFO - Setting next_dagrun for example_branch_dop_operator_v3 to 2025-09-03T17:55:00+00:00, run_after=2025-09-03T17:56:00+00:00
[2025-09-03T19:56:20.110+0200] {processor.py:175} INFO - Processing /home/varun/miniconda3/envs/python38/lib/python3.8/site-packages/airflow/example_dags/example_branch_python_dop_operator_3.py took 0.213 seconds
[2025-09-03T19:57:13.979+0200] {processor.py:153} INFO - Started process (PID=3939) to work on /home/varun/miniconda3/envs/python38/lib/python3.8/site-packages/airflow/example_dags/example_branch_python_dop_operator_3.py
[2025-09-03T19:57:13.981+0200] {processor.py:743} INFO - Processing file /home/varun/miniconda3/envs/python38/lib/python3.8/site-packages/airflow/example_dags/example_branch_python_dop_operator_3.py for tasks to queue
[2025-09-03T19:57:13.982+0200] {logging_mixin.py:137} INFO - [2025-09-03T19:57:13.981+0200] {dagbag.py:532} INFO - Filling up the DagBag from /home/varun/miniconda3/envs/python38/lib/python3.8/site-packages/airflow/example_dags/example_branch_python_dop_operator_3.py
[2025-09-03T19:57:14.011+0200] {processor.py:753} INFO - DAG(s) dict_keys(['example_branch_dop_operator_v3']) retrieved from /home/varun/miniconda3/envs/python38/lib/python3.8/site-packages/airflow/example_dags/example_branch_python_dop_operator_3.py
[2025-09-03T19:57:14.034+0200] {logging_mixin.py:137} INFO - [2025-09-03T19:57:14.034+0200] {dag.py:2705} INFO - Sync 1 DAGs
[2025-09-03T19:57:14.058+0200] {logging_mixin.py:137} INFO - [2025-09-03T19:57:14.058+0200] {dag.py:3452} INFO - Setting next_dagrun for example_branch_dop_operator_v3 to 2025-09-03T17:56:00+00:00, run_after=2025-09-03T17:57:00+00:00
[2025-09-03T19:57:14.087+0200] {processor.py:175} INFO - Processing /home/varun/miniconda3/envs/python38/lib/python3.8/site-packages/airflow/example_dags/example_branch_python_dop_operator_3.py took 0.111 seconds
[2025-09-03T19:58:04.023+0200] {processor.py:153} INFO - Started process (PID=3981) to work on /home/varun/miniconda3/envs/python38/lib/python3.8/site-packages/airflow/example_dags/example_branch_python_dop_operator_3.py
[2025-09-03T19:58:04.026+0200] {processor.py:743} INFO - Processing file /home/varun/miniconda3/envs/python38/lib/python3.8/site-packages/airflow/example_dags/example_branch_python_dop_operator_3.py for tasks to queue
[2025-09-03T19:58:04.027+0200] {logging_mixin.py:137} INFO - [2025-09-03T19:58:04.026+0200] {dagbag.py:532} INFO - Filling up the DagBag from /home/varun/miniconda3/envs/python38/lib/python3.8/site-packages/airflow/example_dags/example_branch_python_dop_operator_3.py
[2025-09-03T19:58:04.075+0200] {processor.py:753} INFO - DAG(s) dict_keys(['example_branch_dop_operator_v3']) retrieved from /home/varun/miniconda3/envs/python38/lib/python3.8/site-packages/airflow/example_dags/example_branch_python_dop_operator_3.py
[2025-09-03T19:58:04.112+0200] {logging_mixin.py:137} INFO - [2025-09-03T19:58:04.111+0200] {dag.py:2705} INFO - Sync 1 DAGs
[2025-09-03T19:58:04.140+0200] {logging_mixin.py:137} INFO - [2025-09-03T19:58:04.140+0200] {dag.py:3452} INFO - Setting next_dagrun for example_branch_dop_operator_v3 to 2025-09-03T17:57:00+00:00, run_after=2025-09-03T17:58:00+00:00
[2025-09-03T19:58:04.170+0200] {processor.py:175} INFO - Processing /home/varun/miniconda3/envs/python38/lib/python3.8/site-packages/airflow/example_dags/example_branch_python_dop_operator_3.py took 0.152 seconds
[2025-09-03T20:01:08.940+0200] {processor.py:153} INFO - Started process (PID=4052) to work on /home/varun/miniconda3/envs/python38/lib/python3.8/site-packages/airflow/example_dags/example_branch_python_dop_operator_3.py
[2025-09-03T20:01:08.942+0200] {processor.py:743} INFO - Processing file /home/varun/miniconda3/envs/python38/lib/python3.8/site-packages/airflow/example_dags/example_branch_python_dop_operator_3.py for tasks to queue
[2025-09-03T20:01:08.942+0200] {logging_mixin.py:137} INFO - [2025-09-03T20:01:08.942+0200] {dagbag.py:532} INFO - Filling up the DagBag from /home/varun/miniconda3/envs/python38/lib/python3.8/site-packages/airflow/example_dags/example_branch_python_dop_operator_3.py
[2025-09-03T20:01:08.967+0200] {processor.py:753} INFO - DAG(s) dict_keys(['example_branch_dop_operator_v3']) retrieved from /home/varun/miniconda3/envs/python38/lib/python3.8/site-packages/airflow/example_dags/example_branch_python_dop_operator_3.py
[2025-09-03T20:01:08.986+0200] {logging_mixin.py:137} INFO - [2025-09-03T20:01:08.986+0200] {dag.py:2705} INFO - Sync 1 DAGs
[2025-09-03T20:01:09.006+0200] {logging_mixin.py:137} INFO - [2025-09-03T20:01:09.005+0200] {dag.py:3452} INFO - Setting next_dagrun for example_branch_dop_operator_v3 to 2025-09-03T18:00:00+00:00, run_after=2025-09-03T18:01:00+00:00
[2025-09-03T20:01:09.031+0200] {processor.py:175} INFO - Processing /home/varun/miniconda3/envs/python38/lib/python3.8/site-packages/airflow/example_dags/example_branch_python_dop_operator_3.py took 0.094 seconds
[2025-09-03T20:01:56.327+0200] {processor.py:153} INFO - Started process (PID=4099) to work on /home/varun/miniconda3/envs/python38/lib/python3.8/site-packages/airflow/example_dags/example_branch_python_dop_operator_3.py
[2025-09-03T20:01:56.328+0200] {processor.py:743} INFO - Processing file /home/varun/miniconda3/envs/python38/lib/python3.8/site-packages/airflow/example_dags/example_branch_python_dop_operator_3.py for tasks to queue
[2025-09-03T20:01:56.329+0200] {logging_mixin.py:137} INFO - [2025-09-03T20:01:56.328+0200] {dagbag.py:532} INFO - Filling up the DagBag from /home/varun/miniconda3/envs/python38/lib/python3.8/site-packages/airflow/example_dags/example_branch_python_dop_operator_3.py
[2025-09-03T20:01:56.353+0200] {processor.py:753} INFO - DAG(s) dict_keys(['example_branch_dop_operator_v3']) retrieved from /home/varun/miniconda3/envs/python38/lib/python3.8/site-packages/airflow/example_dags/example_branch_python_dop_operator_3.py
[2025-09-03T20:01:56.380+0200] {logging_mixin.py:137} INFO - [2025-09-03T20:01:56.380+0200] {dag.py:2705} INFO - Sync 1 DAGs
[2025-09-03T20:01:56.406+0200] {logging_mixin.py:137} INFO - [2025-09-03T20:01:56.406+0200] {dag.py:3452} INFO - Setting next_dagrun for example_branch_dop_operator_v3 to 2025-09-03T18:00:00+00:00, run_after=2025-09-03T18:01:00+00:00
[2025-09-03T20:01:56.435+0200] {processor.py:175} INFO - Processing /home/varun/miniconda3/envs/python38/lib/python3.8/site-packages/airflow/example_dags/example_branch_python_dop_operator_3.py took 0.111 seconds
[2025-09-03T20:02:41.213+0200] {processor.py:153} INFO - Started process (PID=4141) to work on /home/varun/miniconda3/envs/python38/lib/python3.8/site-packages/airflow/example_dags/example_branch_python_dop_operator_3.py
[2025-09-03T20:02:41.214+0200] {processor.py:743} INFO - Processing file /home/varun/miniconda3/envs/python38/lib/python3.8/site-packages/airflow/example_dags/example_branch_python_dop_operator_3.py for tasks to queue
[2025-09-03T20:02:41.215+0200] {logging_mixin.py:137} INFO - [2025-09-03T20:02:41.215+0200] {dagbag.py:532} INFO - Filling up the DagBag from /home/varun/miniconda3/envs/python38/lib/python3.8/site-packages/airflow/example_dags/example_branch_python_dop_operator_3.py
[2025-09-03T20:02:41.241+0200] {processor.py:753} INFO - DAG(s) dict_keys(['example_branch_dop_operator_v3']) retrieved from /home/varun/miniconda3/envs/python38/lib/python3.8/site-packages/airflow/example_dags/example_branch_python_dop_operator_3.py
[2025-09-03T20:02:41.264+0200] {logging_mixin.py:137} INFO - [2025-09-03T20:02:41.264+0200] {dag.py:2705} INFO - Sync 1 DAGs
[2025-09-03T20:02:41.289+0200] {logging_mixin.py:137} INFO - [2025-09-03T20:02:41.289+0200] {dag.py:3452} INFO - Setting next_dagrun for example_branch_dop_operator_v3 to 2025-09-03T18:01:00+00:00, run_after=2025-09-03T18:02:00+00:00
[2025-09-03T20:02:41.312+0200] {processor.py:175} INFO - Processing /home/varun/miniconda3/envs/python38/lib/python3.8/site-packages/airflow/example_dags/example_branch_python_dop_operator_3.py took 0.103 seconds
[2025-09-03T20:03:32.379+0200] {processor.py:153} INFO - Started process (PID=4183) to work on /home/varun/miniconda3/envs/python38/lib/python3.8/site-packages/airflow/example_dags/example_branch_python_dop_operator_3.py
[2025-09-03T20:03:32.382+0200] {processor.py:743} INFO - Processing file /home/varun/miniconda3/envs/python38/lib/python3.8/site-packages/airflow/example_dags/example_branch_python_dop_operator_3.py for tasks to queue
[2025-09-03T20:03:32.382+0200] {logging_mixin.py:137} INFO - [2025-09-03T20:03:32.382+0200] {dagbag.py:532} INFO - Filling up the DagBag from /home/varun/miniconda3/envs/python38/lib/python3.8/site-packages/airflow/example_dags/example_branch_python_dop_operator_3.py
[2025-09-03T20:03:32.411+0200] {processor.py:753} INFO - DAG(s) dict_keys(['example_branch_dop_operator_v3']) retrieved from /home/varun/miniconda3/envs/python38/lib/python3.8/site-packages/airflow/example_dags/example_branch_python_dop_operator_3.py
[2025-09-03T20:03:32.435+0200] {logging_mixin.py:137} INFO - [2025-09-03T20:03:32.434+0200] {dag.py:2705} INFO - Sync 1 DAGs
[2025-09-03T20:03:32.468+0200] {logging_mixin.py:137} INFO - [2025-09-03T20:03:32.468+0200] {dag.py:3452} INFO - Setting next_dagrun for example_branch_dop_operator_v3 to 2025-09-03T18:02:00+00:00, run_after=2025-09-03T18:03:00+00:00
[2025-09-03T20:03:32.500+0200] {processor.py:175} INFO - Processing /home/varun/miniconda3/envs/python38/lib/python3.8/site-packages/airflow/example_dags/example_branch_python_dop_operator_3.py took 0.125 seconds
[2025-09-03T20:04:18.984+0200] {processor.py:153} INFO - Started process (PID=4225) to work on /home/varun/miniconda3/envs/python38/lib/python3.8/site-packages/airflow/example_dags/example_branch_python_dop_operator_3.py
[2025-09-03T20:04:18.986+0200] {processor.py:743} INFO - Processing file /home/varun/miniconda3/envs/python38/lib/python3.8/site-packages/airflow/example_dags/example_branch_python_dop_operator_3.py for tasks to queue
[2025-09-03T20:04:18.987+0200] {logging_mixin.py:137} INFO - [2025-09-03T20:04:18.986+0200] {dagbag.py:532} INFO - Filling up the DagBag from /home/varun/miniconda3/envs/python38/lib/python3.8/site-packages/airflow/example_dags/example_branch_python_dop_operator_3.py
[2025-09-03T20:04:19.010+0200] {processor.py:753} INFO - DAG(s) dict_keys(['example_branch_dop_operator_v3']) retrieved from /home/varun/miniconda3/envs/python38/lib/python3.8/site-packages/airflow/example_dags/example_branch_python_dop_operator_3.py
[2025-09-03T20:04:19.034+0200] {logging_mixin.py:137} INFO - [2025-09-03T20:04:19.034+0200] {dag.py:2705} INFO - Sync 1 DAGs
[2025-09-03T20:04:19.057+0200] {logging_mixin.py:137} INFO - [2025-09-03T20:04:19.057+0200] {dag.py:3452} INFO - Setting next_dagrun for example_branch_dop_operator_v3 to 2025-09-03T18:03:00+00:00, run_after=2025-09-03T18:04:00+00:00
[2025-09-03T20:04:19.082+0200] {processor.py:175} INFO - Processing /home/varun/miniconda3/envs/python38/lib/python3.8/site-packages/airflow/example_dags/example_branch_python_dop_operator_3.py took 0.101 seconds
[2025-09-03T20:05:17.806+0200] {processor.py:153} INFO - Started process (PID=4280) to work on /home/varun/miniconda3/envs/python38/lib/python3.8/site-packages/airflow/example_dags/example_branch_python_dop_operator_3.py
[2025-09-03T20:05:17.807+0200] {processor.py:743} INFO - Processing file /home/varun/miniconda3/envs/python38/lib/python3.8/site-packages/airflow/example_dags/example_branch_python_dop_operator_3.py for tasks to queue
[2025-09-03T20:05:17.808+0200] {logging_mixin.py:137} INFO - [2025-09-03T20:05:17.808+0200] {dagbag.py:532} INFO - Filling up the DagBag from /home/varun/miniconda3/envs/python38/lib/python3.8/site-packages/airflow/example_dags/example_branch_python_dop_operator_3.py
[2025-09-03T20:05:17.839+0200] {processor.py:753} INFO - DAG(s) dict_keys(['example_branch_dop_operator_v3']) retrieved from /home/varun/miniconda3/envs/python38/lib/python3.8/site-packages/airflow/example_dags/example_branch_python_dop_operator_3.py
[2025-09-03T20:05:17.981+0200] {logging_mixin.py:137} INFO - [2025-09-03T20:05:17.980+0200] {manager.py:504} INFO - Created Permission View: can delete on DAG:example_branch_dop_operator_v3
[2025-09-03T20:05:17.998+0200] {logging_mixin.py:137} INFO - [2025-09-03T20:05:17.998+0200] {manager.py:504} INFO - Created Permission View: can read on DAG:example_branch_dop_operator_v3
[2025-09-03T20:05:18.016+0200] {logging_mixin.py:137} INFO - [2025-09-03T20:05:18.015+0200] {manager.py:504} INFO - Created Permission View: can edit on DAG:example_branch_dop_operator_v3
[2025-09-03T20:05:18.016+0200] {logging_mixin.py:137} INFO - [2025-09-03T20:05:18.016+0200] {dag.py:2705} INFO - Sync 1 DAGs
[2025-09-03T20:05:18.033+0200] {logging_mixin.py:137} INFO - [2025-09-03T20:05:18.032+0200] {dag.py:2726} INFO - Creating ORM DAG for example_branch_dop_operator_v3
[2025-09-03T20:05:18.048+0200] {logging_mixin.py:137} INFO - [2025-09-03T20:05:18.048+0200] {dag.py:3452} INFO - Setting next_dagrun for example_branch_dop_operator_v3 to 2025-09-03T18:04:00+00:00, run_after=2025-09-03T18:05:00+00:00
[2025-09-03T20:05:18.078+0200] {processor.py:175} INFO - Processing /home/varun/miniconda3/envs/python38/lib/python3.8/site-packages/airflow/example_dags/example_branch_python_dop_operator_3.py took 0.276 seconds
[2025-09-03T20:06:07.432+0200] {processor.py:153} INFO - Started process (PID=4328) to work on /home/varun/miniconda3/envs/python38/lib/python3.8/site-packages/airflow/example_dags/example_branch_python_dop_operator_3.py
[2025-09-03T20:06:07.435+0200] {processor.py:743} INFO - Processing file /home/varun/miniconda3/envs/python38/lib/python3.8/site-packages/airflow/example_dags/example_branch_python_dop_operator_3.py for tasks to queue
[2025-09-03T20:06:07.436+0200] {logging_mixin.py:137} INFO - [2025-09-03T20:06:07.436+0200] {dagbag.py:532} INFO - Filling up the DagBag from /home/varun/miniconda3/envs/python38/lib/python3.8/site-packages/airflow/example_dags/example_branch_python_dop_operator_3.py
[2025-09-03T20:06:07.469+0200] {processor.py:753} INFO - DAG(s) dict_keys(['example_branch_dop_operator_v3']) retrieved from /home/varun/miniconda3/envs/python38/lib/python3.8/site-packages/airflow/example_dags/example_branch_python_dop_operator_3.py
[2025-09-03T20:06:07.498+0200] {logging_mixin.py:137} INFO - [2025-09-03T20:06:07.497+0200] {dag.py:2705} INFO - Sync 1 DAGs
[2025-09-03T20:06:07.528+0200] {logging_mixin.py:137} INFO - [2025-09-03T20:06:07.528+0200] {dag.py:3452} INFO - Setting next_dagrun for example_branch_dop_operator_v3 to 2025-09-03T18:05:00+00:00, run_after=2025-09-03T18:06:00+00:00
[2025-09-03T20:06:07.561+0200] {processor.py:175} INFO - Processing /home/varun/miniconda3/envs/python38/lib/python3.8/site-packages/airflow/example_dags/example_branch_python_dop_operator_3.py took 0.135 seconds
[2025-09-03T20:06:53.682+0200] {processor.py:153} INFO - Started process (PID=4377) to work on /home/varun/miniconda3/envs/python38/lib/python3.8/site-packages/airflow/example_dags/example_branch_python_dop_operator_3.py
[2025-09-03T20:06:53.684+0200] {processor.py:743} INFO - Processing file /home/varun/miniconda3/envs/python38/lib/python3.8/site-packages/airflow/example_dags/example_branch_python_dop_operator_3.py for tasks to queue
[2025-09-03T20:06:53.685+0200] {logging_mixin.py:137} INFO - [2025-09-03T20:06:53.684+0200] {dagbag.py:532} INFO - Filling up the DagBag from /home/varun/miniconda3/envs/python38/lib/python3.8/site-packages/airflow/example_dags/example_branch_python_dop_operator_3.py
[2025-09-03T20:06:53.707+0200] {processor.py:753} INFO - DAG(s) dict_keys(['example_branch_dop_operator_v3']) retrieved from /home/varun/miniconda3/envs/python38/lib/python3.8/site-packages/airflow/example_dags/example_branch_python_dop_operator_3.py
[2025-09-03T20:06:53.729+0200] {logging_mixin.py:137} INFO - [2025-09-03T20:06:53.728+0200] {dag.py:2705} INFO - Sync 1 DAGs
[2025-09-03T20:06:57.362+0200] {logging_mixin.py:137} INFO - [2025-09-03T20:06:57.361+0200] {dag.py:3452} INFO - Setting next_dagrun for example_branch_dop_operator_v3 to 2025-09-03T18:05:00+00:00, run_after=2025-09-03T18:06:00+00:00
[2025-09-03T20:06:57.404+0200] {processor.py:175} INFO - Processing /home/varun/miniconda3/envs/python38/lib/python3.8/site-packages/airflow/example_dags/example_branch_python_dop_operator_3.py took 0.140 seconds
[2025-09-03T20:07:44.375+0200] {processor.py:153} INFO - Started process (PID=4438) to work on /home/varun/miniconda3/envs/python38/lib/python3.8/site-packages/airflow/example_dags/example_branch_python_dop_operator_3.py
[2025-09-03T20:07:44.377+0200] {processor.py:743} INFO - Processing file /home/varun/miniconda3/envs/python38/lib/python3.8/site-packages/airflow/example_dags/example_branch_python_dop_operator_3.py for tasks to queue
[2025-09-03T20:07:44.378+0200] {logging_mixin.py:137} INFO - [2025-09-03T20:07:44.378+0200] {dagbag.py:532} INFO - Filling up the DagBag from /home/varun/miniconda3/envs/python38/lib/python3.8/site-packages/airflow/example_dags/example_branch_python_dop_operator_3.py
[2025-09-03T20:07:44.408+0200] {processor.py:753} INFO - DAG(s) dict_keys(['example_branch_dop_operator_v3']) retrieved from /home/varun/miniconda3/envs/python38/lib/python3.8/site-packages/airflow/example_dags/example_branch_python_dop_operator_3.py
[2025-09-03T20:07:44.432+0200] {logging_mixin.py:137} INFO - [2025-09-03T20:07:44.432+0200] {dag.py:2705} INFO - Sync 1 DAGs
[2025-09-03T20:07:44.458+0200] {logging_mixin.py:137} INFO - [2025-09-03T20:07:44.458+0200] {dag.py:3452} INFO - Setting next_dagrun for example_branch_dop_operator_v3 to 2025-09-03T18:06:00+00:00, run_after=2025-09-03T18:07:00+00:00
[2025-09-03T20:07:44.482+0200] {processor.py:175} INFO - Processing /home/varun/miniconda3/envs/python38/lib/python3.8/site-packages/airflow/example_dags/example_branch_python_dop_operator_3.py took 0.111 seconds
[2025-09-03T20:08:31.837+0200] {processor.py:153} INFO - Started process (PID=4481) to work on /home/varun/miniconda3/envs/python38/lib/python3.8/site-packages/airflow/example_dags/example_branch_python_dop_operator_3.py
[2025-09-03T20:08:31.839+0200] {processor.py:743} INFO - Processing file /home/varun/miniconda3/envs/python38/lib/python3.8/site-packages/airflow/example_dags/example_branch_python_dop_operator_3.py for tasks to queue
[2025-09-03T20:08:31.840+0200] {logging_mixin.py:137} INFO - [2025-09-03T20:08:31.839+0200] {dagbag.py:532} INFO - Filling up the DagBag from /home/varun/miniconda3/envs/python38/lib/python3.8/site-packages/airflow/example_dags/example_branch_python_dop_operator_3.py
[2025-09-03T20:08:31.871+0200] {processor.py:753} INFO - DAG(s) dict_keys(['example_branch_dop_operator_v3']) retrieved from /home/varun/miniconda3/envs/python38/lib/python3.8/site-packages/airflow/example_dags/example_branch_python_dop_operator_3.py
[2025-09-03T20:08:31.908+0200] {logging_mixin.py:137} INFO - [2025-09-03T20:08:31.908+0200] {dag.py:2705} INFO - Sync 1 DAGs
[2025-09-03T20:08:31.936+0200] {logging_mixin.py:137} INFO - [2025-09-03T20:08:31.936+0200] {dag.py:3452} INFO - Setting next_dagrun for example_branch_dop_operator_v3 to 2025-09-03T18:07:00+00:00, run_after=2025-09-03T18:08:00+00:00
[2025-09-03T20:08:31.962+0200] {processor.py:175} INFO - Processing /home/varun/miniconda3/envs/python38/lib/python3.8/site-packages/airflow/example_dags/example_branch_python_dop_operator_3.py took 0.131 seconds
[2025-09-03T20:09:48.707+0200] {processor.py:153} INFO - Started process (PID=4539) to work on /home/varun/miniconda3/envs/python38/lib/python3.8/site-packages/airflow/example_dags/example_branch_python_dop_operator_3.py
[2025-09-03T20:09:48.708+0200] {processor.py:743} INFO - Processing file /home/varun/miniconda3/envs/python38/lib/python3.8/site-packages/airflow/example_dags/example_branch_python_dop_operator_3.py for tasks to queue
[2025-09-03T20:09:48.709+0200] {logging_mixin.py:137} INFO - [2025-09-03T20:09:48.709+0200] {dagbag.py:532} INFO - Filling up the DagBag from /home/varun/miniconda3/envs/python38/lib/python3.8/site-packages/airflow/example_dags/example_branch_python_dop_operator_3.py
[2025-09-03T20:09:48.737+0200] {processor.py:753} INFO - DAG(s) dict_keys(['example_branch_dop_operator_v3']) retrieved from /home/varun/miniconda3/envs/python38/lib/python3.8/site-packages/airflow/example_dags/example_branch_python_dop_operator_3.py
[2025-09-03T20:09:48.764+0200] {logging_mixin.py:137} INFO - [2025-09-03T20:09:48.764+0200] {dag.py:2705} INFO - Sync 1 DAGs
[2025-09-03T20:09:48.791+0200] {logging_mixin.py:137} INFO - [2025-09-03T20:09:48.791+0200] {dag.py:3452} INFO - Setting next_dagrun for example_branch_dop_operator_v3 to 2025-09-03T18:08:00+00:00, run_after=2025-09-03T18:09:00+00:00
[2025-09-03T20:09:48.820+0200] {processor.py:175} INFO - Processing /home/varun/miniconda3/envs/python38/lib/python3.8/site-packages/airflow/example_dags/example_branch_python_dop_operator_3.py took 0.117 seconds
[2025-09-03T20:10:37.895+0200] {processor.py:153} INFO - Started process (PID=4581) to work on /home/varun/miniconda3/envs/python38/lib/python3.8/site-packages/airflow/example_dags/example_branch_python_dop_operator_3.py
[2025-09-03T20:10:37.896+0200] {processor.py:743} INFO - Processing file /home/varun/miniconda3/envs/python38/lib/python3.8/site-packages/airflow/example_dags/example_branch_python_dop_operator_3.py for tasks to queue
[2025-09-03T20:10:37.897+0200] {logging_mixin.py:137} INFO - [2025-09-03T20:10:37.897+0200] {dagbag.py:532} INFO - Filling up the DagBag from /home/varun/miniconda3/envs/python38/lib/python3.8/site-packages/airflow/example_dags/example_branch_python_dop_operator_3.py
[2025-09-03T20:10:37.919+0200] {processor.py:753} INFO - DAG(s) dict_keys(['example_branch_dop_operator_v3']) retrieved from /home/varun/miniconda3/envs/python38/lib/python3.8/site-packages/airflow/example_dags/example_branch_python_dop_operator_3.py
[2025-09-03T20:10:37.937+0200] {logging_mixin.py:137} INFO - [2025-09-03T20:10:37.937+0200] {dag.py:2705} INFO - Sync 1 DAGs
[2025-09-03T20:10:37.955+0200] {logging_mixin.py:137} INFO - [2025-09-03T20:10:37.955+0200] {dag.py:3452} INFO - Setting next_dagrun for example_branch_dop_operator_v3 to 2025-09-03T18:09:00+00:00, run_after=2025-09-03T18:10:00+00:00
[2025-09-03T20:10:37.983+0200] {processor.py:175} INFO - Processing /home/varun/miniconda3/envs/python38/lib/python3.8/site-packages/airflow/example_dags/example_branch_python_dop_operator_3.py took 0.091 seconds
[2025-09-03T20:11:22.137+0200] {processor.py:153} INFO - Started process (PID=4623) to work on /home/varun/miniconda3/envs/python38/lib/python3.8/site-packages/airflow/example_dags/example_branch_python_dop_operator_3.py
[2025-09-03T20:11:22.138+0200] {processor.py:743} INFO - Processing file /home/varun/miniconda3/envs/python38/lib/python3.8/site-packages/airflow/example_dags/example_branch_python_dop_operator_3.py for tasks to queue
[2025-09-03T20:11:22.139+0200] {logging_mixin.py:137} INFO - [2025-09-03T20:11:22.139+0200] {dagbag.py:532} INFO - Filling up the DagBag from /home/varun/miniconda3/envs/python38/lib/python3.8/site-packages/airflow/example_dags/example_branch_python_dop_operator_3.py
[2025-09-03T20:11:22.169+0200] {processor.py:753} INFO - DAG(s) dict_keys(['example_branch_dop_operator_v3']) retrieved from /home/varun/miniconda3/envs/python38/lib/python3.8/site-packages/airflow/example_dags/example_branch_python_dop_operator_3.py
[2025-09-03T20:11:22.190+0200] {logging_mixin.py:137} INFO - [2025-09-03T20:11:22.190+0200] {dag.py:2705} INFO - Sync 1 DAGs
[2025-09-03T20:11:22.212+0200] {logging_mixin.py:137} INFO - [2025-09-03T20:11:22.212+0200] {dag.py:3452} INFO - Setting next_dagrun for example_branch_dop_operator_v3 to 2025-09-03T18:10:00+00:00, run_after=2025-09-03T18:11:00+00:00
[2025-09-03T20:11:22.247+0200] {processor.py:175} INFO - Processing /home/varun/miniconda3/envs/python38/lib/python3.8/site-packages/airflow/example_dags/example_branch_python_dop_operator_3.py took 0.114 seconds
[2025-09-03T20:12:07.663+0200] {processor.py:153} INFO - Started process (PID=4665) to work on /home/varun/miniconda3/envs/python38/lib/python3.8/site-packages/airflow/example_dags/example_branch_python_dop_operator_3.py
[2025-09-03T20:12:07.665+0200] {processor.py:743} INFO - Processing file /home/varun/miniconda3/envs/python38/lib/python3.8/site-packages/airflow/example_dags/example_branch_python_dop_operator_3.py for tasks to queue
[2025-09-03T20:12:07.666+0200] {logging_mixin.py:137} INFO - [2025-09-03T20:12:07.666+0200] {dagbag.py:532} INFO - Filling up the DagBag from /home/varun/miniconda3/envs/python38/lib/python3.8/site-packages/airflow/example_dags/example_branch_python_dop_operator_3.py
[2025-09-03T20:12:07.688+0200] {processor.py:753} INFO - DAG(s) dict_keys(['example_branch_dop_operator_v3']) retrieved from /home/varun/miniconda3/envs/python38/lib/python3.8/site-packages/airflow/example_dags/example_branch_python_dop_operator_3.py
[2025-09-03T20:12:07.709+0200] {logging_mixin.py:137} INFO - [2025-09-03T20:12:07.708+0200] {dag.py:2705} INFO - Sync 1 DAGs
[2025-09-03T20:12:07.742+0200] {logging_mixin.py:137} INFO - [2025-09-03T20:12:07.742+0200] {dag.py:3452} INFO - Setting next_dagrun for example_branch_dop_operator_v3 to 2025-09-03T18:11:00+00:00, run_after=2025-09-03T18:12:00+00:00
[2025-09-03T20:12:07.769+0200] {processor.py:175} INFO - Processing /home/varun/miniconda3/envs/python38/lib/python3.8/site-packages/airflow/example_dags/example_branch_python_dop_operator_3.py took 0.109 seconds
[2025-09-03T20:12:57.868+0200] {processor.py:153} INFO - Started process (PID=4708) to work on /home/varun/miniconda3/envs/python38/lib/python3.8/site-packages/airflow/example_dags/example_branch_python_dop_operator_3.py
[2025-09-03T20:12:57.870+0200] {processor.py:743} INFO - Processing file /home/varun/miniconda3/envs/python38/lib/python3.8/site-packages/airflow/example_dags/example_branch_python_dop_operator_3.py for tasks to queue
[2025-09-03T20:12:57.871+0200] {logging_mixin.py:137} INFO - [2025-09-03T20:12:57.870+0200] {dagbag.py:532} INFO - Filling up the DagBag from /home/varun/miniconda3/envs/python38/lib/python3.8/site-packages/airflow/example_dags/example_branch_python_dop_operator_3.py
[2025-09-03T20:12:57.893+0200] {processor.py:753} INFO - DAG(s) dict_keys(['example_branch_dop_operator_v3']) retrieved from /home/varun/miniconda3/envs/python38/lib/python3.8/site-packages/airflow/example_dags/example_branch_python_dop_operator_3.py
[2025-09-03T20:12:57.915+0200] {logging_mixin.py:137} INFO - [2025-09-03T20:12:57.915+0200] {dag.py:2705} INFO - Sync 1 DAGs
[2025-09-03T20:12:57.939+0200] {logging_mixin.py:137} INFO - [2025-09-03T20:12:57.939+0200] {dag.py:3452} INFO - Setting next_dagrun for example_branch_dop_operator_v3 to 2025-09-03T18:11:00+00:00, run_after=2025-09-03T18:12:00+00:00
[2025-09-03T20:12:57.961+0200] {processor.py:175} INFO - Processing /home/varun/miniconda3/envs/python38/lib/python3.8/site-packages/airflow/example_dags/example_branch_python_dop_operator_3.py took 0.096 seconds
[2025-09-03T20:13:43.940+0200] {processor.py:153} INFO - Started process (PID=4750) to work on /home/varun/miniconda3/envs/python38/lib/python3.8/site-packages/airflow/example_dags/example_branch_python_dop_operator_3.py
[2025-09-03T20:13:43.942+0200] {processor.py:743} INFO - Processing file /home/varun/miniconda3/envs/python38/lib/python3.8/site-packages/airflow/example_dags/example_branch_python_dop_operator_3.py for tasks to queue
[2025-09-03T20:13:43.942+0200] {logging_mixin.py:137} INFO - [2025-09-03T20:13:43.942+0200] {dagbag.py:532} INFO - Filling up the DagBag from /home/varun/miniconda3/envs/python38/lib/python3.8/site-packages/airflow/example_dags/example_branch_python_dop_operator_3.py
[2025-09-03T20:13:43.963+0200] {processor.py:753} INFO - DAG(s) dict_keys(['example_branch_dop_operator_v3']) retrieved from /home/varun/miniconda3/envs/python38/lib/python3.8/site-packages/airflow/example_dags/example_branch_python_dop_operator_3.py
[2025-09-03T20:13:43.984+0200] {logging_mixin.py:137} INFO - [2025-09-03T20:13:43.984+0200] {dag.py:2705} INFO - Sync 1 DAGs
[2025-09-03T20:13:44.004+0200] {logging_mixin.py:137} INFO - [2025-09-03T20:13:44.004+0200] {dag.py:3452} INFO - Setting next_dagrun for example_branch_dop_operator_v3 to 2025-09-03T18:12:00+00:00, run_after=2025-09-03T18:13:00+00:00
[2025-09-03T20:13:44.025+0200] {processor.py:175} INFO - Processing /home/varun/miniconda3/envs/python38/lib/python3.8/site-packages/airflow/example_dags/example_branch_python_dop_operator_3.py took 0.088 seconds
[2025-09-03T20:14:27.649+0200] {processor.py:153} INFO - Started process (PID=4792) to work on /home/varun/miniconda3/envs/python38/lib/python3.8/site-packages/airflow/example_dags/example_branch_python_dop_operator_3.py
[2025-09-03T20:14:27.650+0200] {processor.py:743} INFO - Processing file /home/varun/miniconda3/envs/python38/lib/python3.8/site-packages/airflow/example_dags/example_branch_python_dop_operator_3.py for tasks to queue
[2025-09-03T20:14:27.651+0200] {logging_mixin.py:137} INFO - [2025-09-03T20:14:27.651+0200] {dagbag.py:532} INFO - Filling up the DagBag from /home/varun/miniconda3/envs/python38/lib/python3.8/site-packages/airflow/example_dags/example_branch_python_dop_operator_3.py
[2025-09-03T20:14:27.670+0200] {processor.py:753} INFO - DAG(s) dict_keys(['example_branch_dop_operator_v3']) retrieved from /home/varun/miniconda3/envs/python38/lib/python3.8/site-packages/airflow/example_dags/example_branch_python_dop_operator_3.py
[2025-09-03T20:14:27.687+0200] {logging_mixin.py:137} INFO - [2025-09-03T20:14:27.686+0200] {dag.py:2705} INFO - Sync 1 DAGs
[2025-09-03T20:14:27.706+0200] {logging_mixin.py:137} INFO - [2025-09-03T20:14:27.706+0200] {dag.py:3452} INFO - Setting next_dagrun for example_branch_dop_operator_v3 to 2025-09-03T18:13:00+00:00, run_after=2025-09-03T18:14:00+00:00
[2025-09-03T20:14:27.729+0200] {processor.py:175} INFO - Processing /home/varun/miniconda3/envs/python38/lib/python3.8/site-packages/airflow/example_dags/example_branch_python_dop_operator_3.py took 0.083 seconds
[2025-09-03T20:15:10.809+0200] {processor.py:153} INFO - Started process (PID=4834) to work on /home/varun/miniconda3/envs/python38/lib/python3.8/site-packages/airflow/example_dags/example_branch_python_dop_operator_3.py
[2025-09-03T20:15:10.811+0200] {processor.py:743} INFO - Processing file /home/varun/miniconda3/envs/python38/lib/python3.8/site-packages/airflow/example_dags/example_branch_python_dop_operator_3.py for tasks to queue
[2025-09-03T20:15:10.811+0200] {logging_mixin.py:137} INFO - [2025-09-03T20:15:10.811+0200] {dagbag.py:532} INFO - Filling up the DagBag from /home/varun/miniconda3/envs/python38/lib/python3.8/site-packages/airflow/example_dags/example_branch_python_dop_operator_3.py
[2025-09-03T20:15:10.834+0200] {processor.py:753} INFO - DAG(s) dict_keys(['example_branch_dop_operator_v3']) retrieved from /home/varun/miniconda3/envs/python38/lib/python3.8/site-packages/airflow/example_dags/example_branch_python_dop_operator_3.py
[2025-09-03T20:15:10.862+0200] {logging_mixin.py:137} INFO - [2025-09-03T20:15:10.862+0200] {dag.py:2705} INFO - Sync 1 DAGs
[2025-09-03T20:15:10.887+0200] {logging_mixin.py:137} INFO - [2025-09-03T20:15:10.886+0200] {dag.py:3452} INFO - Setting next_dagrun for example_branch_dop_operator_v3 to 2025-09-03T18:14:00+00:00, run_after=2025-09-03T18:15:00+00:00
[2025-09-03T20:15:10.911+0200] {processor.py:175} INFO - Processing /home/varun/miniconda3/envs/python38/lib/python3.8/site-packages/airflow/example_dags/example_branch_python_dop_operator_3.py took 0.105 seconds
[2025-09-03T20:15:59.325+0200] {processor.py:153} INFO - Started process (PID=4876) to work on /home/varun/miniconda3/envs/python38/lib/python3.8/site-packages/airflow/example_dags/example_branch_python_dop_operator_3.py
[2025-09-03T20:15:59.327+0200] {processor.py:743} INFO - Processing file /home/varun/miniconda3/envs/python38/lib/python3.8/site-packages/airflow/example_dags/example_branch_python_dop_operator_3.py for tasks to queue
[2025-09-03T20:15:59.328+0200] {logging_mixin.py:137} INFO - [2025-09-03T20:15:59.328+0200] {dagbag.py:532} INFO - Filling up the DagBag from /home/varun/miniconda3/envs/python38/lib/python3.8/site-packages/airflow/example_dags/example_branch_python_dop_operator_3.py
[2025-09-03T20:15:59.347+0200] {processor.py:753} INFO - DAG(s) dict_keys(['example_branch_dop_operator_v3']) retrieved from /home/varun/miniconda3/envs/python38/lib/python3.8/site-packages/airflow/example_dags/example_branch_python_dop_operator_3.py
[2025-09-03T20:15:59.363+0200] {logging_mixin.py:137} INFO - [2025-09-03T20:15:59.363+0200] {dag.py:2705} INFO - Sync 1 DAGs
[2025-09-03T20:15:59.381+0200] {logging_mixin.py:137} INFO - [2025-09-03T20:15:59.380+0200] {dag.py:3452} INFO - Setting next_dagrun for example_branch_dop_operator_v3 to 2025-09-03T18:14:00+00:00, run_after=2025-09-03T18:15:00+00:00
[2025-09-03T20:15:59.404+0200] {processor.py:175} INFO - Processing /home/varun/miniconda3/envs/python38/lib/python3.8/site-packages/airflow/example_dags/example_branch_python_dop_operator_3.py took 0.082 seconds
[2025-09-03T20:16:44.037+0200] {processor.py:153} INFO - Started process (PID=4918) to work on /home/varun/miniconda3/envs/python38/lib/python3.8/site-packages/airflow/example_dags/example_branch_python_dop_operator_3.py
[2025-09-03T20:16:44.039+0200] {processor.py:743} INFO - Processing file /home/varun/miniconda3/envs/python38/lib/python3.8/site-packages/airflow/example_dags/example_branch_python_dop_operator_3.py for tasks to queue
[2025-09-03T20:16:44.040+0200] {logging_mixin.py:137} INFO - [2025-09-03T20:16:44.039+0200] {dagbag.py:532} INFO - Filling up the DagBag from /home/varun/miniconda3/envs/python38/lib/python3.8/site-packages/airflow/example_dags/example_branch_python_dop_operator_3.py
[2025-09-03T20:16:44.058+0200] {processor.py:753} INFO - DAG(s) dict_keys(['example_branch_dop_operator_v3']) retrieved from /home/varun/miniconda3/envs/python38/lib/python3.8/site-packages/airflow/example_dags/example_branch_python_dop_operator_3.py
[2025-09-03T20:16:44.079+0200] {logging_mixin.py:137} INFO - [2025-09-03T20:16:44.078+0200] {dag.py:2705} INFO - Sync 1 DAGs
[2025-09-03T20:16:44.099+0200] {logging_mixin.py:137} INFO - [2025-09-03T20:16:44.099+0200] {dag.py:3452} INFO - Setting next_dagrun for example_branch_dop_operator_v3 to 2025-09-03T18:15:00+00:00, run_after=2025-09-03T18:16:00+00:00
[2025-09-03T20:16:44.120+0200] {processor.py:175} INFO - Processing /home/varun/miniconda3/envs/python38/lib/python3.8/site-packages/airflow/example_dags/example_branch_python_dop_operator_3.py took 0.087 seconds
[2025-09-03T20:17:29.513+0200] {processor.py:153} INFO - Started process (PID=4963) to work on /home/varun/miniconda3/envs/python38/lib/python3.8/site-packages/airflow/example_dags/example_branch_python_dop_operator_3.py
[2025-09-03T20:17:29.515+0200] {processor.py:743} INFO - Processing file /home/varun/miniconda3/envs/python38/lib/python3.8/site-packages/airflow/example_dags/example_branch_python_dop_operator_3.py for tasks to queue
[2025-09-03T20:17:29.515+0200] {logging_mixin.py:137} INFO - [2025-09-03T20:17:29.515+0200] {dagbag.py:532} INFO - Filling up the DagBag from /home/varun/miniconda3/envs/python38/lib/python3.8/site-packages/airflow/example_dags/example_branch_python_dop_operator_3.py
[2025-09-03T20:17:29.539+0200] {processor.py:753} INFO - DAG(s) dict_keys(['example_branch_dop_operator_v3']) retrieved from /home/varun/miniconda3/envs/python38/lib/python3.8/site-packages/airflow/example_dags/example_branch_python_dop_operator_3.py
[2025-09-03T20:17:29.557+0200] {logging_mixin.py:137} INFO - [2025-09-03T20:17:29.557+0200] {dag.py:2705} INFO - Sync 1 DAGs
[2025-09-03T20:17:29.576+0200] {logging_mixin.py:137} INFO - [2025-09-03T20:17:29.576+0200] {dag.py:3452} INFO - Setting next_dagrun for example_branch_dop_operator_v3 to 2025-09-03T18:16:00+00:00, run_after=2025-09-03T18:17:00+00:00
[2025-09-03T20:17:29.599+0200] {processor.py:175} INFO - Processing /home/varun/miniconda3/envs/python38/lib/python3.8/site-packages/airflow/example_dags/example_branch_python_dop_operator_3.py took 0.089 seconds
[2025-09-03T20:18:13.151+0200] {processor.py:153} INFO - Started process (PID=5006) to work on /home/varun/miniconda3/envs/python38/lib/python3.8/site-packages/airflow/example_dags/example_branch_python_dop_operator_3.py
[2025-09-03T20:18:13.153+0200] {processor.py:743} INFO - Processing file /home/varun/miniconda3/envs/python38/lib/python3.8/site-packages/airflow/example_dags/example_branch_python_dop_operator_3.py for tasks to queue
[2025-09-03T20:18:13.154+0200] {logging_mixin.py:137} INFO - [2025-09-03T20:18:13.154+0200] {dagbag.py:532} INFO - Filling up the DagBag from /home/varun/miniconda3/envs/python38/lib/python3.8/site-packages/airflow/example_dags/example_branch_python_dop_operator_3.py
[2025-09-03T20:18:13.177+0200] {processor.py:753} INFO - DAG(s) dict_keys(['example_branch_dop_operator_v3']) retrieved from /home/varun/miniconda3/envs/python38/lib/python3.8/site-packages/airflow/example_dags/example_branch_python_dop_operator_3.py
[2025-09-03T20:18:13.205+0200] {logging_mixin.py:137} INFO - [2025-09-03T20:18:13.205+0200] {dag.py:2705} INFO - Sync 1 DAGs
[2025-09-03T20:18:13.230+0200] {logging_mixin.py:137} INFO - [2025-09-03T20:18:13.229+0200] {dag.py:3452} INFO - Setting next_dagrun for example_branch_dop_operator_v3 to 2025-09-03T18:17:00+00:00, run_after=2025-09-03T18:18:00+00:00
[2025-09-03T20:18:13.262+0200] {processor.py:175} INFO - Processing /home/varun/miniconda3/envs/python38/lib/python3.8/site-packages/airflow/example_dags/example_branch_python_dop_operator_3.py took 0.114 seconds
[2025-09-03T20:19:03.794+0200] {processor.py:153} INFO - Started process (PID=5048) to work on /home/varun/miniconda3/envs/python38/lib/python3.8/site-packages/airflow/example_dags/example_branch_python_dop_operator_3.py
[2025-09-03T20:19:03.796+0200] {processor.py:743} INFO - Processing file /home/varun/miniconda3/envs/python38/lib/python3.8/site-packages/airflow/example_dags/example_branch_python_dop_operator_3.py for tasks to queue
[2025-09-03T20:19:03.796+0200] {logging_mixin.py:137} INFO - [2025-09-03T20:19:03.796+0200] {dagbag.py:532} INFO - Filling up the DagBag from /home/varun/miniconda3/envs/python38/lib/python3.8/site-packages/airflow/example_dags/example_branch_python_dop_operator_3.py
[2025-09-03T20:19:03.816+0200] {processor.py:753} INFO - DAG(s) dict_keys(['example_branch_dop_operator_v3']) retrieved from /home/varun/miniconda3/envs/python38/lib/python3.8/site-packages/airflow/example_dags/example_branch_python_dop_operator_3.py
[2025-09-03T20:19:03.832+0200] {logging_mixin.py:137} INFO - [2025-09-03T20:19:03.832+0200] {dag.py:2705} INFO - Sync 1 DAGs
[2025-09-03T20:19:03.850+0200] {logging_mixin.py:137} INFO - [2025-09-03T20:19:03.850+0200] {dag.py:3452} INFO - Setting next_dagrun for example_branch_dop_operator_v3 to 2025-09-03T18:18:00+00:00, run_after=2025-09-03T18:19:00+00:00
[2025-09-03T20:19:03.997+0200] {processor.py:175} INFO - Processing /home/varun/miniconda3/envs/python38/lib/python3.8/site-packages/airflow/example_dags/example_branch_python_dop_operator_3.py took 0.206 seconds
[2025-09-03T20:19:53.121+0200] {processor.py:153} INFO - Started process (PID=5090) to work on /home/varun/miniconda3/envs/python38/lib/python3.8/site-packages/airflow/example_dags/example_branch_python_dop_operator_3.py
[2025-09-03T20:19:53.122+0200] {processor.py:743} INFO - Processing file /home/varun/miniconda3/envs/python38/lib/python3.8/site-packages/airflow/example_dags/example_branch_python_dop_operator_3.py for tasks to queue
[2025-09-03T20:19:53.123+0200] {logging_mixin.py:137} INFO - [2025-09-03T20:19:53.122+0200] {dagbag.py:532} INFO - Filling up the DagBag from /home/varun/miniconda3/envs/python38/lib/python3.8/site-packages/airflow/example_dags/example_branch_python_dop_operator_3.py
[2025-09-03T20:19:53.142+0200] {processor.py:753} INFO - DAG(s) dict_keys(['example_branch_dop_operator_v3']) retrieved from /home/varun/miniconda3/envs/python38/lib/python3.8/site-packages/airflow/example_dags/example_branch_python_dop_operator_3.py
[2025-09-03T20:19:53.159+0200] {logging_mixin.py:137} INFO - [2025-09-03T20:19:53.159+0200] {dag.py:2705} INFO - Sync 1 DAGs
[2025-09-03T20:19:53.287+0200] {logging_mixin.py:137} INFO - [2025-09-03T20:19:53.286+0200] {dag.py:3452} INFO - Setting next_dagrun for example_branch_dop_operator_v3 to 2025-09-03T18:18:00+00:00, run_after=2025-09-03T18:19:00+00:00
[2025-09-03T20:19:53.307+0200] {processor.py:175} INFO - Processing /home/varun/miniconda3/envs/python38/lib/python3.8/site-packages/airflow/example_dags/example_branch_python_dop_operator_3.py took 0.190 seconds
[2025-09-03T20:20:46.640+0200] {processor.py:153} INFO - Started process (PID=5132) to work on /home/varun/miniconda3/envs/python38/lib/python3.8/site-packages/airflow/example_dags/example_branch_python_dop_operator_3.py
[2025-09-03T20:20:46.642+0200] {processor.py:743} INFO - Processing file /home/varun/miniconda3/envs/python38/lib/python3.8/site-packages/airflow/example_dags/example_branch_python_dop_operator_3.py for tasks to queue
[2025-09-03T20:20:46.643+0200] {logging_mixin.py:137} INFO - [2025-09-03T20:20:46.643+0200] {dagbag.py:532} INFO - Filling up the DagBag from /home/varun/miniconda3/envs/python38/lib/python3.8/site-packages/airflow/example_dags/example_branch_python_dop_operator_3.py
[2025-09-03T20:20:46.667+0200] {processor.py:753} INFO - DAG(s) dict_keys(['example_branch_dop_operator_v3']) retrieved from /home/varun/miniconda3/envs/python38/lib/python3.8/site-packages/airflow/example_dags/example_branch_python_dop_operator_3.py
[2025-09-03T20:20:46.798+0200] {logging_mixin.py:137} INFO - [2025-09-03T20:20:46.798+0200] {dag.py:2705} INFO - Sync 1 DAGs
[2025-09-03T20:20:46.821+0200] {logging_mixin.py:137} INFO - [2025-09-03T20:20:46.821+0200] {dag.py:3452} INFO - Setting next_dagrun for example_branch_dop_operator_v3 to 2025-09-03T18:19:00+00:00, run_after=2025-09-03T18:20:00+00:00
[2025-09-03T20:20:46.853+0200] {processor.py:175} INFO - Processing /home/varun/miniconda3/envs/python38/lib/python3.8/site-packages/airflow/example_dags/example_branch_python_dop_operator_3.py took 0.217 seconds
[2025-09-03T20:21:35.993+0200] {processor.py:153} INFO - Started process (PID=5174) to work on /home/varun/miniconda3/envs/python38/lib/python3.8/site-packages/airflow/example_dags/example_branch_python_dop_operator_3.py
[2025-09-03T20:21:35.995+0200] {processor.py:743} INFO - Processing file /home/varun/miniconda3/envs/python38/lib/python3.8/site-packages/airflow/example_dags/example_branch_python_dop_operator_3.py for tasks to queue
[2025-09-03T20:21:35.996+0200] {logging_mixin.py:137} INFO - [2025-09-03T20:21:35.996+0200] {dagbag.py:532} INFO - Filling up the DagBag from /home/varun/miniconda3/envs/python38/lib/python3.8/site-packages/airflow/example_dags/example_branch_python_dop_operator_3.py
[2025-09-03T20:21:36.017+0200] {processor.py:753} INFO - DAG(s) dict_keys(['example_branch_dop_operator_v3']) retrieved from /home/varun/miniconda3/envs/python38/lib/python3.8/site-packages/airflow/example_dags/example_branch_python_dop_operator_3.py
[2025-09-03T20:21:36.141+0200] {logging_mixin.py:137} INFO - [2025-09-03T20:21:36.140+0200] {dag.py:2705} INFO - Sync 1 DAGs
[2025-09-03T20:21:36.158+0200] {logging_mixin.py:137} INFO - [2025-09-03T20:21:36.158+0200] {dag.py:3452} INFO - Setting next_dagrun for example_branch_dop_operator_v3 to 2025-09-03T18:20:00+00:00, run_after=2025-09-03T18:21:00+00:00
[2025-09-03T20:21:36.181+0200] {processor.py:175} INFO - Processing /home/varun/miniconda3/envs/python38/lib/python3.8/site-packages/airflow/example_dags/example_branch_python_dop_operator_3.py took 0.191 seconds
[2025-09-03T20:22:29.312+0200] {processor.py:153} INFO - Started process (PID=5216) to work on /home/varun/miniconda3/envs/python38/lib/python3.8/site-packages/airflow/example_dags/example_branch_python_dop_operator_3.py
[2025-09-03T20:22:29.313+0200] {processor.py:743} INFO - Processing file /home/varun/miniconda3/envs/python38/lib/python3.8/site-packages/airflow/example_dags/example_branch_python_dop_operator_3.py for tasks to queue
[2025-09-03T20:22:29.314+0200] {logging_mixin.py:137} INFO - [2025-09-03T20:22:29.314+0200] {dagbag.py:532} INFO - Filling up the DagBag from /home/varun/miniconda3/envs/python38/lib/python3.8/site-packages/airflow/example_dags/example_branch_python_dop_operator_3.py
[2025-09-03T20:22:29.441+0200] {processor.py:753} INFO - DAG(s) dict_keys(['example_branch_dop_operator_v3']) retrieved from /home/varun/miniconda3/envs/python38/lib/python3.8/site-packages/airflow/example_dags/example_branch_python_dop_operator_3.py
[2025-09-03T20:22:29.454+0200] {logging_mixin.py:137} INFO - [2025-09-03T20:22:29.454+0200] {dag.py:2705} INFO - Sync 1 DAGs
[2025-09-03T20:22:29.471+0200] {logging_mixin.py:137} INFO - [2025-09-03T20:22:29.470+0200] {dag.py:3452} INFO - Setting next_dagrun for example_branch_dop_operator_v3 to 2025-09-03T18:21:00+00:00, run_after=2025-09-03T18:22:00+00:00
[2025-09-03T20:22:29.493+0200] {processor.py:175} INFO - Processing /home/varun/miniconda3/envs/python38/lib/python3.8/site-packages/airflow/example_dags/example_branch_python_dop_operator_3.py took 0.186 seconds
[2025-09-03T20:23:18.704+0200] {processor.py:153} INFO - Started process (PID=5258) to work on /home/varun/miniconda3/envs/python38/lib/python3.8/site-packages/airflow/example_dags/example_branch_python_dop_operator_3.py
[2025-09-03T20:23:18.706+0200] {processor.py:743} INFO - Processing file /home/varun/miniconda3/envs/python38/lib/python3.8/site-packages/airflow/example_dags/example_branch_python_dop_operator_3.py for tasks to queue
[2025-09-03T20:23:18.706+0200] {logging_mixin.py:137} INFO - [2025-09-03T20:23:18.706+0200] {dagbag.py:532} INFO - Filling up the DagBag from /home/varun/miniconda3/envs/python38/lib/python3.8/site-packages/airflow/example_dags/example_branch_python_dop_operator_3.py
[2025-09-03T20:23:18.730+0200] {processor.py:753} INFO - DAG(s) dict_keys(['example_branch_dop_operator_v3']) retrieved from /home/varun/miniconda3/envs/python38/lib/python3.8/site-packages/airflow/example_dags/example_branch_python_dop_operator_3.py
[2025-09-03T20:23:18.748+0200] {logging_mixin.py:137} INFO - [2025-09-03T20:23:18.748+0200] {dag.py:2705} INFO - Sync 1 DAGs
[2025-09-03T20:23:18.768+0200] {logging_mixin.py:137} INFO - [2025-09-03T20:23:18.768+0200] {dag.py:3452} INFO - Setting next_dagrun for example_branch_dop_operator_v3 to 2025-09-03T18:22:00+00:00, run_after=2025-09-03T18:23:00+00:00
[2025-09-03T20:23:18.790+0200] {processor.py:175} INFO - Processing /home/varun/miniconda3/envs/python38/lib/python3.8/site-packages/airflow/example_dags/example_branch_python_dop_operator_3.py took 0.201 seconds
[2025-09-03T20:24:03.439+0200] {processor.py:153} INFO - Started process (PID=5301) to work on /home/varun/miniconda3/envs/python38/lib/python3.8/site-packages/airflow/example_dags/example_branch_python_dop_operator_3.py
[2025-09-03T20:24:03.441+0200] {processor.py:743} INFO - Processing file /home/varun/miniconda3/envs/python38/lib/python3.8/site-packages/airflow/example_dags/example_branch_python_dop_operator_3.py for tasks to queue
[2025-09-03T20:24:03.442+0200] {logging_mixin.py:137} INFO - [2025-09-03T20:24:03.442+0200] {dagbag.py:532} INFO - Filling up the DagBag from /home/varun/miniconda3/envs/python38/lib/python3.8/site-packages/airflow/example_dags/example_branch_python_dop_operator_3.py
[2025-09-03T20:24:03.461+0200] {processor.py:753} INFO - DAG(s) dict_keys(['example_branch_dop_operator_v3']) retrieved from /home/varun/miniconda3/envs/python38/lib/python3.8/site-packages/airflow/example_dags/example_branch_python_dop_operator_3.py
[2025-09-03T20:24:03.482+0200] {logging_mixin.py:137} INFO - [2025-09-03T20:24:03.482+0200] {dag.py:2705} INFO - Sync 1 DAGs
[2025-09-03T20:24:03.503+0200] {logging_mixin.py:137} INFO - [2025-09-03T20:24:03.503+0200] {dag.py:3452} INFO - Setting next_dagrun for example_branch_dop_operator_v3 to 2025-09-03T18:23:00+00:00, run_after=2025-09-03T18:24:00+00:00
[2025-09-03T20:24:03.523+0200] {processor.py:175} INFO - Processing /home/varun/miniconda3/envs/python38/lib/python3.8/site-packages/airflow/example_dags/example_branch_python_dop_operator_3.py took 0.087 seconds
[2025-09-03T20:24:53.259+0200] {processor.py:153} INFO - Started process (PID=5343) to work on /home/varun/miniconda3/envs/python38/lib/python3.8/site-packages/airflow/example_dags/example_branch_python_dop_operator_3.py
[2025-09-03T20:24:53.261+0200] {processor.py:743} INFO - Processing file /home/varun/miniconda3/envs/python38/lib/python3.8/site-packages/airflow/example_dags/example_branch_python_dop_operator_3.py for tasks to queue
[2025-09-03T20:24:53.261+0200] {logging_mixin.py:137} INFO - [2025-09-03T20:24:53.261+0200] {dagbag.py:532} INFO - Filling up the DagBag from /home/varun/miniconda3/envs/python38/lib/python3.8/site-packages/airflow/example_dags/example_branch_python_dop_operator_3.py
[2025-09-03T20:24:53.283+0200] {processor.py:753} INFO - DAG(s) dict_keys(['example_branch_dop_operator_v3']) retrieved from /home/varun/miniconda3/envs/python38/lib/python3.8/site-packages/airflow/example_dags/example_branch_python_dop_operator_3.py
[2025-09-03T20:24:53.307+0200] {logging_mixin.py:137} INFO - [2025-09-03T20:24:53.306+0200] {dag.py:2705} INFO - Sync 1 DAGs
[2025-09-03T20:24:53.330+0200] {logging_mixin.py:137} INFO - [2025-09-03T20:24:53.330+0200] {dag.py:3452} INFO - Setting next_dagrun for example_branch_dop_operator_v3 to 2025-09-03T18:23:00+00:00, run_after=2025-09-03T18:24:00+00:00
[2025-09-03T20:24:53.361+0200] {processor.py:175} INFO - Processing /home/varun/miniconda3/envs/python38/lib/python3.8/site-packages/airflow/example_dags/example_branch_python_dop_operator_3.py took 0.105 seconds
[2025-09-03T20:25:36.899+0200] {processor.py:153} INFO - Started process (PID=5385) to work on /home/varun/miniconda3/envs/python38/lib/python3.8/site-packages/airflow/example_dags/example_branch_python_dop_operator_3.py
[2025-09-03T20:25:36.901+0200] {processor.py:743} INFO - Processing file /home/varun/miniconda3/envs/python38/lib/python3.8/site-packages/airflow/example_dags/example_branch_python_dop_operator_3.py for tasks to queue
[2025-09-03T20:25:36.902+0200] {logging_mixin.py:137} INFO - [2025-09-03T20:25:36.901+0200] {dagbag.py:532} INFO - Filling up the DagBag from /home/varun/miniconda3/envs/python38/lib/python3.8/site-packages/airflow/example_dags/example_branch_python_dop_operator_3.py
[2025-09-03T20:25:36.921+0200] {processor.py:753} INFO - DAG(s) dict_keys(['example_branch_dop_operator_v3']) retrieved from /home/varun/miniconda3/envs/python38/lib/python3.8/site-packages/airflow/example_dags/example_branch_python_dop_operator_3.py
[2025-09-03T20:25:36.938+0200] {logging_mixin.py:137} INFO - [2025-09-03T20:25:36.938+0200] {dag.py:2705} INFO - Sync 1 DAGs
[2025-09-03T20:25:36.955+0200] {logging_mixin.py:137} INFO - [2025-09-03T20:25:36.955+0200] {dag.py:3452} INFO - Setting next_dagrun for example_branch_dop_operator_v3 to 2025-09-03T18:24:00+00:00, run_after=2025-09-03T18:25:00+00:00
[2025-09-03T20:25:36.975+0200] {processor.py:175} INFO - Processing /home/varun/miniconda3/envs/python38/lib/python3.8/site-packages/airflow/example_dags/example_branch_python_dop_operator_3.py took 0.079 seconds
[2025-09-03T20:26:20.812+0200] {processor.py:153} INFO - Started process (PID=5427) to work on /home/varun/miniconda3/envs/python38/lib/python3.8/site-packages/airflow/example_dags/example_branch_python_dop_operator_3.py
[2025-09-03T20:26:20.813+0200] {processor.py:743} INFO - Processing file /home/varun/miniconda3/envs/python38/lib/python3.8/site-packages/airflow/example_dags/example_branch_python_dop_operator_3.py for tasks to queue
[2025-09-03T20:26:20.814+0200] {logging_mixin.py:137} INFO - [2025-09-03T20:26:20.813+0200] {dagbag.py:532} INFO - Filling up the DagBag from /home/varun/miniconda3/envs/python38/lib/python3.8/site-packages/airflow/example_dags/example_branch_python_dop_operator_3.py
[2025-09-03T20:26:20.833+0200] {processor.py:753} INFO - DAG(s) dict_keys(['example_branch_dop_operator_v3']) retrieved from /home/varun/miniconda3/envs/python38/lib/python3.8/site-packages/airflow/example_dags/example_branch_python_dop_operator_3.py
[2025-09-03T20:26:20.849+0200] {logging_mixin.py:137} INFO - [2025-09-03T20:26:20.849+0200] {dag.py:2705} INFO - Sync 1 DAGs
[2025-09-03T20:26:20.866+0200] {logging_mixin.py:137} INFO - [2025-09-03T20:26:20.866+0200] {dag.py:3452} INFO - Setting next_dagrun for example_branch_dop_operator_v3 to 2025-09-03T18:25:00+00:00, run_after=2025-09-03T18:26:00+00:00
[2025-09-03T20:26:20.888+0200] {processor.py:175} INFO - Processing /home/varun/miniconda3/envs/python38/lib/python3.8/site-packages/airflow/example_dags/example_branch_python_dop_operator_3.py took 0.079 seconds
[2025-09-03T20:27:07.747+0200] {processor.py:153} INFO - Started process (PID=5469) to work on /home/varun/miniconda3/envs/python38/lib/python3.8/site-packages/airflow/example_dags/example_branch_python_dop_operator_3.py
[2025-09-03T20:27:07.749+0200] {processor.py:743} INFO - Processing file /home/varun/miniconda3/envs/python38/lib/python3.8/site-packages/airflow/example_dags/example_branch_python_dop_operator_3.py for tasks to queue
[2025-09-03T20:27:07.749+0200] {logging_mixin.py:137} INFO - [2025-09-03T20:27:07.749+0200] {dagbag.py:532} INFO - Filling up the DagBag from /home/varun/miniconda3/envs/python38/lib/python3.8/site-packages/airflow/example_dags/example_branch_python_dop_operator_3.py
[2025-09-03T20:27:07.769+0200] {processor.py:753} INFO - DAG(s) dict_keys(['example_branch_dop_operator_v3']) retrieved from /home/varun/miniconda3/envs/python38/lib/python3.8/site-packages/airflow/example_dags/example_branch_python_dop_operator_3.py
[2025-09-03T20:27:07.786+0200] {logging_mixin.py:137} INFO - [2025-09-03T20:27:07.785+0200] {dag.py:2705} INFO - Sync 1 DAGs
[2025-09-03T20:27:07.804+0200] {logging_mixin.py:137} INFO - [2025-09-03T20:27:07.803+0200] {dag.py:3452} INFO - Setting next_dagrun for example_branch_dop_operator_v3 to 2025-09-03T18:26:00+00:00, run_after=2025-09-03T18:27:00+00:00
[2025-09-03T20:27:07.824+0200] {processor.py:175} INFO - Processing /home/varun/miniconda3/envs/python38/lib/python3.8/site-packages/airflow/example_dags/example_branch_python_dop_operator_3.py took 0.080 seconds
[2025-09-03T20:27:56.821+0200] {processor.py:153} INFO - Started process (PID=5511) to work on /home/varun/miniconda3/envs/python38/lib/python3.8/site-packages/airflow/example_dags/example_branch_python_dop_operator_3.py
[2025-09-03T20:27:56.823+0200] {processor.py:743} INFO - Processing file /home/varun/miniconda3/envs/python38/lib/python3.8/site-packages/airflow/example_dags/example_branch_python_dop_operator_3.py for tasks to queue
[2025-09-03T20:27:56.824+0200] {logging_mixin.py:137} INFO - [2025-09-03T20:27:56.823+0200] {dagbag.py:532} INFO - Filling up the DagBag from /home/varun/miniconda3/envs/python38/lib/python3.8/site-packages/airflow/example_dags/example_branch_python_dop_operator_3.py
[2025-09-03T20:27:56.842+0200] {processor.py:753} INFO - DAG(s) dict_keys(['example_branch_dop_operator_v3']) retrieved from /home/varun/miniconda3/envs/python38/lib/python3.8/site-packages/airflow/example_dags/example_branch_python_dop_operator_3.py
[2025-09-03T20:27:56.860+0200] {logging_mixin.py:137} INFO - [2025-09-03T20:27:56.859+0200] {dag.py:2705} INFO - Sync 1 DAGs
[2025-09-03T20:27:56.877+0200] {logging_mixin.py:137} INFO - [2025-09-03T20:27:56.877+0200] {dag.py:3452} INFO - Setting next_dagrun for example_branch_dop_operator_v3 to 2025-09-03T18:26:00+00:00, run_after=2025-09-03T18:27:00+00:00
[2025-09-03T20:27:56.897+0200] {processor.py:175} INFO - Processing /home/varun/miniconda3/envs/python38/lib/python3.8/site-packages/airflow/example_dags/example_branch_python_dop_operator_3.py took 0.079 seconds
[2025-09-03T20:28:43.081+0200] {processor.py:153} INFO - Started process (PID=5553) to work on /home/varun/miniconda3/envs/python38/lib/python3.8/site-packages/airflow/example_dags/example_branch_python_dop_operator_3.py
[2025-09-03T20:28:43.082+0200] {processor.py:743} INFO - Processing file /home/varun/miniconda3/envs/python38/lib/python3.8/site-packages/airflow/example_dags/example_branch_python_dop_operator_3.py for tasks to queue
[2025-09-03T20:28:43.083+0200] {logging_mixin.py:137} INFO - [2025-09-03T20:28:43.083+0200] {dagbag.py:532} INFO - Filling up the DagBag from /home/varun/miniconda3/envs/python38/lib/python3.8/site-packages/airflow/example_dags/example_branch_python_dop_operator_3.py
[2025-09-03T20:28:43.106+0200] {processor.py:753} INFO - DAG(s) dict_keys(['example_branch_dop_operator_v3']) retrieved from /home/varun/miniconda3/envs/python38/lib/python3.8/site-packages/airflow/example_dags/example_branch_python_dop_operator_3.py
[2025-09-03T20:28:43.127+0200] {logging_mixin.py:137} INFO - [2025-09-03T20:28:43.127+0200] {dag.py:2705} INFO - Sync 1 DAGs
[2025-09-03T20:28:43.146+0200] {logging_mixin.py:137} INFO - [2025-09-03T20:28:43.146+0200] {dag.py:3452} INFO - Setting next_dagrun for example_branch_dop_operator_v3 to 2025-09-03T18:27:00+00:00, run_after=2025-09-03T18:28:00+00:00
[2025-09-03T20:28:43.177+0200] {processor.py:175} INFO - Processing /home/varun/miniconda3/envs/python38/lib/python3.8/site-packages/airflow/example_dags/example_branch_python_dop_operator_3.py took 0.099 seconds
[2025-09-03T20:29:28.618+0200] {processor.py:153} INFO - Started process (PID=5596) to work on /home/varun/miniconda3/envs/python38/lib/python3.8/site-packages/airflow/example_dags/example_branch_python_dop_operator_3.py
[2025-09-03T20:29:28.620+0200] {processor.py:743} INFO - Processing file /home/varun/miniconda3/envs/python38/lib/python3.8/site-packages/airflow/example_dags/example_branch_python_dop_operator_3.py for tasks to queue
[2025-09-03T20:29:28.621+0200] {logging_mixin.py:137} INFO - [2025-09-03T20:29:28.621+0200] {dagbag.py:532} INFO - Filling up the DagBag from /home/varun/miniconda3/envs/python38/lib/python3.8/site-packages/airflow/example_dags/example_branch_python_dop_operator_3.py
[2025-09-03T20:29:28.647+0200] {processor.py:753} INFO - DAG(s) dict_keys(['example_branch_dop_operator_v3']) retrieved from /home/varun/miniconda3/envs/python38/lib/python3.8/site-packages/airflow/example_dags/example_branch_python_dop_operator_3.py
[2025-09-03T20:29:28.671+0200] {logging_mixin.py:137} INFO - [2025-09-03T20:29:28.671+0200] {dag.py:2705} INFO - Sync 1 DAGs
[2025-09-03T20:29:28.692+0200] {logging_mixin.py:137} INFO - [2025-09-03T20:29:28.692+0200] {dag.py:3452} INFO - Setting next_dagrun for example_branch_dop_operator_v3 to 2025-09-03T18:28:00+00:00, run_after=2025-09-03T18:29:00+00:00
[2025-09-03T20:29:28.717+0200] {processor.py:175} INFO - Processing /home/varun/miniconda3/envs/python38/lib/python3.8/site-packages/airflow/example_dags/example_branch_python_dop_operator_3.py took 0.104 seconds
[2025-09-03T20:30:18.344+0200] {processor.py:153} INFO - Started process (PID=5638) to work on /home/varun/miniconda3/envs/python38/lib/python3.8/site-packages/airflow/example_dags/example_branch_python_dop_operator_3.py
[2025-09-03T20:30:18.345+0200] {processor.py:743} INFO - Processing file /home/varun/miniconda3/envs/python38/lib/python3.8/site-packages/airflow/example_dags/example_branch_python_dop_operator_3.py for tasks to queue
[2025-09-03T20:30:18.346+0200] {logging_mixin.py:137} INFO - [2025-09-03T20:30:18.346+0200] {dagbag.py:532} INFO - Filling up the DagBag from /home/varun/miniconda3/envs/python38/lib/python3.8/site-packages/airflow/example_dags/example_branch_python_dop_operator_3.py
[2025-09-03T20:30:18.372+0200] {processor.py:753} INFO - DAG(s) dict_keys(['example_branch_dop_operator_v3']) retrieved from /home/varun/miniconda3/envs/python38/lib/python3.8/site-packages/airflow/example_dags/example_branch_python_dop_operator_3.py
[2025-09-03T20:30:18.394+0200] {logging_mixin.py:137} INFO - [2025-09-03T20:30:18.393+0200] {dag.py:2705} INFO - Sync 1 DAGs
[2025-09-03T20:30:18.415+0200] {logging_mixin.py:137} INFO - [2025-09-03T20:30:18.415+0200] {dag.py:3452} INFO - Setting next_dagrun for example_branch_dop_operator_v3 to 2025-09-03T18:29:00+00:00, run_after=2025-09-03T18:30:00+00:00
[2025-09-03T20:30:18.448+0200] {processor.py:175} INFO - Processing /home/varun/miniconda3/envs/python38/lib/python3.8/site-packages/airflow/example_dags/example_branch_python_dop_operator_3.py took 0.108 seconds
[2025-09-03T20:31:01.682+0200] {processor.py:153} INFO - Started process (PID=5680) to work on /home/varun/miniconda3/envs/python38/lib/python3.8/site-packages/airflow/example_dags/example_branch_python_dop_operator_3.py
[2025-09-03T20:31:01.684+0200] {processor.py:743} INFO - Processing file /home/varun/miniconda3/envs/python38/lib/python3.8/site-packages/airflow/example_dags/example_branch_python_dop_operator_3.py for tasks to queue
[2025-09-03T20:31:01.685+0200] {logging_mixin.py:137} INFO - [2025-09-03T20:31:01.685+0200] {dagbag.py:532} INFO - Filling up the DagBag from /home/varun/miniconda3/envs/python38/lib/python3.8/site-packages/airflow/example_dags/example_branch_python_dop_operator_3.py
[2025-09-03T20:31:01.705+0200] {processor.py:753} INFO - DAG(s) dict_keys(['example_branch_dop_operator_v3']) retrieved from /home/varun/miniconda3/envs/python38/lib/python3.8/site-packages/airflow/example_dags/example_branch_python_dop_operator_3.py
[2025-09-03T20:31:01.721+0200] {logging_mixin.py:137} INFO - [2025-09-03T20:31:01.721+0200] {dag.py:2705} INFO - Sync 1 DAGs
[2025-09-03T20:31:01.740+0200] {logging_mixin.py:137} INFO - [2025-09-03T20:31:01.740+0200] {dag.py:3452} INFO - Setting next_dagrun for example_branch_dop_operator_v3 to 2025-09-03T18:30:00+00:00, run_after=2025-09-03T18:31:00+00:00
[2025-09-03T20:31:01.762+0200] {processor.py:175} INFO - Processing /home/varun/miniconda3/envs/python38/lib/python3.8/site-packages/airflow/example_dags/example_branch_python_dop_operator_3.py took 0.083 seconds
[2025-09-03T20:31:46.848+0200] {processor.py:153} INFO - Started process (PID=5722) to work on /home/varun/miniconda3/envs/python38/lib/python3.8/site-packages/airflow/example_dags/example_branch_python_dop_operator_3.py
[2025-09-03T20:31:46.849+0200] {processor.py:743} INFO - Processing file /home/varun/miniconda3/envs/python38/lib/python3.8/site-packages/airflow/example_dags/example_branch_python_dop_operator_3.py for tasks to queue
[2025-09-03T20:31:46.850+0200] {logging_mixin.py:137} INFO - [2025-09-03T20:31:46.850+0200] {dagbag.py:532} INFO - Filling up the DagBag from /home/varun/miniconda3/envs/python38/lib/python3.8/site-packages/airflow/example_dags/example_branch_python_dop_operator_3.py
[2025-09-03T20:31:46.872+0200] {processor.py:753} INFO - DAG(s) dict_keys(['example_branch_dop_operator_v3']) retrieved from /home/varun/miniconda3/envs/python38/lib/python3.8/site-packages/airflow/example_dags/example_branch_python_dop_operator_3.py
[2025-09-03T20:31:46.889+0200] {logging_mixin.py:137} INFO - [2025-09-03T20:31:46.889+0200] {dag.py:2705} INFO - Sync 1 DAGs
[2025-09-03T20:31:46.912+0200] {logging_mixin.py:137} INFO - [2025-09-03T20:31:46.912+0200] {dag.py:3452} INFO - Setting next_dagrun for example_branch_dop_operator_v3 to 2025-09-03T18:30:00+00:00, run_after=2025-09-03T18:31:00+00:00
[2025-09-03T20:31:46.936+0200] {processor.py:175} INFO - Processing /home/varun/miniconda3/envs/python38/lib/python3.8/site-packages/airflow/example_dags/example_branch_python_dop_operator_3.py took 0.091 seconds
[2025-09-03T20:32:31.567+0200] {processor.py:153} INFO - Started process (PID=5764) to work on /home/varun/miniconda3/envs/python38/lib/python3.8/site-packages/airflow/example_dags/example_branch_python_dop_operator_3.py
[2025-09-03T20:32:31.569+0200] {processor.py:743} INFO - Processing file /home/varun/miniconda3/envs/python38/lib/python3.8/site-packages/airflow/example_dags/example_branch_python_dop_operator_3.py for tasks to queue
[2025-09-03T20:32:31.569+0200] {logging_mixin.py:137} INFO - [2025-09-03T20:32:31.569+0200] {dagbag.py:532} INFO - Filling up the DagBag from /home/varun/miniconda3/envs/python38/lib/python3.8/site-packages/airflow/example_dags/example_branch_python_dop_operator_3.py
[2025-09-03T20:32:31.588+0200] {processor.py:753} INFO - DAG(s) dict_keys(['example_branch_dop_operator_v3']) retrieved from /home/varun/miniconda3/envs/python38/lib/python3.8/site-packages/airflow/example_dags/example_branch_python_dop_operator_3.py
[2025-09-03T20:32:31.606+0200] {logging_mixin.py:137} INFO - [2025-09-03T20:32:31.606+0200] {dag.py:2705} INFO - Sync 1 DAGs
[2025-09-03T20:32:31.623+0200] {logging_mixin.py:137} INFO - [2025-09-03T20:32:31.623+0200] {dag.py:3452} INFO - Setting next_dagrun for example_branch_dop_operator_v3 to 2025-09-03T18:31:00+00:00, run_after=2025-09-03T18:32:00+00:00
[2025-09-03T20:32:31.643+0200] {processor.py:175} INFO - Processing /home/varun/miniconda3/envs/python38/lib/python3.8/site-packages/airflow/example_dags/example_branch_python_dop_operator_3.py took 0.078 seconds
[2025-09-03T20:33:20.146+0200] {processor.py:153} INFO - Started process (PID=5806) to work on /home/varun/miniconda3/envs/python38/lib/python3.8/site-packages/airflow/example_dags/example_branch_python_dop_operator_3.py
[2025-09-03T20:33:20.147+0200] {processor.py:743} INFO - Processing file /home/varun/miniconda3/envs/python38/lib/python3.8/site-packages/airflow/example_dags/example_branch_python_dop_operator_3.py for tasks to queue
[2025-09-03T20:33:20.148+0200] {logging_mixin.py:137} INFO - [2025-09-03T20:33:20.148+0200] {dagbag.py:532} INFO - Filling up the DagBag from /home/varun/miniconda3/envs/python38/lib/python3.8/site-packages/airflow/example_dags/example_branch_python_dop_operator_3.py
[2025-09-03T20:33:20.167+0200] {processor.py:753} INFO - DAG(s) dict_keys(['example_branch_dop_operator_v3']) retrieved from /home/varun/miniconda3/envs/python38/lib/python3.8/site-packages/airflow/example_dags/example_branch_python_dop_operator_3.py
[2025-09-03T20:33:20.184+0200] {logging_mixin.py:137} INFO - [2025-09-03T20:33:20.183+0200] {dag.py:2705} INFO - Sync 1 DAGs
[2025-09-03T20:33:20.200+0200] {logging_mixin.py:137} INFO - [2025-09-03T20:33:20.200+0200] {dag.py:3452} INFO - Setting next_dagrun for example_branch_dop_operator_v3 to 2025-09-03T18:32:00+00:00, run_after=2025-09-03T18:33:00+00:00
[2025-09-03T20:33:20.225+0200] {processor.py:175} INFO - Processing /home/varun/miniconda3/envs/python38/lib/python3.8/site-packages/airflow/example_dags/example_branch_python_dop_operator_3.py took 0.083 seconds
[2025-09-03T20:34:06.446+0200] {processor.py:153} INFO - Started process (PID=5848) to work on /home/varun/miniconda3/envs/python38/lib/python3.8/site-packages/airflow/example_dags/example_branch_python_dop_operator_3.py
[2025-09-03T20:34:06.447+0200] {processor.py:743} INFO - Processing file /home/varun/miniconda3/envs/python38/lib/python3.8/site-packages/airflow/example_dags/example_branch_python_dop_operator_3.py for tasks to queue
[2025-09-03T20:34:06.448+0200] {logging_mixin.py:137} INFO - [2025-09-03T20:34:06.448+0200] {dagbag.py:532} INFO - Filling up the DagBag from /home/varun/miniconda3/envs/python38/lib/python3.8/site-packages/airflow/example_dags/example_branch_python_dop_operator_3.py
[2025-09-03T20:34:06.468+0200] {processor.py:753} INFO - DAG(s) dict_keys(['example_branch_dop_operator_v3']) retrieved from /home/varun/miniconda3/envs/python38/lib/python3.8/site-packages/airflow/example_dags/example_branch_python_dop_operator_3.py
[2025-09-03T20:34:06.488+0200] {logging_mixin.py:137} INFO - [2025-09-03T20:34:06.488+0200] {dag.py:2705} INFO - Sync 1 DAGs
[2025-09-03T20:34:06.512+0200] {logging_mixin.py:137} INFO - [2025-09-03T20:34:06.512+0200] {dag.py:3452} INFO - Setting next_dagrun for example_branch_dop_operator_v3 to 2025-09-03T18:33:00+00:00, run_after=2025-09-03T18:34:00+00:00
[2025-09-03T20:34:06.538+0200] {processor.py:175} INFO - Processing /home/varun/miniconda3/envs/python38/lib/python3.8/site-packages/airflow/example_dags/example_branch_python_dop_operator_3.py took 0.096 seconds
[2025-09-03T20:34:50.676+0200] {processor.py:153} INFO - Started process (PID=5891) to work on /home/varun/miniconda3/envs/python38/lib/python3.8/site-packages/airflow/example_dags/example_branch_python_dop_operator_3.py
[2025-09-03T20:34:50.677+0200] {processor.py:743} INFO - Processing file /home/varun/miniconda3/envs/python38/lib/python3.8/site-packages/airflow/example_dags/example_branch_python_dop_operator_3.py for tasks to queue
[2025-09-03T20:34:50.678+0200] {logging_mixin.py:137} INFO - [2025-09-03T20:34:50.678+0200] {dagbag.py:532} INFO - Filling up the DagBag from /home/varun/miniconda3/envs/python38/lib/python3.8/site-packages/airflow/example_dags/example_branch_python_dop_operator_3.py
[2025-09-03T20:34:50.699+0200] {processor.py:753} INFO - DAG(s) dict_keys(['example_branch_dop_operator_v3']) retrieved from /home/varun/miniconda3/envs/python38/lib/python3.8/site-packages/airflow/example_dags/example_branch_python_dop_operator_3.py
[2025-09-03T20:34:50.718+0200] {logging_mixin.py:137} INFO - [2025-09-03T20:34:50.718+0200] {dag.py:2705} INFO - Sync 1 DAGs
[2025-09-03T20:34:50.740+0200] {logging_mixin.py:137} INFO - [2025-09-03T20:34:50.740+0200] {dag.py:3452} INFO - Setting next_dagrun for example_branch_dop_operator_v3 to 2025-09-03T18:33:00+00:00, run_after=2025-09-03T18:34:00+00:00
[2025-09-03T20:34:50.765+0200] {processor.py:175} INFO - Processing /home/varun/miniconda3/envs/python38/lib/python3.8/site-packages/airflow/example_dags/example_branch_python_dop_operator_3.py took 0.092 seconds
[2025-09-03T20:35:39.770+0200] {processor.py:153} INFO - Started process (PID=5933) to work on /home/varun/miniconda3/envs/python38/lib/python3.8/site-packages/airflow/example_dags/example_branch_python_dop_operator_3.py
[2025-09-03T20:35:39.771+0200] {processor.py:743} INFO - Processing file /home/varun/miniconda3/envs/python38/lib/python3.8/site-packages/airflow/example_dags/example_branch_python_dop_operator_3.py for tasks to queue
[2025-09-03T20:35:39.772+0200] {logging_mixin.py:137} INFO - [2025-09-03T20:35:39.772+0200] {dagbag.py:532} INFO - Filling up the DagBag from /home/varun/miniconda3/envs/python38/lib/python3.8/site-packages/airflow/example_dags/example_branch_python_dop_operator_3.py
[2025-09-03T20:35:39.793+0200] {processor.py:753} INFO - DAG(s) dict_keys(['example_branch_dop_operator_v3']) retrieved from /home/varun/miniconda3/envs/python38/lib/python3.8/site-packages/airflow/example_dags/example_branch_python_dop_operator_3.py
[2025-09-03T20:35:39.812+0200] {logging_mixin.py:137} INFO - [2025-09-03T20:35:39.812+0200] {dag.py:2705} INFO - Sync 1 DAGs
[2025-09-03T20:35:39.834+0200] {logging_mixin.py:137} INFO - [2025-09-03T20:35:39.834+0200] {dag.py:3452} INFO - Setting next_dagrun for example_branch_dop_operator_v3 to 2025-09-03T18:34:00+00:00, run_after=2025-09-03T18:35:00+00:00
[2025-09-03T20:35:39.858+0200] {processor.py:175} INFO - Processing /home/varun/miniconda3/envs/python38/lib/python3.8/site-packages/airflow/example_dags/example_branch_python_dop_operator_3.py took 0.091 seconds
[2025-09-03T20:36:23.979+0200] {processor.py:153} INFO - Started process (PID=5975) to work on /home/varun/miniconda3/envs/python38/lib/python3.8/site-packages/airflow/example_dags/example_branch_python_dop_operator_3.py
[2025-09-03T20:36:23.980+0200] {processor.py:743} INFO - Processing file /home/varun/miniconda3/envs/python38/lib/python3.8/site-packages/airflow/example_dags/example_branch_python_dop_operator_3.py for tasks to queue
[2025-09-03T20:36:23.981+0200] {logging_mixin.py:137} INFO - [2025-09-03T20:36:23.981+0200] {dagbag.py:532} INFO - Filling up the DagBag from /home/varun/miniconda3/envs/python38/lib/python3.8/site-packages/airflow/example_dags/example_branch_python_dop_operator_3.py
[2025-09-03T20:36:24.003+0200] {processor.py:753} INFO - DAG(s) dict_keys(['example_branch_dop_operator_v3']) retrieved from /home/varun/miniconda3/envs/python38/lib/python3.8/site-packages/airflow/example_dags/example_branch_python_dop_operator_3.py
[2025-09-03T20:36:24.024+0200] {logging_mixin.py:137} INFO - [2025-09-03T20:36:24.024+0200] {dag.py:2705} INFO - Sync 1 DAGs
[2025-09-03T20:36:24.042+0200] {logging_mixin.py:137} INFO - [2025-09-03T20:36:24.042+0200] {dag.py:3452} INFO - Setting next_dagrun for example_branch_dop_operator_v3 to 2025-09-03T18:35:00+00:00, run_after=2025-09-03T18:36:00+00:00
[2025-09-03T20:36:24.066+0200] {processor.py:175} INFO - Processing /home/varun/miniconda3/envs/python38/lib/python3.8/site-packages/airflow/example_dags/example_branch_python_dop_operator_3.py took 0.091 seconds
