[2025-09-03T19:42:24.783+0200] {processor.py:153} INFO - Started process (PID=3092) to work on /home/varun/miniconda3/envs/python38/lib/python3.8/site-packages/airflow/example_dags/example_kubernetes_executor.py
[2025-09-03T19:42:24.784+0200] {processor.py:743} INFO - Processing file /home/varun/miniconda3/envs/python38/lib/python3.8/site-packages/airflow/example_dags/example_kubernetes_executor.py for tasks to queue
[2025-09-03T19:42:24.785+0200] {logging_mixin.py:137} INFO - [2025-09-03T19:42:24.785+0200] {dagbag.py:532} INFO - Filling up the DagBag from /home/varun/miniconda3/envs/python38/lib/python3.8/site-packages/airflow/example_dags/example_kubernetes_executor.py
[2025-09-03T19:42:24.806+0200] {logging_mixin.py:137} INFO - [2025-09-03T19:42:24.805+0200] {example_kubernetes_executor.py:41} WARNING - The example_kubernetes_executor example DAG requires the kubernetes provider. Please install it with: pip install apache-airflow[cncf.kubernetes]
[2025-09-03T19:42:24.806+0200] {processor.py:755} WARNING - No viable dags retrieved from /home/varun/miniconda3/envs/python38/lib/python3.8/site-packages/airflow/example_dags/example_kubernetes_executor.py
[2025-09-03T19:42:24.818+0200] {processor.py:175} INFO - Processing /home/varun/miniconda3/envs/python38/lib/python3.8/site-packages/airflow/example_dags/example_kubernetes_executor.py took 0.039 seconds
[2025-09-03T19:43:17.985+0200] {processor.py:153} INFO - Started process (PID=3134) to work on /home/varun/miniconda3/envs/python38/lib/python3.8/site-packages/airflow/example_dags/example_kubernetes_executor.py
[2025-09-03T19:43:17.987+0200] {processor.py:743} INFO - Processing file /home/varun/miniconda3/envs/python38/lib/python3.8/site-packages/airflow/example_dags/example_kubernetes_executor.py for tasks to queue
[2025-09-03T19:43:17.989+0200] {logging_mixin.py:137} INFO - [2025-09-03T19:43:17.989+0200] {dagbag.py:532} INFO - Filling up the DagBag from /home/varun/miniconda3/envs/python38/lib/python3.8/site-packages/airflow/example_dags/example_kubernetes_executor.py
[2025-09-03T19:43:18.025+0200] {logging_mixin.py:137} INFO - [2025-09-03T19:43:18.024+0200] {example_kubernetes_executor.py:41} WARNING - The example_kubernetes_executor example DAG requires the kubernetes provider. Please install it with: pip install apache-airflow[cncf.kubernetes]
[2025-09-03T19:43:18.025+0200] {processor.py:755} WARNING - No viable dags retrieved from /home/varun/miniconda3/envs/python38/lib/python3.8/site-packages/airflow/example_dags/example_kubernetes_executor.py
[2025-09-03T19:43:18.042+0200] {processor.py:175} INFO - Processing /home/varun/miniconda3/envs/python38/lib/python3.8/site-packages/airflow/example_dags/example_kubernetes_executor.py took 0.063 seconds
[2025-09-03T19:44:04.854+0200] {processor.py:153} INFO - Started process (PID=3176) to work on /home/varun/miniconda3/envs/python38/lib/python3.8/site-packages/airflow/example_dags/example_kubernetes_executor.py
[2025-09-03T19:44:04.855+0200] {processor.py:743} INFO - Processing file /home/varun/miniconda3/envs/python38/lib/python3.8/site-packages/airflow/example_dags/example_kubernetes_executor.py for tasks to queue
[2025-09-03T19:44:04.856+0200] {logging_mixin.py:137} INFO - [2025-09-03T19:44:04.856+0200] {dagbag.py:532} INFO - Filling up the DagBag from /home/varun/miniconda3/envs/python38/lib/python3.8/site-packages/airflow/example_dags/example_kubernetes_executor.py
[2025-09-03T19:44:04.870+0200] {logging_mixin.py:137} INFO - [2025-09-03T19:44:04.870+0200] {example_kubernetes_executor.py:41} WARNING - The example_kubernetes_executor example DAG requires the kubernetes provider. Please install it with: pip install apache-airflow[cncf.kubernetes]
[2025-09-03T19:44:04.870+0200] {processor.py:755} WARNING - No viable dags retrieved from /home/varun/miniconda3/envs/python38/lib/python3.8/site-packages/airflow/example_dags/example_kubernetes_executor.py
[2025-09-03T19:44:04.878+0200] {processor.py:175} INFO - Processing /home/varun/miniconda3/envs/python38/lib/python3.8/site-packages/airflow/example_dags/example_kubernetes_executor.py took 0.027 seconds
[2025-09-03T19:44:55.883+0200] {processor.py:153} INFO - Started process (PID=3219) to work on /home/varun/miniconda3/envs/python38/lib/python3.8/site-packages/airflow/example_dags/example_kubernetes_executor.py
[2025-09-03T19:44:55.884+0200] {processor.py:743} INFO - Processing file /home/varun/miniconda3/envs/python38/lib/python3.8/site-packages/airflow/example_dags/example_kubernetes_executor.py for tasks to queue
[2025-09-03T19:44:55.885+0200] {logging_mixin.py:137} INFO - [2025-09-03T19:44:55.885+0200] {dagbag.py:532} INFO - Filling up the DagBag from /home/varun/miniconda3/envs/python38/lib/python3.8/site-packages/airflow/example_dags/example_kubernetes_executor.py
[2025-09-03T19:44:55.900+0200] {logging_mixin.py:137} INFO - [2025-09-03T19:44:55.900+0200] {example_kubernetes_executor.py:41} WARNING - The example_kubernetes_executor example DAG requires the kubernetes provider. Please install it with: pip install apache-airflow[cncf.kubernetes]
[2025-09-03T19:44:55.900+0200] {processor.py:755} WARNING - No viable dags retrieved from /home/varun/miniconda3/envs/python38/lib/python3.8/site-packages/airflow/example_dags/example_kubernetes_executor.py
[2025-09-03T19:44:55.912+0200] {processor.py:175} INFO - Processing /home/varun/miniconda3/envs/python38/lib/python3.8/site-packages/airflow/example_dags/example_kubernetes_executor.py took 0.032 seconds
[2025-09-03T19:45:42.189+0200] {processor.py:153} INFO - Started process (PID=3289) to work on /home/varun/miniconda3/envs/python38/lib/python3.8/site-packages/airflow/example_dags/example_kubernetes_executor.py
[2025-09-03T19:45:42.190+0200] {processor.py:743} INFO - Processing file /home/varun/miniconda3/envs/python38/lib/python3.8/site-packages/airflow/example_dags/example_kubernetes_executor.py for tasks to queue
[2025-09-03T19:45:42.191+0200] {logging_mixin.py:137} INFO - [2025-09-03T19:45:42.191+0200] {dagbag.py:532} INFO - Filling up the DagBag from /home/varun/miniconda3/envs/python38/lib/python3.8/site-packages/airflow/example_dags/example_kubernetes_executor.py
[2025-09-03T19:45:42.206+0200] {logging_mixin.py:137} INFO - [2025-09-03T19:45:42.206+0200] {example_kubernetes_executor.py:41} WARNING - The example_kubernetes_executor example DAG requires the kubernetes provider. Please install it with: pip install apache-airflow[cncf.kubernetes]
[2025-09-03T19:45:42.207+0200] {processor.py:755} WARNING - No viable dags retrieved from /home/varun/miniconda3/envs/python38/lib/python3.8/site-packages/airflow/example_dags/example_kubernetes_executor.py
[2025-09-03T19:45:42.215+0200] {processor.py:175} INFO - Processing /home/varun/miniconda3/envs/python38/lib/python3.8/site-packages/airflow/example_dags/example_kubernetes_executor.py took 0.030 seconds
[2025-09-03T19:46:27.086+0200] {processor.py:153} INFO - Started process (PID=3334) to work on /home/varun/miniconda3/envs/python38/lib/python3.8/site-packages/airflow/example_dags/example_kubernetes_executor.py
[2025-09-03T19:46:27.087+0200] {processor.py:743} INFO - Processing file /home/varun/miniconda3/envs/python38/lib/python3.8/site-packages/airflow/example_dags/example_kubernetes_executor.py for tasks to queue
[2025-09-03T19:46:27.088+0200] {logging_mixin.py:137} INFO - [2025-09-03T19:46:27.088+0200] {dagbag.py:532} INFO - Filling up the DagBag from /home/varun/miniconda3/envs/python38/lib/python3.8/site-packages/airflow/example_dags/example_kubernetes_executor.py
[2025-09-03T19:46:27.101+0200] {logging_mixin.py:137} INFO - [2025-09-03T19:46:27.101+0200] {example_kubernetes_executor.py:41} WARNING - The example_kubernetes_executor example DAG requires the kubernetes provider. Please install it with: pip install apache-airflow[cncf.kubernetes]
[2025-09-03T19:46:27.101+0200] {processor.py:755} WARNING - No viable dags retrieved from /home/varun/miniconda3/envs/python38/lib/python3.8/site-packages/airflow/example_dags/example_kubernetes_executor.py
[2025-09-03T19:46:27.109+0200] {processor.py:175} INFO - Processing /home/varun/miniconda3/envs/python38/lib/python3.8/site-packages/airflow/example_dags/example_kubernetes_executor.py took 0.026 seconds
[2025-09-03T19:47:16.338+0200] {processor.py:153} INFO - Started process (PID=3387) to work on /home/varun/miniconda3/envs/python38/lib/python3.8/site-packages/airflow/example_dags/example_kubernetes_executor.py
[2025-09-03T19:47:16.339+0200] {processor.py:743} INFO - Processing file /home/varun/miniconda3/envs/python38/lib/python3.8/site-packages/airflow/example_dags/example_kubernetes_executor.py for tasks to queue
[2025-09-03T19:47:16.340+0200] {logging_mixin.py:137} INFO - [2025-09-03T19:47:16.340+0200] {dagbag.py:532} INFO - Filling up the DagBag from /home/varun/miniconda3/envs/python38/lib/python3.8/site-packages/airflow/example_dags/example_kubernetes_executor.py
[2025-09-03T19:47:16.355+0200] {logging_mixin.py:137} INFO - [2025-09-03T19:47:16.355+0200] {example_kubernetes_executor.py:41} WARNING - The example_kubernetes_executor example DAG requires the kubernetes provider. Please install it with: pip install apache-airflow[cncf.kubernetes]
[2025-09-03T19:47:16.355+0200] {processor.py:755} WARNING - No viable dags retrieved from /home/varun/miniconda3/envs/python38/lib/python3.8/site-packages/airflow/example_dags/example_kubernetes_executor.py
[2025-09-03T19:47:16.367+0200] {processor.py:175} INFO - Processing /home/varun/miniconda3/envs/python38/lib/python3.8/site-packages/airflow/example_dags/example_kubernetes_executor.py took 0.032 seconds
[2025-09-03T19:48:01.140+0200] {processor.py:153} INFO - Started process (PID=3429) to work on /home/varun/miniconda3/envs/python38/lib/python3.8/site-packages/airflow/example_dags/example_kubernetes_executor.py
[2025-09-03T19:48:01.142+0200] {processor.py:743} INFO - Processing file /home/varun/miniconda3/envs/python38/lib/python3.8/site-packages/airflow/example_dags/example_kubernetes_executor.py for tasks to queue
[2025-09-03T19:48:01.142+0200] {logging_mixin.py:137} INFO - [2025-09-03T19:48:01.142+0200] {dagbag.py:532} INFO - Filling up the DagBag from /home/varun/miniconda3/envs/python38/lib/python3.8/site-packages/airflow/example_dags/example_kubernetes_executor.py
[2025-09-03T19:48:01.155+0200] {logging_mixin.py:137} INFO - [2025-09-03T19:48:01.155+0200] {example_kubernetes_executor.py:41} WARNING - The example_kubernetes_executor example DAG requires the kubernetes provider. Please install it with: pip install apache-airflow[cncf.kubernetes]
[2025-09-03T19:48:01.155+0200] {processor.py:755} WARNING - No viable dags retrieved from /home/varun/miniconda3/envs/python38/lib/python3.8/site-packages/airflow/example_dags/example_kubernetes_executor.py
[2025-09-03T19:48:01.163+0200] {processor.py:175} INFO - Processing /home/varun/miniconda3/envs/python38/lib/python3.8/site-packages/airflow/example_dags/example_kubernetes_executor.py took 0.026 seconds
[2025-09-03T19:48:49.208+0200] {processor.py:153} INFO - Started process (PID=3471) to work on /home/varun/miniconda3/envs/python38/lib/python3.8/site-packages/airflow/example_dags/example_kubernetes_executor.py
[2025-09-03T19:48:49.209+0200] {processor.py:743} INFO - Processing file /home/varun/miniconda3/envs/python38/lib/python3.8/site-packages/airflow/example_dags/example_kubernetes_executor.py for tasks to queue
[2025-09-03T19:48:49.210+0200] {logging_mixin.py:137} INFO - [2025-09-03T19:48:49.210+0200] {dagbag.py:532} INFO - Filling up the DagBag from /home/varun/miniconda3/envs/python38/lib/python3.8/site-packages/airflow/example_dags/example_kubernetes_executor.py
[2025-09-03T19:48:49.224+0200] {logging_mixin.py:137} INFO - [2025-09-03T19:48:49.224+0200] {example_kubernetes_executor.py:41} WARNING - The example_kubernetes_executor example DAG requires the kubernetes provider. Please install it with: pip install apache-airflow[cncf.kubernetes]
[2025-09-03T19:48:49.224+0200] {processor.py:755} WARNING - No viable dags retrieved from /home/varun/miniconda3/envs/python38/lib/python3.8/site-packages/airflow/example_dags/example_kubernetes_executor.py
[2025-09-03T19:48:49.233+0200] {processor.py:175} INFO - Processing /home/varun/miniconda3/envs/python38/lib/python3.8/site-packages/airflow/example_dags/example_kubernetes_executor.py took 0.028 seconds
[2025-09-03T19:49:41.405+0200] {processor.py:153} INFO - Started process (PID=3517) to work on /home/varun/miniconda3/envs/python38/lib/python3.8/site-packages/airflow/example_dags/example_kubernetes_executor.py
[2025-09-03T19:49:41.406+0200] {processor.py:743} INFO - Processing file /home/varun/miniconda3/envs/python38/lib/python3.8/site-packages/airflow/example_dags/example_kubernetes_executor.py for tasks to queue
[2025-09-03T19:49:41.407+0200] {logging_mixin.py:137} INFO - [2025-09-03T19:49:41.407+0200] {dagbag.py:532} INFO - Filling up the DagBag from /home/varun/miniconda3/envs/python38/lib/python3.8/site-packages/airflow/example_dags/example_kubernetes_executor.py
[2025-09-03T19:49:41.422+0200] {logging_mixin.py:137} INFO - [2025-09-03T19:49:41.422+0200] {example_kubernetes_executor.py:41} WARNING - The example_kubernetes_executor example DAG requires the kubernetes provider. Please install it with: pip install apache-airflow[cncf.kubernetes]
[2025-09-03T19:49:41.422+0200] {processor.py:755} WARNING - No viable dags retrieved from /home/varun/miniconda3/envs/python38/lib/python3.8/site-packages/airflow/example_dags/example_kubernetes_executor.py
[2025-09-03T19:49:41.433+0200] {processor.py:175} INFO - Processing /home/varun/miniconda3/envs/python38/lib/python3.8/site-packages/airflow/example_dags/example_kubernetes_executor.py took 0.032 seconds
[2025-09-03T19:50:27.505+0200] {processor.py:153} INFO - Started process (PID=3565) to work on /home/varun/miniconda3/envs/python38/lib/python3.8/site-packages/airflow/example_dags/example_kubernetes_executor.py
[2025-09-03T19:50:27.507+0200] {processor.py:743} INFO - Processing file /home/varun/miniconda3/envs/python38/lib/python3.8/site-packages/airflow/example_dags/example_kubernetes_executor.py for tasks to queue
[2025-09-03T19:50:27.508+0200] {logging_mixin.py:137} INFO - [2025-09-03T19:50:27.508+0200] {dagbag.py:532} INFO - Filling up the DagBag from /home/varun/miniconda3/envs/python38/lib/python3.8/site-packages/airflow/example_dags/example_kubernetes_executor.py
[2025-09-03T19:50:27.532+0200] {logging_mixin.py:137} INFO - [2025-09-03T19:50:27.532+0200] {example_kubernetes_executor.py:41} WARNING - The example_kubernetes_executor example DAG requires the kubernetes provider. Please install it with: pip install apache-airflow[cncf.kubernetes]
[2025-09-03T19:50:27.532+0200] {processor.py:755} WARNING - No viable dags retrieved from /home/varun/miniconda3/envs/python38/lib/python3.8/site-packages/airflow/example_dags/example_kubernetes_executor.py
[2025-09-03T19:50:27.550+0200] {processor.py:175} INFO - Processing /home/varun/miniconda3/envs/python38/lib/python3.8/site-packages/airflow/example_dags/example_kubernetes_executor.py took 0.049 seconds
[2025-09-03T19:51:13.282+0200] {processor.py:153} INFO - Started process (PID=3617) to work on /home/varun/miniconda3/envs/python38/lib/python3.8/site-packages/airflow/example_dags/example_kubernetes_executor.py
[2025-09-03T19:51:13.283+0200] {processor.py:743} INFO - Processing file /home/varun/miniconda3/envs/python38/lib/python3.8/site-packages/airflow/example_dags/example_kubernetes_executor.py for tasks to queue
[2025-09-03T19:51:13.284+0200] {logging_mixin.py:137} INFO - [2025-09-03T19:51:13.284+0200] {dagbag.py:532} INFO - Filling up the DagBag from /home/varun/miniconda3/envs/python38/lib/python3.8/site-packages/airflow/example_dags/example_kubernetes_executor.py
[2025-09-03T19:51:13.299+0200] {logging_mixin.py:137} INFO - [2025-09-03T19:51:13.299+0200] {example_kubernetes_executor.py:41} WARNING - The example_kubernetes_executor example DAG requires the kubernetes provider. Please install it with: pip install apache-airflow[cncf.kubernetes]
[2025-09-03T19:51:13.299+0200] {processor.py:755} WARNING - No viable dags retrieved from /home/varun/miniconda3/envs/python38/lib/python3.8/site-packages/airflow/example_dags/example_kubernetes_executor.py
[2025-09-03T19:51:13.313+0200] {processor.py:175} INFO - Processing /home/varun/miniconda3/envs/python38/lib/python3.8/site-packages/airflow/example_dags/example_kubernetes_executor.py took 0.034 seconds
[2025-09-03T19:52:03.679+0200] {processor.py:153} INFO - Started process (PID=3665) to work on /home/varun/miniconda3/envs/python38/lib/python3.8/site-packages/airflow/example_dags/example_kubernetes_executor.py
[2025-09-03T19:52:03.681+0200] {processor.py:743} INFO - Processing file /home/varun/miniconda3/envs/python38/lib/python3.8/site-packages/airflow/example_dags/example_kubernetes_executor.py for tasks to queue
[2025-09-03T19:52:03.681+0200] {logging_mixin.py:137} INFO - [2025-09-03T19:52:03.681+0200] {dagbag.py:532} INFO - Filling up the DagBag from /home/varun/miniconda3/envs/python38/lib/python3.8/site-packages/airflow/example_dags/example_kubernetes_executor.py
[2025-09-03T19:52:03.701+0200] {logging_mixin.py:137} INFO - [2025-09-03T19:52:03.701+0200] {example_kubernetes_executor.py:41} WARNING - The example_kubernetes_executor example DAG requires the kubernetes provider. Please install it with: pip install apache-airflow[cncf.kubernetes]
[2025-09-03T19:52:03.702+0200] {processor.py:755} WARNING - No viable dags retrieved from /home/varun/miniconda3/envs/python38/lib/python3.8/site-packages/airflow/example_dags/example_kubernetes_executor.py
[2025-09-03T19:52:03.714+0200] {processor.py:175} INFO - Processing /home/varun/miniconda3/envs/python38/lib/python3.8/site-packages/airflow/example_dags/example_kubernetes_executor.py took 0.040 seconds
[2025-09-03T19:52:54.517+0200] {processor.py:153} INFO - Started process (PID=3711) to work on /home/varun/miniconda3/envs/python38/lib/python3.8/site-packages/airflow/example_dags/example_kubernetes_executor.py
[2025-09-03T19:52:54.519+0200] {processor.py:743} INFO - Processing file /home/varun/miniconda3/envs/python38/lib/python3.8/site-packages/airflow/example_dags/example_kubernetes_executor.py for tasks to queue
[2025-09-03T19:52:54.520+0200] {logging_mixin.py:137} INFO - [2025-09-03T19:52:54.519+0200] {dagbag.py:532} INFO - Filling up the DagBag from /home/varun/miniconda3/envs/python38/lib/python3.8/site-packages/airflow/example_dags/example_kubernetes_executor.py
[2025-09-03T19:52:54.536+0200] {logging_mixin.py:137} INFO - [2025-09-03T19:52:54.535+0200] {example_kubernetes_executor.py:41} WARNING - The example_kubernetes_executor example DAG requires the kubernetes provider. Please install it with: pip install apache-airflow[cncf.kubernetes]
[2025-09-03T19:52:54.536+0200] {processor.py:755} WARNING - No viable dags retrieved from /home/varun/miniconda3/envs/python38/lib/python3.8/site-packages/airflow/example_dags/example_kubernetes_executor.py
[2025-09-03T19:52:54.545+0200] {processor.py:175} INFO - Processing /home/varun/miniconda3/envs/python38/lib/python3.8/site-packages/airflow/example_dags/example_kubernetes_executor.py took 0.031 seconds
[2025-09-03T19:53:44.801+0200] {processor.py:153} INFO - Started process (PID=3755) to work on /home/varun/miniconda3/envs/python38/lib/python3.8/site-packages/airflow/example_dags/example_kubernetes_executor.py
[2025-09-03T19:53:44.804+0200] {processor.py:743} INFO - Processing file /home/varun/miniconda3/envs/python38/lib/python3.8/site-packages/airflow/example_dags/example_kubernetes_executor.py for tasks to queue
[2025-09-03T19:53:44.806+0200] {logging_mixin.py:137} INFO - [2025-09-03T19:53:44.806+0200] {dagbag.py:532} INFO - Filling up the DagBag from /home/varun/miniconda3/envs/python38/lib/python3.8/site-packages/airflow/example_dags/example_kubernetes_executor.py
[2025-09-03T19:53:44.843+0200] {logging_mixin.py:137} INFO - [2025-09-03T19:53:44.842+0200] {example_kubernetes_executor.py:41} WARNING - The example_kubernetes_executor example DAG requires the kubernetes provider. Please install it with: pip install apache-airflow[cncf.kubernetes]
[2025-09-03T19:53:44.843+0200] {processor.py:755} WARNING - No viable dags retrieved from /home/varun/miniconda3/envs/python38/lib/python3.8/site-packages/airflow/example_dags/example_kubernetes_executor.py
[2025-09-03T19:53:44.862+0200] {processor.py:175} INFO - Processing /home/varun/miniconda3/envs/python38/lib/python3.8/site-packages/airflow/example_dags/example_kubernetes_executor.py took 0.071 seconds
[2025-09-03T19:54:47.280+0200] {processor.py:153} INFO - Started process (PID=3808) to work on /home/varun/miniconda3/envs/python38/lib/python3.8/site-packages/airflow/example_dags/example_kubernetes_executor.py
[2025-09-03T19:54:47.282+0200] {processor.py:743} INFO - Processing file /home/varun/miniconda3/envs/python38/lib/python3.8/site-packages/airflow/example_dags/example_kubernetes_executor.py for tasks to queue
[2025-09-03T19:54:47.283+0200] {logging_mixin.py:137} INFO - [2025-09-03T19:54:47.283+0200] {dagbag.py:532} INFO - Filling up the DagBag from /home/varun/miniconda3/envs/python38/lib/python3.8/site-packages/airflow/example_dags/example_kubernetes_executor.py
[2025-09-03T19:54:47.306+0200] {logging_mixin.py:137} INFO - [2025-09-03T19:54:47.306+0200] {example_kubernetes_executor.py:41} WARNING - The example_kubernetes_executor example DAG requires the kubernetes provider. Please install it with: pip install apache-airflow[cncf.kubernetes]
[2025-09-03T19:54:47.307+0200] {processor.py:755} WARNING - No viable dags retrieved from /home/varun/miniconda3/envs/python38/lib/python3.8/site-packages/airflow/example_dags/example_kubernetes_executor.py
[2025-09-03T19:54:47.320+0200] {processor.py:175} INFO - Processing /home/varun/miniconda3/envs/python38/lib/python3.8/site-packages/airflow/example_dags/example_kubernetes_executor.py took 0.044 seconds
[2025-09-03T19:55:44.394+0200] {processor.py:153} INFO - Started process (PID=3862) to work on /home/varun/miniconda3/envs/python38/lib/python3.8/site-packages/airflow/example_dags/example_kubernetes_executor.py
[2025-09-03T19:55:44.395+0200] {processor.py:743} INFO - Processing file /home/varun/miniconda3/envs/python38/lib/python3.8/site-packages/airflow/example_dags/example_kubernetes_executor.py for tasks to queue
[2025-09-03T19:55:44.396+0200] {logging_mixin.py:137} INFO - [2025-09-03T19:55:44.396+0200] {dagbag.py:532} INFO - Filling up the DagBag from /home/varun/miniconda3/envs/python38/lib/python3.8/site-packages/airflow/example_dags/example_kubernetes_executor.py
[2025-09-03T19:55:44.411+0200] {logging_mixin.py:137} INFO - [2025-09-03T19:55:44.411+0200] {example_kubernetes_executor.py:41} WARNING - The example_kubernetes_executor example DAG requires the kubernetes provider. Please install it with: pip install apache-airflow[cncf.kubernetes]
[2025-09-03T19:55:44.411+0200] {processor.py:755} WARNING - No viable dags retrieved from /home/varun/miniconda3/envs/python38/lib/python3.8/site-packages/airflow/example_dags/example_kubernetes_executor.py
[2025-09-03T19:55:44.421+0200] {processor.py:175} INFO - Processing /home/varun/miniconda3/envs/python38/lib/python3.8/site-packages/airflow/example_dags/example_kubernetes_executor.py took 0.031 seconds
[2025-09-03T19:56:42.470+0200] {processor.py:153} INFO - Started process (PID=3912) to work on /home/varun/miniconda3/envs/python38/lib/python3.8/site-packages/airflow/example_dags/example_kubernetes_executor.py
[2025-09-03T19:56:42.472+0200] {processor.py:743} INFO - Processing file /home/varun/miniconda3/envs/python38/lib/python3.8/site-packages/airflow/example_dags/example_kubernetes_executor.py for tasks to queue
[2025-09-03T19:56:42.472+0200] {logging_mixin.py:137} INFO - [2025-09-03T19:56:42.472+0200] {dagbag.py:532} INFO - Filling up the DagBag from /home/varun/miniconda3/envs/python38/lib/python3.8/site-packages/airflow/example_dags/example_kubernetes_executor.py
[2025-09-03T19:56:42.653+0200] {logging_mixin.py:137} INFO - [2025-09-03T19:56:42.653+0200] {example_kubernetes_executor.py:41} WARNING - The example_kubernetes_executor example DAG requires the kubernetes provider. Please install it with: pip install apache-airflow[cncf.kubernetes]
[2025-09-03T19:56:42.654+0200] {processor.py:755} WARNING - No viable dags retrieved from /home/varun/miniconda3/envs/python38/lib/python3.8/site-packages/airflow/example_dags/example_kubernetes_executor.py
[2025-09-03T19:56:42.663+0200] {processor.py:175} INFO - Processing /home/varun/miniconda3/envs/python38/lib/python3.8/site-packages/airflow/example_dags/example_kubernetes_executor.py took 0.196 seconds
[2025-09-03T19:57:38.059+0200] {processor.py:153} INFO - Started process (PID=3959) to work on /home/varun/miniconda3/envs/python38/lib/python3.8/site-packages/airflow/example_dags/example_kubernetes_executor.py
[2025-09-03T19:57:38.062+0200] {processor.py:743} INFO - Processing file /home/varun/miniconda3/envs/python38/lib/python3.8/site-packages/airflow/example_dags/example_kubernetes_executor.py for tasks to queue
[2025-09-03T19:57:38.064+0200] {logging_mixin.py:137} INFO - [2025-09-03T19:57:38.064+0200] {dagbag.py:532} INFO - Filling up the DagBag from /home/varun/miniconda3/envs/python38/lib/python3.8/site-packages/airflow/example_dags/example_kubernetes_executor.py
[2025-09-03T19:57:38.092+0200] {logging_mixin.py:137} INFO - [2025-09-03T19:57:38.091+0200] {example_kubernetes_executor.py:41} WARNING - The example_kubernetes_executor example DAG requires the kubernetes provider. Please install it with: pip install apache-airflow[cncf.kubernetes]
[2025-09-03T19:57:38.092+0200] {processor.py:755} WARNING - No viable dags retrieved from /home/varun/miniconda3/envs/python38/lib/python3.8/site-packages/airflow/example_dags/example_kubernetes_executor.py
[2025-09-03T19:57:38.103+0200] {processor.py:175} INFO - Processing /home/varun/miniconda3/envs/python38/lib/python3.8/site-packages/airflow/example_dags/example_kubernetes_executor.py took 0.052 seconds
[2025-09-03T20:00:44.048+0200] {processor.py:153} INFO - Started process (PID=4027) to work on /home/varun/miniconda3/envs/python38/lib/python3.8/site-packages/airflow/example_dags/example_kubernetes_executor.py
[2025-09-03T20:00:44.050+0200] {processor.py:743} INFO - Processing file /home/varun/miniconda3/envs/python38/lib/python3.8/site-packages/airflow/example_dags/example_kubernetes_executor.py for tasks to queue
[2025-09-03T20:00:44.051+0200] {logging_mixin.py:137} INFO - [2025-09-03T20:00:44.051+0200] {dagbag.py:532} INFO - Filling up the DagBag from /home/varun/miniconda3/envs/python38/lib/python3.8/site-packages/airflow/example_dags/example_kubernetes_executor.py
[2025-09-03T20:00:44.068+0200] {logging_mixin.py:137} INFO - [2025-09-03T20:00:44.067+0200] {example_kubernetes_executor.py:41} WARNING - The example_kubernetes_executor example DAG requires the kubernetes provider. Please install it with: pip install apache-airflow[cncf.kubernetes]
[2025-09-03T20:00:44.068+0200] {processor.py:755} WARNING - No viable dags retrieved from /home/varun/miniconda3/envs/python38/lib/python3.8/site-packages/airflow/example_dags/example_kubernetes_executor.py
[2025-09-03T20:00:44.079+0200] {processor.py:175} INFO - Processing /home/varun/miniconda3/envs/python38/lib/python3.8/site-packages/airflow/example_dags/example_kubernetes_executor.py took 0.035 seconds
[2025-09-03T20:01:29.701+0200] {processor.py:153} INFO - Started process (PID=4077) to work on /home/varun/miniconda3/envs/python38/lib/python3.8/site-packages/airflow/example_dags/example_kubernetes_executor.py
[2025-09-03T20:01:29.703+0200] {processor.py:743} INFO - Processing file /home/varun/miniconda3/envs/python38/lib/python3.8/site-packages/airflow/example_dags/example_kubernetes_executor.py for tasks to queue
[2025-09-03T20:01:29.703+0200] {logging_mixin.py:137} INFO - [2025-09-03T20:01:29.703+0200] {dagbag.py:532} INFO - Filling up the DagBag from /home/varun/miniconda3/envs/python38/lib/python3.8/site-packages/airflow/example_dags/example_kubernetes_executor.py
[2025-09-03T20:01:29.719+0200] {logging_mixin.py:137} INFO - [2025-09-03T20:01:29.719+0200] {example_kubernetes_executor.py:41} WARNING - The example_kubernetes_executor example DAG requires the kubernetes provider. Please install it with: pip install apache-airflow[cncf.kubernetes]
[2025-09-03T20:01:29.719+0200] {processor.py:755} WARNING - No viable dags retrieved from /home/varun/miniconda3/envs/python38/lib/python3.8/site-packages/airflow/example_dags/example_kubernetes_executor.py
[2025-09-03T20:01:29.729+0200] {processor.py:175} INFO - Processing /home/varun/miniconda3/envs/python38/lib/python3.8/site-packages/airflow/example_dags/example_kubernetes_executor.py took 0.031 seconds
[2025-09-03T20:02:18.202+0200] {processor.py:153} INFO - Started process (PID=4119) to work on /home/varun/miniconda3/envs/python38/lib/python3.8/site-packages/airflow/example_dags/example_kubernetes_executor.py
[2025-09-03T20:02:18.204+0200] {processor.py:743} INFO - Processing file /home/varun/miniconda3/envs/python38/lib/python3.8/site-packages/airflow/example_dags/example_kubernetes_executor.py for tasks to queue
[2025-09-03T20:02:18.205+0200] {logging_mixin.py:137} INFO - [2025-09-03T20:02:18.205+0200] {dagbag.py:532} INFO - Filling up the DagBag from /home/varun/miniconda3/envs/python38/lib/python3.8/site-packages/airflow/example_dags/example_kubernetes_executor.py
[2025-09-03T20:02:18.223+0200] {logging_mixin.py:137} INFO - [2025-09-03T20:02:18.223+0200] {example_kubernetes_executor.py:41} WARNING - The example_kubernetes_executor example DAG requires the kubernetes provider. Please install it with: pip install apache-airflow[cncf.kubernetes]
[2025-09-03T20:02:18.223+0200] {processor.py:755} WARNING - No viable dags retrieved from /home/varun/miniconda3/envs/python38/lib/python3.8/site-packages/airflow/example_dags/example_kubernetes_executor.py
[2025-09-03T20:02:18.234+0200] {processor.py:175} INFO - Processing /home/varun/miniconda3/envs/python38/lib/python3.8/site-packages/airflow/example_dags/example_kubernetes_executor.py took 0.035 seconds
[2025-09-03T20:03:05.631+0200] {processor.py:153} INFO - Started process (PID=4161) to work on /home/varun/miniconda3/envs/python38/lib/python3.8/site-packages/airflow/example_dags/example_kubernetes_executor.py
[2025-09-03T20:03:05.632+0200] {processor.py:743} INFO - Processing file /home/varun/miniconda3/envs/python38/lib/python3.8/site-packages/airflow/example_dags/example_kubernetes_executor.py for tasks to queue
[2025-09-03T20:03:05.633+0200] {logging_mixin.py:137} INFO - [2025-09-03T20:03:05.633+0200] {dagbag.py:532} INFO - Filling up the DagBag from /home/varun/miniconda3/envs/python38/lib/python3.8/site-packages/airflow/example_dags/example_kubernetes_executor.py
[2025-09-03T20:03:05.649+0200] {logging_mixin.py:137} INFO - [2025-09-03T20:03:05.649+0200] {example_kubernetes_executor.py:41} WARNING - The example_kubernetes_executor example DAG requires the kubernetes provider. Please install it with: pip install apache-airflow[cncf.kubernetes]
[2025-09-03T20:03:05.649+0200] {processor.py:755} WARNING - No viable dags retrieved from /home/varun/miniconda3/envs/python38/lib/python3.8/site-packages/airflow/example_dags/example_kubernetes_executor.py
[2025-09-03T20:03:05.660+0200] {processor.py:175} INFO - Processing /home/varun/miniconda3/envs/python38/lib/python3.8/site-packages/airflow/example_dags/example_kubernetes_executor.py took 0.032 seconds
[2025-09-03T20:03:52.965+0200] {processor.py:153} INFO - Started process (PID=4203) to work on /home/varun/miniconda3/envs/python38/lib/python3.8/site-packages/airflow/example_dags/example_kubernetes_executor.py
[2025-09-03T20:03:52.966+0200] {processor.py:743} INFO - Processing file /home/varun/miniconda3/envs/python38/lib/python3.8/site-packages/airflow/example_dags/example_kubernetes_executor.py for tasks to queue
[2025-09-03T20:03:52.967+0200] {logging_mixin.py:137} INFO - [2025-09-03T20:03:52.967+0200] {dagbag.py:532} INFO - Filling up the DagBag from /home/varun/miniconda3/envs/python38/lib/python3.8/site-packages/airflow/example_dags/example_kubernetes_executor.py
[2025-09-03T20:03:52.981+0200] {logging_mixin.py:137} INFO - [2025-09-03T20:03:52.981+0200] {example_kubernetes_executor.py:41} WARNING - The example_kubernetes_executor example DAG requires the kubernetes provider. Please install it with: pip install apache-airflow[cncf.kubernetes]
[2025-09-03T20:03:52.982+0200] {processor.py:755} WARNING - No viable dags retrieved from /home/varun/miniconda3/envs/python38/lib/python3.8/site-packages/airflow/example_dags/example_kubernetes_executor.py
[2025-09-03T20:03:52.994+0200] {processor.py:175} INFO - Processing /home/varun/miniconda3/envs/python38/lib/python3.8/site-packages/airflow/example_dags/example_kubernetes_executor.py took 0.033 seconds
[2025-09-03T20:04:44.587+0200] {processor.py:153} INFO - Started process (PID=4247) to work on /home/varun/miniconda3/envs/python38/lib/python3.8/site-packages/airflow/example_dags/example_kubernetes_executor.py
[2025-09-03T20:04:44.588+0200] {processor.py:743} INFO - Processing file /home/varun/miniconda3/envs/python38/lib/python3.8/site-packages/airflow/example_dags/example_kubernetes_executor.py for tasks to queue
[2025-09-03T20:04:44.589+0200] {logging_mixin.py:137} INFO - [2025-09-03T20:04:44.588+0200] {dagbag.py:532} INFO - Filling up the DagBag from /home/varun/miniconda3/envs/python38/lib/python3.8/site-packages/airflow/example_dags/example_kubernetes_executor.py
[2025-09-03T20:04:44.602+0200] {logging_mixin.py:137} INFO - [2025-09-03T20:04:44.602+0200] {example_kubernetes_executor.py:41} WARNING - The example_kubernetes_executor example DAG requires the kubernetes provider. Please install it with: pip install apache-airflow[cncf.kubernetes]
[2025-09-03T20:04:44.602+0200] {processor.py:755} WARNING - No viable dags retrieved from /home/varun/miniconda3/envs/python38/lib/python3.8/site-packages/airflow/example_dags/example_kubernetes_executor.py
[2025-09-03T20:04:44.611+0200] {processor.py:175} INFO - Processing /home/varun/miniconda3/envs/python38/lib/python3.8/site-packages/airflow/example_dags/example_kubernetes_executor.py took 0.028 seconds
[2025-09-03T20:05:41.105+0200] {processor.py:153} INFO - Started process (PID=4306) to work on /home/varun/miniconda3/envs/python38/lib/python3.8/site-packages/airflow/example_dags/example_kubernetes_executor.py
[2025-09-03T20:05:41.107+0200] {processor.py:743} INFO - Processing file /home/varun/miniconda3/envs/python38/lib/python3.8/site-packages/airflow/example_dags/example_kubernetes_executor.py for tasks to queue
[2025-09-03T20:05:41.108+0200] {logging_mixin.py:137} INFO - [2025-09-03T20:05:41.108+0200] {dagbag.py:532} INFO - Filling up the DagBag from /home/varun/miniconda3/envs/python38/lib/python3.8/site-packages/airflow/example_dags/example_kubernetes_executor.py
[2025-09-03T20:05:41.127+0200] {logging_mixin.py:137} INFO - [2025-09-03T20:05:41.127+0200] {example_kubernetes_executor.py:41} WARNING - The example_kubernetes_executor example DAG requires the kubernetes provider. Please install it with: pip install apache-airflow[cncf.kubernetes]
[2025-09-03T20:05:41.127+0200] {processor.py:755} WARNING - No viable dags retrieved from /home/varun/miniconda3/envs/python38/lib/python3.8/site-packages/airflow/example_dags/example_kubernetes_executor.py
[2025-09-03T20:05:41.139+0200] {processor.py:175} INFO - Processing /home/varun/miniconda3/envs/python38/lib/python3.8/site-packages/airflow/example_dags/example_kubernetes_executor.py took 0.038 seconds
[2025-09-03T20:06:32.465+0200] {processor.py:153} INFO - Started process (PID=4348) to work on /home/varun/miniconda3/envs/python38/lib/python3.8/site-packages/airflow/example_dags/example_kubernetes_executor.py
[2025-09-03T20:06:32.466+0200] {processor.py:743} INFO - Processing file /home/varun/miniconda3/envs/python38/lib/python3.8/site-packages/airflow/example_dags/example_kubernetes_executor.py for tasks to queue
[2025-09-03T20:06:32.467+0200] {logging_mixin.py:137} INFO - [2025-09-03T20:06:32.467+0200] {dagbag.py:532} INFO - Filling up the DagBag from /home/varun/miniconda3/envs/python38/lib/python3.8/site-packages/airflow/example_dags/example_kubernetes_executor.py
[2025-09-03T20:06:32.481+0200] {logging_mixin.py:137} INFO - [2025-09-03T20:06:32.481+0200] {example_kubernetes_executor.py:41} WARNING - The example_kubernetes_executor example DAG requires the kubernetes provider. Please install it with: pip install apache-airflow[cncf.kubernetes]
[2025-09-03T20:06:32.482+0200] {processor.py:755} WARNING - No viable dags retrieved from /home/varun/miniconda3/envs/python38/lib/python3.8/site-packages/airflow/example_dags/example_kubernetes_executor.py
[2025-09-03T20:06:32.493+0200] {processor.py:175} INFO - Processing /home/varun/miniconda3/envs/python38/lib/python3.8/site-packages/airflow/example_dags/example_kubernetes_executor.py took 0.032 seconds
[2025-09-03T20:07:18.082+0200] {processor.py:153} INFO - Started process (PID=4410) to work on /home/varun/miniconda3/envs/python38/lib/python3.8/site-packages/airflow/example_dags/example_kubernetes_executor.py
[2025-09-03T20:07:18.084+0200] {processor.py:743} INFO - Processing file /home/varun/miniconda3/envs/python38/lib/python3.8/site-packages/airflow/example_dags/example_kubernetes_executor.py for tasks to queue
[2025-09-03T20:07:18.084+0200] {logging_mixin.py:137} INFO - [2025-09-03T20:07:18.084+0200] {dagbag.py:532} INFO - Filling up the DagBag from /home/varun/miniconda3/envs/python38/lib/python3.8/site-packages/airflow/example_dags/example_kubernetes_executor.py
[2025-09-03T20:07:18.104+0200] {logging_mixin.py:137} INFO - [2025-09-03T20:07:18.104+0200] {example_kubernetes_executor.py:41} WARNING - The example_kubernetes_executor example DAG requires the kubernetes provider. Please install it with: pip install apache-airflow[cncf.kubernetes]
[2025-09-03T20:07:18.104+0200] {processor.py:755} WARNING - No viable dags retrieved from /home/varun/miniconda3/envs/python38/lib/python3.8/site-packages/airflow/example_dags/example_kubernetes_executor.py
[2025-09-03T20:07:18.118+0200] {processor.py:175} INFO - Processing /home/varun/miniconda3/envs/python38/lib/python3.8/site-packages/airflow/example_dags/example_kubernetes_executor.py took 0.039 seconds
[2025-09-03T20:08:03.798+0200] {processor.py:153} INFO - Started process (PID=4458) to work on /home/varun/miniconda3/envs/python38/lib/python3.8/site-packages/airflow/example_dags/example_kubernetes_executor.py
[2025-09-03T20:08:03.800+0200] {processor.py:743} INFO - Processing file /home/varun/miniconda3/envs/python38/lib/python3.8/site-packages/airflow/example_dags/example_kubernetes_executor.py for tasks to queue
[2025-09-03T20:08:03.801+0200] {logging_mixin.py:137} INFO - [2025-09-03T20:08:03.801+0200] {dagbag.py:532} INFO - Filling up the DagBag from /home/varun/miniconda3/envs/python38/lib/python3.8/site-packages/airflow/example_dags/example_kubernetes_executor.py
[2025-09-03T20:08:03.818+0200] {logging_mixin.py:137} INFO - [2025-09-03T20:08:03.818+0200] {example_kubernetes_executor.py:41} WARNING - The example_kubernetes_executor example DAG requires the kubernetes provider. Please install it with: pip install apache-airflow[cncf.kubernetes]
[2025-09-03T20:08:03.818+0200] {processor.py:755} WARNING - No viable dags retrieved from /home/varun/miniconda3/envs/python38/lib/python3.8/site-packages/airflow/example_dags/example_kubernetes_executor.py
[2025-09-03T20:08:03.829+0200] {processor.py:175} INFO - Processing /home/varun/miniconda3/envs/python38/lib/python3.8/site-packages/airflow/example_dags/example_kubernetes_executor.py took 0.036 seconds
[2025-09-03T20:09:23.464+0200] {processor.py:153} INFO - Started process (PID=4517) to work on /home/varun/miniconda3/envs/python38/lib/python3.8/site-packages/airflow/example_dags/example_kubernetes_executor.py
[2025-09-03T20:09:23.465+0200] {processor.py:743} INFO - Processing file /home/varun/miniconda3/envs/python38/lib/python3.8/site-packages/airflow/example_dags/example_kubernetes_executor.py for tasks to queue
[2025-09-03T20:09:23.466+0200] {logging_mixin.py:137} INFO - [2025-09-03T20:09:23.466+0200] {dagbag.py:532} INFO - Filling up the DagBag from /home/varun/miniconda3/envs/python38/lib/python3.8/site-packages/airflow/example_dags/example_kubernetes_executor.py
[2025-09-03T20:09:23.482+0200] {logging_mixin.py:137} INFO - [2025-09-03T20:09:23.482+0200] {example_kubernetes_executor.py:41} WARNING - The example_kubernetes_executor example DAG requires the kubernetes provider. Please install it with: pip install apache-airflow[cncf.kubernetes]
[2025-09-03T20:09:23.482+0200] {processor.py:755} WARNING - No viable dags retrieved from /home/varun/miniconda3/envs/python38/lib/python3.8/site-packages/airflow/example_dags/example_kubernetes_executor.py
[2025-09-03T20:09:23.492+0200] {processor.py:175} INFO - Processing /home/varun/miniconda3/envs/python38/lib/python3.8/site-packages/airflow/example_dags/example_kubernetes_executor.py took 0.031 seconds
[2025-09-03T20:10:12.548+0200] {processor.py:153} INFO - Started process (PID=4559) to work on /home/varun/miniconda3/envs/python38/lib/python3.8/site-packages/airflow/example_dags/example_kubernetes_executor.py
[2025-09-03T20:10:12.549+0200] {processor.py:743} INFO - Processing file /home/varun/miniconda3/envs/python38/lib/python3.8/site-packages/airflow/example_dags/example_kubernetes_executor.py for tasks to queue
[2025-09-03T20:10:12.550+0200] {logging_mixin.py:137} INFO - [2025-09-03T20:10:12.550+0200] {dagbag.py:532} INFO - Filling up the DagBag from /home/varun/miniconda3/envs/python38/lib/python3.8/site-packages/airflow/example_dags/example_kubernetes_executor.py
[2025-09-03T20:10:12.565+0200] {logging_mixin.py:137} INFO - [2025-09-03T20:10:12.565+0200] {example_kubernetes_executor.py:41} WARNING - The example_kubernetes_executor example DAG requires the kubernetes provider. Please install it with: pip install apache-airflow[cncf.kubernetes]
[2025-09-03T20:10:12.565+0200] {processor.py:755} WARNING - No viable dags retrieved from /home/varun/miniconda3/envs/python38/lib/python3.8/site-packages/airflow/example_dags/example_kubernetes_executor.py
[2025-09-03T20:10:12.575+0200] {processor.py:175} INFO - Processing /home/varun/miniconda3/envs/python38/lib/python3.8/site-packages/airflow/example_dags/example_kubernetes_executor.py took 0.031 seconds
[2025-09-03T20:10:57.033+0200] {processor.py:153} INFO - Started process (PID=4601) to work on /home/varun/miniconda3/envs/python38/lib/python3.8/site-packages/airflow/example_dags/example_kubernetes_executor.py
[2025-09-03T20:10:57.035+0200] {processor.py:743} INFO - Processing file /home/varun/miniconda3/envs/python38/lib/python3.8/site-packages/airflow/example_dags/example_kubernetes_executor.py for tasks to queue
[2025-09-03T20:10:57.035+0200] {logging_mixin.py:137} INFO - [2025-09-03T20:10:57.035+0200] {dagbag.py:532} INFO - Filling up the DagBag from /home/varun/miniconda3/envs/python38/lib/python3.8/site-packages/airflow/example_dags/example_kubernetes_executor.py
[2025-09-03T20:10:57.049+0200] {logging_mixin.py:137} INFO - [2025-09-03T20:10:57.048+0200] {example_kubernetes_executor.py:41} WARNING - The example_kubernetes_executor example DAG requires the kubernetes provider. Please install it with: pip install apache-airflow[cncf.kubernetes]
[2025-09-03T20:10:57.049+0200] {processor.py:755} WARNING - No viable dags retrieved from /home/varun/miniconda3/envs/python38/lib/python3.8/site-packages/airflow/example_dags/example_kubernetes_executor.py
[2025-09-03T20:10:57.057+0200] {processor.py:175} INFO - Processing /home/varun/miniconda3/envs/python38/lib/python3.8/site-packages/airflow/example_dags/example_kubernetes_executor.py took 0.027 seconds
[2025-09-03T20:11:46.020+0200] {processor.py:153} INFO - Started process (PID=4643) to work on /home/varun/miniconda3/envs/python38/lib/python3.8/site-packages/airflow/example_dags/example_kubernetes_executor.py
[2025-09-03T20:11:46.022+0200] {processor.py:743} INFO - Processing file /home/varun/miniconda3/envs/python38/lib/python3.8/site-packages/airflow/example_dags/example_kubernetes_executor.py for tasks to queue
[2025-09-03T20:11:46.024+0200] {logging_mixin.py:137} INFO - [2025-09-03T20:11:46.023+0200] {dagbag.py:532} INFO - Filling up the DagBag from /home/varun/miniconda3/envs/python38/lib/python3.8/site-packages/airflow/example_dags/example_kubernetes_executor.py
[2025-09-03T20:11:46.047+0200] {logging_mixin.py:137} INFO - [2025-09-03T20:11:46.047+0200] {example_kubernetes_executor.py:41} WARNING - The example_kubernetes_executor example DAG requires the kubernetes provider. Please install it with: pip install apache-airflow[cncf.kubernetes]
[2025-09-03T20:11:46.047+0200] {processor.py:755} WARNING - No viable dags retrieved from /home/varun/miniconda3/envs/python38/lib/python3.8/site-packages/airflow/example_dags/example_kubernetes_executor.py
[2025-09-03T20:11:46.058+0200] {processor.py:175} INFO - Processing /home/varun/miniconda3/envs/python38/lib/python3.8/site-packages/airflow/example_dags/example_kubernetes_executor.py took 0.042 seconds
[2025-09-03T20:12:31.545+0200] {processor.py:153} INFO - Started process (PID=4685) to work on /home/varun/miniconda3/envs/python38/lib/python3.8/site-packages/airflow/example_dags/example_kubernetes_executor.py
[2025-09-03T20:12:31.547+0200] {processor.py:743} INFO - Processing file /home/varun/miniconda3/envs/python38/lib/python3.8/site-packages/airflow/example_dags/example_kubernetes_executor.py for tasks to queue
[2025-09-03T20:12:31.548+0200] {logging_mixin.py:137} INFO - [2025-09-03T20:12:31.548+0200] {dagbag.py:532} INFO - Filling up the DagBag from /home/varun/miniconda3/envs/python38/lib/python3.8/site-packages/airflow/example_dags/example_kubernetes_executor.py
[2025-09-03T20:12:31.562+0200] {logging_mixin.py:137} INFO - [2025-09-03T20:12:31.562+0200] {example_kubernetes_executor.py:41} WARNING - The example_kubernetes_executor example DAG requires the kubernetes provider. Please install it with: pip install apache-airflow[cncf.kubernetes]
[2025-09-03T20:12:31.563+0200] {processor.py:755} WARNING - No viable dags retrieved from /home/varun/miniconda3/envs/python38/lib/python3.8/site-packages/airflow/example_dags/example_kubernetes_executor.py
[2025-09-03T20:12:31.571+0200] {processor.py:175} INFO - Processing /home/varun/miniconda3/envs/python38/lib/python3.8/site-packages/airflow/example_dags/example_kubernetes_executor.py took 0.031 seconds
[2025-09-03T20:13:17.398+0200] {processor.py:153} INFO - Started process (PID=4728) to work on /home/varun/miniconda3/envs/python38/lib/python3.8/site-packages/airflow/example_dags/example_kubernetes_executor.py
[2025-09-03T20:13:17.399+0200] {processor.py:743} INFO - Processing file /home/varun/miniconda3/envs/python38/lib/python3.8/site-packages/airflow/example_dags/example_kubernetes_executor.py for tasks to queue
[2025-09-03T20:13:17.399+0200] {logging_mixin.py:137} INFO - [2025-09-03T20:13:17.399+0200] {dagbag.py:532} INFO - Filling up the DagBag from /home/varun/miniconda3/envs/python38/lib/python3.8/site-packages/airflow/example_dags/example_kubernetes_executor.py
[2025-09-03T20:13:17.412+0200] {logging_mixin.py:137} INFO - [2025-09-03T20:13:17.412+0200] {example_kubernetes_executor.py:41} WARNING - The example_kubernetes_executor example DAG requires the kubernetes provider. Please install it with: pip install apache-airflow[cncf.kubernetes]
[2025-09-03T20:13:17.412+0200] {processor.py:755} WARNING - No viable dags retrieved from /home/varun/miniconda3/envs/python38/lib/python3.8/site-packages/airflow/example_dags/example_kubernetes_executor.py
[2025-09-03T20:13:17.419+0200] {processor.py:175} INFO - Processing /home/varun/miniconda3/envs/python38/lib/python3.8/site-packages/airflow/example_dags/example_kubernetes_executor.py took 0.025 seconds
[2025-09-03T20:14:02.332+0200] {processor.py:153} INFO - Started process (PID=4770) to work on /home/varun/miniconda3/envs/python38/lib/python3.8/site-packages/airflow/example_dags/example_kubernetes_executor.py
[2025-09-03T20:14:02.334+0200] {processor.py:743} INFO - Processing file /home/varun/miniconda3/envs/python38/lib/python3.8/site-packages/airflow/example_dags/example_kubernetes_executor.py for tasks to queue
[2025-09-03T20:14:02.335+0200] {logging_mixin.py:137} INFO - [2025-09-03T20:14:02.335+0200] {dagbag.py:532} INFO - Filling up the DagBag from /home/varun/miniconda3/envs/python38/lib/python3.8/site-packages/airflow/example_dags/example_kubernetes_executor.py
[2025-09-03T20:14:02.349+0200] {logging_mixin.py:137} INFO - [2025-09-03T20:14:02.349+0200] {example_kubernetes_executor.py:41} WARNING - The example_kubernetes_executor example DAG requires the kubernetes provider. Please install it with: pip install apache-airflow[cncf.kubernetes]
[2025-09-03T20:14:02.349+0200] {processor.py:755} WARNING - No viable dags retrieved from /home/varun/miniconda3/envs/python38/lib/python3.8/site-packages/airflow/example_dags/example_kubernetes_executor.py
[2025-09-03T20:14:02.357+0200] {processor.py:175} INFO - Processing /home/varun/miniconda3/envs/python38/lib/python3.8/site-packages/airflow/example_dags/example_kubernetes_executor.py took 0.028 seconds
[2025-09-03T20:14:47.988+0200] {processor.py:153} INFO - Started process (PID=4812) to work on /home/varun/miniconda3/envs/python38/lib/python3.8/site-packages/airflow/example_dags/example_kubernetes_executor.py
[2025-09-03T20:14:47.989+0200] {processor.py:743} INFO - Processing file /home/varun/miniconda3/envs/python38/lib/python3.8/site-packages/airflow/example_dags/example_kubernetes_executor.py for tasks to queue
[2025-09-03T20:14:47.990+0200] {logging_mixin.py:137} INFO - [2025-09-03T20:14:47.990+0200] {dagbag.py:532} INFO - Filling up the DagBag from /home/varun/miniconda3/envs/python38/lib/python3.8/site-packages/airflow/example_dags/example_kubernetes_executor.py
[2025-09-03T20:14:48.003+0200] {logging_mixin.py:137} INFO - [2025-09-03T20:14:48.003+0200] {example_kubernetes_executor.py:41} WARNING - The example_kubernetes_executor example DAG requires the kubernetes provider. Please install it with: pip install apache-airflow[cncf.kubernetes]
[2025-09-03T20:14:48.004+0200] {processor.py:755} WARNING - No viable dags retrieved from /home/varun/miniconda3/envs/python38/lib/python3.8/site-packages/airflow/example_dags/example_kubernetes_executor.py
[2025-09-03T20:14:48.013+0200] {processor.py:175} INFO - Processing /home/varun/miniconda3/envs/python38/lib/python3.8/site-packages/airflow/example_dags/example_kubernetes_executor.py took 0.028 seconds
[2025-09-03T20:15:33.927+0200] {processor.py:153} INFO - Started process (PID=4854) to work on /home/varun/miniconda3/envs/python38/lib/python3.8/site-packages/airflow/example_dags/example_kubernetes_executor.py
[2025-09-03T20:15:33.928+0200] {processor.py:743} INFO - Processing file /home/varun/miniconda3/envs/python38/lib/python3.8/site-packages/airflow/example_dags/example_kubernetes_executor.py for tasks to queue
[2025-09-03T20:15:33.929+0200] {logging_mixin.py:137} INFO - [2025-09-03T20:15:33.929+0200] {dagbag.py:532} INFO - Filling up the DagBag from /home/varun/miniconda3/envs/python38/lib/python3.8/site-packages/airflow/example_dags/example_kubernetes_executor.py
[2025-09-03T20:15:33.942+0200] {logging_mixin.py:137} INFO - [2025-09-03T20:15:33.941+0200] {example_kubernetes_executor.py:41} WARNING - The example_kubernetes_executor example DAG requires the kubernetes provider. Please install it with: pip install apache-airflow[cncf.kubernetes]
[2025-09-03T20:15:33.942+0200] {processor.py:755} WARNING - No viable dags retrieved from /home/varun/miniconda3/envs/python38/lib/python3.8/site-packages/airflow/example_dags/example_kubernetes_executor.py
[2025-09-03T20:15:33.951+0200] {processor.py:175} INFO - Processing /home/varun/miniconda3/envs/python38/lib/python3.8/site-packages/airflow/example_dags/example_kubernetes_executor.py took 0.028 seconds
[2025-09-03T20:16:19.857+0200] {processor.py:153} INFO - Started process (PID=4896) to work on /home/varun/miniconda3/envs/python38/lib/python3.8/site-packages/airflow/example_dags/example_kubernetes_executor.py
[2025-09-03T20:16:19.859+0200] {processor.py:743} INFO - Processing file /home/varun/miniconda3/envs/python38/lib/python3.8/site-packages/airflow/example_dags/example_kubernetes_executor.py for tasks to queue
[2025-09-03T20:16:19.859+0200] {logging_mixin.py:137} INFO - [2025-09-03T20:16:19.859+0200] {dagbag.py:532} INFO - Filling up the DagBag from /home/varun/miniconda3/envs/python38/lib/python3.8/site-packages/airflow/example_dags/example_kubernetes_executor.py
[2025-09-03T20:16:19.871+0200] {logging_mixin.py:137} INFO - [2025-09-03T20:16:19.871+0200] {example_kubernetes_executor.py:41} WARNING - The example_kubernetes_executor example DAG requires the kubernetes provider. Please install it with: pip install apache-airflow[cncf.kubernetes]
[2025-09-03T20:16:19.872+0200] {processor.py:755} WARNING - No viable dags retrieved from /home/varun/miniconda3/envs/python38/lib/python3.8/site-packages/airflow/example_dags/example_kubernetes_executor.py
[2025-09-03T20:16:19.880+0200] {processor.py:175} INFO - Processing /home/varun/miniconda3/envs/python38/lib/python3.8/site-packages/airflow/example_dags/example_kubernetes_executor.py took 0.025 seconds
[2025-09-03T20:17:02.791+0200] {processor.py:153} INFO - Started process (PID=4938) to work on /home/varun/miniconda3/envs/python38/lib/python3.8/site-packages/airflow/example_dags/example_kubernetes_executor.py
[2025-09-03T20:17:02.793+0200] {processor.py:743} INFO - Processing file /home/varun/miniconda3/envs/python38/lib/python3.8/site-packages/airflow/example_dags/example_kubernetes_executor.py for tasks to queue
[2025-09-03T20:17:02.794+0200] {logging_mixin.py:137} INFO - [2025-09-03T20:17:02.794+0200] {dagbag.py:532} INFO - Filling up the DagBag from /home/varun/miniconda3/envs/python38/lib/python3.8/site-packages/airflow/example_dags/example_kubernetes_executor.py
[2025-09-03T20:17:02.813+0200] {logging_mixin.py:137} INFO - [2025-09-03T20:17:02.813+0200] {example_kubernetes_executor.py:41} WARNING - The example_kubernetes_executor example DAG requires the kubernetes provider. Please install it with: pip install apache-airflow[cncf.kubernetes]
[2025-09-03T20:17:02.814+0200] {processor.py:755} WARNING - No viable dags retrieved from /home/varun/miniconda3/envs/python38/lib/python3.8/site-packages/airflow/example_dags/example_kubernetes_executor.py
[2025-09-03T20:17:02.829+0200] {processor.py:175} INFO - Processing /home/varun/miniconda3/envs/python38/lib/python3.8/site-packages/airflow/example_dags/example_kubernetes_executor.py took 0.044 seconds
[2025-09-03T20:17:52.349+0200] {processor.py:153} INFO - Started process (PID=4983) to work on /home/varun/miniconda3/envs/python38/lib/python3.8/site-packages/airflow/example_dags/example_kubernetes_executor.py
[2025-09-03T20:17:52.351+0200] {processor.py:743} INFO - Processing file /home/varun/miniconda3/envs/python38/lib/python3.8/site-packages/airflow/example_dags/example_kubernetes_executor.py for tasks to queue
[2025-09-03T20:17:52.351+0200] {logging_mixin.py:137} INFO - [2025-09-03T20:17:52.351+0200] {dagbag.py:532} INFO - Filling up the DagBag from /home/varun/miniconda3/envs/python38/lib/python3.8/site-packages/airflow/example_dags/example_kubernetes_executor.py
[2025-09-03T20:17:52.368+0200] {logging_mixin.py:137} INFO - [2025-09-03T20:17:52.368+0200] {example_kubernetes_executor.py:41} WARNING - The example_kubernetes_executor example DAG requires the kubernetes provider. Please install it with: pip install apache-airflow[cncf.kubernetes]
[2025-09-03T20:17:52.368+0200] {processor.py:755} WARNING - No viable dags retrieved from /home/varun/miniconda3/envs/python38/lib/python3.8/site-packages/airflow/example_dags/example_kubernetes_executor.py
[2025-09-03T20:17:52.378+0200] {processor.py:175} INFO - Processing /home/varun/miniconda3/envs/python38/lib/python3.8/site-packages/airflow/example_dags/example_kubernetes_executor.py took 0.033 seconds
[2025-09-03T20:18:37.272+0200] {processor.py:153} INFO - Started process (PID=5026) to work on /home/varun/miniconda3/envs/python38/lib/python3.8/site-packages/airflow/example_dags/example_kubernetes_executor.py
[2025-09-03T20:18:37.274+0200] {processor.py:743} INFO - Processing file /home/varun/miniconda3/envs/python38/lib/python3.8/site-packages/airflow/example_dags/example_kubernetes_executor.py for tasks to queue
[2025-09-03T20:18:37.274+0200] {logging_mixin.py:137} INFO - [2025-09-03T20:18:37.274+0200] {dagbag.py:532} INFO - Filling up the DagBag from /home/varun/miniconda3/envs/python38/lib/python3.8/site-packages/airflow/example_dags/example_kubernetes_executor.py
[2025-09-03T20:18:37.287+0200] {logging_mixin.py:137} INFO - [2025-09-03T20:18:37.287+0200] {example_kubernetes_executor.py:41} WARNING - The example_kubernetes_executor example DAG requires the kubernetes provider. Please install it with: pip install apache-airflow[cncf.kubernetes]
[2025-09-03T20:18:37.287+0200] {processor.py:755} WARNING - No viable dags retrieved from /home/varun/miniconda3/envs/python38/lib/python3.8/site-packages/airflow/example_dags/example_kubernetes_executor.py
[2025-09-03T20:18:37.297+0200] {processor.py:175} INFO - Processing /home/varun/miniconda3/envs/python38/lib/python3.8/site-packages/airflow/example_dags/example_kubernetes_executor.py took 0.028 seconds
[2025-09-03T20:19:24.962+0200] {processor.py:153} INFO - Started process (PID=5068) to work on /home/varun/miniconda3/envs/python38/lib/python3.8/site-packages/airflow/example_dags/example_kubernetes_executor.py
[2025-09-03T20:19:24.964+0200] {processor.py:743} INFO - Processing file /home/varun/miniconda3/envs/python38/lib/python3.8/site-packages/airflow/example_dags/example_kubernetes_executor.py for tasks to queue
[2025-09-03T20:19:24.965+0200] {logging_mixin.py:137} INFO - [2025-09-03T20:19:24.965+0200] {dagbag.py:532} INFO - Filling up the DagBag from /home/varun/miniconda3/envs/python38/lib/python3.8/site-packages/airflow/example_dags/example_kubernetes_executor.py
[2025-09-03T20:19:24.983+0200] {logging_mixin.py:137} INFO - [2025-09-03T20:19:24.982+0200] {example_kubernetes_executor.py:41} WARNING - The example_kubernetes_executor example DAG requires the kubernetes provider. Please install it with: pip install apache-airflow[cncf.kubernetes]
[2025-09-03T20:19:24.983+0200] {processor.py:755} WARNING - No viable dags retrieved from /home/varun/miniconda3/envs/python38/lib/python3.8/site-packages/airflow/example_dags/example_kubernetes_executor.py
[2025-09-03T20:19:24.994+0200] {processor.py:175} INFO - Processing /home/varun/miniconda3/envs/python38/lib/python3.8/site-packages/airflow/example_dags/example_kubernetes_executor.py took 0.036 seconds
[2025-09-03T20:20:17.625+0200] {processor.py:153} INFO - Started process (PID=5110) to work on /home/varun/miniconda3/envs/python38/lib/python3.8/site-packages/airflow/example_dags/example_kubernetes_executor.py
[2025-09-03T20:20:17.626+0200] {processor.py:743} INFO - Processing file /home/varun/miniconda3/envs/python38/lib/python3.8/site-packages/airflow/example_dags/example_kubernetes_executor.py for tasks to queue
[2025-09-03T20:20:17.628+0200] {logging_mixin.py:137} INFO - [2025-09-03T20:20:17.627+0200] {dagbag.py:532} INFO - Filling up the DagBag from /home/varun/miniconda3/envs/python38/lib/python3.8/site-packages/airflow/example_dags/example_kubernetes_executor.py
[2025-09-03T20:20:17.643+0200] {logging_mixin.py:137} INFO - [2025-09-03T20:20:17.643+0200] {example_kubernetes_executor.py:41} WARNING - The example_kubernetes_executor example DAG requires the kubernetes provider. Please install it with: pip install apache-airflow[cncf.kubernetes]
[2025-09-03T20:20:17.643+0200] {processor.py:755} WARNING - No viable dags retrieved from /home/varun/miniconda3/envs/python38/lib/python3.8/site-packages/airflow/example_dags/example_kubernetes_executor.py
[2025-09-03T20:20:17.651+0200] {processor.py:175} INFO - Processing /home/varun/miniconda3/envs/python38/lib/python3.8/site-packages/airflow/example_dags/example_kubernetes_executor.py took 0.030 seconds
[2025-09-03T20:21:08.445+0200] {processor.py:153} INFO - Started process (PID=5152) to work on /home/varun/miniconda3/envs/python38/lib/python3.8/site-packages/airflow/example_dags/example_kubernetes_executor.py
[2025-09-03T20:21:08.446+0200] {processor.py:743} INFO - Processing file /home/varun/miniconda3/envs/python38/lib/python3.8/site-packages/airflow/example_dags/example_kubernetes_executor.py for tasks to queue
[2025-09-03T20:21:08.447+0200] {logging_mixin.py:137} INFO - [2025-09-03T20:21:08.447+0200] {dagbag.py:532} INFO - Filling up the DagBag from /home/varun/miniconda3/envs/python38/lib/python3.8/site-packages/airflow/example_dags/example_kubernetes_executor.py
[2025-09-03T20:21:08.463+0200] {logging_mixin.py:137} INFO - [2025-09-03T20:21:08.462+0200] {example_kubernetes_executor.py:41} WARNING - The example_kubernetes_executor example DAG requires the kubernetes provider. Please install it with: pip install apache-airflow[cncf.kubernetes]
[2025-09-03T20:21:08.463+0200] {processor.py:755} WARNING - No viable dags retrieved from /home/varun/miniconda3/envs/python38/lib/python3.8/site-packages/airflow/example_dags/example_kubernetes_executor.py
[2025-09-03T20:21:08.473+0200] {processor.py:175} INFO - Processing /home/varun/miniconda3/envs/python38/lib/python3.8/site-packages/airflow/example_dags/example_kubernetes_executor.py took 0.031 seconds
[2025-09-03T20:22:01.131+0200] {processor.py:153} INFO - Started process (PID=5194) to work on /home/varun/miniconda3/envs/python38/lib/python3.8/site-packages/airflow/example_dags/example_kubernetes_executor.py
[2025-09-03T20:22:01.133+0200] {processor.py:743} INFO - Processing file /home/varun/miniconda3/envs/python38/lib/python3.8/site-packages/airflow/example_dags/example_kubernetes_executor.py for tasks to queue
[2025-09-03T20:22:01.133+0200] {logging_mixin.py:137} INFO - [2025-09-03T20:22:01.133+0200] {dagbag.py:532} INFO - Filling up the DagBag from /home/varun/miniconda3/envs/python38/lib/python3.8/site-packages/airflow/example_dags/example_kubernetes_executor.py
[2025-09-03T20:22:01.146+0200] {logging_mixin.py:137} INFO - [2025-09-03T20:22:01.146+0200] {example_kubernetes_executor.py:41} WARNING - The example_kubernetes_executor example DAG requires the kubernetes provider. Please install it with: pip install apache-airflow[cncf.kubernetes]
[2025-09-03T20:22:01.146+0200] {processor.py:755} WARNING - No viable dags retrieved from /home/varun/miniconda3/envs/python38/lib/python3.8/site-packages/airflow/example_dags/example_kubernetes_executor.py
[2025-09-03T20:22:01.156+0200] {processor.py:175} INFO - Processing /home/varun/miniconda3/envs/python38/lib/python3.8/site-packages/airflow/example_dags/example_kubernetes_executor.py took 0.028 seconds
[2025-09-03T20:22:50.330+0200] {processor.py:153} INFO - Started process (PID=5236) to work on /home/varun/miniconda3/envs/python38/lib/python3.8/site-packages/airflow/example_dags/example_kubernetes_executor.py
[2025-09-03T20:22:50.332+0200] {processor.py:743} INFO - Processing file /home/varun/miniconda3/envs/python38/lib/python3.8/site-packages/airflow/example_dags/example_kubernetes_executor.py for tasks to queue
[2025-09-03T20:22:50.332+0200] {logging_mixin.py:137} INFO - [2025-09-03T20:22:50.332+0200] {dagbag.py:532} INFO - Filling up the DagBag from /home/varun/miniconda3/envs/python38/lib/python3.8/site-packages/airflow/example_dags/example_kubernetes_executor.py
[2025-09-03T20:22:50.449+0200] {logging_mixin.py:137} INFO - [2025-09-03T20:22:50.449+0200] {example_kubernetes_executor.py:41} WARNING - The example_kubernetes_executor example DAG requires the kubernetes provider. Please install it with: pip install apache-airflow[cncf.kubernetes]
[2025-09-03T20:22:50.449+0200] {processor.py:755} WARNING - No viable dags retrieved from /home/varun/miniconda3/envs/python38/lib/python3.8/site-packages/airflow/example_dags/example_kubernetes_executor.py
[2025-09-03T20:22:50.455+0200] {processor.py:175} INFO - Processing /home/varun/miniconda3/envs/python38/lib/python3.8/site-packages/airflow/example_dags/example_kubernetes_executor.py took 0.128 seconds
[2025-09-03T20:23:41.718+0200] {processor.py:153} INFO - Started process (PID=5278) to work on /home/varun/miniconda3/envs/python38/lib/python3.8/site-packages/airflow/example_dags/example_kubernetes_executor.py
[2025-09-03T20:23:41.719+0200] {processor.py:743} INFO - Processing file /home/varun/miniconda3/envs/python38/lib/python3.8/site-packages/airflow/example_dags/example_kubernetes_executor.py for tasks to queue
[2025-09-03T20:23:41.720+0200] {logging_mixin.py:137} INFO - [2025-09-03T20:23:41.720+0200] {dagbag.py:532} INFO - Filling up the DagBag from /home/varun/miniconda3/envs/python38/lib/python3.8/site-packages/airflow/example_dags/example_kubernetes_executor.py
[2025-09-03T20:23:41.733+0200] {logging_mixin.py:137} INFO - [2025-09-03T20:23:41.733+0200] {example_kubernetes_executor.py:41} WARNING - The example_kubernetes_executor example DAG requires the kubernetes provider. Please install it with: pip install apache-airflow[cncf.kubernetes]
[2025-09-03T20:23:41.733+0200] {processor.py:755} WARNING - No viable dags retrieved from /home/varun/miniconda3/envs/python38/lib/python3.8/site-packages/airflow/example_dags/example_kubernetes_executor.py
[2025-09-03T20:23:41.741+0200] {processor.py:175} INFO - Processing /home/varun/miniconda3/envs/python38/lib/python3.8/site-packages/airflow/example_dags/example_kubernetes_executor.py took 0.026 seconds
[2025-09-03T20:24:27.717+0200] {processor.py:153} INFO - Started process (PID=5321) to work on /home/varun/miniconda3/envs/python38/lib/python3.8/site-packages/airflow/example_dags/example_kubernetes_executor.py
[2025-09-03T20:24:27.718+0200] {processor.py:743} INFO - Processing file /home/varun/miniconda3/envs/python38/lib/python3.8/site-packages/airflow/example_dags/example_kubernetes_executor.py for tasks to queue
[2025-09-03T20:24:27.719+0200] {logging_mixin.py:137} INFO - [2025-09-03T20:24:27.719+0200] {dagbag.py:532} INFO - Filling up the DagBag from /home/varun/miniconda3/envs/python38/lib/python3.8/site-packages/airflow/example_dags/example_kubernetes_executor.py
[2025-09-03T20:24:27.737+0200] {logging_mixin.py:137} INFO - [2025-09-03T20:24:27.737+0200] {example_kubernetes_executor.py:41} WARNING - The example_kubernetes_executor example DAG requires the kubernetes provider. Please install it with: pip install apache-airflow[cncf.kubernetes]
[2025-09-03T20:24:27.738+0200] {processor.py:755} WARNING - No viable dags retrieved from /home/varun/miniconda3/envs/python38/lib/python3.8/site-packages/airflow/example_dags/example_kubernetes_executor.py
[2025-09-03T20:24:27.752+0200] {processor.py:175} INFO - Processing /home/varun/miniconda3/envs/python38/lib/python3.8/site-packages/airflow/example_dags/example_kubernetes_executor.py took 0.039 seconds
[2025-09-03T20:25:11.531+0200] {processor.py:153} INFO - Started process (PID=5363) to work on /home/varun/miniconda3/envs/python38/lib/python3.8/site-packages/airflow/example_dags/example_kubernetes_executor.py
[2025-09-03T20:25:11.532+0200] {processor.py:743} INFO - Processing file /home/varun/miniconda3/envs/python38/lib/python3.8/site-packages/airflow/example_dags/example_kubernetes_executor.py for tasks to queue
[2025-09-03T20:25:11.533+0200] {logging_mixin.py:137} INFO - [2025-09-03T20:25:11.533+0200] {dagbag.py:532} INFO - Filling up the DagBag from /home/varun/miniconda3/envs/python38/lib/python3.8/site-packages/airflow/example_dags/example_kubernetes_executor.py
[2025-09-03T20:25:11.547+0200] {logging_mixin.py:137} INFO - [2025-09-03T20:25:11.547+0200] {example_kubernetes_executor.py:41} WARNING - The example_kubernetes_executor example DAG requires the kubernetes provider. Please install it with: pip install apache-airflow[cncf.kubernetes]
[2025-09-03T20:25:11.547+0200] {processor.py:755} WARNING - No viable dags retrieved from /home/varun/miniconda3/envs/python38/lib/python3.8/site-packages/airflow/example_dags/example_kubernetes_executor.py
[2025-09-03T20:25:11.557+0200] {processor.py:175} INFO - Processing /home/varun/miniconda3/envs/python38/lib/python3.8/site-packages/airflow/example_dags/example_kubernetes_executor.py took 0.029 seconds
[2025-09-03T20:25:54.809+0200] {processor.py:153} INFO - Started process (PID=5405) to work on /home/varun/miniconda3/envs/python38/lib/python3.8/site-packages/airflow/example_dags/example_kubernetes_executor.py
[2025-09-03T20:25:54.811+0200] {processor.py:743} INFO - Processing file /home/varun/miniconda3/envs/python38/lib/python3.8/site-packages/airflow/example_dags/example_kubernetes_executor.py for tasks to queue
[2025-09-03T20:25:54.812+0200] {logging_mixin.py:137} INFO - [2025-09-03T20:25:54.812+0200] {dagbag.py:532} INFO - Filling up the DagBag from /home/varun/miniconda3/envs/python38/lib/python3.8/site-packages/airflow/example_dags/example_kubernetes_executor.py
[2025-09-03T20:25:54.828+0200] {logging_mixin.py:137} INFO - [2025-09-03T20:25:54.828+0200] {example_kubernetes_executor.py:41} WARNING - The example_kubernetes_executor example DAG requires the kubernetes provider. Please install it with: pip install apache-airflow[cncf.kubernetes]
[2025-09-03T20:25:54.828+0200] {processor.py:755} WARNING - No viable dags retrieved from /home/varun/miniconda3/envs/python38/lib/python3.8/site-packages/airflow/example_dags/example_kubernetes_executor.py
[2025-09-03T20:25:54.838+0200] {processor.py:175} INFO - Processing /home/varun/miniconda3/envs/python38/lib/python3.8/site-packages/airflow/example_dags/example_kubernetes_executor.py took 0.032 seconds
[2025-09-03T20:26:44.936+0200] {processor.py:153} INFO - Started process (PID=5447) to work on /home/varun/miniconda3/envs/python38/lib/python3.8/site-packages/airflow/example_dags/example_kubernetes_executor.py
[2025-09-03T20:26:44.938+0200] {processor.py:743} INFO - Processing file /home/varun/miniconda3/envs/python38/lib/python3.8/site-packages/airflow/example_dags/example_kubernetes_executor.py for tasks to queue
[2025-09-03T20:26:44.938+0200] {logging_mixin.py:137} INFO - [2025-09-03T20:26:44.938+0200] {dagbag.py:532} INFO - Filling up the DagBag from /home/varun/miniconda3/envs/python38/lib/python3.8/site-packages/airflow/example_dags/example_kubernetes_executor.py
[2025-09-03T20:26:44.952+0200] {logging_mixin.py:137} INFO - [2025-09-03T20:26:44.951+0200] {example_kubernetes_executor.py:41} WARNING - The example_kubernetes_executor example DAG requires the kubernetes provider. Please install it with: pip install apache-airflow[cncf.kubernetes]
[2025-09-03T20:26:44.952+0200] {processor.py:755} WARNING - No viable dags retrieved from /home/varun/miniconda3/envs/python38/lib/python3.8/site-packages/airflow/example_dags/example_kubernetes_executor.py
[2025-09-03T20:26:44.960+0200] {processor.py:175} INFO - Processing /home/varun/miniconda3/envs/python38/lib/python3.8/site-packages/airflow/example_dags/example_kubernetes_executor.py took 0.027 seconds
[2025-09-03T20:27:30.841+0200] {processor.py:153} INFO - Started process (PID=5489) to work on /home/varun/miniconda3/envs/python38/lib/python3.8/site-packages/airflow/example_dags/example_kubernetes_executor.py
[2025-09-03T20:27:30.842+0200] {processor.py:743} INFO - Processing file /home/varun/miniconda3/envs/python38/lib/python3.8/site-packages/airflow/example_dags/example_kubernetes_executor.py for tasks to queue
[2025-09-03T20:27:30.842+0200] {logging_mixin.py:137} INFO - [2025-09-03T20:27:30.842+0200] {dagbag.py:532} INFO - Filling up the DagBag from /home/varun/miniconda3/envs/python38/lib/python3.8/site-packages/airflow/example_dags/example_kubernetes_executor.py
[2025-09-03T20:27:30.855+0200] {logging_mixin.py:137} INFO - [2025-09-03T20:27:30.855+0200] {example_kubernetes_executor.py:41} WARNING - The example_kubernetes_executor example DAG requires the kubernetes provider. Please install it with: pip install apache-airflow[cncf.kubernetes]
[2025-09-03T20:27:30.856+0200] {processor.py:755} WARNING - No viable dags retrieved from /home/varun/miniconda3/envs/python38/lib/python3.8/site-packages/airflow/example_dags/example_kubernetes_executor.py
[2025-09-03T20:27:30.865+0200] {processor.py:175} INFO - Processing /home/varun/miniconda3/envs/python38/lib/python3.8/site-packages/airflow/example_dags/example_kubernetes_executor.py took 0.028 seconds
[2025-09-03T20:28:16.660+0200] {processor.py:153} INFO - Started process (PID=5531) to work on /home/varun/miniconda3/envs/python38/lib/python3.8/site-packages/airflow/example_dags/example_kubernetes_executor.py
[2025-09-03T20:28:16.661+0200] {processor.py:743} INFO - Processing file /home/varun/miniconda3/envs/python38/lib/python3.8/site-packages/airflow/example_dags/example_kubernetes_executor.py for tasks to queue
[2025-09-03T20:28:16.662+0200] {logging_mixin.py:137} INFO - [2025-09-03T20:28:16.662+0200] {dagbag.py:532} INFO - Filling up the DagBag from /home/varun/miniconda3/envs/python38/lib/python3.8/site-packages/airflow/example_dags/example_kubernetes_executor.py
[2025-09-03T20:28:16.675+0200] {logging_mixin.py:137} INFO - [2025-09-03T20:28:16.675+0200] {example_kubernetes_executor.py:41} WARNING - The example_kubernetes_executor example DAG requires the kubernetes provider. Please install it with: pip install apache-airflow[cncf.kubernetes]
[2025-09-03T20:28:16.675+0200] {processor.py:755} WARNING - No viable dags retrieved from /home/varun/miniconda3/envs/python38/lib/python3.8/site-packages/airflow/example_dags/example_kubernetes_executor.py
[2025-09-03T20:28:16.683+0200] {processor.py:175} INFO - Processing /home/varun/miniconda3/envs/python38/lib/python3.8/site-packages/airflow/example_dags/example_kubernetes_executor.py took 0.026 seconds
[2025-09-03T20:29:06.937+0200] {processor.py:153} INFO - Started process (PID=5573) to work on /home/varun/miniconda3/envs/python38/lib/python3.8/site-packages/airflow/example_dags/example_kubernetes_executor.py
[2025-09-03T20:29:06.938+0200] {processor.py:743} INFO - Processing file /home/varun/miniconda3/envs/python38/lib/python3.8/site-packages/airflow/example_dags/example_kubernetes_executor.py for tasks to queue
[2025-09-03T20:29:06.939+0200] {logging_mixin.py:137} INFO - [2025-09-03T20:29:06.939+0200] {dagbag.py:532} INFO - Filling up the DagBag from /home/varun/miniconda3/envs/python38/lib/python3.8/site-packages/airflow/example_dags/example_kubernetes_executor.py
[2025-09-03T20:29:06.952+0200] {logging_mixin.py:137} INFO - [2025-09-03T20:29:06.952+0200] {example_kubernetes_executor.py:41} WARNING - The example_kubernetes_executor example DAG requires the kubernetes provider. Please install it with: pip install apache-airflow[cncf.kubernetes]
[2025-09-03T20:29:06.952+0200] {processor.py:755} WARNING - No viable dags retrieved from /home/varun/miniconda3/envs/python38/lib/python3.8/site-packages/airflow/example_dags/example_kubernetes_executor.py
[2025-09-03T20:29:06.960+0200] {processor.py:175} INFO - Processing /home/varun/miniconda3/envs/python38/lib/python3.8/site-packages/airflow/example_dags/example_kubernetes_executor.py took 0.026 seconds
[2025-09-03T20:29:52.603+0200] {processor.py:153} INFO - Started process (PID=5616) to work on /home/varun/miniconda3/envs/python38/lib/python3.8/site-packages/airflow/example_dags/example_kubernetes_executor.py
[2025-09-03T20:29:52.604+0200] {processor.py:743} INFO - Processing file /home/varun/miniconda3/envs/python38/lib/python3.8/site-packages/airflow/example_dags/example_kubernetes_executor.py for tasks to queue
[2025-09-03T20:29:52.605+0200] {logging_mixin.py:137} INFO - [2025-09-03T20:29:52.605+0200] {dagbag.py:532} INFO - Filling up the DagBag from /home/varun/miniconda3/envs/python38/lib/python3.8/site-packages/airflow/example_dags/example_kubernetes_executor.py
[2025-09-03T20:29:52.623+0200] {logging_mixin.py:137} INFO - [2025-09-03T20:29:52.623+0200] {example_kubernetes_executor.py:41} WARNING - The example_kubernetes_executor example DAG requires the kubernetes provider. Please install it with: pip install apache-airflow[cncf.kubernetes]
[2025-09-03T20:29:52.623+0200] {processor.py:755} WARNING - No viable dags retrieved from /home/varun/miniconda3/envs/python38/lib/python3.8/site-packages/airflow/example_dags/example_kubernetes_executor.py
[2025-09-03T20:29:52.635+0200] {processor.py:175} INFO - Processing /home/varun/miniconda3/envs/python38/lib/python3.8/site-packages/airflow/example_dags/example_kubernetes_executor.py took 0.036 seconds
[2025-09-03T20:30:37.411+0200] {processor.py:153} INFO - Started process (PID=5658) to work on /home/varun/miniconda3/envs/python38/lib/python3.8/site-packages/airflow/example_dags/example_kubernetes_executor.py
[2025-09-03T20:30:37.413+0200] {processor.py:743} INFO - Processing file /home/varun/miniconda3/envs/python38/lib/python3.8/site-packages/airflow/example_dags/example_kubernetes_executor.py for tasks to queue
[2025-09-03T20:30:37.413+0200] {logging_mixin.py:137} INFO - [2025-09-03T20:30:37.413+0200] {dagbag.py:532} INFO - Filling up the DagBag from /home/varun/miniconda3/envs/python38/lib/python3.8/site-packages/airflow/example_dags/example_kubernetes_executor.py
[2025-09-03T20:30:37.427+0200] {logging_mixin.py:137} INFO - [2025-09-03T20:30:37.427+0200] {example_kubernetes_executor.py:41} WARNING - The example_kubernetes_executor example DAG requires the kubernetes provider. Please install it with: pip install apache-airflow[cncf.kubernetes]
[2025-09-03T20:30:37.427+0200] {processor.py:755} WARNING - No viable dags retrieved from /home/varun/miniconda3/envs/python38/lib/python3.8/site-packages/airflow/example_dags/example_kubernetes_executor.py
[2025-09-03T20:30:37.438+0200] {processor.py:175} INFO - Processing /home/varun/miniconda3/envs/python38/lib/python3.8/site-packages/airflow/example_dags/example_kubernetes_executor.py took 0.029 seconds
[2025-09-03T20:31:20.847+0200] {processor.py:153} INFO - Started process (PID=5700) to work on /home/varun/miniconda3/envs/python38/lib/python3.8/site-packages/airflow/example_dags/example_kubernetes_executor.py
[2025-09-03T20:31:20.849+0200] {processor.py:743} INFO - Processing file /home/varun/miniconda3/envs/python38/lib/python3.8/site-packages/airflow/example_dags/example_kubernetes_executor.py for tasks to queue
[2025-09-03T20:31:20.850+0200] {logging_mixin.py:137} INFO - [2025-09-03T20:31:20.849+0200] {dagbag.py:532} INFO - Filling up the DagBag from /home/varun/miniconda3/envs/python38/lib/python3.8/site-packages/airflow/example_dags/example_kubernetes_executor.py
[2025-09-03T20:31:20.865+0200] {logging_mixin.py:137} INFO - [2025-09-03T20:31:20.865+0200] {example_kubernetes_executor.py:41} WARNING - The example_kubernetes_executor example DAG requires the kubernetes provider. Please install it with: pip install apache-airflow[cncf.kubernetes]
[2025-09-03T20:31:20.865+0200] {processor.py:755} WARNING - No viable dags retrieved from /home/varun/miniconda3/envs/python38/lib/python3.8/site-packages/airflow/example_dags/example_kubernetes_executor.py
[2025-09-03T20:31:20.875+0200] {processor.py:175} INFO - Processing /home/varun/miniconda3/envs/python38/lib/python3.8/site-packages/airflow/example_dags/example_kubernetes_executor.py took 0.031 seconds
[2025-09-03T20:32:09.605+0200] {processor.py:153} INFO - Started process (PID=5742) to work on /home/varun/miniconda3/envs/python38/lib/python3.8/site-packages/airflow/example_dags/example_kubernetes_executor.py
[2025-09-03T20:32:09.607+0200] {processor.py:743} INFO - Processing file /home/varun/miniconda3/envs/python38/lib/python3.8/site-packages/airflow/example_dags/example_kubernetes_executor.py for tasks to queue
[2025-09-03T20:32:09.607+0200] {logging_mixin.py:137} INFO - [2025-09-03T20:32:09.607+0200] {dagbag.py:532} INFO - Filling up the DagBag from /home/varun/miniconda3/envs/python38/lib/python3.8/site-packages/airflow/example_dags/example_kubernetes_executor.py
[2025-09-03T20:32:09.622+0200] {logging_mixin.py:137} INFO - [2025-09-03T20:32:09.621+0200] {example_kubernetes_executor.py:41} WARNING - The example_kubernetes_executor example DAG requires the kubernetes provider. Please install it with: pip install apache-airflow[cncf.kubernetes]
[2025-09-03T20:32:09.622+0200] {processor.py:755} WARNING - No viable dags retrieved from /home/varun/miniconda3/envs/python38/lib/python3.8/site-packages/airflow/example_dags/example_kubernetes_executor.py
[2025-09-03T20:32:09.630+0200] {processor.py:175} INFO - Processing /home/varun/miniconda3/envs/python38/lib/python3.8/site-packages/airflow/example_dags/example_kubernetes_executor.py took 0.027 seconds
[2025-09-03T20:32:55.303+0200] {processor.py:153} INFO - Started process (PID=5784) to work on /home/varun/miniconda3/envs/python38/lib/python3.8/site-packages/airflow/example_dags/example_kubernetes_executor.py
[2025-09-03T20:32:55.304+0200] {processor.py:743} INFO - Processing file /home/varun/miniconda3/envs/python38/lib/python3.8/site-packages/airflow/example_dags/example_kubernetes_executor.py for tasks to queue
[2025-09-03T20:32:55.305+0200] {logging_mixin.py:137} INFO - [2025-09-03T20:32:55.305+0200] {dagbag.py:532} INFO - Filling up the DagBag from /home/varun/miniconda3/envs/python38/lib/python3.8/site-packages/airflow/example_dags/example_kubernetes_executor.py
[2025-09-03T20:32:55.318+0200] {logging_mixin.py:137} INFO - [2025-09-03T20:32:55.318+0200] {example_kubernetes_executor.py:41} WARNING - The example_kubernetes_executor example DAG requires the kubernetes provider. Please install it with: pip install apache-airflow[cncf.kubernetes]
[2025-09-03T20:32:55.318+0200] {processor.py:755} WARNING - No viable dags retrieved from /home/varun/miniconda3/envs/python38/lib/python3.8/site-packages/airflow/example_dags/example_kubernetes_executor.py
[2025-09-03T20:32:55.327+0200] {processor.py:175} INFO - Processing /home/varun/miniconda3/envs/python38/lib/python3.8/site-packages/airflow/example_dags/example_kubernetes_executor.py took 0.028 seconds
[2025-09-03T20:33:40.594+0200] {processor.py:153} INFO - Started process (PID=5826) to work on /home/varun/miniconda3/envs/python38/lib/python3.8/site-packages/airflow/example_dags/example_kubernetes_executor.py
[2025-09-03T20:33:40.596+0200] {processor.py:743} INFO - Processing file /home/varun/miniconda3/envs/python38/lib/python3.8/site-packages/airflow/example_dags/example_kubernetes_executor.py for tasks to queue
[2025-09-03T20:33:40.597+0200] {logging_mixin.py:137} INFO - [2025-09-03T20:33:40.596+0200] {dagbag.py:532} INFO - Filling up the DagBag from /home/varun/miniconda3/envs/python38/lib/python3.8/site-packages/airflow/example_dags/example_kubernetes_executor.py
[2025-09-03T20:33:40.614+0200] {logging_mixin.py:137} INFO - [2025-09-03T20:33:40.614+0200] {example_kubernetes_executor.py:41} WARNING - The example_kubernetes_executor example DAG requires the kubernetes provider. Please install it with: pip install apache-airflow[cncf.kubernetes]
[2025-09-03T20:33:40.614+0200] {processor.py:755} WARNING - No viable dags retrieved from /home/varun/miniconda3/envs/python38/lib/python3.8/site-packages/airflow/example_dags/example_kubernetes_executor.py
[2025-09-03T20:33:40.627+0200] {processor.py:175} INFO - Processing /home/varun/miniconda3/envs/python38/lib/python3.8/site-packages/airflow/example_dags/example_kubernetes_executor.py took 0.035 seconds
[2025-09-03T20:34:28.996+0200] {processor.py:153} INFO - Started process (PID=5868) to work on /home/varun/miniconda3/envs/python38/lib/python3.8/site-packages/airflow/example_dags/example_kubernetes_executor.py
[2025-09-03T20:34:28.998+0200] {processor.py:743} INFO - Processing file /home/varun/miniconda3/envs/python38/lib/python3.8/site-packages/airflow/example_dags/example_kubernetes_executor.py for tasks to queue
[2025-09-03T20:34:28.998+0200] {logging_mixin.py:137} INFO - [2025-09-03T20:34:28.998+0200] {dagbag.py:532} INFO - Filling up the DagBag from /home/varun/miniconda3/envs/python38/lib/python3.8/site-packages/airflow/example_dags/example_kubernetes_executor.py
[2025-09-03T20:34:29.013+0200] {logging_mixin.py:137} INFO - [2025-09-03T20:34:29.013+0200] {example_kubernetes_executor.py:41} WARNING - The example_kubernetes_executor example DAG requires the kubernetes provider. Please install it with: pip install apache-airflow[cncf.kubernetes]
[2025-09-03T20:34:29.013+0200] {processor.py:755} WARNING - No viable dags retrieved from /home/varun/miniconda3/envs/python38/lib/python3.8/site-packages/airflow/example_dags/example_kubernetes_executor.py
[2025-09-03T20:34:29.021+0200] {processor.py:175} INFO - Processing /home/varun/miniconda3/envs/python38/lib/python3.8/site-packages/airflow/example_dags/example_kubernetes_executor.py took 0.029 seconds
[2025-09-03T20:35:13.673+0200] {processor.py:153} INFO - Started process (PID=5911) to work on /home/varun/miniconda3/envs/python38/lib/python3.8/site-packages/airflow/example_dags/example_kubernetes_executor.py
[2025-09-03T20:35:13.675+0200] {processor.py:743} INFO - Processing file /home/varun/miniconda3/envs/python38/lib/python3.8/site-packages/airflow/example_dags/example_kubernetes_executor.py for tasks to queue
[2025-09-03T20:35:13.675+0200] {logging_mixin.py:137} INFO - [2025-09-03T20:35:13.675+0200] {dagbag.py:532} INFO - Filling up the DagBag from /home/varun/miniconda3/envs/python38/lib/python3.8/site-packages/airflow/example_dags/example_kubernetes_executor.py
[2025-09-03T20:35:13.689+0200] {logging_mixin.py:137} INFO - [2025-09-03T20:35:13.689+0200] {example_kubernetes_executor.py:41} WARNING - The example_kubernetes_executor example DAG requires the kubernetes provider. Please install it with: pip install apache-airflow[cncf.kubernetes]
[2025-09-03T20:35:13.689+0200] {processor.py:755} WARNING - No viable dags retrieved from /home/varun/miniconda3/envs/python38/lib/python3.8/site-packages/airflow/example_dags/example_kubernetes_executor.py
[2025-09-03T20:35:13.697+0200] {processor.py:175} INFO - Processing /home/varun/miniconda3/envs/python38/lib/python3.8/site-packages/airflow/example_dags/example_kubernetes_executor.py took 0.027 seconds
[2025-09-03T20:35:58.591+0200] {processor.py:153} INFO - Started process (PID=5953) to work on /home/varun/miniconda3/envs/python38/lib/python3.8/site-packages/airflow/example_dags/example_kubernetes_executor.py
[2025-09-03T20:35:58.593+0200] {processor.py:743} INFO - Processing file /home/varun/miniconda3/envs/python38/lib/python3.8/site-packages/airflow/example_dags/example_kubernetes_executor.py for tasks to queue
[2025-09-03T20:35:58.594+0200] {logging_mixin.py:137} INFO - [2025-09-03T20:35:58.594+0200] {dagbag.py:532} INFO - Filling up the DagBag from /home/varun/miniconda3/envs/python38/lib/python3.8/site-packages/airflow/example_dags/example_kubernetes_executor.py
[2025-09-03T20:35:58.608+0200] {logging_mixin.py:137} INFO - [2025-09-03T20:35:58.608+0200] {example_kubernetes_executor.py:41} WARNING - The example_kubernetes_executor example DAG requires the kubernetes provider. Please install it with: pip install apache-airflow[cncf.kubernetes]
[2025-09-03T20:35:58.608+0200] {processor.py:755} WARNING - No viable dags retrieved from /home/varun/miniconda3/envs/python38/lib/python3.8/site-packages/airflow/example_dags/example_kubernetes_executor.py
[2025-09-03T20:35:58.619+0200] {processor.py:175} INFO - Processing /home/varun/miniconda3/envs/python38/lib/python3.8/site-packages/airflow/example_dags/example_kubernetes_executor.py took 0.031 seconds
[2025-09-03T20:36:49.765+0200] {processor.py:153} INFO - Started process (PID=5999) to work on /home/varun/miniconda3/envs/python38/lib/python3.8/site-packages/airflow/example_dags/example_kubernetes_executor.py
[2025-09-03T20:36:49.797+0200] {processor.py:743} INFO - Processing file /home/varun/miniconda3/envs/python38/lib/python3.8/site-packages/airflow/example_dags/example_kubernetes_executor.py for tasks to queue
[2025-09-03T20:36:49.826+0200] {logging_mixin.py:137} INFO - [2025-09-03T20:36:49.824+0200] {dagbag.py:532} INFO - Filling up the DagBag from /home/varun/miniconda3/envs/python38/lib/python3.8/site-packages/airflow/example_dags/example_kubernetes_executor.py
[2025-09-03T20:36:50.461+0200] {logging_mixin.py:137} INFO - [2025-09-03T20:36:50.459+0200] {example_kubernetes_executor.py:41} WARNING - The example_kubernetes_executor example DAG requires the kubernetes provider. Please install it with: pip install apache-airflow[cncf.kubernetes]
[2025-09-03T20:36:50.465+0200] {processor.py:755} WARNING - No viable dags retrieved from /home/varun/miniconda3/envs/python38/lib/python3.8/site-packages/airflow/example_dags/example_kubernetes_executor.py
[2025-09-03T20:36:50.787+0200] {processor.py:175} INFO - Processing /home/varun/miniconda3/envs/python38/lib/python3.8/site-packages/airflow/example_dags/example_kubernetes_executor.py took 1.153 seconds
