[2025-09-03T19:42:37.809+0200] {processor.py:153} INFO - Started process (PID=3100) to work on /home/varun/miniconda3/envs/python38/lib/python3.8/site-packages/airflow/example_dags/example_latest_only.py
[2025-09-03T19:42:37.811+0200] {processor.py:743} INFO - Processing file /home/varun/miniconda3/envs/python38/lib/python3.8/site-packages/airflow/example_dags/example_latest_only.py for tasks to queue
[2025-09-03T19:42:37.811+0200] {logging_mixin.py:137} INFO - [2025-09-03T19:42:37.811+0200] {dagbag.py:532} INFO - Filling up the DagBag from /home/varun/miniconda3/envs/python38/lib/python3.8/site-packages/airflow/example_dags/example_latest_only.py
[2025-09-03T19:42:37.826+0200] {processor.py:753} INFO - DAG(s) dict_keys(['latest_only']) retrieved from /home/varun/miniconda3/envs/python38/lib/python3.8/site-packages/airflow/example_dags/example_latest_only.py
[2025-09-03T19:42:37.937+0200] {logging_mixin.py:137} INFO - [2025-09-03T19:42:37.937+0200] {manager.py:504} INFO - Created Permission View: can edit on DAG:latest_only
[2025-09-03T19:42:37.951+0200] {logging_mixin.py:137} INFO - [2025-09-03T19:42:37.951+0200] {manager.py:504} INFO - Created Permission View: can delete on DAG:latest_only
[2025-09-03T19:42:37.966+0200] {logging_mixin.py:137} INFO - [2025-09-03T19:42:37.966+0200] {manager.py:504} INFO - Created Permission View: can read on DAG:latest_only
[2025-09-03T19:42:37.967+0200] {logging_mixin.py:137} INFO - [2025-09-03T19:42:37.966+0200] {dag.py:2705} INFO - Sync 1 DAGs
[2025-09-03T19:42:37.975+0200] {logging_mixin.py:137} INFO - [2025-09-03T19:42:37.975+0200] {dag.py:2726} INFO - Creating ORM DAG for latest_only
[2025-09-03T19:42:37.984+0200] {logging_mixin.py:137} INFO - [2025-09-03T19:42:37.983+0200] {dag.py:3452} INFO - Setting next_dagrun for latest_only to 2025-09-03T13:42:37.983612+00:00, run_after=2025-09-03T17:42:37.983612+00:00
[2025-09-03T19:42:38.014+0200] {processor.py:175} INFO - Processing /home/varun/miniconda3/envs/python38/lib/python3.8/site-packages/airflow/example_dags/example_latest_only.py took 0.208 seconds
[2025-09-03T19:43:26.457+0200] {processor.py:153} INFO - Started process (PID=3142) to work on /home/varun/miniconda3/envs/python38/lib/python3.8/site-packages/airflow/example_dags/example_latest_only.py
[2025-09-03T19:43:26.458+0200] {processor.py:743} INFO - Processing file /home/varun/miniconda3/envs/python38/lib/python3.8/site-packages/airflow/example_dags/example_latest_only.py for tasks to queue
[2025-09-03T19:43:26.460+0200] {logging_mixin.py:137} INFO - [2025-09-03T19:43:26.460+0200] {dagbag.py:532} INFO - Filling up the DagBag from /home/varun/miniconda3/envs/python38/lib/python3.8/site-packages/airflow/example_dags/example_latest_only.py
[2025-09-03T19:43:26.481+0200] {processor.py:753} INFO - DAG(s) dict_keys(['latest_only']) retrieved from /home/varun/miniconda3/envs/python38/lib/python3.8/site-packages/airflow/example_dags/example_latest_only.py
[2025-09-03T19:43:26.503+0200] {logging_mixin.py:137} INFO - [2025-09-03T19:43:26.503+0200] {dag.py:2705} INFO - Sync 1 DAGs
[2025-09-03T19:43:26.533+0200] {logging_mixin.py:137} INFO - [2025-09-03T19:43:26.533+0200] {dag.py:3452} INFO - Setting next_dagrun for latest_only to 2025-09-03T13:43:26.532627+00:00, run_after=2025-09-03T17:43:26.532627+00:00
[2025-09-03T19:43:26.569+0200] {processor.py:175} INFO - Processing /home/varun/miniconda3/envs/python38/lib/python3.8/site-packages/airflow/example_dags/example_latest_only.py took 0.116 seconds
[2025-09-03T19:44:16.916+0200] {processor.py:153} INFO - Started process (PID=3184) to work on /home/varun/miniconda3/envs/python38/lib/python3.8/site-packages/airflow/example_dags/example_latest_only.py
[2025-09-03T19:44:16.917+0200] {processor.py:743} INFO - Processing file /home/varun/miniconda3/envs/python38/lib/python3.8/site-packages/airflow/example_dags/example_latest_only.py for tasks to queue
[2025-09-03T19:44:16.918+0200] {logging_mixin.py:137} INFO - [2025-09-03T19:44:16.918+0200] {dagbag.py:532} INFO - Filling up the DagBag from /home/varun/miniconda3/envs/python38/lib/python3.8/site-packages/airflow/example_dags/example_latest_only.py
[2025-09-03T19:44:16.930+0200] {processor.py:753} INFO - DAG(s) dict_keys(['latest_only']) retrieved from /home/varun/miniconda3/envs/python38/lib/python3.8/site-packages/airflow/example_dags/example_latest_only.py
[2025-09-03T19:44:16.947+0200] {logging_mixin.py:137} INFO - [2025-09-03T19:44:16.947+0200] {dag.py:2705} INFO - Sync 1 DAGs
[2025-09-03T19:44:16.964+0200] {logging_mixin.py:137} INFO - [2025-09-03T19:44:16.964+0200] {dag.py:3452} INFO - Setting next_dagrun for latest_only to 2025-09-03T13:44:16.964260+00:00, run_after=2025-09-03T17:44:16.964260+00:00
[2025-09-03T19:44:16.987+0200] {processor.py:175} INFO - Processing /home/varun/miniconda3/envs/python38/lib/python3.8/site-packages/airflow/example_dags/example_latest_only.py took 0.074 seconds
[2025-09-03T19:45:03.650+0200] {processor.py:153} INFO - Started process (PID=3227) to work on /home/varun/miniconda3/envs/python38/lib/python3.8/site-packages/airflow/example_dags/example_latest_only.py
[2025-09-03T19:45:03.651+0200] {processor.py:743} INFO - Processing file /home/varun/miniconda3/envs/python38/lib/python3.8/site-packages/airflow/example_dags/example_latest_only.py for tasks to queue
[2025-09-03T19:45:03.652+0200] {logging_mixin.py:137} INFO - [2025-09-03T19:45:03.652+0200] {dagbag.py:532} INFO - Filling up the DagBag from /home/varun/miniconda3/envs/python38/lib/python3.8/site-packages/airflow/example_dags/example_latest_only.py
[2025-09-03T19:45:03.666+0200] {processor.py:753} INFO - DAG(s) dict_keys(['latest_only']) retrieved from /home/varun/miniconda3/envs/python38/lib/python3.8/site-packages/airflow/example_dags/example_latest_only.py
[2025-09-03T19:45:03.685+0200] {logging_mixin.py:137} INFO - [2025-09-03T19:45:03.684+0200] {dag.py:2705} INFO - Sync 1 DAGs
[2025-09-03T19:45:03.702+0200] {logging_mixin.py:137} INFO - [2025-09-03T19:45:03.701+0200] {dag.py:3452} INFO - Setting next_dagrun for latest_only to 2025-09-03T13:45:03.701744+00:00, run_after=2025-09-03T17:45:03.701744+00:00
[2025-09-03T19:45:03.722+0200] {processor.py:175} INFO - Processing /home/varun/miniconda3/envs/python38/lib/python3.8/site-packages/airflow/example_dags/example_latest_only.py took 0.075 seconds
[2025-09-03T19:45:49.881+0200] {processor.py:153} INFO - Started process (PID=3297) to work on /home/varun/miniconda3/envs/python38/lib/python3.8/site-packages/airflow/example_dags/example_latest_only.py
[2025-09-03T19:45:49.883+0200] {processor.py:743} INFO - Processing file /home/varun/miniconda3/envs/python38/lib/python3.8/site-packages/airflow/example_dags/example_latest_only.py for tasks to queue
[2025-09-03T19:45:49.883+0200] {logging_mixin.py:137} INFO - [2025-09-03T19:45:49.883+0200] {dagbag.py:532} INFO - Filling up the DagBag from /home/varun/miniconda3/envs/python38/lib/python3.8/site-packages/airflow/example_dags/example_latest_only.py
[2025-09-03T19:45:49.899+0200] {processor.py:753} INFO - DAG(s) dict_keys(['latest_only']) retrieved from /home/varun/miniconda3/envs/python38/lib/python3.8/site-packages/airflow/example_dags/example_latest_only.py
[2025-09-03T19:45:49.916+0200] {logging_mixin.py:137} INFO - [2025-09-03T19:45:49.916+0200] {dag.py:2705} INFO - Sync 1 DAGs
[2025-09-03T19:45:49.932+0200] {logging_mixin.py:137} INFO - [2025-09-03T19:45:49.932+0200] {dag.py:3452} INFO - Setting next_dagrun for latest_only to 2025-09-03T13:45:49.932264+00:00, run_after=2025-09-03T17:45:49.932264+00:00
[2025-09-03T19:45:49.954+0200] {processor.py:175} INFO - Processing /home/varun/miniconda3/envs/python38/lib/python3.8/site-packages/airflow/example_dags/example_latest_only.py took 0.076 seconds
[2025-09-03T19:46:34.706+0200] {processor.py:153} INFO - Started process (PID=3342) to work on /home/varun/miniconda3/envs/python38/lib/python3.8/site-packages/airflow/example_dags/example_latest_only.py
[2025-09-03T19:46:34.707+0200] {processor.py:743} INFO - Processing file /home/varun/miniconda3/envs/python38/lib/python3.8/site-packages/airflow/example_dags/example_latest_only.py for tasks to queue
[2025-09-03T19:46:34.708+0200] {logging_mixin.py:137} INFO - [2025-09-03T19:46:34.708+0200] {dagbag.py:532} INFO - Filling up the DagBag from /home/varun/miniconda3/envs/python38/lib/python3.8/site-packages/airflow/example_dags/example_latest_only.py
[2025-09-03T19:46:34.724+0200] {processor.py:753} INFO - DAG(s) dict_keys(['latest_only']) retrieved from /home/varun/miniconda3/envs/python38/lib/python3.8/site-packages/airflow/example_dags/example_latest_only.py
[2025-09-03T19:46:34.744+0200] {logging_mixin.py:137} INFO - [2025-09-03T19:46:34.744+0200] {dag.py:2705} INFO - Sync 1 DAGs
[2025-09-03T19:46:34.765+0200] {logging_mixin.py:137} INFO - [2025-09-03T19:46:34.764+0200] {dag.py:3452} INFO - Setting next_dagrun for latest_only to 2025-09-03T13:46:34.764484+00:00, run_after=2025-09-03T17:46:34.764484+00:00
[2025-09-03T19:46:34.792+0200] {processor.py:175} INFO - Processing /home/varun/miniconda3/envs/python38/lib/python3.8/site-packages/airflow/example_dags/example_latest_only.py took 0.089 seconds
[2025-09-03T19:47:24.995+0200] {processor.py:153} INFO - Started process (PID=3395) to work on /home/varun/miniconda3/envs/python38/lib/python3.8/site-packages/airflow/example_dags/example_latest_only.py
[2025-09-03T19:47:24.997+0200] {processor.py:743} INFO - Processing file /home/varun/miniconda3/envs/python38/lib/python3.8/site-packages/airflow/example_dags/example_latest_only.py for tasks to queue
[2025-09-03T19:47:24.997+0200] {logging_mixin.py:137} INFO - [2025-09-03T19:47:24.997+0200] {dagbag.py:532} INFO - Filling up the DagBag from /home/varun/miniconda3/envs/python38/lib/python3.8/site-packages/airflow/example_dags/example_latest_only.py
[2025-09-03T19:47:25.014+0200] {processor.py:753} INFO - DAG(s) dict_keys(['latest_only']) retrieved from /home/varun/miniconda3/envs/python38/lib/python3.8/site-packages/airflow/example_dags/example_latest_only.py
[2025-09-03T19:47:25.033+0200] {logging_mixin.py:137} INFO - [2025-09-03T19:47:25.033+0200] {dag.py:2705} INFO - Sync 1 DAGs
[2025-09-03T19:47:25.051+0200] {logging_mixin.py:137} INFO - [2025-09-03T19:47:25.051+0200] {dag.py:3452} INFO - Setting next_dagrun for latest_only to 2025-09-03T13:47:25.050904+00:00, run_after=2025-09-03T17:47:25.050904+00:00
[2025-09-03T19:47:25.075+0200] {processor.py:175} INFO - Processing /home/varun/miniconda3/envs/python38/lib/python3.8/site-packages/airflow/example_dags/example_latest_only.py took 0.085 seconds
[2025-09-03T19:48:09.926+0200] {processor.py:153} INFO - Started process (PID=3437) to work on /home/varun/miniconda3/envs/python38/lib/python3.8/site-packages/airflow/example_dags/example_latest_only.py
[2025-09-03T19:48:09.929+0200] {processor.py:743} INFO - Processing file /home/varun/miniconda3/envs/python38/lib/python3.8/site-packages/airflow/example_dags/example_latest_only.py for tasks to queue
[2025-09-03T19:48:09.930+0200] {logging_mixin.py:137} INFO - [2025-09-03T19:48:09.930+0200] {dagbag.py:532} INFO - Filling up the DagBag from /home/varun/miniconda3/envs/python38/lib/python3.8/site-packages/airflow/example_dags/example_latest_only.py
[2025-09-03T19:48:09.953+0200] {processor.py:753} INFO - DAG(s) dict_keys(['latest_only']) retrieved from /home/varun/miniconda3/envs/python38/lib/python3.8/site-packages/airflow/example_dags/example_latest_only.py
[2025-09-03T19:48:09.995+0200] {logging_mixin.py:137} INFO - [2025-09-03T19:48:09.995+0200] {dag.py:2705} INFO - Sync 1 DAGs
[2025-09-03T19:48:10.026+0200] {logging_mixin.py:137} INFO - [2025-09-03T19:48:10.026+0200] {dag.py:3452} INFO - Setting next_dagrun for latest_only to 2025-09-03T13:48:10.025688+00:00, run_after=2025-09-03T17:48:10.025688+00:00
[2025-09-03T19:48:10.064+0200] {processor.py:175} INFO - Processing /home/varun/miniconda3/envs/python38/lib/python3.8/site-packages/airflow/example_dags/example_latest_only.py took 0.144 seconds
[2025-09-03T19:48:58.033+0200] {processor.py:153} INFO - Started process (PID=3479) to work on /home/varun/miniconda3/envs/python38/lib/python3.8/site-packages/airflow/example_dags/example_latest_only.py
[2025-09-03T19:48:58.034+0200] {processor.py:743} INFO - Processing file /home/varun/miniconda3/envs/python38/lib/python3.8/site-packages/airflow/example_dags/example_latest_only.py for tasks to queue
[2025-09-03T19:48:58.035+0200] {logging_mixin.py:137} INFO - [2025-09-03T19:48:58.035+0200] {dagbag.py:532} INFO - Filling up the DagBag from /home/varun/miniconda3/envs/python38/lib/python3.8/site-packages/airflow/example_dags/example_latest_only.py
[2025-09-03T19:48:58.051+0200] {processor.py:753} INFO - DAG(s) dict_keys(['latest_only']) retrieved from /home/varun/miniconda3/envs/python38/lib/python3.8/site-packages/airflow/example_dags/example_latest_only.py
[2025-09-03T19:48:58.072+0200] {logging_mixin.py:137} INFO - [2025-09-03T19:48:58.072+0200] {dag.py:2705} INFO - Sync 1 DAGs
[2025-09-03T19:48:58.094+0200] {logging_mixin.py:137} INFO - [2025-09-03T19:48:58.093+0200] {dag.py:3452} INFO - Setting next_dagrun for latest_only to 2025-09-03T13:48:58.093654+00:00, run_after=2025-09-03T17:48:58.093654+00:00
[2025-09-03T19:48:58.127+0200] {processor.py:175} INFO - Processing /home/varun/miniconda3/envs/python38/lib/python3.8/site-packages/airflow/example_dags/example_latest_only.py took 0.100 seconds
[2025-09-03T19:49:50.098+0200] {processor.py:153} INFO - Started process (PID=3527) to work on /home/varun/miniconda3/envs/python38/lib/python3.8/site-packages/airflow/example_dags/example_latest_only.py
[2025-09-03T19:49:50.100+0200] {processor.py:743} INFO - Processing file /home/varun/miniconda3/envs/python38/lib/python3.8/site-packages/airflow/example_dags/example_latest_only.py for tasks to queue
[2025-09-03T19:49:50.101+0200] {logging_mixin.py:137} INFO - [2025-09-03T19:49:50.101+0200] {dagbag.py:532} INFO - Filling up the DagBag from /home/varun/miniconda3/envs/python38/lib/python3.8/site-packages/airflow/example_dags/example_latest_only.py
[2025-09-03T19:49:50.119+0200] {processor.py:753} INFO - DAG(s) dict_keys(['latest_only']) retrieved from /home/varun/miniconda3/envs/python38/lib/python3.8/site-packages/airflow/example_dags/example_latest_only.py
[2025-09-03T19:49:50.142+0200] {logging_mixin.py:137} INFO - [2025-09-03T19:49:50.142+0200] {dag.py:2705} INFO - Sync 1 DAGs
[2025-09-03T19:49:50.165+0200] {logging_mixin.py:137} INFO - [2025-09-03T19:49:50.165+0200] {dag.py:3452} INFO - Setting next_dagrun for latest_only to 2025-09-03T13:49:50.165151+00:00, run_after=2025-09-03T17:49:50.165151+00:00
[2025-09-03T19:49:50.192+0200] {processor.py:175} INFO - Processing /home/varun/miniconda3/envs/python38/lib/python3.8/site-packages/airflow/example_dags/example_latest_only.py took 0.097 seconds
[2025-09-03T19:50:35.588+0200] {processor.py:153} INFO - Started process (PID=3573) to work on /home/varun/miniconda3/envs/python38/lib/python3.8/site-packages/airflow/example_dags/example_latest_only.py
[2025-09-03T19:50:35.591+0200] {processor.py:743} INFO - Processing file /home/varun/miniconda3/envs/python38/lib/python3.8/site-packages/airflow/example_dags/example_latest_only.py for tasks to queue
[2025-09-03T19:50:35.591+0200] {logging_mixin.py:137} INFO - [2025-09-03T19:50:35.591+0200] {dagbag.py:532} INFO - Filling up the DagBag from /home/varun/miniconda3/envs/python38/lib/python3.8/site-packages/airflow/example_dags/example_latest_only.py
[2025-09-03T19:50:35.608+0200] {processor.py:753} INFO - DAG(s) dict_keys(['latest_only']) retrieved from /home/varun/miniconda3/envs/python38/lib/python3.8/site-packages/airflow/example_dags/example_latest_only.py
[2025-09-03T19:50:35.628+0200] {logging_mixin.py:137} INFO - [2025-09-03T19:50:35.628+0200] {dag.py:2705} INFO - Sync 1 DAGs
[2025-09-03T19:50:35.646+0200] {logging_mixin.py:137} INFO - [2025-09-03T19:50:35.646+0200] {dag.py:3452} INFO - Setting next_dagrun for latest_only to 2025-09-03T13:50:35.646235+00:00, run_after=2025-09-03T17:50:35.646235+00:00
[2025-09-03T19:50:35.668+0200] {processor.py:175} INFO - Processing /home/varun/miniconda3/envs/python38/lib/python3.8/site-packages/airflow/example_dags/example_latest_only.py took 0.084 seconds
[2025-09-03T19:51:21.861+0200] {processor.py:153} INFO - Started process (PID=3628) to work on /home/varun/miniconda3/envs/python38/lib/python3.8/site-packages/airflow/example_dags/example_latest_only.py
[2025-09-03T19:51:21.863+0200] {processor.py:743} INFO - Processing file /home/varun/miniconda3/envs/python38/lib/python3.8/site-packages/airflow/example_dags/example_latest_only.py for tasks to queue
[2025-09-03T19:51:21.863+0200] {logging_mixin.py:137} INFO - [2025-09-03T19:51:21.863+0200] {dagbag.py:532} INFO - Filling up the DagBag from /home/varun/miniconda3/envs/python38/lib/python3.8/site-packages/airflow/example_dags/example_latest_only.py
[2025-09-03T19:51:21.879+0200] {processor.py:753} INFO - DAG(s) dict_keys(['latest_only']) retrieved from /home/varun/miniconda3/envs/python38/lib/python3.8/site-packages/airflow/example_dags/example_latest_only.py
[2025-09-03T19:51:21.896+0200] {logging_mixin.py:137} INFO - [2025-09-03T19:51:21.896+0200] {dag.py:2705} INFO - Sync 1 DAGs
[2025-09-03T19:51:21.914+0200] {logging_mixin.py:137} INFO - [2025-09-03T19:51:21.914+0200] {dag.py:3452} INFO - Setting next_dagrun for latest_only to 2025-09-03T13:51:21.914202+00:00, run_after=2025-09-03T17:51:21.914202+00:00
[2025-09-03T19:51:21.936+0200] {processor.py:175} INFO - Processing /home/varun/miniconda3/envs/python38/lib/python3.8/site-packages/airflow/example_dags/example_latest_only.py took 0.078 seconds
[2025-09-03T19:52:12.582+0200] {processor.py:153} INFO - Started process (PID=3675) to work on /home/varun/miniconda3/envs/python38/lib/python3.8/site-packages/airflow/example_dags/example_latest_only.py
[2025-09-03T19:52:12.583+0200] {processor.py:743} INFO - Processing file /home/varun/miniconda3/envs/python38/lib/python3.8/site-packages/airflow/example_dags/example_latest_only.py for tasks to queue
[2025-09-03T19:52:12.584+0200] {logging_mixin.py:137} INFO - [2025-09-03T19:52:12.584+0200] {dagbag.py:532} INFO - Filling up the DagBag from /home/varun/miniconda3/envs/python38/lib/python3.8/site-packages/airflow/example_dags/example_latest_only.py
[2025-09-03T19:52:12.601+0200] {processor.py:753} INFO - DAG(s) dict_keys(['latest_only']) retrieved from /home/varun/miniconda3/envs/python38/lib/python3.8/site-packages/airflow/example_dags/example_latest_only.py
[2025-09-03T19:52:12.620+0200] {logging_mixin.py:137} INFO - [2025-09-03T19:52:12.620+0200] {dag.py:2705} INFO - Sync 1 DAGs
[2025-09-03T19:52:12.645+0200] {logging_mixin.py:137} INFO - [2025-09-03T19:52:12.645+0200] {dag.py:3452} INFO - Setting next_dagrun for latest_only to 2025-09-03T13:52:12.644502+00:00, run_after=2025-09-03T17:52:12.644502+00:00
[2025-09-03T19:52:12.684+0200] {processor.py:175} INFO - Processing /home/varun/miniconda3/envs/python38/lib/python3.8/site-packages/airflow/example_dags/example_latest_only.py took 0.105 seconds
[2025-09-03T19:53:03.254+0200] {processor.py:153} INFO - Started process (PID=3719) to work on /home/varun/miniconda3/envs/python38/lib/python3.8/site-packages/airflow/example_dags/example_latest_only.py
[2025-09-03T19:53:03.256+0200] {processor.py:743} INFO - Processing file /home/varun/miniconda3/envs/python38/lib/python3.8/site-packages/airflow/example_dags/example_latest_only.py for tasks to queue
[2025-09-03T19:53:03.256+0200] {logging_mixin.py:137} INFO - [2025-09-03T19:53:03.256+0200] {dagbag.py:532} INFO - Filling up the DagBag from /home/varun/miniconda3/envs/python38/lib/python3.8/site-packages/airflow/example_dags/example_latest_only.py
[2025-09-03T19:53:03.271+0200] {processor.py:753} INFO - DAG(s) dict_keys(['latest_only']) retrieved from /home/varun/miniconda3/envs/python38/lib/python3.8/site-packages/airflow/example_dags/example_latest_only.py
[2025-09-03T19:53:03.290+0200] {logging_mixin.py:137} INFO - [2025-09-03T19:53:03.289+0200] {dag.py:2705} INFO - Sync 1 DAGs
[2025-09-03T19:53:03.306+0200] {logging_mixin.py:137} INFO - [2025-09-03T19:53:03.306+0200] {dag.py:3452} INFO - Setting next_dagrun for latest_only to 2025-09-03T13:53:03.306368+00:00, run_after=2025-09-03T17:53:03.306368+00:00
[2025-09-03T19:53:03.426+0200] {processor.py:175} INFO - Processing /home/varun/miniconda3/envs/python38/lib/python3.8/site-packages/airflow/example_dags/example_latest_only.py took 0.175 seconds
[2025-09-03T19:53:57.844+0200] {processor.py:153} INFO - Started process (PID=3763) to work on /home/varun/miniconda3/envs/python38/lib/python3.8/site-packages/airflow/example_dags/example_latest_only.py
[2025-09-03T19:53:57.848+0200] {processor.py:743} INFO - Processing file /home/varun/miniconda3/envs/python38/lib/python3.8/site-packages/airflow/example_dags/example_latest_only.py for tasks to queue
[2025-09-03T19:53:57.850+0200] {logging_mixin.py:137} INFO - [2025-09-03T19:53:57.849+0200] {dagbag.py:532} INFO - Filling up the DagBag from /home/varun/miniconda3/envs/python38/lib/python3.8/site-packages/airflow/example_dags/example_latest_only.py
[2025-09-03T19:53:57.886+0200] {processor.py:753} INFO - DAG(s) dict_keys(['latest_only']) retrieved from /home/varun/miniconda3/envs/python38/lib/python3.8/site-packages/airflow/example_dags/example_latest_only.py
[2025-09-03T19:53:57.939+0200] {logging_mixin.py:137} INFO - [2025-09-03T19:53:57.939+0200] {dag.py:2705} INFO - Sync 1 DAGs
[2025-09-03T19:53:58.185+0200] {logging_mixin.py:137} INFO - [2025-09-03T19:53:58.185+0200] {dag.py:3452} INFO - Setting next_dagrun for latest_only to 2025-09-03T13:53:58.185160+00:00, run_after=2025-09-03T17:53:58.185160+00:00
[2025-09-03T19:53:58.215+0200] {processor.py:175} INFO - Processing /home/varun/miniconda3/envs/python38/lib/python3.8/site-packages/airflow/example_dags/example_latest_only.py took 0.377 seconds
[2025-09-03T19:54:56.703+0200] {processor.py:153} INFO - Started process (PID=3818) to work on /home/varun/miniconda3/envs/python38/lib/python3.8/site-packages/airflow/example_dags/example_latest_only.py
[2025-09-03T19:54:56.705+0200] {processor.py:743} INFO - Processing file /home/varun/miniconda3/envs/python38/lib/python3.8/site-packages/airflow/example_dags/example_latest_only.py for tasks to queue
[2025-09-03T19:54:56.706+0200] {logging_mixin.py:137} INFO - [2025-09-03T19:54:56.706+0200] {dagbag.py:532} INFO - Filling up the DagBag from /home/varun/miniconda3/envs/python38/lib/python3.8/site-packages/airflow/example_dags/example_latest_only.py
[2025-09-03T19:54:56.725+0200] {processor.py:753} INFO - DAG(s) dict_keys(['latest_only']) retrieved from /home/varun/miniconda3/envs/python38/lib/python3.8/site-packages/airflow/example_dags/example_latest_only.py
[2025-09-03T19:54:56.889+0200] {logging_mixin.py:137} INFO - [2025-09-03T19:54:56.889+0200] {dag.py:2705} INFO - Sync 1 DAGs
[2025-09-03T19:54:56.914+0200] {logging_mixin.py:137} INFO - [2025-09-03T19:54:56.914+0200] {dag.py:3452} INFO - Setting next_dagrun for latest_only to 2025-09-03T13:54:56.914123+00:00, run_after=2025-09-03T17:54:56.914123+00:00
[2025-09-03T19:54:56.959+0200] {processor.py:175} INFO - Processing /home/varun/miniconda3/envs/python38/lib/python3.8/site-packages/airflow/example_dags/example_latest_only.py took 0.260 seconds
[2025-09-03T19:55:54.675+0200] {processor.py:153} INFO - Started process (PID=3870) to work on /home/varun/miniconda3/envs/python38/lib/python3.8/site-packages/airflow/example_dags/example_latest_only.py
[2025-09-03T19:55:54.676+0200] {processor.py:743} INFO - Processing file /home/varun/miniconda3/envs/python38/lib/python3.8/site-packages/airflow/example_dags/example_latest_only.py for tasks to queue
[2025-09-03T19:55:54.677+0200] {logging_mixin.py:137} INFO - [2025-09-03T19:55:54.677+0200] {dagbag.py:532} INFO - Filling up the DagBag from /home/varun/miniconda3/envs/python38/lib/python3.8/site-packages/airflow/example_dags/example_latest_only.py
[2025-09-03T19:55:54.691+0200] {processor.py:753} INFO - DAG(s) dict_keys(['latest_only']) retrieved from /home/varun/miniconda3/envs/python38/lib/python3.8/site-packages/airflow/example_dags/example_latest_only.py
[2025-09-03T19:55:54.871+0200] {logging_mixin.py:137} INFO - [2025-09-03T19:55:54.870+0200] {dag.py:2705} INFO - Sync 1 DAGs
[2025-09-03T19:55:54.891+0200] {logging_mixin.py:137} INFO - [2025-09-03T19:55:54.891+0200] {dag.py:3452} INFO - Setting next_dagrun for latest_only to 2025-09-03T13:55:54.891240+00:00, run_after=2025-09-03T17:55:54.891240+00:00
[2025-09-03T19:55:54.921+0200] {processor.py:175} INFO - Processing /home/varun/miniconda3/envs/python38/lib/python3.8/site-packages/airflow/example_dags/example_latest_only.py took 0.250 seconds
[2025-09-03T19:56:55.413+0200] {processor.py:153} INFO - Started process (PID=3920) to work on /home/varun/miniconda3/envs/python38/lib/python3.8/site-packages/airflow/example_dags/example_latest_only.py
[2025-09-03T19:56:55.414+0200] {processor.py:743} INFO - Processing file /home/varun/miniconda3/envs/python38/lib/python3.8/site-packages/airflow/example_dags/example_latest_only.py for tasks to queue
[2025-09-03T19:56:55.415+0200] {logging_mixin.py:137} INFO - [2025-09-03T19:56:55.414+0200] {dagbag.py:532} INFO - Filling up the DagBag from /home/varun/miniconda3/envs/python38/lib/python3.8/site-packages/airflow/example_dags/example_latest_only.py
[2025-09-03T19:56:55.538+0200] {processor.py:753} INFO - DAG(s) dict_keys(['latest_only']) retrieved from /home/varun/miniconda3/envs/python38/lib/python3.8/site-packages/airflow/example_dags/example_latest_only.py
[2025-09-03T19:56:55.554+0200] {logging_mixin.py:137} INFO - [2025-09-03T19:56:55.554+0200] {dag.py:2705} INFO - Sync 1 DAGs
[2025-09-03T19:56:55.572+0200] {logging_mixin.py:137} INFO - [2025-09-03T19:56:55.572+0200] {dag.py:3452} INFO - Setting next_dagrun for latest_only to 2025-09-03T13:56:55.572027+00:00, run_after=2025-09-03T17:56:55.572027+00:00
[2025-09-03T19:56:55.596+0200] {processor.py:175} INFO - Processing /home/varun/miniconda3/envs/python38/lib/python3.8/site-packages/airflow/example_dags/example_latest_only.py took 0.188 seconds
[2025-09-03T19:57:45.968+0200] {processor.py:153} INFO - Started process (PID=3967) to work on /home/varun/miniconda3/envs/python38/lib/python3.8/site-packages/airflow/example_dags/example_latest_only.py
[2025-09-03T19:57:45.969+0200] {processor.py:743} INFO - Processing file /home/varun/miniconda3/envs/python38/lib/python3.8/site-packages/airflow/example_dags/example_latest_only.py for tasks to queue
[2025-09-03T19:57:45.970+0200] {logging_mixin.py:137} INFO - [2025-09-03T19:57:45.970+0200] {dagbag.py:532} INFO - Filling up the DagBag from /home/varun/miniconda3/envs/python38/lib/python3.8/site-packages/airflow/example_dags/example_latest_only.py
[2025-09-03T19:57:45.987+0200] {processor.py:753} INFO - DAG(s) dict_keys(['latest_only']) retrieved from /home/varun/miniconda3/envs/python38/lib/python3.8/site-packages/airflow/example_dags/example_latest_only.py
[2025-09-03T19:57:46.008+0200] {logging_mixin.py:137} INFO - [2025-09-03T19:57:46.007+0200] {dag.py:2705} INFO - Sync 1 DAGs
[2025-09-03T19:57:46.030+0200] {logging_mixin.py:137} INFO - [2025-09-03T19:57:46.029+0200] {dag.py:3452} INFO - Setting next_dagrun for latest_only to 2025-09-03T13:57:46.029290+00:00, run_after=2025-09-03T17:57:46.029290+00:00
[2025-09-03T19:57:46.056+0200] {processor.py:175} INFO - Processing /home/varun/miniconda3/envs/python38/lib/python3.8/site-packages/airflow/example_dags/example_latest_only.py took 0.092 seconds
[2025-09-03T20:00:52.093+0200] {processor.py:153} INFO - Started process (PID=4038) to work on /home/varun/miniconda3/envs/python38/lib/python3.8/site-packages/airflow/example_dags/example_latest_only.py
[2025-09-03T20:00:52.095+0200] {processor.py:743} INFO - Processing file /home/varun/miniconda3/envs/python38/lib/python3.8/site-packages/airflow/example_dags/example_latest_only.py for tasks to queue
[2025-09-03T20:00:52.096+0200] {logging_mixin.py:137} INFO - [2025-09-03T20:00:52.096+0200] {dagbag.py:532} INFO - Filling up the DagBag from /home/varun/miniconda3/envs/python38/lib/python3.8/site-packages/airflow/example_dags/example_latest_only.py
[2025-09-03T20:00:52.113+0200] {processor.py:753} INFO - DAG(s) dict_keys(['latest_only']) retrieved from /home/varun/miniconda3/envs/python38/lib/python3.8/site-packages/airflow/example_dags/example_latest_only.py
[2025-09-03T20:00:52.132+0200] {logging_mixin.py:137} INFO - [2025-09-03T20:00:52.132+0200] {dag.py:2705} INFO - Sync 1 DAGs
[2025-09-03T20:00:52.152+0200] {logging_mixin.py:137} INFO - [2025-09-03T20:00:52.152+0200] {dag.py:3452} INFO - Setting next_dagrun for latest_only to 2025-09-03T14:00:52.152332+00:00, run_after=2025-09-03T18:00:52.152332+00:00
[2025-09-03T20:00:52.176+0200] {processor.py:175} INFO - Processing /home/varun/miniconda3/envs/python38/lib/python3.8/site-packages/airflow/example_dags/example_latest_only.py took 0.086 seconds
[2025-09-03T20:01:40.915+0200] {processor.py:153} INFO - Started process (PID=4085) to work on /home/varun/miniconda3/envs/python38/lib/python3.8/site-packages/airflow/example_dags/example_latest_only.py
[2025-09-03T20:01:40.916+0200] {processor.py:743} INFO - Processing file /home/varun/miniconda3/envs/python38/lib/python3.8/site-packages/airflow/example_dags/example_latest_only.py for tasks to queue
[2025-09-03T20:01:40.917+0200] {logging_mixin.py:137} INFO - [2025-09-03T20:01:40.917+0200] {dagbag.py:532} INFO - Filling up the DagBag from /home/varun/miniconda3/envs/python38/lib/python3.8/site-packages/airflow/example_dags/example_latest_only.py
[2025-09-03T20:01:40.936+0200] {processor.py:753} INFO - DAG(s) dict_keys(['latest_only']) retrieved from /home/varun/miniconda3/envs/python38/lib/python3.8/site-packages/airflow/example_dags/example_latest_only.py
[2025-09-03T20:01:40.957+0200] {logging_mixin.py:137} INFO - [2025-09-03T20:01:40.957+0200] {dag.py:2705} INFO - Sync 1 DAGs
[2025-09-03T20:01:40.976+0200] {logging_mixin.py:137} INFO - [2025-09-03T20:01:40.976+0200] {dag.py:3452} INFO - Setting next_dagrun for latest_only to 2025-09-03T14:01:40.975895+00:00, run_after=2025-09-03T18:01:40.975895+00:00
[2025-09-03T20:01:40.997+0200] {processor.py:175} INFO - Processing /home/varun/miniconda3/envs/python38/lib/python3.8/site-packages/airflow/example_dags/example_latest_only.py took 0.087 seconds
[2025-09-03T20:02:25.954+0200] {processor.py:153} INFO - Started process (PID=4127) to work on /home/varun/miniconda3/envs/python38/lib/python3.8/site-packages/airflow/example_dags/example_latest_only.py
[2025-09-03T20:02:25.956+0200] {processor.py:743} INFO - Processing file /home/varun/miniconda3/envs/python38/lib/python3.8/site-packages/airflow/example_dags/example_latest_only.py for tasks to queue
[2025-09-03T20:02:25.956+0200] {logging_mixin.py:137} INFO - [2025-09-03T20:02:25.956+0200] {dagbag.py:532} INFO - Filling up the DagBag from /home/varun/miniconda3/envs/python38/lib/python3.8/site-packages/airflow/example_dags/example_latest_only.py
[2025-09-03T20:02:25.968+0200] {processor.py:753} INFO - DAG(s) dict_keys(['latest_only']) retrieved from /home/varun/miniconda3/envs/python38/lib/python3.8/site-packages/airflow/example_dags/example_latest_only.py
[2025-09-03T20:02:25.986+0200] {logging_mixin.py:137} INFO - [2025-09-03T20:02:25.985+0200] {dag.py:2705} INFO - Sync 1 DAGs
[2025-09-03T20:02:26.001+0200] {logging_mixin.py:137} INFO - [2025-09-03T20:02:26.000+0200] {dag.py:3452} INFO - Setting next_dagrun for latest_only to 2025-09-03T14:02:26.000712+00:00, run_after=2025-09-03T18:02:26.000712+00:00
[2025-09-03T20:02:26.022+0200] {processor.py:175} INFO - Processing /home/varun/miniconda3/envs/python38/lib/python3.8/site-packages/airflow/example_dags/example_latest_only.py took 0.072 seconds
[2025-09-03T20:03:13.660+0200] {processor.py:153} INFO - Started process (PID=4169) to work on /home/varun/miniconda3/envs/python38/lib/python3.8/site-packages/airflow/example_dags/example_latest_only.py
[2025-09-03T20:03:13.661+0200] {processor.py:743} INFO - Processing file /home/varun/miniconda3/envs/python38/lib/python3.8/site-packages/airflow/example_dags/example_latest_only.py for tasks to queue
[2025-09-03T20:03:13.662+0200] {logging_mixin.py:137} INFO - [2025-09-03T20:03:13.662+0200] {dagbag.py:532} INFO - Filling up the DagBag from /home/varun/miniconda3/envs/python38/lib/python3.8/site-packages/airflow/example_dags/example_latest_only.py
[2025-09-03T20:03:13.678+0200] {processor.py:753} INFO - DAG(s) dict_keys(['latest_only']) retrieved from /home/varun/miniconda3/envs/python38/lib/python3.8/site-packages/airflow/example_dags/example_latest_only.py
[2025-09-03T20:03:13.700+0200] {logging_mixin.py:137} INFO - [2025-09-03T20:03:13.700+0200] {dag.py:2705} INFO - Sync 1 DAGs
[2025-09-03T20:03:13.721+0200] {logging_mixin.py:137} INFO - [2025-09-03T20:03:13.721+0200] {dag.py:3452} INFO - Setting next_dagrun for latest_only to 2025-09-03T14:03:13.721375+00:00, run_after=2025-09-03T18:03:13.721375+00:00
[2025-09-03T20:03:13.748+0200] {processor.py:175} INFO - Processing /home/varun/miniconda3/envs/python38/lib/python3.8/site-packages/airflow/example_dags/example_latest_only.py took 0.092 seconds
[2025-09-03T20:04:04.316+0200] {processor.py:153} INFO - Started process (PID=4211) to work on /home/varun/miniconda3/envs/python38/lib/python3.8/site-packages/airflow/example_dags/example_latest_only.py
[2025-09-03T20:04:04.318+0200] {processor.py:743} INFO - Processing file /home/varun/miniconda3/envs/python38/lib/python3.8/site-packages/airflow/example_dags/example_latest_only.py for tasks to queue
[2025-09-03T20:04:04.319+0200] {logging_mixin.py:137} INFO - [2025-09-03T20:04:04.319+0200] {dagbag.py:532} INFO - Filling up the DagBag from /home/varun/miniconda3/envs/python38/lib/python3.8/site-packages/airflow/example_dags/example_latest_only.py
[2025-09-03T20:04:04.341+0200] {processor.py:753} INFO - DAG(s) dict_keys(['latest_only']) retrieved from /home/varun/miniconda3/envs/python38/lib/python3.8/site-packages/airflow/example_dags/example_latest_only.py
[2025-09-03T20:04:04.363+0200] {logging_mixin.py:137} INFO - [2025-09-03T20:04:04.362+0200] {dag.py:2705} INFO - Sync 1 DAGs
[2025-09-03T20:04:04.384+0200] {logging_mixin.py:137} INFO - [2025-09-03T20:04:04.384+0200] {dag.py:3452} INFO - Setting next_dagrun for latest_only to 2025-09-03T14:04:04.383917+00:00, run_after=2025-09-03T18:04:04.383917+00:00
[2025-09-03T20:04:04.409+0200] {processor.py:175} INFO - Processing /home/varun/miniconda3/envs/python38/lib/python3.8/site-packages/airflow/example_dags/example_latest_only.py took 0.097 seconds
[2025-09-03T20:04:54.797+0200] {processor.py:153} INFO - Started process (PID=4257) to work on /home/varun/miniconda3/envs/python38/lib/python3.8/site-packages/airflow/example_dags/example_latest_only.py
[2025-09-03T20:04:54.800+0200] {processor.py:743} INFO - Processing file /home/varun/miniconda3/envs/python38/lib/python3.8/site-packages/airflow/example_dags/example_latest_only.py for tasks to queue
[2025-09-03T20:04:54.800+0200] {logging_mixin.py:137} INFO - [2025-09-03T20:04:54.800+0200] {dagbag.py:532} INFO - Filling up the DagBag from /home/varun/miniconda3/envs/python38/lib/python3.8/site-packages/airflow/example_dags/example_latest_only.py
[2025-09-03T20:04:54.816+0200] {processor.py:753} INFO - DAG(s) dict_keys(['latest_only']) retrieved from /home/varun/miniconda3/envs/python38/lib/python3.8/site-packages/airflow/example_dags/example_latest_only.py
[2025-09-03T20:04:54.937+0200] {logging_mixin.py:137} INFO - [2025-09-03T20:04:54.937+0200] {manager.py:504} INFO - Created Permission View: can delete on DAG:latest_only
[2025-09-03T20:04:54.948+0200] {logging_mixin.py:137} INFO - [2025-09-03T20:04:54.948+0200] {manager.py:504} INFO - Created Permission View: can read on DAG:latest_only
[2025-09-03T20:04:54.957+0200] {logging_mixin.py:137} INFO - [2025-09-03T20:04:54.957+0200] {manager.py:504} INFO - Created Permission View: can edit on DAG:latest_only
[2025-09-03T20:04:54.957+0200] {logging_mixin.py:137} INFO - [2025-09-03T20:04:54.957+0200] {dag.py:2705} INFO - Sync 1 DAGs
[2025-09-03T20:04:54.967+0200] {logging_mixin.py:137} INFO - [2025-09-03T20:04:54.967+0200] {dag.py:2726} INFO - Creating ORM DAG for latest_only
[2025-09-03T20:04:54.977+0200] {logging_mixin.py:137} INFO - [2025-09-03T20:04:54.977+0200] {dag.py:3452} INFO - Setting next_dagrun for latest_only to 2025-09-03T14:04:54.976701+00:00, run_after=2025-09-03T18:04:54.976701+00:00
[2025-09-03T20:04:55.008+0200] {processor.py:175} INFO - Processing /home/varun/miniconda3/envs/python38/lib/python3.8/site-packages/airflow/example_dags/example_latest_only.py took 0.215 seconds
[2025-09-03T20:05:52.689+0200] {processor.py:153} INFO - Started process (PID=4314) to work on /home/varun/miniconda3/envs/python38/lib/python3.8/site-packages/airflow/example_dags/example_latest_only.py
[2025-09-03T20:05:52.691+0200] {processor.py:743} INFO - Processing file /home/varun/miniconda3/envs/python38/lib/python3.8/site-packages/airflow/example_dags/example_latest_only.py for tasks to queue
[2025-09-03T20:05:52.692+0200] {logging_mixin.py:137} INFO - [2025-09-03T20:05:52.691+0200] {dagbag.py:532} INFO - Filling up the DagBag from /home/varun/miniconda3/envs/python38/lib/python3.8/site-packages/airflow/example_dags/example_latest_only.py
[2025-09-03T20:05:52.708+0200] {processor.py:753} INFO - DAG(s) dict_keys(['latest_only']) retrieved from /home/varun/miniconda3/envs/python38/lib/python3.8/site-packages/airflow/example_dags/example_latest_only.py
[2025-09-03T20:05:52.731+0200] {logging_mixin.py:137} INFO - [2025-09-03T20:05:52.731+0200] {dag.py:2705} INFO - Sync 1 DAGs
[2025-09-03T20:05:52.750+0200] {logging_mixin.py:137} INFO - [2025-09-03T20:05:52.749+0200] {dag.py:3452} INFO - Setting next_dagrun for latest_only to 2025-09-03T14:05:52.749633+00:00, run_after=2025-09-03T18:05:52.749633+00:00
[2025-09-03T20:05:52.775+0200] {processor.py:175} INFO - Processing /home/varun/miniconda3/envs/python38/lib/python3.8/site-packages/airflow/example_dags/example_latest_only.py took 0.091 seconds
[2025-09-03T20:06:39.567+0200] {processor.py:153} INFO - Started process (PID=4358) to work on /home/varun/miniconda3/envs/python38/lib/python3.8/site-packages/airflow/example_dags/example_latest_only.py
[2025-09-03T20:06:39.569+0200] {processor.py:743} INFO - Processing file /home/varun/miniconda3/envs/python38/lib/python3.8/site-packages/airflow/example_dags/example_latest_only.py for tasks to queue
[2025-09-03T20:06:39.570+0200] {logging_mixin.py:137} INFO - [2025-09-03T20:06:39.569+0200] {dagbag.py:532} INFO - Filling up the DagBag from /home/varun/miniconda3/envs/python38/lib/python3.8/site-packages/airflow/example_dags/example_latest_only.py
[2025-09-03T20:06:39.589+0200] {processor.py:753} INFO - DAG(s) dict_keys(['latest_only']) retrieved from /home/varun/miniconda3/envs/python38/lib/python3.8/site-packages/airflow/example_dags/example_latest_only.py
[2025-09-03T20:06:39.611+0200] {logging_mixin.py:137} INFO - [2025-09-03T20:06:39.611+0200] {dag.py:2705} INFO - Sync 1 DAGs
[2025-09-03T20:06:39.630+0200] {logging_mixin.py:137} INFO - [2025-09-03T20:06:39.630+0200] {dag.py:3452} INFO - Setting next_dagrun for latest_only to 2025-09-03T14:06:39.630325+00:00, run_after=2025-09-03T18:06:39.630325+00:00
[2025-09-03T20:06:39.659+0200] {processor.py:175} INFO - Processing /home/varun/miniconda3/envs/python38/lib/python3.8/site-packages/airflow/example_dags/example_latest_only.py took 0.096 seconds
[2025-09-03T20:07:25.947+0200] {processor.py:153} INFO - Started process (PID=4422) to work on /home/varun/miniconda3/envs/python38/lib/python3.8/site-packages/airflow/example_dags/example_latest_only.py
[2025-09-03T20:07:25.950+0200] {processor.py:743} INFO - Processing file /home/varun/miniconda3/envs/python38/lib/python3.8/site-packages/airflow/example_dags/example_latest_only.py for tasks to queue
[2025-09-03T20:07:25.951+0200] {logging_mixin.py:137} INFO - [2025-09-03T20:07:25.951+0200] {dagbag.py:532} INFO - Filling up the DagBag from /home/varun/miniconda3/envs/python38/lib/python3.8/site-packages/airflow/example_dags/example_latest_only.py
[2025-09-03T20:07:25.975+0200] {processor.py:753} INFO - DAG(s) dict_keys(['latest_only']) retrieved from /home/varun/miniconda3/envs/python38/lib/python3.8/site-packages/airflow/example_dags/example_latest_only.py
[2025-09-03T20:07:26.009+0200] {logging_mixin.py:137} INFO - [2025-09-03T20:07:26.008+0200] {dag.py:2705} INFO - Sync 1 DAGs
[2025-09-03T20:07:26.045+0200] {logging_mixin.py:137} INFO - [2025-09-03T20:07:26.045+0200] {dag.py:3452} INFO - Setting next_dagrun for latest_only to 2025-09-03T14:07:26.044617+00:00, run_after=2025-09-03T18:07:26.044617+00:00
[2025-09-03T20:07:26.093+0200] {processor.py:175} INFO - Processing /home/varun/miniconda3/envs/python38/lib/python3.8/site-packages/airflow/example_dags/example_latest_only.py took 0.154 seconds
[2025-09-03T20:08:16.184+0200] {processor.py:153} INFO - Started process (PID=4466) to work on /home/varun/miniconda3/envs/python38/lib/python3.8/site-packages/airflow/example_dags/example_latest_only.py
[2025-09-03T20:08:16.185+0200] {processor.py:743} INFO - Processing file /home/varun/miniconda3/envs/python38/lib/python3.8/site-packages/airflow/example_dags/example_latest_only.py for tasks to queue
[2025-09-03T20:08:16.186+0200] {logging_mixin.py:137} INFO - [2025-09-03T20:08:16.186+0200] {dagbag.py:532} INFO - Filling up the DagBag from /home/varun/miniconda3/envs/python38/lib/python3.8/site-packages/airflow/example_dags/example_latest_only.py
[2025-09-03T20:08:16.205+0200] {processor.py:753} INFO - DAG(s) dict_keys(['latest_only']) retrieved from /home/varun/miniconda3/envs/python38/lib/python3.8/site-packages/airflow/example_dags/example_latest_only.py
[2025-09-03T20:08:16.231+0200] {logging_mixin.py:137} INFO - [2025-09-03T20:08:16.231+0200] {dag.py:2705} INFO - Sync 1 DAGs
[2025-09-03T20:08:16.258+0200] {logging_mixin.py:137} INFO - [2025-09-03T20:08:16.257+0200] {dag.py:3452} INFO - Setting next_dagrun for latest_only to 2025-09-03T14:08:16.257459+00:00, run_after=2025-09-03T18:08:16.257459+00:00
[2025-09-03T20:08:16.283+0200] {processor.py:175} INFO - Processing /home/varun/miniconda3/envs/python38/lib/python3.8/site-packages/airflow/example_dags/example_latest_only.py took 0.103 seconds
[2025-09-03T20:09:33.657+0200] {processor.py:153} INFO - Started process (PID=4525) to work on /home/varun/miniconda3/envs/python38/lib/python3.8/site-packages/airflow/example_dags/example_latest_only.py
[2025-09-03T20:09:33.660+0200] {processor.py:743} INFO - Processing file /home/varun/miniconda3/envs/python38/lib/python3.8/site-packages/airflow/example_dags/example_latest_only.py for tasks to queue
[2025-09-03T20:09:33.661+0200] {logging_mixin.py:137} INFO - [2025-09-03T20:09:33.661+0200] {dagbag.py:532} INFO - Filling up the DagBag from /home/varun/miniconda3/envs/python38/lib/python3.8/site-packages/airflow/example_dags/example_latest_only.py
[2025-09-03T20:09:33.687+0200] {processor.py:753} INFO - DAG(s) dict_keys(['latest_only']) retrieved from /home/varun/miniconda3/envs/python38/lib/python3.8/site-packages/airflow/example_dags/example_latest_only.py
[2025-09-03T20:09:33.714+0200] {logging_mixin.py:137} INFO - [2025-09-03T20:09:33.714+0200] {dag.py:2705} INFO - Sync 1 DAGs
[2025-09-03T20:09:33.743+0200] {logging_mixin.py:137} INFO - [2025-09-03T20:09:33.742+0200] {dag.py:3452} INFO - Setting next_dagrun for latest_only to 2025-09-03T14:09:33.742589+00:00, run_after=2025-09-03T18:09:33.742589+00:00
[2025-09-03T20:09:33.776+0200] {processor.py:175} INFO - Processing /home/varun/miniconda3/envs/python38/lib/python3.8/site-packages/airflow/example_dags/example_latest_only.py took 0.123 seconds
[2025-09-03T20:10:20.112+0200] {processor.py:153} INFO - Started process (PID=4567) to work on /home/varun/miniconda3/envs/python38/lib/python3.8/site-packages/airflow/example_dags/example_latest_only.py
[2025-09-03T20:10:20.114+0200] {processor.py:743} INFO - Processing file /home/varun/miniconda3/envs/python38/lib/python3.8/site-packages/airflow/example_dags/example_latest_only.py for tasks to queue
[2025-09-03T20:10:20.115+0200] {logging_mixin.py:137} INFO - [2025-09-03T20:10:20.114+0200] {dagbag.py:532} INFO - Filling up the DagBag from /home/varun/miniconda3/envs/python38/lib/python3.8/site-packages/airflow/example_dags/example_latest_only.py
[2025-09-03T20:10:20.135+0200] {processor.py:753} INFO - DAG(s) dict_keys(['latest_only']) retrieved from /home/varun/miniconda3/envs/python38/lib/python3.8/site-packages/airflow/example_dags/example_latest_only.py
[2025-09-03T20:10:20.157+0200] {logging_mixin.py:137} INFO - [2025-09-03T20:10:20.156+0200] {dag.py:2705} INFO - Sync 1 DAGs
[2025-09-03T20:10:20.176+0200] {logging_mixin.py:137} INFO - [2025-09-03T20:10:20.176+0200] {dag.py:3452} INFO - Setting next_dagrun for latest_only to 2025-09-03T14:10:20.175728+00:00, run_after=2025-09-03T18:10:20.175728+00:00
[2025-09-03T20:10:20.196+0200] {processor.py:175} INFO - Processing /home/varun/miniconda3/envs/python38/lib/python3.8/site-packages/airflow/example_dags/example_latest_only.py took 0.088 seconds
[2025-09-03T20:11:08.563+0200] {processor.py:153} INFO - Started process (PID=4609) to work on /home/varun/miniconda3/envs/python38/lib/python3.8/site-packages/airflow/example_dags/example_latest_only.py
[2025-09-03T20:11:08.564+0200] {processor.py:743} INFO - Processing file /home/varun/miniconda3/envs/python38/lib/python3.8/site-packages/airflow/example_dags/example_latest_only.py for tasks to queue
[2025-09-03T20:11:08.565+0200] {logging_mixin.py:137} INFO - [2025-09-03T20:11:08.565+0200] {dagbag.py:532} INFO - Filling up the DagBag from /home/varun/miniconda3/envs/python38/lib/python3.8/site-packages/airflow/example_dags/example_latest_only.py
[2025-09-03T20:11:08.579+0200] {processor.py:753} INFO - DAG(s) dict_keys(['latest_only']) retrieved from /home/varun/miniconda3/envs/python38/lib/python3.8/site-packages/airflow/example_dags/example_latest_only.py
[2025-09-03T20:11:08.596+0200] {logging_mixin.py:137} INFO - [2025-09-03T20:11:08.596+0200] {dag.py:2705} INFO - Sync 1 DAGs
[2025-09-03T20:11:08.613+0200] {logging_mixin.py:137} INFO - [2025-09-03T20:11:08.613+0200] {dag.py:3452} INFO - Setting next_dagrun for latest_only to 2025-09-03T14:11:08.613209+00:00, run_after=2025-09-03T18:11:08.613209+00:00
[2025-09-03T20:11:08.637+0200] {processor.py:175} INFO - Processing /home/varun/miniconda3/envs/python38/lib/python3.8/site-packages/airflow/example_dags/example_latest_only.py took 0.079 seconds
[2025-09-03T20:11:53.668+0200] {processor.py:153} INFO - Started process (PID=4651) to work on /home/varun/miniconda3/envs/python38/lib/python3.8/site-packages/airflow/example_dags/example_latest_only.py
[2025-09-03T20:11:53.670+0200] {processor.py:743} INFO - Processing file /home/varun/miniconda3/envs/python38/lib/python3.8/site-packages/airflow/example_dags/example_latest_only.py for tasks to queue
[2025-09-03T20:11:53.670+0200] {logging_mixin.py:137} INFO - [2025-09-03T20:11:53.670+0200] {dagbag.py:532} INFO - Filling up the DagBag from /home/varun/miniconda3/envs/python38/lib/python3.8/site-packages/airflow/example_dags/example_latest_only.py
[2025-09-03T20:11:53.684+0200] {processor.py:753} INFO - DAG(s) dict_keys(['latest_only']) retrieved from /home/varun/miniconda3/envs/python38/lib/python3.8/site-packages/airflow/example_dags/example_latest_only.py
[2025-09-03T20:11:53.705+0200] {logging_mixin.py:137} INFO - [2025-09-03T20:11:53.705+0200] {dag.py:2705} INFO - Sync 1 DAGs
[2025-09-03T20:11:53.728+0200] {logging_mixin.py:137} INFO - [2025-09-03T20:11:53.728+0200] {dag.py:3452} INFO - Setting next_dagrun for latest_only to 2025-09-03T14:11:53.727996+00:00, run_after=2025-09-03T18:11:53.727996+00:00
[2025-09-03T20:11:53.754+0200] {processor.py:175} INFO - Processing /home/varun/miniconda3/envs/python38/lib/python3.8/site-packages/airflow/example_dags/example_latest_only.py took 0.091 seconds
[2025-09-03T20:12:39.402+0200] {processor.py:153} INFO - Started process (PID=4694) to work on /home/varun/miniconda3/envs/python38/lib/python3.8/site-packages/airflow/example_dags/example_latest_only.py
[2025-09-03T20:12:39.403+0200] {processor.py:743} INFO - Processing file /home/varun/miniconda3/envs/python38/lib/python3.8/site-packages/airflow/example_dags/example_latest_only.py for tasks to queue
[2025-09-03T20:12:39.404+0200] {logging_mixin.py:137} INFO - [2025-09-03T20:12:39.403+0200] {dagbag.py:532} INFO - Filling up the DagBag from /home/varun/miniconda3/envs/python38/lib/python3.8/site-packages/airflow/example_dags/example_latest_only.py
[2025-09-03T20:12:39.417+0200] {processor.py:753} INFO - DAG(s) dict_keys(['latest_only']) retrieved from /home/varun/miniconda3/envs/python38/lib/python3.8/site-packages/airflow/example_dags/example_latest_only.py
[2025-09-03T20:12:39.433+0200] {logging_mixin.py:137} INFO - [2025-09-03T20:12:39.433+0200] {dag.py:2705} INFO - Sync 1 DAGs
[2025-09-03T20:12:39.449+0200] {logging_mixin.py:137} INFO - [2025-09-03T20:12:39.448+0200] {dag.py:3452} INFO - Setting next_dagrun for latest_only to 2025-09-03T14:12:39.448563+00:00, run_after=2025-09-03T18:12:39.448563+00:00
[2025-09-03T20:12:39.472+0200] {processor.py:175} INFO - Processing /home/varun/miniconda3/envs/python38/lib/python3.8/site-packages/airflow/example_dags/example_latest_only.py took 0.074 seconds
[2025-09-03T20:13:25.796+0200] {processor.py:153} INFO - Started process (PID=4736) to work on /home/varun/miniconda3/envs/python38/lib/python3.8/site-packages/airflow/example_dags/example_latest_only.py
[2025-09-03T20:13:25.798+0200] {processor.py:743} INFO - Processing file /home/varun/miniconda3/envs/python38/lib/python3.8/site-packages/airflow/example_dags/example_latest_only.py for tasks to queue
[2025-09-03T20:13:25.799+0200] {logging_mixin.py:137} INFO - [2025-09-03T20:13:25.799+0200] {dagbag.py:532} INFO - Filling up the DagBag from /home/varun/miniconda3/envs/python38/lib/python3.8/site-packages/airflow/example_dags/example_latest_only.py
[2025-09-03T20:13:25.814+0200] {processor.py:753} INFO - DAG(s) dict_keys(['latest_only']) retrieved from /home/varun/miniconda3/envs/python38/lib/python3.8/site-packages/airflow/example_dags/example_latest_only.py
[2025-09-03T20:13:25.832+0200] {logging_mixin.py:137} INFO - [2025-09-03T20:13:25.832+0200] {dag.py:2705} INFO - Sync 1 DAGs
[2025-09-03T20:13:25.849+0200] {logging_mixin.py:137} INFO - [2025-09-03T20:13:25.849+0200] {dag.py:3452} INFO - Setting next_dagrun for latest_only to 2025-09-03T14:13:25.849285+00:00, run_after=2025-09-03T18:13:25.849285+00:00
[2025-09-03T20:13:25.872+0200] {processor.py:175} INFO - Processing /home/varun/miniconda3/envs/python38/lib/python3.8/site-packages/airflow/example_dags/example_latest_only.py took 0.078 seconds
[2025-09-03T20:14:14.615+0200] {processor.py:153} INFO - Started process (PID=4778) to work on /home/varun/miniconda3/envs/python38/lib/python3.8/site-packages/airflow/example_dags/example_latest_only.py
[2025-09-03T20:14:14.616+0200] {processor.py:743} INFO - Processing file /home/varun/miniconda3/envs/python38/lib/python3.8/site-packages/airflow/example_dags/example_latest_only.py for tasks to queue
[2025-09-03T20:14:14.617+0200] {logging_mixin.py:137} INFO - [2025-09-03T20:14:14.616+0200] {dagbag.py:532} INFO - Filling up the DagBag from /home/varun/miniconda3/envs/python38/lib/python3.8/site-packages/airflow/example_dags/example_latest_only.py
[2025-09-03T20:14:14.629+0200] {processor.py:753} INFO - DAG(s) dict_keys(['latest_only']) retrieved from /home/varun/miniconda3/envs/python38/lib/python3.8/site-packages/airflow/example_dags/example_latest_only.py
[2025-09-03T20:14:14.645+0200] {logging_mixin.py:137} INFO - [2025-09-03T20:14:14.645+0200] {dag.py:2705} INFO - Sync 1 DAGs
[2025-09-03T20:14:14.660+0200] {logging_mixin.py:137} INFO - [2025-09-03T20:14:14.659+0200] {dag.py:3452} INFO - Setting next_dagrun for latest_only to 2025-09-03T14:14:14.659707+00:00, run_after=2025-09-03T18:14:14.659707+00:00
[2025-09-03T20:14:14.681+0200] {processor.py:175} INFO - Processing /home/varun/miniconda3/envs/python38/lib/python3.8/site-packages/airflow/example_dags/example_latest_only.py took 0.070 seconds
[2025-09-03T20:14:55.887+0200] {processor.py:153} INFO - Started process (PID=4820) to work on /home/varun/miniconda3/envs/python38/lib/python3.8/site-packages/airflow/example_dags/example_latest_only.py
[2025-09-03T20:14:55.889+0200] {processor.py:743} INFO - Processing file /home/varun/miniconda3/envs/python38/lib/python3.8/site-packages/airflow/example_dags/example_latest_only.py for tasks to queue
[2025-09-03T20:14:55.889+0200] {logging_mixin.py:137} INFO - [2025-09-03T20:14:55.889+0200] {dagbag.py:532} INFO - Filling up the DagBag from /home/varun/miniconda3/envs/python38/lib/python3.8/site-packages/airflow/example_dags/example_latest_only.py
[2025-09-03T20:14:55.903+0200] {processor.py:753} INFO - DAG(s) dict_keys(['latest_only']) retrieved from /home/varun/miniconda3/envs/python38/lib/python3.8/site-packages/airflow/example_dags/example_latest_only.py
[2025-09-03T20:14:55.922+0200] {logging_mixin.py:137} INFO - [2025-09-03T20:14:55.922+0200] {dag.py:2705} INFO - Sync 1 DAGs
[2025-09-03T20:14:55.944+0200] {logging_mixin.py:137} INFO - [2025-09-03T20:14:55.944+0200] {dag.py:3452} INFO - Setting next_dagrun for latest_only to 2025-09-03T14:14:55.944223+00:00, run_after=2025-09-03T18:14:55.944223+00:00
[2025-09-03T20:14:55.972+0200] {processor.py:175} INFO - Processing /home/varun/miniconda3/envs/python38/lib/python3.8/site-packages/airflow/example_dags/example_latest_only.py took 0.089 seconds
[2025-09-03T20:15:41.724+0200] {processor.py:153} INFO - Started process (PID=4862) to work on /home/varun/miniconda3/envs/python38/lib/python3.8/site-packages/airflow/example_dags/example_latest_only.py
[2025-09-03T20:15:41.726+0200] {processor.py:743} INFO - Processing file /home/varun/miniconda3/envs/python38/lib/python3.8/site-packages/airflow/example_dags/example_latest_only.py for tasks to queue
[2025-09-03T20:15:41.727+0200] {logging_mixin.py:137} INFO - [2025-09-03T20:15:41.727+0200] {dagbag.py:532} INFO - Filling up the DagBag from /home/varun/miniconda3/envs/python38/lib/python3.8/site-packages/airflow/example_dags/example_latest_only.py
[2025-09-03T20:15:41.743+0200] {processor.py:753} INFO - DAG(s) dict_keys(['latest_only']) retrieved from /home/varun/miniconda3/envs/python38/lib/python3.8/site-packages/airflow/example_dags/example_latest_only.py
[2025-09-03T20:15:41.768+0200] {logging_mixin.py:137} INFO - [2025-09-03T20:15:41.768+0200] {dag.py:2705} INFO - Sync 1 DAGs
[2025-09-03T20:15:41.794+0200] {logging_mixin.py:137} INFO - [2025-09-03T20:15:41.793+0200] {dag.py:3452} INFO - Setting next_dagrun for latest_only to 2025-09-03T14:15:41.793474+00:00, run_after=2025-09-03T18:15:41.793474+00:00
[2025-09-03T20:15:41.823+0200] {processor.py:175} INFO - Processing /home/varun/miniconda3/envs/python38/lib/python3.8/site-packages/airflow/example_dags/example_latest_only.py took 0.103 seconds
[2025-09-03T20:16:26.535+0200] {processor.py:153} INFO - Started process (PID=4904) to work on /home/varun/miniconda3/envs/python38/lib/python3.8/site-packages/airflow/example_dags/example_latest_only.py
[2025-09-03T20:16:26.537+0200] {processor.py:743} INFO - Processing file /home/varun/miniconda3/envs/python38/lib/python3.8/site-packages/airflow/example_dags/example_latest_only.py for tasks to queue
[2025-09-03T20:16:26.537+0200] {logging_mixin.py:137} INFO - [2025-09-03T20:16:26.537+0200] {dagbag.py:532} INFO - Filling up the DagBag from /home/varun/miniconda3/envs/python38/lib/python3.8/site-packages/airflow/example_dags/example_latest_only.py
[2025-09-03T20:16:26.554+0200] {processor.py:753} INFO - DAG(s) dict_keys(['latest_only']) retrieved from /home/varun/miniconda3/envs/python38/lib/python3.8/site-packages/airflow/example_dags/example_latest_only.py
[2025-09-03T20:16:26.577+0200] {logging_mixin.py:137} INFO - [2025-09-03T20:16:26.577+0200] {dag.py:2705} INFO - Sync 1 DAGs
[2025-09-03T20:16:26.601+0200] {logging_mixin.py:137} INFO - [2025-09-03T20:16:26.600+0200] {dag.py:3452} INFO - Setting next_dagrun for latest_only to 2025-09-03T14:16:26.600584+00:00, run_after=2025-09-03T18:16:26.600584+00:00
[2025-09-03T20:16:26.627+0200] {processor.py:175} INFO - Processing /home/varun/miniconda3/envs/python38/lib/python3.8/site-packages/airflow/example_dags/example_latest_only.py took 0.096 seconds
[2025-09-03T20:17:14.373+0200] {processor.py:153} INFO - Started process (PID=4949) to work on /home/varun/miniconda3/envs/python38/lib/python3.8/site-packages/airflow/example_dags/example_latest_only.py
[2025-09-03T20:17:14.374+0200] {processor.py:743} INFO - Processing file /home/varun/miniconda3/envs/python38/lib/python3.8/site-packages/airflow/example_dags/example_latest_only.py for tasks to queue
[2025-09-03T20:17:14.375+0200] {logging_mixin.py:137} INFO - [2025-09-03T20:17:14.375+0200] {dagbag.py:532} INFO - Filling up the DagBag from /home/varun/miniconda3/envs/python38/lib/python3.8/site-packages/airflow/example_dags/example_latest_only.py
[2025-09-03T20:17:14.387+0200] {processor.py:753} INFO - DAG(s) dict_keys(['latest_only']) retrieved from /home/varun/miniconda3/envs/python38/lib/python3.8/site-packages/airflow/example_dags/example_latest_only.py
[2025-09-03T20:17:14.404+0200] {logging_mixin.py:137} INFO - [2025-09-03T20:17:14.404+0200] {dag.py:2705} INFO - Sync 1 DAGs
[2025-09-03T20:17:14.420+0200] {logging_mixin.py:137} INFO - [2025-09-03T20:17:14.420+0200] {dag.py:3452} INFO - Setting next_dagrun for latest_only to 2025-09-03T14:17:14.419911+00:00, run_after=2025-09-03T18:17:14.419911+00:00
[2025-09-03T20:17:14.442+0200] {processor.py:175} INFO - Processing /home/varun/miniconda3/envs/python38/lib/python3.8/site-packages/airflow/example_dags/example_latest_only.py took 0.073 seconds
[2025-09-03T20:17:59.450+0200] {processor.py:153} INFO - Started process (PID=4991) to work on /home/varun/miniconda3/envs/python38/lib/python3.8/site-packages/airflow/example_dags/example_latest_only.py
[2025-09-03T20:17:59.451+0200] {processor.py:743} INFO - Processing file /home/varun/miniconda3/envs/python38/lib/python3.8/site-packages/airflow/example_dags/example_latest_only.py for tasks to queue
[2025-09-03T20:17:59.452+0200] {logging_mixin.py:137} INFO - [2025-09-03T20:17:59.452+0200] {dagbag.py:532} INFO - Filling up the DagBag from /home/varun/miniconda3/envs/python38/lib/python3.8/site-packages/airflow/example_dags/example_latest_only.py
[2025-09-03T20:17:59.465+0200] {processor.py:753} INFO - DAG(s) dict_keys(['latest_only']) retrieved from /home/varun/miniconda3/envs/python38/lib/python3.8/site-packages/airflow/example_dags/example_latest_only.py
[2025-09-03T20:17:59.482+0200] {logging_mixin.py:137} INFO - [2025-09-03T20:17:59.482+0200] {dag.py:2705} INFO - Sync 1 DAGs
[2025-09-03T20:17:59.498+0200] {logging_mixin.py:137} INFO - [2025-09-03T20:17:59.498+0200] {dag.py:3452} INFO - Setting next_dagrun for latest_only to 2025-09-03T14:17:59.498473+00:00, run_after=2025-09-03T18:17:59.498473+00:00
[2025-09-03T20:17:59.521+0200] {processor.py:175} INFO - Processing /home/varun/miniconda3/envs/python38/lib/python3.8/site-packages/airflow/example_dags/example_latest_only.py took 0.075 seconds
[2025-09-03T20:18:44.249+0200] {processor.py:153} INFO - Started process (PID=5034) to work on /home/varun/miniconda3/envs/python38/lib/python3.8/site-packages/airflow/example_dags/example_latest_only.py
[2025-09-03T20:18:44.251+0200] {processor.py:743} INFO - Processing file /home/varun/miniconda3/envs/python38/lib/python3.8/site-packages/airflow/example_dags/example_latest_only.py for tasks to queue
[2025-09-03T20:18:44.252+0200] {logging_mixin.py:137} INFO - [2025-09-03T20:18:44.252+0200] {dagbag.py:532} INFO - Filling up the DagBag from /home/varun/miniconda3/envs/python38/lib/python3.8/site-packages/airflow/example_dags/example_latest_only.py
[2025-09-03T20:18:44.268+0200] {processor.py:753} INFO - DAG(s) dict_keys(['latest_only']) retrieved from /home/varun/miniconda3/envs/python38/lib/python3.8/site-packages/airflow/example_dags/example_latest_only.py
[2025-09-03T20:18:44.293+0200] {logging_mixin.py:137} INFO - [2025-09-03T20:18:44.293+0200] {dag.py:2705} INFO - Sync 1 DAGs
[2025-09-03T20:18:44.316+0200] {logging_mixin.py:137} INFO - [2025-09-03T20:18:44.316+0200] {dag.py:3452} INFO - Setting next_dagrun for latest_only to 2025-09-03T14:18:44.315738+00:00, run_after=2025-09-03T18:18:44.315738+00:00
[2025-09-03T20:18:44.340+0200] {processor.py:175} INFO - Processing /home/varun/miniconda3/envs/python38/lib/python3.8/site-packages/airflow/example_dags/example_latest_only.py took 0.095 seconds
[2025-09-03T20:19:37.480+0200] {processor.py:153} INFO - Started process (PID=5076) to work on /home/varun/miniconda3/envs/python38/lib/python3.8/site-packages/airflow/example_dags/example_latest_only.py
[2025-09-03T20:19:37.482+0200] {processor.py:743} INFO - Processing file /home/varun/miniconda3/envs/python38/lib/python3.8/site-packages/airflow/example_dags/example_latest_only.py for tasks to queue
[2025-09-03T20:19:37.482+0200] {logging_mixin.py:137} INFO - [2025-09-03T20:19:37.482+0200] {dagbag.py:532} INFO - Filling up the DagBag from /home/varun/miniconda3/envs/python38/lib/python3.8/site-packages/airflow/example_dags/example_latest_only.py
[2025-09-03T20:19:37.498+0200] {processor.py:753} INFO - DAG(s) dict_keys(['latest_only']) retrieved from /home/varun/miniconda3/envs/python38/lib/python3.8/site-packages/airflow/example_dags/example_latest_only.py
[2025-09-03T20:19:37.522+0200] {logging_mixin.py:137} INFO - [2025-09-03T20:19:37.522+0200] {dag.py:2705} INFO - Sync 1 DAGs
[2025-09-03T20:19:37.554+0200] {logging_mixin.py:137} INFO - [2025-09-03T20:19:37.553+0200] {dag.py:3452} INFO - Setting next_dagrun for latest_only to 2025-09-03T14:19:37.553363+00:00, run_after=2025-09-03T18:19:37.553363+00:00
[2025-09-03T20:19:37.747+0200] {processor.py:175} INFO - Processing /home/varun/miniconda3/envs/python38/lib/python3.8/site-packages/airflow/example_dags/example_latest_only.py took 0.271 seconds
[2025-09-03T20:20:26.309+0200] {processor.py:153} INFO - Started process (PID=5118) to work on /home/varun/miniconda3/envs/python38/lib/python3.8/site-packages/airflow/example_dags/example_latest_only.py
[2025-09-03T20:20:26.311+0200] {processor.py:743} INFO - Processing file /home/varun/miniconda3/envs/python38/lib/python3.8/site-packages/airflow/example_dags/example_latest_only.py for tasks to queue
[2025-09-03T20:20:26.311+0200] {logging_mixin.py:137} INFO - [2025-09-03T20:20:26.311+0200] {dagbag.py:532} INFO - Filling up the DagBag from /home/varun/miniconda3/envs/python38/lib/python3.8/site-packages/airflow/example_dags/example_latest_only.py
[2025-09-03T20:20:26.328+0200] {processor.py:753} INFO - DAG(s) dict_keys(['latest_only']) retrieved from /home/varun/miniconda3/envs/python38/lib/python3.8/site-packages/airflow/example_dags/example_latest_only.py
[2025-09-03T20:20:26.349+0200] {logging_mixin.py:137} INFO - [2025-09-03T20:20:26.349+0200] {dag.py:2705} INFO - Sync 1 DAGs
[2025-09-03T20:20:26.546+0200] {logging_mixin.py:137} INFO - [2025-09-03T20:20:26.546+0200] {dag.py:3452} INFO - Setting next_dagrun for latest_only to 2025-09-03T14:20:26.545959+00:00, run_after=2025-09-03T18:20:26.545959+00:00
[2025-09-03T20:20:26.577+0200] {processor.py:175} INFO - Processing /home/varun/miniconda3/envs/python38/lib/python3.8/site-packages/airflow/example_dags/example_latest_only.py took 0.271 seconds
[2025-09-03T20:21:21.030+0200] {processor.py:153} INFO - Started process (PID=5160) to work on /home/varun/miniconda3/envs/python38/lib/python3.8/site-packages/airflow/example_dags/example_latest_only.py
[2025-09-03T20:21:21.032+0200] {processor.py:743} INFO - Processing file /home/varun/miniconda3/envs/python38/lib/python3.8/site-packages/airflow/example_dags/example_latest_only.py for tasks to queue
[2025-09-03T20:21:21.033+0200] {logging_mixin.py:137} INFO - [2025-09-03T20:21:21.033+0200] {dagbag.py:532} INFO - Filling up the DagBag from /home/varun/miniconda3/envs/python38/lib/python3.8/site-packages/airflow/example_dags/example_latest_only.py
[2025-09-03T20:21:21.049+0200] {processor.py:753} INFO - DAG(s) dict_keys(['latest_only']) retrieved from /home/varun/miniconda3/envs/python38/lib/python3.8/site-packages/airflow/example_dags/example_latest_only.py
[2025-09-03T20:21:21.166+0200] {logging_mixin.py:137} INFO - [2025-09-03T20:21:21.166+0200] {dag.py:2705} INFO - Sync 1 DAGs
[2025-09-03T20:21:21.179+0200] {logging_mixin.py:137} INFO - [2025-09-03T20:21:21.178+0200] {dag.py:3452} INFO - Setting next_dagrun for latest_only to 2025-09-03T14:21:21.178774+00:00, run_after=2025-09-03T18:21:21.178774+00:00
[2025-09-03T20:21:21.197+0200] {processor.py:175} INFO - Processing /home/varun/miniconda3/envs/python38/lib/python3.8/site-packages/airflow/example_dags/example_latest_only.py took 0.171 seconds
[2025-09-03T20:22:10.408+0200] {processor.py:153} INFO - Started process (PID=5202) to work on /home/varun/miniconda3/envs/python38/lib/python3.8/site-packages/airflow/example_dags/example_latest_only.py
[2025-09-03T20:22:10.410+0200] {processor.py:743} INFO - Processing file /home/varun/miniconda3/envs/python38/lib/python3.8/site-packages/airflow/example_dags/example_latest_only.py for tasks to queue
[2025-09-03T20:22:10.410+0200] {logging_mixin.py:137} INFO - [2025-09-03T20:22:10.410+0200] {dagbag.py:532} INFO - Filling up the DagBag from /home/varun/miniconda3/envs/python38/lib/python3.8/site-packages/airflow/example_dags/example_latest_only.py
[2025-09-03T20:22:10.422+0200] {processor.py:753} INFO - DAG(s) dict_keys(['latest_only']) retrieved from /home/varun/miniconda3/envs/python38/lib/python3.8/site-packages/airflow/example_dags/example_latest_only.py
[2025-09-03T20:22:10.538+0200] {logging_mixin.py:137} INFO - [2025-09-03T20:22:10.538+0200] {dag.py:2705} INFO - Sync 1 DAGs
[2025-09-03T20:22:10.552+0200] {logging_mixin.py:137} INFO - [2025-09-03T20:22:10.552+0200] {dag.py:3452} INFO - Setting next_dagrun for latest_only to 2025-09-03T14:22:10.552619+00:00, run_after=2025-09-03T18:22:10.552619+00:00
[2025-09-03T20:22:10.572+0200] {processor.py:175} INFO - Processing /home/varun/miniconda3/envs/python38/lib/python3.8/site-packages/airflow/example_dags/example_latest_only.py took 0.167 seconds
[2025-09-03T20:23:00.026+0200] {processor.py:153} INFO - Started process (PID=5244) to work on /home/varun/miniconda3/envs/python38/lib/python3.8/site-packages/airflow/example_dags/example_latest_only.py
[2025-09-03T20:23:00.027+0200] {processor.py:743} INFO - Processing file /home/varun/miniconda3/envs/python38/lib/python3.8/site-packages/airflow/example_dags/example_latest_only.py for tasks to queue
[2025-09-03T20:23:00.028+0200] {logging_mixin.py:137} INFO - [2025-09-03T20:23:00.028+0200] {dagbag.py:532} INFO - Filling up the DagBag from /home/varun/miniconda3/envs/python38/lib/python3.8/site-packages/airflow/example_dags/example_latest_only.py
[2025-09-03T20:23:00.132+0200] {processor.py:753} INFO - DAG(s) dict_keys(['latest_only']) retrieved from /home/varun/miniconda3/envs/python38/lib/python3.8/site-packages/airflow/example_dags/example_latest_only.py
[2025-09-03T20:23:00.145+0200] {logging_mixin.py:137} INFO - [2025-09-03T20:23:00.144+0200] {dag.py:2705} INFO - Sync 1 DAGs
[2025-09-03T20:23:00.158+0200] {logging_mixin.py:137} INFO - [2025-09-03T20:23:00.158+0200] {dag.py:3452} INFO - Setting next_dagrun for latest_only to 2025-09-03T14:23:00.157974+00:00, run_after=2025-09-03T18:23:00.157974+00:00
[2025-09-03T20:23:00.181+0200] {processor.py:175} INFO - Processing /home/varun/miniconda3/envs/python38/lib/python3.8/site-packages/airflow/example_dags/example_latest_only.py took 0.159 seconds
[2025-09-03T20:23:50.230+0200] {processor.py:153} INFO - Started process (PID=5287) to work on /home/varun/miniconda3/envs/python38/lib/python3.8/site-packages/airflow/example_dags/example_latest_only.py
[2025-09-03T20:23:50.232+0200] {processor.py:743} INFO - Processing file /home/varun/miniconda3/envs/python38/lib/python3.8/site-packages/airflow/example_dags/example_latest_only.py for tasks to queue
[2025-09-03T20:23:50.232+0200] {logging_mixin.py:137} INFO - [2025-09-03T20:23:50.232+0200] {dagbag.py:532} INFO - Filling up the DagBag from /home/varun/miniconda3/envs/python38/lib/python3.8/site-packages/airflow/example_dags/example_latest_only.py
[2025-09-03T20:23:50.245+0200] {processor.py:753} INFO - DAG(s) dict_keys(['latest_only']) retrieved from /home/varun/miniconda3/envs/python38/lib/python3.8/site-packages/airflow/example_dags/example_latest_only.py
[2025-09-03T20:23:50.264+0200] {logging_mixin.py:137} INFO - [2025-09-03T20:23:50.264+0200] {dag.py:2705} INFO - Sync 1 DAGs
[2025-09-03T20:23:50.282+0200] {logging_mixin.py:137} INFO - [2025-09-03T20:23:50.282+0200] {dag.py:3452} INFO - Setting next_dagrun for latest_only to 2025-09-03T14:23:50.282470+00:00, run_after=2025-09-03T18:23:50.282470+00:00
[2025-09-03T20:23:50.303+0200] {processor.py:175} INFO - Processing /home/varun/miniconda3/envs/python38/lib/python3.8/site-packages/airflow/example_dags/example_latest_only.py took 0.076 seconds
[2025-09-03T20:24:35.942+0200] {processor.py:153} INFO - Started process (PID=5329) to work on /home/varun/miniconda3/envs/python38/lib/python3.8/site-packages/airflow/example_dags/example_latest_only.py
[2025-09-03T20:24:35.943+0200] {processor.py:743} INFO - Processing file /home/varun/miniconda3/envs/python38/lib/python3.8/site-packages/airflow/example_dags/example_latest_only.py for tasks to queue
[2025-09-03T20:24:35.944+0200] {logging_mixin.py:137} INFO - [2025-09-03T20:24:35.943+0200] {dagbag.py:532} INFO - Filling up the DagBag from /home/varun/miniconda3/envs/python38/lib/python3.8/site-packages/airflow/example_dags/example_latest_only.py
[2025-09-03T20:24:35.956+0200] {processor.py:753} INFO - DAG(s) dict_keys(['latest_only']) retrieved from /home/varun/miniconda3/envs/python38/lib/python3.8/site-packages/airflow/example_dags/example_latest_only.py
[2025-09-03T20:24:35.972+0200] {logging_mixin.py:137} INFO - [2025-09-03T20:24:35.972+0200] {dag.py:2705} INFO - Sync 1 DAGs
[2025-09-03T20:24:35.989+0200] {logging_mixin.py:137} INFO - [2025-09-03T20:24:35.989+0200] {dag.py:3452} INFO - Setting next_dagrun for latest_only to 2025-09-03T14:24:35.989044+00:00, run_after=2025-09-03T18:24:35.989044+00:00
[2025-09-03T20:24:36.016+0200] {processor.py:175} INFO - Processing /home/varun/miniconda3/envs/python38/lib/python3.8/site-packages/airflow/example_dags/example_latest_only.py took 0.078 seconds
[2025-09-03T20:25:18.957+0200] {processor.py:153} INFO - Started process (PID=5371) to work on /home/varun/miniconda3/envs/python38/lib/python3.8/site-packages/airflow/example_dags/example_latest_only.py
[2025-09-03T20:25:18.959+0200] {processor.py:743} INFO - Processing file /home/varun/miniconda3/envs/python38/lib/python3.8/site-packages/airflow/example_dags/example_latest_only.py for tasks to queue
[2025-09-03T20:25:18.959+0200] {logging_mixin.py:137} INFO - [2025-09-03T20:25:18.959+0200] {dagbag.py:532} INFO - Filling up the DagBag from /home/varun/miniconda3/envs/python38/lib/python3.8/site-packages/airflow/example_dags/example_latest_only.py
[2025-09-03T20:25:18.973+0200] {processor.py:753} INFO - DAG(s) dict_keys(['latest_only']) retrieved from /home/varun/miniconda3/envs/python38/lib/python3.8/site-packages/airflow/example_dags/example_latest_only.py
[2025-09-03T20:25:18.997+0200] {logging_mixin.py:137} INFO - [2025-09-03T20:25:18.997+0200] {dag.py:2705} INFO - Sync 1 DAGs
[2025-09-03T20:25:19.019+0200] {logging_mixin.py:137} INFO - [2025-09-03T20:25:19.018+0200] {dag.py:3452} INFO - Setting next_dagrun for latest_only to 2025-09-03T14:25:19.018544+00:00, run_after=2025-09-03T18:25:19.018544+00:00
[2025-09-03T20:25:19.048+0200] {processor.py:175} INFO - Processing /home/varun/miniconda3/envs/python38/lib/python3.8/site-packages/airflow/example_dags/example_latest_only.py took 0.095 seconds
[2025-09-03T20:26:06.443+0200] {processor.py:153} INFO - Started process (PID=5413) to work on /home/varun/miniconda3/envs/python38/lib/python3.8/site-packages/airflow/example_dags/example_latest_only.py
[2025-09-03T20:26:06.444+0200] {processor.py:743} INFO - Processing file /home/varun/miniconda3/envs/python38/lib/python3.8/site-packages/airflow/example_dags/example_latest_only.py for tasks to queue
[2025-09-03T20:26:06.445+0200] {logging_mixin.py:137} INFO - [2025-09-03T20:26:06.445+0200] {dagbag.py:532} INFO - Filling up the DagBag from /home/varun/miniconda3/envs/python38/lib/python3.8/site-packages/airflow/example_dags/example_latest_only.py
[2025-09-03T20:26:06.457+0200] {processor.py:753} INFO - DAG(s) dict_keys(['latest_only']) retrieved from /home/varun/miniconda3/envs/python38/lib/python3.8/site-packages/airflow/example_dags/example_latest_only.py
[2025-09-03T20:26:06.473+0200] {logging_mixin.py:137} INFO - [2025-09-03T20:26:06.473+0200] {dag.py:2705} INFO - Sync 1 DAGs
[2025-09-03T20:26:06.488+0200] {logging_mixin.py:137} INFO - [2025-09-03T20:26:06.488+0200] {dag.py:3452} INFO - Setting next_dagrun for latest_only to 2025-09-03T14:26:06.487820+00:00, run_after=2025-09-03T18:26:06.487820+00:00
[2025-09-03T20:26:06.508+0200] {processor.py:175} INFO - Processing /home/varun/miniconda3/envs/python38/lib/python3.8/site-packages/airflow/example_dags/example_latest_only.py took 0.068 seconds
[2025-09-03T20:26:53.450+0200] {processor.py:153} INFO - Started process (PID=5455) to work on /home/varun/miniconda3/envs/python38/lib/python3.8/site-packages/airflow/example_dags/example_latest_only.py
[2025-09-03T20:26:53.451+0200] {processor.py:743} INFO - Processing file /home/varun/miniconda3/envs/python38/lib/python3.8/site-packages/airflow/example_dags/example_latest_only.py for tasks to queue
[2025-09-03T20:26:53.451+0200] {logging_mixin.py:137} INFO - [2025-09-03T20:26:53.451+0200] {dagbag.py:532} INFO - Filling up the DagBag from /home/varun/miniconda3/envs/python38/lib/python3.8/site-packages/airflow/example_dags/example_latest_only.py
[2025-09-03T20:26:53.464+0200] {processor.py:753} INFO - DAG(s) dict_keys(['latest_only']) retrieved from /home/varun/miniconda3/envs/python38/lib/python3.8/site-packages/airflow/example_dags/example_latest_only.py
[2025-09-03T20:26:53.483+0200] {logging_mixin.py:137} INFO - [2025-09-03T20:26:53.483+0200] {dag.py:2705} INFO - Sync 1 DAGs
[2025-09-03T20:26:53.501+0200] {logging_mixin.py:137} INFO - [2025-09-03T20:26:53.501+0200] {dag.py:3452} INFO - Setting next_dagrun for latest_only to 2025-09-03T14:26:53.500842+00:00, run_after=2025-09-03T18:26:53.500842+00:00
[2025-09-03T20:26:53.524+0200] {processor.py:175} INFO - Processing /home/varun/miniconda3/envs/python38/lib/python3.8/site-packages/airflow/example_dags/example_latest_only.py took 0.078 seconds
[2025-09-03T20:27:39.246+0200] {processor.py:153} INFO - Started process (PID=5497) to work on /home/varun/miniconda3/envs/python38/lib/python3.8/site-packages/airflow/example_dags/example_latest_only.py
[2025-09-03T20:27:39.247+0200] {processor.py:743} INFO - Processing file /home/varun/miniconda3/envs/python38/lib/python3.8/site-packages/airflow/example_dags/example_latest_only.py for tasks to queue
[2025-09-03T20:27:39.248+0200] {logging_mixin.py:137} INFO - [2025-09-03T20:27:39.248+0200] {dagbag.py:532} INFO - Filling up the DagBag from /home/varun/miniconda3/envs/python38/lib/python3.8/site-packages/airflow/example_dags/example_latest_only.py
[2025-09-03T20:27:39.260+0200] {processor.py:753} INFO - DAG(s) dict_keys(['latest_only']) retrieved from /home/varun/miniconda3/envs/python38/lib/python3.8/site-packages/airflow/example_dags/example_latest_only.py
[2025-09-03T20:27:39.275+0200] {logging_mixin.py:137} INFO - [2025-09-03T20:27:39.275+0200] {dag.py:2705} INFO - Sync 1 DAGs
[2025-09-03T20:27:39.291+0200] {logging_mixin.py:137} INFO - [2025-09-03T20:27:39.291+0200] {dag.py:3452} INFO - Setting next_dagrun for latest_only to 2025-09-03T14:27:39.291326+00:00, run_after=2025-09-03T18:27:39.291326+00:00
[2025-09-03T20:27:39.311+0200] {processor.py:175} INFO - Processing /home/varun/miniconda3/envs/python38/lib/python3.8/site-packages/airflow/example_dags/example_latest_only.py took 0.068 seconds
[2025-09-03T20:28:28.206+0200] {processor.py:153} INFO - Started process (PID=5539) to work on /home/varun/miniconda3/envs/python38/lib/python3.8/site-packages/airflow/example_dags/example_latest_only.py
[2025-09-03T20:28:28.208+0200] {processor.py:743} INFO - Processing file /home/varun/miniconda3/envs/python38/lib/python3.8/site-packages/airflow/example_dags/example_latest_only.py for tasks to queue
[2025-09-03T20:28:28.209+0200] {logging_mixin.py:137} INFO - [2025-09-03T20:28:28.208+0200] {dagbag.py:532} INFO - Filling up the DagBag from /home/varun/miniconda3/envs/python38/lib/python3.8/site-packages/airflow/example_dags/example_latest_only.py
[2025-09-03T20:28:28.221+0200] {processor.py:753} INFO - DAG(s) dict_keys(['latest_only']) retrieved from /home/varun/miniconda3/envs/python38/lib/python3.8/site-packages/airflow/example_dags/example_latest_only.py
[2025-09-03T20:28:28.237+0200] {logging_mixin.py:137} INFO - [2025-09-03T20:28:28.237+0200] {dag.py:2705} INFO - Sync 1 DAGs
[2025-09-03T20:28:28.252+0200] {logging_mixin.py:137} INFO - [2025-09-03T20:28:28.252+0200] {dag.py:3452} INFO - Setting next_dagrun for latest_only to 2025-09-03T14:28:28.251766+00:00, run_after=2025-09-03T18:28:28.251766+00:00
[2025-09-03T20:28:28.271+0200] {processor.py:175} INFO - Processing /home/varun/miniconda3/envs/python38/lib/python3.8/site-packages/airflow/example_dags/example_latest_only.py took 0.067 seconds
[2025-09-03T20:29:14.802+0200] {processor.py:153} INFO - Started process (PID=5581) to work on /home/varun/miniconda3/envs/python38/lib/python3.8/site-packages/airflow/example_dags/example_latest_only.py
[2025-09-03T20:29:14.803+0200] {processor.py:743} INFO - Processing file /home/varun/miniconda3/envs/python38/lib/python3.8/site-packages/airflow/example_dags/example_latest_only.py for tasks to queue
[2025-09-03T20:29:14.804+0200] {logging_mixin.py:137} INFO - [2025-09-03T20:29:14.804+0200] {dagbag.py:532} INFO - Filling up the DagBag from /home/varun/miniconda3/envs/python38/lib/python3.8/site-packages/airflow/example_dags/example_latest_only.py
[2025-09-03T20:29:14.816+0200] {processor.py:753} INFO - DAG(s) dict_keys(['latest_only']) retrieved from /home/varun/miniconda3/envs/python38/lib/python3.8/site-packages/airflow/example_dags/example_latest_only.py
[2025-09-03T20:29:14.833+0200] {logging_mixin.py:137} INFO - [2025-09-03T20:29:14.833+0200] {dag.py:2705} INFO - Sync 1 DAGs
[2025-09-03T20:29:14.848+0200] {logging_mixin.py:137} INFO - [2025-09-03T20:29:14.848+0200] {dag.py:3452} INFO - Setting next_dagrun for latest_only to 2025-09-03T14:29:14.847766+00:00, run_after=2025-09-03T18:29:14.847766+00:00
[2025-09-03T20:29:14.868+0200] {processor.py:175} INFO - Processing /home/varun/miniconda3/envs/python38/lib/python3.8/site-packages/airflow/example_dags/example_latest_only.py took 0.069 seconds
[2025-09-03T20:30:00.012+0200] {processor.py:153} INFO - Started process (PID=5624) to work on /home/varun/miniconda3/envs/python38/lib/python3.8/site-packages/airflow/example_dags/example_latest_only.py
[2025-09-03T20:30:00.014+0200] {processor.py:743} INFO - Processing file /home/varun/miniconda3/envs/python38/lib/python3.8/site-packages/airflow/example_dags/example_latest_only.py for tasks to queue
[2025-09-03T20:30:00.014+0200] {logging_mixin.py:137} INFO - [2025-09-03T20:30:00.014+0200] {dagbag.py:532} INFO - Filling up the DagBag from /home/varun/miniconda3/envs/python38/lib/python3.8/site-packages/airflow/example_dags/example_latest_only.py
[2025-09-03T20:30:00.027+0200] {processor.py:753} INFO - DAG(s) dict_keys(['latest_only']) retrieved from /home/varun/miniconda3/envs/python38/lib/python3.8/site-packages/airflow/example_dags/example_latest_only.py
[2025-09-03T20:30:00.044+0200] {logging_mixin.py:137} INFO - [2025-09-03T20:30:00.044+0200] {dag.py:2705} INFO - Sync 1 DAGs
[2025-09-03T20:30:00.062+0200] {logging_mixin.py:137} INFO - [2025-09-03T20:30:00.062+0200] {dag.py:3452} INFO - Setting next_dagrun for latest_only to 2025-09-03T14:30:00.062069+00:00, run_after=2025-09-03T18:30:00.062069+00:00
[2025-09-03T20:30:00.084+0200] {processor.py:175} INFO - Processing /home/varun/miniconda3/envs/python38/lib/python3.8/site-packages/airflow/example_dags/example_latest_only.py took 0.075 seconds
[2025-09-03T20:30:45.169+0200] {processor.py:153} INFO - Started process (PID=5666) to work on /home/varun/miniconda3/envs/python38/lib/python3.8/site-packages/airflow/example_dags/example_latest_only.py
[2025-09-03T20:30:45.170+0200] {processor.py:743} INFO - Processing file /home/varun/miniconda3/envs/python38/lib/python3.8/site-packages/airflow/example_dags/example_latest_only.py for tasks to queue
[2025-09-03T20:30:45.171+0200] {logging_mixin.py:137} INFO - [2025-09-03T20:30:45.171+0200] {dagbag.py:532} INFO - Filling up the DagBag from /home/varun/miniconda3/envs/python38/lib/python3.8/site-packages/airflow/example_dags/example_latest_only.py
[2025-09-03T20:30:45.185+0200] {processor.py:753} INFO - DAG(s) dict_keys(['latest_only']) retrieved from /home/varun/miniconda3/envs/python38/lib/python3.8/site-packages/airflow/example_dags/example_latest_only.py
[2025-09-03T20:30:45.206+0200] {logging_mixin.py:137} INFO - [2025-09-03T20:30:45.206+0200] {dag.py:2705} INFO - Sync 1 DAGs
[2025-09-03T20:30:45.226+0200] {logging_mixin.py:137} INFO - [2025-09-03T20:30:45.225+0200] {dag.py:3452} INFO - Setting next_dagrun for latest_only to 2025-09-03T14:30:45.225658+00:00, run_after=2025-09-03T18:30:45.225658+00:00
[2025-09-03T20:30:45.252+0200] {processor.py:175} INFO - Processing /home/varun/miniconda3/envs/python38/lib/python3.8/site-packages/airflow/example_dags/example_latest_only.py took 0.086 seconds
[2025-09-03T20:31:32.448+0200] {processor.py:153} INFO - Started process (PID=5708) to work on /home/varun/miniconda3/envs/python38/lib/python3.8/site-packages/airflow/example_dags/example_latest_only.py
[2025-09-03T20:31:32.449+0200] {processor.py:743} INFO - Processing file /home/varun/miniconda3/envs/python38/lib/python3.8/site-packages/airflow/example_dags/example_latest_only.py for tasks to queue
[2025-09-03T20:31:32.449+0200] {logging_mixin.py:137} INFO - [2025-09-03T20:31:32.449+0200] {dagbag.py:532} INFO - Filling up the DagBag from /home/varun/miniconda3/envs/python38/lib/python3.8/site-packages/airflow/example_dags/example_latest_only.py
[2025-09-03T20:31:32.461+0200] {processor.py:753} INFO - DAG(s) dict_keys(['latest_only']) retrieved from /home/varun/miniconda3/envs/python38/lib/python3.8/site-packages/airflow/example_dags/example_latest_only.py
[2025-09-03T20:31:32.481+0200] {logging_mixin.py:137} INFO - [2025-09-03T20:31:32.481+0200] {dag.py:2705} INFO - Sync 1 DAGs
[2025-09-03T20:31:32.500+0200] {logging_mixin.py:137} INFO - [2025-09-03T20:31:32.500+0200] {dag.py:3452} INFO - Setting next_dagrun for latest_only to 2025-09-03T14:31:32.500061+00:00, run_after=2025-09-03T18:31:32.500061+00:00
[2025-09-03T20:31:32.521+0200] {processor.py:175} INFO - Processing /home/varun/miniconda3/envs/python38/lib/python3.8/site-packages/airflow/example_dags/example_latest_only.py took 0.077 seconds
[2025-09-03T20:32:17.395+0200] {processor.py:153} INFO - Started process (PID=5750) to work on /home/varun/miniconda3/envs/python38/lib/python3.8/site-packages/airflow/example_dags/example_latest_only.py
[2025-09-03T20:32:17.397+0200] {processor.py:743} INFO - Processing file /home/varun/miniconda3/envs/python38/lib/python3.8/site-packages/airflow/example_dags/example_latest_only.py for tasks to queue
[2025-09-03T20:32:17.398+0200] {logging_mixin.py:137} INFO - [2025-09-03T20:32:17.398+0200] {dagbag.py:532} INFO - Filling up the DagBag from /home/varun/miniconda3/envs/python38/lib/python3.8/site-packages/airflow/example_dags/example_latest_only.py
[2025-09-03T20:32:17.412+0200] {processor.py:753} INFO - DAG(s) dict_keys(['latest_only']) retrieved from /home/varun/miniconda3/envs/python38/lib/python3.8/site-packages/airflow/example_dags/example_latest_only.py
[2025-09-03T20:32:17.429+0200] {logging_mixin.py:137} INFO - [2025-09-03T20:32:17.429+0200] {dag.py:2705} INFO - Sync 1 DAGs
[2025-09-03T20:32:17.446+0200] {logging_mixin.py:137} INFO - [2025-09-03T20:32:17.446+0200] {dag.py:3452} INFO - Setting next_dagrun for latest_only to 2025-09-03T14:32:17.446592+00:00, run_after=2025-09-03T18:32:17.446592+00:00
[2025-09-03T20:32:17.468+0200] {processor.py:175} INFO - Processing /home/varun/miniconda3/envs/python38/lib/python3.8/site-packages/airflow/example_dags/example_latest_only.py took 0.076 seconds
[2025-09-03T20:33:03.323+0200] {processor.py:153} INFO - Started process (PID=5792) to work on /home/varun/miniconda3/envs/python38/lib/python3.8/site-packages/airflow/example_dags/example_latest_only.py
[2025-09-03T20:33:03.324+0200] {processor.py:743} INFO - Processing file /home/varun/miniconda3/envs/python38/lib/python3.8/site-packages/airflow/example_dags/example_latest_only.py for tasks to queue
[2025-09-03T20:33:03.325+0200] {logging_mixin.py:137} INFO - [2025-09-03T20:33:03.325+0200] {dagbag.py:532} INFO - Filling up the DagBag from /home/varun/miniconda3/envs/python38/lib/python3.8/site-packages/airflow/example_dags/example_latest_only.py
[2025-09-03T20:33:03.337+0200] {processor.py:753} INFO - DAG(s) dict_keys(['latest_only']) retrieved from /home/varun/miniconda3/envs/python38/lib/python3.8/site-packages/airflow/example_dags/example_latest_only.py
[2025-09-03T20:33:03.353+0200] {logging_mixin.py:137} INFO - [2025-09-03T20:33:03.353+0200] {dag.py:2705} INFO - Sync 1 DAGs
[2025-09-03T20:33:03.367+0200] {logging_mixin.py:137} INFO - [2025-09-03T20:33:03.367+0200] {dag.py:3452} INFO - Setting next_dagrun for latest_only to 2025-09-03T14:33:03.367554+00:00, run_after=2025-09-03T18:33:03.367554+00:00
[2025-09-03T20:33:03.389+0200] {processor.py:175} INFO - Processing /home/varun/miniconda3/envs/python38/lib/python3.8/site-packages/airflow/example_dags/example_latest_only.py took 0.069 seconds
[2025-09-03T20:33:52.443+0200] {processor.py:153} INFO - Started process (PID=5834) to work on /home/varun/miniconda3/envs/python38/lib/python3.8/site-packages/airflow/example_dags/example_latest_only.py
[2025-09-03T20:33:52.445+0200] {processor.py:743} INFO - Processing file /home/varun/miniconda3/envs/python38/lib/python3.8/site-packages/airflow/example_dags/example_latest_only.py for tasks to queue
[2025-09-03T20:33:52.445+0200] {logging_mixin.py:137} INFO - [2025-09-03T20:33:52.445+0200] {dagbag.py:532} INFO - Filling up the DagBag from /home/varun/miniconda3/envs/python38/lib/python3.8/site-packages/airflow/example_dags/example_latest_only.py
[2025-09-03T20:33:52.459+0200] {processor.py:753} INFO - DAG(s) dict_keys(['latest_only']) retrieved from /home/varun/miniconda3/envs/python38/lib/python3.8/site-packages/airflow/example_dags/example_latest_only.py
[2025-09-03T20:33:52.480+0200] {logging_mixin.py:137} INFO - [2025-09-03T20:33:52.480+0200] {dag.py:2705} INFO - Sync 1 DAGs
[2025-09-03T20:33:52.500+0200] {logging_mixin.py:137} INFO - [2025-09-03T20:33:52.500+0200] {dag.py:3452} INFO - Setting next_dagrun for latest_only to 2025-09-03T14:33:52.500138+00:00, run_after=2025-09-03T18:33:52.500138+00:00
[2025-09-03T20:33:52.523+0200] {processor.py:175} INFO - Processing /home/varun/miniconda3/envs/python38/lib/python3.8/site-packages/airflow/example_dags/example_latest_only.py took 0.084 seconds
[2025-09-03T20:34:37.586+0200] {processor.py:153} INFO - Started process (PID=5876) to work on /home/varun/miniconda3/envs/python38/lib/python3.8/site-packages/airflow/example_dags/example_latest_only.py
[2025-09-03T20:34:37.588+0200] {processor.py:743} INFO - Processing file /home/varun/miniconda3/envs/python38/lib/python3.8/site-packages/airflow/example_dags/example_latest_only.py for tasks to queue
[2025-09-03T20:34:37.589+0200] {logging_mixin.py:137} INFO - [2025-09-03T20:34:37.589+0200] {dagbag.py:532} INFO - Filling up the DagBag from /home/varun/miniconda3/envs/python38/lib/python3.8/site-packages/airflow/example_dags/example_latest_only.py
[2025-09-03T20:34:37.602+0200] {processor.py:753} INFO - DAG(s) dict_keys(['latest_only']) retrieved from /home/varun/miniconda3/envs/python38/lib/python3.8/site-packages/airflow/example_dags/example_latest_only.py
[2025-09-03T20:34:37.619+0200] {logging_mixin.py:137} INFO - [2025-09-03T20:34:37.619+0200] {dag.py:2705} INFO - Sync 1 DAGs
[2025-09-03T20:34:37.635+0200] {logging_mixin.py:137} INFO - [2025-09-03T20:34:37.635+0200] {dag.py:3452} INFO - Setting next_dagrun for latest_only to 2025-09-03T14:34:37.635025+00:00, run_after=2025-09-03T18:34:37.635025+00:00
[2025-09-03T20:34:37.659+0200] {processor.py:175} INFO - Processing /home/varun/miniconda3/envs/python38/lib/python3.8/site-packages/airflow/example_dags/example_latest_only.py took 0.075 seconds
[2025-09-03T20:35:22.314+0200] {processor.py:153} INFO - Started process (PID=5919) to work on /home/varun/miniconda3/envs/python38/lib/python3.8/site-packages/airflow/example_dags/example_latest_only.py
[2025-09-03T20:35:22.315+0200] {processor.py:743} INFO - Processing file /home/varun/miniconda3/envs/python38/lib/python3.8/site-packages/airflow/example_dags/example_latest_only.py for tasks to queue
[2025-09-03T20:35:22.315+0200] {logging_mixin.py:137} INFO - [2025-09-03T20:35:22.315+0200] {dagbag.py:532} INFO - Filling up the DagBag from /home/varun/miniconda3/envs/python38/lib/python3.8/site-packages/airflow/example_dags/example_latest_only.py
[2025-09-03T20:35:22.327+0200] {processor.py:753} INFO - DAG(s) dict_keys(['latest_only']) retrieved from /home/varun/miniconda3/envs/python38/lib/python3.8/site-packages/airflow/example_dags/example_latest_only.py
[2025-09-03T20:35:22.343+0200] {logging_mixin.py:137} INFO - [2025-09-03T20:35:22.343+0200] {dag.py:2705} INFO - Sync 1 DAGs
[2025-09-03T20:35:22.358+0200] {logging_mixin.py:137} INFO - [2025-09-03T20:35:22.358+0200] {dag.py:3452} INFO - Setting next_dagrun for latest_only to 2025-09-03T14:35:22.357881+00:00, run_after=2025-09-03T18:35:22.357881+00:00
[2025-09-03T20:35:22.379+0200] {processor.py:175} INFO - Processing /home/varun/miniconda3/envs/python38/lib/python3.8/site-packages/airflow/example_dags/example_latest_only.py took 0.069 seconds
[2025-09-03T20:36:06.239+0200] {processor.py:153} INFO - Started process (PID=5961) to work on /home/varun/miniconda3/envs/python38/lib/python3.8/site-packages/airflow/example_dags/example_latest_only.py
[2025-09-03T20:36:06.241+0200] {processor.py:743} INFO - Processing file /home/varun/miniconda3/envs/python38/lib/python3.8/site-packages/airflow/example_dags/example_latest_only.py for tasks to queue
[2025-09-03T20:36:06.242+0200] {logging_mixin.py:137} INFO - [2025-09-03T20:36:06.242+0200] {dagbag.py:532} INFO - Filling up the DagBag from /home/varun/miniconda3/envs/python38/lib/python3.8/site-packages/airflow/example_dags/example_latest_only.py
[2025-09-03T20:36:06.257+0200] {processor.py:753} INFO - DAG(s) dict_keys(['latest_only']) retrieved from /home/varun/miniconda3/envs/python38/lib/python3.8/site-packages/airflow/example_dags/example_latest_only.py
[2025-09-03T20:36:06.276+0200] {logging_mixin.py:137} INFO - [2025-09-03T20:36:06.276+0200] {dag.py:2705} INFO - Sync 1 DAGs
[2025-09-03T20:36:06.297+0200] {logging_mixin.py:137} INFO - [2025-09-03T20:36:06.297+0200] {dag.py:3452} INFO - Setting next_dagrun for latest_only to 2025-09-03T14:36:06.296912+00:00, run_after=2025-09-03T18:36:06.296912+00:00
[2025-09-03T20:36:06.323+0200] {processor.py:175} INFO - Processing /home/varun/miniconda3/envs/python38/lib/python3.8/site-packages/airflow/example_dags/example_latest_only.py took 0.089 seconds
