[2025-09-03T19:42:58.425+0200] {processor.py:153} INFO - Started process (PID=3118) to work on /home/varun/miniconda3/envs/python38/lib/python3.8/site-packages/airflow/example_dags/example_branch_operator_decorator.py
[2025-09-03T19:42:58.426+0200] {processor.py:743} INFO - Processing file /home/varun/miniconda3/envs/python38/lib/python3.8/site-packages/airflow/example_dags/example_branch_operator_decorator.py for tasks to queue
[2025-09-03T19:42:58.427+0200] {logging_mixin.py:137} INFO - [2025-09-03T19:42:58.427+0200] {dagbag.py:532} INFO - Filling up the DagBag from /home/varun/miniconda3/envs/python38/lib/python3.8/site-packages/airflow/example_dags/example_branch_operator_decorator.py
[2025-09-03T19:42:58.455+0200] {processor.py:753} INFO - DAG(s) dict_keys(['example_branch_python_operator_decorator']) retrieved from /home/varun/miniconda3/envs/python38/lib/python3.8/site-packages/airflow/example_dags/example_branch_operator_decorator.py
[2025-09-03T19:42:58.559+0200] {logging_mixin.py:137} INFO - [2025-09-03T19:42:58.559+0200] {manager.py:504} INFO - Created Permission View: can edit on DAG:example_branch_python_operator_decorator
[2025-09-03T19:42:58.570+0200] {logging_mixin.py:137} INFO - [2025-09-03T19:42:58.570+0200] {manager.py:504} INFO - Created Permission View: can delete on DAG:example_branch_python_operator_decorator
[2025-09-03T19:42:58.584+0200] {logging_mixin.py:137} INFO - [2025-09-03T19:42:58.583+0200] {manager.py:504} INFO - Created Permission View: can read on DAG:example_branch_python_operator_decorator
[2025-09-03T19:42:58.584+0200] {logging_mixin.py:137} INFO - [2025-09-03T19:42:58.584+0200] {dag.py:2705} INFO - Sync 1 DAGs
[2025-09-03T19:42:58.593+0200] {logging_mixin.py:137} INFO - [2025-09-03T19:42:58.593+0200] {dag.py:2726} INFO - Creating ORM DAG for example_branch_python_operator_decorator
[2025-09-03T19:42:58.603+0200] {logging_mixin.py:137} INFO - [2025-09-03T19:42:58.603+0200] {dag.py:3452} INFO - Setting next_dagrun for example_branch_python_operator_decorator to 2025-09-02T00:00:00+00:00, run_after=2025-09-03T00:00:00+00:00
[2025-09-03T19:42:58.629+0200] {processor.py:175} INFO - Processing /home/varun/miniconda3/envs/python38/lib/python3.8/site-packages/airflow/example_dags/example_branch_operator_decorator.py took 0.207 seconds
[2025-09-03T19:43:48.121+0200] {processor.py:153} INFO - Started process (PID=3160) to work on /home/varun/miniconda3/envs/python38/lib/python3.8/site-packages/airflow/example_dags/example_branch_operator_decorator.py
[2025-09-03T19:43:48.123+0200] {processor.py:743} INFO - Processing file /home/varun/miniconda3/envs/python38/lib/python3.8/site-packages/airflow/example_dags/example_branch_operator_decorator.py for tasks to queue
[2025-09-03T19:43:48.124+0200] {logging_mixin.py:137} INFO - [2025-09-03T19:43:48.123+0200] {dagbag.py:532} INFO - Filling up the DagBag from /home/varun/miniconda3/envs/python38/lib/python3.8/site-packages/airflow/example_dags/example_branch_operator_decorator.py
[2025-09-03T19:43:48.156+0200] {processor.py:753} INFO - DAG(s) dict_keys(['example_branch_python_operator_decorator']) retrieved from /home/varun/miniconda3/envs/python38/lib/python3.8/site-packages/airflow/example_dags/example_branch_operator_decorator.py
[2025-09-03T19:43:48.190+0200] {logging_mixin.py:137} INFO - [2025-09-03T19:43:48.189+0200] {dag.py:2705} INFO - Sync 1 DAGs
[2025-09-03T19:43:48.252+0200] {logging_mixin.py:137} INFO - [2025-09-03T19:43:48.251+0200] {dag.py:3452} INFO - Setting next_dagrun for example_branch_python_operator_decorator to 2025-09-02T00:00:00+00:00, run_after=2025-09-03T00:00:00+00:00
[2025-09-03T19:43:48.299+0200] {processor.py:175} INFO - Processing /home/varun/miniconda3/envs/python38/lib/python3.8/site-packages/airflow/example_dags/example_branch_operator_decorator.py took 0.182 seconds
[2025-09-03T19:44:35.559+0200] {processor.py:153} INFO - Started process (PID=3202) to work on /home/varun/miniconda3/envs/python38/lib/python3.8/site-packages/airflow/example_dags/example_branch_operator_decorator.py
[2025-09-03T19:44:35.560+0200] {processor.py:743} INFO - Processing file /home/varun/miniconda3/envs/python38/lib/python3.8/site-packages/airflow/example_dags/example_branch_operator_decorator.py for tasks to queue
[2025-09-03T19:44:35.561+0200] {logging_mixin.py:137} INFO - [2025-09-03T19:44:35.561+0200] {dagbag.py:532} INFO - Filling up the DagBag from /home/varun/miniconda3/envs/python38/lib/python3.8/site-packages/airflow/example_dags/example_branch_operator_decorator.py
[2025-09-03T19:44:35.585+0200] {processor.py:753} INFO - DAG(s) dict_keys(['example_branch_python_operator_decorator']) retrieved from /home/varun/miniconda3/envs/python38/lib/python3.8/site-packages/airflow/example_dags/example_branch_operator_decorator.py
[2025-09-03T19:44:35.610+0200] {logging_mixin.py:137} INFO - [2025-09-03T19:44:35.609+0200] {dag.py:2705} INFO - Sync 1 DAGs
[2025-09-03T19:44:35.632+0200] {logging_mixin.py:137} INFO - [2025-09-03T19:44:35.632+0200] {dag.py:3452} INFO - Setting next_dagrun for example_branch_python_operator_decorator to 2025-09-02T00:00:00+00:00, run_after=2025-09-03T00:00:00+00:00
[2025-09-03T19:44:35.656+0200] {processor.py:175} INFO - Processing /home/varun/miniconda3/envs/python38/lib/python3.8/site-packages/airflow/example_dags/example_branch_operator_decorator.py took 0.100 seconds
[2025-09-03T19:45:23.080+0200] {processor.py:153} INFO - Started process (PID=3245) to work on /home/varun/miniconda3/envs/python38/lib/python3.8/site-packages/airflow/example_dags/example_branch_operator_decorator.py
[2025-09-03T19:45:23.081+0200] {processor.py:743} INFO - Processing file /home/varun/miniconda3/envs/python38/lib/python3.8/site-packages/airflow/example_dags/example_branch_operator_decorator.py for tasks to queue
[2025-09-03T19:45:23.082+0200] {logging_mixin.py:137} INFO - [2025-09-03T19:45:23.082+0200] {dagbag.py:532} INFO - Filling up the DagBag from /home/varun/miniconda3/envs/python38/lib/python3.8/site-packages/airflow/example_dags/example_branch_operator_decorator.py
[2025-09-03T19:45:23.112+0200] {processor.py:753} INFO - DAG(s) dict_keys(['example_branch_python_operator_decorator']) retrieved from /home/varun/miniconda3/envs/python38/lib/python3.8/site-packages/airflow/example_dags/example_branch_operator_decorator.py
[2025-09-03T19:45:23.132+0200] {logging_mixin.py:137} INFO - [2025-09-03T19:45:23.132+0200] {dag.py:2705} INFO - Sync 1 DAGs
[2025-09-03T19:45:23.150+0200] {logging_mixin.py:137} INFO - [2025-09-03T19:45:23.150+0200] {dag.py:3452} INFO - Setting next_dagrun for example_branch_python_operator_decorator to 2025-09-02T00:00:00+00:00, run_after=2025-09-03T00:00:00+00:00
[2025-09-03T19:45:23.175+0200] {processor.py:175} INFO - Processing /home/varun/miniconda3/envs/python38/lib/python3.8/site-packages/airflow/example_dags/example_branch_operator_decorator.py took 0.099 seconds
[2025-09-03T19:46:10.782+0200] {processor.py:153} INFO - Started process (PID=3315) to work on /home/varun/miniconda3/envs/python38/lib/python3.8/site-packages/airflow/example_dags/example_branch_operator_decorator.py
[2025-09-03T19:46:10.784+0200] {processor.py:743} INFO - Processing file /home/varun/miniconda3/envs/python38/lib/python3.8/site-packages/airflow/example_dags/example_branch_operator_decorator.py for tasks to queue
[2025-09-03T19:46:10.785+0200] {logging_mixin.py:137} INFO - [2025-09-03T19:46:10.785+0200] {dagbag.py:532} INFO - Filling up the DagBag from /home/varun/miniconda3/envs/python38/lib/python3.8/site-packages/airflow/example_dags/example_branch_operator_decorator.py
[2025-09-03T19:46:10.835+0200] {processor.py:753} INFO - DAG(s) dict_keys(['example_branch_python_operator_decorator']) retrieved from /home/varun/miniconda3/envs/python38/lib/python3.8/site-packages/airflow/example_dags/example_branch_operator_decorator.py
[2025-09-03T19:46:10.870+0200] {logging_mixin.py:137} INFO - [2025-09-03T19:46:10.870+0200] {dag.py:2705} INFO - Sync 1 DAGs
[2025-09-03T19:46:10.897+0200] {logging_mixin.py:137} INFO - [2025-09-03T19:46:10.896+0200] {dag.py:3452} INFO - Setting next_dagrun for example_branch_python_operator_decorator to 2025-09-02T00:00:00+00:00, run_after=2025-09-03T00:00:00+00:00
[2025-09-03T19:46:10.932+0200] {processor.py:175} INFO - Processing /home/varun/miniconda3/envs/python38/lib/python3.8/site-packages/airflow/example_dags/example_branch_operator_decorator.py took 0.158 seconds
[2025-09-03T19:46:56.585+0200] {processor.py:153} INFO - Started process (PID=3363) to work on /home/varun/miniconda3/envs/python38/lib/python3.8/site-packages/airflow/example_dags/example_branch_operator_decorator.py
[2025-09-03T19:46:56.586+0200] {processor.py:743} INFO - Processing file /home/varun/miniconda3/envs/python38/lib/python3.8/site-packages/airflow/example_dags/example_branch_operator_decorator.py for tasks to queue
[2025-09-03T19:46:56.587+0200] {logging_mixin.py:137} INFO - [2025-09-03T19:46:56.587+0200] {dagbag.py:532} INFO - Filling up the DagBag from /home/varun/miniconda3/envs/python38/lib/python3.8/site-packages/airflow/example_dags/example_branch_operator_decorator.py
[2025-09-03T19:46:56.613+0200] {processor.py:753} INFO - DAG(s) dict_keys(['example_branch_python_operator_decorator']) retrieved from /home/varun/miniconda3/envs/python38/lib/python3.8/site-packages/airflow/example_dags/example_branch_operator_decorator.py
[2025-09-03T19:46:56.637+0200] {logging_mixin.py:137} INFO - [2025-09-03T19:46:56.637+0200] {dag.py:2705} INFO - Sync 1 DAGs
[2025-09-03T19:46:56.657+0200] {logging_mixin.py:137} INFO - [2025-09-03T19:46:56.657+0200] {dag.py:3452} INFO - Setting next_dagrun for example_branch_python_operator_decorator to 2025-09-02T00:00:00+00:00, run_after=2025-09-03T00:00:00+00:00
[2025-09-03T19:46:56.684+0200] {processor.py:175} INFO - Processing /home/varun/miniconda3/envs/python38/lib/python3.8/site-packages/airflow/example_dags/example_branch_operator_decorator.py took 0.103 seconds
[2025-09-03T19:47:42.162+0200] {processor.py:153} INFO - Started process (PID=3413) to work on /home/varun/miniconda3/envs/python38/lib/python3.8/site-packages/airflow/example_dags/example_branch_operator_decorator.py
[2025-09-03T19:47:42.164+0200] {processor.py:743} INFO - Processing file /home/varun/miniconda3/envs/python38/lib/python3.8/site-packages/airflow/example_dags/example_branch_operator_decorator.py for tasks to queue
[2025-09-03T19:47:42.165+0200] {logging_mixin.py:137} INFO - [2025-09-03T19:47:42.165+0200] {dagbag.py:532} INFO - Filling up the DagBag from /home/varun/miniconda3/envs/python38/lib/python3.8/site-packages/airflow/example_dags/example_branch_operator_decorator.py
[2025-09-03T19:47:42.185+0200] {processor.py:753} INFO - DAG(s) dict_keys(['example_branch_python_operator_decorator']) retrieved from /home/varun/miniconda3/envs/python38/lib/python3.8/site-packages/airflow/example_dags/example_branch_operator_decorator.py
[2025-09-03T19:47:42.203+0200] {logging_mixin.py:137} INFO - [2025-09-03T19:47:42.202+0200] {dag.py:2705} INFO - Sync 1 DAGs
[2025-09-03T19:47:42.219+0200] {logging_mixin.py:137} INFO - [2025-09-03T19:47:42.219+0200] {dag.py:3452} INFO - Setting next_dagrun for example_branch_python_operator_decorator to 2025-09-02T00:00:00+00:00, run_after=2025-09-03T00:00:00+00:00
[2025-09-03T19:47:42.244+0200] {processor.py:175} INFO - Processing /home/varun/miniconda3/envs/python38/lib/python3.8/site-packages/airflow/example_dags/example_branch_operator_decorator.py took 0.085 seconds
[2025-09-03T19:48:31.880+0200] {processor.py:153} INFO - Started process (PID=3455) to work on /home/varun/miniconda3/envs/python38/lib/python3.8/site-packages/airflow/example_dags/example_branch_operator_decorator.py
[2025-09-03T19:48:31.882+0200] {processor.py:743} INFO - Processing file /home/varun/miniconda3/envs/python38/lib/python3.8/site-packages/airflow/example_dags/example_branch_operator_decorator.py for tasks to queue
[2025-09-03T19:48:31.883+0200] {logging_mixin.py:137} INFO - [2025-09-03T19:48:31.883+0200] {dagbag.py:532} INFO - Filling up the DagBag from /home/varun/miniconda3/envs/python38/lib/python3.8/site-packages/airflow/example_dags/example_branch_operator_decorator.py
[2025-09-03T19:48:31.922+0200] {processor.py:753} INFO - DAG(s) dict_keys(['example_branch_python_operator_decorator']) retrieved from /home/varun/miniconda3/envs/python38/lib/python3.8/site-packages/airflow/example_dags/example_branch_operator_decorator.py
[2025-09-03T19:48:31.959+0200] {logging_mixin.py:137} INFO - [2025-09-03T19:48:31.958+0200] {dag.py:2705} INFO - Sync 1 DAGs
[2025-09-03T19:48:31.985+0200] {logging_mixin.py:137} INFO - [2025-09-03T19:48:31.985+0200] {dag.py:3452} INFO - Setting next_dagrun for example_branch_python_operator_decorator to 2025-09-02T00:00:00+00:00, run_after=2025-09-03T00:00:00+00:00
[2025-09-03T19:48:32.010+0200] {processor.py:175} INFO - Processing /home/varun/miniconda3/envs/python38/lib/python3.8/site-packages/airflow/example_dags/example_branch_operator_decorator.py took 0.136 seconds
[2025-09-03T19:49:20.982+0200] {processor.py:153} INFO - Started process (PID=3497) to work on /home/varun/miniconda3/envs/python38/lib/python3.8/site-packages/airflow/example_dags/example_branch_operator_decorator.py
[2025-09-03T19:49:20.983+0200] {processor.py:743} INFO - Processing file /home/varun/miniconda3/envs/python38/lib/python3.8/site-packages/airflow/example_dags/example_branch_operator_decorator.py for tasks to queue
[2025-09-03T19:49:20.984+0200] {logging_mixin.py:137} INFO - [2025-09-03T19:49:20.984+0200] {dagbag.py:532} INFO - Filling up the DagBag from /home/varun/miniconda3/envs/python38/lib/python3.8/site-packages/airflow/example_dags/example_branch_operator_decorator.py
[2025-09-03T19:49:21.008+0200] {processor.py:753} INFO - DAG(s) dict_keys(['example_branch_python_operator_decorator']) retrieved from /home/varun/miniconda3/envs/python38/lib/python3.8/site-packages/airflow/example_dags/example_branch_operator_decorator.py
[2025-09-03T19:49:21.034+0200] {logging_mixin.py:137} INFO - [2025-09-03T19:49:21.033+0200] {dag.py:2705} INFO - Sync 1 DAGs
[2025-09-03T19:49:21.080+0200] {logging_mixin.py:137} INFO - [2025-09-03T19:49:21.080+0200] {dag.py:3452} INFO - Setting next_dagrun for example_branch_python_operator_decorator to 2025-09-02T00:00:00+00:00, run_after=2025-09-03T00:00:00+00:00
[2025-09-03T19:49:21.137+0200] {processor.py:175} INFO - Processing /home/varun/miniconda3/envs/python38/lib/python3.8/site-packages/airflow/example_dags/example_branch_operator_decorator.py took 0.159 seconds
[2025-09-03T19:50:07.450+0200] {processor.py:153} INFO - Started process (PID=3548) to work on /home/varun/miniconda3/envs/python38/lib/python3.8/site-packages/airflow/example_dags/example_branch_operator_decorator.py
[2025-09-03T19:50:07.452+0200] {processor.py:743} INFO - Processing file /home/varun/miniconda3/envs/python38/lib/python3.8/site-packages/airflow/example_dags/example_branch_operator_decorator.py for tasks to queue
[2025-09-03T19:50:07.453+0200] {logging_mixin.py:137} INFO - [2025-09-03T19:50:07.453+0200] {dagbag.py:532} INFO - Filling up the DagBag from /home/varun/miniconda3/envs/python38/lib/python3.8/site-packages/airflow/example_dags/example_branch_operator_decorator.py
[2025-09-03T19:50:07.480+0200] {processor.py:753} INFO - DAG(s) dict_keys(['example_branch_python_operator_decorator']) retrieved from /home/varun/miniconda3/envs/python38/lib/python3.8/site-packages/airflow/example_dags/example_branch_operator_decorator.py
[2025-09-03T19:50:07.506+0200] {logging_mixin.py:137} INFO - [2025-09-03T19:50:07.506+0200] {dag.py:2705} INFO - Sync 1 DAGs
[2025-09-03T19:50:07.528+0200] {logging_mixin.py:137} INFO - [2025-09-03T19:50:07.528+0200] {dag.py:3452} INFO - Setting next_dagrun for example_branch_python_operator_decorator to 2025-09-02T00:00:00+00:00, run_after=2025-09-03T00:00:00+00:00
[2025-09-03T19:50:07.556+0200] {processor.py:175} INFO - Processing /home/varun/miniconda3/envs/python38/lib/python3.8/site-packages/airflow/example_dags/example_branch_operator_decorator.py took 0.109 seconds
[2025-09-03T19:50:57.207+0200] {processor.py:153} INFO - Started process (PID=3594) to work on /home/varun/miniconda3/envs/python38/lib/python3.8/site-packages/airflow/example_dags/example_branch_operator_decorator.py
[2025-09-03T19:50:57.208+0200] {processor.py:743} INFO - Processing file /home/varun/miniconda3/envs/python38/lib/python3.8/site-packages/airflow/example_dags/example_branch_operator_decorator.py for tasks to queue
[2025-09-03T19:50:57.209+0200] {logging_mixin.py:137} INFO - [2025-09-03T19:50:57.209+0200] {dagbag.py:532} INFO - Filling up the DagBag from /home/varun/miniconda3/envs/python38/lib/python3.8/site-packages/airflow/example_dags/example_branch_operator_decorator.py
[2025-09-03T19:50:57.237+0200] {processor.py:753} INFO - DAG(s) dict_keys(['example_branch_python_operator_decorator']) retrieved from /home/varun/miniconda3/envs/python38/lib/python3.8/site-packages/airflow/example_dags/example_branch_operator_decorator.py
[2025-09-03T19:50:57.262+0200] {logging_mixin.py:137} INFO - [2025-09-03T19:50:57.262+0200] {dag.py:2705} INFO - Sync 1 DAGs
[2025-09-03T19:50:57.280+0200] {logging_mixin.py:137} INFO - [2025-09-03T19:50:57.280+0200] {dag.py:3452} INFO - Setting next_dagrun for example_branch_python_operator_decorator to 2025-09-02T00:00:00+00:00, run_after=2025-09-03T00:00:00+00:00
[2025-09-03T19:50:57.300+0200] {processor.py:175} INFO - Processing /home/varun/miniconda3/envs/python38/lib/python3.8/site-packages/airflow/example_dags/example_branch_operator_decorator.py took 0.097 seconds
[2025-09-03T19:51:43.600+0200] {processor.py:153} INFO - Started process (PID=3649) to work on /home/varun/miniconda3/envs/python38/lib/python3.8/site-packages/airflow/example_dags/example_branch_operator_decorator.py
[2025-09-03T19:51:43.603+0200] {processor.py:743} INFO - Processing file /home/varun/miniconda3/envs/python38/lib/python3.8/site-packages/airflow/example_dags/example_branch_operator_decorator.py for tasks to queue
[2025-09-03T19:51:43.604+0200] {logging_mixin.py:137} INFO - [2025-09-03T19:51:43.604+0200] {dagbag.py:532} INFO - Filling up the DagBag from /home/varun/miniconda3/envs/python38/lib/python3.8/site-packages/airflow/example_dags/example_branch_operator_decorator.py
[2025-09-03T19:51:43.639+0200] {processor.py:753} INFO - DAG(s) dict_keys(['example_branch_python_operator_decorator']) retrieved from /home/varun/miniconda3/envs/python38/lib/python3.8/site-packages/airflow/example_dags/example_branch_operator_decorator.py
[2025-09-03T19:51:43.668+0200] {logging_mixin.py:137} INFO - [2025-09-03T19:51:43.668+0200] {dag.py:2705} INFO - Sync 1 DAGs
[2025-09-03T19:51:43.695+0200] {logging_mixin.py:137} INFO - [2025-09-03T19:51:43.695+0200] {dag.py:3452} INFO - Setting next_dagrun for example_branch_python_operator_decorator to 2025-09-02T00:00:00+00:00, run_after=2025-09-03T00:00:00+00:00
[2025-09-03T19:51:43.726+0200] {processor.py:175} INFO - Processing /home/varun/miniconda3/envs/python38/lib/python3.8/site-packages/airflow/example_dags/example_branch_operator_decorator.py took 0.132 seconds
[2025-09-03T19:52:33.113+0200] {processor.py:153} INFO - Started process (PID=3695) to work on /home/varun/miniconda3/envs/python38/lib/python3.8/site-packages/airflow/example_dags/example_branch_operator_decorator.py
[2025-09-03T19:52:33.115+0200] {processor.py:743} INFO - Processing file /home/varun/miniconda3/envs/python38/lib/python3.8/site-packages/airflow/example_dags/example_branch_operator_decorator.py for tasks to queue
[2025-09-03T19:52:33.115+0200] {logging_mixin.py:137} INFO - [2025-09-03T19:52:33.115+0200] {dagbag.py:532} INFO - Filling up the DagBag from /home/varun/miniconda3/envs/python38/lib/python3.8/site-packages/airflow/example_dags/example_branch_operator_decorator.py
[2025-09-03T19:52:33.141+0200] {processor.py:753} INFO - DAG(s) dict_keys(['example_branch_python_operator_decorator']) retrieved from /home/varun/miniconda3/envs/python38/lib/python3.8/site-packages/airflow/example_dags/example_branch_operator_decorator.py
[2025-09-03T19:52:33.166+0200] {logging_mixin.py:137} INFO - [2025-09-03T19:52:33.165+0200] {dag.py:2705} INFO - Sync 1 DAGs
[2025-09-03T19:52:33.353+0200] {logging_mixin.py:137} INFO - [2025-09-03T19:52:33.352+0200] {dag.py:3452} INFO - Setting next_dagrun for example_branch_python_operator_decorator to 2025-09-02T00:00:00+00:00, run_after=2025-09-03T00:00:00+00:00
[2025-09-03T19:52:33.379+0200] {processor.py:175} INFO - Processing /home/varun/miniconda3/envs/python38/lib/python3.8/site-packages/airflow/example_dags/example_branch_operator_decorator.py took 0.270 seconds
[2025-09-03T19:53:25.750+0200] {processor.py:153} INFO - Started process (PID=3737) to work on /home/varun/miniconda3/envs/python38/lib/python3.8/site-packages/airflow/example_dags/example_branch_operator_decorator.py
[2025-09-03T19:53:25.752+0200] {processor.py:743} INFO - Processing file /home/varun/miniconda3/envs/python38/lib/python3.8/site-packages/airflow/example_dags/example_branch_operator_decorator.py for tasks to queue
[2025-09-03T19:53:25.753+0200] {logging_mixin.py:137} INFO - [2025-09-03T19:53:25.753+0200] {dagbag.py:532} INFO - Filling up the DagBag from /home/varun/miniconda3/envs/python38/lib/python3.8/site-packages/airflow/example_dags/example_branch_operator_decorator.py
[2025-09-03T19:53:25.787+0200] {processor.py:753} INFO - DAG(s) dict_keys(['example_branch_python_operator_decorator']) retrieved from /home/varun/miniconda3/envs/python38/lib/python3.8/site-packages/airflow/example_dags/example_branch_operator_decorator.py
[2025-09-03T19:53:25.817+0200] {logging_mixin.py:137} INFO - [2025-09-03T19:53:25.816+0200] {dag.py:2705} INFO - Sync 1 DAGs
[2025-09-03T19:53:25.981+0200] {logging_mixin.py:137} INFO - [2025-09-03T19:53:25.981+0200] {dag.py:3452} INFO - Setting next_dagrun for example_branch_python_operator_decorator to 2025-09-02T00:00:00+00:00, run_after=2025-09-03T00:00:00+00:00
[2025-09-03T19:53:26.007+0200] {processor.py:175} INFO - Processing /home/varun/miniconda3/envs/python38/lib/python3.8/site-packages/airflow/example_dags/example_branch_operator_decorator.py took 0.261 seconds
[2025-09-03T19:54:27.515+0200] {processor.py:153} INFO - Started process (PID=3788) to work on /home/varun/miniconda3/envs/python38/lib/python3.8/site-packages/airflow/example_dags/example_branch_operator_decorator.py
[2025-09-03T19:54:27.517+0200] {processor.py:743} INFO - Processing file /home/varun/miniconda3/envs/python38/lib/python3.8/site-packages/airflow/example_dags/example_branch_operator_decorator.py for tasks to queue
[2025-09-03T19:54:27.517+0200] {logging_mixin.py:137} INFO - [2025-09-03T19:54:27.517+0200] {dagbag.py:532} INFO - Filling up the DagBag from /home/varun/miniconda3/envs/python38/lib/python3.8/site-packages/airflow/example_dags/example_branch_operator_decorator.py
[2025-09-03T19:54:27.541+0200] {processor.py:753} INFO - DAG(s) dict_keys(['example_branch_python_operator_decorator']) retrieved from /home/varun/miniconda3/envs/python38/lib/python3.8/site-packages/airflow/example_dags/example_branch_operator_decorator.py
[2025-09-03T19:54:27.655+0200] {logging_mixin.py:137} INFO - [2025-09-03T19:54:27.654+0200] {dag.py:2705} INFO - Sync 1 DAGs
[2025-09-03T19:54:27.672+0200] {logging_mixin.py:137} INFO - [2025-09-03T19:54:27.671+0200] {dag.py:3452} INFO - Setting next_dagrun for example_branch_python_operator_decorator to 2025-09-02T00:00:00+00:00, run_after=2025-09-03T00:00:00+00:00
[2025-09-03T19:54:27.692+0200] {processor.py:175} INFO - Processing /home/varun/miniconda3/envs/python38/lib/python3.8/site-packages/airflow/example_dags/example_branch_operator_decorator.py took 0.180 seconds
[2025-09-03T19:55:23.264+0200] {processor.py:153} INFO - Started process (PID=3846) to work on /home/varun/miniconda3/envs/python38/lib/python3.8/site-packages/airflow/example_dags/example_branch_operator_decorator.py
[2025-09-03T19:55:23.266+0200] {processor.py:743} INFO - Processing file /home/varun/miniconda3/envs/python38/lib/python3.8/site-packages/airflow/example_dags/example_branch_operator_decorator.py for tasks to queue
[2025-09-03T19:55:23.268+0200] {logging_mixin.py:137} INFO - [2025-09-03T19:55:23.267+0200] {dagbag.py:532} INFO - Filling up the DagBag from /home/varun/miniconda3/envs/python38/lib/python3.8/site-packages/airflow/example_dags/example_branch_operator_decorator.py
[2025-09-03T19:55:23.308+0200] {processor.py:753} INFO - DAG(s) dict_keys(['example_branch_python_operator_decorator']) retrieved from /home/varun/miniconda3/envs/python38/lib/python3.8/site-packages/airflow/example_dags/example_branch_operator_decorator.py
[2025-09-03T19:55:23.472+0200] {logging_mixin.py:137} INFO - [2025-09-03T19:55:23.472+0200] {dag.py:2705} INFO - Sync 1 DAGs
[2025-09-03T19:55:23.500+0200] {logging_mixin.py:137} INFO - [2025-09-03T19:55:23.500+0200] {dag.py:3452} INFO - Setting next_dagrun for example_branch_python_operator_decorator to 2025-09-02T00:00:00+00:00, run_after=2025-09-03T00:00:00+00:00
[2025-09-03T19:55:23.549+0200] {processor.py:175} INFO - Processing /home/varun/miniconda3/envs/python38/lib/python3.8/site-packages/airflow/example_dags/example_branch_operator_decorator.py took 0.290 seconds
[2025-09-03T19:56:25.252+0200] {processor.py:153} INFO - Started process (PID=3896) to work on /home/varun/miniconda3/envs/python38/lib/python3.8/site-packages/airflow/example_dags/example_branch_operator_decorator.py
[2025-09-03T19:56:25.254+0200] {processor.py:743} INFO - Processing file /home/varun/miniconda3/envs/python38/lib/python3.8/site-packages/airflow/example_dags/example_branch_operator_decorator.py for tasks to queue
[2025-09-03T19:56:25.254+0200] {logging_mixin.py:137} INFO - [2025-09-03T19:56:25.254+0200] {dagbag.py:532} INFO - Filling up the DagBag from /home/varun/miniconda3/envs/python38/lib/python3.8/site-packages/airflow/example_dags/example_branch_operator_decorator.py
[2025-09-03T19:56:25.380+0200] {processor.py:753} INFO - DAG(s) dict_keys(['example_branch_python_operator_decorator']) retrieved from /home/varun/miniconda3/envs/python38/lib/python3.8/site-packages/airflow/example_dags/example_branch_operator_decorator.py
[2025-09-03T19:56:25.396+0200] {logging_mixin.py:137} INFO - [2025-09-03T19:56:25.396+0200] {dag.py:2705} INFO - Sync 1 DAGs
[2025-09-03T19:56:25.413+0200] {logging_mixin.py:137} INFO - [2025-09-03T19:56:25.412+0200] {dag.py:3452} INFO - Setting next_dagrun for example_branch_python_operator_decorator to 2025-09-02T00:00:00+00:00, run_after=2025-09-03T00:00:00+00:00
[2025-09-03T19:56:25.436+0200] {processor.py:175} INFO - Processing /home/varun/miniconda3/envs/python38/lib/python3.8/site-packages/airflow/example_dags/example_branch_operator_decorator.py took 0.188 seconds
[2025-09-03T19:57:17.778+0200] {processor.py:153} INFO - Started process (PID=3943) to work on /home/varun/miniconda3/envs/python38/lib/python3.8/site-packages/airflow/example_dags/example_branch_operator_decorator.py
[2025-09-03T19:57:17.779+0200] {processor.py:743} INFO - Processing file /home/varun/miniconda3/envs/python38/lib/python3.8/site-packages/airflow/example_dags/example_branch_operator_decorator.py for tasks to queue
[2025-09-03T19:57:17.780+0200] {logging_mixin.py:137} INFO - [2025-09-03T19:57:17.780+0200] {dagbag.py:532} INFO - Filling up the DagBag from /home/varun/miniconda3/envs/python38/lib/python3.8/site-packages/airflow/example_dags/example_branch_operator_decorator.py
[2025-09-03T19:57:17.809+0200] {processor.py:753} INFO - DAG(s) dict_keys(['example_branch_python_operator_decorator']) retrieved from /home/varun/miniconda3/envs/python38/lib/python3.8/site-packages/airflow/example_dags/example_branch_operator_decorator.py
[2025-09-03T19:57:17.833+0200] {logging_mixin.py:137} INFO - [2025-09-03T19:57:17.833+0200] {dag.py:2705} INFO - Sync 1 DAGs
[2025-09-03T19:57:17.855+0200] {logging_mixin.py:137} INFO - [2025-09-03T19:57:17.855+0200] {dag.py:3452} INFO - Setting next_dagrun for example_branch_python_operator_decorator to 2025-09-02T00:00:00+00:00, run_after=2025-09-03T00:00:00+00:00
[2025-09-03T19:57:17.882+0200] {processor.py:175} INFO - Processing /home/varun/miniconda3/envs/python38/lib/python3.8/site-packages/airflow/example_dags/example_branch_operator_decorator.py took 0.109 seconds
[2025-09-03T19:58:09.132+0200] {processor.py:153} INFO - Started process (PID=3985) to work on /home/varun/miniconda3/envs/python38/lib/python3.8/site-packages/airflow/example_dags/example_branch_operator_decorator.py
[2025-09-03T19:58:09.134+0200] {processor.py:743} INFO - Processing file /home/varun/miniconda3/envs/python38/lib/python3.8/site-packages/airflow/example_dags/example_branch_operator_decorator.py for tasks to queue
[2025-09-03T19:58:09.135+0200] {logging_mixin.py:137} INFO - [2025-09-03T19:58:09.135+0200] {dagbag.py:532} INFO - Filling up the DagBag from /home/varun/miniconda3/envs/python38/lib/python3.8/site-packages/airflow/example_dags/example_branch_operator_decorator.py
[2025-09-03T19:58:09.164+0200] {processor.py:753} INFO - DAG(s) dict_keys(['example_branch_python_operator_decorator']) retrieved from /home/varun/miniconda3/envs/python38/lib/python3.8/site-packages/airflow/example_dags/example_branch_operator_decorator.py
[2025-09-03T19:58:09.190+0200] {logging_mixin.py:137} INFO - [2025-09-03T19:58:09.190+0200] {dag.py:2705} INFO - Sync 1 DAGs
[2025-09-03T19:58:09.216+0200] {logging_mixin.py:137} INFO - [2025-09-03T19:58:09.216+0200] {dag.py:3452} INFO - Setting next_dagrun for example_branch_python_operator_decorator to 2025-09-02T00:00:00+00:00, run_after=2025-09-03T00:00:00+00:00
[2025-09-03T19:58:09.244+0200] {processor.py:175} INFO - Processing /home/varun/miniconda3/envs/python38/lib/python3.8/site-packages/airflow/example_dags/example_branch_operator_decorator.py took 0.116 seconds
[2025-09-03T20:01:13.387+0200] {processor.py:153} INFO - Started process (PID=4059) to work on /home/varun/miniconda3/envs/python38/lib/python3.8/site-packages/airflow/example_dags/example_branch_operator_decorator.py
[2025-09-03T20:01:13.389+0200] {processor.py:743} INFO - Processing file /home/varun/miniconda3/envs/python38/lib/python3.8/site-packages/airflow/example_dags/example_branch_operator_decorator.py for tasks to queue
[2025-09-03T20:01:13.390+0200] {logging_mixin.py:137} INFO - [2025-09-03T20:01:13.390+0200] {dagbag.py:532} INFO - Filling up the DagBag from /home/varun/miniconda3/envs/python38/lib/python3.8/site-packages/airflow/example_dags/example_branch_operator_decorator.py
[2025-09-03T20:01:13.428+0200] {processor.py:753} INFO - DAG(s) dict_keys(['example_branch_python_operator_decorator']) retrieved from /home/varun/miniconda3/envs/python38/lib/python3.8/site-packages/airflow/example_dags/example_branch_operator_decorator.py
[2025-09-03T20:01:13.453+0200] {logging_mixin.py:137} INFO - [2025-09-03T20:01:13.453+0200] {dag.py:2705} INFO - Sync 1 DAGs
[2025-09-03T20:01:13.478+0200] {logging_mixin.py:137} INFO - [2025-09-03T20:01:13.478+0200] {dag.py:3452} INFO - Setting next_dagrun for example_branch_python_operator_decorator to 2025-09-02T00:00:00+00:00, run_after=2025-09-03T00:00:00+00:00
[2025-09-03T20:01:13.514+0200] {processor.py:175} INFO - Processing /home/varun/miniconda3/envs/python38/lib/python3.8/site-packages/airflow/example_dags/example_branch_operator_decorator.py took 0.130 seconds
[2025-09-03T20:01:59.195+0200] {processor.py:153} INFO - Started process (PID=4103) to work on /home/varun/miniconda3/envs/python38/lib/python3.8/site-packages/airflow/example_dags/example_branch_operator_decorator.py
[2025-09-03T20:01:59.196+0200] {processor.py:743} INFO - Processing file /home/varun/miniconda3/envs/python38/lib/python3.8/site-packages/airflow/example_dags/example_branch_operator_decorator.py for tasks to queue
[2025-09-03T20:01:59.196+0200] {logging_mixin.py:137} INFO - [2025-09-03T20:01:59.196+0200] {dagbag.py:532} INFO - Filling up the DagBag from /home/varun/miniconda3/envs/python38/lib/python3.8/site-packages/airflow/example_dags/example_branch_operator_decorator.py
[2025-09-03T20:01:59.217+0200] {processor.py:753} INFO - DAG(s) dict_keys(['example_branch_python_operator_decorator']) retrieved from /home/varun/miniconda3/envs/python38/lib/python3.8/site-packages/airflow/example_dags/example_branch_operator_decorator.py
[2025-09-03T20:01:59.235+0200] {logging_mixin.py:137} INFO - [2025-09-03T20:01:59.235+0200] {dag.py:2705} INFO - Sync 1 DAGs
[2025-09-03T20:01:59.254+0200] {logging_mixin.py:137} INFO - [2025-09-03T20:01:59.253+0200] {dag.py:3452} INFO - Setting next_dagrun for example_branch_python_operator_decorator to 2025-09-02T00:00:00+00:00, run_after=2025-09-03T00:00:00+00:00
[2025-09-03T20:01:59.277+0200] {processor.py:175} INFO - Processing /home/varun/miniconda3/envs/python38/lib/python3.8/site-packages/airflow/example_dags/example_branch_operator_decorator.py took 0.085 seconds
[2025-09-03T20:02:48.839+0200] {processor.py:153} INFO - Started process (PID=4145) to work on /home/varun/miniconda3/envs/python38/lib/python3.8/site-packages/airflow/example_dags/example_branch_operator_decorator.py
[2025-09-03T20:02:48.841+0200] {processor.py:743} INFO - Processing file /home/varun/miniconda3/envs/python38/lib/python3.8/site-packages/airflow/example_dags/example_branch_operator_decorator.py for tasks to queue
[2025-09-03T20:02:48.842+0200] {logging_mixin.py:137} INFO - [2025-09-03T20:02:48.841+0200] {dagbag.py:532} INFO - Filling up the DagBag from /home/varun/miniconda3/envs/python38/lib/python3.8/site-packages/airflow/example_dags/example_branch_operator_decorator.py
[2025-09-03T20:02:48.866+0200] {processor.py:753} INFO - DAG(s) dict_keys(['example_branch_python_operator_decorator']) retrieved from /home/varun/miniconda3/envs/python38/lib/python3.8/site-packages/airflow/example_dags/example_branch_operator_decorator.py
[2025-09-03T20:02:48.886+0200] {logging_mixin.py:137} INFO - [2025-09-03T20:02:48.886+0200] {dag.py:2705} INFO - Sync 1 DAGs
[2025-09-03T20:02:48.906+0200] {logging_mixin.py:137} INFO - [2025-09-03T20:02:48.906+0200] {dag.py:3452} INFO - Setting next_dagrun for example_branch_python_operator_decorator to 2025-09-02T00:00:00+00:00, run_after=2025-09-03T00:00:00+00:00
[2025-09-03T20:02:48.932+0200] {processor.py:175} INFO - Processing /home/varun/miniconda3/envs/python38/lib/python3.8/site-packages/airflow/example_dags/example_branch_operator_decorator.py took 0.096 seconds
[2025-09-03T20:03:36.490+0200] {processor.py:153} INFO - Started process (PID=4187) to work on /home/varun/miniconda3/envs/python38/lib/python3.8/site-packages/airflow/example_dags/example_branch_operator_decorator.py
[2025-09-03T20:03:36.491+0200] {processor.py:743} INFO - Processing file /home/varun/miniconda3/envs/python38/lib/python3.8/site-packages/airflow/example_dags/example_branch_operator_decorator.py for tasks to queue
[2025-09-03T20:03:36.492+0200] {logging_mixin.py:137} INFO - [2025-09-03T20:03:36.492+0200] {dagbag.py:532} INFO - Filling up the DagBag from /home/varun/miniconda3/envs/python38/lib/python3.8/site-packages/airflow/example_dags/example_branch_operator_decorator.py
[2025-09-03T20:03:36.515+0200] {processor.py:753} INFO - DAG(s) dict_keys(['example_branch_python_operator_decorator']) retrieved from /home/varun/miniconda3/envs/python38/lib/python3.8/site-packages/airflow/example_dags/example_branch_operator_decorator.py
[2025-09-03T20:03:36.534+0200] {logging_mixin.py:137} INFO - [2025-09-03T20:03:36.534+0200] {dag.py:2705} INFO - Sync 1 DAGs
[2025-09-03T20:03:36.552+0200] {logging_mixin.py:137} INFO - [2025-09-03T20:03:36.551+0200] {dag.py:3452} INFO - Setting next_dagrun for example_branch_python_operator_decorator to 2025-09-02T00:00:00+00:00, run_after=2025-09-03T00:00:00+00:00
[2025-09-03T20:03:36.574+0200] {processor.py:175} INFO - Processing /home/varun/miniconda3/envs/python38/lib/python3.8/site-packages/airflow/example_dags/example_branch_operator_decorator.py took 0.087 seconds
[2025-09-03T20:04:22.982+0200] {processor.py:153} INFO - Started process (PID=4229) to work on /home/varun/miniconda3/envs/python38/lib/python3.8/site-packages/airflow/example_dags/example_branch_operator_decorator.py
[2025-09-03T20:04:22.984+0200] {processor.py:743} INFO - Processing file /home/varun/miniconda3/envs/python38/lib/python3.8/site-packages/airflow/example_dags/example_branch_operator_decorator.py for tasks to queue
[2025-09-03T20:04:22.985+0200] {logging_mixin.py:137} INFO - [2025-09-03T20:04:22.985+0200] {dagbag.py:532} INFO - Filling up the DagBag from /home/varun/miniconda3/envs/python38/lib/python3.8/site-packages/airflow/example_dags/example_branch_operator_decorator.py
[2025-09-03T20:04:23.010+0200] {processor.py:753} INFO - DAG(s) dict_keys(['example_branch_python_operator_decorator']) retrieved from /home/varun/miniconda3/envs/python38/lib/python3.8/site-packages/airflow/example_dags/example_branch_operator_decorator.py
[2025-09-03T20:04:23.044+0200] {logging_mixin.py:137} INFO - [2025-09-03T20:04:23.043+0200] {dag.py:2705} INFO - Sync 1 DAGs
[2025-09-03T20:04:23.072+0200] {logging_mixin.py:137} INFO - [2025-09-03T20:04:23.072+0200] {dag.py:3452} INFO - Setting next_dagrun for example_branch_python_operator_decorator to 2025-09-02T00:00:00+00:00, run_after=2025-09-03T00:00:00+00:00
[2025-09-03T20:04:23.109+0200] {processor.py:175} INFO - Processing /home/varun/miniconda3/envs/python38/lib/python3.8/site-packages/airflow/example_dags/example_branch_operator_decorator.py took 0.130 seconds
[2025-09-03T20:05:22.844+0200] {processor.py:153} INFO - Started process (PID=4286) to work on /home/varun/miniconda3/envs/python38/lib/python3.8/site-packages/airflow/example_dags/example_branch_operator_decorator.py
[2025-09-03T20:05:22.845+0200] {processor.py:743} INFO - Processing file /home/varun/miniconda3/envs/python38/lib/python3.8/site-packages/airflow/example_dags/example_branch_operator_decorator.py for tasks to queue
[2025-09-03T20:05:22.846+0200] {logging_mixin.py:137} INFO - [2025-09-03T20:05:22.846+0200] {dagbag.py:532} INFO - Filling up the DagBag from /home/varun/miniconda3/envs/python38/lib/python3.8/site-packages/airflow/example_dags/example_branch_operator_decorator.py
[2025-09-03T20:05:22.876+0200] {processor.py:753} INFO - DAG(s) dict_keys(['example_branch_python_operator_decorator']) retrieved from /home/varun/miniconda3/envs/python38/lib/python3.8/site-packages/airflow/example_dags/example_branch_operator_decorator.py
[2025-09-03T20:05:22.976+0200] {logging_mixin.py:137} INFO - [2025-09-03T20:05:22.976+0200] {manager.py:504} INFO - Created Permission View: can delete on DAG:example_branch_python_operator_decorator
[2025-09-03T20:05:22.988+0200] {logging_mixin.py:137} INFO - [2025-09-03T20:05:22.988+0200] {manager.py:504} INFO - Created Permission View: can read on DAG:example_branch_python_operator_decorator
[2025-09-03T20:05:22.998+0200] {logging_mixin.py:137} INFO - [2025-09-03T20:05:22.998+0200] {manager.py:504} INFO - Created Permission View: can edit on DAG:example_branch_python_operator_decorator
[2025-09-03T20:05:22.998+0200] {logging_mixin.py:137} INFO - [2025-09-03T20:05:22.998+0200] {dag.py:2705} INFO - Sync 1 DAGs
[2025-09-03T20:05:23.007+0200] {logging_mixin.py:137} INFO - [2025-09-03T20:05:23.007+0200] {dag.py:2726} INFO - Creating ORM DAG for example_branch_python_operator_decorator
[2025-09-03T20:05:23.016+0200] {logging_mixin.py:137} INFO - [2025-09-03T20:05:23.016+0200] {dag.py:3452} INFO - Setting next_dagrun for example_branch_python_operator_decorator to 2025-09-02T00:00:00+00:00, run_after=2025-09-03T00:00:00+00:00
[2025-09-03T20:05:23.038+0200] {processor.py:175} INFO - Processing /home/varun/miniconda3/envs/python38/lib/python3.8/site-packages/airflow/example_dags/example_branch_operator_decorator.py took 0.198 seconds
[2025-09-03T20:06:12.080+0200] {processor.py:153} INFO - Started process (PID=4332) to work on /home/varun/miniconda3/envs/python38/lib/python3.8/site-packages/airflow/example_dags/example_branch_operator_decorator.py
[2025-09-03T20:06:12.082+0200] {processor.py:743} INFO - Processing file /home/varun/miniconda3/envs/python38/lib/python3.8/site-packages/airflow/example_dags/example_branch_operator_decorator.py for tasks to queue
[2025-09-03T20:06:12.083+0200] {logging_mixin.py:137} INFO - [2025-09-03T20:06:12.083+0200] {dagbag.py:532} INFO - Filling up the DagBag from /home/varun/miniconda3/envs/python38/lib/python3.8/site-packages/airflow/example_dags/example_branch_operator_decorator.py
[2025-09-03T20:06:12.104+0200] {processor.py:753} INFO - DAG(s) dict_keys(['example_branch_python_operator_decorator']) retrieved from /home/varun/miniconda3/envs/python38/lib/python3.8/site-packages/airflow/example_dags/example_branch_operator_decorator.py
[2025-09-03T20:06:12.128+0200] {logging_mixin.py:137} INFO - [2025-09-03T20:06:12.128+0200] {dag.py:2705} INFO - Sync 1 DAGs
[2025-09-03T20:06:12.148+0200] {logging_mixin.py:137} INFO - [2025-09-03T20:06:12.148+0200] {dag.py:3452} INFO - Setting next_dagrun for example_branch_python_operator_decorator to 2025-09-02T00:00:00+00:00, run_after=2025-09-03T00:00:00+00:00
[2025-09-03T20:06:12.172+0200] {processor.py:175} INFO - Processing /home/varun/miniconda3/envs/python38/lib/python3.8/site-packages/airflow/example_dags/example_branch_operator_decorator.py took 0.096 seconds
[2025-09-03T20:07:02.140+0200] {processor.py:153} INFO - Started process (PID=4387) to work on /home/varun/miniconda3/envs/python38/lib/python3.8/site-packages/airflow/example_dags/example_branch_operator_decorator.py
[2025-09-03T20:07:02.141+0200] {processor.py:743} INFO - Processing file /home/varun/miniconda3/envs/python38/lib/python3.8/site-packages/airflow/example_dags/example_branch_operator_decorator.py for tasks to queue
[2025-09-03T20:07:02.142+0200] {logging_mixin.py:137} INFO - [2025-09-03T20:07:02.142+0200] {dagbag.py:532} INFO - Filling up the DagBag from /home/varun/miniconda3/envs/python38/lib/python3.8/site-packages/airflow/example_dags/example_branch_operator_decorator.py
[2025-09-03T20:07:02.167+0200] {processor.py:753} INFO - DAG(s) dict_keys(['example_branch_python_operator_decorator']) retrieved from /home/varun/miniconda3/envs/python38/lib/python3.8/site-packages/airflow/example_dags/example_branch_operator_decorator.py
[2025-09-03T20:07:02.186+0200] {logging_mixin.py:137} INFO - [2025-09-03T20:07:02.186+0200] {dag.py:2705} INFO - Sync 1 DAGs
[2025-09-03T20:07:02.206+0200] {logging_mixin.py:137} INFO - [2025-09-03T20:07:02.205+0200] {dag.py:3452} INFO - Setting next_dagrun for example_branch_python_operator_decorator to 2025-09-02T00:00:00+00:00, run_after=2025-09-03T00:00:00+00:00
[2025-09-03T20:07:02.230+0200] {processor.py:175} INFO - Processing /home/varun/miniconda3/envs/python38/lib/python3.8/site-packages/airflow/example_dags/example_branch_operator_decorator.py took 0.094 seconds
[2025-09-03T20:07:48.362+0200] {processor.py:153} INFO - Started process (PID=4442) to work on /home/varun/miniconda3/envs/python38/lib/python3.8/site-packages/airflow/example_dags/example_branch_operator_decorator.py
[2025-09-03T20:07:48.363+0200] {processor.py:743} INFO - Processing file /home/varun/miniconda3/envs/python38/lib/python3.8/site-packages/airflow/example_dags/example_branch_operator_decorator.py for tasks to queue
[2025-09-03T20:07:48.364+0200] {logging_mixin.py:137} INFO - [2025-09-03T20:07:48.364+0200] {dagbag.py:532} INFO - Filling up the DagBag from /home/varun/miniconda3/envs/python38/lib/python3.8/site-packages/airflow/example_dags/example_branch_operator_decorator.py
[2025-09-03T20:07:48.388+0200] {processor.py:753} INFO - DAG(s) dict_keys(['example_branch_python_operator_decorator']) retrieved from /home/varun/miniconda3/envs/python38/lib/python3.8/site-packages/airflow/example_dags/example_branch_operator_decorator.py
[2025-09-03T20:07:48.409+0200] {logging_mixin.py:137} INFO - [2025-09-03T20:07:48.409+0200] {dag.py:2705} INFO - Sync 1 DAGs
[2025-09-03T20:07:48.429+0200] {logging_mixin.py:137} INFO - [2025-09-03T20:07:48.429+0200] {dag.py:3452} INFO - Setting next_dagrun for example_branch_python_operator_decorator to 2025-09-02T00:00:00+00:00, run_after=2025-09-03T00:00:00+00:00
[2025-09-03T20:07:48.453+0200] {processor.py:175} INFO - Processing /home/varun/miniconda3/envs/python38/lib/python3.8/site-packages/airflow/example_dags/example_branch_operator_decorator.py took 0.094 seconds
[2025-09-03T20:09:56.780+0200] {processor.py:153} INFO - Started process (PID=4543) to work on /home/varun/miniconda3/envs/python38/lib/python3.8/site-packages/airflow/example_dags/example_branch_operator_decorator.py
[2025-09-03T20:09:56.781+0200] {processor.py:743} INFO - Processing file /home/varun/miniconda3/envs/python38/lib/python3.8/site-packages/airflow/example_dags/example_branch_operator_decorator.py for tasks to queue
[2025-09-03T20:09:56.782+0200] {logging_mixin.py:137} INFO - [2025-09-03T20:09:56.782+0200] {dagbag.py:532} INFO - Filling up the DagBag from /home/varun/miniconda3/envs/python38/lib/python3.8/site-packages/airflow/example_dags/example_branch_operator_decorator.py
[2025-09-03T20:09:56.820+0200] {processor.py:753} INFO - DAG(s) dict_keys(['example_branch_python_operator_decorator']) retrieved from /home/varun/miniconda3/envs/python38/lib/python3.8/site-packages/airflow/example_dags/example_branch_operator_decorator.py
[2025-09-03T20:09:56.845+0200] {logging_mixin.py:137} INFO - [2025-09-03T20:09:56.845+0200] {dag.py:2705} INFO - Sync 1 DAGs
[2025-09-03T20:09:56.871+0200] {logging_mixin.py:137} INFO - [2025-09-03T20:09:56.870+0200] {dag.py:3452} INFO - Setting next_dagrun for example_branch_python_operator_decorator to 2025-09-02T00:00:00+00:00, run_after=2025-09-03T00:00:00+00:00
[2025-09-03T20:09:56.900+0200] {processor.py:175} INFO - Processing /home/varun/miniconda3/envs/python38/lib/python3.8/site-packages/airflow/example_dags/example_branch_operator_decorator.py took 0.125 seconds
[2025-09-03T20:10:41.512+0200] {processor.py:153} INFO - Started process (PID=4585) to work on /home/varun/miniconda3/envs/python38/lib/python3.8/site-packages/airflow/example_dags/example_branch_operator_decorator.py
[2025-09-03T20:10:41.513+0200] {processor.py:743} INFO - Processing file /home/varun/miniconda3/envs/python38/lib/python3.8/site-packages/airflow/example_dags/example_branch_operator_decorator.py for tasks to queue
[2025-09-03T20:10:41.514+0200] {logging_mixin.py:137} INFO - [2025-09-03T20:10:41.514+0200] {dagbag.py:532} INFO - Filling up the DagBag from /home/varun/miniconda3/envs/python38/lib/python3.8/site-packages/airflow/example_dags/example_branch_operator_decorator.py
[2025-09-03T20:10:41.535+0200] {processor.py:753} INFO - DAG(s) dict_keys(['example_branch_python_operator_decorator']) retrieved from /home/varun/miniconda3/envs/python38/lib/python3.8/site-packages/airflow/example_dags/example_branch_operator_decorator.py
[2025-09-03T20:10:41.557+0200] {logging_mixin.py:137} INFO - [2025-09-03T20:10:41.557+0200] {dag.py:2705} INFO - Sync 1 DAGs
[2025-09-03T20:10:41.577+0200] {logging_mixin.py:137} INFO - [2025-09-03T20:10:41.577+0200] {dag.py:3452} INFO - Setting next_dagrun for example_branch_python_operator_decorator to 2025-09-02T00:00:00+00:00, run_after=2025-09-03T00:00:00+00:00
[2025-09-03T20:10:41.602+0200] {processor.py:175} INFO - Processing /home/varun/miniconda3/envs/python38/lib/python3.8/site-packages/airflow/example_dags/example_branch_operator_decorator.py took 0.093 seconds
[2025-09-03T20:11:26.657+0200] {processor.py:153} INFO - Started process (PID=4627) to work on /home/varun/miniconda3/envs/python38/lib/python3.8/site-packages/airflow/example_dags/example_branch_operator_decorator.py
[2025-09-03T20:11:26.660+0200] {processor.py:743} INFO - Processing file /home/varun/miniconda3/envs/python38/lib/python3.8/site-packages/airflow/example_dags/example_branch_operator_decorator.py for tasks to queue
[2025-09-03T20:11:26.662+0200] {logging_mixin.py:137} INFO - [2025-09-03T20:11:26.662+0200] {dagbag.py:532} INFO - Filling up the DagBag from /home/varun/miniconda3/envs/python38/lib/python3.8/site-packages/airflow/example_dags/example_branch_operator_decorator.py
[2025-09-03T20:11:26.692+0200] {processor.py:753} INFO - DAG(s) dict_keys(['example_branch_python_operator_decorator']) retrieved from /home/varun/miniconda3/envs/python38/lib/python3.8/site-packages/airflow/example_dags/example_branch_operator_decorator.py
[2025-09-03T20:11:26.711+0200] {logging_mixin.py:137} INFO - [2025-09-03T20:11:26.711+0200] {dag.py:2705} INFO - Sync 1 DAGs
[2025-09-03T20:11:26.732+0200] {logging_mixin.py:137} INFO - [2025-09-03T20:11:26.732+0200] {dag.py:3452} INFO - Setting next_dagrun for example_branch_python_operator_decorator to 2025-09-02T00:00:00+00:00, run_after=2025-09-03T00:00:00+00:00
[2025-09-03T20:11:26.759+0200] {processor.py:175} INFO - Processing /home/varun/miniconda3/envs/python38/lib/python3.8/site-packages/airflow/example_dags/example_branch_operator_decorator.py took 0.105 seconds
[2025-09-03T20:12:10.735+0200] {processor.py:153} INFO - Started process (PID=4669) to work on /home/varun/miniconda3/envs/python38/lib/python3.8/site-packages/airflow/example_dags/example_branch_operator_decorator.py
[2025-09-03T20:12:10.737+0200] {processor.py:743} INFO - Processing file /home/varun/miniconda3/envs/python38/lib/python3.8/site-packages/airflow/example_dags/example_branch_operator_decorator.py for tasks to queue
[2025-09-03T20:12:10.738+0200] {logging_mixin.py:137} INFO - [2025-09-03T20:12:10.738+0200] {dagbag.py:532} INFO - Filling up the DagBag from /home/varun/miniconda3/envs/python38/lib/python3.8/site-packages/airflow/example_dags/example_branch_operator_decorator.py
[2025-09-03T20:12:10.766+0200] {processor.py:753} INFO - DAG(s) dict_keys(['example_branch_python_operator_decorator']) retrieved from /home/varun/miniconda3/envs/python38/lib/python3.8/site-packages/airflow/example_dags/example_branch_operator_decorator.py
[2025-09-03T20:12:10.791+0200] {logging_mixin.py:137} INFO - [2025-09-03T20:12:10.791+0200] {dag.py:2705} INFO - Sync 1 DAGs
[2025-09-03T20:12:10.815+0200] {logging_mixin.py:137} INFO - [2025-09-03T20:12:10.815+0200] {dag.py:3452} INFO - Setting next_dagrun for example_branch_python_operator_decorator to 2025-09-02T00:00:00+00:00, run_after=2025-09-03T00:00:00+00:00
[2025-09-03T20:12:10.843+0200] {processor.py:175} INFO - Processing /home/varun/miniconda3/envs/python38/lib/python3.8/site-packages/airflow/example_dags/example_branch_operator_decorator.py took 0.112 seconds
[2025-09-03T20:13:01.869+0200] {processor.py:153} INFO - Started process (PID=4712) to work on /home/varun/miniconda3/envs/python38/lib/python3.8/site-packages/airflow/example_dags/example_branch_operator_decorator.py
[2025-09-03T20:13:01.871+0200] {processor.py:743} INFO - Processing file /home/varun/miniconda3/envs/python38/lib/python3.8/site-packages/airflow/example_dags/example_branch_operator_decorator.py for tasks to queue
[2025-09-03T20:13:01.871+0200] {logging_mixin.py:137} INFO - [2025-09-03T20:13:01.871+0200] {dagbag.py:532} INFO - Filling up the DagBag from /home/varun/miniconda3/envs/python38/lib/python3.8/site-packages/airflow/example_dags/example_branch_operator_decorator.py
[2025-09-03T20:13:01.895+0200] {processor.py:753} INFO - DAG(s) dict_keys(['example_branch_python_operator_decorator']) retrieved from /home/varun/miniconda3/envs/python38/lib/python3.8/site-packages/airflow/example_dags/example_branch_operator_decorator.py
[2025-09-03T20:13:01.915+0200] {logging_mixin.py:137} INFO - [2025-09-03T20:13:01.915+0200] {dag.py:2705} INFO - Sync 1 DAGs
[2025-09-03T20:13:01.930+0200] {logging_mixin.py:137} INFO - [2025-09-03T20:13:01.930+0200] {dag.py:3452} INFO - Setting next_dagrun for example_branch_python_operator_decorator to 2025-09-02T00:00:00+00:00, run_after=2025-09-03T00:00:00+00:00
[2025-09-03T20:13:01.949+0200] {processor.py:175} INFO - Processing /home/varun/miniconda3/envs/python38/lib/python3.8/site-packages/airflow/example_dags/example_branch_operator_decorator.py took 0.083 seconds
[2025-09-03T20:13:47.391+0200] {processor.py:153} INFO - Started process (PID=4754) to work on /home/varun/miniconda3/envs/python38/lib/python3.8/site-packages/airflow/example_dags/example_branch_operator_decorator.py
[2025-09-03T20:13:47.393+0200] {processor.py:743} INFO - Processing file /home/varun/miniconda3/envs/python38/lib/python3.8/site-packages/airflow/example_dags/example_branch_operator_decorator.py for tasks to queue
[2025-09-03T20:13:47.393+0200] {logging_mixin.py:137} INFO - [2025-09-03T20:13:47.393+0200] {dagbag.py:532} INFO - Filling up the DagBag from /home/varun/miniconda3/envs/python38/lib/python3.8/site-packages/airflow/example_dags/example_branch_operator_decorator.py
[2025-09-03T20:13:47.417+0200] {processor.py:753} INFO - DAG(s) dict_keys(['example_branch_python_operator_decorator']) retrieved from /home/varun/miniconda3/envs/python38/lib/python3.8/site-packages/airflow/example_dags/example_branch_operator_decorator.py
[2025-09-03T20:13:47.437+0200] {logging_mixin.py:137} INFO - [2025-09-03T20:13:47.437+0200] {dag.py:2705} INFO - Sync 1 DAGs
[2025-09-03T20:13:47.456+0200] {logging_mixin.py:137} INFO - [2025-09-03T20:13:47.455+0200] {dag.py:3452} INFO - Setting next_dagrun for example_branch_python_operator_decorator to 2025-09-02T00:00:00+00:00, run_after=2025-09-03T00:00:00+00:00
[2025-09-03T20:13:47.477+0200] {processor.py:175} INFO - Processing /home/varun/miniconda3/envs/python38/lib/python3.8/site-packages/airflow/example_dags/example_branch_operator_decorator.py took 0.089 seconds
[2025-09-03T20:14:31.323+0200] {processor.py:153} INFO - Started process (PID=4796) to work on /home/varun/miniconda3/envs/python38/lib/python3.8/site-packages/airflow/example_dags/example_branch_operator_decorator.py
[2025-09-03T20:14:31.324+0200] {processor.py:743} INFO - Processing file /home/varun/miniconda3/envs/python38/lib/python3.8/site-packages/airflow/example_dags/example_branch_operator_decorator.py for tasks to queue
[2025-09-03T20:14:31.325+0200] {logging_mixin.py:137} INFO - [2025-09-03T20:14:31.325+0200] {dagbag.py:532} INFO - Filling up the DagBag from /home/varun/miniconda3/envs/python38/lib/python3.8/site-packages/airflow/example_dags/example_branch_operator_decorator.py
[2025-09-03T20:14:31.346+0200] {processor.py:753} INFO - DAG(s) dict_keys(['example_branch_python_operator_decorator']) retrieved from /home/varun/miniconda3/envs/python38/lib/python3.8/site-packages/airflow/example_dags/example_branch_operator_decorator.py
[2025-09-03T20:14:31.367+0200] {logging_mixin.py:137} INFO - [2025-09-03T20:14:31.367+0200] {dag.py:2705} INFO - Sync 1 DAGs
[2025-09-03T20:14:31.386+0200] {logging_mixin.py:137} INFO - [2025-09-03T20:14:31.386+0200] {dag.py:3452} INFO - Setting next_dagrun for example_branch_python_operator_decorator to 2025-09-02T00:00:00+00:00, run_after=2025-09-03T00:00:00+00:00
[2025-09-03T20:14:31.420+0200] {processor.py:175} INFO - Processing /home/varun/miniconda3/envs/python38/lib/python3.8/site-packages/airflow/example_dags/example_branch_operator_decorator.py took 0.100 seconds
[2025-09-03T20:15:14.179+0200] {processor.py:153} INFO - Started process (PID=4838) to work on /home/varun/miniconda3/envs/python38/lib/python3.8/site-packages/airflow/example_dags/example_branch_operator_decorator.py
[2025-09-03T20:15:14.181+0200] {processor.py:743} INFO - Processing file /home/varun/miniconda3/envs/python38/lib/python3.8/site-packages/airflow/example_dags/example_branch_operator_decorator.py for tasks to queue
[2025-09-03T20:15:14.182+0200] {logging_mixin.py:137} INFO - [2025-09-03T20:15:14.182+0200] {dagbag.py:532} INFO - Filling up the DagBag from /home/varun/miniconda3/envs/python38/lib/python3.8/site-packages/airflow/example_dags/example_branch_operator_decorator.py
[2025-09-03T20:15:14.202+0200] {processor.py:753} INFO - DAG(s) dict_keys(['example_branch_python_operator_decorator']) retrieved from /home/varun/miniconda3/envs/python38/lib/python3.8/site-packages/airflow/example_dags/example_branch_operator_decorator.py
[2025-09-03T20:15:14.220+0200] {logging_mixin.py:137} INFO - [2025-09-03T20:15:14.220+0200] {dag.py:2705} INFO - Sync 1 DAGs
[2025-09-03T20:15:14.235+0200] {logging_mixin.py:137} INFO - [2025-09-03T20:15:14.235+0200] {dag.py:3452} INFO - Setting next_dagrun for example_branch_python_operator_decorator to 2025-09-02T00:00:00+00:00, run_after=2025-09-03T00:00:00+00:00
[2025-09-03T20:15:14.254+0200] {processor.py:175} INFO - Processing /home/varun/miniconda3/envs/python38/lib/python3.8/site-packages/airflow/example_dags/example_branch_operator_decorator.py took 0.078 seconds
[2025-09-03T20:16:03.111+0200] {processor.py:153} INFO - Started process (PID=4880) to work on /home/varun/miniconda3/envs/python38/lib/python3.8/site-packages/airflow/example_dags/example_branch_operator_decorator.py
[2025-09-03T20:16:03.112+0200] {processor.py:743} INFO - Processing file /home/varun/miniconda3/envs/python38/lib/python3.8/site-packages/airflow/example_dags/example_branch_operator_decorator.py for tasks to queue
[2025-09-03T20:16:03.113+0200] {logging_mixin.py:137} INFO - [2025-09-03T20:16:03.113+0200] {dagbag.py:532} INFO - Filling up the DagBag from /home/varun/miniconda3/envs/python38/lib/python3.8/site-packages/airflow/example_dags/example_branch_operator_decorator.py
[2025-09-03T20:16:03.136+0200] {processor.py:753} INFO - DAG(s) dict_keys(['example_branch_python_operator_decorator']) retrieved from /home/varun/miniconda3/envs/python38/lib/python3.8/site-packages/airflow/example_dags/example_branch_operator_decorator.py
[2025-09-03T20:16:03.160+0200] {logging_mixin.py:137} INFO - [2025-09-03T20:16:03.160+0200] {dag.py:2705} INFO - Sync 1 DAGs
[2025-09-03T20:16:03.182+0200] {logging_mixin.py:137} INFO - [2025-09-03T20:16:03.182+0200] {dag.py:3452} INFO - Setting next_dagrun for example_branch_python_operator_decorator to 2025-09-02T00:00:00+00:00, run_after=2025-09-03T00:00:00+00:00
[2025-09-03T20:16:03.207+0200] {processor.py:175} INFO - Processing /home/varun/miniconda3/envs/python38/lib/python3.8/site-packages/airflow/example_dags/example_branch_operator_decorator.py took 0.099 seconds
[2025-09-03T20:16:47.454+0200] {processor.py:153} INFO - Started process (PID=4922) to work on /home/varun/miniconda3/envs/python38/lib/python3.8/site-packages/airflow/example_dags/example_branch_operator_decorator.py
[2025-09-03T20:16:47.456+0200] {processor.py:743} INFO - Processing file /home/varun/miniconda3/envs/python38/lib/python3.8/site-packages/airflow/example_dags/example_branch_operator_decorator.py for tasks to queue
[2025-09-03T20:16:47.456+0200] {logging_mixin.py:137} INFO - [2025-09-03T20:16:47.456+0200] {dagbag.py:532} INFO - Filling up the DagBag from /home/varun/miniconda3/envs/python38/lib/python3.8/site-packages/airflow/example_dags/example_branch_operator_decorator.py
[2025-09-03T20:16:47.477+0200] {processor.py:753} INFO - DAG(s) dict_keys(['example_branch_python_operator_decorator']) retrieved from /home/varun/miniconda3/envs/python38/lib/python3.8/site-packages/airflow/example_dags/example_branch_operator_decorator.py
[2025-09-03T20:16:47.495+0200] {logging_mixin.py:137} INFO - [2025-09-03T20:16:47.495+0200] {dag.py:2705} INFO - Sync 1 DAGs
[2025-09-03T20:16:47.511+0200] {logging_mixin.py:137} INFO - [2025-09-03T20:16:47.510+0200] {dag.py:3452} INFO - Setting next_dagrun for example_branch_python_operator_decorator to 2025-09-02T00:00:00+00:00, run_after=2025-09-03T00:00:00+00:00
[2025-09-03T20:16:47.532+0200] {processor.py:175} INFO - Processing /home/varun/miniconda3/envs/python38/lib/python3.8/site-packages/airflow/example_dags/example_branch_operator_decorator.py took 0.080 seconds
[2025-09-03T20:17:32.954+0200] {processor.py:153} INFO - Started process (PID=4967) to work on /home/varun/miniconda3/envs/python38/lib/python3.8/site-packages/airflow/example_dags/example_branch_operator_decorator.py
[2025-09-03T20:17:32.955+0200] {processor.py:743} INFO - Processing file /home/varun/miniconda3/envs/python38/lib/python3.8/site-packages/airflow/example_dags/example_branch_operator_decorator.py for tasks to queue
[2025-09-03T20:17:32.956+0200] {logging_mixin.py:137} INFO - [2025-09-03T20:17:32.956+0200] {dagbag.py:532} INFO - Filling up the DagBag from /home/varun/miniconda3/envs/python38/lib/python3.8/site-packages/airflow/example_dags/example_branch_operator_decorator.py
[2025-09-03T20:17:32.977+0200] {processor.py:753} INFO - DAG(s) dict_keys(['example_branch_python_operator_decorator']) retrieved from /home/varun/miniconda3/envs/python38/lib/python3.8/site-packages/airflow/example_dags/example_branch_operator_decorator.py
[2025-09-03T20:17:32.999+0200] {logging_mixin.py:137} INFO - [2025-09-03T20:17:32.999+0200] {dag.py:2705} INFO - Sync 1 DAGs
[2025-09-03T20:17:33.020+0200] {logging_mixin.py:137} INFO - [2025-09-03T20:17:33.020+0200] {dag.py:3452} INFO - Setting next_dagrun for example_branch_python_operator_decorator to 2025-09-02T00:00:00+00:00, run_after=2025-09-03T00:00:00+00:00
[2025-09-03T20:17:33.044+0200] {processor.py:175} INFO - Processing /home/varun/miniconda3/envs/python38/lib/python3.8/site-packages/airflow/example_dags/example_branch_operator_decorator.py took 0.093 seconds
[2025-09-03T20:18:20.738+0200] {processor.py:153} INFO - Started process (PID=5010) to work on /home/varun/miniconda3/envs/python38/lib/python3.8/site-packages/airflow/example_dags/example_branch_operator_decorator.py
[2025-09-03T20:18:20.739+0200] {processor.py:743} INFO - Processing file /home/varun/miniconda3/envs/python38/lib/python3.8/site-packages/airflow/example_dags/example_branch_operator_decorator.py for tasks to queue
[2025-09-03T20:18:20.740+0200] {logging_mixin.py:137} INFO - [2025-09-03T20:18:20.740+0200] {dagbag.py:532} INFO - Filling up the DagBag from /home/varun/miniconda3/envs/python38/lib/python3.8/site-packages/airflow/example_dags/example_branch_operator_decorator.py
[2025-09-03T20:18:20.762+0200] {processor.py:753} INFO - DAG(s) dict_keys(['example_branch_python_operator_decorator']) retrieved from /home/varun/miniconda3/envs/python38/lib/python3.8/site-packages/airflow/example_dags/example_branch_operator_decorator.py
[2025-09-03T20:18:20.782+0200] {logging_mixin.py:137} INFO - [2025-09-03T20:18:20.782+0200] {dag.py:2705} INFO - Sync 1 DAGs
[2025-09-03T20:18:20.799+0200] {logging_mixin.py:137} INFO - [2025-09-03T20:18:20.799+0200] {dag.py:3452} INFO - Setting next_dagrun for example_branch_python_operator_decorator to 2025-09-02T00:00:00+00:00, run_after=2025-09-03T00:00:00+00:00
[2025-09-03T20:18:20.822+0200] {processor.py:175} INFO - Processing /home/varun/miniconda3/envs/python38/lib/python3.8/site-packages/airflow/example_dags/example_branch_operator_decorator.py took 0.087 seconds
[2025-09-03T20:19:07.894+0200] {processor.py:153} INFO - Started process (PID=5052) to work on /home/varun/miniconda3/envs/python38/lib/python3.8/site-packages/airflow/example_dags/example_branch_operator_decorator.py
[2025-09-03T20:19:07.896+0200] {processor.py:743} INFO - Processing file /home/varun/miniconda3/envs/python38/lib/python3.8/site-packages/airflow/example_dags/example_branch_operator_decorator.py for tasks to queue
[2025-09-03T20:19:07.896+0200] {logging_mixin.py:137} INFO - [2025-09-03T20:19:07.896+0200] {dagbag.py:532} INFO - Filling up the DagBag from /home/varun/miniconda3/envs/python38/lib/python3.8/site-packages/airflow/example_dags/example_branch_operator_decorator.py
[2025-09-03T20:19:07.918+0200] {processor.py:753} INFO - DAG(s) dict_keys(['example_branch_python_operator_decorator']) retrieved from /home/varun/miniconda3/envs/python38/lib/python3.8/site-packages/airflow/example_dags/example_branch_operator_decorator.py
[2025-09-03T20:19:07.937+0200] {logging_mixin.py:137} INFO - [2025-09-03T20:19:07.937+0200] {dag.py:2705} INFO - Sync 1 DAGs
[2025-09-03T20:19:07.953+0200] {logging_mixin.py:137} INFO - [2025-09-03T20:19:07.953+0200] {dag.py:3452} INFO - Setting next_dagrun for example_branch_python_operator_decorator to 2025-09-02T00:00:00+00:00, run_after=2025-09-03T00:00:00+00:00
[2025-09-03T20:19:08.081+0200] {processor.py:175} INFO - Processing /home/varun/miniconda3/envs/python38/lib/python3.8/site-packages/airflow/example_dags/example_branch_operator_decorator.py took 0.190 seconds
[2025-09-03T20:19:57.209+0200] {processor.py:153} INFO - Started process (PID=5094) to work on /home/varun/miniconda3/envs/python38/lib/python3.8/site-packages/airflow/example_dags/example_branch_operator_decorator.py
[2025-09-03T20:19:57.211+0200] {processor.py:743} INFO - Processing file /home/varun/miniconda3/envs/python38/lib/python3.8/site-packages/airflow/example_dags/example_branch_operator_decorator.py for tasks to queue
[2025-09-03T20:19:57.211+0200] {logging_mixin.py:137} INFO - [2025-09-03T20:19:57.211+0200] {dagbag.py:532} INFO - Filling up the DagBag from /home/varun/miniconda3/envs/python38/lib/python3.8/site-packages/airflow/example_dags/example_branch_operator_decorator.py
[2025-09-03T20:19:57.233+0200] {processor.py:753} INFO - DAG(s) dict_keys(['example_branch_python_operator_decorator']) retrieved from /home/varun/miniconda3/envs/python38/lib/python3.8/site-packages/airflow/example_dags/example_branch_operator_decorator.py
[2025-09-03T20:19:57.253+0200] {logging_mixin.py:137} INFO - [2025-09-03T20:19:57.253+0200] {dag.py:2705} INFO - Sync 1 DAGs
[2025-09-03T20:19:57.367+0200] {logging_mixin.py:137} INFO - [2025-09-03T20:19:57.367+0200] {dag.py:3452} INFO - Setting next_dagrun for example_branch_python_operator_decorator to 2025-09-02T00:00:00+00:00, run_after=2025-09-03T00:00:00+00:00
[2025-09-03T20:19:57.389+0200] {processor.py:175} INFO - Processing /home/varun/miniconda3/envs/python38/lib/python3.8/site-packages/airflow/example_dags/example_branch_operator_decorator.py took 0.183 seconds
[2025-09-03T20:20:51.803+0200] {processor.py:153} INFO - Started process (PID=5136) to work on /home/varun/miniconda3/envs/python38/lib/python3.8/site-packages/airflow/example_dags/example_branch_operator_decorator.py
[2025-09-03T20:20:51.804+0200] {processor.py:743} INFO - Processing file /home/varun/miniconda3/envs/python38/lib/python3.8/site-packages/airflow/example_dags/example_branch_operator_decorator.py for tasks to queue
[2025-09-03T20:20:51.805+0200] {logging_mixin.py:137} INFO - [2025-09-03T20:20:51.805+0200] {dagbag.py:532} INFO - Filling up the DagBag from /home/varun/miniconda3/envs/python38/lib/python3.8/site-packages/airflow/example_dags/example_branch_operator_decorator.py
[2025-09-03T20:20:51.824+0200] {processor.py:753} INFO - DAG(s) dict_keys(['example_branch_python_operator_decorator']) retrieved from /home/varun/miniconda3/envs/python38/lib/python3.8/site-packages/airflow/example_dags/example_branch_operator_decorator.py
[2025-09-03T20:20:51.944+0200] {logging_mixin.py:137} INFO - [2025-09-03T20:20:51.944+0200] {dag.py:2705} INFO - Sync 1 DAGs
[2025-09-03T20:20:51.958+0200] {logging_mixin.py:137} INFO - [2025-09-03T20:20:51.958+0200] {dag.py:3452} INFO - Setting next_dagrun for example_branch_python_operator_decorator to 2025-09-02T00:00:00+00:00, run_after=2025-09-03T00:00:00+00:00
[2025-09-03T20:20:51.977+0200] {processor.py:175} INFO - Processing /home/varun/miniconda3/envs/python38/lib/python3.8/site-packages/airflow/example_dags/example_branch_operator_decorator.py took 0.177 seconds
[2025-09-03T20:21:40.941+0200] {processor.py:153} INFO - Started process (PID=5178) to work on /home/varun/miniconda3/envs/python38/lib/python3.8/site-packages/airflow/example_dags/example_branch_operator_decorator.py
[2025-09-03T20:21:40.942+0200] {processor.py:743} INFO - Processing file /home/varun/miniconda3/envs/python38/lib/python3.8/site-packages/airflow/example_dags/example_branch_operator_decorator.py for tasks to queue
[2025-09-03T20:21:40.943+0200] {logging_mixin.py:137} INFO - [2025-09-03T20:21:40.942+0200] {dagbag.py:532} INFO - Filling up the DagBag from /home/varun/miniconda3/envs/python38/lib/python3.8/site-packages/airflow/example_dags/example_branch_operator_decorator.py
[2025-09-03T20:21:40.964+0200] {processor.py:753} INFO - DAG(s) dict_keys(['example_branch_python_operator_decorator']) retrieved from /home/varun/miniconda3/envs/python38/lib/python3.8/site-packages/airflow/example_dags/example_branch_operator_decorator.py
[2025-09-03T20:21:41.089+0200] {logging_mixin.py:137} INFO - [2025-09-03T20:21:41.089+0200] {dag.py:2705} INFO - Sync 1 DAGs
[2025-09-03T20:21:41.105+0200] {logging_mixin.py:137} INFO - [2025-09-03T20:21:41.105+0200] {dag.py:3452} INFO - Setting next_dagrun for example_branch_python_operator_decorator to 2025-09-02T00:00:00+00:00, run_after=2025-09-03T00:00:00+00:00
[2025-09-03T20:21:41.126+0200] {processor.py:175} INFO - Processing /home/varun/miniconda3/envs/python38/lib/python3.8/site-packages/airflow/example_dags/example_branch_operator_decorator.py took 0.188 seconds
[2025-09-03T20:22:33.349+0200] {processor.py:153} INFO - Started process (PID=5220) to work on /home/varun/miniconda3/envs/python38/lib/python3.8/site-packages/airflow/example_dags/example_branch_operator_decorator.py
[2025-09-03T20:22:33.351+0200] {processor.py:743} INFO - Processing file /home/varun/miniconda3/envs/python38/lib/python3.8/site-packages/airflow/example_dags/example_branch_operator_decorator.py for tasks to queue
[2025-09-03T20:22:33.352+0200] {logging_mixin.py:137} INFO - [2025-09-03T20:22:33.351+0200] {dagbag.py:532} INFO - Filling up the DagBag from /home/varun/miniconda3/envs/python38/lib/python3.8/site-packages/airflow/example_dags/example_branch_operator_decorator.py
[2025-09-03T20:22:33.488+0200] {processor.py:753} INFO - DAG(s) dict_keys(['example_branch_python_operator_decorator']) retrieved from /home/varun/miniconda3/envs/python38/lib/python3.8/site-packages/airflow/example_dags/example_branch_operator_decorator.py
[2025-09-03T20:22:33.507+0200] {logging_mixin.py:137} INFO - [2025-09-03T20:22:33.507+0200] {dag.py:2705} INFO - Sync 1 DAGs
[2025-09-03T20:22:33.530+0200] {logging_mixin.py:137} INFO - [2025-09-03T20:22:33.529+0200] {dag.py:3452} INFO - Setting next_dagrun for example_branch_python_operator_decorator to 2025-09-02T00:00:00+00:00, run_after=2025-09-03T00:00:00+00:00
[2025-09-03T20:22:33.561+0200] {processor.py:175} INFO - Processing /home/varun/miniconda3/envs/python38/lib/python3.8/site-packages/airflow/example_dags/example_branch_operator_decorator.py took 0.216 seconds
[2025-09-03T20:23:22.597+0200] {processor.py:153} INFO - Started process (PID=5262) to work on /home/varun/miniconda3/envs/python38/lib/python3.8/site-packages/airflow/example_dags/example_branch_operator_decorator.py
[2025-09-03T20:23:22.599+0200] {processor.py:743} INFO - Processing file /home/varun/miniconda3/envs/python38/lib/python3.8/site-packages/airflow/example_dags/example_branch_operator_decorator.py for tasks to queue
[2025-09-03T20:23:22.600+0200] {logging_mixin.py:137} INFO - [2025-09-03T20:23:22.600+0200] {dagbag.py:532} INFO - Filling up the DagBag from /home/varun/miniconda3/envs/python38/lib/python3.8/site-packages/airflow/example_dags/example_branch_operator_decorator.py
[2025-09-03T20:23:22.632+0200] {processor.py:753} INFO - DAG(s) dict_keys(['example_branch_python_operator_decorator']) retrieved from /home/varun/miniconda3/envs/python38/lib/python3.8/site-packages/airflow/example_dags/example_branch_operator_decorator.py
[2025-09-03T20:23:22.662+0200] {logging_mixin.py:137} INFO - [2025-09-03T20:23:22.662+0200] {dag.py:2705} INFO - Sync 1 DAGs
[2025-09-03T20:23:22.692+0200] {logging_mixin.py:137} INFO - [2025-09-03T20:23:22.692+0200] {dag.py:3452} INFO - Setting next_dagrun for example_branch_python_operator_decorator to 2025-09-02T00:00:00+00:00, run_after=2025-09-03T00:00:00+00:00
[2025-09-03T20:23:22.724+0200] {processor.py:175} INFO - Processing /home/varun/miniconda3/envs/python38/lib/python3.8/site-packages/airflow/example_dags/example_branch_operator_decorator.py took 0.131 seconds
[2025-09-03T20:24:07.439+0200] {processor.py:153} INFO - Started process (PID=5305) to work on /home/varun/miniconda3/envs/python38/lib/python3.8/site-packages/airflow/example_dags/example_branch_operator_decorator.py
[2025-09-03T20:24:07.440+0200] {processor.py:743} INFO - Processing file /home/varun/miniconda3/envs/python38/lib/python3.8/site-packages/airflow/example_dags/example_branch_operator_decorator.py for tasks to queue
[2025-09-03T20:24:07.441+0200] {logging_mixin.py:137} INFO - [2025-09-03T20:24:07.441+0200] {dagbag.py:532} INFO - Filling up the DagBag from /home/varun/miniconda3/envs/python38/lib/python3.8/site-packages/airflow/example_dags/example_branch_operator_decorator.py
[2025-09-03T20:24:07.462+0200] {processor.py:753} INFO - DAG(s) dict_keys(['example_branch_python_operator_decorator']) retrieved from /home/varun/miniconda3/envs/python38/lib/python3.8/site-packages/airflow/example_dags/example_branch_operator_decorator.py
[2025-09-03T20:24:07.479+0200] {logging_mixin.py:137} INFO - [2025-09-03T20:24:07.479+0200] {dag.py:2705} INFO - Sync 1 DAGs
[2025-09-03T20:24:07.497+0200] {logging_mixin.py:137} INFO - [2025-09-03T20:24:07.497+0200] {dag.py:3452} INFO - Setting next_dagrun for example_branch_python_operator_decorator to 2025-09-02T00:00:00+00:00, run_after=2025-09-03T00:00:00+00:00
[2025-09-03T20:24:07.517+0200] {processor.py:175} INFO - Processing /home/varun/miniconda3/envs/python38/lib/python3.8/site-packages/airflow/example_dags/example_branch_operator_decorator.py took 0.081 seconds
[2025-09-03T20:24:57.260+0200] {processor.py:153} INFO - Started process (PID=5347) to work on /home/varun/miniconda3/envs/python38/lib/python3.8/site-packages/airflow/example_dags/example_branch_operator_decorator.py
[2025-09-03T20:24:57.261+0200] {processor.py:743} INFO - Processing file /home/varun/miniconda3/envs/python38/lib/python3.8/site-packages/airflow/example_dags/example_branch_operator_decorator.py for tasks to queue
[2025-09-03T20:24:57.262+0200] {logging_mixin.py:137} INFO - [2025-09-03T20:24:57.262+0200] {dagbag.py:532} INFO - Filling up the DagBag from /home/varun/miniconda3/envs/python38/lib/python3.8/site-packages/airflow/example_dags/example_branch_operator_decorator.py
[2025-09-03T20:24:57.283+0200] {processor.py:753} INFO - DAG(s) dict_keys(['example_branch_python_operator_decorator']) retrieved from /home/varun/miniconda3/envs/python38/lib/python3.8/site-packages/airflow/example_dags/example_branch_operator_decorator.py
[2025-09-03T20:24:57.301+0200] {logging_mixin.py:137} INFO - [2025-09-03T20:24:57.301+0200] {dag.py:2705} INFO - Sync 1 DAGs
[2025-09-03T20:24:57.316+0200] {logging_mixin.py:137} INFO - [2025-09-03T20:24:57.316+0200] {dag.py:3452} INFO - Setting next_dagrun for example_branch_python_operator_decorator to 2025-09-02T00:00:00+00:00, run_after=2025-09-03T00:00:00+00:00
[2025-09-03T20:24:57.337+0200] {processor.py:175} INFO - Processing /home/varun/miniconda3/envs/python38/lib/python3.8/site-packages/airflow/example_dags/example_branch_operator_decorator.py took 0.080 seconds
[2025-09-03T20:25:40.468+0200] {processor.py:153} INFO - Started process (PID=5389) to work on /home/varun/miniconda3/envs/python38/lib/python3.8/site-packages/airflow/example_dags/example_branch_operator_decorator.py
[2025-09-03T20:25:40.469+0200] {processor.py:743} INFO - Processing file /home/varun/miniconda3/envs/python38/lib/python3.8/site-packages/airflow/example_dags/example_branch_operator_decorator.py for tasks to queue
[2025-09-03T20:25:40.470+0200] {logging_mixin.py:137} INFO - [2025-09-03T20:25:40.470+0200] {dagbag.py:532} INFO - Filling up the DagBag from /home/varun/miniconda3/envs/python38/lib/python3.8/site-packages/airflow/example_dags/example_branch_operator_decorator.py
[2025-09-03T20:25:40.490+0200] {processor.py:753} INFO - DAG(s) dict_keys(['example_branch_python_operator_decorator']) retrieved from /home/varun/miniconda3/envs/python38/lib/python3.8/site-packages/airflow/example_dags/example_branch_operator_decorator.py
[2025-09-03T20:25:40.508+0200] {logging_mixin.py:137} INFO - [2025-09-03T20:25:40.508+0200] {dag.py:2705} INFO - Sync 1 DAGs
[2025-09-03T20:25:40.524+0200] {logging_mixin.py:137} INFO - [2025-09-03T20:25:40.524+0200] {dag.py:3452} INFO - Setting next_dagrun for example_branch_python_operator_decorator to 2025-09-02T00:00:00+00:00, run_after=2025-09-03T00:00:00+00:00
[2025-09-03T20:25:40.546+0200] {processor.py:175} INFO - Processing /home/varun/miniconda3/envs/python38/lib/python3.8/site-packages/airflow/example_dags/example_branch_operator_decorator.py took 0.082 seconds
[2025-09-03T20:26:24.812+0200] {processor.py:153} INFO - Started process (PID=5431) to work on /home/varun/miniconda3/envs/python38/lib/python3.8/site-packages/airflow/example_dags/example_branch_operator_decorator.py
[2025-09-03T20:26:24.813+0200] {processor.py:743} INFO - Processing file /home/varun/miniconda3/envs/python38/lib/python3.8/site-packages/airflow/example_dags/example_branch_operator_decorator.py for tasks to queue
[2025-09-03T20:26:24.814+0200] {logging_mixin.py:137} INFO - [2025-09-03T20:26:24.814+0200] {dagbag.py:532} INFO - Filling up the DagBag from /home/varun/miniconda3/envs/python38/lib/python3.8/site-packages/airflow/example_dags/example_branch_operator_decorator.py
[2025-09-03T20:26:24.836+0200] {processor.py:753} INFO - DAG(s) dict_keys(['example_branch_python_operator_decorator']) retrieved from /home/varun/miniconda3/envs/python38/lib/python3.8/site-packages/airflow/example_dags/example_branch_operator_decorator.py
[2025-09-03T20:26:24.855+0200] {logging_mixin.py:137} INFO - [2025-09-03T20:26:24.855+0200] {dag.py:2705} INFO - Sync 1 DAGs
[2025-09-03T20:26:24.872+0200] {logging_mixin.py:137} INFO - [2025-09-03T20:26:24.872+0200] {dag.py:3452} INFO - Setting next_dagrun for example_branch_python_operator_decorator to 2025-09-02T00:00:00+00:00, run_after=2025-09-03T00:00:00+00:00
[2025-09-03T20:26:24.897+0200] {processor.py:175} INFO - Processing /home/varun/miniconda3/envs/python38/lib/python3.8/site-packages/airflow/example_dags/example_branch_operator_decorator.py took 0.089 seconds
[2025-09-03T20:27:10.616+0200] {processor.py:153} INFO - Started process (PID=5473) to work on /home/varun/miniconda3/envs/python38/lib/python3.8/site-packages/airflow/example_dags/example_branch_operator_decorator.py
[2025-09-03T20:27:10.617+0200] {processor.py:743} INFO - Processing file /home/varun/miniconda3/envs/python38/lib/python3.8/site-packages/airflow/example_dags/example_branch_operator_decorator.py for tasks to queue
[2025-09-03T20:27:10.618+0200] {logging_mixin.py:137} INFO - [2025-09-03T20:27:10.618+0200] {dagbag.py:532} INFO - Filling up the DagBag from /home/varun/miniconda3/envs/python38/lib/python3.8/site-packages/airflow/example_dags/example_branch_operator_decorator.py
[2025-09-03T20:27:10.643+0200] {processor.py:753} INFO - DAG(s) dict_keys(['example_branch_python_operator_decorator']) retrieved from /home/varun/miniconda3/envs/python38/lib/python3.8/site-packages/airflow/example_dags/example_branch_operator_decorator.py
[2025-09-03T20:27:10.662+0200] {logging_mixin.py:137} INFO - [2025-09-03T20:27:10.662+0200] {dag.py:2705} INFO - Sync 1 DAGs
[2025-09-03T20:27:10.683+0200] {logging_mixin.py:137} INFO - [2025-09-03T20:27:10.683+0200] {dag.py:3452} INFO - Setting next_dagrun for example_branch_python_operator_decorator to 2025-09-02T00:00:00+00:00, run_after=2025-09-03T00:00:00+00:00
[2025-09-03T20:27:10.707+0200] {processor.py:175} INFO - Processing /home/varun/miniconda3/envs/python38/lib/python3.8/site-packages/airflow/example_dags/example_branch_operator_decorator.py took 0.095 seconds
[2025-09-03T20:28:01.357+0200] {processor.py:153} INFO - Started process (PID=5515) to work on /home/varun/miniconda3/envs/python38/lib/python3.8/site-packages/airflow/example_dags/example_branch_operator_decorator.py
[2025-09-03T20:28:01.359+0200] {processor.py:743} INFO - Processing file /home/varun/miniconda3/envs/python38/lib/python3.8/site-packages/airflow/example_dags/example_branch_operator_decorator.py for tasks to queue
[2025-09-03T20:28:01.360+0200] {logging_mixin.py:137} INFO - [2025-09-03T20:28:01.360+0200] {dagbag.py:532} INFO - Filling up the DagBag from /home/varun/miniconda3/envs/python38/lib/python3.8/site-packages/airflow/example_dags/example_branch_operator_decorator.py
[2025-09-03T20:28:01.380+0200] {processor.py:753} INFO - DAG(s) dict_keys(['example_branch_python_operator_decorator']) retrieved from /home/varun/miniconda3/envs/python38/lib/python3.8/site-packages/airflow/example_dags/example_branch_operator_decorator.py
[2025-09-03T20:28:01.398+0200] {logging_mixin.py:137} INFO - [2025-09-03T20:28:01.397+0200] {dag.py:2705} INFO - Sync 1 DAGs
[2025-09-03T20:28:01.413+0200] {logging_mixin.py:137} INFO - [2025-09-03T20:28:01.413+0200] {dag.py:3452} INFO - Setting next_dagrun for example_branch_python_operator_decorator to 2025-09-02T00:00:00+00:00, run_after=2025-09-03T00:00:00+00:00
[2025-09-03T20:28:01.434+0200] {processor.py:175} INFO - Processing /home/varun/miniconda3/envs/python38/lib/python3.8/site-packages/airflow/example_dags/example_branch_operator_decorator.py took 0.080 seconds
[2025-09-03T20:28:47.054+0200] {processor.py:153} INFO - Started process (PID=5557) to work on /home/varun/miniconda3/envs/python38/lib/python3.8/site-packages/airflow/example_dags/example_branch_operator_decorator.py
[2025-09-03T20:28:47.055+0200] {processor.py:743} INFO - Processing file /home/varun/miniconda3/envs/python38/lib/python3.8/site-packages/airflow/example_dags/example_branch_operator_decorator.py for tasks to queue
[2025-09-03T20:28:47.056+0200] {logging_mixin.py:137} INFO - [2025-09-03T20:28:47.056+0200] {dagbag.py:532} INFO - Filling up the DagBag from /home/varun/miniconda3/envs/python38/lib/python3.8/site-packages/airflow/example_dags/example_branch_operator_decorator.py
[2025-09-03T20:28:47.081+0200] {processor.py:753} INFO - DAG(s) dict_keys(['example_branch_python_operator_decorator']) retrieved from /home/varun/miniconda3/envs/python38/lib/python3.8/site-packages/airflow/example_dags/example_branch_operator_decorator.py
[2025-09-03T20:28:47.106+0200] {logging_mixin.py:137} INFO - [2025-09-03T20:28:47.106+0200] {dag.py:2705} INFO - Sync 1 DAGs
[2025-09-03T20:28:47.127+0200] {logging_mixin.py:137} INFO - [2025-09-03T20:28:47.127+0200] {dag.py:3452} INFO - Setting next_dagrun for example_branch_python_operator_decorator to 2025-09-02T00:00:00+00:00, run_after=2025-09-03T00:00:00+00:00
[2025-09-03T20:28:47.154+0200] {processor.py:175} INFO - Processing /home/varun/miniconda3/envs/python38/lib/python3.8/site-packages/airflow/example_dags/example_branch_operator_decorator.py took 0.103 seconds
[2025-09-03T20:29:33.386+0200] {processor.py:153} INFO - Started process (PID=5600) to work on /home/varun/miniconda3/envs/python38/lib/python3.8/site-packages/airflow/example_dags/example_branch_operator_decorator.py
[2025-09-03T20:29:33.387+0200] {processor.py:743} INFO - Processing file /home/varun/miniconda3/envs/python38/lib/python3.8/site-packages/airflow/example_dags/example_branch_operator_decorator.py for tasks to queue
[2025-09-03T20:29:33.388+0200] {logging_mixin.py:137} INFO - [2025-09-03T20:29:33.388+0200] {dagbag.py:532} INFO - Filling up the DagBag from /home/varun/miniconda3/envs/python38/lib/python3.8/site-packages/airflow/example_dags/example_branch_operator_decorator.py
[2025-09-03T20:29:33.410+0200] {processor.py:753} INFO - DAG(s) dict_keys(['example_branch_python_operator_decorator']) retrieved from /home/varun/miniconda3/envs/python38/lib/python3.8/site-packages/airflow/example_dags/example_branch_operator_decorator.py
[2025-09-03T20:29:33.432+0200] {logging_mixin.py:137} INFO - [2025-09-03T20:29:33.432+0200] {dag.py:2705} INFO - Sync 1 DAGs
[2025-09-03T20:29:33.451+0200] {logging_mixin.py:137} INFO - [2025-09-03T20:29:33.451+0200] {dag.py:3452} INFO - Setting next_dagrun for example_branch_python_operator_decorator to 2025-09-02T00:00:00+00:00, run_after=2025-09-03T00:00:00+00:00
[2025-09-03T20:29:33.473+0200] {processor.py:175} INFO - Processing /home/varun/miniconda3/envs/python38/lib/python3.8/site-packages/airflow/example_dags/example_branch_operator_decorator.py took 0.090 seconds
[2025-09-03T20:30:22.342+0200] {processor.py:153} INFO - Started process (PID=5642) to work on /home/varun/miniconda3/envs/python38/lib/python3.8/site-packages/airflow/example_dags/example_branch_operator_decorator.py
[2025-09-03T20:30:22.343+0200] {processor.py:743} INFO - Processing file /home/varun/miniconda3/envs/python38/lib/python3.8/site-packages/airflow/example_dags/example_branch_operator_decorator.py for tasks to queue
[2025-09-03T20:30:22.343+0200] {logging_mixin.py:137} INFO - [2025-09-03T20:30:22.343+0200] {dagbag.py:532} INFO - Filling up the DagBag from /home/varun/miniconda3/envs/python38/lib/python3.8/site-packages/airflow/example_dags/example_branch_operator_decorator.py
[2025-09-03T20:30:22.364+0200] {processor.py:753} INFO - DAG(s) dict_keys(['example_branch_python_operator_decorator']) retrieved from /home/varun/miniconda3/envs/python38/lib/python3.8/site-packages/airflow/example_dags/example_branch_operator_decorator.py
[2025-09-03T20:30:22.381+0200] {logging_mixin.py:137} INFO - [2025-09-03T20:30:22.381+0200] {dag.py:2705} INFO - Sync 1 DAGs
[2025-09-03T20:30:22.397+0200] {logging_mixin.py:137} INFO - [2025-09-03T20:30:22.396+0200] {dag.py:3452} INFO - Setting next_dagrun for example_branch_python_operator_decorator to 2025-09-02T00:00:00+00:00, run_after=2025-09-03T00:00:00+00:00
[2025-09-03T20:30:22.418+0200] {processor.py:175} INFO - Processing /home/varun/miniconda3/envs/python38/lib/python3.8/site-packages/airflow/example_dags/example_branch_operator_decorator.py took 0.080 seconds
[2025-09-03T20:31:05.494+0200] {processor.py:153} INFO - Started process (PID=5684) to work on /home/varun/miniconda3/envs/python38/lib/python3.8/site-packages/airflow/example_dags/example_branch_operator_decorator.py
[2025-09-03T20:31:05.496+0200] {processor.py:743} INFO - Processing file /home/varun/miniconda3/envs/python38/lib/python3.8/site-packages/airflow/example_dags/example_branch_operator_decorator.py for tasks to queue
[2025-09-03T20:31:05.496+0200] {logging_mixin.py:137} INFO - [2025-09-03T20:31:05.496+0200] {dagbag.py:532} INFO - Filling up the DagBag from /home/varun/miniconda3/envs/python38/lib/python3.8/site-packages/airflow/example_dags/example_branch_operator_decorator.py
[2025-09-03T20:31:05.520+0200] {processor.py:753} INFO - DAG(s) dict_keys(['example_branch_python_operator_decorator']) retrieved from /home/varun/miniconda3/envs/python38/lib/python3.8/site-packages/airflow/example_dags/example_branch_operator_decorator.py
[2025-09-03T20:31:05.542+0200] {logging_mixin.py:137} INFO - [2025-09-03T20:31:05.542+0200] {dag.py:2705} INFO - Sync 1 DAGs
[2025-09-03T20:31:05.562+0200] {logging_mixin.py:137} INFO - [2025-09-03T20:31:05.561+0200] {dag.py:3452} INFO - Setting next_dagrun for example_branch_python_operator_decorator to 2025-09-02T00:00:00+00:00, run_after=2025-09-03T00:00:00+00:00
[2025-09-03T20:31:05.583+0200] {processor.py:175} INFO - Processing /home/varun/miniconda3/envs/python38/lib/python3.8/site-packages/airflow/example_dags/example_branch_operator_decorator.py took 0.092 seconds
[2025-09-03T20:31:50.764+0200] {processor.py:153} INFO - Started process (PID=5726) to work on /home/varun/miniconda3/envs/python38/lib/python3.8/site-packages/airflow/example_dags/example_branch_operator_decorator.py
[2025-09-03T20:31:50.766+0200] {processor.py:743} INFO - Processing file /home/varun/miniconda3/envs/python38/lib/python3.8/site-packages/airflow/example_dags/example_branch_operator_decorator.py for tasks to queue
[2025-09-03T20:31:50.767+0200] {logging_mixin.py:137} INFO - [2025-09-03T20:31:50.767+0200] {dagbag.py:532} INFO - Filling up the DagBag from /home/varun/miniconda3/envs/python38/lib/python3.8/site-packages/airflow/example_dags/example_branch_operator_decorator.py
[2025-09-03T20:31:50.798+0200] {processor.py:753} INFO - DAG(s) dict_keys(['example_branch_python_operator_decorator']) retrieved from /home/varun/miniconda3/envs/python38/lib/python3.8/site-packages/airflow/example_dags/example_branch_operator_decorator.py
[2025-09-03T20:31:50.873+0200] {logging_mixin.py:137} INFO - [2025-09-03T20:31:50.873+0200] {dag.py:2705} INFO - Sync 1 DAGs
[2025-09-03T20:31:50.901+0200] {logging_mixin.py:137} INFO - [2025-09-03T20:31:50.901+0200] {dag.py:3452} INFO - Setting next_dagrun for example_branch_python_operator_decorator to 2025-09-02T00:00:00+00:00, run_after=2025-09-03T00:00:00+00:00
[2025-09-03T20:31:50.930+0200] {processor.py:175} INFO - Processing /home/varun/miniconda3/envs/python38/lib/python3.8/site-packages/airflow/example_dags/example_branch_operator_decorator.py took 0.169 seconds
[2025-09-03T20:32:38.480+0200] {processor.py:153} INFO - Started process (PID=5768) to work on /home/varun/miniconda3/envs/python38/lib/python3.8/site-packages/airflow/example_dags/example_branch_operator_decorator.py
[2025-09-03T20:32:38.482+0200] {processor.py:743} INFO - Processing file /home/varun/miniconda3/envs/python38/lib/python3.8/site-packages/airflow/example_dags/example_branch_operator_decorator.py for tasks to queue
[2025-09-03T20:32:38.482+0200] {logging_mixin.py:137} INFO - [2025-09-03T20:32:38.482+0200] {dagbag.py:532} INFO - Filling up the DagBag from /home/varun/miniconda3/envs/python38/lib/python3.8/site-packages/airflow/example_dags/example_branch_operator_decorator.py
[2025-09-03T20:32:38.505+0200] {processor.py:753} INFO - DAG(s) dict_keys(['example_branch_python_operator_decorator']) retrieved from /home/varun/miniconda3/envs/python38/lib/python3.8/site-packages/airflow/example_dags/example_branch_operator_decorator.py
[2025-09-03T20:32:38.524+0200] {logging_mixin.py:137} INFO - [2025-09-03T20:32:38.524+0200] {dag.py:2705} INFO - Sync 1 DAGs
[2025-09-03T20:32:38.540+0200] {logging_mixin.py:137} INFO - [2025-09-03T20:32:38.540+0200] {dag.py:3452} INFO - Setting next_dagrun for example_branch_python_operator_decorator to 2025-09-02T00:00:00+00:00, run_after=2025-09-03T00:00:00+00:00
[2025-09-03T20:32:38.561+0200] {processor.py:175} INFO - Processing /home/varun/miniconda3/envs/python38/lib/python3.8/site-packages/airflow/example_dags/example_branch_operator_decorator.py took 0.085 seconds
[2025-09-03T20:33:24.798+0200] {processor.py:153} INFO - Started process (PID=5810) to work on /home/varun/miniconda3/envs/python38/lib/python3.8/site-packages/airflow/example_dags/example_branch_operator_decorator.py
[2025-09-03T20:33:24.799+0200] {processor.py:743} INFO - Processing file /home/varun/miniconda3/envs/python38/lib/python3.8/site-packages/airflow/example_dags/example_branch_operator_decorator.py for tasks to queue
[2025-09-03T20:33:24.800+0200] {logging_mixin.py:137} INFO - [2025-09-03T20:33:24.800+0200] {dagbag.py:532} INFO - Filling up the DagBag from /home/varun/miniconda3/envs/python38/lib/python3.8/site-packages/airflow/example_dags/example_branch_operator_decorator.py
[2025-09-03T20:33:24.821+0200] {processor.py:753} INFO - DAG(s) dict_keys(['example_branch_python_operator_decorator']) retrieved from /home/varun/miniconda3/envs/python38/lib/python3.8/site-packages/airflow/example_dags/example_branch_operator_decorator.py
[2025-09-03T20:33:24.839+0200] {logging_mixin.py:137} INFO - [2025-09-03T20:33:24.838+0200] {dag.py:2705} INFO - Sync 1 DAGs
[2025-09-03T20:33:24.854+0200] {logging_mixin.py:137} INFO - [2025-09-03T20:33:24.853+0200] {dag.py:3452} INFO - Setting next_dagrun for example_branch_python_operator_decorator to 2025-09-02T00:00:00+00:00, run_after=2025-09-03T00:00:00+00:00
[2025-09-03T20:33:24.877+0200] {processor.py:175} INFO - Processing /home/varun/miniconda3/envs/python38/lib/python3.8/site-packages/airflow/example_dags/example_branch_operator_decorator.py took 0.082 seconds
[2025-09-03T20:34:10.062+0200] {processor.py:153} INFO - Started process (PID=5852) to work on /home/varun/miniconda3/envs/python38/lib/python3.8/site-packages/airflow/example_dags/example_branch_operator_decorator.py
[2025-09-03T20:34:10.064+0200] {processor.py:743} INFO - Processing file /home/varun/miniconda3/envs/python38/lib/python3.8/site-packages/airflow/example_dags/example_branch_operator_decorator.py for tasks to queue
[2025-09-03T20:34:10.065+0200] {logging_mixin.py:137} INFO - [2025-09-03T20:34:10.065+0200] {dagbag.py:532} INFO - Filling up the DagBag from /home/varun/miniconda3/envs/python38/lib/python3.8/site-packages/airflow/example_dags/example_branch_operator_decorator.py
[2025-09-03T20:34:10.086+0200] {processor.py:753} INFO - DAG(s) dict_keys(['example_branch_python_operator_decorator']) retrieved from /home/varun/miniconda3/envs/python38/lib/python3.8/site-packages/airflow/example_dags/example_branch_operator_decorator.py
[2025-09-03T20:34:10.103+0200] {logging_mixin.py:137} INFO - [2025-09-03T20:34:10.103+0200] {dag.py:2705} INFO - Sync 1 DAGs
[2025-09-03T20:34:10.119+0200] {logging_mixin.py:137} INFO - [2025-09-03T20:34:10.118+0200] {dag.py:3452} INFO - Setting next_dagrun for example_branch_python_operator_decorator to 2025-09-02T00:00:00+00:00, run_after=2025-09-03T00:00:00+00:00
[2025-09-03T20:34:10.142+0200] {processor.py:175} INFO - Processing /home/varun/miniconda3/envs/python38/lib/python3.8/site-packages/airflow/example_dags/example_branch_operator_decorator.py took 0.083 seconds
[2025-09-03T20:34:54.358+0200] {processor.py:153} INFO - Started process (PID=5895) to work on /home/varun/miniconda3/envs/python38/lib/python3.8/site-packages/airflow/example_dags/example_branch_operator_decorator.py
[2025-09-03T20:34:54.359+0200] {processor.py:743} INFO - Processing file /home/varun/miniconda3/envs/python38/lib/python3.8/site-packages/airflow/example_dags/example_branch_operator_decorator.py for tasks to queue
[2025-09-03T20:34:54.360+0200] {logging_mixin.py:137} INFO - [2025-09-03T20:34:54.360+0200] {dagbag.py:532} INFO - Filling up the DagBag from /home/varun/miniconda3/envs/python38/lib/python3.8/site-packages/airflow/example_dags/example_branch_operator_decorator.py
[2025-09-03T20:34:54.387+0200] {processor.py:753} INFO - DAG(s) dict_keys(['example_branch_python_operator_decorator']) retrieved from /home/varun/miniconda3/envs/python38/lib/python3.8/site-packages/airflow/example_dags/example_branch_operator_decorator.py
[2025-09-03T20:34:54.408+0200] {logging_mixin.py:137} INFO - [2025-09-03T20:34:54.408+0200] {dag.py:2705} INFO - Sync 1 DAGs
[2025-09-03T20:34:54.428+0200] {logging_mixin.py:137} INFO - [2025-09-03T20:34:54.428+0200] {dag.py:3452} INFO - Setting next_dagrun for example_branch_python_operator_decorator to 2025-09-02T00:00:00+00:00, run_after=2025-09-03T00:00:00+00:00
[2025-09-03T20:34:54.451+0200] {processor.py:175} INFO - Processing /home/varun/miniconda3/envs/python38/lib/python3.8/site-packages/airflow/example_dags/example_branch_operator_decorator.py took 0.098 seconds
[2025-09-03T20:35:44.299+0200] {processor.py:153} INFO - Started process (PID=5937) to work on /home/varun/miniconda3/envs/python38/lib/python3.8/site-packages/airflow/example_dags/example_branch_operator_decorator.py
[2025-09-03T20:35:44.301+0200] {processor.py:743} INFO - Processing file /home/varun/miniconda3/envs/python38/lib/python3.8/site-packages/airflow/example_dags/example_branch_operator_decorator.py for tasks to queue
[2025-09-03T20:35:44.301+0200] {logging_mixin.py:137} INFO - [2025-09-03T20:35:44.301+0200] {dagbag.py:532} INFO - Filling up the DagBag from /home/varun/miniconda3/envs/python38/lib/python3.8/site-packages/airflow/example_dags/example_branch_operator_decorator.py
[2025-09-03T20:35:44.321+0200] {processor.py:753} INFO - DAG(s) dict_keys(['example_branch_python_operator_decorator']) retrieved from /home/varun/miniconda3/envs/python38/lib/python3.8/site-packages/airflow/example_dags/example_branch_operator_decorator.py
[2025-09-03T20:35:44.339+0200] {logging_mixin.py:137} INFO - [2025-09-03T20:35:44.339+0200] {dag.py:2705} INFO - Sync 1 DAGs
[2025-09-03T20:35:44.358+0200] {logging_mixin.py:137} INFO - [2025-09-03T20:35:44.358+0200] {dag.py:3452} INFO - Setting next_dagrun for example_branch_python_operator_decorator to 2025-09-02T00:00:00+00:00, run_after=2025-09-03T00:00:00+00:00
[2025-09-03T20:35:44.378+0200] {processor.py:175} INFO - Processing /home/varun/miniconda3/envs/python38/lib/python3.8/site-packages/airflow/example_dags/example_branch_operator_decorator.py took 0.083 seconds
[2025-09-03T20:36:27.982+0200] {processor.py:153} INFO - Started process (PID=5979) to work on /home/varun/miniconda3/envs/python38/lib/python3.8/site-packages/airflow/example_dags/example_branch_operator_decorator.py
[2025-09-03T20:36:27.984+0200] {processor.py:743} INFO - Processing file /home/varun/miniconda3/envs/python38/lib/python3.8/site-packages/airflow/example_dags/example_branch_operator_decorator.py for tasks to queue
[2025-09-03T20:36:27.984+0200] {logging_mixin.py:137} INFO - [2025-09-03T20:36:27.984+0200] {dagbag.py:532} INFO - Filling up the DagBag from /home/varun/miniconda3/envs/python38/lib/python3.8/site-packages/airflow/example_dags/example_branch_operator_decorator.py
[2025-09-03T20:36:28.017+0200] {processor.py:753} INFO - DAG(s) dict_keys(['example_branch_python_operator_decorator']) retrieved from /home/varun/miniconda3/envs/python38/lib/python3.8/site-packages/airflow/example_dags/example_branch_operator_decorator.py
[2025-09-03T20:36:28.045+0200] {logging_mixin.py:137} INFO - [2025-09-03T20:36:28.045+0200] {dag.py:2705} INFO - Sync 1 DAGs
[2025-09-03T20:36:28.071+0200] {logging_mixin.py:137} INFO - [2025-09-03T20:36:28.070+0200] {dag.py:3452} INFO - Setting next_dagrun for example_branch_python_operator_decorator to 2025-09-02T00:00:00+00:00, run_after=2025-09-03T00:00:00+00:00
[2025-09-03T20:36:28.096+0200] {processor.py:175} INFO - Processing /home/varun/miniconda3/envs/python38/lib/python3.8/site-packages/airflow/example_dags/example_branch_operator_decorator.py took 0.118 seconds
