[2025-09-03T19:42:44.014+0200] {processor.py:153} INFO - Started process (PID=3105) to work on /home/varun/miniconda3/envs/python38/lib/python3.8/site-packages/airflow/example_dags/example_params_ui_tutorial.py
[2025-09-03T19:42:44.015+0200] {processor.py:743} INFO - Processing file /home/varun/miniconda3/envs/python38/lib/python3.8/site-packages/airflow/example_dags/example_params_ui_tutorial.py for tasks to queue
[2025-09-03T19:42:44.015+0200] {logging_mixin.py:137} INFO - [2025-09-03T19:42:44.015+0200] {dagbag.py:532} INFO - Filling up the DagBag from /home/varun/miniconda3/envs/python38/lib/python3.8/site-packages/airflow/example_dags/example_params_ui_tutorial.py
[2025-09-03T19:42:44.068+0200] {processor.py:753} INFO - DAG(s) dict_keys(['example_params_ui_tutorial']) retrieved from /home/varun/miniconda3/envs/python38/lib/python3.8/site-packages/airflow/example_dags/example_params_ui_tutorial.py
[2025-09-03T19:42:44.199+0200] {logging_mixin.py:137} INFO - [2025-09-03T19:42:44.199+0200] {manager.py:504} INFO - Created Permission View: can edit on DAG:example_params_ui_tutorial
[2025-09-03T19:42:44.214+0200] {logging_mixin.py:137} INFO - [2025-09-03T19:42:44.214+0200] {manager.py:504} INFO - Created Permission View: can delete on DAG:example_params_ui_tutorial
[2025-09-03T19:42:44.228+0200] {logging_mixin.py:137} INFO - [2025-09-03T19:42:44.228+0200] {manager.py:504} INFO - Created Permission View: can read on DAG:example_params_ui_tutorial
[2025-09-03T19:42:44.228+0200] {logging_mixin.py:137} INFO - [2025-09-03T19:42:44.228+0200] {dag.py:2705} INFO - Sync 1 DAGs
[2025-09-03T19:42:44.238+0200] {logging_mixin.py:137} INFO - [2025-09-03T19:42:44.237+0200] {dag.py:2726} INFO - Creating ORM DAG for example_params_ui_tutorial
[2025-09-03T19:42:44.244+0200] {logging_mixin.py:137} INFO - [2025-09-03T19:42:44.244+0200] {dag.py:3452} INFO - Setting next_dagrun for example_params_ui_tutorial to None, run_after=None
[2025-09-03T19:42:44.267+0200] {processor.py:175} INFO - Processing /home/varun/miniconda3/envs/python38/lib/python3.8/site-packages/airflow/example_dags/example_params_ui_tutorial.py took 0.256 seconds
[2025-09-03T19:43:31.700+0200] {processor.py:153} INFO - Started process (PID=3147) to work on /home/varun/miniconda3/envs/python38/lib/python3.8/site-packages/airflow/example_dags/example_params_ui_tutorial.py
[2025-09-03T19:43:31.703+0200] {processor.py:743} INFO - Processing file /home/varun/miniconda3/envs/python38/lib/python3.8/site-packages/airflow/example_dags/example_params_ui_tutorial.py for tasks to queue
[2025-09-03T19:43:31.704+0200] {logging_mixin.py:137} INFO - [2025-09-03T19:43:31.704+0200] {dagbag.py:532} INFO - Filling up the DagBag from /home/varun/miniconda3/envs/python38/lib/python3.8/site-packages/airflow/example_dags/example_params_ui_tutorial.py
[2025-09-03T19:43:31.768+0200] {processor.py:753} INFO - DAG(s) dict_keys(['example_params_ui_tutorial']) retrieved from /home/varun/miniconda3/envs/python38/lib/python3.8/site-packages/airflow/example_dags/example_params_ui_tutorial.py
[2025-09-03T19:43:31.825+0200] {logging_mixin.py:137} INFO - [2025-09-03T19:43:31.825+0200] {dag.py:2705} INFO - Sync 1 DAGs
[2025-09-03T19:43:31.851+0200] {logging_mixin.py:137} INFO - [2025-09-03T19:43:31.851+0200] {dag.py:3452} INFO - Setting next_dagrun for example_params_ui_tutorial to None, run_after=None
[2025-09-03T19:43:31.883+0200] {processor.py:175} INFO - Processing /home/varun/miniconda3/envs/python38/lib/python3.8/site-packages/airflow/example_dags/example_params_ui_tutorial.py took 0.188 seconds
[2025-09-03T19:44:22.460+0200] {processor.py:153} INFO - Started process (PID=3189) to work on /home/varun/miniconda3/envs/python38/lib/python3.8/site-packages/airflow/example_dags/example_params_ui_tutorial.py
[2025-09-03T19:44:22.461+0200] {processor.py:743} INFO - Processing file /home/varun/miniconda3/envs/python38/lib/python3.8/site-packages/airflow/example_dags/example_params_ui_tutorial.py for tasks to queue
[2025-09-03T19:44:22.462+0200] {logging_mixin.py:137} INFO - [2025-09-03T19:44:22.462+0200] {dagbag.py:532} INFO - Filling up the DagBag from /home/varun/miniconda3/envs/python38/lib/python3.8/site-packages/airflow/example_dags/example_params_ui_tutorial.py
[2025-09-03T19:44:22.527+0200] {processor.py:753} INFO - DAG(s) dict_keys(['example_params_ui_tutorial']) retrieved from /home/varun/miniconda3/envs/python38/lib/python3.8/site-packages/airflow/example_dags/example_params_ui_tutorial.py
[2025-09-03T19:44:22.588+0200] {logging_mixin.py:137} INFO - [2025-09-03T19:44:22.588+0200] {dag.py:2705} INFO - Sync 1 DAGs
[2025-09-03T19:44:22.609+0200] {logging_mixin.py:137} INFO - [2025-09-03T19:44:22.609+0200] {dag.py:3452} INFO - Setting next_dagrun for example_params_ui_tutorial to None, run_after=None
[2025-09-03T19:44:22.635+0200] {processor.py:175} INFO - Processing /home/varun/miniconda3/envs/python38/lib/python3.8/site-packages/airflow/example_dags/example_params_ui_tutorial.py took 0.180 seconds
[2025-09-03T19:45:08.902+0200] {processor.py:153} INFO - Started process (PID=3232) to work on /home/varun/miniconda3/envs/python38/lib/python3.8/site-packages/airflow/example_dags/example_params_ui_tutorial.py
[2025-09-03T19:45:08.903+0200] {processor.py:743} INFO - Processing file /home/varun/miniconda3/envs/python38/lib/python3.8/site-packages/airflow/example_dags/example_params_ui_tutorial.py for tasks to queue
[2025-09-03T19:45:08.904+0200] {logging_mixin.py:137} INFO - [2025-09-03T19:45:08.904+0200] {dagbag.py:532} INFO - Filling up the DagBag from /home/varun/miniconda3/envs/python38/lib/python3.8/site-packages/airflow/example_dags/example_params_ui_tutorial.py
[2025-09-03T19:45:08.944+0200] {processor.py:753} INFO - DAG(s) dict_keys(['example_params_ui_tutorial']) retrieved from /home/varun/miniconda3/envs/python38/lib/python3.8/site-packages/airflow/example_dags/example_params_ui_tutorial.py
[2025-09-03T19:45:08.986+0200] {logging_mixin.py:137} INFO - [2025-09-03T19:45:08.986+0200] {dag.py:2705} INFO - Sync 1 DAGs
[2025-09-03T19:45:09.001+0200] {logging_mixin.py:137} INFO - [2025-09-03T19:45:09.001+0200] {dag.py:3452} INFO - Setting next_dagrun for example_params_ui_tutorial to None, run_after=None
[2025-09-03T19:45:09.022+0200] {processor.py:175} INFO - Processing /home/varun/miniconda3/envs/python38/lib/python3.8/site-packages/airflow/example_dags/example_params_ui_tutorial.py took 0.123 seconds
[2025-09-03T19:45:54.337+0200] {processor.py:153} INFO - Started process (PID=3302) to work on /home/varun/miniconda3/envs/python38/lib/python3.8/site-packages/airflow/example_dags/example_params_ui_tutorial.py
[2025-09-03T19:45:54.341+0200] {processor.py:743} INFO - Processing file /home/varun/miniconda3/envs/python38/lib/python3.8/site-packages/airflow/example_dags/example_params_ui_tutorial.py for tasks to queue
[2025-09-03T19:45:54.345+0200] {logging_mixin.py:137} INFO - [2025-09-03T19:45:54.344+0200] {dagbag.py:532} INFO - Filling up the DagBag from /home/varun/miniconda3/envs/python38/lib/python3.8/site-packages/airflow/example_dags/example_params_ui_tutorial.py
[2025-09-03T19:45:54.436+0200] {processor.py:753} INFO - DAG(s) dict_keys(['example_params_ui_tutorial']) retrieved from /home/varun/miniconda3/envs/python38/lib/python3.8/site-packages/airflow/example_dags/example_params_ui_tutorial.py
[2025-09-03T19:45:54.504+0200] {logging_mixin.py:137} INFO - [2025-09-03T19:45:54.504+0200] {dag.py:2705} INFO - Sync 1 DAGs
[2025-09-03T19:45:54.531+0200] {logging_mixin.py:137} INFO - [2025-09-03T19:45:54.530+0200] {dag.py:3452} INFO - Setting next_dagrun for example_params_ui_tutorial to None, run_after=None
[2025-09-03T19:45:54.565+0200] {processor.py:175} INFO - Processing /home/varun/miniconda3/envs/python38/lib/python3.8/site-packages/airflow/example_dags/example_params_ui_tutorial.py took 0.233 seconds
[2025-09-03T19:46:43.539+0200] {processor.py:153} INFO - Started process (PID=3350) to work on /home/varun/miniconda3/envs/python38/lib/python3.8/site-packages/airflow/example_dags/example_params_ui_tutorial.py
[2025-09-03T19:46:43.540+0200] {processor.py:743} INFO - Processing file /home/varun/miniconda3/envs/python38/lib/python3.8/site-packages/airflow/example_dags/example_params_ui_tutorial.py for tasks to queue
[2025-09-03T19:46:43.541+0200] {logging_mixin.py:137} INFO - [2025-09-03T19:46:43.541+0200] {dagbag.py:532} INFO - Filling up the DagBag from /home/varun/miniconda3/envs/python38/lib/python3.8/site-packages/airflow/example_dags/example_params_ui_tutorial.py
[2025-09-03T19:46:43.586+0200] {processor.py:753} INFO - DAG(s) dict_keys(['example_params_ui_tutorial']) retrieved from /home/varun/miniconda3/envs/python38/lib/python3.8/site-packages/airflow/example_dags/example_params_ui_tutorial.py
[2025-09-03T19:46:43.630+0200] {logging_mixin.py:137} INFO - [2025-09-03T19:46:43.630+0200] {dag.py:2705} INFO - Sync 1 DAGs
[2025-09-03T19:46:43.647+0200] {logging_mixin.py:137} INFO - [2025-09-03T19:46:43.647+0200] {dag.py:3452} INFO - Setting next_dagrun for example_params_ui_tutorial to None, run_after=None
[2025-09-03T19:46:43.676+0200] {processor.py:175} INFO - Processing /home/varun/miniconda3/envs/python38/lib/python3.8/site-packages/airflow/example_dags/example_params_ui_tutorial.py took 0.141 seconds
[2025-09-03T19:47:29.376+0200] {processor.py:153} INFO - Started process (PID=3400) to work on /home/varun/miniconda3/envs/python38/lib/python3.8/site-packages/airflow/example_dags/example_params_ui_tutorial.py
[2025-09-03T19:47:29.378+0200] {processor.py:743} INFO - Processing file /home/varun/miniconda3/envs/python38/lib/python3.8/site-packages/airflow/example_dags/example_params_ui_tutorial.py for tasks to queue
[2025-09-03T19:47:29.378+0200] {logging_mixin.py:137} INFO - [2025-09-03T19:47:29.378+0200] {dagbag.py:532} INFO - Filling up the DagBag from /home/varun/miniconda3/envs/python38/lib/python3.8/site-packages/airflow/example_dags/example_params_ui_tutorial.py
[2025-09-03T19:47:29.418+0200] {processor.py:753} INFO - DAG(s) dict_keys(['example_params_ui_tutorial']) retrieved from /home/varun/miniconda3/envs/python38/lib/python3.8/site-packages/airflow/example_dags/example_params_ui_tutorial.py
[2025-09-03T19:47:29.459+0200] {logging_mixin.py:137} INFO - [2025-09-03T19:47:29.459+0200] {dag.py:2705} INFO - Sync 1 DAGs
[2025-09-03T19:47:29.475+0200] {logging_mixin.py:137} INFO - [2025-09-03T19:47:29.475+0200] {dag.py:3452} INFO - Setting next_dagrun for example_params_ui_tutorial to None, run_after=None
[2025-09-03T19:47:29.496+0200] {processor.py:175} INFO - Processing /home/varun/miniconda3/envs/python38/lib/python3.8/site-packages/airflow/example_dags/example_params_ui_tutorial.py took 0.123 seconds
[2025-09-03T19:48:15.274+0200] {processor.py:153} INFO - Started process (PID=3442) to work on /home/varun/miniconda3/envs/python38/lib/python3.8/site-packages/airflow/example_dags/example_params_ui_tutorial.py
[2025-09-03T19:48:15.277+0200] {processor.py:743} INFO - Processing file /home/varun/miniconda3/envs/python38/lib/python3.8/site-packages/airflow/example_dags/example_params_ui_tutorial.py for tasks to queue
[2025-09-03T19:48:15.278+0200] {logging_mixin.py:137} INFO - [2025-09-03T19:48:15.278+0200] {dagbag.py:532} INFO - Filling up the DagBag from /home/varun/miniconda3/envs/python38/lib/python3.8/site-packages/airflow/example_dags/example_params_ui_tutorial.py
[2025-09-03T19:48:15.343+0200] {processor.py:753} INFO - DAG(s) dict_keys(['example_params_ui_tutorial']) retrieved from /home/varun/miniconda3/envs/python38/lib/python3.8/site-packages/airflow/example_dags/example_params_ui_tutorial.py
[2025-09-03T19:48:15.405+0200] {logging_mixin.py:137} INFO - [2025-09-03T19:48:15.405+0200] {dag.py:2705} INFO - Sync 1 DAGs
[2025-09-03T19:48:15.432+0200] {logging_mixin.py:137} INFO - [2025-09-03T19:48:15.432+0200] {dag.py:3452} INFO - Setting next_dagrun for example_params_ui_tutorial to None, run_after=None
[2025-09-03T19:48:15.463+0200] {processor.py:175} INFO - Processing /home/varun/miniconda3/envs/python38/lib/python3.8/site-packages/airflow/example_dags/example_params_ui_tutorial.py took 0.194 seconds
[2025-09-03T19:49:07.923+0200] {processor.py:153} INFO - Started process (PID=3484) to work on /home/varun/miniconda3/envs/python38/lib/python3.8/site-packages/airflow/example_dags/example_params_ui_tutorial.py
[2025-09-03T19:49:07.924+0200] {processor.py:743} INFO - Processing file /home/varun/miniconda3/envs/python38/lib/python3.8/site-packages/airflow/example_dags/example_params_ui_tutorial.py for tasks to queue
[2025-09-03T19:49:07.925+0200] {logging_mixin.py:137} INFO - [2025-09-03T19:49:07.925+0200] {dagbag.py:532} INFO - Filling up the DagBag from /home/varun/miniconda3/envs/python38/lib/python3.8/site-packages/airflow/example_dags/example_params_ui_tutorial.py
[2025-09-03T19:49:07.976+0200] {processor.py:753} INFO - DAG(s) dict_keys(['example_params_ui_tutorial']) retrieved from /home/varun/miniconda3/envs/python38/lib/python3.8/site-packages/airflow/example_dags/example_params_ui_tutorial.py
[2025-09-03T19:49:08.022+0200] {logging_mixin.py:137} INFO - [2025-09-03T19:49:08.022+0200] {dag.py:2705} INFO - Sync 1 DAGs
[2025-09-03T19:49:08.041+0200] {logging_mixin.py:137} INFO - [2025-09-03T19:49:08.041+0200] {dag.py:3452} INFO - Setting next_dagrun for example_params_ui_tutorial to None, run_after=None
[2025-09-03T19:49:08.070+0200] {processor.py:175} INFO - Processing /home/varun/miniconda3/envs/python38/lib/python3.8/site-packages/airflow/example_dags/example_params_ui_tutorial.py took 0.151 seconds
[2025-09-03T19:49:54.466+0200] {processor.py:153} INFO - Started process (PID=3535) to work on /home/varun/miniconda3/envs/python38/lib/python3.8/site-packages/airflow/example_dags/example_params_ui_tutorial.py
[2025-09-03T19:49:54.469+0200] {processor.py:743} INFO - Processing file /home/varun/miniconda3/envs/python38/lib/python3.8/site-packages/airflow/example_dags/example_params_ui_tutorial.py for tasks to queue
[2025-09-03T19:49:54.470+0200] {logging_mixin.py:137} INFO - [2025-09-03T19:49:54.470+0200] {dagbag.py:532} INFO - Filling up the DagBag from /home/varun/miniconda3/envs/python38/lib/python3.8/site-packages/airflow/example_dags/example_params_ui_tutorial.py
[2025-09-03T19:49:54.521+0200] {processor.py:753} INFO - DAG(s) dict_keys(['example_params_ui_tutorial']) retrieved from /home/varun/miniconda3/envs/python38/lib/python3.8/site-packages/airflow/example_dags/example_params_ui_tutorial.py
[2025-09-03T19:49:54.566+0200] {logging_mixin.py:137} INFO - [2025-09-03T19:49:54.566+0200] {dag.py:2705} INFO - Sync 1 DAGs
[2025-09-03T19:49:54.584+0200] {logging_mixin.py:137} INFO - [2025-09-03T19:49:54.584+0200] {dag.py:3452} INFO - Setting next_dagrun for example_params_ui_tutorial to None, run_after=None
[2025-09-03T19:49:54.608+0200] {processor.py:175} INFO - Processing /home/varun/miniconda3/envs/python38/lib/python3.8/site-packages/airflow/example_dags/example_params_ui_tutorial.py took 0.145 seconds
[2025-09-03T19:50:40.733+0200] {processor.py:153} INFO - Started process (PID=3578) to work on /home/varun/miniconda3/envs/python38/lib/python3.8/site-packages/airflow/example_dags/example_params_ui_tutorial.py
[2025-09-03T19:50:40.734+0200] {processor.py:743} INFO - Processing file /home/varun/miniconda3/envs/python38/lib/python3.8/site-packages/airflow/example_dags/example_params_ui_tutorial.py for tasks to queue
[2025-09-03T19:50:40.735+0200] {logging_mixin.py:137} INFO - [2025-09-03T19:50:40.735+0200] {dagbag.py:532} INFO - Filling up the DagBag from /home/varun/miniconda3/envs/python38/lib/python3.8/site-packages/airflow/example_dags/example_params_ui_tutorial.py
[2025-09-03T19:50:40.778+0200] {processor.py:753} INFO - DAG(s) dict_keys(['example_params_ui_tutorial']) retrieved from /home/varun/miniconda3/envs/python38/lib/python3.8/site-packages/airflow/example_dags/example_params_ui_tutorial.py
[2025-09-03T19:50:40.823+0200] {logging_mixin.py:137} INFO - [2025-09-03T19:50:40.823+0200] {dag.py:2705} INFO - Sync 1 DAGs
[2025-09-03T19:50:40.841+0200] {logging_mixin.py:137} INFO - [2025-09-03T19:50:40.840+0200] {dag.py:3452} INFO - Setting next_dagrun for example_params_ui_tutorial to None, run_after=None
[2025-09-03T19:50:40.976+0200] {processor.py:175} INFO - Processing /home/varun/miniconda3/envs/python38/lib/python3.8/site-packages/airflow/example_dags/example_params_ui_tutorial.py took 0.247 seconds
[2025-09-03T19:51:30.761+0200] {processor.py:153} INFO - Started process (PID=3633) to work on /home/varun/miniconda3/envs/python38/lib/python3.8/site-packages/airflow/example_dags/example_params_ui_tutorial.py
[2025-09-03T19:51:30.763+0200] {processor.py:743} INFO - Processing file /home/varun/miniconda3/envs/python38/lib/python3.8/site-packages/airflow/example_dags/example_params_ui_tutorial.py for tasks to queue
[2025-09-03T19:51:30.764+0200] {logging_mixin.py:137} INFO - [2025-09-03T19:51:30.763+0200] {dagbag.py:532} INFO - Filling up the DagBag from /home/varun/miniconda3/envs/python38/lib/python3.8/site-packages/airflow/example_dags/example_params_ui_tutorial.py
[2025-09-03T19:51:30.807+0200] {processor.py:753} INFO - DAG(s) dict_keys(['example_params_ui_tutorial']) retrieved from /home/varun/miniconda3/envs/python38/lib/python3.8/site-packages/airflow/example_dags/example_params_ui_tutorial.py
[2025-09-03T19:51:30.850+0200] {logging_mixin.py:137} INFO - [2025-09-03T19:51:30.850+0200] {dag.py:2705} INFO - Sync 1 DAGs
[2025-09-03T19:51:30.970+0200] {logging_mixin.py:137} INFO - [2025-09-03T19:51:30.970+0200] {dag.py:3452} INFO - Setting next_dagrun for example_params_ui_tutorial to None, run_after=None
[2025-09-03T19:51:30.991+0200] {processor.py:175} INFO - Processing /home/varun/miniconda3/envs/python38/lib/python3.8/site-packages/airflow/example_dags/example_params_ui_tutorial.py took 0.233 seconds
[2025-09-03T19:52:17.773+0200] {processor.py:153} INFO - Started process (PID=3682) to work on /home/varun/miniconda3/envs/python38/lib/python3.8/site-packages/airflow/example_dags/example_params_ui_tutorial.py
[2025-09-03T19:52:17.777+0200] {processor.py:743} INFO - Processing file /home/varun/miniconda3/envs/python38/lib/python3.8/site-packages/airflow/example_dags/example_params_ui_tutorial.py for tasks to queue
[2025-09-03T19:52:17.779+0200] {logging_mixin.py:137} INFO - [2025-09-03T19:52:17.779+0200] {dagbag.py:532} INFO - Filling up the DagBag from /home/varun/miniconda3/envs/python38/lib/python3.8/site-packages/airflow/example_dags/example_params_ui_tutorial.py
[2025-09-03T19:52:17.845+0200] {processor.py:753} INFO - DAG(s) dict_keys(['example_params_ui_tutorial']) retrieved from /home/varun/miniconda3/envs/python38/lib/python3.8/site-packages/airflow/example_dags/example_params_ui_tutorial.py
[2025-09-03T19:52:17.903+0200] {logging_mixin.py:137} INFO - [2025-09-03T19:52:17.903+0200] {dag.py:2705} INFO - Sync 1 DAGs
[2025-09-03T19:52:18.059+0200] {logging_mixin.py:137} INFO - [2025-09-03T19:52:18.058+0200] {dag.py:3452} INFO - Setting next_dagrun for example_params_ui_tutorial to None, run_after=None
[2025-09-03T19:52:18.088+0200] {processor.py:175} INFO - Processing /home/varun/miniconda3/envs/python38/lib/python3.8/site-packages/airflow/example_dags/example_params_ui_tutorial.py took 0.319 seconds
[2025-09-03T19:53:08.818+0200] {processor.py:153} INFO - Started process (PID=3724) to work on /home/varun/miniconda3/envs/python38/lib/python3.8/site-packages/airflow/example_dags/example_params_ui_tutorial.py
[2025-09-03T19:53:08.820+0200] {processor.py:743} INFO - Processing file /home/varun/miniconda3/envs/python38/lib/python3.8/site-packages/airflow/example_dags/example_params_ui_tutorial.py for tasks to queue
[2025-09-03T19:53:08.821+0200] {logging_mixin.py:137} INFO - [2025-09-03T19:53:08.821+0200] {dagbag.py:532} INFO - Filling up the DagBag from /home/varun/miniconda3/envs/python38/lib/python3.8/site-packages/airflow/example_dags/example_params_ui_tutorial.py
[2025-09-03T19:53:08.876+0200] {processor.py:753} INFO - DAG(s) dict_keys(['example_params_ui_tutorial']) retrieved from /home/varun/miniconda3/envs/python38/lib/python3.8/site-packages/airflow/example_dags/example_params_ui_tutorial.py
[2025-09-03T19:53:09.037+0200] {logging_mixin.py:137} INFO - [2025-09-03T19:53:09.037+0200] {dag.py:2705} INFO - Sync 1 DAGs
[2025-09-03T19:53:09.055+0200] {logging_mixin.py:137} INFO - [2025-09-03T19:53:09.055+0200] {dag.py:3452} INFO - Setting next_dagrun for example_params_ui_tutorial to None, run_after=None
[2025-09-03T19:53:09.081+0200] {processor.py:175} INFO - Processing /home/varun/miniconda3/envs/python38/lib/python3.8/site-packages/airflow/example_dags/example_params_ui_tutorial.py took 0.268 seconds
[2025-09-03T19:54:07.549+0200] {processor.py:153} INFO - Started process (PID=3775) to work on /home/varun/miniconda3/envs/python38/lib/python3.8/site-packages/airflow/example_dags/example_params_ui_tutorial.py
[2025-09-03T19:54:07.552+0200] {processor.py:743} INFO - Processing file /home/varun/miniconda3/envs/python38/lib/python3.8/site-packages/airflow/example_dags/example_params_ui_tutorial.py for tasks to queue
[2025-09-03T19:54:07.553+0200] {logging_mixin.py:137} INFO - [2025-09-03T19:54:07.553+0200] {dagbag.py:532} INFO - Filling up the DagBag from /home/varun/miniconda3/envs/python38/lib/python3.8/site-packages/airflow/example_dags/example_params_ui_tutorial.py
[2025-09-03T19:54:07.609+0200] {processor.py:753} INFO - DAG(s) dict_keys(['example_params_ui_tutorial']) retrieved from /home/varun/miniconda3/envs/python38/lib/python3.8/site-packages/airflow/example_dags/example_params_ui_tutorial.py
[2025-09-03T19:54:07.797+0200] {logging_mixin.py:137} INFO - [2025-09-03T19:54:07.797+0200] {dag.py:2705} INFO - Sync 1 DAGs
[2025-09-03T19:54:07.817+0200] {logging_mixin.py:137} INFO - [2025-09-03T19:54:07.817+0200] {dag.py:3452} INFO - Setting next_dagrun for example_params_ui_tutorial to None, run_after=None
[2025-09-03T19:54:07.847+0200] {processor.py:175} INFO - Processing /home/varun/miniconda3/envs/python38/lib/python3.8/site-packages/airflow/example_dags/example_params_ui_tutorial.py took 0.302 seconds
[2025-09-03T19:55:07.112+0200] {processor.py:153} INFO - Started process (PID=3825) to work on /home/varun/miniconda3/envs/python38/lib/python3.8/site-packages/airflow/example_dags/example_params_ui_tutorial.py
[2025-09-03T19:55:07.115+0200] {processor.py:743} INFO - Processing file /home/varun/miniconda3/envs/python38/lib/python3.8/site-packages/airflow/example_dags/example_params_ui_tutorial.py for tasks to queue
[2025-09-03T19:55:07.116+0200] {logging_mixin.py:137} INFO - [2025-09-03T19:55:07.115+0200] {dagbag.py:532} INFO - Filling up the DagBag from /home/varun/miniconda3/envs/python38/lib/python3.8/site-packages/airflow/example_dags/example_params_ui_tutorial.py
[2025-09-03T19:55:07.287+0200] {processor.py:753} INFO - DAG(s) dict_keys(['example_params_ui_tutorial']) retrieved from /home/varun/miniconda3/envs/python38/lib/python3.8/site-packages/airflow/example_dags/example_params_ui_tutorial.py
[2025-09-03T19:55:07.331+0200] {logging_mixin.py:137} INFO - [2025-09-03T19:55:07.331+0200] {dag.py:2705} INFO - Sync 1 DAGs
[2025-09-03T19:55:07.350+0200] {logging_mixin.py:137} INFO - [2025-09-03T19:55:07.350+0200] {dag.py:3452} INFO - Setting next_dagrun for example_params_ui_tutorial to None, run_after=None
[2025-09-03T19:55:07.378+0200] {processor.py:175} INFO - Processing /home/varun/miniconda3/envs/python38/lib/python3.8/site-packages/airflow/example_dags/example_params_ui_tutorial.py took 0.270 seconds
[2025-09-03T19:56:04.956+0200] {processor.py:153} INFO - Started process (PID=3883) to work on /home/varun/miniconda3/envs/python38/lib/python3.8/site-packages/airflow/example_dags/example_params_ui_tutorial.py
[2025-09-03T19:56:04.959+0200] {processor.py:743} INFO - Processing file /home/varun/miniconda3/envs/python38/lib/python3.8/site-packages/airflow/example_dags/example_params_ui_tutorial.py for tasks to queue
[2025-09-03T19:56:04.960+0200] {logging_mixin.py:137} INFO - [2025-09-03T19:56:04.959+0200] {dagbag.py:532} INFO - Filling up the DagBag from /home/varun/miniconda3/envs/python38/lib/python3.8/site-packages/airflow/example_dags/example_params_ui_tutorial.py
[2025-09-03T19:56:05.185+0200] {processor.py:753} INFO - DAG(s) dict_keys(['example_params_ui_tutorial']) retrieved from /home/varun/miniconda3/envs/python38/lib/python3.8/site-packages/airflow/example_dags/example_params_ui_tutorial.py
[2025-09-03T19:56:05.246+0200] {logging_mixin.py:137} INFO - [2025-09-03T19:56:05.246+0200] {dag.py:2705} INFO - Sync 1 DAGs
[2025-09-03T19:56:05.274+0200] {logging_mixin.py:137} INFO - [2025-09-03T19:56:05.274+0200] {dag.py:3452} INFO - Setting next_dagrun for example_params_ui_tutorial to None, run_after=None
[2025-09-03T19:56:05.318+0200] {processor.py:175} INFO - Processing /home/varun/miniconda3/envs/python38/lib/python3.8/site-packages/airflow/example_dags/example_params_ui_tutorial.py took 0.366 seconds
[2025-09-03T19:57:02.059+0200] {processor.py:153} INFO - Started process (PID=3926) to work on /home/varun/miniconda3/envs/python38/lib/python3.8/site-packages/airflow/example_dags/example_params_ui_tutorial.py
[2025-09-03T19:57:02.061+0200] {processor.py:743} INFO - Processing file /home/varun/miniconda3/envs/python38/lib/python3.8/site-packages/airflow/example_dags/example_params_ui_tutorial.py for tasks to queue
[2025-09-03T19:57:02.062+0200] {logging_mixin.py:137} INFO - [2025-09-03T19:57:02.062+0200] {dagbag.py:532} INFO - Filling up the DagBag from /home/varun/miniconda3/envs/python38/lib/python3.8/site-packages/airflow/example_dags/example_params_ui_tutorial.py
[2025-09-03T19:57:02.488+0200] {processor.py:753} INFO - DAG(s) dict_keys(['example_params_ui_tutorial']) retrieved from /home/varun/miniconda3/envs/python38/lib/python3.8/site-packages/airflow/example_dags/example_params_ui_tutorial.py
[2025-09-03T19:57:02.594+0200] {logging_mixin.py:137} INFO - [2025-09-03T19:57:02.594+0200] {dag.py:2705} INFO - Sync 1 DAGs
[2025-09-03T19:57:02.621+0200] {logging_mixin.py:137} INFO - [2025-09-03T19:57:02.621+0200] {dag.py:3452} INFO - Setting next_dagrun for example_params_ui_tutorial to None, run_after=None
[2025-09-03T19:57:02.662+0200] {processor.py:175} INFO - Processing /home/varun/miniconda3/envs/python38/lib/python3.8/site-packages/airflow/example_dags/example_params_ui_tutorial.py took 0.607 seconds
[2025-09-03T19:57:51.229+0200] {processor.py:153} INFO - Started process (PID=3972) to work on /home/varun/miniconda3/envs/python38/lib/python3.8/site-packages/airflow/example_dags/example_params_ui_tutorial.py
[2025-09-03T19:57:51.231+0200] {processor.py:743} INFO - Processing file /home/varun/miniconda3/envs/python38/lib/python3.8/site-packages/airflow/example_dags/example_params_ui_tutorial.py for tasks to queue
[2025-09-03T19:57:51.232+0200] {logging_mixin.py:137} INFO - [2025-09-03T19:57:51.231+0200] {dagbag.py:532} INFO - Filling up the DagBag from /home/varun/miniconda3/envs/python38/lib/python3.8/site-packages/airflow/example_dags/example_params_ui_tutorial.py
[2025-09-03T19:57:51.284+0200] {processor.py:753} INFO - DAG(s) dict_keys(['example_params_ui_tutorial']) retrieved from /home/varun/miniconda3/envs/python38/lib/python3.8/site-packages/airflow/example_dags/example_params_ui_tutorial.py
[2025-09-03T19:57:51.331+0200] {logging_mixin.py:137} INFO - [2025-09-03T19:57:51.331+0200] {dag.py:2705} INFO - Sync 1 DAGs
[2025-09-03T19:57:51.350+0200] {logging_mixin.py:137} INFO - [2025-09-03T19:57:51.350+0200] {dag.py:3452} INFO - Setting next_dagrun for example_params_ui_tutorial to None, run_after=None
[2025-09-03T19:57:51.375+0200] {processor.py:175} INFO - Processing /home/varun/miniconda3/envs/python38/lib/python3.8/site-packages/airflow/example_dags/example_params_ui_tutorial.py took 0.149 seconds
[2025-09-03T20:01:00.934+0200] {processor.py:153} INFO - Started process (PID=4043) to work on /home/varun/miniconda3/envs/python38/lib/python3.8/site-packages/airflow/example_dags/example_params_ui_tutorial.py
[2025-09-03T20:01:00.935+0200] {processor.py:743} INFO - Processing file /home/varun/miniconda3/envs/python38/lib/python3.8/site-packages/airflow/example_dags/example_params_ui_tutorial.py for tasks to queue
[2025-09-03T20:01:00.936+0200] {logging_mixin.py:137} INFO - [2025-09-03T20:01:00.936+0200] {dagbag.py:532} INFO - Filling up the DagBag from /home/varun/miniconda3/envs/python38/lib/python3.8/site-packages/airflow/example_dags/example_params_ui_tutorial.py
[2025-09-03T20:01:00.986+0200] {processor.py:753} INFO - DAG(s) dict_keys(['example_params_ui_tutorial']) retrieved from /home/varun/miniconda3/envs/python38/lib/python3.8/site-packages/airflow/example_dags/example_params_ui_tutorial.py
[2025-09-03T20:01:01.031+0200] {logging_mixin.py:137} INFO - [2025-09-03T20:01:01.031+0200] {dag.py:2705} INFO - Sync 1 DAGs
[2025-09-03T20:01:01.050+0200] {logging_mixin.py:137} INFO - [2025-09-03T20:01:01.049+0200] {dag.py:3452} INFO - Setting next_dagrun for example_params_ui_tutorial to None, run_after=None
[2025-09-03T20:01:01.071+0200] {processor.py:175} INFO - Processing /home/varun/miniconda3/envs/python38/lib/python3.8/site-packages/airflow/example_dags/example_params_ui_tutorial.py took 0.141 seconds
[2025-09-03T20:01:46.278+0200] {processor.py:153} INFO - Started process (PID=4090) to work on /home/varun/miniconda3/envs/python38/lib/python3.8/site-packages/airflow/example_dags/example_params_ui_tutorial.py
[2025-09-03T20:01:46.280+0200] {processor.py:743} INFO - Processing file /home/varun/miniconda3/envs/python38/lib/python3.8/site-packages/airflow/example_dags/example_params_ui_tutorial.py for tasks to queue
[2025-09-03T20:01:46.281+0200] {logging_mixin.py:137} INFO - [2025-09-03T20:01:46.280+0200] {dagbag.py:532} INFO - Filling up the DagBag from /home/varun/miniconda3/envs/python38/lib/python3.8/site-packages/airflow/example_dags/example_params_ui_tutorial.py
[2025-09-03T20:01:46.327+0200] {processor.py:753} INFO - DAG(s) dict_keys(['example_params_ui_tutorial']) retrieved from /home/varun/miniconda3/envs/python38/lib/python3.8/site-packages/airflow/example_dags/example_params_ui_tutorial.py
[2025-09-03T20:01:46.378+0200] {logging_mixin.py:137} INFO - [2025-09-03T20:01:46.378+0200] {dag.py:2705} INFO - Sync 1 DAGs
[2025-09-03T20:01:46.406+0200] {logging_mixin.py:137} INFO - [2025-09-03T20:01:46.405+0200] {dag.py:3452} INFO - Setting next_dagrun for example_params_ui_tutorial to None, run_after=None
[2025-09-03T20:01:46.443+0200] {processor.py:175} INFO - Processing /home/varun/miniconda3/envs/python38/lib/python3.8/site-packages/airflow/example_dags/example_params_ui_tutorial.py took 0.170 seconds
[2025-09-03T20:02:31.817+0200] {processor.py:153} INFO - Started process (PID=4132) to work on /home/varun/miniconda3/envs/python38/lib/python3.8/site-packages/airflow/example_dags/example_params_ui_tutorial.py
[2025-09-03T20:02:31.820+0200] {processor.py:743} INFO - Processing file /home/varun/miniconda3/envs/python38/lib/python3.8/site-packages/airflow/example_dags/example_params_ui_tutorial.py for tasks to queue
[2025-09-03T20:02:31.822+0200] {logging_mixin.py:137} INFO - [2025-09-03T20:02:31.821+0200] {dagbag.py:532} INFO - Filling up the DagBag from /home/varun/miniconda3/envs/python38/lib/python3.8/site-packages/airflow/example_dags/example_params_ui_tutorial.py
[2025-09-03T20:02:31.940+0200] {processor.py:753} INFO - DAG(s) dict_keys(['example_params_ui_tutorial']) retrieved from /home/varun/miniconda3/envs/python38/lib/python3.8/site-packages/airflow/example_dags/example_params_ui_tutorial.py
[2025-09-03T20:02:32.036+0200] {logging_mixin.py:137} INFO - [2025-09-03T20:02:32.036+0200] {dag.py:2705} INFO - Sync 1 DAGs
[2025-09-03T20:02:32.064+0200] {logging_mixin.py:137} INFO - [2025-09-03T20:02:32.064+0200] {dag.py:3452} INFO - Setting next_dagrun for example_params_ui_tutorial to None, run_after=None
[2025-09-03T20:02:32.099+0200] {processor.py:175} INFO - Processing /home/varun/miniconda3/envs/python38/lib/python3.8/site-packages/airflow/example_dags/example_params_ui_tutorial.py took 0.290 seconds
[2025-09-03T20:03:22.339+0200] {processor.py:153} INFO - Started process (PID=4174) to work on /home/varun/miniconda3/envs/python38/lib/python3.8/site-packages/airflow/example_dags/example_params_ui_tutorial.py
[2025-09-03T20:03:22.342+0200] {processor.py:743} INFO - Processing file /home/varun/miniconda3/envs/python38/lib/python3.8/site-packages/airflow/example_dags/example_params_ui_tutorial.py for tasks to queue
[2025-09-03T20:03:22.342+0200] {logging_mixin.py:137} INFO - [2025-09-03T20:03:22.342+0200] {dagbag.py:532} INFO - Filling up the DagBag from /home/varun/miniconda3/envs/python38/lib/python3.8/site-packages/airflow/example_dags/example_params_ui_tutorial.py
[2025-09-03T20:03:22.387+0200] {processor.py:753} INFO - DAG(s) dict_keys(['example_params_ui_tutorial']) retrieved from /home/varun/miniconda3/envs/python38/lib/python3.8/site-packages/airflow/example_dags/example_params_ui_tutorial.py
[2025-09-03T20:03:22.433+0200] {logging_mixin.py:137} INFO - [2025-09-03T20:03:22.432+0200] {dag.py:2705} INFO - Sync 1 DAGs
[2025-09-03T20:03:22.449+0200] {logging_mixin.py:137} INFO - [2025-09-03T20:03:22.448+0200] {dag.py:3452} INFO - Setting next_dagrun for example_params_ui_tutorial to None, run_after=None
[2025-09-03T20:03:22.469+0200] {processor.py:175} INFO - Processing /home/varun/miniconda3/envs/python38/lib/python3.8/site-packages/airflow/example_dags/example_params_ui_tutorial.py took 0.133 seconds
[2025-09-03T20:04:09.359+0200] {processor.py:153} INFO - Started process (PID=4216) to work on /home/varun/miniconda3/envs/python38/lib/python3.8/site-packages/airflow/example_dags/example_params_ui_tutorial.py
[2025-09-03T20:04:09.361+0200] {processor.py:743} INFO - Processing file /home/varun/miniconda3/envs/python38/lib/python3.8/site-packages/airflow/example_dags/example_params_ui_tutorial.py for tasks to queue
[2025-09-03T20:04:09.361+0200] {logging_mixin.py:137} INFO - [2025-09-03T20:04:09.361+0200] {dagbag.py:532} INFO - Filling up the DagBag from /home/varun/miniconda3/envs/python38/lib/python3.8/site-packages/airflow/example_dags/example_params_ui_tutorial.py
[2025-09-03T20:04:09.407+0200] {processor.py:753} INFO - DAG(s) dict_keys(['example_params_ui_tutorial']) retrieved from /home/varun/miniconda3/envs/python38/lib/python3.8/site-packages/airflow/example_dags/example_params_ui_tutorial.py
[2025-09-03T20:04:09.452+0200] {logging_mixin.py:137} INFO - [2025-09-03T20:04:09.452+0200] {dag.py:2705} INFO - Sync 1 DAGs
[2025-09-03T20:04:09.471+0200] {logging_mixin.py:137} INFO - [2025-09-03T20:04:09.471+0200] {dag.py:3452} INFO - Setting next_dagrun for example_params_ui_tutorial to None, run_after=None
[2025-09-03T20:04:09.497+0200] {processor.py:175} INFO - Processing /home/varun/miniconda3/envs/python38/lib/python3.8/site-packages/airflow/example_dags/example_params_ui_tutorial.py took 0.141 seconds
[2025-09-03T20:05:01.873+0200] {processor.py:153} INFO - Started process (PID=4264) to work on /home/varun/miniconda3/envs/python38/lib/python3.8/site-packages/airflow/example_dags/example_params_ui_tutorial.py
[2025-09-03T20:05:01.875+0200] {processor.py:743} INFO - Processing file /home/varun/miniconda3/envs/python38/lib/python3.8/site-packages/airflow/example_dags/example_params_ui_tutorial.py for tasks to queue
[2025-09-03T20:05:01.876+0200] {logging_mixin.py:137} INFO - [2025-09-03T20:05:01.876+0200] {dagbag.py:532} INFO - Filling up the DagBag from /home/varun/miniconda3/envs/python38/lib/python3.8/site-packages/airflow/example_dags/example_params_ui_tutorial.py
[2025-09-03T20:05:01.936+0200] {processor.py:753} INFO - DAG(s) dict_keys(['example_params_ui_tutorial']) retrieved from /home/varun/miniconda3/envs/python38/lib/python3.8/site-packages/airflow/example_dags/example_params_ui_tutorial.py
[2025-09-03T20:05:02.080+0200] {logging_mixin.py:137} INFO - [2025-09-03T20:05:02.080+0200] {manager.py:504} INFO - Created Permission View: can delete on DAG:example_params_ui_tutorial
[2025-09-03T20:05:02.093+0200] {logging_mixin.py:137} INFO - [2025-09-03T20:05:02.093+0200] {manager.py:504} INFO - Created Permission View: can read on DAG:example_params_ui_tutorial
[2025-09-03T20:05:02.104+0200] {logging_mixin.py:137} INFO - [2025-09-03T20:05:02.104+0200] {manager.py:504} INFO - Created Permission View: can edit on DAG:example_params_ui_tutorial
[2025-09-03T20:05:02.105+0200] {logging_mixin.py:137} INFO - [2025-09-03T20:05:02.105+0200] {dag.py:2705} INFO - Sync 1 DAGs
[2025-09-03T20:05:02.114+0200] {logging_mixin.py:137} INFO - [2025-09-03T20:05:02.113+0200] {dag.py:2726} INFO - Creating ORM DAG for example_params_ui_tutorial
[2025-09-03T20:05:02.122+0200] {logging_mixin.py:137} INFO - [2025-09-03T20:05:02.122+0200] {dag.py:3452} INFO - Setting next_dagrun for example_params_ui_tutorial to None, run_after=None
[2025-09-03T20:05:02.371+0200] {processor.py:175} INFO - Processing /home/varun/miniconda3/envs/python38/lib/python3.8/site-packages/airflow/example_dags/example_params_ui_tutorial.py took 0.502 seconds
[2025-09-03T20:05:57.839+0200] {processor.py:153} INFO - Started process (PID=4319) to work on /home/varun/miniconda3/envs/python38/lib/python3.8/site-packages/airflow/example_dags/example_params_ui_tutorial.py
[2025-09-03T20:05:57.842+0200] {processor.py:743} INFO - Processing file /home/varun/miniconda3/envs/python38/lib/python3.8/site-packages/airflow/example_dags/example_params_ui_tutorial.py for tasks to queue
[2025-09-03T20:05:57.842+0200] {logging_mixin.py:137} INFO - [2025-09-03T20:05:57.842+0200] {dagbag.py:532} INFO - Filling up the DagBag from /home/varun/miniconda3/envs/python38/lib/python3.8/site-packages/airflow/example_dags/example_params_ui_tutorial.py
[2025-09-03T20:05:57.899+0200] {processor.py:753} INFO - DAG(s) dict_keys(['example_params_ui_tutorial']) retrieved from /home/varun/miniconda3/envs/python38/lib/python3.8/site-packages/airflow/example_dags/example_params_ui_tutorial.py
[2025-09-03T20:05:57.959+0200] {logging_mixin.py:137} INFO - [2025-09-03T20:05:57.958+0200] {dag.py:2705} INFO - Sync 1 DAGs
[2025-09-03T20:05:57.988+0200] {logging_mixin.py:137} INFO - [2025-09-03T20:05:57.988+0200] {dag.py:3452} INFO - Setting next_dagrun for example_params_ui_tutorial to None, run_after=None
[2025-09-03T20:05:58.031+0200] {processor.py:175} INFO - Processing /home/varun/miniconda3/envs/python38/lib/python3.8/site-packages/airflow/example_dags/example_params_ui_tutorial.py took 0.195 seconds
[2025-09-03T20:06:44.424+0200] {processor.py:153} INFO - Started process (PID=4363) to work on /home/varun/miniconda3/envs/python38/lib/python3.8/site-packages/airflow/example_dags/example_params_ui_tutorial.py
[2025-09-03T20:06:44.430+0200] {processor.py:743} INFO - Processing file /home/varun/miniconda3/envs/python38/lib/python3.8/site-packages/airflow/example_dags/example_params_ui_tutorial.py for tasks to queue
[2025-09-03T20:06:44.431+0200] {logging_mixin.py:137} INFO - [2025-09-03T20:06:44.431+0200] {dagbag.py:532} INFO - Filling up the DagBag from /home/varun/miniconda3/envs/python38/lib/python3.8/site-packages/airflow/example_dags/example_params_ui_tutorial.py
[2025-09-03T20:06:44.473+0200] {processor.py:753} INFO - DAG(s) dict_keys(['example_params_ui_tutorial']) retrieved from /home/varun/miniconda3/envs/python38/lib/python3.8/site-packages/airflow/example_dags/example_params_ui_tutorial.py
[2025-09-03T20:06:44.514+0200] {logging_mixin.py:137} INFO - [2025-09-03T20:06:44.514+0200] {dag.py:2705} INFO - Sync 1 DAGs
[2025-09-03T20:06:44.528+0200] {logging_mixin.py:137} INFO - [2025-09-03T20:06:44.528+0200] {dag.py:3452} INFO - Setting next_dagrun for example_params_ui_tutorial to None, run_after=None
[2025-09-03T20:06:44.548+0200] {processor.py:175} INFO - Processing /home/varun/miniconda3/envs/python38/lib/python3.8/site-packages/airflow/example_dags/example_params_ui_tutorial.py took 0.128 seconds
[2025-09-03T20:07:35.082+0200] {processor.py:153} INFO - Started process (PID=4427) to work on /home/varun/miniconda3/envs/python38/lib/python3.8/site-packages/airflow/example_dags/example_params_ui_tutorial.py
[2025-09-03T20:07:35.084+0200] {processor.py:743} INFO - Processing file /home/varun/miniconda3/envs/python38/lib/python3.8/site-packages/airflow/example_dags/example_params_ui_tutorial.py for tasks to queue
[2025-09-03T20:07:35.085+0200] {logging_mixin.py:137} INFO - [2025-09-03T20:07:35.084+0200] {dagbag.py:532} INFO - Filling up the DagBag from /home/varun/miniconda3/envs/python38/lib/python3.8/site-packages/airflow/example_dags/example_params_ui_tutorial.py
[2025-09-03T20:07:35.136+0200] {processor.py:753} INFO - DAG(s) dict_keys(['example_params_ui_tutorial']) retrieved from /home/varun/miniconda3/envs/python38/lib/python3.8/site-packages/airflow/example_dags/example_params_ui_tutorial.py
[2025-09-03T20:07:35.183+0200] {logging_mixin.py:137} INFO - [2025-09-03T20:07:35.183+0200] {dag.py:2705} INFO - Sync 1 DAGs
[2025-09-03T20:07:35.202+0200] {logging_mixin.py:137} INFO - [2025-09-03T20:07:35.202+0200] {dag.py:3452} INFO - Setting next_dagrun for example_params_ui_tutorial to None, run_after=None
[2025-09-03T20:07:35.225+0200] {processor.py:175} INFO - Processing /home/varun/miniconda3/envs/python38/lib/python3.8/site-packages/airflow/example_dags/example_params_ui_tutorial.py took 0.147 seconds
[2025-09-03T20:08:21.692+0200] {processor.py:153} INFO - Started process (PID=4471) to work on /home/varun/miniconda3/envs/python38/lib/python3.8/site-packages/airflow/example_dags/example_params_ui_tutorial.py
[2025-09-03T20:08:21.694+0200] {processor.py:743} INFO - Processing file /home/varun/miniconda3/envs/python38/lib/python3.8/site-packages/airflow/example_dags/example_params_ui_tutorial.py for tasks to queue
[2025-09-03T20:08:21.695+0200] {logging_mixin.py:137} INFO - [2025-09-03T20:08:21.695+0200] {dagbag.py:532} INFO - Filling up the DagBag from /home/varun/miniconda3/envs/python38/lib/python3.8/site-packages/airflow/example_dags/example_params_ui_tutorial.py
[2025-09-03T20:08:21.745+0200] {processor.py:753} INFO - DAG(s) dict_keys(['example_params_ui_tutorial']) retrieved from /home/varun/miniconda3/envs/python38/lib/python3.8/site-packages/airflow/example_dags/example_params_ui_tutorial.py
[2025-09-03T20:08:21.790+0200] {logging_mixin.py:137} INFO - [2025-09-03T20:08:21.790+0200] {dag.py:2705} INFO - Sync 1 DAGs
[2025-09-03T20:08:21.813+0200] {logging_mixin.py:137} INFO - [2025-09-03T20:08:21.813+0200] {dag.py:3452} INFO - Setting next_dagrun for example_params_ui_tutorial to None, run_after=None
[2025-09-03T20:08:21.842+0200] {processor.py:175} INFO - Processing /home/varun/miniconda3/envs/python38/lib/python3.8/site-packages/airflow/example_dags/example_params_ui_tutorial.py took 0.153 seconds
[2025-09-03T20:09:38.922+0200] {processor.py:153} INFO - Started process (PID=4530) to work on /home/varun/miniconda3/envs/python38/lib/python3.8/site-packages/airflow/example_dags/example_params_ui_tutorial.py
[2025-09-03T20:09:38.926+0200] {processor.py:743} INFO - Processing file /home/varun/miniconda3/envs/python38/lib/python3.8/site-packages/airflow/example_dags/example_params_ui_tutorial.py for tasks to queue
[2025-09-03T20:09:38.928+0200] {logging_mixin.py:137} INFO - [2025-09-03T20:09:38.928+0200] {dagbag.py:532} INFO - Filling up the DagBag from /home/varun/miniconda3/envs/python38/lib/python3.8/site-packages/airflow/example_dags/example_params_ui_tutorial.py
[2025-09-03T20:09:39.019+0200] {processor.py:753} INFO - DAG(s) dict_keys(['example_params_ui_tutorial']) retrieved from /home/varun/miniconda3/envs/python38/lib/python3.8/site-packages/airflow/example_dags/example_params_ui_tutorial.py
[2025-09-03T20:09:39.098+0200] {logging_mixin.py:137} INFO - [2025-09-03T20:09:39.098+0200] {dag.py:2705} INFO - Sync 1 DAGs
[2025-09-03T20:09:39.129+0200] {logging_mixin.py:137} INFO - [2025-09-03T20:09:39.129+0200] {dag.py:3452} INFO - Setting next_dagrun for example_params_ui_tutorial to None, run_after=None
[2025-09-03T20:09:39.164+0200] {processor.py:175} INFO - Processing /home/varun/miniconda3/envs/python38/lib/python3.8/site-packages/airflow/example_dags/example_params_ui_tutorial.py took 0.250 seconds
[2025-09-03T20:10:25.371+0200] {processor.py:153} INFO - Started process (PID=4572) to work on /home/varun/miniconda3/envs/python38/lib/python3.8/site-packages/airflow/example_dags/example_params_ui_tutorial.py
[2025-09-03T20:10:25.373+0200] {processor.py:743} INFO - Processing file /home/varun/miniconda3/envs/python38/lib/python3.8/site-packages/airflow/example_dags/example_params_ui_tutorial.py for tasks to queue
[2025-09-03T20:10:25.374+0200] {logging_mixin.py:137} INFO - [2025-09-03T20:10:25.373+0200] {dagbag.py:532} INFO - Filling up the DagBag from /home/varun/miniconda3/envs/python38/lib/python3.8/site-packages/airflow/example_dags/example_params_ui_tutorial.py
[2025-09-03T20:10:25.434+0200] {processor.py:753} INFO - DAG(s) dict_keys(['example_params_ui_tutorial']) retrieved from /home/varun/miniconda3/envs/python38/lib/python3.8/site-packages/airflow/example_dags/example_params_ui_tutorial.py
[2025-09-03T20:10:25.484+0200] {logging_mixin.py:137} INFO - [2025-09-03T20:10:25.484+0200] {dag.py:2705} INFO - Sync 1 DAGs
[2025-09-03T20:10:25.511+0200] {logging_mixin.py:137} INFO - [2025-09-03T20:10:25.511+0200] {dag.py:3452} INFO - Setting next_dagrun for example_params_ui_tutorial to None, run_after=None
[2025-09-03T20:10:25.543+0200] {processor.py:175} INFO - Processing /home/varun/miniconda3/envs/python38/lib/python3.8/site-packages/airflow/example_dags/example_params_ui_tutorial.py took 0.184 seconds
[2025-09-03T20:11:13.798+0200] {processor.py:153} INFO - Started process (PID=4614) to work on /home/varun/miniconda3/envs/python38/lib/python3.8/site-packages/airflow/example_dags/example_params_ui_tutorial.py
[2025-09-03T20:11:13.799+0200] {processor.py:743} INFO - Processing file /home/varun/miniconda3/envs/python38/lib/python3.8/site-packages/airflow/example_dags/example_params_ui_tutorial.py for tasks to queue
[2025-09-03T20:11:13.800+0200] {logging_mixin.py:137} INFO - [2025-09-03T20:11:13.800+0200] {dagbag.py:532} INFO - Filling up the DagBag from /home/varun/miniconda3/envs/python38/lib/python3.8/site-packages/airflow/example_dags/example_params_ui_tutorial.py
[2025-09-03T20:11:13.842+0200] {processor.py:753} INFO - DAG(s) dict_keys(['example_params_ui_tutorial']) retrieved from /home/varun/miniconda3/envs/python38/lib/python3.8/site-packages/airflow/example_dags/example_params_ui_tutorial.py
[2025-09-03T20:11:13.886+0200] {logging_mixin.py:137} INFO - [2025-09-03T20:11:13.886+0200] {dag.py:2705} INFO - Sync 1 DAGs
[2025-09-03T20:11:13.901+0200] {logging_mixin.py:137} INFO - [2025-09-03T20:11:13.901+0200] {dag.py:3452} INFO - Setting next_dagrun for example_params_ui_tutorial to None, run_after=None
[2025-09-03T20:11:13.927+0200] {processor.py:175} INFO - Processing /home/varun/miniconda3/envs/python38/lib/python3.8/site-packages/airflow/example_dags/example_params_ui_tutorial.py took 0.132 seconds
[2025-09-03T20:11:57.666+0200] {processor.py:153} INFO - Started process (PID=4656) to work on /home/varun/miniconda3/envs/python38/lib/python3.8/site-packages/airflow/example_dags/example_params_ui_tutorial.py
[2025-09-03T20:11:57.668+0200] {processor.py:743} INFO - Processing file /home/varun/miniconda3/envs/python38/lib/python3.8/site-packages/airflow/example_dags/example_params_ui_tutorial.py for tasks to queue
[2025-09-03T20:11:57.668+0200] {logging_mixin.py:137} INFO - [2025-09-03T20:11:57.668+0200] {dagbag.py:532} INFO - Filling up the DagBag from /home/varun/miniconda3/envs/python38/lib/python3.8/site-packages/airflow/example_dags/example_params_ui_tutorial.py
[2025-09-03T20:11:57.715+0200] {processor.py:753} INFO - DAG(s) dict_keys(['example_params_ui_tutorial']) retrieved from /home/varun/miniconda3/envs/python38/lib/python3.8/site-packages/airflow/example_dags/example_params_ui_tutorial.py
[2025-09-03T20:11:57.764+0200] {logging_mixin.py:137} INFO - [2025-09-03T20:11:57.764+0200] {dag.py:2705} INFO - Sync 1 DAGs
[2025-09-03T20:11:57.782+0200] {logging_mixin.py:137} INFO - [2025-09-03T20:11:57.782+0200] {dag.py:3452} INFO - Setting next_dagrun for example_params_ui_tutorial to None, run_after=None
[2025-09-03T20:11:57.808+0200] {processor.py:175} INFO - Processing /home/varun/miniconda3/envs/python38/lib/python3.8/site-packages/airflow/example_dags/example_params_ui_tutorial.py took 0.145 seconds
[2025-09-03T20:12:44.664+0200] {processor.py:153} INFO - Started process (PID=4699) to work on /home/varun/miniconda3/envs/python38/lib/python3.8/site-packages/airflow/example_dags/example_params_ui_tutorial.py
[2025-09-03T20:12:44.665+0200] {processor.py:743} INFO - Processing file /home/varun/miniconda3/envs/python38/lib/python3.8/site-packages/airflow/example_dags/example_params_ui_tutorial.py for tasks to queue
[2025-09-03T20:12:44.666+0200] {logging_mixin.py:137} INFO - [2025-09-03T20:12:44.666+0200] {dagbag.py:532} INFO - Filling up the DagBag from /home/varun/miniconda3/envs/python38/lib/python3.8/site-packages/airflow/example_dags/example_params_ui_tutorial.py
[2025-09-03T20:12:44.708+0200] {processor.py:753} INFO - DAG(s) dict_keys(['example_params_ui_tutorial']) retrieved from /home/varun/miniconda3/envs/python38/lib/python3.8/site-packages/airflow/example_dags/example_params_ui_tutorial.py
[2025-09-03T20:12:44.754+0200] {logging_mixin.py:137} INFO - [2025-09-03T20:12:44.754+0200] {dag.py:2705} INFO - Sync 1 DAGs
[2025-09-03T20:12:44.772+0200] {logging_mixin.py:137} INFO - [2025-09-03T20:12:44.772+0200] {dag.py:3452} INFO - Setting next_dagrun for example_params_ui_tutorial to None, run_after=None
[2025-09-03T20:12:44.796+0200] {processor.py:175} INFO - Processing /home/varun/miniconda3/envs/python38/lib/python3.8/site-packages/airflow/example_dags/example_params_ui_tutorial.py took 0.136 seconds
[2025-09-03T20:13:34.904+0200] {processor.py:153} INFO - Started process (PID=4741) to work on /home/varun/miniconda3/envs/python38/lib/python3.8/site-packages/airflow/example_dags/example_params_ui_tutorial.py
[2025-09-03T20:13:34.906+0200] {processor.py:743} INFO - Processing file /home/varun/miniconda3/envs/python38/lib/python3.8/site-packages/airflow/example_dags/example_params_ui_tutorial.py for tasks to queue
[2025-09-03T20:13:34.906+0200] {logging_mixin.py:137} INFO - [2025-09-03T20:13:34.906+0200] {dagbag.py:532} INFO - Filling up the DagBag from /home/varun/miniconda3/envs/python38/lib/python3.8/site-packages/airflow/example_dags/example_params_ui_tutorial.py
[2025-09-03T20:13:34.948+0200] {processor.py:753} INFO - DAG(s) dict_keys(['example_params_ui_tutorial']) retrieved from /home/varun/miniconda3/envs/python38/lib/python3.8/site-packages/airflow/example_dags/example_params_ui_tutorial.py
[2025-09-03T20:13:34.991+0200] {logging_mixin.py:137} INFO - [2025-09-03T20:13:34.991+0200] {dag.py:2705} INFO - Sync 1 DAGs
[2025-09-03T20:13:35.008+0200] {logging_mixin.py:137} INFO - [2025-09-03T20:13:35.007+0200] {dag.py:3452} INFO - Setting next_dagrun for example_params_ui_tutorial to None, run_after=None
[2025-09-03T20:13:35.030+0200] {processor.py:175} INFO - Processing /home/varun/miniconda3/envs/python38/lib/python3.8/site-packages/airflow/example_dags/example_params_ui_tutorial.py took 0.130 seconds
[2025-09-03T20:14:19.845+0200] {processor.py:153} INFO - Started process (PID=4783) to work on /home/varun/miniconda3/envs/python38/lib/python3.8/site-packages/airflow/example_dags/example_params_ui_tutorial.py
[2025-09-03T20:14:19.847+0200] {processor.py:743} INFO - Processing file /home/varun/miniconda3/envs/python38/lib/python3.8/site-packages/airflow/example_dags/example_params_ui_tutorial.py for tasks to queue
[2025-09-03T20:14:19.848+0200] {logging_mixin.py:137} INFO - [2025-09-03T20:14:19.848+0200] {dagbag.py:532} INFO - Filling up the DagBag from /home/varun/miniconda3/envs/python38/lib/python3.8/site-packages/airflow/example_dags/example_params_ui_tutorial.py
[2025-09-03T20:14:19.886+0200] {processor.py:753} INFO - DAG(s) dict_keys(['example_params_ui_tutorial']) retrieved from /home/varun/miniconda3/envs/python38/lib/python3.8/site-packages/airflow/example_dags/example_params_ui_tutorial.py
[2025-09-03T20:14:19.925+0200] {logging_mixin.py:137} INFO - [2025-09-03T20:14:19.924+0200] {dag.py:2705} INFO - Sync 1 DAGs
[2025-09-03T20:14:19.942+0200] {logging_mixin.py:137} INFO - [2025-09-03T20:14:19.941+0200] {dag.py:3452} INFO - Setting next_dagrun for example_params_ui_tutorial to None, run_after=None
[2025-09-03T20:14:19.962+0200] {processor.py:175} INFO - Processing /home/varun/miniconda3/envs/python38/lib/python3.8/site-packages/airflow/example_dags/example_params_ui_tutorial.py took 0.120 seconds
[2025-09-03T20:15:01.024+0200] {processor.py:153} INFO - Started process (PID=4825) to work on /home/varun/miniconda3/envs/python38/lib/python3.8/site-packages/airflow/example_dags/example_params_ui_tutorial.py
[2025-09-03T20:15:01.026+0200] {processor.py:743} INFO - Processing file /home/varun/miniconda3/envs/python38/lib/python3.8/site-packages/airflow/example_dags/example_params_ui_tutorial.py for tasks to queue
[2025-09-03T20:15:01.026+0200] {logging_mixin.py:137} INFO - [2025-09-03T20:15:01.026+0200] {dagbag.py:532} INFO - Filling up the DagBag from /home/varun/miniconda3/envs/python38/lib/python3.8/site-packages/airflow/example_dags/example_params_ui_tutorial.py
[2025-09-03T20:15:01.070+0200] {processor.py:753} INFO - DAG(s) dict_keys(['example_params_ui_tutorial']) retrieved from /home/varun/miniconda3/envs/python38/lib/python3.8/site-packages/airflow/example_dags/example_params_ui_tutorial.py
[2025-09-03T20:15:01.115+0200] {logging_mixin.py:137} INFO - [2025-09-03T20:15:01.115+0200] {dag.py:2705} INFO - Sync 1 DAGs
[2025-09-03T20:15:01.129+0200] {logging_mixin.py:137} INFO - [2025-09-03T20:15:01.129+0200] {dag.py:3452} INFO - Setting next_dagrun for example_params_ui_tutorial to None, run_after=None
[2025-09-03T20:15:01.149+0200] {processor.py:175} INFO - Processing /home/varun/miniconda3/envs/python38/lib/python3.8/site-packages/airflow/example_dags/example_params_ui_tutorial.py took 0.129 seconds
[2025-09-03T20:15:46.978+0200] {processor.py:153} INFO - Started process (PID=4867) to work on /home/varun/miniconda3/envs/python38/lib/python3.8/site-packages/airflow/example_dags/example_params_ui_tutorial.py
[2025-09-03T20:15:46.980+0200] {processor.py:743} INFO - Processing file /home/varun/miniconda3/envs/python38/lib/python3.8/site-packages/airflow/example_dags/example_params_ui_tutorial.py for tasks to queue
[2025-09-03T20:15:46.981+0200] {logging_mixin.py:137} INFO - [2025-09-03T20:15:46.981+0200] {dagbag.py:532} INFO - Filling up the DagBag from /home/varun/miniconda3/envs/python38/lib/python3.8/site-packages/airflow/example_dags/example_params_ui_tutorial.py
[2025-09-03T20:15:47.026+0200] {processor.py:753} INFO - DAG(s) dict_keys(['example_params_ui_tutorial']) retrieved from /home/varun/miniconda3/envs/python38/lib/python3.8/site-packages/airflow/example_dags/example_params_ui_tutorial.py
[2025-09-03T20:15:47.071+0200] {logging_mixin.py:137} INFO - [2025-09-03T20:15:47.071+0200] {dag.py:2705} INFO - Sync 1 DAGs
[2025-09-03T20:15:47.088+0200] {logging_mixin.py:137} INFO - [2025-09-03T20:15:47.088+0200] {dag.py:3452} INFO - Setting next_dagrun for example_params_ui_tutorial to None, run_after=None
[2025-09-03T20:15:47.110+0200] {processor.py:175} INFO - Processing /home/varun/miniconda3/envs/python38/lib/python3.8/site-packages/airflow/example_dags/example_params_ui_tutorial.py took 0.135 seconds
[2025-09-03T20:16:35.753+0200] {processor.py:153} INFO - Started process (PID=4909) to work on /home/varun/miniconda3/envs/python38/lib/python3.8/site-packages/airflow/example_dags/example_params_ui_tutorial.py
[2025-09-03T20:16:35.754+0200] {processor.py:743} INFO - Processing file /home/varun/miniconda3/envs/python38/lib/python3.8/site-packages/airflow/example_dags/example_params_ui_tutorial.py for tasks to queue
[2025-09-03T20:16:35.754+0200] {logging_mixin.py:137} INFO - [2025-09-03T20:16:35.754+0200] {dagbag.py:532} INFO - Filling up the DagBag from /home/varun/miniconda3/envs/python38/lib/python3.8/site-packages/airflow/example_dags/example_params_ui_tutorial.py
[2025-09-03T20:16:35.795+0200] {processor.py:753} INFO - DAG(s) dict_keys(['example_params_ui_tutorial']) retrieved from /home/varun/miniconda3/envs/python38/lib/python3.8/site-packages/airflow/example_dags/example_params_ui_tutorial.py
[2025-09-03T20:16:35.833+0200] {logging_mixin.py:137} INFO - [2025-09-03T20:16:35.833+0200] {dag.py:2705} INFO - Sync 1 DAGs
[2025-09-03T20:16:35.848+0200] {logging_mixin.py:137} INFO - [2025-09-03T20:16:35.848+0200] {dag.py:3452} INFO - Setting next_dagrun for example_params_ui_tutorial to None, run_after=None
[2025-09-03T20:16:35.870+0200] {processor.py:175} INFO - Processing /home/varun/miniconda3/envs/python38/lib/python3.8/site-packages/airflow/example_dags/example_params_ui_tutorial.py took 0.120 seconds
[2025-09-03T20:17:20.569+0200] {processor.py:153} INFO - Started process (PID=4954) to work on /home/varun/miniconda3/envs/python38/lib/python3.8/site-packages/airflow/example_dags/example_params_ui_tutorial.py
[2025-09-03T20:17:20.571+0200] {processor.py:743} INFO - Processing file /home/varun/miniconda3/envs/python38/lib/python3.8/site-packages/airflow/example_dags/example_params_ui_tutorial.py for tasks to queue
[2025-09-03T20:17:20.572+0200] {logging_mixin.py:137} INFO - [2025-09-03T20:17:20.572+0200] {dagbag.py:532} INFO - Filling up the DagBag from /home/varun/miniconda3/envs/python38/lib/python3.8/site-packages/airflow/example_dags/example_params_ui_tutorial.py
[2025-09-03T20:17:20.619+0200] {processor.py:753} INFO - DAG(s) dict_keys(['example_params_ui_tutorial']) retrieved from /home/varun/miniconda3/envs/python38/lib/python3.8/site-packages/airflow/example_dags/example_params_ui_tutorial.py
[2025-09-03T20:17:20.669+0200] {logging_mixin.py:137} INFO - [2025-09-03T20:17:20.668+0200] {dag.py:2705} INFO - Sync 1 DAGs
[2025-09-03T20:17:20.690+0200] {logging_mixin.py:137} INFO - [2025-09-03T20:17:20.690+0200] {dag.py:3452} INFO - Setting next_dagrun for example_params_ui_tutorial to None, run_after=None
[2025-09-03T20:17:20.842+0200] {processor.py:175} INFO - Processing /home/varun/miniconda3/envs/python38/lib/python3.8/site-packages/airflow/example_dags/example_params_ui_tutorial.py took 0.276 seconds
[2025-09-03T20:18:04.270+0200] {processor.py:153} INFO - Started process (PID=4996) to work on /home/varun/miniconda3/envs/python38/lib/python3.8/site-packages/airflow/example_dags/example_params_ui_tutorial.py
[2025-09-03T20:18:04.272+0200] {processor.py:743} INFO - Processing file /home/varun/miniconda3/envs/python38/lib/python3.8/site-packages/airflow/example_dags/example_params_ui_tutorial.py for tasks to queue
[2025-09-03T20:18:04.272+0200] {logging_mixin.py:137} INFO - [2025-09-03T20:18:04.272+0200] {dagbag.py:532} INFO - Filling up the DagBag from /home/varun/miniconda3/envs/python38/lib/python3.8/site-packages/airflow/example_dags/example_params_ui_tutorial.py
[2025-09-03T20:18:04.317+0200] {processor.py:753} INFO - DAG(s) dict_keys(['example_params_ui_tutorial']) retrieved from /home/varun/miniconda3/envs/python38/lib/python3.8/site-packages/airflow/example_dags/example_params_ui_tutorial.py
[2025-09-03T20:18:04.360+0200] {logging_mixin.py:137} INFO - [2025-09-03T20:18:04.359+0200] {dag.py:2705} INFO - Sync 1 DAGs
[2025-09-03T20:18:04.486+0200] {logging_mixin.py:137} INFO - [2025-09-03T20:18:04.486+0200] {dag.py:3452} INFO - Setting next_dagrun for example_params_ui_tutorial to None, run_after=None
[2025-09-03T20:18:04.511+0200] {processor.py:175} INFO - Processing /home/varun/miniconda3/envs/python38/lib/python3.8/site-packages/airflow/example_dags/example_params_ui_tutorial.py took 0.244 seconds
[2025-09-03T20:18:50.020+0200] {processor.py:153} INFO - Started process (PID=5039) to work on /home/varun/miniconda3/envs/python38/lib/python3.8/site-packages/airflow/example_dags/example_params_ui_tutorial.py
[2025-09-03T20:18:50.021+0200] {processor.py:743} INFO - Processing file /home/varun/miniconda3/envs/python38/lib/python3.8/site-packages/airflow/example_dags/example_params_ui_tutorial.py for tasks to queue
[2025-09-03T20:18:50.022+0200] {logging_mixin.py:137} INFO - [2025-09-03T20:18:50.022+0200] {dagbag.py:532} INFO - Filling up the DagBag from /home/varun/miniconda3/envs/python38/lib/python3.8/site-packages/airflow/example_dags/example_params_ui_tutorial.py
[2025-09-03T20:18:50.065+0200] {processor.py:753} INFO - DAG(s) dict_keys(['example_params_ui_tutorial']) retrieved from /home/varun/miniconda3/envs/python38/lib/python3.8/site-packages/airflow/example_dags/example_params_ui_tutorial.py
[2025-09-03T20:18:50.120+0200] {logging_mixin.py:137} INFO - [2025-09-03T20:18:50.119+0200] {dag.py:2705} INFO - Sync 1 DAGs
[2025-09-03T20:18:50.256+0200] {logging_mixin.py:137} INFO - [2025-09-03T20:18:50.256+0200] {dag.py:3452} INFO - Setting next_dagrun for example_params_ui_tutorial to None, run_after=None
[2025-09-03T20:18:50.282+0200] {processor.py:175} INFO - Processing /home/varun/miniconda3/envs/python38/lib/python3.8/site-packages/airflow/example_dags/example_params_ui_tutorial.py took 0.265 seconds
[2025-09-03T20:19:42.824+0200] {processor.py:153} INFO - Started process (PID=5081) to work on /home/varun/miniconda3/envs/python38/lib/python3.8/site-packages/airflow/example_dags/example_params_ui_tutorial.py
[2025-09-03T20:19:42.826+0200] {processor.py:743} INFO - Processing file /home/varun/miniconda3/envs/python38/lib/python3.8/site-packages/airflow/example_dags/example_params_ui_tutorial.py for tasks to queue
[2025-09-03T20:19:42.826+0200] {logging_mixin.py:137} INFO - [2025-09-03T20:19:42.826+0200] {dagbag.py:532} INFO - Filling up the DagBag from /home/varun/miniconda3/envs/python38/lib/python3.8/site-packages/airflow/example_dags/example_params_ui_tutorial.py
[2025-09-03T20:19:42.873+0200] {processor.py:753} INFO - DAG(s) dict_keys(['example_params_ui_tutorial']) retrieved from /home/varun/miniconda3/envs/python38/lib/python3.8/site-packages/airflow/example_dags/example_params_ui_tutorial.py
[2025-09-03T20:19:43.037+0200] {logging_mixin.py:137} INFO - [2025-09-03T20:19:43.037+0200] {dag.py:2705} INFO - Sync 1 DAGs
[2025-09-03T20:19:43.053+0200] {logging_mixin.py:137} INFO - [2025-09-03T20:19:43.052+0200] {dag.py:3452} INFO - Setting next_dagrun for example_params_ui_tutorial to None, run_after=None
[2025-09-03T20:19:43.074+0200] {processor.py:175} INFO - Processing /home/varun/miniconda3/envs/python38/lib/python3.8/site-packages/airflow/example_dags/example_params_ui_tutorial.py took 0.253 seconds
[2025-09-03T20:20:32.832+0200] {processor.py:153} INFO - Started process (PID=5123) to work on /home/varun/miniconda3/envs/python38/lib/python3.8/site-packages/airflow/example_dags/example_params_ui_tutorial.py
[2025-09-03T20:20:32.834+0200] {processor.py:743} INFO - Processing file /home/varun/miniconda3/envs/python38/lib/python3.8/site-packages/airflow/example_dags/example_params_ui_tutorial.py for tasks to queue
[2025-09-03T20:20:32.834+0200] {logging_mixin.py:137} INFO - [2025-09-03T20:20:32.834+0200] {dagbag.py:532} INFO - Filling up the DagBag from /home/varun/miniconda3/envs/python38/lib/python3.8/site-packages/airflow/example_dags/example_params_ui_tutorial.py
[2025-09-03T20:20:32.878+0200] {processor.py:753} INFO - DAG(s) dict_keys(['example_params_ui_tutorial']) retrieved from /home/varun/miniconda3/envs/python38/lib/python3.8/site-packages/airflow/example_dags/example_params_ui_tutorial.py
[2025-09-03T20:20:33.075+0200] {logging_mixin.py:137} INFO - [2025-09-03T20:20:33.075+0200] {dag.py:2705} INFO - Sync 1 DAGs
[2025-09-03T20:20:33.091+0200] {logging_mixin.py:137} INFO - [2025-09-03T20:20:33.090+0200] {dag.py:3452} INFO - Setting next_dagrun for example_params_ui_tutorial to None, run_after=None
[2025-09-03T20:20:33.116+0200] {processor.py:175} INFO - Processing /home/varun/miniconda3/envs/python38/lib/python3.8/site-packages/airflow/example_dags/example_params_ui_tutorial.py took 0.287 seconds
[2025-09-03T20:21:26.758+0200] {processor.py:153} INFO - Started process (PID=5165) to work on /home/varun/miniconda3/envs/python38/lib/python3.8/site-packages/airflow/example_dags/example_params_ui_tutorial.py
[2025-09-03T20:21:26.760+0200] {processor.py:743} INFO - Processing file /home/varun/miniconda3/envs/python38/lib/python3.8/site-packages/airflow/example_dags/example_params_ui_tutorial.py for tasks to queue
[2025-09-03T20:21:26.760+0200] {logging_mixin.py:137} INFO - [2025-09-03T20:21:26.760+0200] {dagbag.py:532} INFO - Filling up the DagBag from /home/varun/miniconda3/envs/python38/lib/python3.8/site-packages/airflow/example_dags/example_params_ui_tutorial.py
[2025-09-03T20:21:26.904+0200] {processor.py:753} INFO - DAG(s) dict_keys(['example_params_ui_tutorial']) retrieved from /home/varun/miniconda3/envs/python38/lib/python3.8/site-packages/airflow/example_dags/example_params_ui_tutorial.py
[2025-09-03T20:21:26.944+0200] {logging_mixin.py:137} INFO - [2025-09-03T20:21:26.944+0200] {dag.py:2705} INFO - Sync 1 DAGs
[2025-09-03T20:21:26.958+0200] {logging_mixin.py:137} INFO - [2025-09-03T20:21:26.958+0200] {dag.py:3452} INFO - Setting next_dagrun for example_params_ui_tutorial to None, run_after=None
[2025-09-03T20:21:26.977+0200] {processor.py:175} INFO - Processing /home/varun/miniconda3/envs/python38/lib/python3.8/site-packages/airflow/example_dags/example_params_ui_tutorial.py took 0.223 seconds
[2025-09-03T20:22:16.273+0200] {processor.py:153} INFO - Started process (PID=5207) to work on /home/varun/miniconda3/envs/python38/lib/python3.8/site-packages/airflow/example_dags/example_params_ui_tutorial.py
[2025-09-03T20:22:16.275+0200] {processor.py:743} INFO - Processing file /home/varun/miniconda3/envs/python38/lib/python3.8/site-packages/airflow/example_dags/example_params_ui_tutorial.py for tasks to queue
[2025-09-03T20:22:16.275+0200] {logging_mixin.py:137} INFO - [2025-09-03T20:22:16.275+0200] {dagbag.py:532} INFO - Filling up the DagBag from /home/varun/miniconda3/envs/python38/lib/python3.8/site-packages/airflow/example_dags/example_params_ui_tutorial.py
[2025-09-03T20:22:16.428+0200] {processor.py:753} INFO - DAG(s) dict_keys(['example_params_ui_tutorial']) retrieved from /home/varun/miniconda3/envs/python38/lib/python3.8/site-packages/airflow/example_dags/example_params_ui_tutorial.py
[2025-09-03T20:22:16.473+0200] {logging_mixin.py:137} INFO - [2025-09-03T20:22:16.473+0200] {dag.py:2705} INFO - Sync 1 DAGs
[2025-09-03T20:22:16.492+0200] {logging_mixin.py:137} INFO - [2025-09-03T20:22:16.492+0200] {dag.py:3452} INFO - Setting next_dagrun for example_params_ui_tutorial to None, run_after=None
[2025-09-03T20:22:16.518+0200] {processor.py:175} INFO - Processing /home/varun/miniconda3/envs/python38/lib/python3.8/site-packages/airflow/example_dags/example_params_ui_tutorial.py took 0.248 seconds
[2025-09-03T20:23:09.148+0200] {processor.py:153} INFO - Started process (PID=5249) to work on /home/varun/miniconda3/envs/python38/lib/python3.8/site-packages/airflow/example_dags/example_params_ui_tutorial.py
[2025-09-03T20:23:09.150+0200] {processor.py:743} INFO - Processing file /home/varun/miniconda3/envs/python38/lib/python3.8/site-packages/airflow/example_dags/example_params_ui_tutorial.py for tasks to queue
[2025-09-03T20:23:09.150+0200] {logging_mixin.py:137} INFO - [2025-09-03T20:23:09.150+0200] {dagbag.py:532} INFO - Filling up the DagBag from /home/varun/miniconda3/envs/python38/lib/python3.8/site-packages/airflow/example_dags/example_params_ui_tutorial.py
[2025-09-03T20:23:09.283+0200] {processor.py:753} INFO - DAG(s) dict_keys(['example_params_ui_tutorial']) retrieved from /home/varun/miniconda3/envs/python38/lib/python3.8/site-packages/airflow/example_dags/example_params_ui_tutorial.py
[2025-09-03T20:23:09.324+0200] {logging_mixin.py:137} INFO - [2025-09-03T20:23:09.324+0200] {dag.py:2705} INFO - Sync 1 DAGs
[2025-09-03T20:23:09.336+0200] {logging_mixin.py:137} INFO - [2025-09-03T20:23:09.336+0200] {dag.py:3452} INFO - Setting next_dagrun for example_params_ui_tutorial to None, run_after=None
[2025-09-03T20:23:09.357+0200] {processor.py:175} INFO - Processing /home/varun/miniconda3/envs/python38/lib/python3.8/site-packages/airflow/example_dags/example_params_ui_tutorial.py took 0.212 seconds
[2025-09-03T20:23:55.512+0200] {processor.py:153} INFO - Started process (PID=5292) to work on /home/varun/miniconda3/envs/python38/lib/python3.8/site-packages/airflow/example_dags/example_params_ui_tutorial.py
[2025-09-03T20:23:55.513+0200] {processor.py:743} INFO - Processing file /home/varun/miniconda3/envs/python38/lib/python3.8/site-packages/airflow/example_dags/example_params_ui_tutorial.py for tasks to queue
[2025-09-03T20:23:55.514+0200] {logging_mixin.py:137} INFO - [2025-09-03T20:23:55.514+0200] {dagbag.py:532} INFO - Filling up the DagBag from /home/varun/miniconda3/envs/python38/lib/python3.8/site-packages/airflow/example_dags/example_params_ui_tutorial.py
[2025-09-03T20:23:55.557+0200] {processor.py:753} INFO - DAG(s) dict_keys(['example_params_ui_tutorial']) retrieved from /home/varun/miniconda3/envs/python38/lib/python3.8/site-packages/airflow/example_dags/example_params_ui_tutorial.py
[2025-09-03T20:23:55.604+0200] {logging_mixin.py:137} INFO - [2025-09-03T20:23:55.604+0200] {dag.py:2705} INFO - Sync 1 DAGs
[2025-09-03T20:23:55.621+0200] {logging_mixin.py:137} INFO - [2025-09-03T20:23:55.621+0200] {dag.py:3452} INFO - Setting next_dagrun for example_params_ui_tutorial to None, run_after=None
[2025-09-03T20:23:55.645+0200] {processor.py:175} INFO - Processing /home/varun/miniconda3/envs/python38/lib/python3.8/site-packages/airflow/example_dags/example_params_ui_tutorial.py took 0.136 seconds
[2025-09-03T20:24:41.854+0200] {processor.py:153} INFO - Started process (PID=5334) to work on /home/varun/miniconda3/envs/python38/lib/python3.8/site-packages/airflow/example_dags/example_params_ui_tutorial.py
[2025-09-03T20:24:41.856+0200] {processor.py:743} INFO - Processing file /home/varun/miniconda3/envs/python38/lib/python3.8/site-packages/airflow/example_dags/example_params_ui_tutorial.py for tasks to queue
[2025-09-03T20:24:41.857+0200] {logging_mixin.py:137} INFO - [2025-09-03T20:24:41.857+0200] {dagbag.py:532} INFO - Filling up the DagBag from /home/varun/miniconda3/envs/python38/lib/python3.8/site-packages/airflow/example_dags/example_params_ui_tutorial.py
[2025-09-03T20:24:41.910+0200] {processor.py:753} INFO - DAG(s) dict_keys(['example_params_ui_tutorial']) retrieved from /home/varun/miniconda3/envs/python38/lib/python3.8/site-packages/airflow/example_dags/example_params_ui_tutorial.py
[2025-09-03T20:24:41.955+0200] {logging_mixin.py:137} INFO - [2025-09-03T20:24:41.955+0200] {dag.py:2705} INFO - Sync 1 DAGs
[2025-09-03T20:24:41.973+0200] {logging_mixin.py:137} INFO - [2025-09-03T20:24:41.973+0200] {dag.py:3452} INFO - Setting next_dagrun for example_params_ui_tutorial to None, run_after=None
[2025-09-03T20:24:41.997+0200] {processor.py:175} INFO - Processing /home/varun/miniconda3/envs/python38/lib/python3.8/site-packages/airflow/example_dags/example_params_ui_tutorial.py took 0.148 seconds
[2025-09-03T20:25:27.863+0200] {processor.py:153} INFO - Started process (PID=5376) to work on /home/varun/miniconda3/envs/python38/lib/python3.8/site-packages/airflow/example_dags/example_params_ui_tutorial.py
[2025-09-03T20:25:27.864+0200] {processor.py:743} INFO - Processing file /home/varun/miniconda3/envs/python38/lib/python3.8/site-packages/airflow/example_dags/example_params_ui_tutorial.py for tasks to queue
[2025-09-03T20:25:27.865+0200] {logging_mixin.py:137} INFO - [2025-09-03T20:25:27.865+0200] {dagbag.py:532} INFO - Filling up the DagBag from /home/varun/miniconda3/envs/python38/lib/python3.8/site-packages/airflow/example_dags/example_params_ui_tutorial.py
[2025-09-03T20:25:27.906+0200] {processor.py:753} INFO - DAG(s) dict_keys(['example_params_ui_tutorial']) retrieved from /home/varun/miniconda3/envs/python38/lib/python3.8/site-packages/airflow/example_dags/example_params_ui_tutorial.py
[2025-09-03T20:25:27.949+0200] {logging_mixin.py:137} INFO - [2025-09-03T20:25:27.949+0200] {dag.py:2705} INFO - Sync 1 DAGs
[2025-09-03T20:25:27.967+0200] {logging_mixin.py:137} INFO - [2025-09-03T20:25:27.967+0200] {dag.py:3452} INFO - Setting next_dagrun for example_params_ui_tutorial to None, run_after=None
[2025-09-03T20:25:27.988+0200] {processor.py:175} INFO - Processing /home/varun/miniconda3/envs/python38/lib/python3.8/site-packages/airflow/example_dags/example_params_ui_tutorial.py took 0.129 seconds
[2025-09-03T20:26:11.678+0200] {processor.py:153} INFO - Started process (PID=5418) to work on /home/varun/miniconda3/envs/python38/lib/python3.8/site-packages/airflow/example_dags/example_params_ui_tutorial.py
[2025-09-03T20:26:11.679+0200] {processor.py:743} INFO - Processing file /home/varun/miniconda3/envs/python38/lib/python3.8/site-packages/airflow/example_dags/example_params_ui_tutorial.py for tasks to queue
[2025-09-03T20:26:11.680+0200] {logging_mixin.py:137} INFO - [2025-09-03T20:26:11.680+0200] {dagbag.py:532} INFO - Filling up the DagBag from /home/varun/miniconda3/envs/python38/lib/python3.8/site-packages/airflow/example_dags/example_params_ui_tutorial.py
[2025-09-03T20:26:11.719+0200] {processor.py:753} INFO - DAG(s) dict_keys(['example_params_ui_tutorial']) retrieved from /home/varun/miniconda3/envs/python38/lib/python3.8/site-packages/airflow/example_dags/example_params_ui_tutorial.py
[2025-09-03T20:26:11.760+0200] {logging_mixin.py:137} INFO - [2025-09-03T20:26:11.760+0200] {dag.py:2705} INFO - Sync 1 DAGs
[2025-09-03T20:26:11.774+0200] {logging_mixin.py:137} INFO - [2025-09-03T20:26:11.774+0200] {dag.py:3452} INFO - Setting next_dagrun for example_params_ui_tutorial to None, run_after=None
[2025-09-03T20:26:11.793+0200] {processor.py:175} INFO - Processing /home/varun/miniconda3/envs/python38/lib/python3.8/site-packages/airflow/example_dags/example_params_ui_tutorial.py took 0.119 seconds
[2025-09-03T20:26:58.813+0200] {processor.py:153} INFO - Started process (PID=5460) to work on /home/varun/miniconda3/envs/python38/lib/python3.8/site-packages/airflow/example_dags/example_params_ui_tutorial.py
[2025-09-03T20:26:58.815+0200] {processor.py:743} INFO - Processing file /home/varun/miniconda3/envs/python38/lib/python3.8/site-packages/airflow/example_dags/example_params_ui_tutorial.py for tasks to queue
[2025-09-03T20:26:58.816+0200] {logging_mixin.py:137} INFO - [2025-09-03T20:26:58.816+0200] {dagbag.py:532} INFO - Filling up the DagBag from /home/varun/miniconda3/envs/python38/lib/python3.8/site-packages/airflow/example_dags/example_params_ui_tutorial.py
[2025-09-03T20:26:58.861+0200] {processor.py:753} INFO - DAG(s) dict_keys(['example_params_ui_tutorial']) retrieved from /home/varun/miniconda3/envs/python38/lib/python3.8/site-packages/airflow/example_dags/example_params_ui_tutorial.py
[2025-09-03T20:26:58.908+0200] {logging_mixin.py:137} INFO - [2025-09-03T20:26:58.908+0200] {dag.py:2705} INFO - Sync 1 DAGs
[2025-09-03T20:26:58.927+0200] {logging_mixin.py:137} INFO - [2025-09-03T20:26:58.927+0200] {dag.py:3452} INFO - Setting next_dagrun for example_params_ui_tutorial to None, run_after=None
[2025-09-03T20:26:58.952+0200] {processor.py:175} INFO - Processing /home/varun/miniconda3/envs/python38/lib/python3.8/site-packages/airflow/example_dags/example_params_ui_tutorial.py took 0.143 seconds
[2025-09-03T20:27:44.295+0200] {processor.py:153} INFO - Started process (PID=5502) to work on /home/varun/miniconda3/envs/python38/lib/python3.8/site-packages/airflow/example_dags/example_params_ui_tutorial.py
[2025-09-03T20:27:44.297+0200] {processor.py:743} INFO - Processing file /home/varun/miniconda3/envs/python38/lib/python3.8/site-packages/airflow/example_dags/example_params_ui_tutorial.py for tasks to queue
[2025-09-03T20:27:44.298+0200] {logging_mixin.py:137} INFO - [2025-09-03T20:27:44.298+0200] {dagbag.py:532} INFO - Filling up the DagBag from /home/varun/miniconda3/envs/python38/lib/python3.8/site-packages/airflow/example_dags/example_params_ui_tutorial.py
[2025-09-03T20:27:44.342+0200] {processor.py:753} INFO - DAG(s) dict_keys(['example_params_ui_tutorial']) retrieved from /home/varun/miniconda3/envs/python38/lib/python3.8/site-packages/airflow/example_dags/example_params_ui_tutorial.py
[2025-09-03T20:27:44.395+0200] {logging_mixin.py:137} INFO - [2025-09-03T20:27:44.395+0200] {dag.py:2705} INFO - Sync 1 DAGs
[2025-09-03T20:27:44.414+0200] {logging_mixin.py:137} INFO - [2025-09-03T20:27:44.414+0200] {dag.py:3452} INFO - Setting next_dagrun for example_params_ui_tutorial to None, run_after=None
[2025-09-03T20:27:44.437+0200] {processor.py:175} INFO - Processing /home/varun/miniconda3/envs/python38/lib/python3.8/site-packages/airflow/example_dags/example_params_ui_tutorial.py took 0.146 seconds
[2025-09-03T20:28:33.272+0200] {processor.py:153} INFO - Started process (PID=5544) to work on /home/varun/miniconda3/envs/python38/lib/python3.8/site-packages/airflow/example_dags/example_params_ui_tutorial.py
[2025-09-03T20:28:33.274+0200] {processor.py:743} INFO - Processing file /home/varun/miniconda3/envs/python38/lib/python3.8/site-packages/airflow/example_dags/example_params_ui_tutorial.py for tasks to queue
[2025-09-03T20:28:33.274+0200] {logging_mixin.py:137} INFO - [2025-09-03T20:28:33.274+0200] {dagbag.py:532} INFO - Filling up the DagBag from /home/varun/miniconda3/envs/python38/lib/python3.8/site-packages/airflow/example_dags/example_params_ui_tutorial.py
[2025-09-03T20:28:33.341+0200] {processor.py:753} INFO - DAG(s) dict_keys(['example_params_ui_tutorial']) retrieved from /home/varun/miniconda3/envs/python38/lib/python3.8/site-packages/airflow/example_dags/example_params_ui_tutorial.py
[2025-09-03T20:28:33.403+0200] {logging_mixin.py:137} INFO - [2025-09-03T20:28:33.403+0200] {dag.py:2705} INFO - Sync 1 DAGs
[2025-09-03T20:28:33.429+0200] {logging_mixin.py:137} INFO - [2025-09-03T20:28:33.429+0200] {dag.py:3452} INFO - Setting next_dagrun for example_params_ui_tutorial to None, run_after=None
[2025-09-03T20:28:33.459+0200] {processor.py:175} INFO - Processing /home/varun/miniconda3/envs/python38/lib/python3.8/site-packages/airflow/example_dags/example_params_ui_tutorial.py took 0.193 seconds
[2025-09-03T20:29:19.995+0200] {processor.py:153} INFO - Started process (PID=5587) to work on /home/varun/miniconda3/envs/python38/lib/python3.8/site-packages/airflow/example_dags/example_params_ui_tutorial.py
[2025-09-03T20:29:19.997+0200] {processor.py:743} INFO - Processing file /home/varun/miniconda3/envs/python38/lib/python3.8/site-packages/airflow/example_dags/example_params_ui_tutorial.py for tasks to queue
[2025-09-03T20:29:19.997+0200] {logging_mixin.py:137} INFO - [2025-09-03T20:29:19.997+0200] {dagbag.py:532} INFO - Filling up the DagBag from /home/varun/miniconda3/envs/python38/lib/python3.8/site-packages/airflow/example_dags/example_params_ui_tutorial.py
[2025-09-03T20:29:20.051+0200] {processor.py:753} INFO - DAG(s) dict_keys(['example_params_ui_tutorial']) retrieved from /home/varun/miniconda3/envs/python38/lib/python3.8/site-packages/airflow/example_dags/example_params_ui_tutorial.py
[2025-09-03T20:29:20.103+0200] {logging_mixin.py:137} INFO - [2025-09-03T20:29:20.103+0200] {dag.py:2705} INFO - Sync 1 DAGs
[2025-09-03T20:29:20.125+0200] {logging_mixin.py:137} INFO - [2025-09-03T20:29:20.125+0200] {dag.py:3452} INFO - Setting next_dagrun for example_params_ui_tutorial to None, run_after=None
[2025-09-03T20:29:20.149+0200] {processor.py:175} INFO - Processing /home/varun/miniconda3/envs/python38/lib/python3.8/site-packages/airflow/example_dags/example_params_ui_tutorial.py took 0.159 seconds
[2025-09-03T20:30:05.754+0200] {processor.py:153} INFO - Started process (PID=5629) to work on /home/varun/miniconda3/envs/python38/lib/python3.8/site-packages/airflow/example_dags/example_params_ui_tutorial.py
[2025-09-03T20:30:05.755+0200] {processor.py:743} INFO - Processing file /home/varun/miniconda3/envs/python38/lib/python3.8/site-packages/airflow/example_dags/example_params_ui_tutorial.py for tasks to queue
[2025-09-03T20:30:05.756+0200] {logging_mixin.py:137} INFO - [2025-09-03T20:30:05.756+0200] {dagbag.py:532} INFO - Filling up the DagBag from /home/varun/miniconda3/envs/python38/lib/python3.8/site-packages/airflow/example_dags/example_params_ui_tutorial.py
[2025-09-03T20:30:05.797+0200] {processor.py:753} INFO - DAG(s) dict_keys(['example_params_ui_tutorial']) retrieved from /home/varun/miniconda3/envs/python38/lib/python3.8/site-packages/airflow/example_dags/example_params_ui_tutorial.py
[2025-09-03T20:30:05.840+0200] {logging_mixin.py:137} INFO - [2025-09-03T20:30:05.840+0200] {dag.py:2705} INFO - Sync 1 DAGs
[2025-09-03T20:30:05.859+0200] {logging_mixin.py:137} INFO - [2025-09-03T20:30:05.859+0200] {dag.py:3452} INFO - Setting next_dagrun for example_params_ui_tutorial to None, run_after=None
[2025-09-03T20:30:05.882+0200] {processor.py:175} INFO - Processing /home/varun/miniconda3/envs/python38/lib/python3.8/site-packages/airflow/example_dags/example_params_ui_tutorial.py took 0.132 seconds
[2025-09-03T20:30:54.099+0200] {processor.py:153} INFO - Started process (PID=5671) to work on /home/varun/miniconda3/envs/python38/lib/python3.8/site-packages/airflow/example_dags/example_params_ui_tutorial.py
[2025-09-03T20:30:54.101+0200] {processor.py:743} INFO - Processing file /home/varun/miniconda3/envs/python38/lib/python3.8/site-packages/airflow/example_dags/example_params_ui_tutorial.py for tasks to queue
[2025-09-03T20:30:54.102+0200] {logging_mixin.py:137} INFO - [2025-09-03T20:30:54.102+0200] {dagbag.py:532} INFO - Filling up the DagBag from /home/varun/miniconda3/envs/python38/lib/python3.8/site-packages/airflow/example_dags/example_params_ui_tutorial.py
[2025-09-03T20:30:54.149+0200] {processor.py:753} INFO - DAG(s) dict_keys(['example_params_ui_tutorial']) retrieved from /home/varun/miniconda3/envs/python38/lib/python3.8/site-packages/airflow/example_dags/example_params_ui_tutorial.py
[2025-09-03T20:30:54.193+0200] {logging_mixin.py:137} INFO - [2025-09-03T20:30:54.193+0200] {dag.py:2705} INFO - Sync 1 DAGs
[2025-09-03T20:30:54.211+0200] {logging_mixin.py:137} INFO - [2025-09-03T20:30:54.211+0200] {dag.py:3452} INFO - Setting next_dagrun for example_params_ui_tutorial to None, run_after=None
[2025-09-03T20:30:54.232+0200] {processor.py:175} INFO - Processing /home/varun/miniconda3/envs/python38/lib/python3.8/site-packages/airflow/example_dags/example_params_ui_tutorial.py took 0.138 seconds
[2025-09-03T20:31:37.696+0200] {processor.py:153} INFO - Started process (PID=5713) to work on /home/varun/miniconda3/envs/python38/lib/python3.8/site-packages/airflow/example_dags/example_params_ui_tutorial.py
[2025-09-03T20:31:37.698+0200] {processor.py:743} INFO - Processing file /home/varun/miniconda3/envs/python38/lib/python3.8/site-packages/airflow/example_dags/example_params_ui_tutorial.py for tasks to queue
[2025-09-03T20:31:37.699+0200] {logging_mixin.py:137} INFO - [2025-09-03T20:31:37.698+0200] {dagbag.py:532} INFO - Filling up the DagBag from /home/varun/miniconda3/envs/python38/lib/python3.8/site-packages/airflow/example_dags/example_params_ui_tutorial.py
[2025-09-03T20:31:37.757+0200] {processor.py:753} INFO - DAG(s) dict_keys(['example_params_ui_tutorial']) retrieved from /home/varun/miniconda3/envs/python38/lib/python3.8/site-packages/airflow/example_dags/example_params_ui_tutorial.py
[2025-09-03T20:31:37.811+0200] {logging_mixin.py:137} INFO - [2025-09-03T20:31:37.811+0200] {dag.py:2705} INFO - Sync 1 DAGs
[2025-09-03T20:31:37.832+0200] {logging_mixin.py:137} INFO - [2025-09-03T20:31:37.832+0200] {dag.py:3452} INFO - Setting next_dagrun for example_params_ui_tutorial to None, run_after=None
[2025-09-03T20:31:37.861+0200] {processor.py:175} INFO - Processing /home/varun/miniconda3/envs/python38/lib/python3.8/site-packages/airflow/example_dags/example_params_ui_tutorial.py took 0.168 seconds
[2025-09-03T20:32:22.635+0200] {processor.py:153} INFO - Started process (PID=5755) to work on /home/varun/miniconda3/envs/python38/lib/python3.8/site-packages/airflow/example_dags/example_params_ui_tutorial.py
[2025-09-03T20:32:22.636+0200] {processor.py:743} INFO - Processing file /home/varun/miniconda3/envs/python38/lib/python3.8/site-packages/airflow/example_dags/example_params_ui_tutorial.py for tasks to queue
[2025-09-03T20:32:22.637+0200] {logging_mixin.py:137} INFO - [2025-09-03T20:32:22.637+0200] {dagbag.py:532} INFO - Filling up the DagBag from /home/varun/miniconda3/envs/python38/lib/python3.8/site-packages/airflow/example_dags/example_params_ui_tutorial.py
[2025-09-03T20:32:22.683+0200] {processor.py:753} INFO - DAG(s) dict_keys(['example_params_ui_tutorial']) retrieved from /home/varun/miniconda3/envs/python38/lib/python3.8/site-packages/airflow/example_dags/example_params_ui_tutorial.py
[2025-09-03T20:32:22.736+0200] {logging_mixin.py:137} INFO - [2025-09-03T20:32:22.735+0200] {dag.py:2705} INFO - Sync 1 DAGs
[2025-09-03T20:32:22.755+0200] {logging_mixin.py:137} INFO - [2025-09-03T20:32:22.755+0200] {dag.py:3452} INFO - Setting next_dagrun for example_params_ui_tutorial to None, run_after=None
[2025-09-03T20:32:22.783+0200] {processor.py:175} INFO - Processing /home/varun/miniconda3/envs/python38/lib/python3.8/site-packages/airflow/example_dags/example_params_ui_tutorial.py took 0.152 seconds
[2025-09-03T20:33:08.671+0200] {processor.py:153} INFO - Started process (PID=5797) to work on /home/varun/miniconda3/envs/python38/lib/python3.8/site-packages/airflow/example_dags/example_params_ui_tutorial.py
[2025-09-03T20:33:08.673+0200] {processor.py:743} INFO - Processing file /home/varun/miniconda3/envs/python38/lib/python3.8/site-packages/airflow/example_dags/example_params_ui_tutorial.py for tasks to queue
[2025-09-03T20:33:08.674+0200] {logging_mixin.py:137} INFO - [2025-09-03T20:33:08.673+0200] {dagbag.py:532} INFO - Filling up the DagBag from /home/varun/miniconda3/envs/python38/lib/python3.8/site-packages/airflow/example_dags/example_params_ui_tutorial.py
[2025-09-03T20:33:08.714+0200] {processor.py:753} INFO - DAG(s) dict_keys(['example_params_ui_tutorial']) retrieved from /home/varun/miniconda3/envs/python38/lib/python3.8/site-packages/airflow/example_dags/example_params_ui_tutorial.py
[2025-09-03T20:33:08.756+0200] {logging_mixin.py:137} INFO - [2025-09-03T20:33:08.756+0200] {dag.py:2705} INFO - Sync 1 DAGs
[2025-09-03T20:33:08.770+0200] {logging_mixin.py:137} INFO - [2025-09-03T20:33:08.769+0200] {dag.py:3452} INFO - Setting next_dagrun for example_params_ui_tutorial to None, run_after=None
[2025-09-03T20:33:08.791+0200] {processor.py:175} INFO - Processing /home/varun/miniconda3/envs/python38/lib/python3.8/site-packages/airflow/example_dags/example_params_ui_tutorial.py took 0.124 seconds
[2025-09-03T20:33:57.689+0200] {processor.py:153} INFO - Started process (PID=5839) to work on /home/varun/miniconda3/envs/python38/lib/python3.8/site-packages/airflow/example_dags/example_params_ui_tutorial.py
[2025-09-03T20:33:57.691+0200] {processor.py:743} INFO - Processing file /home/varun/miniconda3/envs/python38/lib/python3.8/site-packages/airflow/example_dags/example_params_ui_tutorial.py for tasks to queue
[2025-09-03T20:33:57.691+0200] {logging_mixin.py:137} INFO - [2025-09-03T20:33:57.691+0200] {dagbag.py:532} INFO - Filling up the DagBag from /home/varun/miniconda3/envs/python38/lib/python3.8/site-packages/airflow/example_dags/example_params_ui_tutorial.py
[2025-09-03T20:33:57.737+0200] {processor.py:753} INFO - DAG(s) dict_keys(['example_params_ui_tutorial']) retrieved from /home/varun/miniconda3/envs/python38/lib/python3.8/site-packages/airflow/example_dags/example_params_ui_tutorial.py
[2025-09-03T20:33:57.785+0200] {logging_mixin.py:137} INFO - [2025-09-03T20:33:57.784+0200] {dag.py:2705} INFO - Sync 1 DAGs
[2025-09-03T20:33:57.805+0200] {logging_mixin.py:137} INFO - [2025-09-03T20:33:57.805+0200] {dag.py:3452} INFO - Setting next_dagrun for example_params_ui_tutorial to None, run_after=None
[2025-09-03T20:33:57.827+0200] {processor.py:175} INFO - Processing /home/varun/miniconda3/envs/python38/lib/python3.8/site-packages/airflow/example_dags/example_params_ui_tutorial.py took 0.142 seconds
[2025-09-03T20:34:41.622+0200] {processor.py:153} INFO - Started process (PID=5881) to work on /home/varun/miniconda3/envs/python38/lib/python3.8/site-packages/airflow/example_dags/example_params_ui_tutorial.py
[2025-09-03T20:34:41.624+0200] {processor.py:743} INFO - Processing file /home/varun/miniconda3/envs/python38/lib/python3.8/site-packages/airflow/example_dags/example_params_ui_tutorial.py for tasks to queue
[2025-09-03T20:34:41.625+0200] {logging_mixin.py:137} INFO - [2025-09-03T20:34:41.624+0200] {dagbag.py:532} INFO - Filling up the DagBag from /home/varun/miniconda3/envs/python38/lib/python3.8/site-packages/airflow/example_dags/example_params_ui_tutorial.py
[2025-09-03T20:34:41.669+0200] {processor.py:753} INFO - DAG(s) dict_keys(['example_params_ui_tutorial']) retrieved from /home/varun/miniconda3/envs/python38/lib/python3.8/site-packages/airflow/example_dags/example_params_ui_tutorial.py
[2025-09-03T20:34:41.711+0200] {logging_mixin.py:137} INFO - [2025-09-03T20:34:41.711+0200] {dag.py:2705} INFO - Sync 1 DAGs
[2025-09-03T20:34:41.729+0200] {logging_mixin.py:137} INFO - [2025-09-03T20:34:41.729+0200] {dag.py:3452} INFO - Setting next_dagrun for example_params_ui_tutorial to None, run_after=None
[2025-09-03T20:34:41.757+0200] {processor.py:175} INFO - Processing /home/varun/miniconda3/envs/python38/lib/python3.8/site-packages/airflow/example_dags/example_params_ui_tutorial.py took 0.138 seconds
[2025-09-03T20:35:27.279+0200] {processor.py:153} INFO - Started process (PID=5924) to work on /home/varun/miniconda3/envs/python38/lib/python3.8/site-packages/airflow/example_dags/example_params_ui_tutorial.py
[2025-09-03T20:35:27.281+0200] {processor.py:743} INFO - Processing file /home/varun/miniconda3/envs/python38/lib/python3.8/site-packages/airflow/example_dags/example_params_ui_tutorial.py for tasks to queue
[2025-09-03T20:35:27.282+0200] {logging_mixin.py:137} INFO - [2025-09-03T20:35:27.282+0200] {dagbag.py:532} INFO - Filling up the DagBag from /home/varun/miniconda3/envs/python38/lib/python3.8/site-packages/airflow/example_dags/example_params_ui_tutorial.py
[2025-09-03T20:35:27.326+0200] {processor.py:753} INFO - DAG(s) dict_keys(['example_params_ui_tutorial']) retrieved from /home/varun/miniconda3/envs/python38/lib/python3.8/site-packages/airflow/example_dags/example_params_ui_tutorial.py
[2025-09-03T20:35:27.370+0200] {logging_mixin.py:137} INFO - [2025-09-03T20:35:27.370+0200] {dag.py:2705} INFO - Sync 1 DAGs
[2025-09-03T20:35:27.385+0200] {logging_mixin.py:137} INFO - [2025-09-03T20:35:27.385+0200] {dag.py:3452} INFO - Setting next_dagrun for example_params_ui_tutorial to None, run_after=None
[2025-09-03T20:35:27.408+0200] {processor.py:175} INFO - Processing /home/varun/miniconda3/envs/python38/lib/python3.8/site-packages/airflow/example_dags/example_params_ui_tutorial.py took 0.132 seconds
[2025-09-03T20:36:15.074+0200] {processor.py:153} INFO - Started process (PID=5966) to work on /home/varun/miniconda3/envs/python38/lib/python3.8/site-packages/airflow/example_dags/example_params_ui_tutorial.py
[2025-09-03T20:36:15.076+0200] {processor.py:743} INFO - Processing file /home/varun/miniconda3/envs/python38/lib/python3.8/site-packages/airflow/example_dags/example_params_ui_tutorial.py for tasks to queue
[2025-09-03T20:36:15.078+0200] {logging_mixin.py:137} INFO - [2025-09-03T20:36:15.077+0200] {dagbag.py:532} INFO - Filling up the DagBag from /home/varun/miniconda3/envs/python38/lib/python3.8/site-packages/airflow/example_dags/example_params_ui_tutorial.py
[2025-09-03T20:36:15.126+0200] {processor.py:753} INFO - DAG(s) dict_keys(['example_params_ui_tutorial']) retrieved from /home/varun/miniconda3/envs/python38/lib/python3.8/site-packages/airflow/example_dags/example_params_ui_tutorial.py
[2025-09-03T20:36:15.184+0200] {logging_mixin.py:137} INFO - [2025-09-03T20:36:15.184+0200] {dag.py:2705} INFO - Sync 1 DAGs
[2025-09-03T20:36:15.200+0200] {logging_mixin.py:137} INFO - [2025-09-03T20:36:15.200+0200] {dag.py:3452} INFO - Setting next_dagrun for example_params_ui_tutorial to None, run_after=None
[2025-09-03T20:36:15.224+0200] {processor.py:175} INFO - Processing /home/varun/miniconda3/envs/python38/lib/python3.8/site-packages/airflow/example_dags/example_params_ui_tutorial.py took 0.154 seconds
