[2025-09-03T19:42:25.306+0200] {processor.py:153} INFO - Started process (PID=3093) to work on /home/varun/miniconda3/envs/python38/lib/python3.8/site-packages/airflow/example_dags/example_time_delta_sensor_async.py
[2025-09-03T19:42:25.307+0200] {processor.py:743} INFO - Processing file /home/varun/miniconda3/envs/python38/lib/python3.8/site-packages/airflow/example_dags/example_time_delta_sensor_async.py for tasks to queue
[2025-09-03T19:42:25.308+0200] {logging_mixin.py:137} INFO - [2025-09-03T19:42:25.308+0200] {dagbag.py:532} INFO - Filling up the DagBag from /home/varun/miniconda3/envs/python38/lib/python3.8/site-packages/airflow/example_dags/example_time_delta_sensor_async.py
[2025-09-03T19:42:25.324+0200] {processor.py:753} INFO - DAG(s) dict_keys(['example_time_delta_sensor_async']) retrieved from /home/varun/miniconda3/envs/python38/lib/python3.8/site-packages/airflow/example_dags/example_time_delta_sensor_async.py
[2025-09-03T19:42:25.448+0200] {logging_mixin.py:137} INFO - [2025-09-03T19:42:25.448+0200] {manager.py:504} INFO - Created Permission View: can edit on DAG:example_time_delta_sensor_async
[2025-09-03T19:42:25.464+0200] {logging_mixin.py:137} INFO - [2025-09-03T19:42:25.464+0200] {manager.py:504} INFO - Created Permission View: can delete on DAG:example_time_delta_sensor_async
[2025-09-03T19:42:25.477+0200] {logging_mixin.py:137} INFO - [2025-09-03T19:42:25.477+0200] {manager.py:504} INFO - Created Permission View: can read on DAG:example_time_delta_sensor_async
[2025-09-03T19:42:25.477+0200] {logging_mixin.py:137} INFO - [2025-09-03T19:42:25.477+0200] {dag.py:2705} INFO - Sync 1 DAGs
[2025-09-03T19:42:25.489+0200] {logging_mixin.py:137} INFO - [2025-09-03T19:42:25.489+0200] {dag.py:2726} INFO - Creating ORM DAG for example_time_delta_sensor_async
[2025-09-03T19:42:25.498+0200] {logging_mixin.py:137} INFO - [2025-09-03T19:42:25.498+0200] {dag.py:3452} INFO - Setting next_dagrun for example_time_delta_sensor_async to None, run_after=None
[2025-09-03T19:42:25.522+0200] {processor.py:175} INFO - Processing /home/varun/miniconda3/envs/python38/lib/python3.8/site-packages/airflow/example_dags/example_time_delta_sensor_async.py took 0.222 seconds
[2025-09-03T19:43:18.704+0200] {processor.py:153} INFO - Started process (PID=3135) to work on /home/varun/miniconda3/envs/python38/lib/python3.8/site-packages/airflow/example_dags/example_time_delta_sensor_async.py
[2025-09-03T19:43:18.706+0200] {processor.py:743} INFO - Processing file /home/varun/miniconda3/envs/python38/lib/python3.8/site-packages/airflow/example_dags/example_time_delta_sensor_async.py for tasks to queue
[2025-09-03T19:43:18.707+0200] {logging_mixin.py:137} INFO - [2025-09-03T19:43:18.707+0200] {dagbag.py:532} INFO - Filling up the DagBag from /home/varun/miniconda3/envs/python38/lib/python3.8/site-packages/airflow/example_dags/example_time_delta_sensor_async.py
[2025-09-03T19:43:18.734+0200] {processor.py:753} INFO - DAG(s) dict_keys(['example_time_delta_sensor_async']) retrieved from /home/varun/miniconda3/envs/python38/lib/python3.8/site-packages/airflow/example_dags/example_time_delta_sensor_async.py
[2025-09-03T19:43:18.771+0200] {logging_mixin.py:137} INFO - [2025-09-03T19:43:18.770+0200] {dag.py:2705} INFO - Sync 1 DAGs
[2025-09-03T19:43:18.803+0200] {logging_mixin.py:137} INFO - [2025-09-03T19:43:18.802+0200] {dag.py:3452} INFO - Setting next_dagrun for example_time_delta_sensor_async to None, run_after=None
[2025-09-03T19:43:18.846+0200] {processor.py:175} INFO - Processing /home/varun/miniconda3/envs/python38/lib/python3.8/site-packages/airflow/example_dags/example_time_delta_sensor_async.py took 0.149 seconds
[2025-09-03T19:44:05.798+0200] {processor.py:153} INFO - Started process (PID=3177) to work on /home/varun/miniconda3/envs/python38/lib/python3.8/site-packages/airflow/example_dags/example_time_delta_sensor_async.py
[2025-09-03T19:44:05.799+0200] {processor.py:743} INFO - Processing file /home/varun/miniconda3/envs/python38/lib/python3.8/site-packages/airflow/example_dags/example_time_delta_sensor_async.py for tasks to queue
[2025-09-03T19:44:05.800+0200] {logging_mixin.py:137} INFO - [2025-09-03T19:44:05.800+0200] {dagbag.py:532} INFO - Filling up the DagBag from /home/varun/miniconda3/envs/python38/lib/python3.8/site-packages/airflow/example_dags/example_time_delta_sensor_async.py
[2025-09-03T19:44:05.813+0200] {processor.py:753} INFO - DAG(s) dict_keys(['example_time_delta_sensor_async']) retrieved from /home/varun/miniconda3/envs/python38/lib/python3.8/site-packages/airflow/example_dags/example_time_delta_sensor_async.py
[2025-09-03T19:44:05.832+0200] {logging_mixin.py:137} INFO - [2025-09-03T19:44:05.832+0200] {dag.py:2705} INFO - Sync 1 DAGs
[2025-09-03T19:44:05.852+0200] {logging_mixin.py:137} INFO - [2025-09-03T19:44:05.852+0200] {dag.py:3452} INFO - Setting next_dagrun for example_time_delta_sensor_async to None, run_after=None
[2025-09-03T19:44:05.878+0200] {processor.py:175} INFO - Processing /home/varun/miniconda3/envs/python38/lib/python3.8/site-packages/airflow/example_dags/example_time_delta_sensor_async.py took 0.083 seconds
[2025-09-03T19:44:57.015+0200] {processor.py:153} INFO - Started process (PID=3220) to work on /home/varun/miniconda3/envs/python38/lib/python3.8/site-packages/airflow/example_dags/example_time_delta_sensor_async.py
[2025-09-03T19:44:57.017+0200] {processor.py:743} INFO - Processing file /home/varun/miniconda3/envs/python38/lib/python3.8/site-packages/airflow/example_dags/example_time_delta_sensor_async.py for tasks to queue
[2025-09-03T19:44:57.017+0200] {logging_mixin.py:137} INFO - [2025-09-03T19:44:57.017+0200] {dagbag.py:532} INFO - Filling up the DagBag from /home/varun/miniconda3/envs/python38/lib/python3.8/site-packages/airflow/example_dags/example_time_delta_sensor_async.py
[2025-09-03T19:44:57.028+0200] {processor.py:753} INFO - DAG(s) dict_keys(['example_time_delta_sensor_async']) retrieved from /home/varun/miniconda3/envs/python38/lib/python3.8/site-packages/airflow/example_dags/example_time_delta_sensor_async.py
[2025-09-03T19:44:57.047+0200] {logging_mixin.py:137} INFO - [2025-09-03T19:44:57.047+0200] {dag.py:2705} INFO - Sync 1 DAGs
[2025-09-03T19:44:57.066+0200] {logging_mixin.py:137} INFO - [2025-09-03T19:44:57.066+0200] {dag.py:3452} INFO - Setting next_dagrun for example_time_delta_sensor_async to None, run_after=None
[2025-09-03T19:44:57.088+0200] {processor.py:175} INFO - Processing /home/varun/miniconda3/envs/python38/lib/python3.8/site-packages/airflow/example_dags/example_time_delta_sensor_async.py took 0.076 seconds
[2025-09-03T19:45:43.329+0200] {processor.py:153} INFO - Started process (PID=3290) to work on /home/varun/miniconda3/envs/python38/lib/python3.8/site-packages/airflow/example_dags/example_time_delta_sensor_async.py
[2025-09-03T19:45:43.330+0200] {processor.py:743} INFO - Processing file /home/varun/miniconda3/envs/python38/lib/python3.8/site-packages/airflow/example_dags/example_time_delta_sensor_async.py for tasks to queue
[2025-09-03T19:45:43.331+0200] {logging_mixin.py:137} INFO - [2025-09-03T19:45:43.331+0200] {dagbag.py:532} INFO - Filling up the DagBag from /home/varun/miniconda3/envs/python38/lib/python3.8/site-packages/airflow/example_dags/example_time_delta_sensor_async.py
[2025-09-03T19:45:43.344+0200] {processor.py:753} INFO - DAG(s) dict_keys(['example_time_delta_sensor_async']) retrieved from /home/varun/miniconda3/envs/python38/lib/python3.8/site-packages/airflow/example_dags/example_time_delta_sensor_async.py
[2025-09-03T19:45:43.365+0200] {logging_mixin.py:137} INFO - [2025-09-03T19:45:43.365+0200] {dag.py:2705} INFO - Sync 1 DAGs
[2025-09-03T19:45:43.382+0200] {logging_mixin.py:137} INFO - [2025-09-03T19:45:43.382+0200] {dag.py:3452} INFO - Setting next_dagrun for example_time_delta_sensor_async to None, run_after=None
[2025-09-03T19:45:43.405+0200] {processor.py:175} INFO - Processing /home/varun/miniconda3/envs/python38/lib/python3.8/site-packages/airflow/example_dags/example_time_delta_sensor_async.py took 0.080 seconds
[2025-09-03T19:46:27.445+0200] {processor.py:153} INFO - Started process (PID=3335) to work on /home/varun/miniconda3/envs/python38/lib/python3.8/site-packages/airflow/example_dags/example_time_delta_sensor_async.py
[2025-09-03T19:46:27.446+0200] {processor.py:743} INFO - Processing file /home/varun/miniconda3/envs/python38/lib/python3.8/site-packages/airflow/example_dags/example_time_delta_sensor_async.py for tasks to queue
[2025-09-03T19:46:27.447+0200] {logging_mixin.py:137} INFO - [2025-09-03T19:46:27.447+0200] {dagbag.py:532} INFO - Filling up the DagBag from /home/varun/miniconda3/envs/python38/lib/python3.8/site-packages/airflow/example_dags/example_time_delta_sensor_async.py
[2025-09-03T19:46:27.459+0200] {processor.py:753} INFO - DAG(s) dict_keys(['example_time_delta_sensor_async']) retrieved from /home/varun/miniconda3/envs/python38/lib/python3.8/site-packages/airflow/example_dags/example_time_delta_sensor_async.py
[2025-09-03T19:46:27.477+0200] {logging_mixin.py:137} INFO - [2025-09-03T19:46:27.476+0200] {dag.py:2705} INFO - Sync 1 DAGs
[2025-09-03T19:46:27.495+0200] {logging_mixin.py:137} INFO - [2025-09-03T19:46:27.495+0200] {dag.py:3452} INFO - Setting next_dagrun for example_time_delta_sensor_async to None, run_after=None
[2025-09-03T19:46:27.524+0200] {processor.py:175} INFO - Processing /home/varun/miniconda3/envs/python38/lib/python3.8/site-packages/airflow/example_dags/example_time_delta_sensor_async.py took 0.082 seconds
[2025-09-03T19:47:16.603+0200] {processor.py:153} INFO - Started process (PID=3388) to work on /home/varun/miniconda3/envs/python38/lib/python3.8/site-packages/airflow/example_dags/example_time_delta_sensor_async.py
[2025-09-03T19:47:16.605+0200] {processor.py:743} INFO - Processing file /home/varun/miniconda3/envs/python38/lib/python3.8/site-packages/airflow/example_dags/example_time_delta_sensor_async.py for tasks to queue
[2025-09-03T19:47:16.605+0200] {logging_mixin.py:137} INFO - [2025-09-03T19:47:16.605+0200] {dagbag.py:532} INFO - Filling up the DagBag from /home/varun/miniconda3/envs/python38/lib/python3.8/site-packages/airflow/example_dags/example_time_delta_sensor_async.py
[2025-09-03T19:47:16.618+0200] {processor.py:753} INFO - DAG(s) dict_keys(['example_time_delta_sensor_async']) retrieved from /home/varun/miniconda3/envs/python38/lib/python3.8/site-packages/airflow/example_dags/example_time_delta_sensor_async.py
[2025-09-03T19:47:16.637+0200] {logging_mixin.py:137} INFO - [2025-09-03T19:47:16.637+0200] {dag.py:2705} INFO - Sync 1 DAGs
[2025-09-03T19:47:16.657+0200] {logging_mixin.py:137} INFO - [2025-09-03T19:47:16.657+0200] {dag.py:3452} INFO - Setting next_dagrun for example_time_delta_sensor_async to None, run_after=None
[2025-09-03T19:47:16.680+0200] {processor.py:175} INFO - Processing /home/varun/miniconda3/envs/python38/lib/python3.8/site-packages/airflow/example_dags/example_time_delta_sensor_async.py took 0.080 seconds
[2025-09-03T19:48:02.277+0200] {processor.py:153} INFO - Started process (PID=3430) to work on /home/varun/miniconda3/envs/python38/lib/python3.8/site-packages/airflow/example_dags/example_time_delta_sensor_async.py
[2025-09-03T19:48:02.279+0200] {processor.py:743} INFO - Processing file /home/varun/miniconda3/envs/python38/lib/python3.8/site-packages/airflow/example_dags/example_time_delta_sensor_async.py for tasks to queue
[2025-09-03T19:48:02.279+0200] {logging_mixin.py:137} INFO - [2025-09-03T19:48:02.279+0200] {dagbag.py:532} INFO - Filling up the DagBag from /home/varun/miniconda3/envs/python38/lib/python3.8/site-packages/airflow/example_dags/example_time_delta_sensor_async.py
[2025-09-03T19:48:02.296+0200] {processor.py:753} INFO - DAG(s) dict_keys(['example_time_delta_sensor_async']) retrieved from /home/varun/miniconda3/envs/python38/lib/python3.8/site-packages/airflow/example_dags/example_time_delta_sensor_async.py
[2025-09-03T19:48:02.322+0200] {logging_mixin.py:137} INFO - [2025-09-03T19:48:02.321+0200] {dag.py:2705} INFO - Sync 1 DAGs
[2025-09-03T19:48:02.342+0200] {logging_mixin.py:137} INFO - [2025-09-03T19:48:02.342+0200] {dag.py:3452} INFO - Setting next_dagrun for example_time_delta_sensor_async to None, run_after=None
[2025-09-03T19:48:02.369+0200] {processor.py:175} INFO - Processing /home/varun/miniconda3/envs/python38/lib/python3.8/site-packages/airflow/example_dags/example_time_delta_sensor_async.py took 0.095 seconds
[2025-09-03T19:48:50.362+0200] {processor.py:153} INFO - Started process (PID=3472) to work on /home/varun/miniconda3/envs/python38/lib/python3.8/site-packages/airflow/example_dags/example_time_delta_sensor_async.py
[2025-09-03T19:48:50.365+0200] {processor.py:743} INFO - Processing file /home/varun/miniconda3/envs/python38/lib/python3.8/site-packages/airflow/example_dags/example_time_delta_sensor_async.py for tasks to queue
[2025-09-03T19:48:50.366+0200] {logging_mixin.py:137} INFO - [2025-09-03T19:48:50.366+0200] {dagbag.py:532} INFO - Filling up the DagBag from /home/varun/miniconda3/envs/python38/lib/python3.8/site-packages/airflow/example_dags/example_time_delta_sensor_async.py
[2025-09-03T19:48:50.409+0200] {processor.py:753} INFO - DAG(s) dict_keys(['example_time_delta_sensor_async']) retrieved from /home/varun/miniconda3/envs/python38/lib/python3.8/site-packages/airflow/example_dags/example_time_delta_sensor_async.py
[2025-09-03T19:48:50.552+0200] {logging_mixin.py:137} INFO - [2025-09-03T19:48:50.551+0200] {dag.py:2705} INFO - Sync 1 DAGs
[2025-09-03T19:48:50.657+0200] {logging_mixin.py:137} INFO - [2025-09-03T19:48:50.652+0200] {dag.py:3452} INFO - Setting next_dagrun for example_time_delta_sensor_async to None, run_after=None
[2025-09-03T19:48:50.862+0200] {processor.py:175} INFO - Processing /home/varun/miniconda3/envs/python38/lib/python3.8/site-packages/airflow/example_dags/example_time_delta_sensor_async.py took 0.505 seconds
[2025-09-03T19:49:42.548+0200] {processor.py:153} INFO - Started process (PID=3518) to work on /home/varun/miniconda3/envs/python38/lib/python3.8/site-packages/airflow/example_dags/example_time_delta_sensor_async.py
[2025-09-03T19:49:42.550+0200] {processor.py:743} INFO - Processing file /home/varun/miniconda3/envs/python38/lib/python3.8/site-packages/airflow/example_dags/example_time_delta_sensor_async.py for tasks to queue
[2025-09-03T19:49:42.551+0200] {logging_mixin.py:137} INFO - [2025-09-03T19:49:42.550+0200] {dagbag.py:532} INFO - Filling up the DagBag from /home/varun/miniconda3/envs/python38/lib/python3.8/site-packages/airflow/example_dags/example_time_delta_sensor_async.py
[2025-09-03T19:49:42.565+0200] {processor.py:753} INFO - DAG(s) dict_keys(['example_time_delta_sensor_async']) retrieved from /home/varun/miniconda3/envs/python38/lib/python3.8/site-packages/airflow/example_dags/example_time_delta_sensor_async.py
[2025-09-03T19:49:42.592+0200] {logging_mixin.py:137} INFO - [2025-09-03T19:49:42.591+0200] {dag.py:2705} INFO - Sync 1 DAGs
[2025-09-03T19:49:42.622+0200] {logging_mixin.py:137} INFO - [2025-09-03T19:49:42.622+0200] {dag.py:3452} INFO - Setting next_dagrun for example_time_delta_sensor_async to None, run_after=None
[2025-09-03T19:49:42.654+0200] {processor.py:175} INFO - Processing /home/varun/miniconda3/envs/python38/lib/python3.8/site-packages/airflow/example_dags/example_time_delta_sensor_async.py took 0.111 seconds
[2025-09-03T19:50:28.656+0200] {processor.py:153} INFO - Started process (PID=3566) to work on /home/varun/miniconda3/envs/python38/lib/python3.8/site-packages/airflow/example_dags/example_time_delta_sensor_async.py
[2025-09-03T19:50:28.657+0200] {processor.py:743} INFO - Processing file /home/varun/miniconda3/envs/python38/lib/python3.8/site-packages/airflow/example_dags/example_time_delta_sensor_async.py for tasks to queue
[2025-09-03T19:50:28.658+0200] {logging_mixin.py:137} INFO - [2025-09-03T19:50:28.658+0200] {dagbag.py:532} INFO - Filling up the DagBag from /home/varun/miniconda3/envs/python38/lib/python3.8/site-packages/airflow/example_dags/example_time_delta_sensor_async.py
[2025-09-03T19:50:28.677+0200] {processor.py:753} INFO - DAG(s) dict_keys(['example_time_delta_sensor_async']) retrieved from /home/varun/miniconda3/envs/python38/lib/python3.8/site-packages/airflow/example_dags/example_time_delta_sensor_async.py
[2025-09-03T19:50:28.703+0200] {logging_mixin.py:137} INFO - [2025-09-03T19:50:28.703+0200] {dag.py:2705} INFO - Sync 1 DAGs
[2025-09-03T19:50:28.722+0200] {logging_mixin.py:137} INFO - [2025-09-03T19:50:28.722+0200] {dag.py:3452} INFO - Setting next_dagrun for example_time_delta_sensor_async to None, run_after=None
[2025-09-03T19:50:28.746+0200] {processor.py:175} INFO - Processing /home/varun/miniconda3/envs/python38/lib/python3.8/site-packages/airflow/example_dags/example_time_delta_sensor_async.py took 0.095 seconds
[2025-09-03T19:51:14.413+0200] {processor.py:153} INFO - Started process (PID=3618) to work on /home/varun/miniconda3/envs/python38/lib/python3.8/site-packages/airflow/example_dags/example_time_delta_sensor_async.py
[2025-09-03T19:51:14.415+0200] {processor.py:743} INFO - Processing file /home/varun/miniconda3/envs/python38/lib/python3.8/site-packages/airflow/example_dags/example_time_delta_sensor_async.py for tasks to queue
[2025-09-03T19:51:14.415+0200] {logging_mixin.py:137} INFO - [2025-09-03T19:51:14.415+0200] {dagbag.py:532} INFO - Filling up the DagBag from /home/varun/miniconda3/envs/python38/lib/python3.8/site-packages/airflow/example_dags/example_time_delta_sensor_async.py
[2025-09-03T19:51:14.426+0200] {processor.py:753} INFO - DAG(s) dict_keys(['example_time_delta_sensor_async']) retrieved from /home/varun/miniconda3/envs/python38/lib/python3.8/site-packages/airflow/example_dags/example_time_delta_sensor_async.py
[2025-09-03T19:51:14.445+0200] {logging_mixin.py:137} INFO - [2025-09-03T19:51:14.445+0200] {dag.py:2705} INFO - Sync 1 DAGs
[2025-09-03T19:51:14.465+0200] {logging_mixin.py:137} INFO - [2025-09-03T19:51:14.465+0200] {dag.py:3452} INFO - Setting next_dagrun for example_time_delta_sensor_async to None, run_after=None
[2025-09-03T19:51:14.488+0200] {processor.py:175} INFO - Processing /home/varun/miniconda3/envs/python38/lib/python3.8/site-packages/airflow/example_dags/example_time_delta_sensor_async.py took 0.078 seconds
[2025-09-03T19:52:04.079+0200] {processor.py:153} INFO - Started process (PID=3666) to work on /home/varun/miniconda3/envs/python38/lib/python3.8/site-packages/airflow/example_dags/example_time_delta_sensor_async.py
[2025-09-03T19:52:04.081+0200] {processor.py:743} INFO - Processing file /home/varun/miniconda3/envs/python38/lib/python3.8/site-packages/airflow/example_dags/example_time_delta_sensor_async.py for tasks to queue
[2025-09-03T19:52:04.082+0200] {logging_mixin.py:137} INFO - [2025-09-03T19:52:04.082+0200] {dagbag.py:532} INFO - Filling up the DagBag from /home/varun/miniconda3/envs/python38/lib/python3.8/site-packages/airflow/example_dags/example_time_delta_sensor_async.py
[2025-09-03T19:52:04.102+0200] {processor.py:753} INFO - DAG(s) dict_keys(['example_time_delta_sensor_async']) retrieved from /home/varun/miniconda3/envs/python38/lib/python3.8/site-packages/airflow/example_dags/example_time_delta_sensor_async.py
[2025-09-03T19:52:04.126+0200] {logging_mixin.py:137} INFO - [2025-09-03T19:52:04.125+0200] {dag.py:2705} INFO - Sync 1 DAGs
[2025-09-03T19:52:04.147+0200] {logging_mixin.py:137} INFO - [2025-09-03T19:52:04.147+0200] {dag.py:3452} INFO - Setting next_dagrun for example_time_delta_sensor_async to None, run_after=None
[2025-09-03T19:52:04.177+0200] {processor.py:175} INFO - Processing /home/varun/miniconda3/envs/python38/lib/python3.8/site-packages/airflow/example_dags/example_time_delta_sensor_async.py took 0.102 seconds
[2025-09-03T19:52:54.768+0200] {processor.py:153} INFO - Started process (PID=3712) to work on /home/varun/miniconda3/envs/python38/lib/python3.8/site-packages/airflow/example_dags/example_time_delta_sensor_async.py
[2025-09-03T19:52:54.770+0200] {processor.py:743} INFO - Processing file /home/varun/miniconda3/envs/python38/lib/python3.8/site-packages/airflow/example_dags/example_time_delta_sensor_async.py for tasks to queue
[2025-09-03T19:52:54.771+0200] {logging_mixin.py:137} INFO - [2025-09-03T19:52:54.770+0200] {dagbag.py:532} INFO - Filling up the DagBag from /home/varun/miniconda3/envs/python38/lib/python3.8/site-packages/airflow/example_dags/example_time_delta_sensor_async.py
[2025-09-03T19:52:54.781+0200] {processor.py:753} INFO - DAG(s) dict_keys(['example_time_delta_sensor_async']) retrieved from /home/varun/miniconda3/envs/python38/lib/python3.8/site-packages/airflow/example_dags/example_time_delta_sensor_async.py
[2025-09-03T19:52:54.802+0200] {logging_mixin.py:137} INFO - [2025-09-03T19:52:54.802+0200] {dag.py:2705} INFO - Sync 1 DAGs
[2025-09-03T19:52:54.819+0200] {logging_mixin.py:137} INFO - [2025-09-03T19:52:54.819+0200] {dag.py:3452} INFO - Setting next_dagrun for example_time_delta_sensor_async to None, run_after=None
[2025-09-03T19:52:54.957+0200] {processor.py:175} INFO - Processing /home/varun/miniconda3/envs/python38/lib/python3.8/site-packages/airflow/example_dags/example_time_delta_sensor_async.py took 0.194 seconds
[2025-09-03T19:53:49.524+0200] {processor.py:153} INFO - Started process (PID=3756) to work on /home/varun/miniconda3/envs/python38/lib/python3.8/site-packages/airflow/example_dags/example_time_delta_sensor_async.py
[2025-09-03T19:53:49.527+0200] {processor.py:743} INFO - Processing file /home/varun/miniconda3/envs/python38/lib/python3.8/site-packages/airflow/example_dags/example_time_delta_sensor_async.py for tasks to queue
[2025-09-03T19:53:49.528+0200] {logging_mixin.py:137} INFO - [2025-09-03T19:53:49.528+0200] {dagbag.py:532} INFO - Filling up the DagBag from /home/varun/miniconda3/envs/python38/lib/python3.8/site-packages/airflow/example_dags/example_time_delta_sensor_async.py
[2025-09-03T19:53:49.542+0200] {processor.py:753} INFO - DAG(s) dict_keys(['example_time_delta_sensor_async']) retrieved from /home/varun/miniconda3/envs/python38/lib/python3.8/site-packages/airflow/example_dags/example_time_delta_sensor_async.py
[2025-09-03T19:53:49.567+0200] {logging_mixin.py:137} INFO - [2025-09-03T19:53:49.567+0200] {dag.py:2705} INFO - Sync 1 DAGs
[2025-09-03T19:53:49.785+0200] {logging_mixin.py:137} INFO - [2025-09-03T19:53:49.784+0200] {dag.py:3452} INFO - Setting next_dagrun for example_time_delta_sensor_async to None, run_after=None
[2025-09-03T19:53:49.818+0200] {processor.py:175} INFO - Processing /home/varun/miniconda3/envs/python38/lib/python3.8/site-packages/airflow/example_dags/example_time_delta_sensor_async.py took 0.298 seconds
[2025-09-03T19:54:48.385+0200] {processor.py:153} INFO - Started process (PID=3809) to work on /home/varun/miniconda3/envs/python38/lib/python3.8/site-packages/airflow/example_dags/example_time_delta_sensor_async.py
[2025-09-03T19:54:48.387+0200] {processor.py:743} INFO - Processing file /home/varun/miniconda3/envs/python38/lib/python3.8/site-packages/airflow/example_dags/example_time_delta_sensor_async.py for tasks to queue
[2025-09-03T19:54:48.388+0200] {logging_mixin.py:137} INFO - [2025-09-03T19:54:48.388+0200] {dagbag.py:532} INFO - Filling up the DagBag from /home/varun/miniconda3/envs/python38/lib/python3.8/site-packages/airflow/example_dags/example_time_delta_sensor_async.py
[2025-09-03T19:54:48.403+0200] {processor.py:753} INFO - DAG(s) dict_keys(['example_time_delta_sensor_async']) retrieved from /home/varun/miniconda3/envs/python38/lib/python3.8/site-packages/airflow/example_dags/example_time_delta_sensor_async.py
[2025-09-03T19:54:48.426+0200] {logging_mixin.py:137} INFO - [2025-09-03T19:54:48.426+0200] {dag.py:2705} INFO - Sync 1 DAGs
[2025-09-03T19:54:48.595+0200] {logging_mixin.py:137} INFO - [2025-09-03T19:54:48.594+0200] {dag.py:3452} INFO - Setting next_dagrun for example_time_delta_sensor_async to None, run_after=None
[2025-09-03T19:54:48.622+0200] {processor.py:175} INFO - Processing /home/varun/miniconda3/envs/python38/lib/python3.8/site-packages/airflow/example_dags/example_time_delta_sensor_async.py took 0.241 seconds
[2025-09-03T19:55:45.534+0200] {processor.py:153} INFO - Started process (PID=3863) to work on /home/varun/miniconda3/envs/python38/lib/python3.8/site-packages/airflow/example_dags/example_time_delta_sensor_async.py
[2025-09-03T19:55:45.536+0200] {processor.py:743} INFO - Processing file /home/varun/miniconda3/envs/python38/lib/python3.8/site-packages/airflow/example_dags/example_time_delta_sensor_async.py for tasks to queue
[2025-09-03T19:55:45.536+0200] {logging_mixin.py:137} INFO - [2025-09-03T19:55:45.536+0200] {dagbag.py:532} INFO - Filling up the DagBag from /home/varun/miniconda3/envs/python38/lib/python3.8/site-packages/airflow/example_dags/example_time_delta_sensor_async.py
[2025-09-03T19:55:45.548+0200] {processor.py:753} INFO - DAG(s) dict_keys(['example_time_delta_sensor_async']) retrieved from /home/varun/miniconda3/envs/python38/lib/python3.8/site-packages/airflow/example_dags/example_time_delta_sensor_async.py
[2025-09-03T19:55:45.671+0200] {logging_mixin.py:137} INFO - [2025-09-03T19:55:45.671+0200] {dag.py:2705} INFO - Sync 1 DAGs
[2025-09-03T19:55:45.686+0200] {logging_mixin.py:137} INFO - [2025-09-03T19:55:45.685+0200] {dag.py:3452} INFO - Setting next_dagrun for example_time_delta_sensor_async to None, run_after=None
[2025-09-03T19:55:45.714+0200] {processor.py:175} INFO - Processing /home/varun/miniconda3/envs/python38/lib/python3.8/site-packages/airflow/example_dags/example_time_delta_sensor_async.py took 0.183 seconds
[2025-09-03T19:56:43.814+0200] {processor.py:153} INFO - Started process (PID=3913) to work on /home/varun/miniconda3/envs/python38/lib/python3.8/site-packages/airflow/example_dags/example_time_delta_sensor_async.py
[2025-09-03T19:56:43.816+0200] {processor.py:743} INFO - Processing file /home/varun/miniconda3/envs/python38/lib/python3.8/site-packages/airflow/example_dags/example_time_delta_sensor_async.py for tasks to queue
[2025-09-03T19:56:43.817+0200] {logging_mixin.py:137} INFO - [2025-09-03T19:56:43.816+0200] {dagbag.py:532} INFO - Filling up the DagBag from /home/varun/miniconda3/envs/python38/lib/python3.8/site-packages/airflow/example_dags/example_time_delta_sensor_async.py
[2025-09-03T19:56:43.969+0200] {processor.py:753} INFO - DAG(s) dict_keys(['example_time_delta_sensor_async']) retrieved from /home/varun/miniconda3/envs/python38/lib/python3.8/site-packages/airflow/example_dags/example_time_delta_sensor_async.py
[2025-09-03T19:56:43.986+0200] {logging_mixin.py:137} INFO - [2025-09-03T19:56:43.986+0200] {dag.py:2705} INFO - Sync 1 DAGs
[2025-09-03T19:56:44.002+0200] {logging_mixin.py:137} INFO - [2025-09-03T19:56:44.002+0200] {dag.py:3452} INFO - Setting next_dagrun for example_time_delta_sensor_async to None, run_after=None
[2025-09-03T19:56:44.025+0200] {processor.py:175} INFO - Processing /home/varun/miniconda3/envs/python38/lib/python3.8/site-packages/airflow/example_dags/example_time_delta_sensor_async.py took 0.216 seconds
[2025-09-03T19:57:38.374+0200] {processor.py:153} INFO - Started process (PID=3960) to work on /home/varun/miniconda3/envs/python38/lib/python3.8/site-packages/airflow/example_dags/example_time_delta_sensor_async.py
[2025-09-03T19:57:38.376+0200] {processor.py:743} INFO - Processing file /home/varun/miniconda3/envs/python38/lib/python3.8/site-packages/airflow/example_dags/example_time_delta_sensor_async.py for tasks to queue
[2025-09-03T19:57:38.376+0200] {logging_mixin.py:137} INFO - [2025-09-03T19:57:38.376+0200] {dagbag.py:532} INFO - Filling up the DagBag from /home/varun/miniconda3/envs/python38/lib/python3.8/site-packages/airflow/example_dags/example_time_delta_sensor_async.py
[2025-09-03T19:57:38.396+0200] {processor.py:753} INFO - DAG(s) dict_keys(['example_time_delta_sensor_async']) retrieved from /home/varun/miniconda3/envs/python38/lib/python3.8/site-packages/airflow/example_dags/example_time_delta_sensor_async.py
[2025-09-03T19:57:38.422+0200] {logging_mixin.py:137} INFO - [2025-09-03T19:57:38.422+0200] {dag.py:2705} INFO - Sync 1 DAGs
[2025-09-03T19:57:38.446+0200] {logging_mixin.py:137} INFO - [2025-09-03T19:57:38.446+0200] {dag.py:3452} INFO - Setting next_dagrun for example_time_delta_sensor_async to None, run_after=None
[2025-09-03T19:57:38.482+0200] {processor.py:175} INFO - Processing /home/varun/miniconda3/envs/python38/lib/python3.8/site-packages/airflow/example_dags/example_time_delta_sensor_async.py took 0.116 seconds
[2025-09-03T20:00:44.426+0200] {processor.py:153} INFO - Started process (PID=4028) to work on /home/varun/miniconda3/envs/python38/lib/python3.8/site-packages/airflow/example_dags/example_time_delta_sensor_async.py
[2025-09-03T20:00:44.428+0200] {processor.py:743} INFO - Processing file /home/varun/miniconda3/envs/python38/lib/python3.8/site-packages/airflow/example_dags/example_time_delta_sensor_async.py for tasks to queue
[2025-09-03T20:00:44.428+0200] {logging_mixin.py:137} INFO - [2025-09-03T20:00:44.428+0200] {dagbag.py:532} INFO - Filling up the DagBag from /home/varun/miniconda3/envs/python38/lib/python3.8/site-packages/airflow/example_dags/example_time_delta_sensor_async.py
[2025-09-03T20:00:44.439+0200] {processor.py:753} INFO - DAG(s) dict_keys(['example_time_delta_sensor_async']) retrieved from /home/varun/miniconda3/envs/python38/lib/python3.8/site-packages/airflow/example_dags/example_time_delta_sensor_async.py
[2025-09-03T20:00:44.459+0200] {logging_mixin.py:137} INFO - [2025-09-03T20:00:44.459+0200] {dag.py:2705} INFO - Sync 1 DAGs
[2025-09-03T20:00:44.476+0200] {logging_mixin.py:137} INFO - [2025-09-03T20:00:44.476+0200] {dag.py:3452} INFO - Setting next_dagrun for example_time_delta_sensor_async to None, run_after=None
[2025-09-03T20:00:44.498+0200] {processor.py:175} INFO - Processing /home/varun/miniconda3/envs/python38/lib/python3.8/site-packages/airflow/example_dags/example_time_delta_sensor_async.py took 0.075 seconds
[2025-09-03T20:01:30.842+0200] {processor.py:153} INFO - Started process (PID=4078) to work on /home/varun/miniconda3/envs/python38/lib/python3.8/site-packages/airflow/example_dags/example_time_delta_sensor_async.py
[2025-09-03T20:01:30.844+0200] {processor.py:743} INFO - Processing file /home/varun/miniconda3/envs/python38/lib/python3.8/site-packages/airflow/example_dags/example_time_delta_sensor_async.py for tasks to queue
[2025-09-03T20:01:30.845+0200] {logging_mixin.py:137} INFO - [2025-09-03T20:01:30.845+0200] {dagbag.py:532} INFO - Filling up the DagBag from /home/varun/miniconda3/envs/python38/lib/python3.8/site-packages/airflow/example_dags/example_time_delta_sensor_async.py
[2025-09-03T20:01:30.859+0200] {processor.py:753} INFO - DAG(s) dict_keys(['example_time_delta_sensor_async']) retrieved from /home/varun/miniconda3/envs/python38/lib/python3.8/site-packages/airflow/example_dags/example_time_delta_sensor_async.py
[2025-09-03T20:01:30.881+0200] {logging_mixin.py:137} INFO - [2025-09-03T20:01:30.880+0200] {dag.py:2705} INFO - Sync 1 DAGs
[2025-09-03T20:01:30.900+0200] {logging_mixin.py:137} INFO - [2025-09-03T20:01:30.899+0200] {dag.py:3452} INFO - Setting next_dagrun for example_time_delta_sensor_async to None, run_after=None
[2025-09-03T20:01:30.923+0200] {processor.py:175} INFO - Processing /home/varun/miniconda3/envs/python38/lib/python3.8/site-packages/airflow/example_dags/example_time_delta_sensor_async.py took 0.084 seconds
[2025-09-03T20:02:19.357+0200] {processor.py:153} INFO - Started process (PID=4120) to work on /home/varun/miniconda3/envs/python38/lib/python3.8/site-packages/airflow/example_dags/example_time_delta_sensor_async.py
[2025-09-03T20:02:19.358+0200] {processor.py:743} INFO - Processing file /home/varun/miniconda3/envs/python38/lib/python3.8/site-packages/airflow/example_dags/example_time_delta_sensor_async.py for tasks to queue
[2025-09-03T20:02:19.359+0200] {logging_mixin.py:137} INFO - [2025-09-03T20:02:19.359+0200] {dagbag.py:532} INFO - Filling up the DagBag from /home/varun/miniconda3/envs/python38/lib/python3.8/site-packages/airflow/example_dags/example_time_delta_sensor_async.py
[2025-09-03T20:02:19.373+0200] {processor.py:753} INFO - DAG(s) dict_keys(['example_time_delta_sensor_async']) retrieved from /home/varun/miniconda3/envs/python38/lib/python3.8/site-packages/airflow/example_dags/example_time_delta_sensor_async.py
[2025-09-03T20:02:19.393+0200] {logging_mixin.py:137} INFO - [2025-09-03T20:02:19.392+0200] {dag.py:2705} INFO - Sync 1 DAGs
[2025-09-03T20:02:19.413+0200] {logging_mixin.py:137} INFO - [2025-09-03T20:02:19.412+0200] {dag.py:3452} INFO - Setting next_dagrun for example_time_delta_sensor_async to None, run_after=None
[2025-09-03T20:02:19.444+0200] {processor.py:175} INFO - Processing /home/varun/miniconda3/envs/python38/lib/python3.8/site-packages/airflow/example_dags/example_time_delta_sensor_async.py took 0.092 seconds
[2025-09-03T20:03:06.130+0200] {processor.py:153} INFO - Started process (PID=4162) to work on /home/varun/miniconda3/envs/python38/lib/python3.8/site-packages/airflow/example_dags/example_time_delta_sensor_async.py
[2025-09-03T20:03:06.132+0200] {processor.py:743} INFO - Processing file /home/varun/miniconda3/envs/python38/lib/python3.8/site-packages/airflow/example_dags/example_time_delta_sensor_async.py for tasks to queue
[2025-09-03T20:03:06.133+0200] {logging_mixin.py:137} INFO - [2025-09-03T20:03:06.133+0200] {dagbag.py:532} INFO - Filling up the DagBag from /home/varun/miniconda3/envs/python38/lib/python3.8/site-packages/airflow/example_dags/example_time_delta_sensor_async.py
[2025-09-03T20:03:06.148+0200] {processor.py:753} INFO - DAG(s) dict_keys(['example_time_delta_sensor_async']) retrieved from /home/varun/miniconda3/envs/python38/lib/python3.8/site-packages/airflow/example_dags/example_time_delta_sensor_async.py
[2025-09-03T20:03:06.170+0200] {logging_mixin.py:137} INFO - [2025-09-03T20:03:06.170+0200] {dag.py:2705} INFO - Sync 1 DAGs
[2025-09-03T20:03:06.191+0200] {logging_mixin.py:137} INFO - [2025-09-03T20:03:06.191+0200] {dag.py:3452} INFO - Setting next_dagrun for example_time_delta_sensor_async to None, run_after=None
[2025-09-03T20:03:06.216+0200] {processor.py:175} INFO - Processing /home/varun/miniconda3/envs/python38/lib/python3.8/site-packages/airflow/example_dags/example_time_delta_sensor_async.py took 0.090 seconds
[2025-09-03T20:03:53.584+0200] {processor.py:153} INFO - Started process (PID=4204) to work on /home/varun/miniconda3/envs/python38/lib/python3.8/site-packages/airflow/example_dags/example_time_delta_sensor_async.py
[2025-09-03T20:03:53.585+0200] {processor.py:743} INFO - Processing file /home/varun/miniconda3/envs/python38/lib/python3.8/site-packages/airflow/example_dags/example_time_delta_sensor_async.py for tasks to queue
[2025-09-03T20:03:53.587+0200] {logging_mixin.py:137} INFO - [2025-09-03T20:03:53.586+0200] {dagbag.py:532} INFO - Filling up the DagBag from /home/varun/miniconda3/envs/python38/lib/python3.8/site-packages/airflow/example_dags/example_time_delta_sensor_async.py
[2025-09-03T20:03:53.599+0200] {processor.py:753} INFO - DAG(s) dict_keys(['example_time_delta_sensor_async']) retrieved from /home/varun/miniconda3/envs/python38/lib/python3.8/site-packages/airflow/example_dags/example_time_delta_sensor_async.py
[2025-09-03T20:03:53.619+0200] {logging_mixin.py:137} INFO - [2025-09-03T20:03:53.619+0200] {dag.py:2705} INFO - Sync 1 DAGs
[2025-09-03T20:03:53.639+0200] {logging_mixin.py:137} INFO - [2025-09-03T20:03:53.638+0200] {dag.py:3452} INFO - Setting next_dagrun for example_time_delta_sensor_async to None, run_after=None
[2025-09-03T20:03:53.662+0200] {processor.py:175} INFO - Processing /home/varun/miniconda3/envs/python38/lib/python3.8/site-packages/airflow/example_dags/example_time_delta_sensor_async.py took 0.082 seconds
[2025-09-03T20:04:45.723+0200] {processor.py:153} INFO - Started process (PID=4248) to work on /home/varun/miniconda3/envs/python38/lib/python3.8/site-packages/airflow/example_dags/example_time_delta_sensor_async.py
[2025-09-03T20:04:45.725+0200] {processor.py:743} INFO - Processing file /home/varun/miniconda3/envs/python38/lib/python3.8/site-packages/airflow/example_dags/example_time_delta_sensor_async.py for tasks to queue
[2025-09-03T20:04:45.725+0200] {logging_mixin.py:137} INFO - [2025-09-03T20:04:45.725+0200] {dagbag.py:532} INFO - Filling up the DagBag from /home/varun/miniconda3/envs/python38/lib/python3.8/site-packages/airflow/example_dags/example_time_delta_sensor_async.py
[2025-09-03T20:04:45.739+0200] {processor.py:753} INFO - DAG(s) dict_keys(['example_time_delta_sensor_async']) retrieved from /home/varun/miniconda3/envs/python38/lib/python3.8/site-packages/airflow/example_dags/example_time_delta_sensor_async.py
[2025-09-03T20:04:45.879+0200] {logging_mixin.py:137} INFO - [2025-09-03T20:04:45.879+0200] {manager.py:504} INFO - Created Permission View: can delete on DAG:example_time_delta_sensor_async
[2025-09-03T20:04:45.905+0200] {logging_mixin.py:137} INFO - [2025-09-03T20:04:45.904+0200] {manager.py:504} INFO - Created Permission View: can read on DAG:example_time_delta_sensor_async
[2025-09-03T20:04:45.919+0200] {logging_mixin.py:137} INFO - [2025-09-03T20:04:45.918+0200] {manager.py:504} INFO - Created Permission View: can edit on DAG:example_time_delta_sensor_async
[2025-09-03T20:04:45.919+0200] {logging_mixin.py:137} INFO - [2025-09-03T20:04:45.919+0200] {dag.py:2705} INFO - Sync 1 DAGs
[2025-09-03T20:04:45.932+0200] {logging_mixin.py:137} INFO - [2025-09-03T20:04:45.931+0200] {dag.py:2726} INFO - Creating ORM DAG for example_time_delta_sensor_async
[2025-09-03T20:04:45.942+0200] {logging_mixin.py:137} INFO - [2025-09-03T20:04:45.942+0200] {dag.py:3452} INFO - Setting next_dagrun for example_time_delta_sensor_async to None, run_after=None
[2025-09-03T20:04:45.968+0200] {processor.py:175} INFO - Processing /home/varun/miniconda3/envs/python38/lib/python3.8/site-packages/airflow/example_dags/example_time_delta_sensor_async.py took 0.249 seconds
[2025-09-03T20:05:45.826+0200] {processor.py:153} INFO - Started process (PID=4307) to work on /home/varun/miniconda3/envs/python38/lib/python3.8/site-packages/airflow/example_dags/example_time_delta_sensor_async.py
[2025-09-03T20:05:45.828+0200] {processor.py:743} INFO - Processing file /home/varun/miniconda3/envs/python38/lib/python3.8/site-packages/airflow/example_dags/example_time_delta_sensor_async.py for tasks to queue
[2025-09-03T20:05:45.829+0200] {logging_mixin.py:137} INFO - [2025-09-03T20:05:45.828+0200] {dagbag.py:532} INFO - Filling up the DagBag from /home/varun/miniconda3/envs/python38/lib/python3.8/site-packages/airflow/example_dags/example_time_delta_sensor_async.py
[2025-09-03T20:05:45.842+0200] {processor.py:753} INFO - DAG(s) dict_keys(['example_time_delta_sensor_async']) retrieved from /home/varun/miniconda3/envs/python38/lib/python3.8/site-packages/airflow/example_dags/example_time_delta_sensor_async.py
[2025-09-03T20:05:45.865+0200] {logging_mixin.py:137} INFO - [2025-09-03T20:05:45.865+0200] {dag.py:2705} INFO - Sync 1 DAGs
[2025-09-03T20:05:45.884+0200] {logging_mixin.py:137} INFO - [2025-09-03T20:05:45.884+0200] {dag.py:3452} INFO - Setting next_dagrun for example_time_delta_sensor_async to None, run_after=None
[2025-09-03T20:05:45.908+0200] {processor.py:175} INFO - Processing /home/varun/miniconda3/envs/python38/lib/python3.8/site-packages/airflow/example_dags/example_time_delta_sensor_async.py took 0.086 seconds
[2025-09-03T20:06:32.747+0200] {processor.py:153} INFO - Started process (PID=4349) to work on /home/varun/miniconda3/envs/python38/lib/python3.8/site-packages/airflow/example_dags/example_time_delta_sensor_async.py
[2025-09-03T20:06:32.749+0200] {processor.py:743} INFO - Processing file /home/varun/miniconda3/envs/python38/lib/python3.8/site-packages/airflow/example_dags/example_time_delta_sensor_async.py for tasks to queue
[2025-09-03T20:06:32.749+0200] {logging_mixin.py:137} INFO - [2025-09-03T20:06:32.749+0200] {dagbag.py:532} INFO - Filling up the DagBag from /home/varun/miniconda3/envs/python38/lib/python3.8/site-packages/airflow/example_dags/example_time_delta_sensor_async.py
[2025-09-03T20:06:32.763+0200] {processor.py:753} INFO - DAG(s) dict_keys(['example_time_delta_sensor_async']) retrieved from /home/varun/miniconda3/envs/python38/lib/python3.8/site-packages/airflow/example_dags/example_time_delta_sensor_async.py
[2025-09-03T20:06:32.782+0200] {logging_mixin.py:137} INFO - [2025-09-03T20:06:32.782+0200] {dag.py:2705} INFO - Sync 1 DAGs
[2025-09-03T20:06:32.800+0200] {logging_mixin.py:137} INFO - [2025-09-03T20:06:32.800+0200] {dag.py:3452} INFO - Setting next_dagrun for example_time_delta_sensor_async to None, run_after=None
[2025-09-03T20:06:32.833+0200] {processor.py:175} INFO - Processing /home/varun/miniconda3/envs/python38/lib/python3.8/site-packages/airflow/example_dags/example_time_delta_sensor_async.py took 0.090 seconds
[2025-09-03T20:07:18.481+0200] {processor.py:153} INFO - Started process (PID=4411) to work on /home/varun/miniconda3/envs/python38/lib/python3.8/site-packages/airflow/example_dags/example_time_delta_sensor_async.py
[2025-09-03T20:07:18.483+0200] {processor.py:743} INFO - Processing file /home/varun/miniconda3/envs/python38/lib/python3.8/site-packages/airflow/example_dags/example_time_delta_sensor_async.py for tasks to queue
[2025-09-03T20:07:18.484+0200] {logging_mixin.py:137} INFO - [2025-09-03T20:07:18.484+0200] {dagbag.py:532} INFO - Filling up the DagBag from /home/varun/miniconda3/envs/python38/lib/python3.8/site-packages/airflow/example_dags/example_time_delta_sensor_async.py
[2025-09-03T20:07:18.496+0200] {processor.py:753} INFO - DAG(s) dict_keys(['example_time_delta_sensor_async']) retrieved from /home/varun/miniconda3/envs/python38/lib/python3.8/site-packages/airflow/example_dags/example_time_delta_sensor_async.py
[2025-09-03T20:07:18.520+0200] {logging_mixin.py:137} INFO - [2025-09-03T20:07:18.520+0200] {dag.py:2705} INFO - Sync 1 DAGs
[2025-09-03T20:07:18.543+0200] {logging_mixin.py:137} INFO - [2025-09-03T20:07:18.543+0200] {dag.py:3452} INFO - Setting next_dagrun for example_time_delta_sensor_async to None, run_after=None
[2025-09-03T20:07:18.570+0200] {processor.py:175} INFO - Processing /home/varun/miniconda3/envs/python38/lib/python3.8/site-packages/airflow/example_dags/example_time_delta_sensor_async.py took 0.093 seconds
[2025-09-03T20:08:04.959+0200] {processor.py:153} INFO - Started process (PID=4459) to work on /home/varun/miniconda3/envs/python38/lib/python3.8/site-packages/airflow/example_dags/example_time_delta_sensor_async.py
[2025-09-03T20:08:04.961+0200] {processor.py:743} INFO - Processing file /home/varun/miniconda3/envs/python38/lib/python3.8/site-packages/airflow/example_dags/example_time_delta_sensor_async.py for tasks to queue
[2025-09-03T20:08:04.961+0200] {logging_mixin.py:137} INFO - [2025-09-03T20:08:04.961+0200] {dagbag.py:532} INFO - Filling up the DagBag from /home/varun/miniconda3/envs/python38/lib/python3.8/site-packages/airflow/example_dags/example_time_delta_sensor_async.py
[2025-09-03T20:08:04.976+0200] {processor.py:753} INFO - DAG(s) dict_keys(['example_time_delta_sensor_async']) retrieved from /home/varun/miniconda3/envs/python38/lib/python3.8/site-packages/airflow/example_dags/example_time_delta_sensor_async.py
[2025-09-03T20:08:05.000+0200] {logging_mixin.py:137} INFO - [2025-09-03T20:08:05.000+0200] {dag.py:2705} INFO - Sync 1 DAGs
[2025-09-03T20:08:05.020+0200] {logging_mixin.py:137} INFO - [2025-09-03T20:08:05.020+0200] {dag.py:3452} INFO - Setting next_dagrun for example_time_delta_sensor_async to None, run_after=None
[2025-09-03T20:08:05.045+0200] {processor.py:175} INFO - Processing /home/varun/miniconda3/envs/python38/lib/python3.8/site-packages/airflow/example_dags/example_time_delta_sensor_async.py took 0.089 seconds
[2025-09-03T20:09:24.634+0200] {processor.py:153} INFO - Started process (PID=4518) to work on /home/varun/miniconda3/envs/python38/lib/python3.8/site-packages/airflow/example_dags/example_time_delta_sensor_async.py
[2025-09-03T20:09:24.637+0200] {processor.py:743} INFO - Processing file /home/varun/miniconda3/envs/python38/lib/python3.8/site-packages/airflow/example_dags/example_time_delta_sensor_async.py for tasks to queue
[2025-09-03T20:09:24.639+0200] {logging_mixin.py:137} INFO - [2025-09-03T20:09:24.638+0200] {dagbag.py:532} INFO - Filling up the DagBag from /home/varun/miniconda3/envs/python38/lib/python3.8/site-packages/airflow/example_dags/example_time_delta_sensor_async.py
[2025-09-03T20:09:24.673+0200] {processor.py:753} INFO - DAG(s) dict_keys(['example_time_delta_sensor_async']) retrieved from /home/varun/miniconda3/envs/python38/lib/python3.8/site-packages/airflow/example_dags/example_time_delta_sensor_async.py
[2025-09-03T20:09:24.716+0200] {logging_mixin.py:137} INFO - [2025-09-03T20:09:24.715+0200] {dag.py:2705} INFO - Sync 1 DAGs
[2025-09-03T20:09:24.744+0200] {logging_mixin.py:137} INFO - [2025-09-03T20:09:24.744+0200] {dag.py:3452} INFO - Setting next_dagrun for example_time_delta_sensor_async to None, run_after=None
[2025-09-03T20:09:24.770+0200] {processor.py:175} INFO - Processing /home/varun/miniconda3/envs/python38/lib/python3.8/site-packages/airflow/example_dags/example_time_delta_sensor_async.py took 0.144 seconds
[2025-09-03T20:10:12.799+0200] {processor.py:153} INFO - Started process (PID=4560) to work on /home/varun/miniconda3/envs/python38/lib/python3.8/site-packages/airflow/example_dags/example_time_delta_sensor_async.py
[2025-09-03T20:10:12.800+0200] {processor.py:743} INFO - Processing file /home/varun/miniconda3/envs/python38/lib/python3.8/site-packages/airflow/example_dags/example_time_delta_sensor_async.py for tasks to queue
[2025-09-03T20:10:12.801+0200] {logging_mixin.py:137} INFO - [2025-09-03T20:10:12.801+0200] {dagbag.py:532} INFO - Filling up the DagBag from /home/varun/miniconda3/envs/python38/lib/python3.8/site-packages/airflow/example_dags/example_time_delta_sensor_async.py
[2025-09-03T20:10:12.815+0200] {processor.py:753} INFO - DAG(s) dict_keys(['example_time_delta_sensor_async']) retrieved from /home/varun/miniconda3/envs/python38/lib/python3.8/site-packages/airflow/example_dags/example_time_delta_sensor_async.py
[2025-09-03T20:10:12.835+0200] {logging_mixin.py:137} INFO - [2025-09-03T20:10:12.834+0200] {dag.py:2705} INFO - Sync 1 DAGs
[2025-09-03T20:10:12.852+0200] {logging_mixin.py:137} INFO - [2025-09-03T20:10:12.852+0200] {dag.py:3452} INFO - Setting next_dagrun for example_time_delta_sensor_async to None, run_after=None
[2025-09-03T20:10:12.874+0200] {processor.py:175} INFO - Processing /home/varun/miniconda3/envs/python38/lib/python3.8/site-packages/airflow/example_dags/example_time_delta_sensor_async.py took 0.078 seconds
[2025-09-03T20:10:58.208+0200] {processor.py:153} INFO - Started process (PID=4602) to work on /home/varun/miniconda3/envs/python38/lib/python3.8/site-packages/airflow/example_dags/example_time_delta_sensor_async.py
[2025-09-03T20:10:58.210+0200] {processor.py:743} INFO - Processing file /home/varun/miniconda3/envs/python38/lib/python3.8/site-packages/airflow/example_dags/example_time_delta_sensor_async.py for tasks to queue
[2025-09-03T20:10:58.212+0200] {logging_mixin.py:137} INFO - [2025-09-03T20:10:58.212+0200] {dagbag.py:532} INFO - Filling up the DagBag from /home/varun/miniconda3/envs/python38/lib/python3.8/site-packages/airflow/example_dags/example_time_delta_sensor_async.py
[2025-09-03T20:10:58.240+0200] {processor.py:753} INFO - DAG(s) dict_keys(['example_time_delta_sensor_async']) retrieved from /home/varun/miniconda3/envs/python38/lib/python3.8/site-packages/airflow/example_dags/example_time_delta_sensor_async.py
[2025-09-03T20:10:58.280+0200] {logging_mixin.py:137} INFO - [2025-09-03T20:10:58.280+0200] {dag.py:2705} INFO - Sync 1 DAGs
[2025-09-03T20:10:58.313+0200] {logging_mixin.py:137} INFO - [2025-09-03T20:10:58.313+0200] {dag.py:3452} INFO - Setting next_dagrun for example_time_delta_sensor_async to None, run_after=None
[2025-09-03T20:10:58.349+0200] {processor.py:175} INFO - Processing /home/varun/miniconda3/envs/python38/lib/python3.8/site-packages/airflow/example_dags/example_time_delta_sensor_async.py took 0.147 seconds
[2025-09-03T20:11:47.151+0200] {processor.py:153} INFO - Started process (PID=4644) to work on /home/varun/miniconda3/envs/python38/lib/python3.8/site-packages/airflow/example_dags/example_time_delta_sensor_async.py
[2025-09-03T20:11:47.152+0200] {processor.py:743} INFO - Processing file /home/varun/miniconda3/envs/python38/lib/python3.8/site-packages/airflow/example_dags/example_time_delta_sensor_async.py for tasks to queue
[2025-09-03T20:11:47.153+0200] {logging_mixin.py:137} INFO - [2025-09-03T20:11:47.153+0200] {dagbag.py:532} INFO - Filling up the DagBag from /home/varun/miniconda3/envs/python38/lib/python3.8/site-packages/airflow/example_dags/example_time_delta_sensor_async.py
[2025-09-03T20:11:47.164+0200] {processor.py:753} INFO - DAG(s) dict_keys(['example_time_delta_sensor_async']) retrieved from /home/varun/miniconda3/envs/python38/lib/python3.8/site-packages/airflow/example_dags/example_time_delta_sensor_async.py
[2025-09-03T20:11:47.183+0200] {logging_mixin.py:137} INFO - [2025-09-03T20:11:47.182+0200] {dag.py:2705} INFO - Sync 1 DAGs
[2025-09-03T20:11:47.200+0200] {logging_mixin.py:137} INFO - [2025-09-03T20:11:47.200+0200] {dag.py:3452} INFO - Setting next_dagrun for example_time_delta_sensor_async to None, run_after=None
[2025-09-03T20:11:47.222+0200] {processor.py:175} INFO - Processing /home/varun/miniconda3/envs/python38/lib/python3.8/site-packages/airflow/example_dags/example_time_delta_sensor_async.py took 0.074 seconds
[2025-09-03T20:12:32.185+0200] {processor.py:153} INFO - Started process (PID=4686) to work on /home/varun/miniconda3/envs/python38/lib/python3.8/site-packages/airflow/example_dags/example_time_delta_sensor_async.py
[2025-09-03T20:12:32.187+0200] {processor.py:743} INFO - Processing file /home/varun/miniconda3/envs/python38/lib/python3.8/site-packages/airflow/example_dags/example_time_delta_sensor_async.py for tasks to queue
[2025-09-03T20:12:32.187+0200] {logging_mixin.py:137} INFO - [2025-09-03T20:12:32.187+0200] {dagbag.py:532} INFO - Filling up the DagBag from /home/varun/miniconda3/envs/python38/lib/python3.8/site-packages/airflow/example_dags/example_time_delta_sensor_async.py
[2025-09-03T20:12:32.201+0200] {processor.py:753} INFO - DAG(s) dict_keys(['example_time_delta_sensor_async']) retrieved from /home/varun/miniconda3/envs/python38/lib/python3.8/site-packages/airflow/example_dags/example_time_delta_sensor_async.py
[2025-09-03T20:12:32.223+0200] {logging_mixin.py:137} INFO - [2025-09-03T20:12:32.222+0200] {dag.py:2705} INFO - Sync 1 DAGs
[2025-09-03T20:12:32.242+0200] {logging_mixin.py:137} INFO - [2025-09-03T20:12:32.242+0200] {dag.py:3452} INFO - Setting next_dagrun for example_time_delta_sensor_async to None, run_after=None
[2025-09-03T20:12:32.280+0200] {processor.py:175} INFO - Processing /home/varun/miniconda3/envs/python38/lib/python3.8/site-packages/airflow/example_dags/example_time_delta_sensor_async.py took 0.098 seconds
[2025-09-03T20:13:18.544+0200] {processor.py:153} INFO - Started process (PID=4729) to work on /home/varun/miniconda3/envs/python38/lib/python3.8/site-packages/airflow/example_dags/example_time_delta_sensor_async.py
[2025-09-03T20:13:18.547+0200] {processor.py:743} INFO - Processing file /home/varun/miniconda3/envs/python38/lib/python3.8/site-packages/airflow/example_dags/example_time_delta_sensor_async.py for tasks to queue
[2025-09-03T20:13:18.547+0200] {logging_mixin.py:137} INFO - [2025-09-03T20:13:18.547+0200] {dagbag.py:532} INFO - Filling up the DagBag from /home/varun/miniconda3/envs/python38/lib/python3.8/site-packages/airflow/example_dags/example_time_delta_sensor_async.py
[2025-09-03T20:13:18.559+0200] {processor.py:753} INFO - DAG(s) dict_keys(['example_time_delta_sensor_async']) retrieved from /home/varun/miniconda3/envs/python38/lib/python3.8/site-packages/airflow/example_dags/example_time_delta_sensor_async.py
[2025-09-03T20:13:18.576+0200] {logging_mixin.py:137} INFO - [2025-09-03T20:13:18.575+0200] {dag.py:2705} INFO - Sync 1 DAGs
[2025-09-03T20:13:18.590+0200] {logging_mixin.py:137} INFO - [2025-09-03T20:13:18.590+0200] {dag.py:3452} INFO - Setting next_dagrun for example_time_delta_sensor_async to None, run_after=None
[2025-09-03T20:13:18.609+0200] {processor.py:175} INFO - Processing /home/varun/miniconda3/envs/python38/lib/python3.8/site-packages/airflow/example_dags/example_time_delta_sensor_async.py took 0.067 seconds
[2025-09-03T20:14:03.466+0200] {processor.py:153} INFO - Started process (PID=4771) to work on /home/varun/miniconda3/envs/python38/lib/python3.8/site-packages/airflow/example_dags/example_time_delta_sensor_async.py
[2025-09-03T20:14:03.467+0200] {processor.py:743} INFO - Processing file /home/varun/miniconda3/envs/python38/lib/python3.8/site-packages/airflow/example_dags/example_time_delta_sensor_async.py for tasks to queue
[2025-09-03T20:14:03.468+0200] {logging_mixin.py:137} INFO - [2025-09-03T20:14:03.467+0200] {dagbag.py:532} INFO - Filling up the DagBag from /home/varun/miniconda3/envs/python38/lib/python3.8/site-packages/airflow/example_dags/example_time_delta_sensor_async.py
[2025-09-03T20:14:03.478+0200] {processor.py:753} INFO - DAG(s) dict_keys(['example_time_delta_sensor_async']) retrieved from /home/varun/miniconda3/envs/python38/lib/python3.8/site-packages/airflow/example_dags/example_time_delta_sensor_async.py
[2025-09-03T20:14:03.494+0200] {logging_mixin.py:137} INFO - [2025-09-03T20:14:03.494+0200] {dag.py:2705} INFO - Sync 1 DAGs
[2025-09-03T20:14:03.509+0200] {logging_mixin.py:137} INFO - [2025-09-03T20:14:03.509+0200] {dag.py:3452} INFO - Setting next_dagrun for example_time_delta_sensor_async to None, run_after=None
[2025-09-03T20:14:03.535+0200] {processor.py:175} INFO - Processing /home/varun/miniconda3/envs/python38/lib/python3.8/site-packages/airflow/example_dags/example_time_delta_sensor_async.py took 0.073 seconds
[2025-09-03T20:14:49.121+0200] {processor.py:153} INFO - Started process (PID=4813) to work on /home/varun/miniconda3/envs/python38/lib/python3.8/site-packages/airflow/example_dags/example_time_delta_sensor_async.py
[2025-09-03T20:14:49.122+0200] {processor.py:743} INFO - Processing file /home/varun/miniconda3/envs/python38/lib/python3.8/site-packages/airflow/example_dags/example_time_delta_sensor_async.py for tasks to queue
[2025-09-03T20:14:49.123+0200] {logging_mixin.py:137} INFO - [2025-09-03T20:14:49.123+0200] {dagbag.py:532} INFO - Filling up the DagBag from /home/varun/miniconda3/envs/python38/lib/python3.8/site-packages/airflow/example_dags/example_time_delta_sensor_async.py
[2025-09-03T20:14:49.133+0200] {processor.py:753} INFO - DAG(s) dict_keys(['example_time_delta_sensor_async']) retrieved from /home/varun/miniconda3/envs/python38/lib/python3.8/site-packages/airflow/example_dags/example_time_delta_sensor_async.py
[2025-09-03T20:14:49.151+0200] {logging_mixin.py:137} INFO - [2025-09-03T20:14:49.151+0200] {dag.py:2705} INFO - Sync 1 DAGs
[2025-09-03T20:14:49.168+0200] {logging_mixin.py:137} INFO - [2025-09-03T20:14:49.168+0200] {dag.py:3452} INFO - Setting next_dagrun for example_time_delta_sensor_async to None, run_after=None
[2025-09-03T20:14:49.191+0200] {processor.py:175} INFO - Processing /home/varun/miniconda3/envs/python38/lib/python3.8/site-packages/airflow/example_dags/example_time_delta_sensor_async.py took 0.073 seconds
[2025-09-03T20:15:35.060+0200] {processor.py:153} INFO - Started process (PID=4855) to work on /home/varun/miniconda3/envs/python38/lib/python3.8/site-packages/airflow/example_dags/example_time_delta_sensor_async.py
[2025-09-03T20:15:35.061+0200] {processor.py:743} INFO - Processing file /home/varun/miniconda3/envs/python38/lib/python3.8/site-packages/airflow/example_dags/example_time_delta_sensor_async.py for tasks to queue
[2025-09-03T20:15:35.061+0200] {logging_mixin.py:137} INFO - [2025-09-03T20:15:35.061+0200] {dagbag.py:532} INFO - Filling up the DagBag from /home/varun/miniconda3/envs/python38/lib/python3.8/site-packages/airflow/example_dags/example_time_delta_sensor_async.py
[2025-09-03T20:15:35.072+0200] {processor.py:753} INFO - DAG(s) dict_keys(['example_time_delta_sensor_async']) retrieved from /home/varun/miniconda3/envs/python38/lib/python3.8/site-packages/airflow/example_dags/example_time_delta_sensor_async.py
[2025-09-03T20:15:35.090+0200] {logging_mixin.py:137} INFO - [2025-09-03T20:15:35.090+0200] {dag.py:2705} INFO - Sync 1 DAGs
[2025-09-03T20:15:35.109+0200] {logging_mixin.py:137} INFO - [2025-09-03T20:15:35.109+0200] {dag.py:3452} INFO - Setting next_dagrun for example_time_delta_sensor_async to None, run_after=None
[2025-09-03T20:15:35.132+0200] {processor.py:175} INFO - Processing /home/varun/miniconda3/envs/python38/lib/python3.8/site-packages/airflow/example_dags/example_time_delta_sensor_async.py took 0.075 seconds
[2025-09-03T20:16:20.250+0200] {processor.py:153} INFO - Started process (PID=4897) to work on /home/varun/miniconda3/envs/python38/lib/python3.8/site-packages/airflow/example_dags/example_time_delta_sensor_async.py
[2025-09-03T20:16:20.252+0200] {processor.py:743} INFO - Processing file /home/varun/miniconda3/envs/python38/lib/python3.8/site-packages/airflow/example_dags/example_time_delta_sensor_async.py for tasks to queue
[2025-09-03T20:16:20.252+0200] {logging_mixin.py:137} INFO - [2025-09-03T20:16:20.252+0200] {dagbag.py:532} INFO - Filling up the DagBag from /home/varun/miniconda3/envs/python38/lib/python3.8/site-packages/airflow/example_dags/example_time_delta_sensor_async.py
[2025-09-03T20:16:20.263+0200] {processor.py:753} INFO - DAG(s) dict_keys(['example_time_delta_sensor_async']) retrieved from /home/varun/miniconda3/envs/python38/lib/python3.8/site-packages/airflow/example_dags/example_time_delta_sensor_async.py
[2025-09-03T20:16:20.279+0200] {logging_mixin.py:137} INFO - [2025-09-03T20:16:20.279+0200] {dag.py:2705} INFO - Sync 1 DAGs
[2025-09-03T20:16:20.295+0200] {logging_mixin.py:137} INFO - [2025-09-03T20:16:20.295+0200] {dag.py:3452} INFO - Setting next_dagrun for example_time_delta_sensor_async to None, run_after=None
[2025-09-03T20:16:20.317+0200] {processor.py:175} INFO - Processing /home/varun/miniconda3/envs/python38/lib/python3.8/site-packages/airflow/example_dags/example_time_delta_sensor_async.py took 0.070 seconds
[2025-09-03T20:17:07.506+0200] {processor.py:153} INFO - Started process (PID=4939) to work on /home/varun/miniconda3/envs/python38/lib/python3.8/site-packages/airflow/example_dags/example_time_delta_sensor_async.py
[2025-09-03T20:17:07.508+0200] {processor.py:743} INFO - Processing file /home/varun/miniconda3/envs/python38/lib/python3.8/site-packages/airflow/example_dags/example_time_delta_sensor_async.py for tasks to queue
[2025-09-03T20:17:07.509+0200] {logging_mixin.py:137} INFO - [2025-09-03T20:17:07.508+0200] {dagbag.py:532} INFO - Filling up the DagBag from /home/varun/miniconda3/envs/python38/lib/python3.8/site-packages/airflow/example_dags/example_time_delta_sensor_async.py
[2025-09-03T20:17:07.525+0200] {processor.py:753} INFO - DAG(s) dict_keys(['example_time_delta_sensor_async']) retrieved from /home/varun/miniconda3/envs/python38/lib/python3.8/site-packages/airflow/example_dags/example_time_delta_sensor_async.py
[2025-09-03T20:17:07.547+0200] {logging_mixin.py:137} INFO - [2025-09-03T20:17:07.547+0200] {dag.py:2705} INFO - Sync 1 DAGs
[2025-09-03T20:17:07.568+0200] {logging_mixin.py:137} INFO - [2025-09-03T20:17:07.568+0200] {dag.py:3452} INFO - Setting next_dagrun for example_time_delta_sensor_async to None, run_after=None
[2025-09-03T20:17:07.593+0200] {processor.py:175} INFO - Processing /home/varun/miniconda3/envs/python38/lib/python3.8/site-packages/airflow/example_dags/example_time_delta_sensor_async.py took 0.092 seconds
[2025-09-03T20:17:53.489+0200] {processor.py:153} INFO - Started process (PID=4984) to work on /home/varun/miniconda3/envs/python38/lib/python3.8/site-packages/airflow/example_dags/example_time_delta_sensor_async.py
[2025-09-03T20:17:53.490+0200] {processor.py:743} INFO - Processing file /home/varun/miniconda3/envs/python38/lib/python3.8/site-packages/airflow/example_dags/example_time_delta_sensor_async.py for tasks to queue
[2025-09-03T20:17:53.491+0200] {logging_mixin.py:137} INFO - [2025-09-03T20:17:53.491+0200] {dagbag.py:532} INFO - Filling up the DagBag from /home/varun/miniconda3/envs/python38/lib/python3.8/site-packages/airflow/example_dags/example_time_delta_sensor_async.py
[2025-09-03T20:17:53.504+0200] {processor.py:753} INFO - DAG(s) dict_keys(['example_time_delta_sensor_async']) retrieved from /home/varun/miniconda3/envs/python38/lib/python3.8/site-packages/airflow/example_dags/example_time_delta_sensor_async.py
[2025-09-03T20:17:53.526+0200] {logging_mixin.py:137} INFO - [2025-09-03T20:17:53.526+0200] {dag.py:2705} INFO - Sync 1 DAGs
[2025-09-03T20:17:53.545+0200] {logging_mixin.py:137} INFO - [2025-09-03T20:17:53.545+0200] {dag.py:3452} INFO - Setting next_dagrun for example_time_delta_sensor_async to None, run_after=None
[2025-09-03T20:17:53.568+0200] {processor.py:175} INFO - Processing /home/varun/miniconda3/envs/python38/lib/python3.8/site-packages/airflow/example_dags/example_time_delta_sensor_async.py took 0.083 seconds
[2025-09-03T20:18:37.428+0200] {processor.py:153} INFO - Started process (PID=5027) to work on /home/varun/miniconda3/envs/python38/lib/python3.8/site-packages/airflow/example_dags/example_time_delta_sensor_async.py
[2025-09-03T20:18:37.430+0200] {processor.py:743} INFO - Processing file /home/varun/miniconda3/envs/python38/lib/python3.8/site-packages/airflow/example_dags/example_time_delta_sensor_async.py for tasks to queue
[2025-09-03T20:18:37.430+0200] {logging_mixin.py:137} INFO - [2025-09-03T20:18:37.430+0200] {dagbag.py:532} INFO - Filling up the DagBag from /home/varun/miniconda3/envs/python38/lib/python3.8/site-packages/airflow/example_dags/example_time_delta_sensor_async.py
[2025-09-03T20:18:37.443+0200] {processor.py:753} INFO - DAG(s) dict_keys(['example_time_delta_sensor_async']) retrieved from /home/varun/miniconda3/envs/python38/lib/python3.8/site-packages/airflow/example_dags/example_time_delta_sensor_async.py
[2025-09-03T20:18:37.464+0200] {logging_mixin.py:137} INFO - [2025-09-03T20:18:37.464+0200] {dag.py:2705} INFO - Sync 1 DAGs
[2025-09-03T20:18:37.481+0200] {logging_mixin.py:137} INFO - [2025-09-03T20:18:37.481+0200] {dag.py:3452} INFO - Setting next_dagrun for example_time_delta_sensor_async to None, run_after=None
[2025-09-03T20:18:37.505+0200] {processor.py:175} INFO - Processing /home/varun/miniconda3/envs/python38/lib/python3.8/site-packages/airflow/example_dags/example_time_delta_sensor_async.py took 0.079 seconds
[2025-09-03T20:19:26.100+0200] {processor.py:153} INFO - Started process (PID=5069) to work on /home/varun/miniconda3/envs/python38/lib/python3.8/site-packages/airflow/example_dags/example_time_delta_sensor_async.py
[2025-09-03T20:19:26.101+0200] {processor.py:743} INFO - Processing file /home/varun/miniconda3/envs/python38/lib/python3.8/site-packages/airflow/example_dags/example_time_delta_sensor_async.py for tasks to queue
[2025-09-03T20:19:26.102+0200] {logging_mixin.py:137} INFO - [2025-09-03T20:19:26.102+0200] {dagbag.py:532} INFO - Filling up the DagBag from /home/varun/miniconda3/envs/python38/lib/python3.8/site-packages/airflow/example_dags/example_time_delta_sensor_async.py
[2025-09-03T20:19:26.113+0200] {processor.py:753} INFO - DAG(s) dict_keys(['example_time_delta_sensor_async']) retrieved from /home/varun/miniconda3/envs/python38/lib/python3.8/site-packages/airflow/example_dags/example_time_delta_sensor_async.py
[2025-09-03T20:19:26.135+0200] {logging_mixin.py:137} INFO - [2025-09-03T20:19:26.135+0200] {dag.py:2705} INFO - Sync 1 DAGs
[2025-09-03T20:19:26.156+0200] {logging_mixin.py:137} INFO - [2025-09-03T20:19:26.155+0200] {dag.py:3452} INFO - Setting next_dagrun for example_time_delta_sensor_async to None, run_after=None
[2025-09-03T20:19:29.855+0200] {processor.py:175} INFO - Processing /home/varun/miniconda3/envs/python38/lib/python3.8/site-packages/airflow/example_dags/example_time_delta_sensor_async.py took 0.212 seconds
[2025-09-03T20:20:18.658+0200] {processor.py:153} INFO - Started process (PID=5111) to work on /home/varun/miniconda3/envs/python38/lib/python3.8/site-packages/airflow/example_dags/example_time_delta_sensor_async.py
[2025-09-03T20:20:18.660+0200] {processor.py:743} INFO - Processing file /home/varun/miniconda3/envs/python38/lib/python3.8/site-packages/airflow/example_dags/example_time_delta_sensor_async.py for tasks to queue
[2025-09-03T20:20:18.660+0200] {logging_mixin.py:137} INFO - [2025-09-03T20:20:18.660+0200] {dagbag.py:532} INFO - Filling up the DagBag from /home/varun/miniconda3/envs/python38/lib/python3.8/site-packages/airflow/example_dags/example_time_delta_sensor_async.py
[2025-09-03T20:20:18.672+0200] {processor.py:753} INFO - DAG(s) dict_keys(['example_time_delta_sensor_async']) retrieved from /home/varun/miniconda3/envs/python38/lib/python3.8/site-packages/airflow/example_dags/example_time_delta_sensor_async.py
[2025-09-03T20:20:18.690+0200] {logging_mixin.py:137} INFO - [2025-09-03T20:20:18.690+0200] {dag.py:2705} INFO - Sync 1 DAGs
[2025-09-03T20:20:18.810+0200] {logging_mixin.py:137} INFO - [2025-09-03T20:20:18.809+0200] {dag.py:3452} INFO - Setting next_dagrun for example_time_delta_sensor_async to None, run_after=None
[2025-09-03T20:20:18.832+0200] {processor.py:175} INFO - Processing /home/varun/miniconda3/envs/python38/lib/python3.8/site-packages/airflow/example_dags/example_time_delta_sensor_async.py took 0.177 seconds
[2025-09-03T20:21:08.848+0200] {processor.py:153} INFO - Started process (PID=5153) to work on /home/varun/miniconda3/envs/python38/lib/python3.8/site-packages/airflow/example_dags/example_time_delta_sensor_async.py
[2025-09-03T20:21:08.850+0200] {processor.py:743} INFO - Processing file /home/varun/miniconda3/envs/python38/lib/python3.8/site-packages/airflow/example_dags/example_time_delta_sensor_async.py for tasks to queue
[2025-09-03T20:21:08.850+0200] {logging_mixin.py:137} INFO - [2025-09-03T20:21:08.850+0200] {dagbag.py:532} INFO - Filling up the DagBag from /home/varun/miniconda3/envs/python38/lib/python3.8/site-packages/airflow/example_dags/example_time_delta_sensor_async.py
[2025-09-03T20:21:08.862+0200] {processor.py:753} INFO - DAG(s) dict_keys(['example_time_delta_sensor_async']) retrieved from /home/varun/miniconda3/envs/python38/lib/python3.8/site-packages/airflow/example_dags/example_time_delta_sensor_async.py
[2025-09-03T20:21:08.881+0200] {logging_mixin.py:137} INFO - [2025-09-03T20:21:08.881+0200] {dag.py:2705} INFO - Sync 1 DAGs
[2025-09-03T20:21:09.012+0200] {logging_mixin.py:137} INFO - [2025-09-03T20:21:09.011+0200] {dag.py:3452} INFO - Setting next_dagrun for example_time_delta_sensor_async to None, run_after=None
[2025-09-03T20:21:09.036+0200] {processor.py:175} INFO - Processing /home/varun/miniconda3/envs/python38/lib/python3.8/site-packages/airflow/example_dags/example_time_delta_sensor_async.py took 0.190 seconds
[2025-09-03T20:22:02.273+0200] {processor.py:153} INFO - Started process (PID=5195) to work on /home/varun/miniconda3/envs/python38/lib/python3.8/site-packages/airflow/example_dags/example_time_delta_sensor_async.py
[2025-09-03T20:22:02.275+0200] {processor.py:743} INFO - Processing file /home/varun/miniconda3/envs/python38/lib/python3.8/site-packages/airflow/example_dags/example_time_delta_sensor_async.py for tasks to queue
[2025-09-03T20:22:02.276+0200] {logging_mixin.py:137} INFO - [2025-09-03T20:22:02.275+0200] {dagbag.py:532} INFO - Filling up the DagBag from /home/varun/miniconda3/envs/python38/lib/python3.8/site-packages/airflow/example_dags/example_time_delta_sensor_async.py
[2025-09-03T20:22:02.288+0200] {processor.py:753} INFO - DAG(s) dict_keys(['example_time_delta_sensor_async']) retrieved from /home/varun/miniconda3/envs/python38/lib/python3.8/site-packages/airflow/example_dags/example_time_delta_sensor_async.py
[2025-09-03T20:22:02.421+0200] {logging_mixin.py:137} INFO - [2025-09-03T20:22:02.421+0200] {dag.py:2705} INFO - Sync 1 DAGs
[2025-09-03T20:22:02.436+0200] {logging_mixin.py:137} INFO - [2025-09-03T20:22:02.436+0200] {dag.py:3452} INFO - Setting next_dagrun for example_time_delta_sensor_async to None, run_after=None
[2025-09-03T20:22:02.461+0200] {processor.py:175} INFO - Processing /home/varun/miniconda3/envs/python38/lib/python3.8/site-packages/airflow/example_dags/example_time_delta_sensor_async.py took 0.191 seconds
[2025-09-03T20:22:51.569+0200] {processor.py:153} INFO - Started process (PID=5237) to work on /home/varun/miniconda3/envs/python38/lib/python3.8/site-packages/airflow/example_dags/example_time_delta_sensor_async.py
[2025-09-03T20:22:51.570+0200] {processor.py:743} INFO - Processing file /home/varun/miniconda3/envs/python38/lib/python3.8/site-packages/airflow/example_dags/example_time_delta_sensor_async.py for tasks to queue
[2025-09-03T20:22:51.571+0200] {logging_mixin.py:137} INFO - [2025-09-03T20:22:51.570+0200] {dagbag.py:532} INFO - Filling up the DagBag from /home/varun/miniconda3/envs/python38/lib/python3.8/site-packages/airflow/example_dags/example_time_delta_sensor_async.py
[2025-09-03T20:22:51.677+0200] {processor.py:753} INFO - DAG(s) dict_keys(['example_time_delta_sensor_async']) retrieved from /home/varun/miniconda3/envs/python38/lib/python3.8/site-packages/airflow/example_dags/example_time_delta_sensor_async.py
[2025-09-03T20:22:51.693+0200] {logging_mixin.py:137} INFO - [2025-09-03T20:22:51.692+0200] {dag.py:2705} INFO - Sync 1 DAGs
[2025-09-03T20:22:51.709+0200] {logging_mixin.py:137} INFO - [2025-09-03T20:22:51.709+0200] {dag.py:3452} INFO - Setting next_dagrun for example_time_delta_sensor_async to None, run_after=None
[2025-09-03T20:22:51.734+0200] {processor.py:175} INFO - Processing /home/varun/miniconda3/envs/python38/lib/python3.8/site-packages/airflow/example_dags/example_time_delta_sensor_async.py took 0.169 seconds
[2025-09-03T20:23:42.855+0200] {processor.py:153} INFO - Started process (PID=5279) to work on /home/varun/miniconda3/envs/python38/lib/python3.8/site-packages/airflow/example_dags/example_time_delta_sensor_async.py
[2025-09-03T20:23:42.857+0200] {processor.py:743} INFO - Processing file /home/varun/miniconda3/envs/python38/lib/python3.8/site-packages/airflow/example_dags/example_time_delta_sensor_async.py for tasks to queue
[2025-09-03T20:23:42.858+0200] {logging_mixin.py:137} INFO - [2025-09-03T20:23:42.857+0200] {dagbag.py:532} INFO - Filling up the DagBag from /home/varun/miniconda3/envs/python38/lib/python3.8/site-packages/airflow/example_dags/example_time_delta_sensor_async.py
[2025-09-03T20:23:42.870+0200] {processor.py:753} INFO - DAG(s) dict_keys(['example_time_delta_sensor_async']) retrieved from /home/varun/miniconda3/envs/python38/lib/python3.8/site-packages/airflow/example_dags/example_time_delta_sensor_async.py
[2025-09-03T20:23:42.892+0200] {logging_mixin.py:137} INFO - [2025-09-03T20:23:42.892+0200] {dag.py:2705} INFO - Sync 1 DAGs
[2025-09-03T20:23:42.909+0200] {logging_mixin.py:137} INFO - [2025-09-03T20:23:42.909+0200] {dag.py:3452} INFO - Setting next_dagrun for example_time_delta_sensor_async to None, run_after=None
[2025-09-03T20:23:42.931+0200] {processor.py:175} INFO - Processing /home/varun/miniconda3/envs/python38/lib/python3.8/site-packages/airflow/example_dags/example_time_delta_sensor_async.py took 0.080 seconds
[2025-09-03T20:24:28.864+0200] {processor.py:153} INFO - Started process (PID=5322) to work on /home/varun/miniconda3/envs/python38/lib/python3.8/site-packages/airflow/example_dags/example_time_delta_sensor_async.py
[2025-09-03T20:24:28.866+0200] {processor.py:743} INFO - Processing file /home/varun/miniconda3/envs/python38/lib/python3.8/site-packages/airflow/example_dags/example_time_delta_sensor_async.py for tasks to queue
[2025-09-03T20:24:28.867+0200] {logging_mixin.py:137} INFO - [2025-09-03T20:24:28.867+0200] {dagbag.py:532} INFO - Filling up the DagBag from /home/varun/miniconda3/envs/python38/lib/python3.8/site-packages/airflow/example_dags/example_time_delta_sensor_async.py
[2025-09-03T20:24:28.889+0200] {processor.py:753} INFO - DAG(s) dict_keys(['example_time_delta_sensor_async']) retrieved from /home/varun/miniconda3/envs/python38/lib/python3.8/site-packages/airflow/example_dags/example_time_delta_sensor_async.py
[2025-09-03T20:24:28.923+0200] {logging_mixin.py:137} INFO - [2025-09-03T20:24:28.922+0200] {dag.py:2705} INFO - Sync 1 DAGs
[2025-09-03T20:24:28.950+0200] {logging_mixin.py:137} INFO - [2025-09-03T20:24:28.950+0200] {dag.py:3452} INFO - Setting next_dagrun for example_time_delta_sensor_async to None, run_after=None
[2025-09-03T20:24:28.978+0200] {processor.py:175} INFO - Processing /home/varun/miniconda3/envs/python38/lib/python3.8/site-packages/airflow/example_dags/example_time_delta_sensor_async.py took 0.121 seconds
[2025-09-03T20:25:12.669+0200] {processor.py:153} INFO - Started process (PID=5364) to work on /home/varun/miniconda3/envs/python38/lib/python3.8/site-packages/airflow/example_dags/example_time_delta_sensor_async.py
[2025-09-03T20:25:12.670+0200] {processor.py:743} INFO - Processing file /home/varun/miniconda3/envs/python38/lib/python3.8/site-packages/airflow/example_dags/example_time_delta_sensor_async.py for tasks to queue
[2025-09-03T20:25:12.671+0200] {logging_mixin.py:137} INFO - [2025-09-03T20:25:12.671+0200] {dagbag.py:532} INFO - Filling up the DagBag from /home/varun/miniconda3/envs/python38/lib/python3.8/site-packages/airflow/example_dags/example_time_delta_sensor_async.py
[2025-09-03T20:25:12.682+0200] {processor.py:753} INFO - DAG(s) dict_keys(['example_time_delta_sensor_async']) retrieved from /home/varun/miniconda3/envs/python38/lib/python3.8/site-packages/airflow/example_dags/example_time_delta_sensor_async.py
[2025-09-03T20:25:12.699+0200] {logging_mixin.py:137} INFO - [2025-09-03T20:25:12.699+0200] {dag.py:2705} INFO - Sync 1 DAGs
[2025-09-03T20:25:12.714+0200] {logging_mixin.py:137} INFO - [2025-09-03T20:25:12.714+0200] {dag.py:3452} INFO - Setting next_dagrun for example_time_delta_sensor_async to None, run_after=None
[2025-09-03T20:25:12.737+0200] {processor.py:175} INFO - Processing /home/varun/miniconda3/envs/python38/lib/python3.8/site-packages/airflow/example_dags/example_time_delta_sensor_async.py took 0.071 seconds
[2025-09-03T20:25:55.222+0200] {processor.py:153} INFO - Started process (PID=5406) to work on /home/varun/miniconda3/envs/python38/lib/python3.8/site-packages/airflow/example_dags/example_time_delta_sensor_async.py
[2025-09-03T20:25:55.223+0200] {processor.py:743} INFO - Processing file /home/varun/miniconda3/envs/python38/lib/python3.8/site-packages/airflow/example_dags/example_time_delta_sensor_async.py for tasks to queue
[2025-09-03T20:25:55.224+0200] {logging_mixin.py:137} INFO - [2025-09-03T20:25:55.224+0200] {dagbag.py:532} INFO - Filling up the DagBag from /home/varun/miniconda3/envs/python38/lib/python3.8/site-packages/airflow/example_dags/example_time_delta_sensor_async.py
[2025-09-03T20:25:55.235+0200] {processor.py:753} INFO - DAG(s) dict_keys(['example_time_delta_sensor_async']) retrieved from /home/varun/miniconda3/envs/python38/lib/python3.8/site-packages/airflow/example_dags/example_time_delta_sensor_async.py
[2025-09-03T20:25:55.252+0200] {logging_mixin.py:137} INFO - [2025-09-03T20:25:55.251+0200] {dag.py:2705} INFO - Sync 1 DAGs
[2025-09-03T20:25:55.266+0200] {logging_mixin.py:137} INFO - [2025-09-03T20:25:55.266+0200] {dag.py:3452} INFO - Setting next_dagrun for example_time_delta_sensor_async to None, run_after=None
[2025-09-03T20:25:55.287+0200] {processor.py:175} INFO - Processing /home/varun/miniconda3/envs/python38/lib/python3.8/site-packages/airflow/example_dags/example_time_delta_sensor_async.py took 0.068 seconds
[2025-09-03T20:26:46.085+0200] {processor.py:153} INFO - Started process (PID=5448) to work on /home/varun/miniconda3/envs/python38/lib/python3.8/site-packages/airflow/example_dags/example_time_delta_sensor_async.py
[2025-09-03T20:26:46.087+0200] {processor.py:743} INFO - Processing file /home/varun/miniconda3/envs/python38/lib/python3.8/site-packages/airflow/example_dags/example_time_delta_sensor_async.py for tasks to queue
[2025-09-03T20:26:46.087+0200] {logging_mixin.py:137} INFO - [2025-09-03T20:26:46.087+0200] {dagbag.py:532} INFO - Filling up the DagBag from /home/varun/miniconda3/envs/python38/lib/python3.8/site-packages/airflow/example_dags/example_time_delta_sensor_async.py
[2025-09-03T20:26:46.097+0200] {processor.py:753} INFO - DAG(s) dict_keys(['example_time_delta_sensor_async']) retrieved from /home/varun/miniconda3/envs/python38/lib/python3.8/site-packages/airflow/example_dags/example_time_delta_sensor_async.py
[2025-09-03T20:26:46.118+0200] {logging_mixin.py:137} INFO - [2025-09-03T20:26:46.118+0200] {dag.py:2705} INFO - Sync 1 DAGs
[2025-09-03T20:26:46.136+0200] {logging_mixin.py:137} INFO - [2025-09-03T20:26:46.136+0200] {dag.py:3452} INFO - Setting next_dagrun for example_time_delta_sensor_async to None, run_after=None
[2025-09-03T20:26:46.157+0200] {processor.py:175} INFO - Processing /home/varun/miniconda3/envs/python38/lib/python3.8/site-packages/airflow/example_dags/example_time_delta_sensor_async.py took 0.076 seconds
[2025-09-03T20:27:31.974+0200] {processor.py:153} INFO - Started process (PID=5490) to work on /home/varun/miniconda3/envs/python38/lib/python3.8/site-packages/airflow/example_dags/example_time_delta_sensor_async.py
[2025-09-03T20:27:31.976+0200] {processor.py:743} INFO - Processing file /home/varun/miniconda3/envs/python38/lib/python3.8/site-packages/airflow/example_dags/example_time_delta_sensor_async.py for tasks to queue
[2025-09-03T20:27:31.977+0200] {logging_mixin.py:137} INFO - [2025-09-03T20:27:31.976+0200] {dagbag.py:532} INFO - Filling up the DagBag from /home/varun/miniconda3/envs/python38/lib/python3.8/site-packages/airflow/example_dags/example_time_delta_sensor_async.py
[2025-09-03T20:27:31.989+0200] {processor.py:753} INFO - DAG(s) dict_keys(['example_time_delta_sensor_async']) retrieved from /home/varun/miniconda3/envs/python38/lib/python3.8/site-packages/airflow/example_dags/example_time_delta_sensor_async.py
[2025-09-03T20:27:32.010+0200] {logging_mixin.py:137} INFO - [2025-09-03T20:27:32.010+0200] {dag.py:2705} INFO - Sync 1 DAGs
[2025-09-03T20:27:32.029+0200] {logging_mixin.py:137} INFO - [2025-09-03T20:27:32.029+0200] {dag.py:3452} INFO - Setting next_dagrun for example_time_delta_sensor_async to None, run_after=None
[2025-09-03T20:27:32.053+0200] {processor.py:175} INFO - Processing /home/varun/miniconda3/envs/python38/lib/python3.8/site-packages/airflow/example_dags/example_time_delta_sensor_async.py took 0.082 seconds
[2025-09-03T20:28:17.104+0200] {processor.py:153} INFO - Started process (PID=5532) to work on /home/varun/miniconda3/envs/python38/lib/python3.8/site-packages/airflow/example_dags/example_time_delta_sensor_async.py
[2025-09-03T20:28:17.106+0200] {processor.py:743} INFO - Processing file /home/varun/miniconda3/envs/python38/lib/python3.8/site-packages/airflow/example_dags/example_time_delta_sensor_async.py for tasks to queue
[2025-09-03T20:28:17.106+0200] {logging_mixin.py:137} INFO - [2025-09-03T20:28:17.106+0200] {dagbag.py:532} INFO - Filling up the DagBag from /home/varun/miniconda3/envs/python38/lib/python3.8/site-packages/airflow/example_dags/example_time_delta_sensor_async.py
[2025-09-03T20:28:17.117+0200] {processor.py:753} INFO - DAG(s) dict_keys(['example_time_delta_sensor_async']) retrieved from /home/varun/miniconda3/envs/python38/lib/python3.8/site-packages/airflow/example_dags/example_time_delta_sensor_async.py
[2025-09-03T20:28:17.134+0200] {logging_mixin.py:137} INFO - [2025-09-03T20:28:17.134+0200] {dag.py:2705} INFO - Sync 1 DAGs
[2025-09-03T20:28:17.149+0200] {logging_mixin.py:137} INFO - [2025-09-03T20:28:17.149+0200] {dag.py:3452} INFO - Setting next_dagrun for example_time_delta_sensor_async to None, run_after=None
[2025-09-03T20:28:17.173+0200] {processor.py:175} INFO - Processing /home/varun/miniconda3/envs/python38/lib/python3.8/site-packages/airflow/example_dags/example_time_delta_sensor_async.py took 0.072 seconds
[2025-09-03T20:29:07.843+0200] {processor.py:153} INFO - Started process (PID=5574) to work on /home/varun/miniconda3/envs/python38/lib/python3.8/site-packages/airflow/example_dags/example_time_delta_sensor_async.py
[2025-09-03T20:29:07.845+0200] {processor.py:743} INFO - Processing file /home/varun/miniconda3/envs/python38/lib/python3.8/site-packages/airflow/example_dags/example_time_delta_sensor_async.py for tasks to queue
[2025-09-03T20:29:07.846+0200] {logging_mixin.py:137} INFO - [2025-09-03T20:29:07.846+0200] {dagbag.py:532} INFO - Filling up the DagBag from /home/varun/miniconda3/envs/python38/lib/python3.8/site-packages/airflow/example_dags/example_time_delta_sensor_async.py
[2025-09-03T20:29:07.859+0200] {processor.py:753} INFO - DAG(s) dict_keys(['example_time_delta_sensor_async']) retrieved from /home/varun/miniconda3/envs/python38/lib/python3.8/site-packages/airflow/example_dags/example_time_delta_sensor_async.py
[2025-09-03T20:29:07.877+0200] {logging_mixin.py:137} INFO - [2025-09-03T20:29:07.877+0200] {dag.py:2705} INFO - Sync 1 DAGs
[2025-09-03T20:29:07.895+0200] {logging_mixin.py:137} INFO - [2025-09-03T20:29:07.895+0200] {dag.py:3452} INFO - Setting next_dagrun for example_time_delta_sensor_async to None, run_after=None
[2025-09-03T20:29:07.923+0200] {processor.py:175} INFO - Processing /home/varun/miniconda3/envs/python38/lib/python3.8/site-packages/airflow/example_dags/example_time_delta_sensor_async.py took 0.083 seconds
[2025-09-03T20:29:52.875+0200] {processor.py:153} INFO - Started process (PID=5617) to work on /home/varun/miniconda3/envs/python38/lib/python3.8/site-packages/airflow/example_dags/example_time_delta_sensor_async.py
[2025-09-03T20:29:52.876+0200] {processor.py:743} INFO - Processing file /home/varun/miniconda3/envs/python38/lib/python3.8/site-packages/airflow/example_dags/example_time_delta_sensor_async.py for tasks to queue
[2025-09-03T20:29:52.877+0200] {logging_mixin.py:137} INFO - [2025-09-03T20:29:52.877+0200] {dagbag.py:532} INFO - Filling up the DagBag from /home/varun/miniconda3/envs/python38/lib/python3.8/site-packages/airflow/example_dags/example_time_delta_sensor_async.py
[2025-09-03T20:29:52.891+0200] {processor.py:753} INFO - DAG(s) dict_keys(['example_time_delta_sensor_async']) retrieved from /home/varun/miniconda3/envs/python38/lib/python3.8/site-packages/airflow/example_dags/example_time_delta_sensor_async.py
[2025-09-03T20:29:52.916+0200] {logging_mixin.py:137} INFO - [2025-09-03T20:29:52.916+0200] {dag.py:2705} INFO - Sync 1 DAGs
[2025-09-03T20:29:52.935+0200] {logging_mixin.py:137} INFO - [2025-09-03T20:29:52.935+0200] {dag.py:3452} INFO - Setting next_dagrun for example_time_delta_sensor_async to None, run_after=None
[2025-09-03T20:29:52.963+0200] {processor.py:175} INFO - Processing /home/varun/miniconda3/envs/python38/lib/python3.8/site-packages/airflow/example_dags/example_time_delta_sensor_async.py took 0.092 seconds
[2025-09-03T20:30:37.747+0200] {processor.py:153} INFO - Started process (PID=5659) to work on /home/varun/miniconda3/envs/python38/lib/python3.8/site-packages/airflow/example_dags/example_time_delta_sensor_async.py
[2025-09-03T20:30:37.748+0200] {processor.py:743} INFO - Processing file /home/varun/miniconda3/envs/python38/lib/python3.8/site-packages/airflow/example_dags/example_time_delta_sensor_async.py for tasks to queue
[2025-09-03T20:30:37.749+0200] {logging_mixin.py:137} INFO - [2025-09-03T20:30:37.749+0200] {dagbag.py:532} INFO - Filling up the DagBag from /home/varun/miniconda3/envs/python38/lib/python3.8/site-packages/airflow/example_dags/example_time_delta_sensor_async.py
[2025-09-03T20:30:37.760+0200] {processor.py:753} INFO - DAG(s) dict_keys(['example_time_delta_sensor_async']) retrieved from /home/varun/miniconda3/envs/python38/lib/python3.8/site-packages/airflow/example_dags/example_time_delta_sensor_async.py
[2025-09-03T20:30:37.778+0200] {logging_mixin.py:137} INFO - [2025-09-03T20:30:37.778+0200] {dag.py:2705} INFO - Sync 1 DAGs
[2025-09-03T20:30:37.796+0200] {logging_mixin.py:137} INFO - [2025-09-03T20:30:37.795+0200] {dag.py:3452} INFO - Setting next_dagrun for example_time_delta_sensor_async to None, run_after=None
[2025-09-03T20:30:37.817+0200] {processor.py:175} INFO - Processing /home/varun/miniconda3/envs/python38/lib/python3.8/site-packages/airflow/example_dags/example_time_delta_sensor_async.py took 0.073 seconds
[2025-09-03T20:31:21.982+0200] {processor.py:153} INFO - Started process (PID=5701) to work on /home/varun/miniconda3/envs/python38/lib/python3.8/site-packages/airflow/example_dags/example_time_delta_sensor_async.py
[2025-09-03T20:31:21.984+0200] {processor.py:743} INFO - Processing file /home/varun/miniconda3/envs/python38/lib/python3.8/site-packages/airflow/example_dags/example_time_delta_sensor_async.py for tasks to queue
[2025-09-03T20:31:21.985+0200] {logging_mixin.py:137} INFO - [2025-09-03T20:31:21.985+0200] {dagbag.py:532} INFO - Filling up the DagBag from /home/varun/miniconda3/envs/python38/lib/python3.8/site-packages/airflow/example_dags/example_time_delta_sensor_async.py
[2025-09-03T20:31:21.996+0200] {processor.py:753} INFO - DAG(s) dict_keys(['example_time_delta_sensor_async']) retrieved from /home/varun/miniconda3/envs/python38/lib/python3.8/site-packages/airflow/example_dags/example_time_delta_sensor_async.py
[2025-09-03T20:31:22.018+0200] {logging_mixin.py:137} INFO - [2025-09-03T20:31:22.018+0200] {dag.py:2705} INFO - Sync 1 DAGs
[2025-09-03T20:31:22.036+0200] {logging_mixin.py:137} INFO - [2025-09-03T20:31:22.036+0200] {dag.py:3452} INFO - Setting next_dagrun for example_time_delta_sensor_async to None, run_after=None
[2025-09-03T20:31:22.060+0200] {processor.py:175} INFO - Processing /home/varun/miniconda3/envs/python38/lib/python3.8/site-packages/airflow/example_dags/example_time_delta_sensor_async.py took 0.081 seconds
[2025-09-03T20:32:10.738+0200] {processor.py:153} INFO - Started process (PID=5743) to work on /home/varun/miniconda3/envs/python38/lib/python3.8/site-packages/airflow/example_dags/example_time_delta_sensor_async.py
[2025-09-03T20:32:10.740+0200] {processor.py:743} INFO - Processing file /home/varun/miniconda3/envs/python38/lib/python3.8/site-packages/airflow/example_dags/example_time_delta_sensor_async.py for tasks to queue
[2025-09-03T20:32:10.740+0200] {logging_mixin.py:137} INFO - [2025-09-03T20:32:10.740+0200] {dagbag.py:532} INFO - Filling up the DagBag from /home/varun/miniconda3/envs/python38/lib/python3.8/site-packages/airflow/example_dags/example_time_delta_sensor_async.py
[2025-09-03T20:32:10.750+0200] {processor.py:753} INFO - DAG(s) dict_keys(['example_time_delta_sensor_async']) retrieved from /home/varun/miniconda3/envs/python38/lib/python3.8/site-packages/airflow/example_dags/example_time_delta_sensor_async.py
[2025-09-03T20:32:10.772+0200] {logging_mixin.py:137} INFO - [2025-09-03T20:32:10.772+0200] {dag.py:2705} INFO - Sync 1 DAGs
[2025-09-03T20:32:10.790+0200] {logging_mixin.py:137} INFO - [2025-09-03T20:32:10.790+0200] {dag.py:3452} INFO - Setting next_dagrun for example_time_delta_sensor_async to None, run_after=None
[2025-09-03T20:32:10.815+0200] {processor.py:175} INFO - Processing /home/varun/miniconda3/envs/python38/lib/python3.8/site-packages/airflow/example_dags/example_time_delta_sensor_async.py took 0.080 seconds
[2025-09-03T20:32:55.900+0200] {processor.py:153} INFO - Started process (PID=5785) to work on /home/varun/miniconda3/envs/python38/lib/python3.8/site-packages/airflow/example_dags/example_time_delta_sensor_async.py
[2025-09-03T20:32:55.902+0200] {processor.py:743} INFO - Processing file /home/varun/miniconda3/envs/python38/lib/python3.8/site-packages/airflow/example_dags/example_time_delta_sensor_async.py for tasks to queue
[2025-09-03T20:32:55.902+0200] {logging_mixin.py:137} INFO - [2025-09-03T20:32:55.902+0200] {dagbag.py:532} INFO - Filling up the DagBag from /home/varun/miniconda3/envs/python38/lib/python3.8/site-packages/airflow/example_dags/example_time_delta_sensor_async.py
[2025-09-03T20:32:55.913+0200] {processor.py:753} INFO - DAG(s) dict_keys(['example_time_delta_sensor_async']) retrieved from /home/varun/miniconda3/envs/python38/lib/python3.8/site-packages/airflow/example_dags/example_time_delta_sensor_async.py
[2025-09-03T20:32:55.933+0200] {logging_mixin.py:137} INFO - [2025-09-03T20:32:55.933+0200] {dag.py:2705} INFO - Sync 1 DAGs
[2025-09-03T20:32:55.952+0200] {logging_mixin.py:137} INFO - [2025-09-03T20:32:55.951+0200] {dag.py:3452} INFO - Setting next_dagrun for example_time_delta_sensor_async to None, run_after=None
[2025-09-03T20:32:55.972+0200] {processor.py:175} INFO - Processing /home/varun/miniconda3/envs/python38/lib/python3.8/site-packages/airflow/example_dags/example_time_delta_sensor_async.py took 0.075 seconds
[2025-09-03T20:33:41.744+0200] {processor.py:153} INFO - Started process (PID=5827) to work on /home/varun/miniconda3/envs/python38/lib/python3.8/site-packages/airflow/example_dags/example_time_delta_sensor_async.py
[2025-09-03T20:33:41.745+0200] {processor.py:743} INFO - Processing file /home/varun/miniconda3/envs/python38/lib/python3.8/site-packages/airflow/example_dags/example_time_delta_sensor_async.py for tasks to queue
[2025-09-03T20:33:41.746+0200] {logging_mixin.py:137} INFO - [2025-09-03T20:33:41.746+0200] {dagbag.py:532} INFO - Filling up the DagBag from /home/varun/miniconda3/envs/python38/lib/python3.8/site-packages/airflow/example_dags/example_time_delta_sensor_async.py
[2025-09-03T20:33:41.758+0200] {processor.py:753} INFO - DAG(s) dict_keys(['example_time_delta_sensor_async']) retrieved from /home/varun/miniconda3/envs/python38/lib/python3.8/site-packages/airflow/example_dags/example_time_delta_sensor_async.py
[2025-09-03T20:33:41.779+0200] {logging_mixin.py:137} INFO - [2025-09-03T20:33:41.779+0200] {dag.py:2705} INFO - Sync 1 DAGs
[2025-09-03T20:33:41.797+0200] {logging_mixin.py:137} INFO - [2025-09-03T20:33:41.797+0200] {dag.py:3452} INFO - Setting next_dagrun for example_time_delta_sensor_async to None, run_after=None
[2025-09-03T20:33:41.817+0200] {processor.py:175} INFO - Processing /home/varun/miniconda3/envs/python38/lib/python3.8/site-packages/airflow/example_dags/example_time_delta_sensor_async.py took 0.076 seconds
[2025-09-03T20:34:30.132+0200] {processor.py:153} INFO - Started process (PID=5869) to work on /home/varun/miniconda3/envs/python38/lib/python3.8/site-packages/airflow/example_dags/example_time_delta_sensor_async.py
[2025-09-03T20:34:30.133+0200] {processor.py:743} INFO - Processing file /home/varun/miniconda3/envs/python38/lib/python3.8/site-packages/airflow/example_dags/example_time_delta_sensor_async.py for tasks to queue
[2025-09-03T20:34:30.134+0200] {logging_mixin.py:137} INFO - [2025-09-03T20:34:30.134+0200] {dagbag.py:532} INFO - Filling up the DagBag from /home/varun/miniconda3/envs/python38/lib/python3.8/site-packages/airflow/example_dags/example_time_delta_sensor_async.py
[2025-09-03T20:34:30.145+0200] {processor.py:753} INFO - DAG(s) dict_keys(['example_time_delta_sensor_async']) retrieved from /home/varun/miniconda3/envs/python38/lib/python3.8/site-packages/airflow/example_dags/example_time_delta_sensor_async.py
[2025-09-03T20:34:30.162+0200] {logging_mixin.py:137} INFO - [2025-09-03T20:34:30.162+0200] {dag.py:2705} INFO - Sync 1 DAGs
[2025-09-03T20:34:30.177+0200] {logging_mixin.py:137} INFO - [2025-09-03T20:34:30.177+0200] {dag.py:3452} INFO - Setting next_dagrun for example_time_delta_sensor_async to None, run_after=None
[2025-09-03T20:34:30.197+0200] {processor.py:175} INFO - Processing /home/varun/miniconda3/envs/python38/lib/python3.8/site-packages/airflow/example_dags/example_time_delta_sensor_async.py took 0.068 seconds
[2025-09-03T20:35:14.668+0200] {processor.py:153} INFO - Started process (PID=5912) to work on /home/varun/miniconda3/envs/python38/lib/python3.8/site-packages/airflow/example_dags/example_time_delta_sensor_async.py
[2025-09-03T20:35:14.669+0200] {processor.py:743} INFO - Processing file /home/varun/miniconda3/envs/python38/lib/python3.8/site-packages/airflow/example_dags/example_time_delta_sensor_async.py for tasks to queue
[2025-09-03T20:35:14.670+0200] {logging_mixin.py:137} INFO - [2025-09-03T20:35:14.670+0200] {dagbag.py:532} INFO - Filling up the DagBag from /home/varun/miniconda3/envs/python38/lib/python3.8/site-packages/airflow/example_dags/example_time_delta_sensor_async.py
[2025-09-03T20:35:14.686+0200] {processor.py:753} INFO - DAG(s) dict_keys(['example_time_delta_sensor_async']) retrieved from /home/varun/miniconda3/envs/python38/lib/python3.8/site-packages/airflow/example_dags/example_time_delta_sensor_async.py
[2025-09-03T20:35:14.705+0200] {logging_mixin.py:137} INFO - [2025-09-03T20:35:14.705+0200] {dag.py:2705} INFO - Sync 1 DAGs
[2025-09-03T20:35:14.719+0200] {logging_mixin.py:137} INFO - [2025-09-03T20:35:14.719+0200] {dag.py:3452} INFO - Setting next_dagrun for example_time_delta_sensor_async to None, run_after=None
[2025-09-03T20:35:14.741+0200] {processor.py:175} INFO - Processing /home/varun/miniconda3/envs/python38/lib/python3.8/site-packages/airflow/example_dags/example_time_delta_sensor_async.py took 0.077 seconds
[2025-09-03T20:35:58.903+0200] {processor.py:153} INFO - Started process (PID=5954) to work on /home/varun/miniconda3/envs/python38/lib/python3.8/site-packages/airflow/example_dags/example_time_delta_sensor_async.py
[2025-09-03T20:35:58.905+0200] {processor.py:743} INFO - Processing file /home/varun/miniconda3/envs/python38/lib/python3.8/site-packages/airflow/example_dags/example_time_delta_sensor_async.py for tasks to queue
[2025-09-03T20:35:58.905+0200] {logging_mixin.py:137} INFO - [2025-09-03T20:35:58.905+0200] {dagbag.py:532} INFO - Filling up the DagBag from /home/varun/miniconda3/envs/python38/lib/python3.8/site-packages/airflow/example_dags/example_time_delta_sensor_async.py
[2025-09-03T20:35:58.918+0200] {processor.py:753} INFO - DAG(s) dict_keys(['example_time_delta_sensor_async']) retrieved from /home/varun/miniconda3/envs/python38/lib/python3.8/site-packages/airflow/example_dags/example_time_delta_sensor_async.py
[2025-09-03T20:35:58.937+0200] {logging_mixin.py:137} INFO - [2025-09-03T20:35:58.937+0200] {dag.py:2705} INFO - Sync 1 DAGs
[2025-09-03T20:35:58.956+0200] {logging_mixin.py:137} INFO - [2025-09-03T20:35:58.955+0200] {dag.py:3452} INFO - Setting next_dagrun for example_time_delta_sensor_async to None, run_after=None
[2025-09-03T20:35:58.977+0200] {processor.py:175} INFO - Processing /home/varun/miniconda3/envs/python38/lib/python3.8/site-packages/airflow/example_dags/example_time_delta_sensor_async.py took 0.078 seconds
[2025-09-03T20:36:52.700+0200] {processor.py:153} INFO - Started process (PID=6002) to work on /home/varun/miniconda3/envs/python38/lib/python3.8/site-packages/airflow/example_dags/example_time_delta_sensor_async.py
[2025-09-03T20:36:52.734+0200] {processor.py:743} INFO - Processing file /home/varun/miniconda3/envs/python38/lib/python3.8/site-packages/airflow/example_dags/example_time_delta_sensor_async.py for tasks to queue
[2025-09-03T20:36:52.760+0200] {logging_mixin.py:137} INFO - [2025-09-03T20:36:52.758+0200] {dagbag.py:532} INFO - Filling up the DagBag from /home/varun/miniconda3/envs/python38/lib/python3.8/site-packages/airflow/example_dags/example_time_delta_sensor_async.py
[2025-09-03T20:36:53.316+0200] {processor.py:753} INFO - DAG(s) dict_keys(['example_time_delta_sensor_async']) retrieved from /home/varun/miniconda3/envs/python38/lib/python3.8/site-packages/airflow/example_dags/example_time_delta_sensor_async.py
[2025-09-03T20:36:54.050+0200] {logging_mixin.py:137} INFO - [2025-09-03T20:36:54.049+0200] {dag.py:2705} INFO - Sync 1 DAGs
[2025-09-03T20:36:54.194+0200] {logging_mixin.py:137} INFO - [2025-09-03T20:36:54.193+0200] {dag.py:3452} INFO - Setting next_dagrun for example_time_delta_sensor_async to None, run_after=None
[2025-09-03T20:36:54.312+0200] {processor.py:175} INFO - Processing /home/varun/miniconda3/envs/python38/lib/python3.8/site-packages/airflow/example_dags/example_time_delta_sensor_async.py took 1.753 seconds
