[2025-09-03T19:42:53.325+0200] {processor.py:153} INFO - Started process (PID=3113) to work on /home/varun/miniconda3/envs/python38/lib/python3.8/site-packages/airflow/example_dags/example_branch_labels.py
[2025-09-03T19:42:53.326+0200] {processor.py:743} INFO - Processing file /home/varun/miniconda3/envs/python38/lib/python3.8/site-packages/airflow/example_dags/example_branch_labels.py for tasks to queue
[2025-09-03T19:42:53.327+0200] {logging_mixin.py:137} INFO - [2025-09-03T19:42:53.327+0200] {dagbag.py:532} INFO - Filling up the DagBag from /home/varun/miniconda3/envs/python38/lib/python3.8/site-packages/airflow/example_dags/example_branch_labels.py
[2025-09-03T19:42:53.341+0200] {processor.py:753} INFO - DAG(s) dict_keys(['example_branch_labels']) retrieved from /home/varun/miniconda3/envs/python38/lib/python3.8/site-packages/airflow/example_dags/example_branch_labels.py
[2025-09-03T19:42:53.430+0200] {logging_mixin.py:137} INFO - [2025-09-03T19:42:53.430+0200] {manager.py:504} INFO - Created Permission View: can edit on DAG:example_branch_labels
[2025-09-03T19:42:53.442+0200] {logging_mixin.py:137} INFO - [2025-09-03T19:42:53.442+0200] {manager.py:504} INFO - Created Permission View: can delete on DAG:example_branch_labels
[2025-09-03T19:42:53.453+0200] {logging_mixin.py:137} INFO - [2025-09-03T19:42:53.453+0200] {manager.py:504} INFO - Created Permission View: can read on DAG:example_branch_labels
[2025-09-03T19:42:53.454+0200] {logging_mixin.py:137} INFO - [2025-09-03T19:42:53.453+0200] {dag.py:2705} INFO - Sync 1 DAGs
[2025-09-03T19:42:53.462+0200] {logging_mixin.py:137} INFO - [2025-09-03T19:42:53.462+0200] {dag.py:2726} INFO - Creating ORM DAG for example_branch_labels
[2025-09-03T19:42:53.470+0200] {logging_mixin.py:137} INFO - [2025-09-03T19:42:53.470+0200] {dag.py:3452} INFO - Setting next_dagrun for example_branch_labels to 2025-09-02T00:00:00+00:00, run_after=2025-09-03T00:00:00+00:00
[2025-09-03T19:42:53.492+0200] {processor.py:175} INFO - Processing /home/varun/miniconda3/envs/python38/lib/python3.8/site-packages/airflow/example_dags/example_branch_labels.py took 0.171 seconds
[2025-09-03T19:43:42.849+0200] {processor.py:153} INFO - Started process (PID=3155) to work on /home/varun/miniconda3/envs/python38/lib/python3.8/site-packages/airflow/example_dags/example_branch_labels.py
[2025-09-03T19:43:42.851+0200] {processor.py:743} INFO - Processing file /home/varun/miniconda3/envs/python38/lib/python3.8/site-packages/airflow/example_dags/example_branch_labels.py for tasks to queue
[2025-09-03T19:43:42.852+0200] {logging_mixin.py:137} INFO - [2025-09-03T19:43:42.852+0200] {dagbag.py:532} INFO - Filling up the DagBag from /home/varun/miniconda3/envs/python38/lib/python3.8/site-packages/airflow/example_dags/example_branch_labels.py
[2025-09-03T19:43:42.868+0200] {processor.py:753} INFO - DAG(s) dict_keys(['example_branch_labels']) retrieved from /home/varun/miniconda3/envs/python38/lib/python3.8/site-packages/airflow/example_dags/example_branch_labels.py
[2025-09-03T19:43:42.893+0200] {logging_mixin.py:137} INFO - [2025-09-03T19:43:42.893+0200] {dag.py:2705} INFO - Sync 1 DAGs
[2025-09-03T19:43:42.915+0200] {logging_mixin.py:137} INFO - [2025-09-03T19:43:42.914+0200] {dag.py:3452} INFO - Setting next_dagrun for example_branch_labels to 2025-09-02T00:00:00+00:00, run_after=2025-09-03T00:00:00+00:00
[2025-09-03T19:43:42.947+0200] {processor.py:175} INFO - Processing /home/varun/miniconda3/envs/python38/lib/python3.8/site-packages/airflow/example_dags/example_branch_labels.py took 0.101 seconds
[2025-09-03T19:44:30.397+0200] {processor.py:153} INFO - Started process (PID=3197) to work on /home/varun/miniconda3/envs/python38/lib/python3.8/site-packages/airflow/example_dags/example_branch_labels.py
[2025-09-03T19:44:30.398+0200] {processor.py:743} INFO - Processing file /home/varun/miniconda3/envs/python38/lib/python3.8/site-packages/airflow/example_dags/example_branch_labels.py for tasks to queue
[2025-09-03T19:44:30.399+0200] {logging_mixin.py:137} INFO - [2025-09-03T19:44:30.399+0200] {dagbag.py:532} INFO - Filling up the DagBag from /home/varun/miniconda3/envs/python38/lib/python3.8/site-packages/airflow/example_dags/example_branch_labels.py
[2025-09-03T19:44:30.414+0200] {processor.py:753} INFO - DAG(s) dict_keys(['example_branch_labels']) retrieved from /home/varun/miniconda3/envs/python38/lib/python3.8/site-packages/airflow/example_dags/example_branch_labels.py
[2025-09-03T19:44:30.440+0200] {logging_mixin.py:137} INFO - [2025-09-03T19:44:30.440+0200] {dag.py:2705} INFO - Sync 1 DAGs
[2025-09-03T19:44:30.462+0200] {logging_mixin.py:137} INFO - [2025-09-03T19:44:30.462+0200] {dag.py:3452} INFO - Setting next_dagrun for example_branch_labels to 2025-09-02T00:00:00+00:00, run_after=2025-09-03T00:00:00+00:00
[2025-09-03T19:44:30.486+0200] {processor.py:175} INFO - Processing /home/varun/miniconda3/envs/python38/lib/python3.8/site-packages/airflow/example_dags/example_branch_labels.py took 0.092 seconds
[2025-09-03T19:45:17.924+0200] {processor.py:153} INFO - Started process (PID=3240) to work on /home/varun/miniconda3/envs/python38/lib/python3.8/site-packages/airflow/example_dags/example_branch_labels.py
[2025-09-03T19:45:17.926+0200] {processor.py:743} INFO - Processing file /home/varun/miniconda3/envs/python38/lib/python3.8/site-packages/airflow/example_dags/example_branch_labels.py for tasks to queue
[2025-09-03T19:45:17.927+0200] {logging_mixin.py:137} INFO - [2025-09-03T19:45:17.927+0200] {dagbag.py:532} INFO - Filling up the DagBag from /home/varun/miniconda3/envs/python38/lib/python3.8/site-packages/airflow/example_dags/example_branch_labels.py
[2025-09-03T19:45:17.941+0200] {processor.py:753} INFO - DAG(s) dict_keys(['example_branch_labels']) retrieved from /home/varun/miniconda3/envs/python38/lib/python3.8/site-packages/airflow/example_dags/example_branch_labels.py
[2025-09-03T19:45:17.962+0200] {logging_mixin.py:137} INFO - [2025-09-03T19:45:17.962+0200] {dag.py:2705} INFO - Sync 1 DAGs
[2025-09-03T19:45:17.983+0200] {logging_mixin.py:137} INFO - [2025-09-03T19:45:17.983+0200] {dag.py:3452} INFO - Setting next_dagrun for example_branch_labels to 2025-09-02T00:00:00+00:00, run_after=2025-09-03T00:00:00+00:00
[2025-09-03T19:45:18.008+0200] {processor.py:175} INFO - Processing /home/varun/miniconda3/envs/python38/lib/python3.8/site-packages/airflow/example_dags/example_branch_labels.py took 0.087 seconds
[2025-09-03T19:46:06.335+0200] {processor.py:153} INFO - Started process (PID=3310) to work on /home/varun/miniconda3/envs/python38/lib/python3.8/site-packages/airflow/example_dags/example_branch_labels.py
[2025-09-03T19:46:06.336+0200] {processor.py:743} INFO - Processing file /home/varun/miniconda3/envs/python38/lib/python3.8/site-packages/airflow/example_dags/example_branch_labels.py for tasks to queue
[2025-09-03T19:46:06.336+0200] {logging_mixin.py:137} INFO - [2025-09-03T19:46:06.336+0200] {dagbag.py:532} INFO - Filling up the DagBag from /home/varun/miniconda3/envs/python38/lib/python3.8/site-packages/airflow/example_dags/example_branch_labels.py
[2025-09-03T19:46:06.350+0200] {processor.py:753} INFO - DAG(s) dict_keys(['example_branch_labels']) retrieved from /home/varun/miniconda3/envs/python38/lib/python3.8/site-packages/airflow/example_dags/example_branch_labels.py
[2025-09-03T19:46:06.371+0200] {logging_mixin.py:137} INFO - [2025-09-03T19:46:06.370+0200] {dag.py:2705} INFO - Sync 1 DAGs
[2025-09-03T19:46:06.388+0200] {logging_mixin.py:137} INFO - [2025-09-03T19:46:06.388+0200] {dag.py:3452} INFO - Setting next_dagrun for example_branch_labels to 2025-09-02T00:00:00+00:00, run_after=2025-09-03T00:00:00+00:00
[2025-09-03T19:46:06.411+0200] {processor.py:175} INFO - Processing /home/varun/miniconda3/envs/python38/lib/python3.8/site-packages/airflow/example_dags/example_branch_labels.py took 0.080 seconds
[2025-09-03T19:46:51.886+0200] {processor.py:153} INFO - Started process (PID=3358) to work on /home/varun/miniconda3/envs/python38/lib/python3.8/site-packages/airflow/example_dags/example_branch_labels.py
[2025-09-03T19:46:51.887+0200] {processor.py:743} INFO - Processing file /home/varun/miniconda3/envs/python38/lib/python3.8/site-packages/airflow/example_dags/example_branch_labels.py for tasks to queue
[2025-09-03T19:46:51.888+0200] {logging_mixin.py:137} INFO - [2025-09-03T19:46:51.888+0200] {dagbag.py:532} INFO - Filling up the DagBag from /home/varun/miniconda3/envs/python38/lib/python3.8/site-packages/airflow/example_dags/example_branch_labels.py
[2025-09-03T19:46:51.907+0200] {processor.py:753} INFO - DAG(s) dict_keys(['example_branch_labels']) retrieved from /home/varun/miniconda3/envs/python38/lib/python3.8/site-packages/airflow/example_dags/example_branch_labels.py
[2025-09-03T19:46:51.929+0200] {logging_mixin.py:137} INFO - [2025-09-03T19:46:51.929+0200] {dag.py:2705} INFO - Sync 1 DAGs
[2025-09-03T19:46:51.949+0200] {logging_mixin.py:137} INFO - [2025-09-03T19:46:51.949+0200] {dag.py:3452} INFO - Setting next_dagrun for example_branch_labels to 2025-09-02T00:00:00+00:00, run_after=2025-09-03T00:00:00+00:00
[2025-09-03T19:46:51.973+0200] {processor.py:175} INFO - Processing /home/varun/miniconda3/envs/python38/lib/python3.8/site-packages/airflow/example_dags/example_branch_labels.py took 0.091 seconds
[2025-09-03T19:47:38.162+0200] {processor.py:153} INFO - Started process (PID=3408) to work on /home/varun/miniconda3/envs/python38/lib/python3.8/site-packages/airflow/example_dags/example_branch_labels.py
[2025-09-03T19:47:38.164+0200] {processor.py:743} INFO - Processing file /home/varun/miniconda3/envs/python38/lib/python3.8/site-packages/airflow/example_dags/example_branch_labels.py for tasks to queue
[2025-09-03T19:47:38.165+0200] {logging_mixin.py:137} INFO - [2025-09-03T19:47:38.164+0200] {dagbag.py:532} INFO - Filling up the DagBag from /home/varun/miniconda3/envs/python38/lib/python3.8/site-packages/airflow/example_dags/example_branch_labels.py
[2025-09-03T19:47:38.177+0200] {processor.py:753} INFO - DAG(s) dict_keys(['example_branch_labels']) retrieved from /home/varun/miniconda3/envs/python38/lib/python3.8/site-packages/airflow/example_dags/example_branch_labels.py
[2025-09-03T19:47:38.211+0200] {logging_mixin.py:137} INFO - [2025-09-03T19:47:38.211+0200] {dag.py:2705} INFO - Sync 1 DAGs
[2025-09-03T19:47:38.249+0200] {logging_mixin.py:137} INFO - [2025-09-03T19:47:38.249+0200] {dag.py:3452} INFO - Setting next_dagrun for example_branch_labels to 2025-09-02T00:00:00+00:00, run_after=2025-09-03T00:00:00+00:00
[2025-09-03T19:47:38.278+0200] {processor.py:175} INFO - Processing /home/varun/miniconda3/envs/python38/lib/python3.8/site-packages/airflow/example_dags/example_branch_labels.py took 0.119 seconds
[2025-09-03T19:48:23.164+0200] {processor.py:153} INFO - Started process (PID=3450) to work on /home/varun/miniconda3/envs/python38/lib/python3.8/site-packages/airflow/example_dags/example_branch_labels.py
[2025-09-03T19:48:23.166+0200] {processor.py:743} INFO - Processing file /home/varun/miniconda3/envs/python38/lib/python3.8/site-packages/airflow/example_dags/example_branch_labels.py for tasks to queue
[2025-09-03T19:48:23.166+0200] {logging_mixin.py:137} INFO - [2025-09-03T19:48:23.166+0200] {dagbag.py:532} INFO - Filling up the DagBag from /home/varun/miniconda3/envs/python38/lib/python3.8/site-packages/airflow/example_dags/example_branch_labels.py
[2025-09-03T19:48:23.179+0200] {processor.py:753} INFO - DAG(s) dict_keys(['example_branch_labels']) retrieved from /home/varun/miniconda3/envs/python38/lib/python3.8/site-packages/airflow/example_dags/example_branch_labels.py
[2025-09-03T19:48:23.198+0200] {logging_mixin.py:137} INFO - [2025-09-03T19:48:23.198+0200] {dag.py:2705} INFO - Sync 1 DAGs
[2025-09-03T19:48:23.215+0200] {logging_mixin.py:137} INFO - [2025-09-03T19:48:23.215+0200] {dag.py:3452} INFO - Setting next_dagrun for example_branch_labels to 2025-09-02T00:00:00+00:00, run_after=2025-09-03T00:00:00+00:00
[2025-09-03T19:48:23.235+0200] {processor.py:175} INFO - Processing /home/varun/miniconda3/envs/python38/lib/python3.8/site-packages/airflow/example_dags/example_branch_labels.py took 0.075 seconds
[2025-09-03T19:49:15.824+0200] {processor.py:153} INFO - Started process (PID=3492) to work on /home/varun/miniconda3/envs/python38/lib/python3.8/site-packages/airflow/example_dags/example_branch_labels.py
[2025-09-03T19:49:15.826+0200] {processor.py:743} INFO - Processing file /home/varun/miniconda3/envs/python38/lib/python3.8/site-packages/airflow/example_dags/example_branch_labels.py for tasks to queue
[2025-09-03T19:49:15.827+0200] {logging_mixin.py:137} INFO - [2025-09-03T19:49:15.827+0200] {dagbag.py:532} INFO - Filling up the DagBag from /home/varun/miniconda3/envs/python38/lib/python3.8/site-packages/airflow/example_dags/example_branch_labels.py
[2025-09-03T19:49:15.841+0200] {processor.py:753} INFO - DAG(s) dict_keys(['example_branch_labels']) retrieved from /home/varun/miniconda3/envs/python38/lib/python3.8/site-packages/airflow/example_dags/example_branch_labels.py
[2025-09-03T19:49:15.860+0200] {logging_mixin.py:137} INFO - [2025-09-03T19:49:15.860+0200] {dag.py:2705} INFO - Sync 1 DAGs
[2025-09-03T19:49:15.881+0200] {logging_mixin.py:137} INFO - [2025-09-03T19:49:15.881+0200] {dag.py:3452} INFO - Setting next_dagrun for example_branch_labels to 2025-09-02T00:00:00+00:00, run_after=2025-09-03T00:00:00+00:00
[2025-09-03T19:49:15.903+0200] {processor.py:175} INFO - Processing /home/varun/miniconda3/envs/python38/lib/python3.8/site-packages/airflow/example_dags/example_branch_labels.py took 0.083 seconds
[2025-09-03T19:50:02.183+0200] {processor.py:153} INFO - Started process (PID=3543) to work on /home/varun/miniconda3/envs/python38/lib/python3.8/site-packages/airflow/example_dags/example_branch_labels.py
[2025-09-03T19:50:02.186+0200] {processor.py:743} INFO - Processing file /home/varun/miniconda3/envs/python38/lib/python3.8/site-packages/airflow/example_dags/example_branch_labels.py for tasks to queue
[2025-09-03T19:50:02.187+0200] {logging_mixin.py:137} INFO - [2025-09-03T19:50:02.186+0200] {dagbag.py:532} INFO - Filling up the DagBag from /home/varun/miniconda3/envs/python38/lib/python3.8/site-packages/airflow/example_dags/example_branch_labels.py
[2025-09-03T19:50:02.215+0200] {processor.py:753} INFO - DAG(s) dict_keys(['example_branch_labels']) retrieved from /home/varun/miniconda3/envs/python38/lib/python3.8/site-packages/airflow/example_dags/example_branch_labels.py
[2025-09-03T19:50:02.258+0200] {logging_mixin.py:137} INFO - [2025-09-03T19:50:02.257+0200] {dag.py:2705} INFO - Sync 1 DAGs
[2025-09-03T19:50:02.299+0200] {logging_mixin.py:137} INFO - [2025-09-03T19:50:02.299+0200] {dag.py:3452} INFO - Setting next_dagrun for example_branch_labels to 2025-09-02T00:00:00+00:00, run_after=2025-09-03T00:00:00+00:00
[2025-09-03T19:50:02.344+0200] {processor.py:175} INFO - Processing /home/varun/miniconda3/envs/python38/lib/python3.8/site-packages/airflow/example_dags/example_branch_labels.py took 0.167 seconds
[2025-09-03T19:50:52.737+0200] {processor.py:153} INFO - Started process (PID=3586) to work on /home/varun/miniconda3/envs/python38/lib/python3.8/site-packages/airflow/example_dags/example_branch_labels.py
[2025-09-03T19:50:52.760+0200] {processor.py:743} INFO - Processing file /home/varun/miniconda3/envs/python38/lib/python3.8/site-packages/airflow/example_dags/example_branch_labels.py for tasks to queue
[2025-09-03T19:50:52.761+0200] {logging_mixin.py:137} INFO - [2025-09-03T19:50:52.761+0200] {dagbag.py:532} INFO - Filling up the DagBag from /home/varun/miniconda3/envs/python38/lib/python3.8/site-packages/airflow/example_dags/example_branch_labels.py
[2025-09-03T19:50:52.778+0200] {processor.py:753} INFO - DAG(s) dict_keys(['example_branch_labels']) retrieved from /home/varun/miniconda3/envs/python38/lib/python3.8/site-packages/airflow/example_dags/example_branch_labels.py
[2025-09-03T19:50:52.806+0200] {logging_mixin.py:137} INFO - [2025-09-03T19:50:52.805+0200] {dag.py:2705} INFO - Sync 1 DAGs
[2025-09-03T19:50:52.834+0200] {logging_mixin.py:137} INFO - [2025-09-03T19:50:52.834+0200] {dag.py:3452} INFO - Setting next_dagrun for example_branch_labels to 2025-09-02T00:00:00+00:00, run_after=2025-09-03T00:00:00+00:00
[2025-09-03T19:50:52.865+0200] {processor.py:175} INFO - Processing /home/varun/miniconda3/envs/python38/lib/python3.8/site-packages/airflow/example_dags/example_branch_labels.py took 0.131 seconds
[2025-09-03T19:51:39.627+0200] {processor.py:153} INFO - Started process (PID=3641) to work on /home/varun/miniconda3/envs/python38/lib/python3.8/site-packages/airflow/example_dags/example_branch_labels.py
[2025-09-03T19:51:39.628+0200] {processor.py:743} INFO - Processing file /home/varun/miniconda3/envs/python38/lib/python3.8/site-packages/airflow/example_dags/example_branch_labels.py for tasks to queue
[2025-09-03T19:51:39.629+0200] {logging_mixin.py:137} INFO - [2025-09-03T19:51:39.629+0200] {dagbag.py:532} INFO - Filling up the DagBag from /home/varun/miniconda3/envs/python38/lib/python3.8/site-packages/airflow/example_dags/example_branch_labels.py
[2025-09-03T19:51:39.641+0200] {processor.py:753} INFO - DAG(s) dict_keys(['example_branch_labels']) retrieved from /home/varun/miniconda3/envs/python38/lib/python3.8/site-packages/airflow/example_dags/example_branch_labels.py
[2025-09-03T19:51:39.659+0200] {logging_mixin.py:137} INFO - [2025-09-03T19:51:39.659+0200] {dag.py:2705} INFO - Sync 1 DAGs
[2025-09-03T19:51:39.676+0200] {logging_mixin.py:137} INFO - [2025-09-03T19:51:39.676+0200] {dag.py:3452} INFO - Setting next_dagrun for example_branch_labels to 2025-09-02T00:00:00+00:00, run_after=2025-09-03T00:00:00+00:00
[2025-09-03T19:51:39.698+0200] {processor.py:175} INFO - Processing /home/varun/miniconda3/envs/python38/lib/python3.8/site-packages/airflow/example_dags/example_branch_labels.py took 0.074 seconds
[2025-09-03T19:52:26.962+0200] {processor.py:153} INFO - Started process (PID=3690) to work on /home/varun/miniconda3/envs/python38/lib/python3.8/site-packages/airflow/example_dags/example_branch_labels.py
[2025-09-03T19:52:26.964+0200] {processor.py:743} INFO - Processing file /home/varun/miniconda3/envs/python38/lib/python3.8/site-packages/airflow/example_dags/example_branch_labels.py for tasks to queue
[2025-09-03T19:52:26.965+0200] {logging_mixin.py:137} INFO - [2025-09-03T19:52:26.965+0200] {dagbag.py:532} INFO - Filling up the DagBag from /home/varun/miniconda3/envs/python38/lib/python3.8/site-packages/airflow/example_dags/example_branch_labels.py
[2025-09-03T19:52:26.978+0200] {processor.py:753} INFO - DAG(s) dict_keys(['example_branch_labels']) retrieved from /home/varun/miniconda3/envs/python38/lib/python3.8/site-packages/airflow/example_dags/example_branch_labels.py
[2025-09-03T19:52:26.997+0200] {logging_mixin.py:137} INFO - [2025-09-03T19:52:26.997+0200] {dag.py:2705} INFO - Sync 1 DAGs
[2025-09-03T19:52:27.013+0200] {logging_mixin.py:137} INFO - [2025-09-03T19:52:27.013+0200] {dag.py:3452} INFO - Setting next_dagrun for example_branch_labels to 2025-09-02T00:00:00+00:00, run_after=2025-09-03T00:00:00+00:00
[2025-09-03T19:52:27.037+0200] {processor.py:175} INFO - Processing /home/varun/miniconda3/envs/python38/lib/python3.8/site-packages/airflow/example_dags/example_branch_labels.py took 0.078 seconds
[2025-09-03T19:53:20.404+0200] {processor.py:153} INFO - Started process (PID=3732) to work on /home/varun/miniconda3/envs/python38/lib/python3.8/site-packages/airflow/example_dags/example_branch_labels.py
[2025-09-03T19:53:20.406+0200] {processor.py:743} INFO - Processing file /home/varun/miniconda3/envs/python38/lib/python3.8/site-packages/airflow/example_dags/example_branch_labels.py for tasks to queue
[2025-09-03T19:53:20.407+0200] {logging_mixin.py:137} INFO - [2025-09-03T19:53:20.407+0200] {dagbag.py:532} INFO - Filling up the DagBag from /home/varun/miniconda3/envs/python38/lib/python3.8/site-packages/airflow/example_dags/example_branch_labels.py
[2025-09-03T19:53:20.425+0200] {processor.py:753} INFO - DAG(s) dict_keys(['example_branch_labels']) retrieved from /home/varun/miniconda3/envs/python38/lib/python3.8/site-packages/airflow/example_dags/example_branch_labels.py
[2025-09-03T19:53:20.448+0200] {logging_mixin.py:137} INFO - [2025-09-03T19:53:20.447+0200] {dag.py:2705} INFO - Sync 1 DAGs
[2025-09-03T19:53:20.470+0200] {logging_mixin.py:137} INFO - [2025-09-03T19:53:20.470+0200] {dag.py:3452} INFO - Setting next_dagrun for example_branch_labels to 2025-09-02T00:00:00+00:00, run_after=2025-09-03T00:00:00+00:00
[2025-09-03T19:53:20.622+0200] {processor.py:175} INFO - Processing /home/varun/miniconda3/envs/python38/lib/python3.8/site-packages/airflow/example_dags/example_branch_labels.py took 0.222 seconds
[2025-09-03T19:54:17.333+0200] {processor.py:153} INFO - Started process (PID=3783) to work on /home/varun/miniconda3/envs/python38/lib/python3.8/site-packages/airflow/example_dags/example_branch_labels.py
[2025-09-03T19:54:17.335+0200] {processor.py:743} INFO - Processing file /home/varun/miniconda3/envs/python38/lib/python3.8/site-packages/airflow/example_dags/example_branch_labels.py for tasks to queue
[2025-09-03T19:54:17.336+0200] {logging_mixin.py:137} INFO - [2025-09-03T19:54:17.336+0200] {dagbag.py:532} INFO - Filling up the DagBag from /home/varun/miniconda3/envs/python38/lib/python3.8/site-packages/airflow/example_dags/example_branch_labels.py
[2025-09-03T19:54:17.353+0200] {processor.py:753} INFO - DAG(s) dict_keys(['example_branch_labels']) retrieved from /home/varun/miniconda3/envs/python38/lib/python3.8/site-packages/airflow/example_dags/example_branch_labels.py
[2025-09-03T19:54:17.377+0200] {logging_mixin.py:137} INFO - [2025-09-03T19:54:17.377+0200] {dag.py:2705} INFO - Sync 1 DAGs
[2025-09-03T19:54:17.544+0200] {logging_mixin.py:137} INFO - [2025-09-03T19:54:17.544+0200] {dag.py:3452} INFO - Setting next_dagrun for example_branch_labels to 2025-09-02T00:00:00+00:00, run_after=2025-09-03T00:00:00+00:00
[2025-09-03T19:54:17.568+0200] {processor.py:175} INFO - Processing /home/varun/miniconda3/envs/python38/lib/python3.8/site-packages/airflow/example_dags/example_branch_labels.py took 0.239 seconds
[2025-09-03T19:55:16.123+0200] {processor.py:153} INFO - Started process (PID=3836) to work on /home/varun/miniconda3/envs/python38/lib/python3.8/site-packages/airflow/example_dags/example_branch_labels.py
[2025-09-03T19:55:16.126+0200] {processor.py:743} INFO - Processing file /home/varun/miniconda3/envs/python38/lib/python3.8/site-packages/airflow/example_dags/example_branch_labels.py for tasks to queue
[2025-09-03T19:55:16.127+0200] {logging_mixin.py:137} INFO - [2025-09-03T19:55:16.127+0200] {dagbag.py:532} INFO - Filling up the DagBag from /home/varun/miniconda3/envs/python38/lib/python3.8/site-packages/airflow/example_dags/example_branch_labels.py
[2025-09-03T19:55:16.156+0200] {processor.py:753} INFO - DAG(s) dict_keys(['example_branch_labels']) retrieved from /home/varun/miniconda3/envs/python38/lib/python3.8/site-packages/airflow/example_dags/example_branch_labels.py
[2025-09-03T19:55:16.368+0200] {logging_mixin.py:137} INFO - [2025-09-03T19:55:16.368+0200] {dag.py:2705} INFO - Sync 1 DAGs
[2025-09-03T19:55:16.406+0200] {logging_mixin.py:137} INFO - [2025-09-03T19:55:16.405+0200] {dag.py:3452} INFO - Setting next_dagrun for example_branch_labels to 2025-09-03T00:00:00+00:00, run_after=2025-09-04T00:00:00+00:00
[2025-09-03T19:55:16.451+0200] {processor.py:175} INFO - Processing /home/varun/miniconda3/envs/python38/lib/python3.8/site-packages/airflow/example_dags/example_branch_labels.py took 0.334 seconds
[2025-09-03T19:56:18.539+0200] {processor.py:153} INFO - Started process (PID=3891) to work on /home/varun/miniconda3/envs/python38/lib/python3.8/site-packages/airflow/example_dags/example_branch_labels.py
[2025-09-03T19:56:18.541+0200] {processor.py:743} INFO - Processing file /home/varun/miniconda3/envs/python38/lib/python3.8/site-packages/airflow/example_dags/example_branch_labels.py for tasks to queue
[2025-09-03T19:56:18.541+0200] {logging_mixin.py:137} INFO - [2025-09-03T19:56:18.541+0200] {dagbag.py:532} INFO - Filling up the DagBag from /home/varun/miniconda3/envs/python38/lib/python3.8/site-packages/airflow/example_dags/example_branch_labels.py
[2025-09-03T19:56:18.559+0200] {processor.py:753} INFO - DAG(s) dict_keys(['example_branch_labels']) retrieved from /home/varun/miniconda3/envs/python38/lib/python3.8/site-packages/airflow/example_dags/example_branch_labels.py
[2025-09-03T19:56:18.723+0200] {logging_mixin.py:137} INFO - [2025-09-03T19:56:18.723+0200] {dag.py:2705} INFO - Sync 1 DAGs
[2025-09-03T19:56:18.744+0200] {logging_mixin.py:137} INFO - [2025-09-03T19:56:18.744+0200] {dag.py:3452} INFO - Setting next_dagrun for example_branch_labels to 2025-09-03T00:00:00+00:00, run_after=2025-09-04T00:00:00+00:00
[2025-09-03T19:56:18.773+0200] {processor.py:175} INFO - Processing /home/varun/miniconda3/envs/python38/lib/python3.8/site-packages/airflow/example_dags/example_branch_labels.py took 0.239 seconds
[2025-09-03T19:57:12.740+0200] {processor.py:153} INFO - Started process (PID=3938) to work on /home/varun/miniconda3/envs/python38/lib/python3.8/site-packages/airflow/example_dags/example_branch_labels.py
[2025-09-03T19:57:12.742+0200] {processor.py:743} INFO - Processing file /home/varun/miniconda3/envs/python38/lib/python3.8/site-packages/airflow/example_dags/example_branch_labels.py for tasks to queue
[2025-09-03T19:57:12.743+0200] {logging_mixin.py:137} INFO - [2025-09-03T19:57:12.742+0200] {dagbag.py:532} INFO - Filling up the DagBag from /home/varun/miniconda3/envs/python38/lib/python3.8/site-packages/airflow/example_dags/example_branch_labels.py
[2025-09-03T19:57:12.758+0200] {processor.py:753} INFO - DAG(s) dict_keys(['example_branch_labels']) retrieved from /home/varun/miniconda3/envs/python38/lib/python3.8/site-packages/airflow/example_dags/example_branch_labels.py
[2025-09-03T19:57:12.783+0200] {logging_mixin.py:137} INFO - [2025-09-03T19:57:12.782+0200] {dag.py:2705} INFO - Sync 1 DAGs
[2025-09-03T19:57:12.805+0200] {logging_mixin.py:137} INFO - [2025-09-03T19:57:12.805+0200] {dag.py:3452} INFO - Setting next_dagrun for example_branch_labels to 2025-09-03T00:00:00+00:00, run_after=2025-09-04T00:00:00+00:00
[2025-09-03T19:57:12.830+0200] {processor.py:175} INFO - Processing /home/varun/miniconda3/envs/python38/lib/python3.8/site-packages/airflow/example_dags/example_branch_labels.py took 0.093 seconds
[2025-09-03T19:58:03.660+0200] {processor.py:153} INFO - Started process (PID=3980) to work on /home/varun/miniconda3/envs/python38/lib/python3.8/site-packages/airflow/example_dags/example_branch_labels.py
[2025-09-03T19:58:03.662+0200] {processor.py:743} INFO - Processing file /home/varun/miniconda3/envs/python38/lib/python3.8/site-packages/airflow/example_dags/example_branch_labels.py for tasks to queue
[2025-09-03T19:58:03.663+0200] {logging_mixin.py:137} INFO - [2025-09-03T19:58:03.663+0200] {dagbag.py:532} INFO - Filling up the DagBag from /home/varun/miniconda3/envs/python38/lib/python3.8/site-packages/airflow/example_dags/example_branch_labels.py
[2025-09-03T19:58:03.683+0200] {processor.py:753} INFO - DAG(s) dict_keys(['example_branch_labels']) retrieved from /home/varun/miniconda3/envs/python38/lib/python3.8/site-packages/airflow/example_dags/example_branch_labels.py
[2025-09-03T19:58:03.712+0200] {logging_mixin.py:137} INFO - [2025-09-03T19:58:03.712+0200] {dag.py:2705} INFO - Sync 1 DAGs
[2025-09-03T19:58:03.741+0200] {logging_mixin.py:137} INFO - [2025-09-03T19:58:03.741+0200] {dag.py:3452} INFO - Setting next_dagrun for example_branch_labels to 2025-09-03T00:00:00+00:00, run_after=2025-09-04T00:00:00+00:00
[2025-09-03T19:58:03.773+0200] {processor.py:175} INFO - Processing /home/varun/miniconda3/envs/python38/lib/python3.8/site-packages/airflow/example_dags/example_branch_labels.py took 0.116 seconds
[2025-09-03T20:01:08.481+0200] {processor.py:153} INFO - Started process (PID=4051) to work on /home/varun/miniconda3/envs/python38/lib/python3.8/site-packages/airflow/example_dags/example_branch_labels.py
[2025-09-03T20:01:08.482+0200] {processor.py:743} INFO - Processing file /home/varun/miniconda3/envs/python38/lib/python3.8/site-packages/airflow/example_dags/example_branch_labels.py for tasks to queue
[2025-09-03T20:01:08.483+0200] {logging_mixin.py:137} INFO - [2025-09-03T20:01:08.482+0200] {dagbag.py:532} INFO - Filling up the DagBag from /home/varun/miniconda3/envs/python38/lib/python3.8/site-packages/airflow/example_dags/example_branch_labels.py
[2025-09-03T20:01:08.497+0200] {processor.py:753} INFO - DAG(s) dict_keys(['example_branch_labels']) retrieved from /home/varun/miniconda3/envs/python38/lib/python3.8/site-packages/airflow/example_dags/example_branch_labels.py
[2025-09-03T20:01:08.517+0200] {logging_mixin.py:137} INFO - [2025-09-03T20:01:08.517+0200] {dag.py:2705} INFO - Sync 1 DAGs
[2025-09-03T20:01:08.534+0200] {logging_mixin.py:137} INFO - [2025-09-03T20:01:08.534+0200] {dag.py:3452} INFO - Setting next_dagrun for example_branch_labels to 2025-09-03T00:00:00+00:00, run_after=2025-09-04T00:00:00+00:00
[2025-09-03T20:01:08.555+0200] {processor.py:175} INFO - Processing /home/varun/miniconda3/envs/python38/lib/python3.8/site-packages/airflow/example_dags/example_branch_labels.py took 0.077 seconds
[2025-09-03T20:01:55.195+0200] {processor.py:153} INFO - Started process (PID=4098) to work on /home/varun/miniconda3/envs/python38/lib/python3.8/site-packages/airflow/example_dags/example_branch_labels.py
[2025-09-03T20:01:55.196+0200] {processor.py:743} INFO - Processing file /home/varun/miniconda3/envs/python38/lib/python3.8/site-packages/airflow/example_dags/example_branch_labels.py for tasks to queue
[2025-09-03T20:01:55.197+0200] {logging_mixin.py:137} INFO - [2025-09-03T20:01:55.197+0200] {dagbag.py:532} INFO - Filling up the DagBag from /home/varun/miniconda3/envs/python38/lib/python3.8/site-packages/airflow/example_dags/example_branch_labels.py
[2025-09-03T20:01:55.209+0200] {processor.py:753} INFO - DAG(s) dict_keys(['example_branch_labels']) retrieved from /home/varun/miniconda3/envs/python38/lib/python3.8/site-packages/airflow/example_dags/example_branch_labels.py
[2025-09-03T20:01:55.226+0200] {logging_mixin.py:137} INFO - [2025-09-03T20:01:55.226+0200] {dag.py:2705} INFO - Sync 1 DAGs
[2025-09-03T20:01:55.242+0200] {logging_mixin.py:137} INFO - [2025-09-03T20:01:55.242+0200] {dag.py:3452} INFO - Setting next_dagrun for example_branch_labels to 2025-09-03T00:00:00+00:00, run_after=2025-09-04T00:00:00+00:00
[2025-09-03T20:01:55.261+0200] {processor.py:175} INFO - Processing /home/varun/miniconda3/envs/python38/lib/python3.8/site-packages/airflow/example_dags/example_branch_labels.py took 0.069 seconds
[2025-09-03T20:02:40.058+0200] {processor.py:153} INFO - Started process (PID=4140) to work on /home/varun/miniconda3/envs/python38/lib/python3.8/site-packages/airflow/example_dags/example_branch_labels.py
[2025-09-03T20:02:40.060+0200] {processor.py:743} INFO - Processing file /home/varun/miniconda3/envs/python38/lib/python3.8/site-packages/airflow/example_dags/example_branch_labels.py for tasks to queue
[2025-09-03T20:02:40.061+0200] {logging_mixin.py:137} INFO - [2025-09-03T20:02:40.061+0200] {dagbag.py:532} INFO - Filling up the DagBag from /home/varun/miniconda3/envs/python38/lib/python3.8/site-packages/airflow/example_dags/example_branch_labels.py
[2025-09-03T20:02:40.078+0200] {processor.py:753} INFO - DAG(s) dict_keys(['example_branch_labels']) retrieved from /home/varun/miniconda3/envs/python38/lib/python3.8/site-packages/airflow/example_dags/example_branch_labels.py
[2025-09-03T20:02:40.098+0200] {logging_mixin.py:137} INFO - [2025-09-03T20:02:40.098+0200] {dag.py:2705} INFO - Sync 1 DAGs
[2025-09-03T20:02:40.119+0200] {logging_mixin.py:137} INFO - [2025-09-03T20:02:40.119+0200] {dag.py:3452} INFO - Setting next_dagrun for example_branch_labels to 2025-09-03T00:00:00+00:00, run_after=2025-09-04T00:00:00+00:00
[2025-09-03T20:02:40.147+0200] {processor.py:175} INFO - Processing /home/varun/miniconda3/envs/python38/lib/python3.8/site-packages/airflow/example_dags/example_branch_labels.py took 0.092 seconds
[2025-09-03T20:03:31.237+0200] {processor.py:153} INFO - Started process (PID=4182) to work on /home/varun/miniconda3/envs/python38/lib/python3.8/site-packages/airflow/example_dags/example_branch_labels.py
[2025-09-03T20:03:31.239+0200] {processor.py:743} INFO - Processing file /home/varun/miniconda3/envs/python38/lib/python3.8/site-packages/airflow/example_dags/example_branch_labels.py for tasks to queue
[2025-09-03T20:03:31.239+0200] {logging_mixin.py:137} INFO - [2025-09-03T20:03:31.239+0200] {dagbag.py:532} INFO - Filling up the DagBag from /home/varun/miniconda3/envs/python38/lib/python3.8/site-packages/airflow/example_dags/example_branch_labels.py
[2025-09-03T20:03:31.253+0200] {processor.py:753} INFO - DAG(s) dict_keys(['example_branch_labels']) retrieved from /home/varun/miniconda3/envs/python38/lib/python3.8/site-packages/airflow/example_dags/example_branch_labels.py
[2025-09-03T20:03:31.271+0200] {logging_mixin.py:137} INFO - [2025-09-03T20:03:31.271+0200] {dag.py:2705} INFO - Sync 1 DAGs
[2025-09-03T20:03:31.290+0200] {logging_mixin.py:137} INFO - [2025-09-03T20:03:31.290+0200] {dag.py:3452} INFO - Setting next_dagrun for example_branch_labels to 2025-09-03T00:00:00+00:00, run_after=2025-09-04T00:00:00+00:00
[2025-09-03T20:03:31.314+0200] {processor.py:175} INFO - Processing /home/varun/miniconda3/envs/python38/lib/python3.8/site-packages/airflow/example_dags/example_branch_labels.py took 0.080 seconds
[2025-09-03T20:04:17.846+0200] {processor.py:153} INFO - Started process (PID=4224) to work on /home/varun/miniconda3/envs/python38/lib/python3.8/site-packages/airflow/example_dags/example_branch_labels.py
[2025-09-03T20:04:17.847+0200] {processor.py:743} INFO - Processing file /home/varun/miniconda3/envs/python38/lib/python3.8/site-packages/airflow/example_dags/example_branch_labels.py for tasks to queue
[2025-09-03T20:04:17.848+0200] {logging_mixin.py:137} INFO - [2025-09-03T20:04:17.847+0200] {dagbag.py:532} INFO - Filling up the DagBag from /home/varun/miniconda3/envs/python38/lib/python3.8/site-packages/airflow/example_dags/example_branch_labels.py
[2025-09-03T20:04:17.861+0200] {processor.py:753} INFO - DAG(s) dict_keys(['example_branch_labels']) retrieved from /home/varun/miniconda3/envs/python38/lib/python3.8/site-packages/airflow/example_dags/example_branch_labels.py
[2025-09-03T20:04:17.880+0200] {logging_mixin.py:137} INFO - [2025-09-03T20:04:17.880+0200] {dag.py:2705} INFO - Sync 1 DAGs
[2025-09-03T20:04:17.898+0200] {logging_mixin.py:137} INFO - [2025-09-03T20:04:17.898+0200] {dag.py:3452} INFO - Setting next_dagrun for example_branch_labels to 2025-09-03T00:00:00+00:00, run_after=2025-09-04T00:00:00+00:00
[2025-09-03T20:04:17.919+0200] {processor.py:175} INFO - Processing /home/varun/miniconda3/envs/python38/lib/python3.8/site-packages/airflow/example_dags/example_branch_labels.py took 0.077 seconds
[2025-09-03T20:05:16.559+0200] {processor.py:153} INFO - Started process (PID=4279) to work on /home/varun/miniconda3/envs/python38/lib/python3.8/site-packages/airflow/example_dags/example_branch_labels.py
[2025-09-03T20:05:16.561+0200] {processor.py:743} INFO - Processing file /home/varun/miniconda3/envs/python38/lib/python3.8/site-packages/airflow/example_dags/example_branch_labels.py for tasks to queue
[2025-09-03T20:05:16.562+0200] {logging_mixin.py:137} INFO - [2025-09-03T20:05:16.561+0200] {dagbag.py:532} INFO - Filling up the DagBag from /home/varun/miniconda3/envs/python38/lib/python3.8/site-packages/airflow/example_dags/example_branch_labels.py
[2025-09-03T20:05:16.581+0200] {processor.py:753} INFO - DAG(s) dict_keys(['example_branch_labels']) retrieved from /home/varun/miniconda3/envs/python38/lib/python3.8/site-packages/airflow/example_dags/example_branch_labels.py
[2025-09-03T20:05:16.681+0200] {logging_mixin.py:137} INFO - [2025-09-03T20:05:16.681+0200] {manager.py:504} INFO - Created Permission View: can delete on DAG:example_branch_labels
[2025-09-03T20:05:16.694+0200] {logging_mixin.py:137} INFO - [2025-09-03T20:05:16.694+0200] {manager.py:504} INFO - Created Permission View: can read on DAG:example_branch_labels
[2025-09-03T20:05:16.707+0200] {logging_mixin.py:137} INFO - [2025-09-03T20:05:16.707+0200] {manager.py:504} INFO - Created Permission View: can edit on DAG:example_branch_labels
[2025-09-03T20:05:16.707+0200] {logging_mixin.py:137} INFO - [2025-09-03T20:05:16.707+0200] {dag.py:2705} INFO - Sync 1 DAGs
[2025-09-03T20:05:16.715+0200] {logging_mixin.py:137} INFO - [2025-09-03T20:05:16.715+0200] {dag.py:2726} INFO - Creating ORM DAG for example_branch_labels
[2025-09-03T20:05:16.724+0200] {logging_mixin.py:137} INFO - [2025-09-03T20:05:16.724+0200] {dag.py:3452} INFO - Setting next_dagrun for example_branch_labels to 2025-09-02T00:00:00+00:00, run_after=2025-09-03T00:00:00+00:00
[2025-09-03T20:05:16.745+0200] {processor.py:175} INFO - Processing /home/varun/miniconda3/envs/python38/lib/python3.8/site-packages/airflow/example_dags/example_branch_labels.py took 0.191 seconds
[2025-09-03T20:06:06.840+0200] {processor.py:153} INFO - Started process (PID=4327) to work on /home/varun/miniconda3/envs/python38/lib/python3.8/site-packages/airflow/example_dags/example_branch_labels.py
[2025-09-03T20:06:06.842+0200] {processor.py:743} INFO - Processing file /home/varun/miniconda3/envs/python38/lib/python3.8/site-packages/airflow/example_dags/example_branch_labels.py for tasks to queue
[2025-09-03T20:06:06.843+0200] {logging_mixin.py:137} INFO - [2025-09-03T20:06:06.843+0200] {dagbag.py:532} INFO - Filling up the DagBag from /home/varun/miniconda3/envs/python38/lib/python3.8/site-packages/airflow/example_dags/example_branch_labels.py
[2025-09-03T20:06:06.881+0200] {processor.py:753} INFO - DAG(s) dict_keys(['example_branch_labels']) retrieved from /home/varun/miniconda3/envs/python38/lib/python3.8/site-packages/airflow/example_dags/example_branch_labels.py
[2025-09-03T20:06:06.929+0200] {logging_mixin.py:137} INFO - [2025-09-03T20:06:06.929+0200] {dag.py:2705} INFO - Sync 1 DAGs
[2025-09-03T20:06:06.963+0200] {logging_mixin.py:137} INFO - [2025-09-03T20:06:06.963+0200] {dag.py:3452} INFO - Setting next_dagrun for example_branch_labels to 2025-09-02T00:00:00+00:00, run_after=2025-09-03T00:00:00+00:00
[2025-09-03T20:06:06.989+0200] {processor.py:175} INFO - Processing /home/varun/miniconda3/envs/python38/lib/python3.8/site-packages/airflow/example_dags/example_branch_labels.py took 0.154 seconds
[2025-09-03T20:06:52.957+0200] {processor.py:153} INFO - Started process (PID=4375) to work on /home/varun/miniconda3/envs/python38/lib/python3.8/site-packages/airflow/example_dags/example_branch_labels.py
[2025-09-03T20:06:52.958+0200] {processor.py:743} INFO - Processing file /home/varun/miniconda3/envs/python38/lib/python3.8/site-packages/airflow/example_dags/example_branch_labels.py for tasks to queue
[2025-09-03T20:06:52.959+0200] {logging_mixin.py:137} INFO - [2025-09-03T20:06:52.959+0200] {dagbag.py:532} INFO - Filling up the DagBag from /home/varun/miniconda3/envs/python38/lib/python3.8/site-packages/airflow/example_dags/example_branch_labels.py
[2025-09-03T20:06:52.984+0200] {processor.py:753} INFO - DAG(s) dict_keys(['example_branch_labels']) retrieved from /home/varun/miniconda3/envs/python38/lib/python3.8/site-packages/airflow/example_dags/example_branch_labels.py
[2025-09-03T20:06:53.018+0200] {logging_mixin.py:137} INFO - [2025-09-03T20:06:53.018+0200] {dag.py:2705} INFO - Sync 1 DAGs
[2025-09-03T20:06:53.047+0200] {logging_mixin.py:137} INFO - [2025-09-03T20:06:53.047+0200] {dag.py:3452} INFO - Setting next_dagrun for example_branch_labels to 2025-09-02T00:00:00+00:00, run_after=2025-09-03T00:00:00+00:00
[2025-09-03T20:06:53.081+0200] {processor.py:175} INFO - Processing /home/varun/miniconda3/envs/python38/lib/python3.8/site-packages/airflow/example_dags/example_branch_labels.py took 0.130 seconds
[2025-09-03T20:07:42.999+0200] {processor.py:153} INFO - Started process (PID=4437) to work on /home/varun/miniconda3/envs/python38/lib/python3.8/site-packages/airflow/example_dags/example_branch_labels.py
[2025-09-03T20:07:43.002+0200] {processor.py:743} INFO - Processing file /home/varun/miniconda3/envs/python38/lib/python3.8/site-packages/airflow/example_dags/example_branch_labels.py for tasks to queue
[2025-09-03T20:07:43.004+0200] {logging_mixin.py:137} INFO - [2025-09-03T20:07:43.003+0200] {dagbag.py:532} INFO - Filling up the DagBag from /home/varun/miniconda3/envs/python38/lib/python3.8/site-packages/airflow/example_dags/example_branch_labels.py
[2025-09-03T20:07:43.048+0200] {processor.py:753} INFO - DAG(s) dict_keys(['example_branch_labels']) retrieved from /home/varun/miniconda3/envs/python38/lib/python3.8/site-packages/airflow/example_dags/example_branch_labels.py
[2025-09-03T20:07:43.093+0200] {logging_mixin.py:137} INFO - [2025-09-03T20:07:43.093+0200] {dag.py:2705} INFO - Sync 1 DAGs
[2025-09-03T20:07:43.142+0200] {logging_mixin.py:137} INFO - [2025-09-03T20:07:43.141+0200] {dag.py:3452} INFO - Setting next_dagrun for example_branch_labels to 2025-09-02T00:00:00+00:00, run_after=2025-09-03T00:00:00+00:00
[2025-09-03T20:07:43.198+0200] {processor.py:175} INFO - Processing /home/varun/miniconda3/envs/python38/lib/python3.8/site-packages/airflow/example_dags/example_branch_labels.py took 0.205 seconds
[2025-09-03T20:08:30.600+0200] {processor.py:153} INFO - Started process (PID=4479) to work on /home/varun/miniconda3/envs/python38/lib/python3.8/site-packages/airflow/example_dags/example_branch_labels.py
[2025-09-03T20:08:30.602+0200] {processor.py:743} INFO - Processing file /home/varun/miniconda3/envs/python38/lib/python3.8/site-packages/airflow/example_dags/example_branch_labels.py for tasks to queue
[2025-09-03T20:08:30.604+0200] {logging_mixin.py:137} INFO - [2025-09-03T20:08:30.603+0200] {dagbag.py:532} INFO - Filling up the DagBag from /home/varun/miniconda3/envs/python38/lib/python3.8/site-packages/airflow/example_dags/example_branch_labels.py
[2025-09-03T20:08:30.636+0200] {processor.py:753} INFO - DAG(s) dict_keys(['example_branch_labels']) retrieved from /home/varun/miniconda3/envs/python38/lib/python3.8/site-packages/airflow/example_dags/example_branch_labels.py
[2025-09-03T20:08:30.675+0200] {logging_mixin.py:137} INFO - [2025-09-03T20:08:30.675+0200] {dag.py:2705} INFO - Sync 1 DAGs
[2025-09-03T20:08:30.701+0200] {logging_mixin.py:137} INFO - [2025-09-03T20:08:30.701+0200] {dag.py:3452} INFO - Setting next_dagrun for example_branch_labels to 2025-09-02T00:00:00+00:00, run_after=2025-09-03T00:00:00+00:00
[2025-09-03T20:08:30.724+0200] {processor.py:175} INFO - Processing /home/varun/miniconda3/envs/python38/lib/python3.8/site-packages/airflow/example_dags/example_branch_labels.py took 0.130 seconds
[2025-09-03T20:09:47.920+0200] {processor.py:153} INFO - Started process (PID=4538) to work on /home/varun/miniconda3/envs/python38/lib/python3.8/site-packages/airflow/example_dags/example_branch_labels.py
[2025-09-03T20:09:47.922+0200] {processor.py:743} INFO - Processing file /home/varun/miniconda3/envs/python38/lib/python3.8/site-packages/airflow/example_dags/example_branch_labels.py for tasks to queue
[2025-09-03T20:09:47.923+0200] {logging_mixin.py:137} INFO - [2025-09-03T20:09:47.923+0200] {dagbag.py:532} INFO - Filling up the DagBag from /home/varun/miniconda3/envs/python38/lib/python3.8/site-packages/airflow/example_dags/example_branch_labels.py
[2025-09-03T20:09:47.943+0200] {processor.py:753} INFO - DAG(s) dict_keys(['example_branch_labels']) retrieved from /home/varun/miniconda3/envs/python38/lib/python3.8/site-packages/airflow/example_dags/example_branch_labels.py
[2025-09-03T20:09:47.970+0200] {logging_mixin.py:137} INFO - [2025-09-03T20:09:47.970+0200] {dag.py:2705} INFO - Sync 1 DAGs
[2025-09-03T20:09:47.996+0200] {logging_mixin.py:137} INFO - [2025-09-03T20:09:47.996+0200] {dag.py:3452} INFO - Setting next_dagrun for example_branch_labels to 2025-09-02T00:00:00+00:00, run_after=2025-09-03T00:00:00+00:00
[2025-09-03T20:09:48.025+0200] {processor.py:175} INFO - Processing /home/varun/miniconda3/envs/python38/lib/python3.8/site-packages/airflow/example_dags/example_branch_labels.py took 0.109 seconds
[2025-09-03T20:10:36.759+0200] {processor.py:153} INFO - Started process (PID=4580) to work on /home/varun/miniconda3/envs/python38/lib/python3.8/site-packages/airflow/example_dags/example_branch_labels.py
[2025-09-03T20:10:36.761+0200] {processor.py:743} INFO - Processing file /home/varun/miniconda3/envs/python38/lib/python3.8/site-packages/airflow/example_dags/example_branch_labels.py for tasks to queue
[2025-09-03T20:10:36.761+0200] {logging_mixin.py:137} INFO - [2025-09-03T20:10:36.761+0200] {dagbag.py:532} INFO - Filling up the DagBag from /home/varun/miniconda3/envs/python38/lib/python3.8/site-packages/airflow/example_dags/example_branch_labels.py
[2025-09-03T20:10:36.775+0200] {processor.py:753} INFO - DAG(s) dict_keys(['example_branch_labels']) retrieved from /home/varun/miniconda3/envs/python38/lib/python3.8/site-packages/airflow/example_dags/example_branch_labels.py
[2025-09-03T20:10:36.794+0200] {logging_mixin.py:137} INFO - [2025-09-03T20:10:36.793+0200] {dag.py:2705} INFO - Sync 1 DAGs
[2025-09-03T20:10:36.809+0200] {logging_mixin.py:137} INFO - [2025-09-03T20:10:36.809+0200] {dag.py:3452} INFO - Setting next_dagrun for example_branch_labels to 2025-09-02T00:00:00+00:00, run_after=2025-09-03T00:00:00+00:00
[2025-09-03T20:10:36.829+0200] {processor.py:175} INFO - Processing /home/varun/miniconda3/envs/python38/lib/python3.8/site-packages/airflow/example_dags/example_branch_labels.py took 0.073 seconds
[2025-09-03T20:11:20.996+0200] {processor.py:153} INFO - Started process (PID=4622) to work on /home/varun/miniconda3/envs/python38/lib/python3.8/site-packages/airflow/example_dags/example_branch_labels.py
[2025-09-03T20:11:20.997+0200] {processor.py:743} INFO - Processing file /home/varun/miniconda3/envs/python38/lib/python3.8/site-packages/airflow/example_dags/example_branch_labels.py for tasks to queue
[2025-09-03T20:11:20.998+0200] {logging_mixin.py:137} INFO - [2025-09-03T20:11:20.997+0200] {dagbag.py:532} INFO - Filling up the DagBag from /home/varun/miniconda3/envs/python38/lib/python3.8/site-packages/airflow/example_dags/example_branch_labels.py
[2025-09-03T20:11:21.013+0200] {processor.py:753} INFO - DAG(s) dict_keys(['example_branch_labels']) retrieved from /home/varun/miniconda3/envs/python38/lib/python3.8/site-packages/airflow/example_dags/example_branch_labels.py
[2025-09-03T20:11:21.033+0200] {logging_mixin.py:137} INFO - [2025-09-03T20:11:21.032+0200] {dag.py:2705} INFO - Sync 1 DAGs
[2025-09-03T20:11:21.049+0200] {logging_mixin.py:137} INFO - [2025-09-03T20:11:21.049+0200] {dag.py:3452} INFO - Setting next_dagrun for example_branch_labels to 2025-09-02T00:00:00+00:00, run_after=2025-09-03T00:00:00+00:00
[2025-09-03T20:11:21.070+0200] {processor.py:175} INFO - Processing /home/varun/miniconda3/envs/python38/lib/python3.8/site-packages/airflow/example_dags/example_branch_labels.py took 0.077 seconds
[2025-09-03T20:12:06.428+0200] {processor.py:153} INFO - Started process (PID=4664) to work on /home/varun/miniconda3/envs/python38/lib/python3.8/site-packages/airflow/example_dags/example_branch_labels.py
[2025-09-03T20:12:06.430+0200] {processor.py:743} INFO - Processing file /home/varun/miniconda3/envs/python38/lib/python3.8/site-packages/airflow/example_dags/example_branch_labels.py for tasks to queue
[2025-09-03T20:12:06.431+0200] {logging_mixin.py:137} INFO - [2025-09-03T20:12:06.431+0200] {dagbag.py:532} INFO - Filling up the DagBag from /home/varun/miniconda3/envs/python38/lib/python3.8/site-packages/airflow/example_dags/example_branch_labels.py
[2025-09-03T20:12:06.449+0200] {processor.py:753} INFO - DAG(s) dict_keys(['example_branch_labels']) retrieved from /home/varun/miniconda3/envs/python38/lib/python3.8/site-packages/airflow/example_dags/example_branch_labels.py
[2025-09-03T20:12:06.488+0200] {logging_mixin.py:137} INFO - [2025-09-03T20:12:06.488+0200] {dag.py:2705} INFO - Sync 1 DAGs
[2025-09-03T20:12:06.521+0200] {logging_mixin.py:137} INFO - [2025-09-03T20:12:06.521+0200] {dag.py:3452} INFO - Setting next_dagrun for example_branch_labels to 2025-09-02T00:00:00+00:00, run_after=2025-09-03T00:00:00+00:00
[2025-09-03T20:12:06.552+0200] {processor.py:175} INFO - Processing /home/varun/miniconda3/envs/python38/lib/python3.8/site-packages/airflow/example_dags/example_branch_labels.py took 0.129 seconds
[2025-09-03T20:12:56.731+0200] {processor.py:153} INFO - Started process (PID=4707) to work on /home/varun/miniconda3/envs/python38/lib/python3.8/site-packages/airflow/example_dags/example_branch_labels.py
[2025-09-03T20:12:56.733+0200] {processor.py:743} INFO - Processing file /home/varun/miniconda3/envs/python38/lib/python3.8/site-packages/airflow/example_dags/example_branch_labels.py for tasks to queue
[2025-09-03T20:12:56.733+0200] {logging_mixin.py:137} INFO - [2025-09-03T20:12:56.733+0200] {dagbag.py:532} INFO - Filling up the DagBag from /home/varun/miniconda3/envs/python38/lib/python3.8/site-packages/airflow/example_dags/example_branch_labels.py
[2025-09-03T20:12:56.747+0200] {processor.py:753} INFO - DAG(s) dict_keys(['example_branch_labels']) retrieved from /home/varun/miniconda3/envs/python38/lib/python3.8/site-packages/airflow/example_dags/example_branch_labels.py
[2025-09-03T20:12:56.766+0200] {logging_mixin.py:137} INFO - [2025-09-03T20:12:56.766+0200] {dag.py:2705} INFO - Sync 1 DAGs
[2025-09-03T20:12:56.781+0200] {logging_mixin.py:137} INFO - [2025-09-03T20:12:56.781+0200] {dag.py:3452} INFO - Setting next_dagrun for example_branch_labels to 2025-09-02T00:00:00+00:00, run_after=2025-09-03T00:00:00+00:00
[2025-09-03T20:12:56.803+0200] {processor.py:175} INFO - Processing /home/varun/miniconda3/envs/python38/lib/python3.8/site-packages/airflow/example_dags/example_branch_labels.py took 0.075 seconds
[2025-09-03T20:13:42.805+0200] {processor.py:153} INFO - Started process (PID=4749) to work on /home/varun/miniconda3/envs/python38/lib/python3.8/site-packages/airflow/example_dags/example_branch_labels.py
[2025-09-03T20:13:42.807+0200] {processor.py:743} INFO - Processing file /home/varun/miniconda3/envs/python38/lib/python3.8/site-packages/airflow/example_dags/example_branch_labels.py for tasks to queue
[2025-09-03T20:13:42.808+0200] {logging_mixin.py:137} INFO - [2025-09-03T20:13:42.808+0200] {dagbag.py:532} INFO - Filling up the DagBag from /home/varun/miniconda3/envs/python38/lib/python3.8/site-packages/airflow/example_dags/example_branch_labels.py
[2025-09-03T20:13:42.821+0200] {processor.py:753} INFO - DAG(s) dict_keys(['example_branch_labels']) retrieved from /home/varun/miniconda3/envs/python38/lib/python3.8/site-packages/airflow/example_dags/example_branch_labels.py
[2025-09-03T20:13:42.840+0200] {logging_mixin.py:137} INFO - [2025-09-03T20:13:42.840+0200] {dag.py:2705} INFO - Sync 1 DAGs
[2025-09-03T20:13:42.857+0200] {logging_mixin.py:137} INFO - [2025-09-03T20:13:42.857+0200] {dag.py:3452} INFO - Setting next_dagrun for example_branch_labels to 2025-09-02T00:00:00+00:00, run_after=2025-09-03T00:00:00+00:00
[2025-09-03T20:13:42.877+0200] {processor.py:175} INFO - Processing /home/varun/miniconda3/envs/python38/lib/python3.8/site-packages/airflow/example_dags/example_branch_labels.py took 0.075 seconds
[2025-09-03T20:14:26.510+0200] {processor.py:153} INFO - Started process (PID=4791) to work on /home/varun/miniconda3/envs/python38/lib/python3.8/site-packages/airflow/example_dags/example_branch_labels.py
[2025-09-03T20:14:26.512+0200] {processor.py:743} INFO - Processing file /home/varun/miniconda3/envs/python38/lib/python3.8/site-packages/airflow/example_dags/example_branch_labels.py for tasks to queue
[2025-09-03T20:14:26.512+0200] {logging_mixin.py:137} INFO - [2025-09-03T20:14:26.512+0200] {dagbag.py:532} INFO - Filling up the DagBag from /home/varun/miniconda3/envs/python38/lib/python3.8/site-packages/airflow/example_dags/example_branch_labels.py
[2025-09-03T20:14:26.527+0200] {processor.py:753} INFO - DAG(s) dict_keys(['example_branch_labels']) retrieved from /home/varun/miniconda3/envs/python38/lib/python3.8/site-packages/airflow/example_dags/example_branch_labels.py
[2025-09-03T20:14:26.546+0200] {logging_mixin.py:137} INFO - [2025-09-03T20:14:26.546+0200] {dag.py:2705} INFO - Sync 1 DAGs
[2025-09-03T20:14:26.562+0200] {logging_mixin.py:137} INFO - [2025-09-03T20:14:26.562+0200] {dag.py:3452} INFO - Setting next_dagrun for example_branch_labels to 2025-09-02T00:00:00+00:00, run_after=2025-09-03T00:00:00+00:00
[2025-09-03T20:14:26.583+0200] {processor.py:175} INFO - Processing /home/varun/miniconda3/envs/python38/lib/python3.8/site-packages/airflow/example_dags/example_branch_labels.py took 0.076 seconds
[2025-09-03T20:15:09.674+0200] {processor.py:153} INFO - Started process (PID=4833) to work on /home/varun/miniconda3/envs/python38/lib/python3.8/site-packages/airflow/example_dags/example_branch_labels.py
[2025-09-03T20:15:09.676+0200] {processor.py:743} INFO - Processing file /home/varun/miniconda3/envs/python38/lib/python3.8/site-packages/airflow/example_dags/example_branch_labels.py for tasks to queue
[2025-09-03T20:15:09.677+0200] {logging_mixin.py:137} INFO - [2025-09-03T20:15:09.677+0200] {dagbag.py:532} INFO - Filling up the DagBag from /home/varun/miniconda3/envs/python38/lib/python3.8/site-packages/airflow/example_dags/example_branch_labels.py
[2025-09-03T20:15:09.690+0200] {processor.py:753} INFO - DAG(s) dict_keys(['example_branch_labels']) retrieved from /home/varun/miniconda3/envs/python38/lib/python3.8/site-packages/airflow/example_dags/example_branch_labels.py
[2025-09-03T20:15:09.711+0200] {logging_mixin.py:137} INFO - [2025-09-03T20:15:09.711+0200] {dag.py:2705} INFO - Sync 1 DAGs
[2025-09-03T20:15:09.729+0200] {logging_mixin.py:137} INFO - [2025-09-03T20:15:09.729+0200] {dag.py:3452} INFO - Setting next_dagrun for example_branch_labels to 2025-09-02T00:00:00+00:00, run_after=2025-09-03T00:00:00+00:00
[2025-09-03T20:15:09.751+0200] {processor.py:175} INFO - Processing /home/varun/miniconda3/envs/python38/lib/python3.8/site-packages/airflow/example_dags/example_branch_labels.py took 0.080 seconds
[2025-09-03T20:15:58.192+0200] {processor.py:153} INFO - Started process (PID=4875) to work on /home/varun/miniconda3/envs/python38/lib/python3.8/site-packages/airflow/example_dags/example_branch_labels.py
[2025-09-03T20:15:58.193+0200] {processor.py:743} INFO - Processing file /home/varun/miniconda3/envs/python38/lib/python3.8/site-packages/airflow/example_dags/example_branch_labels.py for tasks to queue
[2025-09-03T20:15:58.194+0200] {logging_mixin.py:137} INFO - [2025-09-03T20:15:58.194+0200] {dagbag.py:532} INFO - Filling up the DagBag from /home/varun/miniconda3/envs/python38/lib/python3.8/site-packages/airflow/example_dags/example_branch_labels.py
[2025-09-03T20:15:58.208+0200] {processor.py:753} INFO - DAG(s) dict_keys(['example_branch_labels']) retrieved from /home/varun/miniconda3/envs/python38/lib/python3.8/site-packages/airflow/example_dags/example_branch_labels.py
[2025-09-03T20:15:58.230+0200] {logging_mixin.py:137} INFO - [2025-09-03T20:15:58.230+0200] {dag.py:2705} INFO - Sync 1 DAGs
[2025-09-03T20:15:58.252+0200] {logging_mixin.py:137} INFO - [2025-09-03T20:15:58.252+0200] {dag.py:3452} INFO - Setting next_dagrun for example_branch_labels to 2025-09-02T00:00:00+00:00, run_after=2025-09-03T00:00:00+00:00
[2025-09-03T20:15:58.275+0200] {processor.py:175} INFO - Processing /home/varun/miniconda3/envs/python38/lib/python3.8/site-packages/airflow/example_dags/example_branch_labels.py took 0.087 seconds
[2025-09-03T20:16:42.890+0200] {processor.py:153} INFO - Started process (PID=4917) to work on /home/varun/miniconda3/envs/python38/lib/python3.8/site-packages/airflow/example_dags/example_branch_labels.py
[2025-09-03T20:16:42.892+0200] {processor.py:743} INFO - Processing file /home/varun/miniconda3/envs/python38/lib/python3.8/site-packages/airflow/example_dags/example_branch_labels.py for tasks to queue
[2025-09-03T20:16:42.893+0200] {logging_mixin.py:137} INFO - [2025-09-03T20:16:42.893+0200] {dagbag.py:532} INFO - Filling up the DagBag from /home/varun/miniconda3/envs/python38/lib/python3.8/site-packages/airflow/example_dags/example_branch_labels.py
[2025-09-03T20:16:42.906+0200] {processor.py:753} INFO - DAG(s) dict_keys(['example_branch_labels']) retrieved from /home/varun/miniconda3/envs/python38/lib/python3.8/site-packages/airflow/example_dags/example_branch_labels.py
[2025-09-03T20:16:42.923+0200] {logging_mixin.py:137} INFO - [2025-09-03T20:16:42.923+0200] {dag.py:2705} INFO - Sync 1 DAGs
[2025-09-03T20:16:42.940+0200] {logging_mixin.py:137} INFO - [2025-09-03T20:16:42.940+0200] {dag.py:3452} INFO - Setting next_dagrun for example_branch_labels to 2025-09-02T00:00:00+00:00, run_after=2025-09-03T00:00:00+00:00
[2025-09-03T20:16:42.959+0200] {processor.py:175} INFO - Processing /home/varun/miniconda3/envs/python38/lib/python3.8/site-packages/airflow/example_dags/example_branch_labels.py took 0.071 seconds
[2025-09-03T20:17:29.325+0200] {processor.py:153} INFO - Started process (PID=4962) to work on /home/varun/miniconda3/envs/python38/lib/python3.8/site-packages/airflow/example_dags/example_branch_labels.py
[2025-09-03T20:17:29.327+0200] {processor.py:743} INFO - Processing file /home/varun/miniconda3/envs/python38/lib/python3.8/site-packages/airflow/example_dags/example_branch_labels.py for tasks to queue
[2025-09-03T20:17:29.327+0200] {logging_mixin.py:137} INFO - [2025-09-03T20:17:29.327+0200] {dagbag.py:532} INFO - Filling up the DagBag from /home/varun/miniconda3/envs/python38/lib/python3.8/site-packages/airflow/example_dags/example_branch_labels.py
[2025-09-03T20:17:29.340+0200] {processor.py:753} INFO - DAG(s) dict_keys(['example_branch_labels']) retrieved from /home/varun/miniconda3/envs/python38/lib/python3.8/site-packages/airflow/example_dags/example_branch_labels.py
[2025-09-03T20:17:29.359+0200] {logging_mixin.py:137} INFO - [2025-09-03T20:17:29.358+0200] {dag.py:2705} INFO - Sync 1 DAGs
[2025-09-03T20:17:29.374+0200] {logging_mixin.py:137} INFO - [2025-09-03T20:17:29.374+0200] {dag.py:3452} INFO - Setting next_dagrun for example_branch_labels to 2025-09-02T00:00:00+00:00, run_after=2025-09-03T00:00:00+00:00
[2025-09-03T20:17:29.397+0200] {processor.py:175} INFO - Processing /home/varun/miniconda3/envs/python38/lib/python3.8/site-packages/airflow/example_dags/example_branch_labels.py took 0.075 seconds
[2025-09-03T20:18:12.013+0200] {processor.py:153} INFO - Started process (PID=5005) to work on /home/varun/miniconda3/envs/python38/lib/python3.8/site-packages/airflow/example_dags/example_branch_labels.py
[2025-09-03T20:18:12.015+0200] {processor.py:743} INFO - Processing file /home/varun/miniconda3/envs/python38/lib/python3.8/site-packages/airflow/example_dags/example_branch_labels.py for tasks to queue
[2025-09-03T20:18:12.015+0200] {logging_mixin.py:137} INFO - [2025-09-03T20:18:12.015+0200] {dagbag.py:532} INFO - Filling up the DagBag from /home/varun/miniconda3/envs/python38/lib/python3.8/site-packages/airflow/example_dags/example_branch_labels.py
[2025-09-03T20:18:12.030+0200] {processor.py:753} INFO - DAG(s) dict_keys(['example_branch_labels']) retrieved from /home/varun/miniconda3/envs/python38/lib/python3.8/site-packages/airflow/example_dags/example_branch_labels.py
[2025-09-03T20:18:12.053+0200] {logging_mixin.py:137} INFO - [2025-09-03T20:18:12.053+0200] {dag.py:2705} INFO - Sync 1 DAGs
[2025-09-03T20:18:12.074+0200] {logging_mixin.py:137} INFO - [2025-09-03T20:18:12.074+0200] {dag.py:3452} INFO - Setting next_dagrun for example_branch_labels to 2025-09-02T00:00:00+00:00, run_after=2025-09-03T00:00:00+00:00
[2025-09-03T20:18:12.097+0200] {processor.py:175} INFO - Processing /home/varun/miniconda3/envs/python38/lib/python3.8/site-packages/airflow/example_dags/example_branch_labels.py took 0.087 seconds
[2025-09-03T20:19:03.308+0200] {processor.py:153} INFO - Started process (PID=5047) to work on /home/varun/miniconda3/envs/python38/lib/python3.8/site-packages/airflow/example_dags/example_branch_labels.py
[2025-09-03T20:19:03.309+0200] {processor.py:743} INFO - Processing file /home/varun/miniconda3/envs/python38/lib/python3.8/site-packages/airflow/example_dags/example_branch_labels.py for tasks to queue
[2025-09-03T20:19:03.310+0200] {logging_mixin.py:137} INFO - [2025-09-03T20:19:03.310+0200] {dagbag.py:532} INFO - Filling up the DagBag from /home/varun/miniconda3/envs/python38/lib/python3.8/site-packages/airflow/example_dags/example_branch_labels.py
[2025-09-03T20:19:03.325+0200] {processor.py:753} INFO - DAG(s) dict_keys(['example_branch_labels']) retrieved from /home/varun/miniconda3/envs/python38/lib/python3.8/site-packages/airflow/example_dags/example_branch_labels.py
[2025-09-03T20:19:03.353+0200] {logging_mixin.py:137} INFO - [2025-09-03T20:19:03.353+0200] {dag.py:2705} INFO - Sync 1 DAGs
[2025-09-03T20:19:03.380+0200] {logging_mixin.py:137} INFO - [2025-09-03T20:19:03.380+0200] {dag.py:3452} INFO - Setting next_dagrun for example_branch_labels to 2025-09-02T00:00:00+00:00, run_after=2025-09-03T00:00:00+00:00
[2025-09-03T20:19:03.407+0200] {processor.py:175} INFO - Processing /home/varun/miniconda3/envs/python38/lib/python3.8/site-packages/airflow/example_dags/example_branch_labels.py took 0.103 seconds
[2025-09-03T20:19:51.880+0200] {processor.py:153} INFO - Started process (PID=5089) to work on /home/varun/miniconda3/envs/python38/lib/python3.8/site-packages/airflow/example_dags/example_branch_labels.py
[2025-09-03T20:19:51.882+0200] {processor.py:743} INFO - Processing file /home/varun/miniconda3/envs/python38/lib/python3.8/site-packages/airflow/example_dags/example_branch_labels.py for tasks to queue
[2025-09-03T20:19:51.882+0200] {logging_mixin.py:137} INFO - [2025-09-03T20:19:51.882+0200] {dagbag.py:532} INFO - Filling up the DagBag from /home/varun/miniconda3/envs/python38/lib/python3.8/site-packages/airflow/example_dags/example_branch_labels.py
[2025-09-03T20:19:51.899+0200] {processor.py:753} INFO - DAG(s) dict_keys(['example_branch_labels']) retrieved from /home/varun/miniconda3/envs/python38/lib/python3.8/site-packages/airflow/example_dags/example_branch_labels.py
[2025-09-03T20:19:51.922+0200] {logging_mixin.py:137} INFO - [2025-09-03T20:19:51.922+0200] {dag.py:2705} INFO - Sync 1 DAGs
[2025-09-03T20:19:51.941+0200] {logging_mixin.py:137} INFO - [2025-09-03T20:19:51.941+0200] {dag.py:3452} INFO - Setting next_dagrun for example_branch_labels to 2025-09-02T00:00:00+00:00, run_after=2025-09-03T00:00:00+00:00
[2025-09-03T20:19:52.063+0200] {processor.py:175} INFO - Processing /home/varun/miniconda3/envs/python38/lib/python3.8/site-packages/airflow/example_dags/example_branch_labels.py took 0.188 seconds
[2025-09-03T20:20:45.455+0200] {processor.py:153} INFO - Started process (PID=5131) to work on /home/varun/miniconda3/envs/python38/lib/python3.8/site-packages/airflow/example_dags/example_branch_labels.py
[2025-09-03T20:20:45.456+0200] {processor.py:743} INFO - Processing file /home/varun/miniconda3/envs/python38/lib/python3.8/site-packages/airflow/example_dags/example_branch_labels.py for tasks to queue
[2025-09-03T20:20:45.457+0200] {logging_mixin.py:137} INFO - [2025-09-03T20:20:45.457+0200] {dagbag.py:532} INFO - Filling up the DagBag from /home/varun/miniconda3/envs/python38/lib/python3.8/site-packages/airflow/example_dags/example_branch_labels.py
[2025-09-03T20:20:45.469+0200] {processor.py:753} INFO - DAG(s) dict_keys(['example_branch_labels']) retrieved from /home/varun/miniconda3/envs/python38/lib/python3.8/site-packages/airflow/example_dags/example_branch_labels.py
[2025-09-03T20:20:45.486+0200] {logging_mixin.py:137} INFO - [2025-09-03T20:20:45.485+0200] {dag.py:2705} INFO - Sync 1 DAGs
[2025-09-03T20:20:45.582+0200] {logging_mixin.py:137} INFO - [2025-09-03T20:20:45.582+0200] {dag.py:3452} INFO - Setting next_dagrun for example_branch_labels to 2025-09-02T00:00:00+00:00, run_after=2025-09-03T00:00:00+00:00
[2025-09-03T20:20:45.607+0200] {processor.py:175} INFO - Processing /home/varun/miniconda3/envs/python38/lib/python3.8/site-packages/airflow/example_dags/example_branch_labels.py took 0.155 seconds
[2025-09-03T20:21:34.646+0200] {processor.py:153} INFO - Started process (PID=5173) to work on /home/varun/miniconda3/envs/python38/lib/python3.8/site-packages/airflow/example_dags/example_branch_labels.py
[2025-09-03T20:21:34.648+0200] {processor.py:743} INFO - Processing file /home/varun/miniconda3/envs/python38/lib/python3.8/site-packages/airflow/example_dags/example_branch_labels.py for tasks to queue
[2025-09-03T20:21:34.649+0200] {logging_mixin.py:137} INFO - [2025-09-03T20:21:34.649+0200] {dagbag.py:532} INFO - Filling up the DagBag from /home/varun/miniconda3/envs/python38/lib/python3.8/site-packages/airflow/example_dags/example_branch_labels.py
[2025-09-03T20:21:34.663+0200] {processor.py:753} INFO - DAG(s) dict_keys(['example_branch_labels']) retrieved from /home/varun/miniconda3/envs/python38/lib/python3.8/site-packages/airflow/example_dags/example_branch_labels.py
[2025-09-03T20:21:34.803+0200] {logging_mixin.py:137} INFO - [2025-09-03T20:21:34.803+0200] {dag.py:2705} INFO - Sync 1 DAGs
[2025-09-03T20:21:34.822+0200] {logging_mixin.py:137} INFO - [2025-09-03T20:21:34.822+0200] {dag.py:3452} INFO - Setting next_dagrun for example_branch_labels to 2025-09-02T00:00:00+00:00, run_after=2025-09-03T00:00:00+00:00
[2025-09-03T20:21:34.844+0200] {processor.py:175} INFO - Processing /home/varun/miniconda3/envs/python38/lib/python3.8/site-packages/airflow/example_dags/example_branch_labels.py took 0.201 seconds
[2025-09-03T20:22:24.855+0200] {processor.py:153} INFO - Started process (PID=5215) to work on /home/varun/miniconda3/envs/python38/lib/python3.8/site-packages/airflow/example_dags/example_branch_labels.py
[2025-09-03T20:22:24.856+0200] {processor.py:743} INFO - Processing file /home/varun/miniconda3/envs/python38/lib/python3.8/site-packages/airflow/example_dags/example_branch_labels.py for tasks to queue
[2025-09-03T20:22:24.857+0200] {logging_mixin.py:137} INFO - [2025-09-03T20:22:24.857+0200] {dagbag.py:532} INFO - Filling up the DagBag from /home/varun/miniconda3/envs/python38/lib/python3.8/site-packages/airflow/example_dags/example_branch_labels.py
[2025-09-03T20:22:24.872+0200] {processor.py:753} INFO - DAG(s) dict_keys(['example_branch_labels']) retrieved from /home/varun/miniconda3/envs/python38/lib/python3.8/site-packages/airflow/example_dags/example_branch_labels.py
[2025-09-03T20:22:24.983+0200] {logging_mixin.py:137} INFO - [2025-09-03T20:22:24.983+0200] {dag.py:2705} INFO - Sync 1 DAGs
[2025-09-03T20:22:24.996+0200] {logging_mixin.py:137} INFO - [2025-09-03T20:22:24.996+0200] {dag.py:3452} INFO - Setting next_dagrun for example_branch_labels to 2025-09-02T00:00:00+00:00, run_after=2025-09-03T00:00:00+00:00
[2025-09-03T20:22:25.017+0200] {processor.py:175} INFO - Processing /home/varun/miniconda3/envs/python38/lib/python3.8/site-packages/airflow/example_dags/example_branch_labels.py took 0.166 seconds
[2025-09-03T20:23:17.356+0200] {processor.py:153} INFO - Started process (PID=5257) to work on /home/varun/miniconda3/envs/python38/lib/python3.8/site-packages/airflow/example_dags/example_branch_labels.py
[2025-09-03T20:23:17.357+0200] {processor.py:743} INFO - Processing file /home/varun/miniconda3/envs/python38/lib/python3.8/site-packages/airflow/example_dags/example_branch_labels.py for tasks to queue
[2025-09-03T20:23:17.461+0200] {logging_mixin.py:137} INFO - [2025-09-03T20:23:17.461+0200] {dagbag.py:532} INFO - Filling up the DagBag from /home/varun/miniconda3/envs/python38/lib/python3.8/site-packages/airflow/example_dags/example_branch_labels.py
[2025-09-03T20:23:17.471+0200] {processor.py:753} INFO - DAG(s) dict_keys(['example_branch_labels']) retrieved from /home/varun/miniconda3/envs/python38/lib/python3.8/site-packages/airflow/example_dags/example_branch_labels.py
[2025-09-03T20:23:17.485+0200] {logging_mixin.py:137} INFO - [2025-09-03T20:23:17.485+0200] {dag.py:2705} INFO - Sync 1 DAGs
[2025-09-03T20:23:17.500+0200] {logging_mixin.py:137} INFO - [2025-09-03T20:23:17.500+0200] {dag.py:3452} INFO - Setting next_dagrun for example_branch_labels to 2025-09-02T00:00:00+00:00, run_after=2025-09-03T00:00:00+00:00
[2025-09-03T20:23:17.521+0200] {processor.py:175} INFO - Processing /home/varun/miniconda3/envs/python38/lib/python3.8/site-packages/airflow/example_dags/example_branch_labels.py took 0.169 seconds
[2025-09-03T20:24:02.295+0200] {processor.py:153} INFO - Started process (PID=5300) to work on /home/varun/miniconda3/envs/python38/lib/python3.8/site-packages/airflow/example_dags/example_branch_labels.py
[2025-09-03T20:24:02.297+0200] {processor.py:743} INFO - Processing file /home/varun/miniconda3/envs/python38/lib/python3.8/site-packages/airflow/example_dags/example_branch_labels.py for tasks to queue
[2025-09-03T20:24:02.297+0200] {logging_mixin.py:137} INFO - [2025-09-03T20:24:02.297+0200] {dagbag.py:532} INFO - Filling up the DagBag from /home/varun/miniconda3/envs/python38/lib/python3.8/site-packages/airflow/example_dags/example_branch_labels.py
[2025-09-03T20:24:02.311+0200] {processor.py:753} INFO - DAG(s) dict_keys(['example_branch_labels']) retrieved from /home/varun/miniconda3/envs/python38/lib/python3.8/site-packages/airflow/example_dags/example_branch_labels.py
[2025-09-03T20:24:02.328+0200] {logging_mixin.py:137} INFO - [2025-09-03T20:24:02.328+0200] {dag.py:2705} INFO - Sync 1 DAGs
[2025-09-03T20:24:02.345+0200] {logging_mixin.py:137} INFO - [2025-09-03T20:24:02.344+0200] {dag.py:3452} INFO - Setting next_dagrun for example_branch_labels to 2025-09-02T00:00:00+00:00, run_after=2025-09-03T00:00:00+00:00
[2025-09-03T20:24:02.365+0200] {processor.py:175} INFO - Processing /home/varun/miniconda3/envs/python38/lib/python3.8/site-packages/airflow/example_dags/example_branch_labels.py took 0.073 seconds
[2025-09-03T20:24:52.124+0200] {processor.py:153} INFO - Started process (PID=5342) to work on /home/varun/miniconda3/envs/python38/lib/python3.8/site-packages/airflow/example_dags/example_branch_labels.py
[2025-09-03T20:24:52.126+0200] {processor.py:743} INFO - Processing file /home/varun/miniconda3/envs/python38/lib/python3.8/site-packages/airflow/example_dags/example_branch_labels.py for tasks to queue
[2025-09-03T20:24:52.126+0200] {logging_mixin.py:137} INFO - [2025-09-03T20:24:52.126+0200] {dagbag.py:532} INFO - Filling up the DagBag from /home/varun/miniconda3/envs/python38/lib/python3.8/site-packages/airflow/example_dags/example_branch_labels.py
[2025-09-03T20:24:52.139+0200] {processor.py:753} INFO - DAG(s) dict_keys(['example_branch_labels']) retrieved from /home/varun/miniconda3/envs/python38/lib/python3.8/site-packages/airflow/example_dags/example_branch_labels.py
[2025-09-03T20:24:52.156+0200] {logging_mixin.py:137} INFO - [2025-09-03T20:24:52.155+0200] {dag.py:2705} INFO - Sync 1 DAGs
[2025-09-03T20:24:52.171+0200] {logging_mixin.py:137} INFO - [2025-09-03T20:24:52.171+0200] {dag.py:3452} INFO - Setting next_dagrun for example_branch_labels to 2025-09-02T00:00:00+00:00, run_after=2025-09-03T00:00:00+00:00
[2025-09-03T20:24:52.190+0200] {processor.py:175} INFO - Processing /home/varun/miniconda3/envs/python38/lib/python3.8/site-packages/airflow/example_dags/example_branch_labels.py took 0.069 seconds
[2025-09-03T20:25:35.765+0200] {processor.py:153} INFO - Started process (PID=5384) to work on /home/varun/miniconda3/envs/python38/lib/python3.8/site-packages/airflow/example_dags/example_branch_labels.py
[2025-09-03T20:25:35.767+0200] {processor.py:743} INFO - Processing file /home/varun/miniconda3/envs/python38/lib/python3.8/site-packages/airflow/example_dags/example_branch_labels.py for tasks to queue
[2025-09-03T20:25:35.767+0200] {logging_mixin.py:137} INFO - [2025-09-03T20:25:35.767+0200] {dagbag.py:532} INFO - Filling up the DagBag from /home/varun/miniconda3/envs/python38/lib/python3.8/site-packages/airflow/example_dags/example_branch_labels.py
[2025-09-03T20:25:35.780+0200] {processor.py:753} INFO - DAG(s) dict_keys(['example_branch_labels']) retrieved from /home/varun/miniconda3/envs/python38/lib/python3.8/site-packages/airflow/example_dags/example_branch_labels.py
[2025-09-03T20:25:35.798+0200] {logging_mixin.py:137} INFO - [2025-09-03T20:25:35.798+0200] {dag.py:2705} INFO - Sync 1 DAGs
[2025-09-03T20:25:35.815+0200] {logging_mixin.py:137} INFO - [2025-09-03T20:25:35.815+0200] {dag.py:3452} INFO - Setting next_dagrun for example_branch_labels to 2025-09-02T00:00:00+00:00, run_after=2025-09-03T00:00:00+00:00
[2025-09-03T20:25:35.837+0200] {processor.py:175} INFO - Processing /home/varun/miniconda3/envs/python38/lib/python3.8/site-packages/airflow/example_dags/example_branch_labels.py took 0.074 seconds
[2025-09-03T20:26:20.229+0200] {processor.py:153} INFO - Started process (PID=5426) to work on /home/varun/miniconda3/envs/python38/lib/python3.8/site-packages/airflow/example_dags/example_branch_labels.py
[2025-09-03T20:26:20.231+0200] {processor.py:743} INFO - Processing file /home/varun/miniconda3/envs/python38/lib/python3.8/site-packages/airflow/example_dags/example_branch_labels.py for tasks to queue
[2025-09-03T20:26:20.231+0200] {logging_mixin.py:137} INFO - [2025-09-03T20:26:20.231+0200] {dagbag.py:532} INFO - Filling up the DagBag from /home/varun/miniconda3/envs/python38/lib/python3.8/site-packages/airflow/example_dags/example_branch_labels.py
[2025-09-03T20:26:20.244+0200] {processor.py:753} INFO - DAG(s) dict_keys(['example_branch_labels']) retrieved from /home/varun/miniconda3/envs/python38/lib/python3.8/site-packages/airflow/example_dags/example_branch_labels.py
[2025-09-03T20:26:20.262+0200] {logging_mixin.py:137} INFO - [2025-09-03T20:26:20.262+0200] {dag.py:2705} INFO - Sync 1 DAGs
[2025-09-03T20:26:20.277+0200] {logging_mixin.py:137} INFO - [2025-09-03T20:26:20.277+0200] {dag.py:3452} INFO - Setting next_dagrun for example_branch_labels to 2025-09-02T00:00:00+00:00, run_after=2025-09-03T00:00:00+00:00
[2025-09-03T20:26:20.296+0200] {processor.py:175} INFO - Processing /home/varun/miniconda3/envs/python38/lib/python3.8/site-packages/airflow/example_dags/example_branch_labels.py took 0.070 seconds
[2025-09-03T20:27:06.614+0200] {processor.py:153} INFO - Started process (PID=5468) to work on /home/varun/miniconda3/envs/python38/lib/python3.8/site-packages/airflow/example_dags/example_branch_labels.py
[2025-09-03T20:27:06.616+0200] {processor.py:743} INFO - Processing file /home/varun/miniconda3/envs/python38/lib/python3.8/site-packages/airflow/example_dags/example_branch_labels.py for tasks to queue
[2025-09-03T20:27:06.616+0200] {logging_mixin.py:137} INFO - [2025-09-03T20:27:06.616+0200] {dagbag.py:532} INFO - Filling up the DagBag from /home/varun/miniconda3/envs/python38/lib/python3.8/site-packages/airflow/example_dags/example_branch_labels.py
[2025-09-03T20:27:06.630+0200] {processor.py:753} INFO - DAG(s) dict_keys(['example_branch_labels']) retrieved from /home/varun/miniconda3/envs/python38/lib/python3.8/site-packages/airflow/example_dags/example_branch_labels.py
[2025-09-03T20:27:06.652+0200] {logging_mixin.py:137} INFO - [2025-09-03T20:27:06.652+0200] {dag.py:2705} INFO - Sync 1 DAGs
[2025-09-03T20:27:06.670+0200] {logging_mixin.py:137} INFO - [2025-09-03T20:27:06.670+0200] {dag.py:3452} INFO - Setting next_dagrun for example_branch_labels to 2025-09-02T00:00:00+00:00, run_after=2025-09-03T00:00:00+00:00
[2025-09-03T20:27:06.693+0200] {processor.py:175} INFO - Processing /home/varun/miniconda3/envs/python38/lib/python3.8/site-packages/airflow/example_dags/example_branch_labels.py took 0.082 seconds
[2025-09-03T20:27:55.685+0200] {processor.py:153} INFO - Started process (PID=5510) to work on /home/varun/miniconda3/envs/python38/lib/python3.8/site-packages/airflow/example_dags/example_branch_labels.py
[2025-09-03T20:27:55.687+0200] {processor.py:743} INFO - Processing file /home/varun/miniconda3/envs/python38/lib/python3.8/site-packages/airflow/example_dags/example_branch_labels.py for tasks to queue
[2025-09-03T20:27:55.687+0200] {logging_mixin.py:137} INFO - [2025-09-03T20:27:55.687+0200] {dagbag.py:532} INFO - Filling up the DagBag from /home/varun/miniconda3/envs/python38/lib/python3.8/site-packages/airflow/example_dags/example_branch_labels.py
[2025-09-03T20:27:55.701+0200] {processor.py:753} INFO - DAG(s) dict_keys(['example_branch_labels']) retrieved from /home/varun/miniconda3/envs/python38/lib/python3.8/site-packages/airflow/example_dags/example_branch_labels.py
[2025-09-03T20:27:55.719+0200] {logging_mixin.py:137} INFO - [2025-09-03T20:27:55.718+0200] {dag.py:2705} INFO - Sync 1 DAGs
[2025-09-03T20:27:55.735+0200] {logging_mixin.py:137} INFO - [2025-09-03T20:27:55.735+0200] {dag.py:3452} INFO - Setting next_dagrun for example_branch_labels to 2025-09-02T00:00:00+00:00, run_after=2025-09-03T00:00:00+00:00
[2025-09-03T20:27:55.756+0200] {processor.py:175} INFO - Processing /home/varun/miniconda3/envs/python38/lib/python3.8/site-packages/airflow/example_dags/example_branch_labels.py took 0.074 seconds
[2025-09-03T20:28:41.942+0200] {processor.py:153} INFO - Started process (PID=5552) to work on /home/varun/miniconda3/envs/python38/lib/python3.8/site-packages/airflow/example_dags/example_branch_labels.py
[2025-09-03T20:28:41.944+0200] {processor.py:743} INFO - Processing file /home/varun/miniconda3/envs/python38/lib/python3.8/site-packages/airflow/example_dags/example_branch_labels.py for tasks to queue
[2025-09-03T20:28:41.944+0200] {logging_mixin.py:137} INFO - [2025-09-03T20:28:41.944+0200] {dagbag.py:532} INFO - Filling up the DagBag from /home/varun/miniconda3/envs/python38/lib/python3.8/site-packages/airflow/example_dags/example_branch_labels.py
[2025-09-03T20:28:41.957+0200] {processor.py:753} INFO - DAG(s) dict_keys(['example_branch_labels']) retrieved from /home/varun/miniconda3/envs/python38/lib/python3.8/site-packages/airflow/example_dags/example_branch_labels.py
[2025-09-03T20:28:41.981+0200] {logging_mixin.py:137} INFO - [2025-09-03T20:28:41.981+0200] {dag.py:2705} INFO - Sync 1 DAGs
[2025-09-03T20:28:42.003+0200] {logging_mixin.py:137} INFO - [2025-09-03T20:28:42.002+0200] {dag.py:3452} INFO - Setting next_dagrun for example_branch_labels to 2025-09-02T00:00:00+00:00, run_after=2025-09-03T00:00:00+00:00
[2025-09-03T20:28:42.028+0200] {processor.py:175} INFO - Processing /home/varun/miniconda3/envs/python38/lib/python3.8/site-packages/airflow/example_dags/example_branch_labels.py took 0.089 seconds
[2025-09-03T20:29:28.351+0200] {processor.py:153} INFO - Started process (PID=5595) to work on /home/varun/miniconda3/envs/python38/lib/python3.8/site-packages/airflow/example_dags/example_branch_labels.py
[2025-09-03T20:29:28.354+0200] {processor.py:743} INFO - Processing file /home/varun/miniconda3/envs/python38/lib/python3.8/site-packages/airflow/example_dags/example_branch_labels.py for tasks to queue
[2025-09-03T20:29:28.355+0200] {logging_mixin.py:137} INFO - [2025-09-03T20:29:28.355+0200] {dagbag.py:532} INFO - Filling up the DagBag from /home/varun/miniconda3/envs/python38/lib/python3.8/site-packages/airflow/example_dags/example_branch_labels.py
[2025-09-03T20:29:28.379+0200] {processor.py:753} INFO - DAG(s) dict_keys(['example_branch_labels']) retrieved from /home/varun/miniconda3/envs/python38/lib/python3.8/site-packages/airflow/example_dags/example_branch_labels.py
[2025-09-03T20:29:28.414+0200] {logging_mixin.py:137} INFO - [2025-09-03T20:29:28.413+0200] {dag.py:2705} INFO - Sync 1 DAGs
[2025-09-03T20:29:28.438+0200] {logging_mixin.py:137} INFO - [2025-09-03T20:29:28.437+0200] {dag.py:3452} INFO - Setting next_dagrun for example_branch_labels to 2025-09-02T00:00:00+00:00, run_after=2025-09-03T00:00:00+00:00
[2025-09-03T20:29:28.468+0200] {processor.py:175} INFO - Processing /home/varun/miniconda3/envs/python38/lib/python3.8/site-packages/airflow/example_dags/example_branch_labels.py took 0.121 seconds
[2025-09-03T20:30:17.202+0200] {processor.py:153} INFO - Started process (PID=5637) to work on /home/varun/miniconda3/envs/python38/lib/python3.8/site-packages/airflow/example_dags/example_branch_labels.py
[2025-09-03T20:30:17.203+0200] {processor.py:743} INFO - Processing file /home/varun/miniconda3/envs/python38/lib/python3.8/site-packages/airflow/example_dags/example_branch_labels.py for tasks to queue
[2025-09-03T20:30:17.204+0200] {logging_mixin.py:137} INFO - [2025-09-03T20:30:17.204+0200] {dagbag.py:532} INFO - Filling up the DagBag from /home/varun/miniconda3/envs/python38/lib/python3.8/site-packages/airflow/example_dags/example_branch_labels.py
[2025-09-03T20:30:17.217+0200] {processor.py:753} INFO - DAG(s) dict_keys(['example_branch_labels']) retrieved from /home/varun/miniconda3/envs/python38/lib/python3.8/site-packages/airflow/example_dags/example_branch_labels.py
[2025-09-03T20:30:17.237+0200] {logging_mixin.py:137} INFO - [2025-09-03T20:30:17.237+0200] {dag.py:2705} INFO - Sync 1 DAGs
[2025-09-03T20:30:17.257+0200] {logging_mixin.py:137} INFO - [2025-09-03T20:30:17.257+0200] {dag.py:3452} INFO - Setting next_dagrun for example_branch_labels to 2025-09-02T00:00:00+00:00, run_after=2025-09-03T00:00:00+00:00
[2025-09-03T20:30:17.280+0200] {processor.py:175} INFO - Processing /home/varun/miniconda3/envs/python38/lib/python3.8/site-packages/airflow/example_dags/example_branch_labels.py took 0.081 seconds
[2025-09-03T20:31:00.547+0200] {processor.py:153} INFO - Started process (PID=5679) to work on /home/varun/miniconda3/envs/python38/lib/python3.8/site-packages/airflow/example_dags/example_branch_labels.py
[2025-09-03T20:31:00.549+0200] {processor.py:743} INFO - Processing file /home/varun/miniconda3/envs/python38/lib/python3.8/site-packages/airflow/example_dags/example_branch_labels.py for tasks to queue
[2025-09-03T20:31:00.549+0200] {logging_mixin.py:137} INFO - [2025-09-03T20:31:00.549+0200] {dagbag.py:532} INFO - Filling up the DagBag from /home/varun/miniconda3/envs/python38/lib/python3.8/site-packages/airflow/example_dags/example_branch_labels.py
[2025-09-03T20:31:00.562+0200] {processor.py:753} INFO - DAG(s) dict_keys(['example_branch_labels']) retrieved from /home/varun/miniconda3/envs/python38/lib/python3.8/site-packages/airflow/example_dags/example_branch_labels.py
[2025-09-03T20:31:00.579+0200] {logging_mixin.py:137} INFO - [2025-09-03T20:31:00.579+0200] {dag.py:2705} INFO - Sync 1 DAGs
[2025-09-03T20:31:00.594+0200] {logging_mixin.py:137} INFO - [2025-09-03T20:31:00.594+0200] {dag.py:3452} INFO - Setting next_dagrun for example_branch_labels to 2025-09-02T00:00:00+00:00, run_after=2025-09-03T00:00:00+00:00
[2025-09-03T20:31:00.614+0200] {processor.py:175} INFO - Processing /home/varun/miniconda3/envs/python38/lib/python3.8/site-packages/airflow/example_dags/example_branch_labels.py took 0.070 seconds
[2025-09-03T20:31:46.248+0200] {processor.py:153} INFO - Started process (PID=5721) to work on /home/varun/miniconda3/envs/python38/lib/python3.8/site-packages/airflow/example_dags/example_branch_labels.py
[2025-09-03T20:31:46.249+0200] {processor.py:743} INFO - Processing file /home/varun/miniconda3/envs/python38/lib/python3.8/site-packages/airflow/example_dags/example_branch_labels.py for tasks to queue
[2025-09-03T20:31:46.250+0200] {logging_mixin.py:137} INFO - [2025-09-03T20:31:46.250+0200] {dagbag.py:532} INFO - Filling up the DagBag from /home/varun/miniconda3/envs/python38/lib/python3.8/site-packages/airflow/example_dags/example_branch_labels.py
[2025-09-03T20:31:46.266+0200] {processor.py:753} INFO - DAG(s) dict_keys(['example_branch_labels']) retrieved from /home/varun/miniconda3/envs/python38/lib/python3.8/site-packages/airflow/example_dags/example_branch_labels.py
[2025-09-03T20:31:46.289+0200] {logging_mixin.py:137} INFO - [2025-09-03T20:31:46.289+0200] {dag.py:2705} INFO - Sync 1 DAGs
[2025-09-03T20:31:46.312+0200] {logging_mixin.py:137} INFO - [2025-09-03T20:31:46.312+0200] {dag.py:3452} INFO - Setting next_dagrun for example_branch_labels to 2025-09-02T00:00:00+00:00, run_after=2025-09-03T00:00:00+00:00
[2025-09-03T20:31:46.336+0200] {processor.py:175} INFO - Processing /home/varun/miniconda3/envs/python38/lib/python3.8/site-packages/airflow/example_dags/example_branch_labels.py took 0.091 seconds
[2025-09-03T20:32:30.434+0200] {processor.py:153} INFO - Started process (PID=5763) to work on /home/varun/miniconda3/envs/python38/lib/python3.8/site-packages/airflow/example_dags/example_branch_labels.py
[2025-09-03T20:32:30.436+0200] {processor.py:743} INFO - Processing file /home/varun/miniconda3/envs/python38/lib/python3.8/site-packages/airflow/example_dags/example_branch_labels.py for tasks to queue
[2025-09-03T20:32:30.436+0200] {logging_mixin.py:137} INFO - [2025-09-03T20:32:30.436+0200] {dagbag.py:532} INFO - Filling up the DagBag from /home/varun/miniconda3/envs/python38/lib/python3.8/site-packages/airflow/example_dags/example_branch_labels.py
[2025-09-03T20:32:30.449+0200] {processor.py:753} INFO - DAG(s) dict_keys(['example_branch_labels']) retrieved from /home/varun/miniconda3/envs/python38/lib/python3.8/site-packages/airflow/example_dags/example_branch_labels.py
[2025-09-03T20:32:30.470+0200] {logging_mixin.py:137} INFO - [2025-09-03T20:32:30.470+0200] {dag.py:2705} INFO - Sync 1 DAGs
[2025-09-03T20:32:30.491+0200] {logging_mixin.py:137} INFO - [2025-09-03T20:32:30.491+0200] {dag.py:3452} INFO - Setting next_dagrun for example_branch_labels to 2025-09-02T00:00:00+00:00, run_after=2025-09-03T00:00:00+00:00
[2025-09-03T20:32:30.515+0200] {processor.py:175} INFO - Processing /home/varun/miniconda3/envs/python38/lib/python3.8/site-packages/airflow/example_dags/example_branch_labels.py took 0.085 seconds
[2025-09-03T20:33:19.805+0200] {processor.py:153} INFO - Started process (PID=5805) to work on /home/varun/miniconda3/envs/python38/lib/python3.8/site-packages/airflow/example_dags/example_branch_labels.py
[2025-09-03T20:33:19.806+0200] {processor.py:743} INFO - Processing file /home/varun/miniconda3/envs/python38/lib/python3.8/site-packages/airflow/example_dags/example_branch_labels.py for tasks to queue
[2025-09-03T20:33:19.807+0200] {logging_mixin.py:137} INFO - [2025-09-03T20:33:19.807+0200] {dagbag.py:532} INFO - Filling up the DagBag from /home/varun/miniconda3/envs/python38/lib/python3.8/site-packages/airflow/example_dags/example_branch_labels.py
[2025-09-03T20:33:19.821+0200] {processor.py:753} INFO - DAG(s) dict_keys(['example_branch_labels']) retrieved from /home/varun/miniconda3/envs/python38/lib/python3.8/site-packages/airflow/example_dags/example_branch_labels.py
[2025-09-03T20:33:19.840+0200] {logging_mixin.py:137} INFO - [2025-09-03T20:33:19.840+0200] {dag.py:2705} INFO - Sync 1 DAGs
[2025-09-03T20:33:19.857+0200] {logging_mixin.py:137} INFO - [2025-09-03T20:33:19.857+0200] {dag.py:3452} INFO - Setting next_dagrun for example_branch_labels to 2025-09-02T00:00:00+00:00, run_after=2025-09-03T00:00:00+00:00
[2025-09-03T20:33:19.877+0200] {processor.py:175} INFO - Processing /home/varun/miniconda3/envs/python38/lib/python3.8/site-packages/airflow/example_dags/example_branch_labels.py took 0.075 seconds
[2025-09-03T20:34:05.310+0200] {processor.py:153} INFO - Started process (PID=5847) to work on /home/varun/miniconda3/envs/python38/lib/python3.8/site-packages/airflow/example_dags/example_branch_labels.py
[2025-09-03T20:34:05.312+0200] {processor.py:743} INFO - Processing file /home/varun/miniconda3/envs/python38/lib/python3.8/site-packages/airflow/example_dags/example_branch_labels.py for tasks to queue
[2025-09-03T20:34:05.313+0200] {logging_mixin.py:137} INFO - [2025-09-03T20:34:05.313+0200] {dagbag.py:532} INFO - Filling up the DagBag from /home/varun/miniconda3/envs/python38/lib/python3.8/site-packages/airflow/example_dags/example_branch_labels.py
[2025-09-03T20:34:05.326+0200] {processor.py:753} INFO - DAG(s) dict_keys(['example_branch_labels']) retrieved from /home/varun/miniconda3/envs/python38/lib/python3.8/site-packages/airflow/example_dags/example_branch_labels.py
[2025-09-03T20:34:05.344+0200] {logging_mixin.py:137} INFO - [2025-09-03T20:34:05.344+0200] {dag.py:2705} INFO - Sync 1 DAGs
[2025-09-03T20:34:05.359+0200] {logging_mixin.py:137} INFO - [2025-09-03T20:34:05.359+0200] {dag.py:3452} INFO - Setting next_dagrun for example_branch_labels to 2025-09-02T00:00:00+00:00, run_after=2025-09-03T00:00:00+00:00
[2025-09-03T20:34:05.381+0200] {processor.py:175} INFO - Processing /home/varun/miniconda3/envs/python38/lib/python3.8/site-packages/airflow/example_dags/example_branch_labels.py took 0.074 seconds
[2025-09-03T20:34:49.540+0200] {processor.py:153} INFO - Started process (PID=5889) to work on /home/varun/miniconda3/envs/python38/lib/python3.8/site-packages/airflow/example_dags/example_branch_labels.py
[2025-09-03T20:34:49.541+0200] {processor.py:743} INFO - Processing file /home/varun/miniconda3/envs/python38/lib/python3.8/site-packages/airflow/example_dags/example_branch_labels.py for tasks to queue
[2025-09-03T20:34:49.541+0200] {logging_mixin.py:137} INFO - [2025-09-03T20:34:49.541+0200] {dagbag.py:532} INFO - Filling up the DagBag from /home/varun/miniconda3/envs/python38/lib/python3.8/site-packages/airflow/example_dags/example_branch_labels.py
[2025-09-03T20:34:49.554+0200] {processor.py:753} INFO - DAG(s) dict_keys(['example_branch_labels']) retrieved from /home/varun/miniconda3/envs/python38/lib/python3.8/site-packages/airflow/example_dags/example_branch_labels.py
[2025-09-03T20:34:49.572+0200] {logging_mixin.py:137} INFO - [2025-09-03T20:34:49.572+0200] {dag.py:2705} INFO - Sync 1 DAGs
[2025-09-03T20:34:49.588+0200] {logging_mixin.py:137} INFO - [2025-09-03T20:34:49.588+0200] {dag.py:3452} INFO - Setting next_dagrun for example_branch_labels to 2025-09-02T00:00:00+00:00, run_after=2025-09-03T00:00:00+00:00
[2025-09-03T20:34:49.609+0200] {processor.py:175} INFO - Processing /home/varun/miniconda3/envs/python38/lib/python3.8/site-packages/airflow/example_dags/example_branch_labels.py took 0.073 seconds
[2025-09-03T20:35:38.628+0200] {processor.py:153} INFO - Started process (PID=5932) to work on /home/varun/miniconda3/envs/python38/lib/python3.8/site-packages/airflow/example_dags/example_branch_labels.py
[2025-09-03T20:35:38.630+0200] {processor.py:743} INFO - Processing file /home/varun/miniconda3/envs/python38/lib/python3.8/site-packages/airflow/example_dags/example_branch_labels.py for tasks to queue
[2025-09-03T20:35:38.631+0200] {logging_mixin.py:137} INFO - [2025-09-03T20:35:38.630+0200] {dagbag.py:532} INFO - Filling up the DagBag from /home/varun/miniconda3/envs/python38/lib/python3.8/site-packages/airflow/example_dags/example_branch_labels.py
[2025-09-03T20:35:38.644+0200] {processor.py:753} INFO - DAG(s) dict_keys(['example_branch_labels']) retrieved from /home/varun/miniconda3/envs/python38/lib/python3.8/site-packages/airflow/example_dags/example_branch_labels.py
[2025-09-03T20:35:38.663+0200] {logging_mixin.py:137} INFO - [2025-09-03T20:35:38.663+0200] {dag.py:2705} INFO - Sync 1 DAGs
[2025-09-03T20:35:38.681+0200] {logging_mixin.py:137} INFO - [2025-09-03T20:35:38.681+0200] {dag.py:3452} INFO - Setting next_dagrun for example_branch_labels to 2025-09-02T00:00:00+00:00, run_after=2025-09-03T00:00:00+00:00
[2025-09-03T20:35:38.703+0200] {processor.py:175} INFO - Processing /home/varun/miniconda3/envs/python38/lib/python3.8/site-packages/airflow/example_dags/example_branch_labels.py took 0.078 seconds
[2025-09-03T20:36:22.829+0200] {processor.py:153} INFO - Started process (PID=5974) to work on /home/varun/miniconda3/envs/python38/lib/python3.8/site-packages/airflow/example_dags/example_branch_labels.py
[2025-09-03T20:36:22.832+0200] {processor.py:743} INFO - Processing file /home/varun/miniconda3/envs/python38/lib/python3.8/site-packages/airflow/example_dags/example_branch_labels.py for tasks to queue
[2025-09-03T20:36:22.832+0200] {logging_mixin.py:137} INFO - [2025-09-03T20:36:22.832+0200] {dagbag.py:532} INFO - Filling up the DagBag from /home/varun/miniconda3/envs/python38/lib/python3.8/site-packages/airflow/example_dags/example_branch_labels.py
[2025-09-03T20:36:22.847+0200] {processor.py:753} INFO - DAG(s) dict_keys(['example_branch_labels']) retrieved from /home/varun/miniconda3/envs/python38/lib/python3.8/site-packages/airflow/example_dags/example_branch_labels.py
[2025-09-03T20:36:22.867+0200] {logging_mixin.py:137} INFO - [2025-09-03T20:36:22.867+0200] {dag.py:2705} INFO - Sync 1 DAGs
[2025-09-03T20:36:22.887+0200] {logging_mixin.py:137} INFO - [2025-09-03T20:36:22.887+0200] {dag.py:3452} INFO - Setting next_dagrun for example_branch_labels to 2025-09-02T00:00:00+00:00, run_after=2025-09-03T00:00:00+00:00
[2025-09-03T20:36:22.914+0200] {processor.py:175} INFO - Processing /home/varun/miniconda3/envs/python38/lib/python3.8/site-packages/airflow/example_dags/example_branch_labels.py took 0.088 seconds
