[2025-09-03T19:42:19.778+0200] {processor.py:153} INFO - Started process (PID=3087) to work on /home/varun/miniconda3/envs/python38/lib/python3.8/site-packages/airflow/example_dags/example_trigger_target_dag.py
[2025-09-03T19:42:19.780+0200] {processor.py:743} INFO - Processing file /home/varun/miniconda3/envs/python38/lib/python3.8/site-packages/airflow/example_dags/example_trigger_target_dag.py for tasks to queue
[2025-09-03T19:42:19.781+0200] {logging_mixin.py:137} INFO - [2025-09-03T19:42:19.781+0200] {dagbag.py:532} INFO - Filling up the DagBag from /home/varun/miniconda3/envs/python38/lib/python3.8/site-packages/airflow/example_dags/example_trigger_target_dag.py
[2025-09-03T19:42:19.803+0200] {processor.py:753} INFO - DAG(s) dict_keys(['example_trigger_target_dag']) retrieved from /home/varun/miniconda3/envs/python38/lib/python3.8/site-packages/airflow/example_dags/example_trigger_target_dag.py
[2025-09-03T19:42:19.897+0200] {logging_mixin.py:137} INFO - [2025-09-03T19:42:19.897+0200] {manager.py:504} INFO - Created Permission View: can edit on DAG:example_trigger_target_dag
[2025-09-03T19:42:19.908+0200] {logging_mixin.py:137} INFO - [2025-09-03T19:42:19.907+0200] {manager.py:504} INFO - Created Permission View: can delete on DAG:example_trigger_target_dag
[2025-09-03T19:42:19.918+0200] {logging_mixin.py:137} INFO - [2025-09-03T19:42:19.917+0200] {manager.py:504} INFO - Created Permission View: can read on DAG:example_trigger_target_dag
[2025-09-03T19:42:19.918+0200] {logging_mixin.py:137} INFO - [2025-09-03T19:42:19.918+0200] {dag.py:2705} INFO - Sync 1 DAGs
[2025-09-03T19:42:19.927+0200] {logging_mixin.py:137} INFO - [2025-09-03T19:42:19.927+0200] {dag.py:2726} INFO - Creating ORM DAG for example_trigger_target_dag
[2025-09-03T19:42:19.935+0200] {logging_mixin.py:137} INFO - [2025-09-03T19:42:19.935+0200] {dag.py:3452} INFO - Setting next_dagrun for example_trigger_target_dag to None, run_after=None
[2025-09-03T19:42:19.955+0200] {processor.py:175} INFO - Processing /home/varun/miniconda3/envs/python38/lib/python3.8/site-packages/airflow/example_dags/example_trigger_target_dag.py took 0.180 seconds
[2025-09-03T19:43:13.450+0200] {processor.py:153} INFO - Started process (PID=3129) to work on /home/varun/miniconda3/envs/python38/lib/python3.8/site-packages/airflow/example_dags/example_trigger_target_dag.py
[2025-09-03T19:43:13.452+0200] {processor.py:743} INFO - Processing file /home/varun/miniconda3/envs/python38/lib/python3.8/site-packages/airflow/example_dags/example_trigger_target_dag.py for tasks to queue
[2025-09-03T19:43:13.454+0200] {logging_mixin.py:137} INFO - [2025-09-03T19:43:13.453+0200] {dagbag.py:532} INFO - Filling up the DagBag from /home/varun/miniconda3/envs/python38/lib/python3.8/site-packages/airflow/example_dags/example_trigger_target_dag.py
[2025-09-03T19:43:13.501+0200] {processor.py:753} INFO - DAG(s) dict_keys(['example_trigger_target_dag']) retrieved from /home/varun/miniconda3/envs/python38/lib/python3.8/site-packages/airflow/example_dags/example_trigger_target_dag.py
[2025-09-03T19:43:13.539+0200] {logging_mixin.py:137} INFO - [2025-09-03T19:43:13.539+0200] {dag.py:2705} INFO - Sync 1 DAGs
[2025-09-03T19:43:13.572+0200] {logging_mixin.py:137} INFO - [2025-09-03T19:43:13.572+0200] {dag.py:3452} INFO - Setting next_dagrun for example_trigger_target_dag to None, run_after=None
[2025-09-03T19:43:13.608+0200] {processor.py:175} INFO - Processing /home/varun/miniconda3/envs/python38/lib/python3.8/site-packages/airflow/example_dags/example_trigger_target_dag.py took 0.166 seconds
[2025-09-03T19:43:59.704+0200] {processor.py:153} INFO - Started process (PID=3171) to work on /home/varun/miniconda3/envs/python38/lib/python3.8/site-packages/airflow/example_dags/example_trigger_target_dag.py
[2025-09-03T19:43:59.706+0200] {processor.py:743} INFO - Processing file /home/varun/miniconda3/envs/python38/lib/python3.8/site-packages/airflow/example_dags/example_trigger_target_dag.py for tasks to queue
[2025-09-03T19:43:59.706+0200] {logging_mixin.py:137} INFO - [2025-09-03T19:43:59.706+0200] {dagbag.py:532} INFO - Filling up the DagBag from /home/varun/miniconda3/envs/python38/lib/python3.8/site-packages/airflow/example_dags/example_trigger_target_dag.py
[2025-09-03T19:43:59.729+0200] {processor.py:753} INFO - DAG(s) dict_keys(['example_trigger_target_dag']) retrieved from /home/varun/miniconda3/envs/python38/lib/python3.8/site-packages/airflow/example_dags/example_trigger_target_dag.py
[2025-09-03T19:43:59.752+0200] {logging_mixin.py:137} INFO - [2025-09-03T19:43:59.752+0200] {dag.py:2705} INFO - Sync 1 DAGs
[2025-09-03T19:43:59.770+0200] {logging_mixin.py:137} INFO - [2025-09-03T19:43:59.770+0200] {dag.py:3452} INFO - Setting next_dagrun for example_trigger_target_dag to None, run_after=None
[2025-09-03T19:43:59.798+0200] {processor.py:175} INFO - Processing /home/varun/miniconda3/envs/python38/lib/python3.8/site-packages/airflow/example_dags/example_trigger_target_dag.py took 0.097 seconds
[2025-09-03T19:44:46.172+0200] {processor.py:153} INFO - Started process (PID=3213) to work on /home/varun/miniconda3/envs/python38/lib/python3.8/site-packages/airflow/example_dags/example_trigger_target_dag.py
[2025-09-03T19:44:46.174+0200] {processor.py:743} INFO - Processing file /home/varun/miniconda3/envs/python38/lib/python3.8/site-packages/airflow/example_dags/example_trigger_target_dag.py for tasks to queue
[2025-09-03T19:44:46.175+0200] {logging_mixin.py:137} INFO - [2025-09-03T19:44:46.175+0200] {dagbag.py:532} INFO - Filling up the DagBag from /home/varun/miniconda3/envs/python38/lib/python3.8/site-packages/airflow/example_dags/example_trigger_target_dag.py
[2025-09-03T19:44:46.206+0200] {processor.py:753} INFO - DAG(s) dict_keys(['example_trigger_target_dag']) retrieved from /home/varun/miniconda3/envs/python38/lib/python3.8/site-packages/airflow/example_dags/example_trigger_target_dag.py
[2025-09-03T19:44:46.241+0200] {logging_mixin.py:137} INFO - [2025-09-03T19:44:46.241+0200] {dag.py:2705} INFO - Sync 1 DAGs
[2025-09-03T19:44:46.272+0200] {logging_mixin.py:137} INFO - [2025-09-03T19:44:46.271+0200] {dag.py:3452} INFO - Setting next_dagrun for example_trigger_target_dag to None, run_after=None
[2025-09-03T19:44:46.316+0200] {processor.py:175} INFO - Processing /home/varun/miniconda3/envs/python38/lib/python3.8/site-packages/airflow/example_dags/example_trigger_target_dag.py took 0.149 seconds
[2025-09-03T19:45:37.049+0200] {processor.py:153} INFO - Started process (PID=3284) to work on /home/varun/miniconda3/envs/python38/lib/python3.8/site-packages/airflow/example_dags/example_trigger_target_dag.py
[2025-09-03T19:45:37.051+0200] {processor.py:743} INFO - Processing file /home/varun/miniconda3/envs/python38/lib/python3.8/site-packages/airflow/example_dags/example_trigger_target_dag.py for tasks to queue
[2025-09-03T19:45:37.051+0200] {logging_mixin.py:137} INFO - [2025-09-03T19:45:37.051+0200] {dagbag.py:532} INFO - Filling up the DagBag from /home/varun/miniconda3/envs/python38/lib/python3.8/site-packages/airflow/example_dags/example_trigger_target_dag.py
[2025-09-03T19:45:37.070+0200] {processor.py:753} INFO - DAG(s) dict_keys(['example_trigger_target_dag']) retrieved from /home/varun/miniconda3/envs/python38/lib/python3.8/site-packages/airflow/example_dags/example_trigger_target_dag.py
[2025-09-03T19:45:37.088+0200] {logging_mixin.py:137} INFO - [2025-09-03T19:45:37.088+0200] {dag.py:2705} INFO - Sync 1 DAGs
[2025-09-03T19:45:37.102+0200] {logging_mixin.py:137} INFO - [2025-09-03T19:45:37.102+0200] {dag.py:3452} INFO - Setting next_dagrun for example_trigger_target_dag to None, run_after=None
[2025-09-03T19:45:37.125+0200] {processor.py:175} INFO - Processing /home/varun/miniconda3/envs/python38/lib/python3.8/site-packages/airflow/example_dags/example_trigger_target_dag.py took 0.078 seconds
[2025-09-03T19:46:21.477+0200] {processor.py:153} INFO - Started process (PID=3329) to work on /home/varun/miniconda3/envs/python38/lib/python3.8/site-packages/airflow/example_dags/example_trigger_target_dag.py
[2025-09-03T19:46:21.480+0200] {processor.py:743} INFO - Processing file /home/varun/miniconda3/envs/python38/lib/python3.8/site-packages/airflow/example_dags/example_trigger_target_dag.py for tasks to queue
[2025-09-03T19:46:21.481+0200] {logging_mixin.py:137} INFO - [2025-09-03T19:46:21.481+0200] {dagbag.py:532} INFO - Filling up the DagBag from /home/varun/miniconda3/envs/python38/lib/python3.8/site-packages/airflow/example_dags/example_trigger_target_dag.py
[2025-09-03T19:46:21.511+0200] {processor.py:753} INFO - DAG(s) dict_keys(['example_trigger_target_dag']) retrieved from /home/varun/miniconda3/envs/python38/lib/python3.8/site-packages/airflow/example_dags/example_trigger_target_dag.py
[2025-09-03T19:46:21.548+0200] {logging_mixin.py:137} INFO - [2025-09-03T19:46:21.547+0200] {dag.py:2705} INFO - Sync 1 DAGs
[2025-09-03T19:46:21.577+0200] {logging_mixin.py:137} INFO - [2025-09-03T19:46:21.576+0200] {dag.py:3452} INFO - Setting next_dagrun for example_trigger_target_dag to None, run_after=None
[2025-09-03T19:46:21.614+0200] {processor.py:175} INFO - Processing /home/varun/miniconda3/envs/python38/lib/python3.8/site-packages/airflow/example_dags/example_trigger_target_dag.py took 0.143 seconds
[2025-09-03T19:47:07.531+0200] {processor.py:153} INFO - Started process (PID=3382) to work on /home/varun/miniconda3/envs/python38/lib/python3.8/site-packages/airflow/example_dags/example_trigger_target_dag.py
[2025-09-03T19:47:07.533+0200] {processor.py:743} INFO - Processing file /home/varun/miniconda3/envs/python38/lib/python3.8/site-packages/airflow/example_dags/example_trigger_target_dag.py for tasks to queue
[2025-09-03T19:47:07.534+0200] {logging_mixin.py:137} INFO - [2025-09-03T19:47:07.534+0200] {dagbag.py:532} INFO - Filling up the DagBag from /home/varun/miniconda3/envs/python38/lib/python3.8/site-packages/airflow/example_dags/example_trigger_target_dag.py
[2025-09-03T19:47:07.565+0200] {processor.py:753} INFO - DAG(s) dict_keys(['example_trigger_target_dag']) retrieved from /home/varun/miniconda3/envs/python38/lib/python3.8/site-packages/airflow/example_dags/example_trigger_target_dag.py
[2025-09-03T19:47:07.594+0200] {logging_mixin.py:137} INFO - [2025-09-03T19:47:07.594+0200] {dag.py:2705} INFO - Sync 1 DAGs
[2025-09-03T19:47:07.616+0200] {logging_mixin.py:137} INFO - [2025-09-03T19:47:07.615+0200] {dag.py:3452} INFO - Setting next_dagrun for example_trigger_target_dag to None, run_after=None
[2025-09-03T19:47:07.644+0200] {processor.py:175} INFO - Processing /home/varun/miniconda3/envs/python38/lib/python3.8/site-packages/airflow/example_dags/example_trigger_target_dag.py took 0.116 seconds
[2025-09-03T19:47:56.004+0200] {processor.py:153} INFO - Started process (PID=3424) to work on /home/varun/miniconda3/envs/python38/lib/python3.8/site-packages/airflow/example_dags/example_trigger_target_dag.py
[2025-09-03T19:47:56.006+0200] {processor.py:743} INFO - Processing file /home/varun/miniconda3/envs/python38/lib/python3.8/site-packages/airflow/example_dags/example_trigger_target_dag.py for tasks to queue
[2025-09-03T19:47:56.006+0200] {logging_mixin.py:137} INFO - [2025-09-03T19:47:56.006+0200] {dagbag.py:532} INFO - Filling up the DagBag from /home/varun/miniconda3/envs/python38/lib/python3.8/site-packages/airflow/example_dags/example_trigger_target_dag.py
[2025-09-03T19:47:56.026+0200] {processor.py:753} INFO - DAG(s) dict_keys(['example_trigger_target_dag']) retrieved from /home/varun/miniconda3/envs/python38/lib/python3.8/site-packages/airflow/example_dags/example_trigger_target_dag.py
[2025-09-03T19:47:56.044+0200] {logging_mixin.py:137} INFO - [2025-09-03T19:47:56.044+0200] {dag.py:2705} INFO - Sync 1 DAGs
[2025-09-03T19:47:56.059+0200] {logging_mixin.py:137} INFO - [2025-09-03T19:47:56.059+0200] {dag.py:3452} INFO - Setting next_dagrun for example_trigger_target_dag to None, run_after=None
[2025-09-03T19:47:56.082+0200] {processor.py:175} INFO - Processing /home/varun/miniconda3/envs/python38/lib/python3.8/site-packages/airflow/example_dags/example_trigger_target_dag.py took 0.082 seconds
[2025-09-03T19:48:43.537+0200] {processor.py:153} INFO - Started process (PID=3466) to work on /home/varun/miniconda3/envs/python38/lib/python3.8/site-packages/airflow/example_dags/example_trigger_target_dag.py
[2025-09-03T19:48:43.539+0200] {processor.py:743} INFO - Processing file /home/varun/miniconda3/envs/python38/lib/python3.8/site-packages/airflow/example_dags/example_trigger_target_dag.py for tasks to queue
[2025-09-03T19:48:43.540+0200] {logging_mixin.py:137} INFO - [2025-09-03T19:48:43.539+0200] {dagbag.py:532} INFO - Filling up the DagBag from /home/varun/miniconda3/envs/python38/lib/python3.8/site-packages/airflow/example_dags/example_trigger_target_dag.py
[2025-09-03T19:48:43.562+0200] {processor.py:753} INFO - DAG(s) dict_keys(['example_trigger_target_dag']) retrieved from /home/varun/miniconda3/envs/python38/lib/python3.8/site-packages/airflow/example_dags/example_trigger_target_dag.py
[2025-09-03T19:48:43.584+0200] {logging_mixin.py:137} INFO - [2025-09-03T19:48:43.584+0200] {dag.py:2705} INFO - Sync 1 DAGs
[2025-09-03T19:48:43.605+0200] {logging_mixin.py:137} INFO - [2025-09-03T19:48:43.605+0200] {dag.py:3452} INFO - Setting next_dagrun for example_trigger_target_dag to None, run_after=None
[2025-09-03T19:48:43.628+0200] {processor.py:175} INFO - Processing /home/varun/miniconda3/envs/python38/lib/python3.8/site-packages/airflow/example_dags/example_trigger_target_dag.py took 0.095 seconds
[2025-09-03T19:49:31.480+0200] {processor.py:153} INFO - Started process (PID=3508) to work on /home/varun/miniconda3/envs/python38/lib/python3.8/site-packages/airflow/example_dags/example_trigger_target_dag.py
[2025-09-03T19:49:31.482+0200] {processor.py:743} INFO - Processing file /home/varun/miniconda3/envs/python38/lib/python3.8/site-packages/airflow/example_dags/example_trigger_target_dag.py for tasks to queue
[2025-09-03T19:49:31.482+0200] {logging_mixin.py:137} INFO - [2025-09-03T19:49:31.482+0200] {dagbag.py:532} INFO - Filling up the DagBag from /home/varun/miniconda3/envs/python38/lib/python3.8/site-packages/airflow/example_dags/example_trigger_target_dag.py
[2025-09-03T19:49:31.506+0200] {processor.py:753} INFO - DAG(s) dict_keys(['example_trigger_target_dag']) retrieved from /home/varun/miniconda3/envs/python38/lib/python3.8/site-packages/airflow/example_dags/example_trigger_target_dag.py
[2025-09-03T19:49:31.528+0200] {logging_mixin.py:137} INFO - [2025-09-03T19:49:31.528+0200] {dag.py:2705} INFO - Sync 1 DAGs
[2025-09-03T19:49:31.548+0200] {logging_mixin.py:137} INFO - [2025-09-03T19:49:31.548+0200] {dag.py:3452} INFO - Setting next_dagrun for example_trigger_target_dag to None, run_after=None
[2025-09-03T19:49:31.573+0200] {processor.py:175} INFO - Processing /home/varun/miniconda3/envs/python38/lib/python3.8/site-packages/airflow/example_dags/example_trigger_target_dag.py took 0.098 seconds
[2025-09-03T19:50:22.578+0200] {processor.py:153} INFO - Started process (PID=3559) to work on /home/varun/miniconda3/envs/python38/lib/python3.8/site-packages/airflow/example_dags/example_trigger_target_dag.py
[2025-09-03T19:50:22.580+0200] {processor.py:743} INFO - Processing file /home/varun/miniconda3/envs/python38/lib/python3.8/site-packages/airflow/example_dags/example_trigger_target_dag.py for tasks to queue
[2025-09-03T19:50:22.581+0200] {logging_mixin.py:137} INFO - [2025-09-03T19:50:22.581+0200] {dagbag.py:532} INFO - Filling up the DagBag from /home/varun/miniconda3/envs/python38/lib/python3.8/site-packages/airflow/example_dags/example_trigger_target_dag.py
[2025-09-03T19:50:22.607+0200] {processor.py:753} INFO - DAG(s) dict_keys(['example_trigger_target_dag']) retrieved from /home/varun/miniconda3/envs/python38/lib/python3.8/site-packages/airflow/example_dags/example_trigger_target_dag.py
[2025-09-03T19:50:22.636+0200] {logging_mixin.py:137} INFO - [2025-09-03T19:50:22.636+0200] {dag.py:2705} INFO - Sync 1 DAGs
[2025-09-03T19:50:22.659+0200] {logging_mixin.py:137} INFO - [2025-09-03T19:50:22.659+0200] {dag.py:3452} INFO - Setting next_dagrun for example_trigger_target_dag to None, run_after=None
[2025-09-03T19:50:22.691+0200] {processor.py:175} INFO - Processing /home/varun/miniconda3/envs/python38/lib/python3.8/site-packages/airflow/example_dags/example_trigger_target_dag.py took 0.117 seconds
[2025-09-03T19:51:08.425+0200] {processor.py:153} INFO - Started process (PID=3609) to work on /home/varun/miniconda3/envs/python38/lib/python3.8/site-packages/airflow/example_dags/example_trigger_target_dag.py
[2025-09-03T19:51:08.426+0200] {processor.py:743} INFO - Processing file /home/varun/miniconda3/envs/python38/lib/python3.8/site-packages/airflow/example_dags/example_trigger_target_dag.py for tasks to queue
[2025-09-03T19:51:08.427+0200] {logging_mixin.py:137} INFO - [2025-09-03T19:51:08.427+0200] {dagbag.py:532} INFO - Filling up the DagBag from /home/varun/miniconda3/envs/python38/lib/python3.8/site-packages/airflow/example_dags/example_trigger_target_dag.py
[2025-09-03T19:51:08.448+0200] {processor.py:753} INFO - DAG(s) dict_keys(['example_trigger_target_dag']) retrieved from /home/varun/miniconda3/envs/python38/lib/python3.8/site-packages/airflow/example_dags/example_trigger_target_dag.py
[2025-09-03T19:51:08.470+0200] {logging_mixin.py:137} INFO - [2025-09-03T19:51:08.470+0200] {dag.py:2705} INFO - Sync 1 DAGs
[2025-09-03T19:51:08.487+0200] {logging_mixin.py:137} INFO - [2025-09-03T19:51:08.487+0200] {dag.py:3452} INFO - Setting next_dagrun for example_trigger_target_dag to None, run_after=None
[2025-09-03T19:51:08.508+0200] {processor.py:175} INFO - Processing /home/varun/miniconda3/envs/python38/lib/python3.8/site-packages/airflow/example_dags/example_trigger_target_dag.py took 0.086 seconds
[2025-09-03T19:51:54.671+0200] {processor.py:153} INFO - Started process (PID=3660) to work on /home/varun/miniconda3/envs/python38/lib/python3.8/site-packages/airflow/example_dags/example_trigger_target_dag.py
[2025-09-03T19:51:54.673+0200] {processor.py:743} INFO - Processing file /home/varun/miniconda3/envs/python38/lib/python3.8/site-packages/airflow/example_dags/example_trigger_target_dag.py for tasks to queue
[2025-09-03T19:51:54.674+0200] {logging_mixin.py:137} INFO - [2025-09-03T19:51:54.673+0200] {dagbag.py:532} INFO - Filling up the DagBag from /home/varun/miniconda3/envs/python38/lib/python3.8/site-packages/airflow/example_dags/example_trigger_target_dag.py
[2025-09-03T19:51:54.724+0200] {processor.py:753} INFO - DAG(s) dict_keys(['example_trigger_target_dag']) retrieved from /home/varun/miniconda3/envs/python38/lib/python3.8/site-packages/airflow/example_dags/example_trigger_target_dag.py
[2025-09-03T19:51:54.789+0200] {logging_mixin.py:137} INFO - [2025-09-03T19:51:54.789+0200] {dag.py:2705} INFO - Sync 1 DAGs
[2025-09-03T19:51:54.835+0200] {logging_mixin.py:137} INFO - [2025-09-03T19:51:54.834+0200] {dag.py:3452} INFO - Setting next_dagrun for example_trigger_target_dag to None, run_after=None
[2025-09-03T19:51:54.883+0200] {processor.py:175} INFO - Processing /home/varun/miniconda3/envs/python38/lib/python3.8/site-packages/airflow/example_dags/example_trigger_target_dag.py took 0.219 seconds
[2025-09-03T19:52:48.589+0200] {processor.py:153} INFO - Started process (PID=3706) to work on /home/varun/miniconda3/envs/python38/lib/python3.8/site-packages/airflow/example_dags/example_trigger_target_dag.py
[2025-09-03T19:52:48.591+0200] {processor.py:743} INFO - Processing file /home/varun/miniconda3/envs/python38/lib/python3.8/site-packages/airflow/example_dags/example_trigger_target_dag.py for tasks to queue
[2025-09-03T19:52:48.592+0200] {logging_mixin.py:137} INFO - [2025-09-03T19:52:48.592+0200] {dagbag.py:532} INFO - Filling up the DagBag from /home/varun/miniconda3/envs/python38/lib/python3.8/site-packages/airflow/example_dags/example_trigger_target_dag.py
[2025-09-03T19:52:48.610+0200] {processor.py:753} INFO - DAG(s) dict_keys(['example_trigger_target_dag']) retrieved from /home/varun/miniconda3/envs/python38/lib/python3.8/site-packages/airflow/example_dags/example_trigger_target_dag.py
[2025-09-03T19:52:48.628+0200] {logging_mixin.py:137} INFO - [2025-09-03T19:52:48.628+0200] {dag.py:2705} INFO - Sync 1 DAGs
[2025-09-03T19:52:48.741+0200] {logging_mixin.py:137} INFO - [2025-09-03T19:52:48.741+0200] {dag.py:3452} INFO - Setting next_dagrun for example_trigger_target_dag to None, run_after=None
[2025-09-03T19:52:48.766+0200] {processor.py:175} INFO - Processing /home/varun/miniconda3/envs/python38/lib/python3.8/site-packages/airflow/example_dags/example_trigger_target_dag.py took 0.181 seconds
[2025-09-03T19:53:38.037+0200] {processor.py:153} INFO - Started process (PID=3748) to work on /home/varun/miniconda3/envs/python38/lib/python3.8/site-packages/airflow/example_dags/example_trigger_target_dag.py
[2025-09-03T19:53:38.040+0200] {processor.py:743} INFO - Processing file /home/varun/miniconda3/envs/python38/lib/python3.8/site-packages/airflow/example_dags/example_trigger_target_dag.py for tasks to queue
[2025-09-03T19:53:38.042+0200] {logging_mixin.py:137} INFO - [2025-09-03T19:53:38.041+0200] {dagbag.py:532} INFO - Filling up the DagBag from /home/varun/miniconda3/envs/python38/lib/python3.8/site-packages/airflow/example_dags/example_trigger_target_dag.py
[2025-09-03T19:53:38.070+0200] {processor.py:753} INFO - DAG(s) dict_keys(['example_trigger_target_dag']) retrieved from /home/varun/miniconda3/envs/python38/lib/python3.8/site-packages/airflow/example_dags/example_trigger_target_dag.py
[2025-09-03T19:53:38.104+0200] {logging_mixin.py:137} INFO - [2025-09-03T19:53:38.104+0200] {dag.py:2705} INFO - Sync 1 DAGs
[2025-09-03T19:53:38.352+0200] {logging_mixin.py:137} INFO - [2025-09-03T19:53:38.351+0200] {dag.py:3452} INFO - Setting next_dagrun for example_trigger_target_dag to None, run_after=None
[2025-09-03T19:53:38.380+0200] {processor.py:175} INFO - Processing /home/varun/miniconda3/envs/python38/lib/python3.8/site-packages/airflow/example_dags/example_trigger_target_dag.py took 0.348 seconds
[2025-09-03T19:54:40.421+0200] {processor.py:153} INFO - Started process (PID=3803) to work on /home/varun/miniconda3/envs/python38/lib/python3.8/site-packages/airflow/example_dags/example_trigger_target_dag.py
[2025-09-03T19:54:40.423+0200] {processor.py:743} INFO - Processing file /home/varun/miniconda3/envs/python38/lib/python3.8/site-packages/airflow/example_dags/example_trigger_target_dag.py for tasks to queue
[2025-09-03T19:54:40.424+0200] {logging_mixin.py:137} INFO - [2025-09-03T19:54:40.424+0200] {dagbag.py:532} INFO - Filling up the DagBag from /home/varun/miniconda3/envs/python38/lib/python3.8/site-packages/airflow/example_dags/example_trigger_target_dag.py
[2025-09-03T19:54:40.446+0200] {processor.py:753} INFO - DAG(s) dict_keys(['example_trigger_target_dag']) retrieved from /home/varun/miniconda3/envs/python38/lib/python3.8/site-packages/airflow/example_dags/example_trigger_target_dag.py
[2025-09-03T19:54:40.571+0200] {logging_mixin.py:137} INFO - [2025-09-03T19:54:40.571+0200] {dag.py:2705} INFO - Sync 1 DAGs
[2025-09-03T19:54:40.588+0200] {logging_mixin.py:137} INFO - [2025-09-03T19:54:40.587+0200] {dag.py:3452} INFO - Setting next_dagrun for example_trigger_target_dag to None, run_after=None
[2025-09-03T19:54:40.624+0200] {processor.py:175} INFO - Processing /home/varun/miniconda3/envs/python38/lib/python3.8/site-packages/airflow/example_dags/example_trigger_target_dag.py took 0.206 seconds
[2025-09-03T19:55:38.952+0200] {processor.py:153} INFO - Started process (PID=3857) to work on /home/varun/miniconda3/envs/python38/lib/python3.8/site-packages/airflow/example_dags/example_trigger_target_dag.py
[2025-09-03T19:55:38.954+0200] {processor.py:743} INFO - Processing file /home/varun/miniconda3/envs/python38/lib/python3.8/site-packages/airflow/example_dags/example_trigger_target_dag.py for tasks to queue
[2025-09-03T19:55:38.955+0200] {logging_mixin.py:137} INFO - [2025-09-03T19:55:38.954+0200] {dagbag.py:532} INFO - Filling up the DagBag from /home/varun/miniconda3/envs/python38/lib/python3.8/site-packages/airflow/example_dags/example_trigger_target_dag.py
[2025-09-03T19:55:39.159+0200] {processor.py:753} INFO - DAG(s) dict_keys(['example_trigger_target_dag']) retrieved from /home/varun/miniconda3/envs/python38/lib/python3.8/site-packages/airflow/example_dags/example_trigger_target_dag.py
[2025-09-03T19:55:39.184+0200] {logging_mixin.py:137} INFO - [2025-09-03T19:55:39.184+0200] {dag.py:2705} INFO - Sync 1 DAGs
[2025-09-03T19:55:39.219+0200] {logging_mixin.py:137} INFO - [2025-09-03T19:55:39.218+0200] {dag.py:3452} INFO - Setting next_dagrun for example_trigger_target_dag to None, run_after=None
[2025-09-03T19:55:39.280+0200] {processor.py:175} INFO - Processing /home/varun/miniconda3/envs/python38/lib/python3.8/site-packages/airflow/example_dags/example_trigger_target_dag.py took 0.335 seconds
[2025-09-03T19:56:37.116+0200] {processor.py:153} INFO - Started process (PID=3907) to work on /home/varun/miniconda3/envs/python38/lib/python3.8/site-packages/airflow/example_dags/example_trigger_target_dag.py
[2025-09-03T19:56:37.119+0200] {processor.py:743} INFO - Processing file /home/varun/miniconda3/envs/python38/lib/python3.8/site-packages/airflow/example_dags/example_trigger_target_dag.py for tasks to queue
[2025-09-03T19:56:37.120+0200] {logging_mixin.py:137} INFO - [2025-09-03T19:56:37.120+0200] {dagbag.py:532} INFO - Filling up the DagBag from /home/varun/miniconda3/envs/python38/lib/python3.8/site-packages/airflow/example_dags/example_trigger_target_dag.py
[2025-09-03T19:56:37.316+0200] {processor.py:753} INFO - DAG(s) dict_keys(['example_trigger_target_dag']) retrieved from /home/varun/miniconda3/envs/python38/lib/python3.8/site-packages/airflow/example_dags/example_trigger_target_dag.py
[2025-09-03T19:56:37.351+0200] {logging_mixin.py:137} INFO - [2025-09-03T19:56:37.351+0200] {dag.py:2705} INFO - Sync 1 DAGs
[2025-09-03T19:56:37.381+0200] {logging_mixin.py:137} INFO - [2025-09-03T19:56:37.381+0200] {dag.py:3452} INFO - Setting next_dagrun for example_trigger_target_dag to None, run_after=None
[2025-09-03T19:56:37.411+0200] {processor.py:175} INFO - Processing /home/varun/miniconda3/envs/python38/lib/python3.8/site-packages/airflow/example_dags/example_trigger_target_dag.py took 0.303 seconds
[2025-09-03T19:57:32.931+0200] {processor.py:153} INFO - Started process (PID=3954) to work on /home/varun/miniconda3/envs/python38/lib/python3.8/site-packages/airflow/example_dags/example_trigger_target_dag.py
[2025-09-03T19:57:32.932+0200] {processor.py:743} INFO - Processing file /home/varun/miniconda3/envs/python38/lib/python3.8/site-packages/airflow/example_dags/example_trigger_target_dag.py for tasks to queue
[2025-09-03T19:57:32.933+0200] {logging_mixin.py:137} INFO - [2025-09-03T19:57:32.933+0200] {dagbag.py:532} INFO - Filling up the DagBag from /home/varun/miniconda3/envs/python38/lib/python3.8/site-packages/airflow/example_dags/example_trigger_target_dag.py
[2025-09-03T19:57:32.959+0200] {processor.py:753} INFO - DAG(s) dict_keys(['example_trigger_target_dag']) retrieved from /home/varun/miniconda3/envs/python38/lib/python3.8/site-packages/airflow/example_dags/example_trigger_target_dag.py
[2025-09-03T19:57:32.980+0200] {logging_mixin.py:137} INFO - [2025-09-03T19:57:32.979+0200] {dag.py:2705} INFO - Sync 1 DAGs
[2025-09-03T19:57:33.000+0200] {logging_mixin.py:137} INFO - [2025-09-03T19:57:33.000+0200] {dag.py:3452} INFO - Setting next_dagrun for example_trigger_target_dag to None, run_after=None
[2025-09-03T19:57:33.027+0200] {processor.py:175} INFO - Processing /home/varun/miniconda3/envs/python38/lib/python3.8/site-packages/airflow/example_dags/example_trigger_target_dag.py took 0.100 seconds
[2025-09-03T19:58:20.878+0200] {processor.py:153} INFO - Started process (PID=3996) to work on /home/varun/miniconda3/envs/python38/lib/python3.8/site-packages/airflow/example_dags/example_trigger_target_dag.py
[2025-09-03T19:58:20.880+0200] {processor.py:743} INFO - Processing file /home/varun/miniconda3/envs/python38/lib/python3.8/site-packages/airflow/example_dags/example_trigger_target_dag.py for tasks to queue
[2025-09-03T19:58:20.881+0200] {logging_mixin.py:137} INFO - [2025-09-03T19:58:20.881+0200] {dagbag.py:532} INFO - Filling up the DagBag from /home/varun/miniconda3/envs/python38/lib/python3.8/site-packages/airflow/example_dags/example_trigger_target_dag.py
[2025-09-03T19:58:20.918+0200] {processor.py:753} INFO - DAG(s) dict_keys(['example_trigger_target_dag']) retrieved from /home/varun/miniconda3/envs/python38/lib/python3.8/site-packages/airflow/example_dags/example_trigger_target_dag.py
[2025-09-03T19:58:20.942+0200] {logging_mixin.py:137} INFO - [2025-09-03T19:58:20.941+0200] {dag.py:2705} INFO - Sync 1 DAGs
[2025-09-03T19:58:20.962+0200] {logging_mixin.py:137} INFO - [2025-09-03T19:58:20.962+0200] {dag.py:3452} INFO - Setting next_dagrun for example_trigger_target_dag to None, run_after=None
[2025-09-03T19:58:20.993+0200] {processor.py:175} INFO - Processing /home/varun/miniconda3/envs/python38/lib/python3.8/site-packages/airflow/example_dags/example_trigger_target_dag.py took 0.120 seconds
[2025-09-03T20:00:38.721+0200] {processor.py:153} INFO - Started process (PID=4016) to work on /home/varun/miniconda3/envs/python38/lib/python3.8/site-packages/airflow/example_dags/example_trigger_target_dag.py
[2025-09-03T20:00:38.724+0200] {processor.py:743} INFO - Processing file /home/varun/miniconda3/envs/python38/lib/python3.8/site-packages/airflow/example_dags/example_trigger_target_dag.py for tasks to queue
[2025-09-03T20:00:38.725+0200] {logging_mixin.py:137} INFO - [2025-09-03T20:00:38.724+0200] {dagbag.py:532} INFO - Filling up the DagBag from /home/varun/miniconda3/envs/python38/lib/python3.8/site-packages/airflow/example_dags/example_trigger_target_dag.py
[2025-09-03T20:00:38.760+0200] {processor.py:753} INFO - DAG(s) dict_keys(['example_trigger_target_dag']) retrieved from /home/varun/miniconda3/envs/python38/lib/python3.8/site-packages/airflow/example_dags/example_trigger_target_dag.py
[2025-09-03T20:00:38.786+0200] {logging_mixin.py:137} INFO - [2025-09-03T20:00:38.786+0200] {dag.py:2705} INFO - Sync 1 DAGs
[2025-09-03T20:00:38.807+0200] {logging_mixin.py:137} INFO - [2025-09-03T20:00:38.807+0200] {dag.py:3452} INFO - Setting next_dagrun for example_trigger_target_dag to None, run_after=None
[2025-09-03T20:00:38.834+0200] {processor.py:175} INFO - Processing /home/varun/miniconda3/envs/python38/lib/python3.8/site-packages/airflow/example_dags/example_trigger_target_dag.py took 0.118 seconds
[2025-09-03T20:01:24.460+0200] {processor.py:153} INFO - Started process (PID=4071) to work on /home/varun/miniconda3/envs/python38/lib/python3.8/site-packages/airflow/example_dags/example_trigger_target_dag.py
[2025-09-03T20:01:24.462+0200] {processor.py:743} INFO - Processing file /home/varun/miniconda3/envs/python38/lib/python3.8/site-packages/airflow/example_dags/example_trigger_target_dag.py for tasks to queue
[2025-09-03T20:01:24.463+0200] {logging_mixin.py:137} INFO - [2025-09-03T20:01:24.463+0200] {dagbag.py:532} INFO - Filling up the DagBag from /home/varun/miniconda3/envs/python38/lib/python3.8/site-packages/airflow/example_dags/example_trigger_target_dag.py
[2025-09-03T20:01:24.484+0200] {processor.py:753} INFO - DAG(s) dict_keys(['example_trigger_target_dag']) retrieved from /home/varun/miniconda3/envs/python38/lib/python3.8/site-packages/airflow/example_dags/example_trigger_target_dag.py
[2025-09-03T20:01:24.502+0200] {logging_mixin.py:137} INFO - [2025-09-03T20:01:24.502+0200] {dag.py:2705} INFO - Sync 1 DAGs
[2025-09-03T20:01:24.520+0200] {logging_mixin.py:137} INFO - [2025-09-03T20:01:24.520+0200] {dag.py:3452} INFO - Setting next_dagrun for example_trigger_target_dag to None, run_after=None
[2025-09-03T20:01:24.553+0200] {processor.py:175} INFO - Processing /home/varun/miniconda3/envs/python38/lib/python3.8/site-packages/airflow/example_dags/example_trigger_target_dag.py took 0.097 seconds
[2025-09-03T20:02:13.054+0200] {processor.py:153} INFO - Started process (PID=4114) to work on /home/varun/miniconda3/envs/python38/lib/python3.8/site-packages/airflow/example_dags/example_trigger_target_dag.py
[2025-09-03T20:02:13.055+0200] {processor.py:743} INFO - Processing file /home/varun/miniconda3/envs/python38/lib/python3.8/site-packages/airflow/example_dags/example_trigger_target_dag.py for tasks to queue
[2025-09-03T20:02:13.055+0200] {logging_mixin.py:137} INFO - [2025-09-03T20:02:13.055+0200] {dagbag.py:532} INFO - Filling up the DagBag from /home/varun/miniconda3/envs/python38/lib/python3.8/site-packages/airflow/example_dags/example_trigger_target_dag.py
[2025-09-03T20:02:13.077+0200] {processor.py:753} INFO - DAG(s) dict_keys(['example_trigger_target_dag']) retrieved from /home/varun/miniconda3/envs/python38/lib/python3.8/site-packages/airflow/example_dags/example_trigger_target_dag.py
[2025-09-03T20:02:13.095+0200] {logging_mixin.py:137} INFO - [2025-09-03T20:02:13.095+0200] {dag.py:2705} INFO - Sync 1 DAGs
[2025-09-03T20:02:13.113+0200] {logging_mixin.py:137} INFO - [2025-09-03T20:02:13.113+0200] {dag.py:3452} INFO - Setting next_dagrun for example_trigger_target_dag to None, run_after=None
[2025-09-03T20:02:13.144+0200] {processor.py:175} INFO - Processing /home/varun/miniconda3/envs/python38/lib/python3.8/site-packages/airflow/example_dags/example_trigger_target_dag.py took 0.093 seconds
[2025-09-03T20:03:00.043+0200] {processor.py:153} INFO - Started process (PID=4156) to work on /home/varun/miniconda3/envs/python38/lib/python3.8/site-packages/airflow/example_dags/example_trigger_target_dag.py
[2025-09-03T20:03:00.045+0200] {processor.py:743} INFO - Processing file /home/varun/miniconda3/envs/python38/lib/python3.8/site-packages/airflow/example_dags/example_trigger_target_dag.py for tasks to queue
[2025-09-03T20:03:00.045+0200] {logging_mixin.py:137} INFO - [2025-09-03T20:03:00.045+0200] {dagbag.py:532} INFO - Filling up the DagBag from /home/varun/miniconda3/envs/python38/lib/python3.8/site-packages/airflow/example_dags/example_trigger_target_dag.py
[2025-09-03T20:03:00.065+0200] {processor.py:753} INFO - DAG(s) dict_keys(['example_trigger_target_dag']) retrieved from /home/varun/miniconda3/envs/python38/lib/python3.8/site-packages/airflow/example_dags/example_trigger_target_dag.py
[2025-09-03T20:03:00.085+0200] {logging_mixin.py:137} INFO - [2025-09-03T20:03:00.085+0200] {dag.py:2705} INFO - Sync 1 DAGs
[2025-09-03T20:03:00.104+0200] {logging_mixin.py:137} INFO - [2025-09-03T20:03:00.104+0200] {dag.py:3452} INFO - Setting next_dagrun for example_trigger_target_dag to None, run_after=None
[2025-09-03T20:03:00.127+0200] {processor.py:175} INFO - Processing /home/varun/miniconda3/envs/python38/lib/python3.8/site-packages/airflow/example_dags/example_trigger_target_dag.py took 0.087 seconds
[2025-09-03T20:03:47.379+0200] {processor.py:153} INFO - Started process (PID=4198) to work on /home/varun/miniconda3/envs/python38/lib/python3.8/site-packages/airflow/example_dags/example_trigger_target_dag.py
[2025-09-03T20:03:47.382+0200] {processor.py:743} INFO - Processing file /home/varun/miniconda3/envs/python38/lib/python3.8/site-packages/airflow/example_dags/example_trigger_target_dag.py for tasks to queue
[2025-09-03T20:03:47.382+0200] {logging_mixin.py:137} INFO - [2025-09-03T20:03:47.382+0200] {dagbag.py:532} INFO - Filling up the DagBag from /home/varun/miniconda3/envs/python38/lib/python3.8/site-packages/airflow/example_dags/example_trigger_target_dag.py
[2025-09-03T20:03:47.411+0200] {processor.py:753} INFO - DAG(s) dict_keys(['example_trigger_target_dag']) retrieved from /home/varun/miniconda3/envs/python38/lib/python3.8/site-packages/airflow/example_dags/example_trigger_target_dag.py
[2025-09-03T20:03:47.437+0200] {logging_mixin.py:137} INFO - [2025-09-03T20:03:47.437+0200] {dag.py:2705} INFO - Sync 1 DAGs
[2025-09-03T20:03:47.459+0200] {logging_mixin.py:137} INFO - [2025-09-03T20:03:47.459+0200] {dag.py:3452} INFO - Setting next_dagrun for example_trigger_target_dag to None, run_after=None
[2025-09-03T20:03:47.492+0200] {processor.py:175} INFO - Processing /home/varun/miniconda3/envs/python38/lib/python3.8/site-packages/airflow/example_dags/example_trigger_target_dag.py took 0.117 seconds
[2025-09-03T20:04:36.968+0200] {processor.py:153} INFO - Started process (PID=4242) to work on /home/varun/miniconda3/envs/python38/lib/python3.8/site-packages/airflow/example_dags/example_trigger_target_dag.py
[2025-09-03T20:04:36.969+0200] {processor.py:743} INFO - Processing file /home/varun/miniconda3/envs/python38/lib/python3.8/site-packages/airflow/example_dags/example_trigger_target_dag.py for tasks to queue
[2025-09-03T20:04:36.970+0200] {logging_mixin.py:137} INFO - [2025-09-03T20:04:36.970+0200] {dagbag.py:532} INFO - Filling up the DagBag from /home/varun/miniconda3/envs/python38/lib/python3.8/site-packages/airflow/example_dags/example_trigger_target_dag.py
[2025-09-03T20:04:36.990+0200] {processor.py:753} INFO - DAG(s) dict_keys(['example_trigger_target_dag']) retrieved from /home/varun/miniconda3/envs/python38/lib/python3.8/site-packages/airflow/example_dags/example_trigger_target_dag.py
[2025-09-03T20:04:37.009+0200] {logging_mixin.py:137} INFO - [2025-09-03T20:04:37.009+0200] {dag.py:2705} INFO - Sync 1 DAGs
[2025-09-03T20:04:37.026+0200] {logging_mixin.py:137} INFO - [2025-09-03T20:04:37.026+0200] {dag.py:3452} INFO - Setting next_dagrun for example_trigger_target_dag to None, run_after=None
[2025-09-03T20:04:37.050+0200] {processor.py:175} INFO - Processing /home/varun/miniconda3/envs/python38/lib/python3.8/site-packages/airflow/example_dags/example_trigger_target_dag.py took 0.086 seconds
[2025-09-03T20:05:34.618+0200] {processor.py:153} INFO - Started process (PID=4301) to work on /home/varun/miniconda3/envs/python38/lib/python3.8/site-packages/airflow/example_dags/example_trigger_target_dag.py
[2025-09-03T20:05:34.620+0200] {processor.py:743} INFO - Processing file /home/varun/miniconda3/envs/python38/lib/python3.8/site-packages/airflow/example_dags/example_trigger_target_dag.py for tasks to queue
[2025-09-03T20:05:34.621+0200] {logging_mixin.py:137} INFO - [2025-09-03T20:05:34.620+0200] {dagbag.py:532} INFO - Filling up the DagBag from /home/varun/miniconda3/envs/python38/lib/python3.8/site-packages/airflow/example_dags/example_trigger_target_dag.py
[2025-09-03T20:05:34.647+0200] {processor.py:753} INFO - DAG(s) dict_keys(['example_trigger_target_dag']) retrieved from /home/varun/miniconda3/envs/python38/lib/python3.8/site-packages/airflow/example_dags/example_trigger_target_dag.py
[2025-09-03T20:05:34.765+0200] {logging_mixin.py:137} INFO - [2025-09-03T20:05:34.764+0200] {manager.py:504} INFO - Created Permission View: can delete on DAG:example_trigger_target_dag
[2025-09-03T20:05:34.780+0200] {logging_mixin.py:137} INFO - [2025-09-03T20:05:34.780+0200] {manager.py:504} INFO - Created Permission View: can read on DAG:example_trigger_target_dag
[2025-09-03T20:05:34.793+0200] {logging_mixin.py:137} INFO - [2025-09-03T20:05:34.793+0200] {manager.py:504} INFO - Created Permission View: can edit on DAG:example_trigger_target_dag
[2025-09-03T20:05:34.794+0200] {logging_mixin.py:137} INFO - [2025-09-03T20:05:34.794+0200] {dag.py:2705} INFO - Sync 1 DAGs
[2025-09-03T20:05:34.804+0200] {logging_mixin.py:137} INFO - [2025-09-03T20:05:34.804+0200] {dag.py:2726} INFO - Creating ORM DAG for example_trigger_target_dag
[2025-09-03T20:05:34.814+0200] {logging_mixin.py:137} INFO - [2025-09-03T20:05:34.814+0200] {dag.py:3452} INFO - Setting next_dagrun for example_trigger_target_dag to None, run_after=None
[2025-09-03T20:05:34.841+0200] {processor.py:175} INFO - Processing /home/varun/miniconda3/envs/python38/lib/python3.8/site-packages/airflow/example_dags/example_trigger_target_dag.py took 0.226 seconds
[2025-09-03T20:06:26.801+0200] {processor.py:153} INFO - Started process (PID=4343) to work on /home/varun/miniconda3/envs/python38/lib/python3.8/site-packages/airflow/example_dags/example_trigger_target_dag.py
[2025-09-03T20:06:26.810+0200] {processor.py:743} INFO - Processing file /home/varun/miniconda3/envs/python38/lib/python3.8/site-packages/airflow/example_dags/example_trigger_target_dag.py for tasks to queue
[2025-09-03T20:06:26.811+0200] {logging_mixin.py:137} INFO - [2025-09-03T20:06:26.810+0200] {dagbag.py:532} INFO - Filling up the DagBag from /home/varun/miniconda3/envs/python38/lib/python3.8/site-packages/airflow/example_dags/example_trigger_target_dag.py
[2025-09-03T20:06:26.833+0200] {processor.py:753} INFO - DAG(s) dict_keys(['example_trigger_target_dag']) retrieved from /home/varun/miniconda3/envs/python38/lib/python3.8/site-packages/airflow/example_dags/example_trigger_target_dag.py
[2025-09-03T20:06:26.856+0200] {logging_mixin.py:137} INFO - [2025-09-03T20:06:26.855+0200] {dag.py:2705} INFO - Sync 1 DAGs
[2025-09-03T20:06:26.881+0200] {logging_mixin.py:137} INFO - [2025-09-03T20:06:26.881+0200] {dag.py:3452} INFO - Setting next_dagrun for example_trigger_target_dag to None, run_after=None
[2025-09-03T20:06:26.909+0200] {processor.py:175} INFO - Processing /home/varun/miniconda3/envs/python38/lib/python3.8/site-packages/airflow/example_dags/example_trigger_target_dag.py took 0.112 seconds
[2025-09-03T20:07:13.087+0200] {processor.py:153} INFO - Started process (PID=4403) to work on /home/varun/miniconda3/envs/python38/lib/python3.8/site-packages/airflow/example_dags/example_trigger_target_dag.py
[2025-09-03T20:07:13.089+0200] {processor.py:743} INFO - Processing file /home/varun/miniconda3/envs/python38/lib/python3.8/site-packages/airflow/example_dags/example_trigger_target_dag.py for tasks to queue
[2025-09-03T20:07:13.091+0200] {logging_mixin.py:137} INFO - [2025-09-03T20:07:13.090+0200] {dagbag.py:532} INFO - Filling up the DagBag from /home/varun/miniconda3/envs/python38/lib/python3.8/site-packages/airflow/example_dags/example_trigger_target_dag.py
[2025-09-03T20:07:13.144+0200] {processor.py:753} INFO - DAG(s) dict_keys(['example_trigger_target_dag']) retrieved from /home/varun/miniconda3/envs/python38/lib/python3.8/site-packages/airflow/example_dags/example_trigger_target_dag.py
[2025-09-03T20:07:13.192+0200] {logging_mixin.py:137} INFO - [2025-09-03T20:07:13.191+0200] {dag.py:2705} INFO - Sync 1 DAGs
[2025-09-03T20:07:13.246+0200] {logging_mixin.py:137} INFO - [2025-09-03T20:07:13.246+0200] {dag.py:3452} INFO - Setting next_dagrun for example_trigger_target_dag to None, run_after=None
[2025-09-03T20:07:13.286+0200] {processor.py:175} INFO - Processing /home/varun/miniconda3/envs/python38/lib/python3.8/site-packages/airflow/example_dags/example_trigger_target_dag.py took 0.210 seconds
[2025-09-03T20:07:59.791+0200] {processor.py:153} INFO - Started process (PID=4453) to work on /home/varun/miniconda3/envs/python38/lib/python3.8/site-packages/airflow/example_dags/example_trigger_target_dag.py
[2025-09-03T20:07:59.793+0200] {processor.py:743} INFO - Processing file /home/varun/miniconda3/envs/python38/lib/python3.8/site-packages/airflow/example_dags/example_trigger_target_dag.py for tasks to queue
[2025-09-03T20:07:59.793+0200] {logging_mixin.py:137} INFO - [2025-09-03T20:07:59.793+0200] {dagbag.py:532} INFO - Filling up the DagBag from /home/varun/miniconda3/envs/python38/lib/python3.8/site-packages/airflow/example_dags/example_trigger_target_dag.py
[2025-09-03T20:07:59.816+0200] {processor.py:753} INFO - DAG(s) dict_keys(['example_trigger_target_dag']) retrieved from /home/varun/miniconda3/envs/python38/lib/python3.8/site-packages/airflow/example_dags/example_trigger_target_dag.py
[2025-09-03T20:07:59.842+0200] {logging_mixin.py:137} INFO - [2025-09-03T20:07:59.841+0200] {dag.py:2705} INFO - Sync 1 DAGs
[2025-09-03T20:07:59.869+0200] {logging_mixin.py:137} INFO - [2025-09-03T20:07:59.869+0200] {dag.py:3452} INFO - Setting next_dagrun for example_trigger_target_dag to None, run_after=None
[2025-09-03T20:07:59.903+0200] {processor.py:175} INFO - Processing /home/varun/miniconda3/envs/python38/lib/python3.8/site-packages/airflow/example_dags/example_trigger_target_dag.py took 0.116 seconds
[2025-09-03T20:09:14.515+0200] {processor.py:153} INFO - Started process (PID=4509) to work on /home/varun/miniconda3/envs/python38/lib/python3.8/site-packages/airflow/example_dags/example_trigger_target_dag.py
[2025-09-03T20:09:14.518+0200] {processor.py:743} INFO - Processing file /home/varun/miniconda3/envs/python38/lib/python3.8/site-packages/airflow/example_dags/example_trigger_target_dag.py for tasks to queue
[2025-09-03T20:09:14.519+0200] {logging_mixin.py:137} INFO - [2025-09-03T20:09:14.519+0200] {dagbag.py:532} INFO - Filling up the DagBag from /home/varun/miniconda3/envs/python38/lib/python3.8/site-packages/airflow/example_dags/example_trigger_target_dag.py
[2025-09-03T20:09:14.571+0200] {processor.py:753} INFO - DAG(s) dict_keys(['example_trigger_target_dag']) retrieved from /home/varun/miniconda3/envs/python38/lib/python3.8/site-packages/airflow/example_dags/example_trigger_target_dag.py
[2025-09-03T20:09:14.620+0200] {logging_mixin.py:137} INFO - [2025-09-03T20:09:14.619+0200] {dag.py:2705} INFO - Sync 1 DAGs
[2025-09-03T20:09:14.671+0200] {logging_mixin.py:137} INFO - [2025-09-03T20:09:14.671+0200] {dag.py:3452} INFO - Setting next_dagrun for example_trigger_target_dag to None, run_after=None
[2025-09-03T20:09:14.706+0200] {processor.py:175} INFO - Processing /home/varun/miniconda3/envs/python38/lib/python3.8/site-packages/airflow/example_dags/example_trigger_target_dag.py took 0.197 seconds
[2025-09-03T20:10:08.000+0200] {processor.py:153} INFO - Started process (PID=4554) to work on /home/varun/miniconda3/envs/python38/lib/python3.8/site-packages/airflow/example_dags/example_trigger_target_dag.py
[2025-09-03T20:10:08.002+0200] {processor.py:743} INFO - Processing file /home/varun/miniconda3/envs/python38/lib/python3.8/site-packages/airflow/example_dags/example_trigger_target_dag.py for tasks to queue
[2025-09-03T20:10:08.002+0200] {logging_mixin.py:137} INFO - [2025-09-03T20:10:08.002+0200] {dagbag.py:532} INFO - Filling up the DagBag from /home/varun/miniconda3/envs/python38/lib/python3.8/site-packages/airflow/example_dags/example_trigger_target_dag.py
[2025-09-03T20:10:08.025+0200] {processor.py:753} INFO - DAG(s) dict_keys(['example_trigger_target_dag']) retrieved from /home/varun/miniconda3/envs/python38/lib/python3.8/site-packages/airflow/example_dags/example_trigger_target_dag.py
[2025-09-03T20:10:08.045+0200] {logging_mixin.py:137} INFO - [2025-09-03T20:10:08.045+0200] {dag.py:2705} INFO - Sync 1 DAGs
[2025-09-03T20:10:08.067+0200] {logging_mixin.py:137} INFO - [2025-09-03T20:10:08.067+0200] {dag.py:3452} INFO - Setting next_dagrun for example_trigger_target_dag to None, run_after=None
[2025-09-03T20:10:08.094+0200] {processor.py:175} INFO - Processing /home/varun/miniconda3/envs/python38/lib/python3.8/site-packages/airflow/example_dags/example_trigger_target_dag.py took 0.098 seconds
[2025-09-03T20:10:51.904+0200] {processor.py:153} INFO - Started process (PID=4596) to work on /home/varun/miniconda3/envs/python38/lib/python3.8/site-packages/airflow/example_dags/example_trigger_target_dag.py
[2025-09-03T20:10:51.906+0200] {processor.py:743} INFO - Processing file /home/varun/miniconda3/envs/python38/lib/python3.8/site-packages/airflow/example_dags/example_trigger_target_dag.py for tasks to queue
[2025-09-03T20:10:51.906+0200] {logging_mixin.py:137} INFO - [2025-09-03T20:10:51.906+0200] {dagbag.py:532} INFO - Filling up the DagBag from /home/varun/miniconda3/envs/python38/lib/python3.8/site-packages/airflow/example_dags/example_trigger_target_dag.py
[2025-09-03T20:10:51.928+0200] {processor.py:753} INFO - DAG(s) dict_keys(['example_trigger_target_dag']) retrieved from /home/varun/miniconda3/envs/python38/lib/python3.8/site-packages/airflow/example_dags/example_trigger_target_dag.py
[2025-09-03T20:10:51.956+0200] {logging_mixin.py:137} INFO - [2025-09-03T20:10:51.956+0200] {dag.py:2705} INFO - Sync 1 DAGs
[2025-09-03T20:10:51.974+0200] {logging_mixin.py:137} INFO - [2025-09-03T20:10:51.974+0200] {dag.py:3452} INFO - Setting next_dagrun for example_trigger_target_dag to None, run_after=None
[2025-09-03T20:10:52.005+0200] {processor.py:175} INFO - Processing /home/varun/miniconda3/envs/python38/lib/python3.8/site-packages/airflow/example_dags/example_trigger_target_dag.py took 0.104 seconds
[2025-09-03T20:11:37.893+0200] {processor.py:153} INFO - Started process (PID=4638) to work on /home/varun/miniconda3/envs/python38/lib/python3.8/site-packages/airflow/example_dags/example_trigger_target_dag.py
[2025-09-03T20:11:37.894+0200] {processor.py:743} INFO - Processing file /home/varun/miniconda3/envs/python38/lib/python3.8/site-packages/airflow/example_dags/example_trigger_target_dag.py for tasks to queue
[2025-09-03T20:11:37.894+0200] {logging_mixin.py:137} INFO - [2025-09-03T20:11:37.894+0200] {dagbag.py:532} INFO - Filling up the DagBag from /home/varun/miniconda3/envs/python38/lib/python3.8/site-packages/airflow/example_dags/example_trigger_target_dag.py
[2025-09-03T20:11:37.916+0200] {processor.py:753} INFO - DAG(s) dict_keys(['example_trigger_target_dag']) retrieved from /home/varun/miniconda3/envs/python38/lib/python3.8/site-packages/airflow/example_dags/example_trigger_target_dag.py
[2025-09-03T20:11:37.938+0200] {logging_mixin.py:137} INFO - [2025-09-03T20:11:37.937+0200] {dag.py:2705} INFO - Sync 1 DAGs
[2025-09-03T20:11:37.956+0200] {logging_mixin.py:137} INFO - [2025-09-03T20:11:37.956+0200] {dag.py:3452} INFO - Setting next_dagrun for example_trigger_target_dag to None, run_after=None
[2025-09-03T20:11:37.979+0200] {processor.py:175} INFO - Processing /home/varun/miniconda3/envs/python38/lib/python3.8/site-packages/airflow/example_dags/example_trigger_target_dag.py took 0.090 seconds
[2025-09-03T20:12:26.346+0200] {processor.py:153} INFO - Started process (PID=4680) to work on /home/varun/miniconda3/envs/python38/lib/python3.8/site-packages/airflow/example_dags/example_trigger_target_dag.py
[2025-09-03T20:12:26.347+0200] {processor.py:743} INFO - Processing file /home/varun/miniconda3/envs/python38/lib/python3.8/site-packages/airflow/example_dags/example_trigger_target_dag.py for tasks to queue
[2025-09-03T20:12:26.348+0200] {logging_mixin.py:137} INFO - [2025-09-03T20:12:26.348+0200] {dagbag.py:532} INFO - Filling up the DagBag from /home/varun/miniconda3/envs/python38/lib/python3.8/site-packages/airflow/example_dags/example_trigger_target_dag.py
[2025-09-03T20:12:26.367+0200] {processor.py:753} INFO - DAG(s) dict_keys(['example_trigger_target_dag']) retrieved from /home/varun/miniconda3/envs/python38/lib/python3.8/site-packages/airflow/example_dags/example_trigger_target_dag.py
[2025-09-03T20:12:26.387+0200] {logging_mixin.py:137} INFO - [2025-09-03T20:12:26.387+0200] {dag.py:2705} INFO - Sync 1 DAGs
[2025-09-03T20:12:26.403+0200] {logging_mixin.py:137} INFO - [2025-09-03T20:12:26.403+0200] {dag.py:3452} INFO - Setting next_dagrun for example_trigger_target_dag to None, run_after=None
[2025-09-03T20:12:26.424+0200] {processor.py:175} INFO - Processing /home/varun/miniconda3/envs/python38/lib/python3.8/site-packages/airflow/example_dags/example_trigger_target_dag.py took 0.082 seconds
[2025-09-03T20:13:12.147+0200] {processor.py:153} INFO - Started process (PID=4723) to work on /home/varun/miniconda3/envs/python38/lib/python3.8/site-packages/airflow/example_dags/example_trigger_target_dag.py
[2025-09-03T20:13:12.148+0200] {processor.py:743} INFO - Processing file /home/varun/miniconda3/envs/python38/lib/python3.8/site-packages/airflow/example_dags/example_trigger_target_dag.py for tasks to queue
[2025-09-03T20:13:12.149+0200] {logging_mixin.py:137} INFO - [2025-09-03T20:13:12.149+0200] {dagbag.py:532} INFO - Filling up the DagBag from /home/varun/miniconda3/envs/python38/lib/python3.8/site-packages/airflow/example_dags/example_trigger_target_dag.py
[2025-09-03T20:13:12.172+0200] {processor.py:753} INFO - DAG(s) dict_keys(['example_trigger_target_dag']) retrieved from /home/varun/miniconda3/envs/python38/lib/python3.8/site-packages/airflow/example_dags/example_trigger_target_dag.py
[2025-09-03T20:13:12.194+0200] {logging_mixin.py:137} INFO - [2025-09-03T20:13:12.193+0200] {dag.py:2705} INFO - Sync 1 DAGs
[2025-09-03T20:13:12.211+0200] {logging_mixin.py:137} INFO - [2025-09-03T20:13:12.211+0200] {dag.py:3452} INFO - Setting next_dagrun for example_trigger_target_dag to None, run_after=None
[2025-09-03T20:13:12.239+0200] {processor.py:175} INFO - Processing /home/varun/miniconda3/envs/python38/lib/python3.8/site-packages/airflow/example_dags/example_trigger_target_dag.py took 0.096 seconds
[2025-09-03T20:13:57.531+0200] {processor.py:153} INFO - Started process (PID=4765) to work on /home/varun/miniconda3/envs/python38/lib/python3.8/site-packages/airflow/example_dags/example_trigger_target_dag.py
[2025-09-03T20:13:57.532+0200] {processor.py:743} INFO - Processing file /home/varun/miniconda3/envs/python38/lib/python3.8/site-packages/airflow/example_dags/example_trigger_target_dag.py for tasks to queue
[2025-09-03T20:13:57.533+0200] {logging_mixin.py:137} INFO - [2025-09-03T20:13:57.533+0200] {dagbag.py:532} INFO - Filling up the DagBag from /home/varun/miniconda3/envs/python38/lib/python3.8/site-packages/airflow/example_dags/example_trigger_target_dag.py
[2025-09-03T20:13:57.555+0200] {processor.py:753} INFO - DAG(s) dict_keys(['example_trigger_target_dag']) retrieved from /home/varun/miniconda3/envs/python38/lib/python3.8/site-packages/airflow/example_dags/example_trigger_target_dag.py
[2025-09-03T20:13:57.577+0200] {logging_mixin.py:137} INFO - [2025-09-03T20:13:57.577+0200] {dag.py:2705} INFO - Sync 1 DAGs
[2025-09-03T20:13:57.597+0200] {logging_mixin.py:137} INFO - [2025-09-03T20:13:57.597+0200] {dag.py:3452} INFO - Setting next_dagrun for example_trigger_target_dag to None, run_after=None
[2025-09-03T20:13:57.623+0200] {processor.py:175} INFO - Processing /home/varun/miniconda3/envs/python38/lib/python3.8/site-packages/airflow/example_dags/example_trigger_target_dag.py took 0.095 seconds
[2025-09-03T20:14:43.804+0200] {processor.py:153} INFO - Started process (PID=4807) to work on /home/varun/miniconda3/envs/python38/lib/python3.8/site-packages/airflow/example_dags/example_trigger_target_dag.py
[2025-09-03T20:14:43.806+0200] {processor.py:743} INFO - Processing file /home/varun/miniconda3/envs/python38/lib/python3.8/site-packages/airflow/example_dags/example_trigger_target_dag.py for tasks to queue
[2025-09-03T20:14:43.806+0200] {logging_mixin.py:137} INFO - [2025-09-03T20:14:43.806+0200] {dagbag.py:532} INFO - Filling up the DagBag from /home/varun/miniconda3/envs/python38/lib/python3.8/site-packages/airflow/example_dags/example_trigger_target_dag.py
[2025-09-03T20:14:43.824+0200] {processor.py:753} INFO - DAG(s) dict_keys(['example_trigger_target_dag']) retrieved from /home/varun/miniconda3/envs/python38/lib/python3.8/site-packages/airflow/example_dags/example_trigger_target_dag.py
[2025-09-03T20:14:43.841+0200] {logging_mixin.py:137} INFO - [2025-09-03T20:14:43.841+0200] {dag.py:2705} INFO - Sync 1 DAGs
[2025-09-03T20:14:43.858+0200] {logging_mixin.py:137} INFO - [2025-09-03T20:14:43.857+0200] {dag.py:3452} INFO - Setting next_dagrun for example_trigger_target_dag to None, run_after=None
[2025-09-03T20:14:43.880+0200] {processor.py:175} INFO - Processing /home/varun/miniconda3/envs/python38/lib/python3.8/site-packages/airflow/example_dags/example_trigger_target_dag.py took 0.079 seconds
[2025-09-03T20:15:28.779+0200] {processor.py:153} INFO - Started process (PID=4849) to work on /home/varun/miniconda3/envs/python38/lib/python3.8/site-packages/airflow/example_dags/example_trigger_target_dag.py
[2025-09-03T20:15:28.781+0200] {processor.py:743} INFO - Processing file /home/varun/miniconda3/envs/python38/lib/python3.8/site-packages/airflow/example_dags/example_trigger_target_dag.py for tasks to queue
[2025-09-03T20:15:28.781+0200] {logging_mixin.py:137} INFO - [2025-09-03T20:15:28.781+0200] {dagbag.py:532} INFO - Filling up the DagBag from /home/varun/miniconda3/envs/python38/lib/python3.8/site-packages/airflow/example_dags/example_trigger_target_dag.py
[2025-09-03T20:15:28.801+0200] {processor.py:753} INFO - DAG(s) dict_keys(['example_trigger_target_dag']) retrieved from /home/varun/miniconda3/envs/python38/lib/python3.8/site-packages/airflow/example_dags/example_trigger_target_dag.py
[2025-09-03T20:15:28.823+0200] {logging_mixin.py:137} INFO - [2025-09-03T20:15:28.822+0200] {dag.py:2705} INFO - Sync 1 DAGs
[2025-09-03T20:15:28.840+0200] {logging_mixin.py:137} INFO - [2025-09-03T20:15:28.840+0200] {dag.py:3452} INFO - Setting next_dagrun for example_trigger_target_dag to None, run_after=None
[2025-09-03T20:15:28.863+0200] {processor.py:175} INFO - Processing /home/varun/miniconda3/envs/python38/lib/python3.8/site-packages/airflow/example_dags/example_trigger_target_dag.py took 0.087 seconds
[2025-09-03T20:16:14.497+0200] {processor.py:153} INFO - Started process (PID=4891) to work on /home/varun/miniconda3/envs/python38/lib/python3.8/site-packages/airflow/example_dags/example_trigger_target_dag.py
[2025-09-03T20:16:14.499+0200] {processor.py:743} INFO - Processing file /home/varun/miniconda3/envs/python38/lib/python3.8/site-packages/airflow/example_dags/example_trigger_target_dag.py for tasks to queue
[2025-09-03T20:16:14.499+0200] {logging_mixin.py:137} INFO - [2025-09-03T20:16:14.499+0200] {dagbag.py:532} INFO - Filling up the DagBag from /home/varun/miniconda3/envs/python38/lib/python3.8/site-packages/airflow/example_dags/example_trigger_target_dag.py
[2025-09-03T20:16:14.517+0200] {processor.py:753} INFO - DAG(s) dict_keys(['example_trigger_target_dag']) retrieved from /home/varun/miniconda3/envs/python38/lib/python3.8/site-packages/airflow/example_dags/example_trigger_target_dag.py
[2025-09-03T20:16:14.534+0200] {logging_mixin.py:137} INFO - [2025-09-03T20:16:14.534+0200] {dag.py:2705} INFO - Sync 1 DAGs
[2025-09-03T20:16:14.548+0200] {logging_mixin.py:137} INFO - [2025-09-03T20:16:14.548+0200] {dag.py:3452} INFO - Setting next_dagrun for example_trigger_target_dag to None, run_after=None
[2025-09-03T20:16:14.571+0200] {processor.py:175} INFO - Processing /home/varun/miniconda3/envs/python38/lib/python3.8/site-packages/airflow/example_dags/example_trigger_target_dag.py took 0.077 seconds
[2025-09-03T20:16:57.590+0200] {processor.py:153} INFO - Started process (PID=4933) to work on /home/varun/miniconda3/envs/python38/lib/python3.8/site-packages/airflow/example_dags/example_trigger_target_dag.py
[2025-09-03T20:16:57.592+0200] {processor.py:743} INFO - Processing file /home/varun/miniconda3/envs/python38/lib/python3.8/site-packages/airflow/example_dags/example_trigger_target_dag.py for tasks to queue
[2025-09-03T20:16:57.593+0200] {logging_mixin.py:137} INFO - [2025-09-03T20:16:57.593+0200] {dagbag.py:532} INFO - Filling up the DagBag from /home/varun/miniconda3/envs/python38/lib/python3.8/site-packages/airflow/example_dags/example_trigger_target_dag.py
[2025-09-03T20:16:57.613+0200] {processor.py:753} INFO - DAG(s) dict_keys(['example_trigger_target_dag']) retrieved from /home/varun/miniconda3/envs/python38/lib/python3.8/site-packages/airflow/example_dags/example_trigger_target_dag.py
[2025-09-03T20:16:57.632+0200] {logging_mixin.py:137} INFO - [2025-09-03T20:16:57.632+0200] {dag.py:2705} INFO - Sync 1 DAGs
[2025-09-03T20:16:57.651+0200] {logging_mixin.py:137} INFO - [2025-09-03T20:16:57.651+0200] {dag.py:3452} INFO - Setting next_dagrun for example_trigger_target_dag to None, run_after=None
[2025-09-03T20:16:57.677+0200] {processor.py:175} INFO - Processing /home/varun/miniconda3/envs/python38/lib/python3.8/site-packages/airflow/example_dags/example_trigger_target_dag.py took 0.090 seconds
[2025-09-03T20:17:47.910+0200] {processor.py:153} INFO - Started process (PID=4978) to work on /home/varun/miniconda3/envs/python38/lib/python3.8/site-packages/airflow/example_dags/example_trigger_target_dag.py
[2025-09-03T20:17:47.912+0200] {processor.py:743} INFO - Processing file /home/varun/miniconda3/envs/python38/lib/python3.8/site-packages/airflow/example_dags/example_trigger_target_dag.py for tasks to queue
[2025-09-03T20:17:47.912+0200] {logging_mixin.py:137} INFO - [2025-09-03T20:17:47.912+0200] {dagbag.py:532} INFO - Filling up the DagBag from /home/varun/miniconda3/envs/python38/lib/python3.8/site-packages/airflow/example_dags/example_trigger_target_dag.py
[2025-09-03T20:17:47.933+0200] {processor.py:753} INFO - DAG(s) dict_keys(['example_trigger_target_dag']) retrieved from /home/varun/miniconda3/envs/python38/lib/python3.8/site-packages/airflow/example_dags/example_trigger_target_dag.py
[2025-09-03T20:17:47.952+0200] {logging_mixin.py:137} INFO - [2025-09-03T20:17:47.951+0200] {dag.py:2705} INFO - Sync 1 DAGs
[2025-09-03T20:17:47.968+0200] {logging_mixin.py:137} INFO - [2025-09-03T20:17:47.968+0200] {dag.py:3452} INFO - Setting next_dagrun for example_trigger_target_dag to None, run_after=None
[2025-09-03T20:17:47.992+0200] {processor.py:175} INFO - Processing /home/varun/miniconda3/envs/python38/lib/python3.8/site-packages/airflow/example_dags/example_trigger_target_dag.py took 0.085 seconds
[2025-09-03T20:18:32.134+0200] {processor.py:153} INFO - Started process (PID=5021) to work on /home/varun/miniconda3/envs/python38/lib/python3.8/site-packages/airflow/example_dags/example_trigger_target_dag.py
[2025-09-03T20:18:32.136+0200] {processor.py:743} INFO - Processing file /home/varun/miniconda3/envs/python38/lib/python3.8/site-packages/airflow/example_dags/example_trigger_target_dag.py for tasks to queue
[2025-09-03T20:18:32.136+0200] {logging_mixin.py:137} INFO - [2025-09-03T20:18:32.136+0200] {dagbag.py:532} INFO - Filling up the DagBag from /home/varun/miniconda3/envs/python38/lib/python3.8/site-packages/airflow/example_dags/example_trigger_target_dag.py
[2025-09-03T20:18:32.157+0200] {processor.py:753} INFO - DAG(s) dict_keys(['example_trigger_target_dag']) retrieved from /home/varun/miniconda3/envs/python38/lib/python3.8/site-packages/airflow/example_dags/example_trigger_target_dag.py
[2025-09-03T20:18:32.182+0200] {logging_mixin.py:137} INFO - [2025-09-03T20:18:32.182+0200] {dag.py:2705} INFO - Sync 1 DAGs
[2025-09-03T20:18:32.204+0200] {logging_mixin.py:137} INFO - [2025-09-03T20:18:32.204+0200] {dag.py:3452} INFO - Setting next_dagrun for example_trigger_target_dag to None, run_after=None
[2025-09-03T20:18:32.364+0200] {processor.py:175} INFO - Processing /home/varun/miniconda3/envs/python38/lib/python3.8/site-packages/airflow/example_dags/example_trigger_target_dag.py took 0.233 seconds
[2025-09-03T20:19:19.721+0200] {processor.py:153} INFO - Started process (PID=5063) to work on /home/varun/miniconda3/envs/python38/lib/python3.8/site-packages/airflow/example_dags/example_trigger_target_dag.py
[2025-09-03T20:19:19.723+0200] {processor.py:743} INFO - Processing file /home/varun/miniconda3/envs/python38/lib/python3.8/site-packages/airflow/example_dags/example_trigger_target_dag.py for tasks to queue
[2025-09-03T20:19:19.723+0200] {logging_mixin.py:137} INFO - [2025-09-03T20:19:19.723+0200] {dagbag.py:532} INFO - Filling up the DagBag from /home/varun/miniconda3/envs/python38/lib/python3.8/site-packages/airflow/example_dags/example_trigger_target_dag.py
[2025-09-03T20:19:19.740+0200] {processor.py:753} INFO - DAG(s) dict_keys(['example_trigger_target_dag']) retrieved from /home/varun/miniconda3/envs/python38/lib/python3.8/site-packages/airflow/example_dags/example_trigger_target_dag.py
[2025-09-03T20:19:19.757+0200] {logging_mixin.py:137} INFO - [2025-09-03T20:19:19.757+0200] {dag.py:2705} INFO - Sync 1 DAGs
[2025-09-03T20:19:19.853+0200] {logging_mixin.py:137} INFO - [2025-09-03T20:19:19.853+0200] {dag.py:3452} INFO - Setting next_dagrun for example_trigger_target_dag to None, run_after=None
[2025-09-03T20:19:19.876+0200] {processor.py:175} INFO - Processing /home/varun/miniconda3/envs/python38/lib/python3.8/site-packages/airflow/example_dags/example_trigger_target_dag.py took 0.158 seconds
[2025-09-03T20:20:12.147+0200] {processor.py:153} INFO - Started process (PID=5105) to work on /home/varun/miniconda3/envs/python38/lib/python3.8/site-packages/airflow/example_dags/example_trigger_target_dag.py
[2025-09-03T20:20:12.149+0200] {processor.py:743} INFO - Processing file /home/varun/miniconda3/envs/python38/lib/python3.8/site-packages/airflow/example_dags/example_trigger_target_dag.py for tasks to queue
[2025-09-03T20:20:12.150+0200] {logging_mixin.py:137} INFO - [2025-09-03T20:20:12.150+0200] {dagbag.py:532} INFO - Filling up the DagBag from /home/varun/miniconda3/envs/python38/lib/python3.8/site-packages/airflow/example_dags/example_trigger_target_dag.py
[2025-09-03T20:20:12.173+0200] {processor.py:753} INFO - DAG(s) dict_keys(['example_trigger_target_dag']) retrieved from /home/varun/miniconda3/envs/python38/lib/python3.8/site-packages/airflow/example_dags/example_trigger_target_dag.py
[2025-09-03T20:20:12.197+0200] {logging_mixin.py:137} INFO - [2025-09-03T20:20:12.197+0200] {dag.py:2705} INFO - Sync 1 DAGs
[2025-09-03T20:20:12.316+0200] {logging_mixin.py:137} INFO - [2025-09-03T20:20:12.315+0200] {dag.py:3452} INFO - Setting next_dagrun for example_trigger_target_dag to None, run_after=None
[2025-09-03T20:20:12.344+0200] {processor.py:175} INFO - Processing /home/varun/miniconda3/envs/python38/lib/python3.8/site-packages/airflow/example_dags/example_trigger_target_dag.py took 0.201 seconds
[2025-09-03T20:21:03.233+0200] {processor.py:153} INFO - Started process (PID=5147) to work on /home/varun/miniconda3/envs/python38/lib/python3.8/site-packages/airflow/example_dags/example_trigger_target_dag.py
[2025-09-03T20:21:03.234+0200] {processor.py:743} INFO - Processing file /home/varun/miniconda3/envs/python38/lib/python3.8/site-packages/airflow/example_dags/example_trigger_target_dag.py for tasks to queue
[2025-09-03T20:21:03.235+0200] {logging_mixin.py:137} INFO - [2025-09-03T20:21:03.235+0200] {dagbag.py:532} INFO - Filling up the DagBag from /home/varun/miniconda3/envs/python38/lib/python3.8/site-packages/airflow/example_dags/example_trigger_target_dag.py
[2025-09-03T20:21:03.253+0200] {processor.py:753} INFO - DAG(s) dict_keys(['example_trigger_target_dag']) retrieved from /home/varun/miniconda3/envs/python38/lib/python3.8/site-packages/airflow/example_dags/example_trigger_target_dag.py
[2025-09-03T20:21:03.356+0200] {logging_mixin.py:137} INFO - [2025-09-03T20:21:03.356+0200] {dag.py:2705} INFO - Sync 1 DAGs
[2025-09-03T20:21:03.369+0200] {logging_mixin.py:137} INFO - [2025-09-03T20:21:03.369+0200] {dag.py:3452} INFO - Setting next_dagrun for example_trigger_target_dag to None, run_after=None
[2025-09-03T20:21:03.393+0200] {processor.py:175} INFO - Processing /home/varun/miniconda3/envs/python38/lib/python3.8/site-packages/airflow/example_dags/example_trigger_target_dag.py took 0.163 seconds
[2025-09-03T20:21:55.015+0200] {processor.py:153} INFO - Started process (PID=5189) to work on /home/varun/miniconda3/envs/python38/lib/python3.8/site-packages/airflow/example_dags/example_trigger_target_dag.py
[2025-09-03T20:21:55.016+0200] {processor.py:743} INFO - Processing file /home/varun/miniconda3/envs/python38/lib/python3.8/site-packages/airflow/example_dags/example_trigger_target_dag.py for tasks to queue
[2025-09-03T20:21:55.016+0200] {logging_mixin.py:137} INFO - [2025-09-03T20:21:55.016+0200] {dagbag.py:532} INFO - Filling up the DagBag from /home/varun/miniconda3/envs/python38/lib/python3.8/site-packages/airflow/example_dags/example_trigger_target_dag.py
[2025-09-03T20:21:55.121+0200] {processor.py:753} INFO - DAG(s) dict_keys(['example_trigger_target_dag']) retrieved from /home/varun/miniconda3/envs/python38/lib/python3.8/site-packages/airflow/example_dags/example_trigger_target_dag.py
[2025-09-03T20:21:55.133+0200] {logging_mixin.py:137} INFO - [2025-09-03T20:21:55.133+0200] {dag.py:2705} INFO - Sync 1 DAGs
[2025-09-03T20:21:55.146+0200] {logging_mixin.py:137} INFO - [2025-09-03T20:21:55.146+0200] {dag.py:3452} INFO - Setting next_dagrun for example_trigger_target_dag to None, run_after=None
[2025-09-03T20:21:55.166+0200] {processor.py:175} INFO - Processing /home/varun/miniconda3/envs/python38/lib/python3.8/site-packages/airflow/example_dags/example_trigger_target_dag.py took 0.154 seconds
[2025-09-03T20:22:45.086+0200] {processor.py:153} INFO - Started process (PID=5231) to work on /home/varun/miniconda3/envs/python38/lib/python3.8/site-packages/airflow/example_dags/example_trigger_target_dag.py
[2025-09-03T20:22:45.088+0200] {processor.py:743} INFO - Processing file /home/varun/miniconda3/envs/python38/lib/python3.8/site-packages/airflow/example_dags/example_trigger_target_dag.py for tasks to queue
[2025-09-03T20:22:45.089+0200] {logging_mixin.py:137} INFO - [2025-09-03T20:22:45.088+0200] {dagbag.py:532} INFO - Filling up the DagBag from /home/varun/miniconda3/envs/python38/lib/python3.8/site-packages/airflow/example_dags/example_trigger_target_dag.py
[2025-09-03T20:22:45.194+0200] {processor.py:753} INFO - DAG(s) dict_keys(['example_trigger_target_dag']) retrieved from /home/varun/miniconda3/envs/python38/lib/python3.8/site-packages/airflow/example_dags/example_trigger_target_dag.py
[2025-09-03T20:22:45.206+0200] {logging_mixin.py:137} INFO - [2025-09-03T20:22:45.206+0200] {dag.py:2705} INFO - Sync 1 DAGs
[2025-09-03T20:22:45.218+0200] {logging_mixin.py:137} INFO - [2025-09-03T20:22:45.218+0200] {dag.py:3452} INFO - Setting next_dagrun for example_trigger_target_dag to None, run_after=None
[2025-09-03T20:22:45.237+0200] {processor.py:175} INFO - Processing /home/varun/miniconda3/envs/python38/lib/python3.8/site-packages/airflow/example_dags/example_trigger_target_dag.py took 0.154 seconds
[2025-09-03T20:23:32.984+0200] {processor.py:153} INFO - Started process (PID=5273) to work on /home/varun/miniconda3/envs/python38/lib/python3.8/site-packages/airflow/example_dags/example_trigger_target_dag.py
[2025-09-03T20:23:32.985+0200] {processor.py:743} INFO - Processing file /home/varun/miniconda3/envs/python38/lib/python3.8/site-packages/airflow/example_dags/example_trigger_target_dag.py for tasks to queue
[2025-09-03T20:23:32.985+0200] {logging_mixin.py:137} INFO - [2025-09-03T20:23:32.985+0200] {dagbag.py:532} INFO - Filling up the DagBag from /home/varun/miniconda3/envs/python38/lib/python3.8/site-packages/airflow/example_dags/example_trigger_target_dag.py
[2025-09-03T20:23:33.004+0200] {processor.py:753} INFO - DAG(s) dict_keys(['example_trigger_target_dag']) retrieved from /home/varun/miniconda3/envs/python38/lib/python3.8/site-packages/airflow/example_dags/example_trigger_target_dag.py
[2025-09-03T20:23:33.020+0200] {logging_mixin.py:137} INFO - [2025-09-03T20:23:33.020+0200] {dag.py:2705} INFO - Sync 1 DAGs
[2025-09-03T20:23:33.035+0200] {logging_mixin.py:137} INFO - [2025-09-03T20:23:33.035+0200] {dag.py:3452} INFO - Setting next_dagrun for example_trigger_target_dag to None, run_after=None
[2025-09-03T20:23:33.055+0200] {processor.py:175} INFO - Processing /home/varun/miniconda3/envs/python38/lib/python3.8/site-packages/airflow/example_dags/example_trigger_target_dag.py took 0.075 seconds
[2025-09-03T20:24:21.969+0200] {processor.py:153} INFO - Started process (PID=5316) to work on /home/varun/miniconda3/envs/python38/lib/python3.8/site-packages/airflow/example_dags/example_trigger_target_dag.py
[2025-09-03T20:24:21.971+0200] {processor.py:743} INFO - Processing file /home/varun/miniconda3/envs/python38/lib/python3.8/site-packages/airflow/example_dags/example_trigger_target_dag.py for tasks to queue
[2025-09-03T20:24:21.973+0200] {logging_mixin.py:137} INFO - [2025-09-03T20:24:21.972+0200] {dagbag.py:532} INFO - Filling up the DagBag from /home/varun/miniconda3/envs/python38/lib/python3.8/site-packages/airflow/example_dags/example_trigger_target_dag.py
[2025-09-03T20:24:22.011+0200] {processor.py:753} INFO - DAG(s) dict_keys(['example_trigger_target_dag']) retrieved from /home/varun/miniconda3/envs/python38/lib/python3.8/site-packages/airflow/example_dags/example_trigger_target_dag.py
[2025-09-03T20:24:22.048+0200] {logging_mixin.py:137} INFO - [2025-09-03T20:24:22.047+0200] {dag.py:2705} INFO - Sync 1 DAGs
[2025-09-03T20:24:22.072+0200] {logging_mixin.py:137} INFO - [2025-09-03T20:24:22.072+0200] {dag.py:3452} INFO - Setting next_dagrun for example_trigger_target_dag to None, run_after=None
[2025-09-03T20:24:22.099+0200] {processor.py:175} INFO - Processing /home/varun/miniconda3/envs/python38/lib/python3.8/site-packages/airflow/example_dags/example_trigger_target_dag.py took 0.136 seconds
[2025-09-03T20:25:06.394+0200] {processor.py:153} INFO - Started process (PID=5358) to work on /home/varun/miniconda3/envs/python38/lib/python3.8/site-packages/airflow/example_dags/example_trigger_target_dag.py
[2025-09-03T20:25:06.395+0200] {processor.py:743} INFO - Processing file /home/varun/miniconda3/envs/python38/lib/python3.8/site-packages/airflow/example_dags/example_trigger_target_dag.py for tasks to queue
[2025-09-03T20:25:06.396+0200] {logging_mixin.py:137} INFO - [2025-09-03T20:25:06.396+0200] {dagbag.py:532} INFO - Filling up the DagBag from /home/varun/miniconda3/envs/python38/lib/python3.8/site-packages/airflow/example_dags/example_trigger_target_dag.py
[2025-09-03T20:25:06.414+0200] {processor.py:753} INFO - DAG(s) dict_keys(['example_trigger_target_dag']) retrieved from /home/varun/miniconda3/envs/python38/lib/python3.8/site-packages/airflow/example_dags/example_trigger_target_dag.py
[2025-09-03T20:25:06.431+0200] {logging_mixin.py:137} INFO - [2025-09-03T20:25:06.431+0200] {dag.py:2705} INFO - Sync 1 DAGs
[2025-09-03T20:25:06.445+0200] {logging_mixin.py:137} INFO - [2025-09-03T20:25:06.445+0200] {dag.py:3452} INFO - Setting next_dagrun for example_trigger_target_dag to None, run_after=None
[2025-09-03T20:25:06.467+0200] {processor.py:175} INFO - Processing /home/varun/miniconda3/envs/python38/lib/python3.8/site-packages/airflow/example_dags/example_trigger_target_dag.py took 0.077 seconds
[2025-09-03T20:25:50.301+0200] {processor.py:153} INFO - Started process (PID=5400) to work on /home/varun/miniconda3/envs/python38/lib/python3.8/site-packages/airflow/example_dags/example_trigger_target_dag.py
[2025-09-03T20:25:50.303+0200] {processor.py:743} INFO - Processing file /home/varun/miniconda3/envs/python38/lib/python3.8/site-packages/airflow/example_dags/example_trigger_target_dag.py for tasks to queue
[2025-09-03T20:25:50.304+0200] {logging_mixin.py:137} INFO - [2025-09-03T20:25:50.304+0200] {dagbag.py:532} INFO - Filling up the DagBag from /home/varun/miniconda3/envs/python38/lib/python3.8/site-packages/airflow/example_dags/example_trigger_target_dag.py
[2025-09-03T20:25:50.339+0200] {processor.py:753} INFO - DAG(s) dict_keys(['example_trigger_target_dag']) retrieved from /home/varun/miniconda3/envs/python38/lib/python3.8/site-packages/airflow/example_dags/example_trigger_target_dag.py
[2025-09-03T20:25:50.363+0200] {logging_mixin.py:137} INFO - [2025-09-03T20:25:50.363+0200] {dag.py:2705} INFO - Sync 1 DAGs
[2025-09-03T20:25:50.389+0200] {logging_mixin.py:137} INFO - [2025-09-03T20:25:50.389+0200] {dag.py:3452} INFO - Setting next_dagrun for example_trigger_target_dag to None, run_after=None
[2025-09-03T20:25:50.416+0200] {processor.py:175} INFO - Processing /home/varun/miniconda3/envs/python38/lib/python3.8/site-packages/airflow/example_dags/example_trigger_target_dag.py took 0.120 seconds
[2025-09-03T20:26:39.787+0200] {processor.py:153} INFO - Started process (PID=5442) to work on /home/varun/miniconda3/envs/python38/lib/python3.8/site-packages/airflow/example_dags/example_trigger_target_dag.py
[2025-09-03T20:26:39.788+0200] {processor.py:743} INFO - Processing file /home/varun/miniconda3/envs/python38/lib/python3.8/site-packages/airflow/example_dags/example_trigger_target_dag.py for tasks to queue
[2025-09-03T20:26:39.789+0200] {logging_mixin.py:137} INFO - [2025-09-03T20:26:39.789+0200] {dagbag.py:532} INFO - Filling up the DagBag from /home/varun/miniconda3/envs/python38/lib/python3.8/site-packages/airflow/example_dags/example_trigger_target_dag.py
[2025-09-03T20:26:39.807+0200] {processor.py:753} INFO - DAG(s) dict_keys(['example_trigger_target_dag']) retrieved from /home/varun/miniconda3/envs/python38/lib/python3.8/site-packages/airflow/example_dags/example_trigger_target_dag.py
[2025-09-03T20:26:39.824+0200] {logging_mixin.py:137} INFO - [2025-09-03T20:26:39.823+0200] {dag.py:2705} INFO - Sync 1 DAGs
[2025-09-03T20:26:39.839+0200] {logging_mixin.py:137} INFO - [2025-09-03T20:26:39.838+0200] {dag.py:3452} INFO - Setting next_dagrun for example_trigger_target_dag to None, run_after=None
[2025-09-03T20:26:39.862+0200] {processor.py:175} INFO - Processing /home/varun/miniconda3/envs/python38/lib/python3.8/site-packages/airflow/example_dags/example_trigger_target_dag.py took 0.078 seconds
[2025-09-03T20:27:25.707+0200] {processor.py:153} INFO - Started process (PID=5484) to work on /home/varun/miniconda3/envs/python38/lib/python3.8/site-packages/airflow/example_dags/example_trigger_target_dag.py
[2025-09-03T20:27:25.709+0200] {processor.py:743} INFO - Processing file /home/varun/miniconda3/envs/python38/lib/python3.8/site-packages/airflow/example_dags/example_trigger_target_dag.py for tasks to queue
[2025-09-03T20:27:25.709+0200] {logging_mixin.py:137} INFO - [2025-09-03T20:27:25.709+0200] {dagbag.py:532} INFO - Filling up the DagBag from /home/varun/miniconda3/envs/python38/lib/python3.8/site-packages/airflow/example_dags/example_trigger_target_dag.py
[2025-09-03T20:27:25.727+0200] {processor.py:753} INFO - DAG(s) dict_keys(['example_trigger_target_dag']) retrieved from /home/varun/miniconda3/envs/python38/lib/python3.8/site-packages/airflow/example_dags/example_trigger_target_dag.py
[2025-09-03T20:27:25.748+0200] {logging_mixin.py:137} INFO - [2025-09-03T20:27:25.747+0200] {dag.py:2705} INFO - Sync 1 DAGs
[2025-09-03T20:27:25.765+0200] {logging_mixin.py:137} INFO - [2025-09-03T20:27:25.765+0200] {dag.py:3452} INFO - Setting next_dagrun for example_trigger_target_dag to None, run_after=None
[2025-09-03T20:27:25.787+0200] {processor.py:175} INFO - Processing /home/varun/miniconda3/envs/python38/lib/python3.8/site-packages/airflow/example_dags/example_trigger_target_dag.py took 0.083 seconds
[2025-09-03T20:28:11.960+0200] {processor.py:153} INFO - Started process (PID=5526) to work on /home/varun/miniconda3/envs/python38/lib/python3.8/site-packages/airflow/example_dags/example_trigger_target_dag.py
[2025-09-03T20:28:11.961+0200] {processor.py:743} INFO - Processing file /home/varun/miniconda3/envs/python38/lib/python3.8/site-packages/airflow/example_dags/example_trigger_target_dag.py for tasks to queue
[2025-09-03T20:28:11.962+0200] {logging_mixin.py:137} INFO - [2025-09-03T20:28:11.962+0200] {dagbag.py:532} INFO - Filling up the DagBag from /home/varun/miniconda3/envs/python38/lib/python3.8/site-packages/airflow/example_dags/example_trigger_target_dag.py
[2025-09-03T20:28:11.981+0200] {processor.py:753} INFO - DAG(s) dict_keys(['example_trigger_target_dag']) retrieved from /home/varun/miniconda3/envs/python38/lib/python3.8/site-packages/airflow/example_dags/example_trigger_target_dag.py
[2025-09-03T20:28:12.000+0200] {logging_mixin.py:137} INFO - [2025-09-03T20:28:12.000+0200] {dag.py:2705} INFO - Sync 1 DAGs
[2025-09-03T20:28:12.015+0200] {logging_mixin.py:137} INFO - [2025-09-03T20:28:12.015+0200] {dag.py:3452} INFO - Setting next_dagrun for example_trigger_target_dag to None, run_after=None
[2025-09-03T20:28:12.039+0200] {processor.py:175} INFO - Processing /home/varun/miniconda3/envs/python38/lib/python3.8/site-packages/airflow/example_dags/example_trigger_target_dag.py took 0.082 seconds
[2025-09-03T20:28:58.514+0200] {processor.py:153} INFO - Started process (PID=5568) to work on /home/varun/miniconda3/envs/python38/lib/python3.8/site-packages/airflow/example_dags/example_trigger_target_dag.py
[2025-09-03T20:28:58.516+0200] {processor.py:743} INFO - Processing file /home/varun/miniconda3/envs/python38/lib/python3.8/site-packages/airflow/example_dags/example_trigger_target_dag.py for tasks to queue
[2025-09-03T20:28:58.516+0200] {logging_mixin.py:137} INFO - [2025-09-03T20:28:58.516+0200] {dagbag.py:532} INFO - Filling up the DagBag from /home/varun/miniconda3/envs/python38/lib/python3.8/site-packages/airflow/example_dags/example_trigger_target_dag.py
[2025-09-03T20:28:58.534+0200] {processor.py:753} INFO - DAG(s) dict_keys(['example_trigger_target_dag']) retrieved from /home/varun/miniconda3/envs/python38/lib/python3.8/site-packages/airflow/example_dags/example_trigger_target_dag.py
[2025-09-03T20:28:58.551+0200] {logging_mixin.py:137} INFO - [2025-09-03T20:28:58.551+0200] {dag.py:2705} INFO - Sync 1 DAGs
[2025-09-03T20:28:58.565+0200] {logging_mixin.py:137} INFO - [2025-09-03T20:28:58.565+0200] {dag.py:3452} INFO - Setting next_dagrun for example_trigger_target_dag to None, run_after=None
[2025-09-03T20:28:58.585+0200] {processor.py:175} INFO - Processing /home/varun/miniconda3/envs/python38/lib/python3.8/site-packages/airflow/example_dags/example_trigger_target_dag.py took 0.074 seconds
[2025-09-03T20:29:47.738+0200] {processor.py:153} INFO - Started process (PID=5611) to work on /home/varun/miniconda3/envs/python38/lib/python3.8/site-packages/airflow/example_dags/example_trigger_target_dag.py
[2025-09-03T20:29:47.739+0200] {processor.py:743} INFO - Processing file /home/varun/miniconda3/envs/python38/lib/python3.8/site-packages/airflow/example_dags/example_trigger_target_dag.py for tasks to queue
[2025-09-03T20:29:47.740+0200] {logging_mixin.py:137} INFO - [2025-09-03T20:29:47.740+0200] {dagbag.py:532} INFO - Filling up the DagBag from /home/varun/miniconda3/envs/python38/lib/python3.8/site-packages/airflow/example_dags/example_trigger_target_dag.py
[2025-09-03T20:29:47.760+0200] {processor.py:753} INFO - DAG(s) dict_keys(['example_trigger_target_dag']) retrieved from /home/varun/miniconda3/envs/python38/lib/python3.8/site-packages/airflow/example_dags/example_trigger_target_dag.py
[2025-09-03T20:29:47.778+0200] {logging_mixin.py:137} INFO - [2025-09-03T20:29:47.778+0200] {dag.py:2705} INFO - Sync 1 DAGs
[2025-09-03T20:29:47.793+0200] {logging_mixin.py:137} INFO - [2025-09-03T20:29:47.793+0200] {dag.py:3452} INFO - Setting next_dagrun for example_trigger_target_dag to None, run_after=None
[2025-09-03T20:29:47.817+0200] {processor.py:175} INFO - Processing /home/varun/miniconda3/envs/python38/lib/python3.8/site-packages/airflow/example_dags/example_trigger_target_dag.py took 0.084 seconds
[2025-09-03T20:30:32.612+0200] {processor.py:153} INFO - Started process (PID=5653) to work on /home/varun/miniconda3/envs/python38/lib/python3.8/site-packages/airflow/example_dags/example_trigger_target_dag.py
[2025-09-03T20:30:32.613+0200] {processor.py:743} INFO - Processing file /home/varun/miniconda3/envs/python38/lib/python3.8/site-packages/airflow/example_dags/example_trigger_target_dag.py for tasks to queue
[2025-09-03T20:30:32.614+0200] {logging_mixin.py:137} INFO - [2025-09-03T20:30:32.614+0200] {dagbag.py:532} INFO - Filling up the DagBag from /home/varun/miniconda3/envs/python38/lib/python3.8/site-packages/airflow/example_dags/example_trigger_target_dag.py
[2025-09-03T20:30:32.632+0200] {processor.py:753} INFO - DAG(s) dict_keys(['example_trigger_target_dag']) retrieved from /home/varun/miniconda3/envs/python38/lib/python3.8/site-packages/airflow/example_dags/example_trigger_target_dag.py
[2025-09-03T20:30:32.649+0200] {logging_mixin.py:137} INFO - [2025-09-03T20:30:32.649+0200] {dag.py:2705} INFO - Sync 1 DAGs
[2025-09-03T20:30:32.664+0200] {logging_mixin.py:137} INFO - [2025-09-03T20:30:32.664+0200] {dag.py:3452} INFO - Setting next_dagrun for example_trigger_target_dag to None, run_after=None
[2025-09-03T20:30:32.687+0200] {processor.py:175} INFO - Processing /home/varun/miniconda3/envs/python38/lib/python3.8/site-packages/airflow/example_dags/example_trigger_target_dag.py took 0.078 seconds
[2025-09-03T20:31:16.773+0200] {processor.py:153} INFO - Started process (PID=5695) to work on /home/varun/miniconda3/envs/python38/lib/python3.8/site-packages/airflow/example_dags/example_trigger_target_dag.py
[2025-09-03T20:31:16.774+0200] {processor.py:743} INFO - Processing file /home/varun/miniconda3/envs/python38/lib/python3.8/site-packages/airflow/example_dags/example_trigger_target_dag.py for tasks to queue
[2025-09-03T20:31:16.775+0200] {logging_mixin.py:137} INFO - [2025-09-03T20:31:16.775+0200] {dagbag.py:532} INFO - Filling up the DagBag from /home/varun/miniconda3/envs/python38/lib/python3.8/site-packages/airflow/example_dags/example_trigger_target_dag.py
[2025-09-03T20:31:16.793+0200] {processor.py:753} INFO - DAG(s) dict_keys(['example_trigger_target_dag']) retrieved from /home/varun/miniconda3/envs/python38/lib/python3.8/site-packages/airflow/example_dags/example_trigger_target_dag.py
[2025-09-03T20:31:16.810+0200] {logging_mixin.py:137} INFO - [2025-09-03T20:31:16.809+0200] {dag.py:2705} INFO - Sync 1 DAGs
[2025-09-03T20:31:16.825+0200] {logging_mixin.py:137} INFO - [2025-09-03T20:31:16.825+0200] {dag.py:3452} INFO - Setting next_dagrun for example_trigger_target_dag to None, run_after=None
[2025-09-03T20:31:16.843+0200] {processor.py:175} INFO - Processing /home/varun/miniconda3/envs/python38/lib/python3.8/site-packages/airflow/example_dags/example_trigger_target_dag.py took 0.073 seconds
[2025-09-03T20:32:05.736+0200] {processor.py:153} INFO - Started process (PID=5737) to work on /home/varun/miniconda3/envs/python38/lib/python3.8/site-packages/airflow/example_dags/example_trigger_target_dag.py
[2025-09-03T20:32:05.737+0200] {processor.py:743} INFO - Processing file /home/varun/miniconda3/envs/python38/lib/python3.8/site-packages/airflow/example_dags/example_trigger_target_dag.py for tasks to queue
[2025-09-03T20:32:05.738+0200] {logging_mixin.py:137} INFO - [2025-09-03T20:32:05.738+0200] {dagbag.py:532} INFO - Filling up the DagBag from /home/varun/miniconda3/envs/python38/lib/python3.8/site-packages/airflow/example_dags/example_trigger_target_dag.py
[2025-09-03T20:32:05.758+0200] {processor.py:753} INFO - DAG(s) dict_keys(['example_trigger_target_dag']) retrieved from /home/varun/miniconda3/envs/python38/lib/python3.8/site-packages/airflow/example_dags/example_trigger_target_dag.py
[2025-09-03T20:32:05.778+0200] {logging_mixin.py:137} INFO - [2025-09-03T20:32:05.778+0200] {dag.py:2705} INFO - Sync 1 DAGs
[2025-09-03T20:32:05.796+0200] {logging_mixin.py:137} INFO - [2025-09-03T20:32:05.796+0200] {dag.py:3452} INFO - Setting next_dagrun for example_trigger_target_dag to None, run_after=None
[2025-09-03T20:32:05.821+0200] {processor.py:175} INFO - Processing /home/varun/miniconda3/envs/python38/lib/python3.8/site-packages/airflow/example_dags/example_trigger_target_dag.py took 0.088 seconds
[2025-09-03T20:32:49.764+0200] {processor.py:153} INFO - Started process (PID=5779) to work on /home/varun/miniconda3/envs/python38/lib/python3.8/site-packages/airflow/example_dags/example_trigger_target_dag.py
[2025-09-03T20:32:49.766+0200] {processor.py:743} INFO - Processing file /home/varun/miniconda3/envs/python38/lib/python3.8/site-packages/airflow/example_dags/example_trigger_target_dag.py for tasks to queue
[2025-09-03T20:32:49.767+0200] {logging_mixin.py:137} INFO - [2025-09-03T20:32:49.767+0200] {dagbag.py:532} INFO - Filling up the DagBag from /home/varun/miniconda3/envs/python38/lib/python3.8/site-packages/airflow/example_dags/example_trigger_target_dag.py
[2025-09-03T20:32:49.785+0200] {processor.py:753} INFO - DAG(s) dict_keys(['example_trigger_target_dag']) retrieved from /home/varun/miniconda3/envs/python38/lib/python3.8/site-packages/airflow/example_dags/example_trigger_target_dag.py
[2025-09-03T20:32:49.802+0200] {logging_mixin.py:137} INFO - [2025-09-03T20:32:49.802+0200] {dag.py:2705} INFO - Sync 1 DAGs
[2025-09-03T20:32:49.816+0200] {logging_mixin.py:137} INFO - [2025-09-03T20:32:49.816+0200] {dag.py:3452} INFO - Setting next_dagrun for example_trigger_target_dag to None, run_after=None
[2025-09-03T20:32:49.837+0200] {processor.py:175} INFO - Processing /home/varun/miniconda3/envs/python38/lib/python3.8/site-packages/airflow/example_dags/example_trigger_target_dag.py took 0.076 seconds
[2025-09-03T20:33:35.447+0200] {processor.py:153} INFO - Started process (PID=5821) to work on /home/varun/miniconda3/envs/python38/lib/python3.8/site-packages/airflow/example_dags/example_trigger_target_dag.py
[2025-09-03T20:33:35.448+0200] {processor.py:743} INFO - Processing file /home/varun/miniconda3/envs/python38/lib/python3.8/site-packages/airflow/example_dags/example_trigger_target_dag.py for tasks to queue
[2025-09-03T20:33:35.449+0200] {logging_mixin.py:137} INFO - [2025-09-03T20:33:35.449+0200] {dagbag.py:532} INFO - Filling up the DagBag from /home/varun/miniconda3/envs/python38/lib/python3.8/site-packages/airflow/example_dags/example_trigger_target_dag.py
[2025-09-03T20:33:35.467+0200] {processor.py:753} INFO - DAG(s) dict_keys(['example_trigger_target_dag']) retrieved from /home/varun/miniconda3/envs/python38/lib/python3.8/site-packages/airflow/example_dags/example_trigger_target_dag.py
[2025-09-03T20:33:35.484+0200] {logging_mixin.py:137} INFO - [2025-09-03T20:33:35.484+0200] {dag.py:2705} INFO - Sync 1 DAGs
[2025-09-03T20:33:35.498+0200] {logging_mixin.py:137} INFO - [2025-09-03T20:33:35.498+0200] {dag.py:3452} INFO - Setting next_dagrun for example_trigger_target_dag to None, run_after=None
[2025-09-03T20:33:35.519+0200] {processor.py:175} INFO - Processing /home/varun/miniconda3/envs/python38/lib/python3.8/site-packages/airflow/example_dags/example_trigger_target_dag.py took 0.075 seconds
[2025-09-03T20:34:20.447+0200] {processor.py:153} INFO - Started process (PID=5863) to work on /home/varun/miniconda3/envs/python38/lib/python3.8/site-packages/airflow/example_dags/example_trigger_target_dag.py
[2025-09-03T20:34:20.449+0200] {processor.py:743} INFO - Processing file /home/varun/miniconda3/envs/python38/lib/python3.8/site-packages/airflow/example_dags/example_trigger_target_dag.py for tasks to queue
[2025-09-03T20:34:20.449+0200] {logging_mixin.py:137} INFO - [2025-09-03T20:34:20.449+0200] {dagbag.py:532} INFO - Filling up the DagBag from /home/varun/miniconda3/envs/python38/lib/python3.8/site-packages/airflow/example_dags/example_trigger_target_dag.py
[2025-09-03T20:34:20.472+0200] {processor.py:753} INFO - DAG(s) dict_keys(['example_trigger_target_dag']) retrieved from /home/varun/miniconda3/envs/python38/lib/python3.8/site-packages/airflow/example_dags/example_trigger_target_dag.py
[2025-09-03T20:34:20.494+0200] {logging_mixin.py:137} INFO - [2025-09-03T20:34:20.493+0200] {dag.py:2705} INFO - Sync 1 DAGs
[2025-09-03T20:34:20.514+0200] {logging_mixin.py:137} INFO - [2025-09-03T20:34:20.514+0200] {dag.py:3452} INFO - Setting next_dagrun for example_trigger_target_dag to None, run_after=None
[2025-09-03T20:34:20.539+0200] {processor.py:175} INFO - Processing /home/varun/miniconda3/envs/python38/lib/python3.8/site-packages/airflow/example_dags/example_trigger_target_dag.py took 0.095 seconds
[2025-09-03T20:35:08.534+0200] {processor.py:153} INFO - Started process (PID=5906) to work on /home/varun/miniconda3/envs/python38/lib/python3.8/site-packages/airflow/example_dags/example_trigger_target_dag.py
[2025-09-03T20:35:08.536+0200] {processor.py:743} INFO - Processing file /home/varun/miniconda3/envs/python38/lib/python3.8/site-packages/airflow/example_dags/example_trigger_target_dag.py for tasks to queue
[2025-09-03T20:35:08.536+0200] {logging_mixin.py:137} INFO - [2025-09-03T20:35:08.536+0200] {dagbag.py:532} INFO - Filling up the DagBag from /home/varun/miniconda3/envs/python38/lib/python3.8/site-packages/airflow/example_dags/example_trigger_target_dag.py
[2025-09-03T20:35:08.555+0200] {processor.py:753} INFO - DAG(s) dict_keys(['example_trigger_target_dag']) retrieved from /home/varun/miniconda3/envs/python38/lib/python3.8/site-packages/airflow/example_dags/example_trigger_target_dag.py
[2025-09-03T20:35:08.573+0200] {logging_mixin.py:137} INFO - [2025-09-03T20:35:08.573+0200] {dag.py:2705} INFO - Sync 1 DAGs
[2025-09-03T20:35:08.589+0200] {logging_mixin.py:137} INFO - [2025-09-03T20:35:08.589+0200] {dag.py:3452} INFO - Setting next_dagrun for example_trigger_target_dag to None, run_after=None
[2025-09-03T20:35:08.611+0200] {processor.py:175} INFO - Processing /home/varun/miniconda3/envs/python38/lib/python3.8/site-packages/airflow/example_dags/example_trigger_target_dag.py took 0.081 seconds
[2025-09-03T20:35:53.444+0200] {processor.py:153} INFO - Started process (PID=5948) to work on /home/varun/miniconda3/envs/python38/lib/python3.8/site-packages/airflow/example_dags/example_trigger_target_dag.py
[2025-09-03T20:35:53.445+0200] {processor.py:743} INFO - Processing file /home/varun/miniconda3/envs/python38/lib/python3.8/site-packages/airflow/example_dags/example_trigger_target_dag.py for tasks to queue
[2025-09-03T20:35:53.446+0200] {logging_mixin.py:137} INFO - [2025-09-03T20:35:53.446+0200] {dagbag.py:532} INFO - Filling up the DagBag from /home/varun/miniconda3/envs/python38/lib/python3.8/site-packages/airflow/example_dags/example_trigger_target_dag.py
[2025-09-03T20:35:53.463+0200] {processor.py:753} INFO - DAG(s) dict_keys(['example_trigger_target_dag']) retrieved from /home/varun/miniconda3/envs/python38/lib/python3.8/site-packages/airflow/example_dags/example_trigger_target_dag.py
[2025-09-03T20:35:53.484+0200] {logging_mixin.py:137} INFO - [2025-09-03T20:35:53.484+0200] {dag.py:2705} INFO - Sync 1 DAGs
[2025-09-03T20:35:53.501+0200] {logging_mixin.py:137} INFO - [2025-09-03T20:35:53.501+0200] {dag.py:3452} INFO - Setting next_dagrun for example_trigger_target_dag to None, run_after=None
[2025-09-03T20:35:53.524+0200] {processor.py:175} INFO - Processing /home/varun/miniconda3/envs/python38/lib/python3.8/site-packages/airflow/example_dags/example_trigger_target_dag.py took 0.083 seconds
[2025-09-03T20:36:39.504+0200] {processor.py:153} INFO - Started process (PID=5990) to work on /home/varun/miniconda3/envs/python38/lib/python3.8/site-packages/airflow/example_dags/example_trigger_target_dag.py
[2025-09-03T20:36:39.506+0200] {processor.py:743} INFO - Processing file /home/varun/miniconda3/envs/python38/lib/python3.8/site-packages/airflow/example_dags/example_trigger_target_dag.py for tasks to queue
[2025-09-03T20:36:39.507+0200] {logging_mixin.py:137} INFO - [2025-09-03T20:36:39.507+0200] {dagbag.py:532} INFO - Filling up the DagBag from /home/varun/miniconda3/envs/python38/lib/python3.8/site-packages/airflow/example_dags/example_trigger_target_dag.py
[2025-09-03T20:36:39.527+0200] {processor.py:753} INFO - DAG(s) dict_keys(['example_trigger_target_dag']) retrieved from /home/varun/miniconda3/envs/python38/lib/python3.8/site-packages/airflow/example_dags/example_trigger_target_dag.py
[2025-09-03T20:36:39.546+0200] {logging_mixin.py:137} INFO - [2025-09-03T20:36:39.546+0200] {dag.py:2705} INFO - Sync 1 DAGs
[2025-09-03T20:36:39.564+0200] {logging_mixin.py:137} INFO - [2025-09-03T20:36:39.564+0200] {dag.py:3452} INFO - Setting next_dagrun for example_trigger_target_dag to None, run_after=None
[2025-09-03T20:36:39.587+0200] {processor.py:175} INFO - Processing /home/varun/miniconda3/envs/python38/lib/python3.8/site-packages/airflow/example_dags/example_trigger_target_dag.py took 0.087 seconds
