[2025-09-03T19:42:54.738+0200] {processor.py:153} INFO - Started process (PID=3115) to work on /home/varun/miniconda3/envs/python38/lib/python3.8/site-packages/airflow/example_dags/example_branch_operator.py
[2025-09-03T19:42:54.739+0200] {processor.py:743} INFO - Processing file /home/varun/miniconda3/envs/python38/lib/python3.8/site-packages/airflow/example_dags/example_branch_operator.py for tasks to queue
[2025-09-03T19:42:54.739+0200] {logging_mixin.py:137} INFO - [2025-09-03T19:42:54.739+0200] {dagbag.py:532} INFO - Filling up the DagBag from /home/varun/miniconda3/envs/python38/lib/python3.8/site-packages/airflow/example_dags/example_branch_operator.py
[2025-09-03T19:42:54.756+0200] {processor.py:753} INFO - DAG(s) dict_keys(['example_branch_operator']) retrieved from /home/varun/miniconda3/envs/python38/lib/python3.8/site-packages/airflow/example_dags/example_branch_operator.py
[2025-09-03T19:42:54.844+0200] {logging_mixin.py:137} INFO - [2025-09-03T19:42:54.844+0200] {manager.py:504} INFO - Created Permission View: can edit on DAG:example_branch_operator
[2025-09-03T19:42:54.857+0200] {logging_mixin.py:137} INFO - [2025-09-03T19:42:54.857+0200] {manager.py:504} INFO - Created Permission View: can delete on DAG:example_branch_operator
[2025-09-03T19:42:54.869+0200] {logging_mixin.py:137} INFO - [2025-09-03T19:42:54.869+0200] {manager.py:504} INFO - Created Permission View: can read on DAG:example_branch_operator
[2025-09-03T19:42:54.870+0200] {logging_mixin.py:137} INFO - [2025-09-03T19:42:54.870+0200] {dag.py:2705} INFO - Sync 1 DAGs
[2025-09-03T19:42:54.878+0200] {logging_mixin.py:137} INFO - [2025-09-03T19:42:54.878+0200] {dag.py:2726} INFO - Creating ORM DAG for example_branch_operator
[2025-09-03T19:42:54.887+0200] {logging_mixin.py:137} INFO - [2025-09-03T19:42:54.886+0200] {dag.py:3452} INFO - Setting next_dagrun for example_branch_operator to 2025-09-02T00:00:00+00:00, run_after=2025-09-03T00:00:00+00:00
[2025-09-03T19:42:54.908+0200] {processor.py:175} INFO - Processing /home/varun/miniconda3/envs/python38/lib/python3.8/site-packages/airflow/example_dags/example_branch_operator.py took 0.174 seconds
[2025-09-03T19:43:45.369+0200] {processor.py:153} INFO - Started process (PID=3157) to work on /home/varun/miniconda3/envs/python38/lib/python3.8/site-packages/airflow/example_dags/example_branch_operator.py
[2025-09-03T19:43:45.371+0200] {processor.py:743} INFO - Processing file /home/varun/miniconda3/envs/python38/lib/python3.8/site-packages/airflow/example_dags/example_branch_operator.py for tasks to queue
[2025-09-03T19:43:45.372+0200] {logging_mixin.py:137} INFO - [2025-09-03T19:43:45.372+0200] {dagbag.py:532} INFO - Filling up the DagBag from /home/varun/miniconda3/envs/python38/lib/python3.8/site-packages/airflow/example_dags/example_branch_operator.py
[2025-09-03T19:43:45.396+0200] {processor.py:753} INFO - DAG(s) dict_keys(['example_branch_operator']) retrieved from /home/varun/miniconda3/envs/python38/lib/python3.8/site-packages/airflow/example_dags/example_branch_operator.py
[2025-09-03T19:43:45.422+0200] {logging_mixin.py:137} INFO - [2025-09-03T19:43:45.422+0200] {dag.py:2705} INFO - Sync 1 DAGs
[2025-09-03T19:43:45.450+0200] {logging_mixin.py:137} INFO - [2025-09-03T19:43:45.449+0200] {dag.py:3452} INFO - Setting next_dagrun for example_branch_operator to 2025-09-02T00:00:00+00:00, run_after=2025-09-03T00:00:00+00:00
[2025-09-03T19:43:45.478+0200] {processor.py:175} INFO - Processing /home/varun/miniconda3/envs/python38/lib/python3.8/site-packages/airflow/example_dags/example_branch_operator.py took 0.113 seconds
[2025-09-03T19:44:32.784+0200] {processor.py:153} INFO - Started process (PID=3199) to work on /home/varun/miniconda3/envs/python38/lib/python3.8/site-packages/airflow/example_dags/example_branch_operator.py
[2025-09-03T19:44:32.785+0200] {processor.py:743} INFO - Processing file /home/varun/miniconda3/envs/python38/lib/python3.8/site-packages/airflow/example_dags/example_branch_operator.py for tasks to queue
[2025-09-03T19:44:32.786+0200] {logging_mixin.py:137} INFO - [2025-09-03T19:44:32.786+0200] {dagbag.py:532} INFO - Filling up the DagBag from /home/varun/miniconda3/envs/python38/lib/python3.8/site-packages/airflow/example_dags/example_branch_operator.py
[2025-09-03T19:44:32.804+0200] {processor.py:753} INFO - DAG(s) dict_keys(['example_branch_operator']) retrieved from /home/varun/miniconda3/envs/python38/lib/python3.8/site-packages/airflow/example_dags/example_branch_operator.py
[2025-09-03T19:44:32.830+0200] {logging_mixin.py:137} INFO - [2025-09-03T19:44:32.830+0200] {dag.py:2705} INFO - Sync 1 DAGs
[2025-09-03T19:44:32.853+0200] {logging_mixin.py:137} INFO - [2025-09-03T19:44:32.853+0200] {dag.py:3452} INFO - Setting next_dagrun for example_branch_operator to 2025-09-02T00:00:00+00:00, run_after=2025-09-03T00:00:00+00:00
[2025-09-03T19:44:32.880+0200] {processor.py:175} INFO - Processing /home/varun/miniconda3/envs/python38/lib/python3.8/site-packages/airflow/example_dags/example_branch_operator.py took 0.100 seconds
[2025-09-03T19:45:20.217+0200] {processor.py:153} INFO - Started process (PID=3242) to work on /home/varun/miniconda3/envs/python38/lib/python3.8/site-packages/airflow/example_dags/example_branch_operator.py
[2025-09-03T19:45:20.218+0200] {processor.py:743} INFO - Processing file /home/varun/miniconda3/envs/python38/lib/python3.8/site-packages/airflow/example_dags/example_branch_operator.py for tasks to queue
[2025-09-03T19:45:20.219+0200] {logging_mixin.py:137} INFO - [2025-09-03T19:45:20.219+0200] {dagbag.py:532} INFO - Filling up the DagBag from /home/varun/miniconda3/envs/python38/lib/python3.8/site-packages/airflow/example_dags/example_branch_operator.py
[2025-09-03T19:45:20.235+0200] {processor.py:753} INFO - DAG(s) dict_keys(['example_branch_operator']) retrieved from /home/varun/miniconda3/envs/python38/lib/python3.8/site-packages/airflow/example_dags/example_branch_operator.py
[2025-09-03T19:45:20.266+0200] {logging_mixin.py:137} INFO - [2025-09-03T19:45:20.265+0200] {dag.py:2705} INFO - Sync 1 DAGs
[2025-09-03T19:45:20.296+0200] {logging_mixin.py:137} INFO - [2025-09-03T19:45:20.296+0200] {dag.py:3452} INFO - Setting next_dagrun for example_branch_operator to 2025-09-02T00:00:00+00:00, run_after=2025-09-03T00:00:00+00:00
[2025-09-03T19:45:20.335+0200] {processor.py:175} INFO - Processing /home/varun/miniconda3/envs/python38/lib/python3.8/site-packages/airflow/example_dags/example_branch_operator.py took 0.122 seconds
[2025-09-03T19:46:07.801+0200] {processor.py:153} INFO - Started process (PID=3312) to work on /home/varun/miniconda3/envs/python38/lib/python3.8/site-packages/airflow/example_dags/example_branch_operator.py
[2025-09-03T19:46:07.802+0200] {processor.py:743} INFO - Processing file /home/varun/miniconda3/envs/python38/lib/python3.8/site-packages/airflow/example_dags/example_branch_operator.py for tasks to queue
[2025-09-03T19:46:07.803+0200] {logging_mixin.py:137} INFO - [2025-09-03T19:46:07.803+0200] {dagbag.py:532} INFO - Filling up the DagBag from /home/varun/miniconda3/envs/python38/lib/python3.8/site-packages/airflow/example_dags/example_branch_operator.py
[2025-09-03T19:46:07.824+0200] {processor.py:753} INFO - DAG(s) dict_keys(['example_branch_operator']) retrieved from /home/varun/miniconda3/envs/python38/lib/python3.8/site-packages/airflow/example_dags/example_branch_operator.py
[2025-09-03T19:46:07.848+0200] {logging_mixin.py:137} INFO - [2025-09-03T19:46:07.848+0200] {dag.py:2705} INFO - Sync 1 DAGs
[2025-09-03T19:46:07.869+0200] {logging_mixin.py:137} INFO - [2025-09-03T19:46:07.869+0200] {dag.py:3452} INFO - Setting next_dagrun for example_branch_operator to 2025-09-02T00:00:00+00:00, run_after=2025-09-03T00:00:00+00:00
[2025-09-03T19:46:07.904+0200] {processor.py:175} INFO - Processing /home/varun/miniconda3/envs/python38/lib/python3.8/site-packages/airflow/example_dags/example_branch_operator.py took 0.107 seconds
[2025-09-03T19:46:53.788+0200] {processor.py:153} INFO - Started process (PID=3360) to work on /home/varun/miniconda3/envs/python38/lib/python3.8/site-packages/airflow/example_dags/example_branch_operator.py
[2025-09-03T19:46:53.790+0200] {processor.py:743} INFO - Processing file /home/varun/miniconda3/envs/python38/lib/python3.8/site-packages/airflow/example_dags/example_branch_operator.py for tasks to queue
[2025-09-03T19:46:53.790+0200] {logging_mixin.py:137} INFO - [2025-09-03T19:46:53.790+0200] {dagbag.py:532} INFO - Filling up the DagBag from /home/varun/miniconda3/envs/python38/lib/python3.8/site-packages/airflow/example_dags/example_branch_operator.py
[2025-09-03T19:46:53.807+0200] {processor.py:753} INFO - DAG(s) dict_keys(['example_branch_operator']) retrieved from /home/varun/miniconda3/envs/python38/lib/python3.8/site-packages/airflow/example_dags/example_branch_operator.py
[2025-09-03T19:46:53.827+0200] {logging_mixin.py:137} INFO - [2025-09-03T19:46:53.827+0200] {dag.py:2705} INFO - Sync 1 DAGs
[2025-09-03T19:46:53.846+0200] {logging_mixin.py:137} INFO - [2025-09-03T19:46:53.846+0200] {dag.py:3452} INFO - Setting next_dagrun for example_branch_operator to 2025-09-02T00:00:00+00:00, run_after=2025-09-03T00:00:00+00:00
[2025-09-03T19:46:53.871+0200] {processor.py:175} INFO - Processing /home/varun/miniconda3/envs/python38/lib/python3.8/site-packages/airflow/example_dags/example_branch_operator.py took 0.086 seconds
[2025-09-03T19:47:40.643+0200] {processor.py:153} INFO - Started process (PID=3410) to work on /home/varun/miniconda3/envs/python38/lib/python3.8/site-packages/airflow/example_dags/example_branch_operator.py
[2025-09-03T19:47:40.645+0200] {processor.py:743} INFO - Processing file /home/varun/miniconda3/envs/python38/lib/python3.8/site-packages/airflow/example_dags/example_branch_operator.py for tasks to queue
[2025-09-03T19:47:40.645+0200] {logging_mixin.py:137} INFO - [2025-09-03T19:47:40.645+0200] {dagbag.py:532} INFO - Filling up the DagBag from /home/varun/miniconda3/envs/python38/lib/python3.8/site-packages/airflow/example_dags/example_branch_operator.py
[2025-09-03T19:47:40.667+0200] {processor.py:753} INFO - DAG(s) dict_keys(['example_branch_operator']) retrieved from /home/varun/miniconda3/envs/python38/lib/python3.8/site-packages/airflow/example_dags/example_branch_operator.py
[2025-09-03T19:47:40.695+0200] {logging_mixin.py:137} INFO - [2025-09-03T19:47:40.695+0200] {dag.py:2705} INFO - Sync 1 DAGs
[2025-09-03T19:47:40.723+0200] {logging_mixin.py:137} INFO - [2025-09-03T19:47:40.722+0200] {dag.py:3452} INFO - Setting next_dagrun for example_branch_operator to 2025-09-02T00:00:00+00:00, run_after=2025-09-03T00:00:00+00:00
[2025-09-03T19:47:40.755+0200] {processor.py:175} INFO - Processing /home/varun/miniconda3/envs/python38/lib/python3.8/site-packages/airflow/example_dags/example_branch_operator.py took 0.117 seconds
[2025-09-03T19:48:29.013+0200] {processor.py:153} INFO - Started process (PID=3452) to work on /home/varun/miniconda3/envs/python38/lib/python3.8/site-packages/airflow/example_dags/example_branch_operator.py
[2025-09-03T19:48:29.014+0200] {processor.py:743} INFO - Processing file /home/varun/miniconda3/envs/python38/lib/python3.8/site-packages/airflow/example_dags/example_branch_operator.py for tasks to queue
[2025-09-03T19:48:29.015+0200] {logging_mixin.py:137} INFO - [2025-09-03T19:48:29.015+0200] {dagbag.py:532} INFO - Filling up the DagBag from /home/varun/miniconda3/envs/python38/lib/python3.8/site-packages/airflow/example_dags/example_branch_operator.py
[2025-09-03T19:48:29.031+0200] {processor.py:753} INFO - DAG(s) dict_keys(['example_branch_operator']) retrieved from /home/varun/miniconda3/envs/python38/lib/python3.8/site-packages/airflow/example_dags/example_branch_operator.py
[2025-09-03T19:48:29.051+0200] {logging_mixin.py:137} INFO - [2025-09-03T19:48:29.051+0200] {dag.py:2705} INFO - Sync 1 DAGs
[2025-09-03T19:48:29.067+0200] {logging_mixin.py:137} INFO - [2025-09-03T19:48:29.066+0200] {dag.py:3452} INFO - Setting next_dagrun for example_branch_operator to 2025-09-02T00:00:00+00:00, run_after=2025-09-03T00:00:00+00:00
[2025-09-03T19:48:29.089+0200] {processor.py:175} INFO - Processing /home/varun/miniconda3/envs/python38/lib/python3.8/site-packages/airflow/example_dags/example_branch_operator.py took 0.080 seconds
[2025-09-03T19:49:18.223+0200] {processor.py:153} INFO - Started process (PID=3494) to work on /home/varun/miniconda3/envs/python38/lib/python3.8/site-packages/airflow/example_dags/example_branch_operator.py
[2025-09-03T19:49:18.225+0200] {processor.py:743} INFO - Processing file /home/varun/miniconda3/envs/python38/lib/python3.8/site-packages/airflow/example_dags/example_branch_operator.py for tasks to queue
[2025-09-03T19:49:18.226+0200] {logging_mixin.py:137} INFO - [2025-09-03T19:49:18.226+0200] {dagbag.py:532} INFO - Filling up the DagBag from /home/varun/miniconda3/envs/python38/lib/python3.8/site-packages/airflow/example_dags/example_branch_operator.py
[2025-09-03T19:49:18.246+0200] {processor.py:753} INFO - DAG(s) dict_keys(['example_branch_operator']) retrieved from /home/varun/miniconda3/envs/python38/lib/python3.8/site-packages/airflow/example_dags/example_branch_operator.py
[2025-09-03T19:49:18.294+0200] {logging_mixin.py:137} INFO - [2025-09-03T19:49:18.293+0200] {dag.py:2705} INFO - Sync 1 DAGs
[2025-09-03T19:49:18.320+0200] {logging_mixin.py:137} INFO - [2025-09-03T19:49:18.320+0200] {dag.py:3452} INFO - Setting next_dagrun for example_branch_operator to 2025-09-02T00:00:00+00:00, run_after=2025-09-03T00:00:00+00:00
[2025-09-03T19:49:18.355+0200] {processor.py:175} INFO - Processing /home/varun/miniconda3/envs/python38/lib/python3.8/site-packages/airflow/example_dags/example_branch_operator.py took 0.136 seconds
[2025-09-03T19:50:04.676+0200] {processor.py:153} INFO - Started process (PID=3545) to work on /home/varun/miniconda3/envs/python38/lib/python3.8/site-packages/airflow/example_dags/example_branch_operator.py
[2025-09-03T19:50:04.678+0200] {processor.py:743} INFO - Processing file /home/varun/miniconda3/envs/python38/lib/python3.8/site-packages/airflow/example_dags/example_branch_operator.py for tasks to queue
[2025-09-03T19:50:04.678+0200] {logging_mixin.py:137} INFO - [2025-09-03T19:50:04.678+0200] {dagbag.py:532} INFO - Filling up the DagBag from /home/varun/miniconda3/envs/python38/lib/python3.8/site-packages/airflow/example_dags/example_branch_operator.py
[2025-09-03T19:50:04.698+0200] {processor.py:753} INFO - DAG(s) dict_keys(['example_branch_operator']) retrieved from /home/varun/miniconda3/envs/python38/lib/python3.8/site-packages/airflow/example_dags/example_branch_operator.py
[2025-09-03T19:50:04.726+0200] {logging_mixin.py:137} INFO - [2025-09-03T19:50:04.725+0200] {dag.py:2705} INFO - Sync 1 DAGs
[2025-09-03T19:50:04.749+0200] {logging_mixin.py:137} INFO - [2025-09-03T19:50:04.748+0200] {dag.py:3452} INFO - Setting next_dagrun for example_branch_operator to 2025-09-02T00:00:00+00:00, run_after=2025-09-03T00:00:00+00:00
[2025-09-03T19:50:04.777+0200] {processor.py:175} INFO - Processing /home/varun/miniconda3/envs/python38/lib/python3.8/site-packages/airflow/example_dags/example_branch_operator.py took 0.104 seconds
[2025-09-03T19:50:54.426+0200] {processor.py:153} INFO - Started process (PID=3588) to work on /home/varun/miniconda3/envs/python38/lib/python3.8/site-packages/airflow/example_dags/example_branch_operator.py
[2025-09-03T19:50:54.428+0200] {processor.py:743} INFO - Processing file /home/varun/miniconda3/envs/python38/lib/python3.8/site-packages/airflow/example_dags/example_branch_operator.py for tasks to queue
[2025-09-03T19:50:54.429+0200] {logging_mixin.py:137} INFO - [2025-09-03T19:50:54.428+0200] {dagbag.py:532} INFO - Filling up the DagBag from /home/varun/miniconda3/envs/python38/lib/python3.8/site-packages/airflow/example_dags/example_branch_operator.py
[2025-09-03T19:50:54.447+0200] {processor.py:753} INFO - DAG(s) dict_keys(['example_branch_operator']) retrieved from /home/varun/miniconda3/envs/python38/lib/python3.8/site-packages/airflow/example_dags/example_branch_operator.py
[2025-09-03T19:50:54.472+0200] {logging_mixin.py:137} INFO - [2025-09-03T19:50:54.472+0200] {dag.py:2705} INFO - Sync 1 DAGs
[2025-09-03T19:50:54.491+0200] {logging_mixin.py:137} INFO - [2025-09-03T19:50:54.491+0200] {dag.py:3452} INFO - Setting next_dagrun for example_branch_operator to 2025-09-02T00:00:00+00:00, run_after=2025-09-03T00:00:00+00:00
[2025-09-03T19:50:54.539+0200] {processor.py:175} INFO - Processing /home/varun/miniconda3/envs/python38/lib/python3.8/site-packages/airflow/example_dags/example_branch_operator.py took 0.117 seconds
[2025-09-03T19:51:40.908+0200] {processor.py:153} INFO - Started process (PID=3643) to work on /home/varun/miniconda3/envs/python38/lib/python3.8/site-packages/airflow/example_dags/example_branch_operator.py
[2025-09-03T19:51:40.910+0200] {processor.py:743} INFO - Processing file /home/varun/miniconda3/envs/python38/lib/python3.8/site-packages/airflow/example_dags/example_branch_operator.py for tasks to queue
[2025-09-03T19:51:40.910+0200] {logging_mixin.py:137} INFO - [2025-09-03T19:51:40.910+0200] {dagbag.py:532} INFO - Filling up the DagBag from /home/varun/miniconda3/envs/python38/lib/python3.8/site-packages/airflow/example_dags/example_branch_operator.py
[2025-09-03T19:51:40.926+0200] {processor.py:753} INFO - DAG(s) dict_keys(['example_branch_operator']) retrieved from /home/varun/miniconda3/envs/python38/lib/python3.8/site-packages/airflow/example_dags/example_branch_operator.py
[2025-09-03T19:51:40.950+0200] {logging_mixin.py:137} INFO - [2025-09-03T19:51:40.950+0200] {dag.py:2705} INFO - Sync 1 DAGs
[2025-09-03T19:51:40.969+0200] {logging_mixin.py:137} INFO - [2025-09-03T19:51:40.969+0200] {dag.py:3452} INFO - Setting next_dagrun for example_branch_operator to 2025-09-02T00:00:00+00:00, run_after=2025-09-03T00:00:00+00:00
[2025-09-03T19:51:40.993+0200] {processor.py:175} INFO - Processing /home/varun/miniconda3/envs/python38/lib/python3.8/site-packages/airflow/example_dags/example_branch_operator.py took 0.088 seconds
[2025-09-03T19:52:29.433+0200] {processor.py:153} INFO - Started process (PID=3692) to work on /home/varun/miniconda3/envs/python38/lib/python3.8/site-packages/airflow/example_dags/example_branch_operator.py
[2025-09-03T19:52:29.435+0200] {processor.py:743} INFO - Processing file /home/varun/miniconda3/envs/python38/lib/python3.8/site-packages/airflow/example_dags/example_branch_operator.py for tasks to queue
[2025-09-03T19:52:29.435+0200] {logging_mixin.py:137} INFO - [2025-09-03T19:52:29.435+0200] {dagbag.py:532} INFO - Filling up the DagBag from /home/varun/miniconda3/envs/python38/lib/python3.8/site-packages/airflow/example_dags/example_branch_operator.py
[2025-09-03T19:52:29.451+0200] {processor.py:753} INFO - DAG(s) dict_keys(['example_branch_operator']) retrieved from /home/varun/miniconda3/envs/python38/lib/python3.8/site-packages/airflow/example_dags/example_branch_operator.py
[2025-09-03T19:52:29.472+0200] {logging_mixin.py:137} INFO - [2025-09-03T19:52:29.471+0200] {dag.py:2705} INFO - Sync 1 DAGs
[2025-09-03T19:52:29.491+0200] {logging_mixin.py:137} INFO - [2025-09-03T19:52:29.491+0200] {dag.py:3452} INFO - Setting next_dagrun for example_branch_operator to 2025-09-02T00:00:00+00:00, run_after=2025-09-03T00:00:00+00:00
[2025-09-03T19:52:29.611+0200] {processor.py:175} INFO - Processing /home/varun/miniconda3/envs/python38/lib/python3.8/site-packages/airflow/example_dags/example_branch_operator.py took 0.182 seconds
[2025-09-03T19:53:23.096+0200] {processor.py:153} INFO - Started process (PID=3734) to work on /home/varun/miniconda3/envs/python38/lib/python3.8/site-packages/airflow/example_dags/example_branch_operator.py
[2025-09-03T19:53:23.098+0200] {processor.py:743} INFO - Processing file /home/varun/miniconda3/envs/python38/lib/python3.8/site-packages/airflow/example_dags/example_branch_operator.py for tasks to queue
[2025-09-03T19:53:23.099+0200] {logging_mixin.py:137} INFO - [2025-09-03T19:53:23.098+0200] {dagbag.py:532} INFO - Filling up the DagBag from /home/varun/miniconda3/envs/python38/lib/python3.8/site-packages/airflow/example_dags/example_branch_operator.py
[2025-09-03T19:53:23.123+0200] {processor.py:753} INFO - DAG(s) dict_keys(['example_branch_operator']) retrieved from /home/varun/miniconda3/envs/python38/lib/python3.8/site-packages/airflow/example_dags/example_branch_operator.py
[2025-09-03T19:53:23.160+0200] {logging_mixin.py:137} INFO - [2025-09-03T19:53:23.160+0200] {dag.py:2705} INFO - Sync 1 DAGs
[2025-09-03T19:53:23.333+0200] {logging_mixin.py:137} INFO - [2025-09-03T19:53:23.333+0200] {dag.py:3452} INFO - Setting next_dagrun for example_branch_operator to 2025-09-02T00:00:00+00:00, run_after=2025-09-03T00:00:00+00:00
[2025-09-03T19:53:23.364+0200] {processor.py:175} INFO - Processing /home/varun/miniconda3/envs/python38/lib/python3.8/site-packages/airflow/example_dags/example_branch_operator.py took 0.275 seconds
[2025-09-03T19:54:20.027+0200] {processor.py:153} INFO - Started process (PID=3785) to work on /home/varun/miniconda3/envs/python38/lib/python3.8/site-packages/airflow/example_dags/example_branch_operator.py
[2025-09-03T19:54:20.029+0200] {processor.py:743} INFO - Processing file /home/varun/miniconda3/envs/python38/lib/python3.8/site-packages/airflow/example_dags/example_branch_operator.py for tasks to queue
[2025-09-03T19:54:20.031+0200] {logging_mixin.py:137} INFO - [2025-09-03T19:54:20.030+0200] {dagbag.py:532} INFO - Filling up the DagBag from /home/varun/miniconda3/envs/python38/lib/python3.8/site-packages/airflow/example_dags/example_branch_operator.py
[2025-09-03T19:54:20.078+0200] {processor.py:753} INFO - DAG(s) dict_keys(['example_branch_operator']) retrieved from /home/varun/miniconda3/envs/python38/lib/python3.8/site-packages/airflow/example_dags/example_branch_operator.py
[2025-09-03T19:54:20.138+0200] {logging_mixin.py:137} INFO - [2025-09-03T19:54:20.137+0200] {dag.py:2705} INFO - Sync 1 DAGs
[2025-09-03T19:54:20.390+0200] {logging_mixin.py:137} INFO - [2025-09-03T19:54:20.389+0200] {dag.py:3452} INFO - Setting next_dagrun for example_branch_operator to 2025-09-03T00:00:00+00:00, run_after=2025-09-04T00:00:00+00:00
[2025-09-03T19:54:20.452+0200] {processor.py:175} INFO - Processing /home/varun/miniconda3/envs/python38/lib/python3.8/site-packages/airflow/example_dags/example_branch_operator.py took 0.438 seconds
[2025-09-03T19:55:19.220+0200] {processor.py:153} INFO - Started process (PID=3841) to work on /home/varun/miniconda3/envs/python38/lib/python3.8/site-packages/airflow/example_dags/example_branch_operator.py
[2025-09-03T19:55:19.222+0200] {processor.py:743} INFO - Processing file /home/varun/miniconda3/envs/python38/lib/python3.8/site-packages/airflow/example_dags/example_branch_operator.py for tasks to queue
[2025-09-03T19:55:19.224+0200] {logging_mixin.py:137} INFO - [2025-09-03T19:55:19.224+0200] {dagbag.py:532} INFO - Filling up the DagBag from /home/varun/miniconda3/envs/python38/lib/python3.8/site-packages/airflow/example_dags/example_branch_operator.py
[2025-09-03T19:55:19.253+0200] {processor.py:753} INFO - DAG(s) dict_keys(['example_branch_operator']) retrieved from /home/varun/miniconda3/envs/python38/lib/python3.8/site-packages/airflow/example_dags/example_branch_operator.py
[2025-09-03T19:55:19.487+0200] {logging_mixin.py:137} INFO - [2025-09-03T19:55:19.487+0200] {dag.py:2705} INFO - Sync 1 DAGs
[2025-09-03T19:55:19.509+0200] {logging_mixin.py:137} INFO - [2025-09-03T19:55:19.509+0200] {dag.py:3452} INFO - Setting next_dagrun for example_branch_operator to 2025-09-03T00:00:00+00:00, run_after=2025-09-04T00:00:00+00:00
[2025-09-03T19:55:19.536+0200] {processor.py:175} INFO - Processing /home/varun/miniconda3/envs/python38/lib/python3.8/site-packages/airflow/example_dags/example_branch_operator.py took 0.321 seconds
[2025-09-03T19:56:21.241+0200] {processor.py:153} INFO - Started process (PID=3893) to work on /home/varun/miniconda3/envs/python38/lib/python3.8/site-packages/airflow/example_dags/example_branch_operator.py
[2025-09-03T19:56:21.243+0200] {processor.py:743} INFO - Processing file /home/varun/miniconda3/envs/python38/lib/python3.8/site-packages/airflow/example_dags/example_branch_operator.py for tasks to queue
[2025-09-03T19:56:21.243+0200] {logging_mixin.py:137} INFO - [2025-09-03T19:56:21.243+0200] {dagbag.py:532} INFO - Filling up the DagBag from /home/varun/miniconda3/envs/python38/lib/python3.8/site-packages/airflow/example_dags/example_branch_operator.py
[2025-09-03T19:56:21.403+0200] {processor.py:753} INFO - DAG(s) dict_keys(['example_branch_operator']) retrieved from /home/varun/miniconda3/envs/python38/lib/python3.8/site-packages/airflow/example_dags/example_branch_operator.py
[2025-09-03T19:56:21.423+0200] {logging_mixin.py:137} INFO - [2025-09-03T19:56:21.423+0200] {dag.py:2705} INFO - Sync 1 DAGs
[2025-09-03T19:56:21.440+0200] {logging_mixin.py:137} INFO - [2025-09-03T19:56:21.440+0200] {dag.py:3452} INFO - Setting next_dagrun for example_branch_operator to 2025-09-03T00:00:00+00:00, run_after=2025-09-04T00:00:00+00:00
[2025-09-03T19:56:21.465+0200] {processor.py:175} INFO - Processing /home/varun/miniconda3/envs/python38/lib/python3.8/site-packages/airflow/example_dags/example_branch_operator.py took 0.228 seconds
[2025-09-03T19:57:14.264+0200] {processor.py:153} INFO - Started process (PID=3940) to work on /home/varun/miniconda3/envs/python38/lib/python3.8/site-packages/airflow/example_dags/example_branch_operator.py
[2025-09-03T19:57:14.266+0200] {processor.py:743} INFO - Processing file /home/varun/miniconda3/envs/python38/lib/python3.8/site-packages/airflow/example_dags/example_branch_operator.py for tasks to queue
[2025-09-03T19:57:14.267+0200] {logging_mixin.py:137} INFO - [2025-09-03T19:57:14.267+0200] {dagbag.py:532} INFO - Filling up the DagBag from /home/varun/miniconda3/envs/python38/lib/python3.8/site-packages/airflow/example_dags/example_branch_operator.py
[2025-09-03T19:57:14.294+0200] {processor.py:753} INFO - DAG(s) dict_keys(['example_branch_operator']) retrieved from /home/varun/miniconda3/envs/python38/lib/python3.8/site-packages/airflow/example_dags/example_branch_operator.py
[2025-09-03T19:57:14.327+0200] {logging_mixin.py:137} INFO - [2025-09-03T19:57:14.327+0200] {dag.py:2705} INFO - Sync 1 DAGs
[2025-09-03T19:57:14.366+0200] {logging_mixin.py:137} INFO - [2025-09-03T19:57:14.366+0200] {dag.py:3452} INFO - Setting next_dagrun for example_branch_operator to 2025-09-03T00:00:00+00:00, run_after=2025-09-04T00:00:00+00:00
[2025-09-03T19:57:14.398+0200] {processor.py:175} INFO - Processing /home/varun/miniconda3/envs/python38/lib/python3.8/site-packages/airflow/example_dags/example_branch_operator.py took 0.137 seconds
[2025-09-03T19:58:05.266+0200] {processor.py:153} INFO - Started process (PID=3982) to work on /home/varun/miniconda3/envs/python38/lib/python3.8/site-packages/airflow/example_dags/example_branch_operator.py
[2025-09-03T19:58:05.268+0200] {processor.py:743} INFO - Processing file /home/varun/miniconda3/envs/python38/lib/python3.8/site-packages/airflow/example_dags/example_branch_operator.py for tasks to queue
[2025-09-03T19:58:05.268+0200] {logging_mixin.py:137} INFO - [2025-09-03T19:58:05.268+0200] {dagbag.py:532} INFO - Filling up the DagBag from /home/varun/miniconda3/envs/python38/lib/python3.8/site-packages/airflow/example_dags/example_branch_operator.py
[2025-09-03T19:58:05.290+0200] {processor.py:753} INFO - DAG(s) dict_keys(['example_branch_operator']) retrieved from /home/varun/miniconda3/envs/python38/lib/python3.8/site-packages/airflow/example_dags/example_branch_operator.py
[2025-09-03T19:58:05.311+0200] {logging_mixin.py:137} INFO - [2025-09-03T19:58:05.311+0200] {dag.py:2705} INFO - Sync 1 DAGs
[2025-09-03T19:58:05.333+0200] {logging_mixin.py:137} INFO - [2025-09-03T19:58:05.333+0200] {dag.py:3452} INFO - Setting next_dagrun for example_branch_operator to 2025-09-03T00:00:00+00:00, run_after=2025-09-04T00:00:00+00:00
[2025-09-03T19:58:05.363+0200] {processor.py:175} INFO - Processing /home/varun/miniconda3/envs/python38/lib/python3.8/site-packages/airflow/example_dags/example_branch_operator.py took 0.100 seconds
[2025-09-03T20:01:10.093+0200] {processor.py:153} INFO - Started process (PID=4055) to work on /home/varun/miniconda3/envs/python38/lib/python3.8/site-packages/airflow/example_dags/example_branch_operator.py
[2025-09-03T20:01:10.094+0200] {processor.py:743} INFO - Processing file /home/varun/miniconda3/envs/python38/lib/python3.8/site-packages/airflow/example_dags/example_branch_operator.py for tasks to queue
[2025-09-03T20:01:10.095+0200] {logging_mixin.py:137} INFO - [2025-09-03T20:01:10.095+0200] {dagbag.py:532} INFO - Filling up the DagBag from /home/varun/miniconda3/envs/python38/lib/python3.8/site-packages/airflow/example_dags/example_branch_operator.py
[2025-09-03T20:01:10.121+0200] {processor.py:753} INFO - DAG(s) dict_keys(['example_branch_operator']) retrieved from /home/varun/miniconda3/envs/python38/lib/python3.8/site-packages/airflow/example_dags/example_branch_operator.py
[2025-09-03T20:01:10.146+0200] {logging_mixin.py:137} INFO - [2025-09-03T20:01:10.146+0200] {dag.py:2705} INFO - Sync 1 DAGs
[2025-09-03T20:01:10.166+0200] {logging_mixin.py:137} INFO - [2025-09-03T20:01:10.166+0200] {dag.py:3452} INFO - Setting next_dagrun for example_branch_operator to 2025-09-03T00:00:00+00:00, run_after=2025-09-04T00:00:00+00:00
[2025-09-03T20:01:10.189+0200] {processor.py:175} INFO - Processing /home/varun/miniconda3/envs/python38/lib/python3.8/site-packages/airflow/example_dags/example_branch_operator.py took 0.101 seconds
[2025-09-03T20:01:57.562+0200] {processor.py:153} INFO - Started process (PID=4100) to work on /home/varun/miniconda3/envs/python38/lib/python3.8/site-packages/airflow/example_dags/example_branch_operator.py
[2025-09-03T20:01:57.563+0200] {processor.py:743} INFO - Processing file /home/varun/miniconda3/envs/python38/lib/python3.8/site-packages/airflow/example_dags/example_branch_operator.py for tasks to queue
[2025-09-03T20:01:57.564+0200] {logging_mixin.py:137} INFO - [2025-09-03T20:01:57.564+0200] {dagbag.py:532} INFO - Filling up the DagBag from /home/varun/miniconda3/envs/python38/lib/python3.8/site-packages/airflow/example_dags/example_branch_operator.py
[2025-09-03T20:01:57.578+0200] {processor.py:753} INFO - DAG(s) dict_keys(['example_branch_operator']) retrieved from /home/varun/miniconda3/envs/python38/lib/python3.8/site-packages/airflow/example_dags/example_branch_operator.py
[2025-09-03T20:01:57.596+0200] {logging_mixin.py:137} INFO - [2025-09-03T20:01:57.595+0200] {dag.py:2705} INFO - Sync 1 DAGs
[2025-09-03T20:01:57.612+0200] {logging_mixin.py:137} INFO - [2025-09-03T20:01:57.612+0200] {dag.py:3452} INFO - Setting next_dagrun for example_branch_operator to 2025-09-03T00:00:00+00:00, run_after=2025-09-04T00:00:00+00:00
[2025-09-03T20:01:57.634+0200] {processor.py:175} INFO - Processing /home/varun/miniconda3/envs/python38/lib/python3.8/site-packages/airflow/example_dags/example_branch_operator.py took 0.075 seconds
[2025-09-03T20:02:42.264+0200] {processor.py:153} INFO - Started process (PID=4142) to work on /home/varun/miniconda3/envs/python38/lib/python3.8/site-packages/airflow/example_dags/example_branch_operator.py
[2025-09-03T20:02:42.266+0200] {processor.py:743} INFO - Processing file /home/varun/miniconda3/envs/python38/lib/python3.8/site-packages/airflow/example_dags/example_branch_operator.py for tasks to queue
[2025-09-03T20:02:42.267+0200] {logging_mixin.py:137} INFO - [2025-09-03T20:02:42.266+0200] {dagbag.py:532} INFO - Filling up the DagBag from /home/varun/miniconda3/envs/python38/lib/python3.8/site-packages/airflow/example_dags/example_branch_operator.py
[2025-09-03T20:02:42.283+0200] {processor.py:753} INFO - DAG(s) dict_keys(['example_branch_operator']) retrieved from /home/varun/miniconda3/envs/python38/lib/python3.8/site-packages/airflow/example_dags/example_branch_operator.py
[2025-09-03T20:02:42.303+0200] {logging_mixin.py:137} INFO - [2025-09-03T20:02:42.303+0200] {dag.py:2705} INFO - Sync 1 DAGs
[2025-09-03T20:02:42.322+0200] {logging_mixin.py:137} INFO - [2025-09-03T20:02:42.322+0200] {dag.py:3452} INFO - Setting next_dagrun for example_branch_operator to 2025-09-03T00:00:00+00:00, run_after=2025-09-04T00:00:00+00:00
[2025-09-03T20:02:42.344+0200] {processor.py:175} INFO - Processing /home/varun/miniconda3/envs/python38/lib/python3.8/site-packages/airflow/example_dags/example_branch_operator.py took 0.083 seconds
[2025-09-03T20:03:32.744+0200] {processor.py:153} INFO - Started process (PID=4184) to work on /home/varun/miniconda3/envs/python38/lib/python3.8/site-packages/airflow/example_dags/example_branch_operator.py
[2025-09-03T20:03:32.746+0200] {processor.py:743} INFO - Processing file /home/varun/miniconda3/envs/python38/lib/python3.8/site-packages/airflow/example_dags/example_branch_operator.py for tasks to queue
[2025-09-03T20:03:32.746+0200] {logging_mixin.py:137} INFO - [2025-09-03T20:03:32.746+0200] {dagbag.py:532} INFO - Filling up the DagBag from /home/varun/miniconda3/envs/python38/lib/python3.8/site-packages/airflow/example_dags/example_branch_operator.py
[2025-09-03T20:03:32.763+0200] {processor.py:753} INFO - DAG(s) dict_keys(['example_branch_operator']) retrieved from /home/varun/miniconda3/envs/python38/lib/python3.8/site-packages/airflow/example_dags/example_branch_operator.py
[2025-09-03T20:03:32.786+0200] {logging_mixin.py:137} INFO - [2025-09-03T20:03:32.785+0200] {dag.py:2705} INFO - Sync 1 DAGs
[2025-09-03T20:03:32.808+0200] {logging_mixin.py:137} INFO - [2025-09-03T20:03:32.808+0200] {dag.py:3452} INFO - Setting next_dagrun for example_branch_operator to 2025-09-03T00:00:00+00:00, run_after=2025-09-04T00:00:00+00:00
[2025-09-03T20:03:32.838+0200] {processor.py:175} INFO - Processing /home/varun/miniconda3/envs/python38/lib/python3.8/site-packages/airflow/example_dags/example_branch_operator.py took 0.099 seconds
[2025-09-03T20:04:20.224+0200] {processor.py:153} INFO - Started process (PID=4226) to work on /home/varun/miniconda3/envs/python38/lib/python3.8/site-packages/airflow/example_dags/example_branch_operator.py
[2025-09-03T20:04:20.226+0200] {processor.py:743} INFO - Processing file /home/varun/miniconda3/envs/python38/lib/python3.8/site-packages/airflow/example_dags/example_branch_operator.py for tasks to queue
[2025-09-03T20:04:20.227+0200] {logging_mixin.py:137} INFO - [2025-09-03T20:04:20.227+0200] {dagbag.py:532} INFO - Filling up the DagBag from /home/varun/miniconda3/envs/python38/lib/python3.8/site-packages/airflow/example_dags/example_branch_operator.py
[2025-09-03T20:04:20.245+0200] {processor.py:753} INFO - DAG(s) dict_keys(['example_branch_operator']) retrieved from /home/varun/miniconda3/envs/python38/lib/python3.8/site-packages/airflow/example_dags/example_branch_operator.py
[2025-09-03T20:04:20.265+0200] {logging_mixin.py:137} INFO - [2025-09-03T20:04:20.265+0200] {dag.py:2705} INFO - Sync 1 DAGs
[2025-09-03T20:04:20.286+0200] {logging_mixin.py:137} INFO - [2025-09-03T20:04:20.286+0200] {dag.py:3452} INFO - Setting next_dagrun for example_branch_operator to 2025-09-03T00:00:00+00:00, run_after=2025-09-04T00:00:00+00:00
[2025-09-03T20:04:20.311+0200] {processor.py:175} INFO - Processing /home/varun/miniconda3/envs/python38/lib/python3.8/site-packages/airflow/example_dags/example_branch_operator.py took 0.090 seconds
[2025-09-03T20:05:19.149+0200] {processor.py:153} INFO - Started process (PID=4281) to work on /home/varun/miniconda3/envs/python38/lib/python3.8/site-packages/airflow/example_dags/example_branch_operator.py
[2025-09-03T20:05:19.151+0200] {processor.py:743} INFO - Processing file /home/varun/miniconda3/envs/python38/lib/python3.8/site-packages/airflow/example_dags/example_branch_operator.py for tasks to queue
[2025-09-03T20:05:19.151+0200] {logging_mixin.py:137} INFO - [2025-09-03T20:05:19.151+0200] {dagbag.py:532} INFO - Filling up the DagBag from /home/varun/miniconda3/envs/python38/lib/python3.8/site-packages/airflow/example_dags/example_branch_operator.py
[2025-09-03T20:05:19.168+0200] {processor.py:753} INFO - DAG(s) dict_keys(['example_branch_operator']) retrieved from /home/varun/miniconda3/envs/python38/lib/python3.8/site-packages/airflow/example_dags/example_branch_operator.py
[2025-09-03T20:05:19.264+0200] {logging_mixin.py:137} INFO - [2025-09-03T20:05:19.263+0200] {manager.py:504} INFO - Created Permission View: can delete on DAG:example_branch_operator
[2025-09-03T20:05:19.277+0200] {logging_mixin.py:137} INFO - [2025-09-03T20:05:19.276+0200] {manager.py:504} INFO - Created Permission View: can read on DAG:example_branch_operator
[2025-09-03T20:05:19.288+0200] {logging_mixin.py:137} INFO - [2025-09-03T20:05:19.288+0200] {manager.py:504} INFO - Created Permission View: can edit on DAG:example_branch_operator
[2025-09-03T20:05:19.288+0200] {logging_mixin.py:137} INFO - [2025-09-03T20:05:19.288+0200] {dag.py:2705} INFO - Sync 1 DAGs
[2025-09-03T20:05:19.297+0200] {logging_mixin.py:137} INFO - [2025-09-03T20:05:19.296+0200] {dag.py:2726} INFO - Creating ORM DAG for example_branch_operator
[2025-09-03T20:05:19.306+0200] {logging_mixin.py:137} INFO - [2025-09-03T20:05:19.306+0200] {dag.py:3452} INFO - Setting next_dagrun for example_branch_operator to 2025-09-02T00:00:00+00:00, run_after=2025-09-03T00:00:00+00:00
[2025-09-03T20:05:19.326+0200] {processor.py:175} INFO - Processing /home/varun/miniconda3/envs/python38/lib/python3.8/site-packages/airflow/example_dags/example_branch_operator.py took 0.180 seconds
[2025-09-03T20:06:08.350+0200] {processor.py:153} INFO - Started process (PID=4329) to work on /home/varun/miniconda3/envs/python38/lib/python3.8/site-packages/airflow/example_dags/example_branch_operator.py
[2025-09-03T20:06:08.352+0200] {processor.py:743} INFO - Processing file /home/varun/miniconda3/envs/python38/lib/python3.8/site-packages/airflow/example_dags/example_branch_operator.py for tasks to queue
[2025-09-03T20:06:08.353+0200] {logging_mixin.py:137} INFO - [2025-09-03T20:06:08.353+0200] {dagbag.py:532} INFO - Filling up the DagBag from /home/varun/miniconda3/envs/python38/lib/python3.8/site-packages/airflow/example_dags/example_branch_operator.py
[2025-09-03T20:06:08.375+0200] {processor.py:753} INFO - DAG(s) dict_keys(['example_branch_operator']) retrieved from /home/varun/miniconda3/envs/python38/lib/python3.8/site-packages/airflow/example_dags/example_branch_operator.py
[2025-09-03T20:06:08.400+0200] {logging_mixin.py:137} INFO - [2025-09-03T20:06:08.400+0200] {dag.py:2705} INFO - Sync 1 DAGs
[2025-09-03T20:06:08.421+0200] {logging_mixin.py:137} INFO - [2025-09-03T20:06:08.421+0200] {dag.py:3452} INFO - Setting next_dagrun for example_branch_operator to 2025-09-02T00:00:00+00:00, run_after=2025-09-03T00:00:00+00:00
[2025-09-03T20:06:08.443+0200] {processor.py:175} INFO - Processing /home/varun/miniconda3/envs/python38/lib/python3.8/site-packages/airflow/example_dags/example_branch_operator.py took 0.098 seconds
[2025-09-03T20:06:58.397+0200] {processor.py:153} INFO - Started process (PID=4381) to work on /home/varun/miniconda3/envs/python38/lib/python3.8/site-packages/airflow/example_dags/example_branch_operator.py
[2025-09-03T20:06:58.399+0200] {processor.py:743} INFO - Processing file /home/varun/miniconda3/envs/python38/lib/python3.8/site-packages/airflow/example_dags/example_branch_operator.py for tasks to queue
[2025-09-03T20:06:58.400+0200] {logging_mixin.py:137} INFO - [2025-09-03T20:06:58.400+0200] {dagbag.py:532} INFO - Filling up the DagBag from /home/varun/miniconda3/envs/python38/lib/python3.8/site-packages/airflow/example_dags/example_branch_operator.py
[2025-09-03T20:06:58.422+0200] {processor.py:753} INFO - DAG(s) dict_keys(['example_branch_operator']) retrieved from /home/varun/miniconda3/envs/python38/lib/python3.8/site-packages/airflow/example_dags/example_branch_operator.py
[2025-09-03T20:06:58.451+0200] {logging_mixin.py:137} INFO - [2025-09-03T20:06:58.451+0200] {dag.py:2705} INFO - Sync 1 DAGs
[2025-09-03T20:06:58.481+0200] {logging_mixin.py:137} INFO - [2025-09-03T20:06:58.481+0200] {dag.py:3452} INFO - Setting next_dagrun for example_branch_operator to 2025-09-02T00:00:00+00:00, run_after=2025-09-03T00:00:00+00:00
[2025-09-03T20:06:58.519+0200] {processor.py:175} INFO - Processing /home/varun/miniconda3/envs/python38/lib/python3.8/site-packages/airflow/example_dags/example_branch_operator.py took 0.127 seconds
[2025-09-03T20:07:45.613+0200] {processor.py:153} INFO - Started process (PID=4439) to work on /home/varun/miniconda3/envs/python38/lib/python3.8/site-packages/airflow/example_dags/example_branch_operator.py
[2025-09-03T20:07:45.614+0200] {processor.py:743} INFO - Processing file /home/varun/miniconda3/envs/python38/lib/python3.8/site-packages/airflow/example_dags/example_branch_operator.py for tasks to queue
[2025-09-03T20:07:45.615+0200] {logging_mixin.py:137} INFO - [2025-09-03T20:07:45.615+0200] {dagbag.py:532} INFO - Filling up the DagBag from /home/varun/miniconda3/envs/python38/lib/python3.8/site-packages/airflow/example_dags/example_branch_operator.py
[2025-09-03T20:07:45.633+0200] {processor.py:753} INFO - DAG(s) dict_keys(['example_branch_operator']) retrieved from /home/varun/miniconda3/envs/python38/lib/python3.8/site-packages/airflow/example_dags/example_branch_operator.py
[2025-09-03T20:07:45.656+0200] {logging_mixin.py:137} INFO - [2025-09-03T20:07:45.656+0200] {dag.py:2705} INFO - Sync 1 DAGs
[2025-09-03T20:07:45.675+0200] {logging_mixin.py:137} INFO - [2025-09-03T20:07:45.675+0200] {dag.py:3452} INFO - Setting next_dagrun for example_branch_operator to 2025-09-02T00:00:00+00:00, run_after=2025-09-03T00:00:00+00:00
[2025-09-03T20:07:45.695+0200] {processor.py:175} INFO - Processing /home/varun/miniconda3/envs/python38/lib/python3.8/site-packages/airflow/example_dags/example_branch_operator.py took 0.086 seconds
[2025-09-03T20:08:33.090+0200] {processor.py:153} INFO - Started process (PID=4482) to work on /home/varun/miniconda3/envs/python38/lib/python3.8/site-packages/airflow/example_dags/example_branch_operator.py
[2025-09-03T20:08:33.091+0200] {processor.py:743} INFO - Processing file /home/varun/miniconda3/envs/python38/lib/python3.8/site-packages/airflow/example_dags/example_branch_operator.py for tasks to queue
[2025-09-03T20:08:33.092+0200] {logging_mixin.py:137} INFO - [2025-09-03T20:08:33.091+0200] {dagbag.py:532} INFO - Filling up the DagBag from /home/varun/miniconda3/envs/python38/lib/python3.8/site-packages/airflow/example_dags/example_branch_operator.py
[2025-09-03T20:08:33.106+0200] {processor.py:753} INFO - DAG(s) dict_keys(['example_branch_operator']) retrieved from /home/varun/miniconda3/envs/python38/lib/python3.8/site-packages/airflow/example_dags/example_branch_operator.py
[2025-09-03T20:08:33.126+0200] {logging_mixin.py:137} INFO - [2025-09-03T20:08:33.126+0200] {dag.py:2705} INFO - Sync 1 DAGs
[2025-09-03T20:08:33.142+0200] {logging_mixin.py:137} INFO - [2025-09-03T20:08:33.142+0200] {dag.py:3452} INFO - Setting next_dagrun for example_branch_operator to 2025-09-02T00:00:00+00:00, run_after=2025-09-03T00:00:00+00:00
[2025-09-03T20:08:33.162+0200] {processor.py:175} INFO - Processing /home/varun/miniconda3/envs/python38/lib/python3.8/site-packages/airflow/example_dags/example_branch_operator.py took 0.076 seconds
[2025-09-03T20:09:49.423+0200] {processor.py:153} INFO - Started process (PID=4540) to work on /home/varun/miniconda3/envs/python38/lib/python3.8/site-packages/airflow/example_dags/example_branch_operator.py
[2025-09-03T20:09:49.426+0200] {processor.py:743} INFO - Processing file /home/varun/miniconda3/envs/python38/lib/python3.8/site-packages/airflow/example_dags/example_branch_operator.py for tasks to queue
[2025-09-03T20:09:49.426+0200] {logging_mixin.py:137} INFO - [2025-09-03T20:09:49.426+0200] {dagbag.py:532} INFO - Filling up the DagBag from /home/varun/miniconda3/envs/python38/lib/python3.8/site-packages/airflow/example_dags/example_branch_operator.py
[2025-09-03T20:09:49.448+0200] {processor.py:753} INFO - DAG(s) dict_keys(['example_branch_operator']) retrieved from /home/varun/miniconda3/envs/python38/lib/python3.8/site-packages/airflow/example_dags/example_branch_operator.py
[2025-09-03T20:09:49.469+0200] {logging_mixin.py:137} INFO - [2025-09-03T20:09:49.469+0200] {dag.py:2705} INFO - Sync 1 DAGs
[2025-09-03T20:09:49.490+0200] {logging_mixin.py:137} INFO - [2025-09-03T20:09:49.490+0200] {dag.py:3452} INFO - Setting next_dagrun for example_branch_operator to 2025-09-02T00:00:00+00:00, run_after=2025-09-03T00:00:00+00:00
[2025-09-03T20:09:49.519+0200] {processor.py:175} INFO - Processing /home/varun/miniconda3/envs/python38/lib/python3.8/site-packages/airflow/example_dags/example_branch_operator.py took 0.101 seconds
[2025-09-03T20:10:38.082+0200] {processor.py:153} INFO - Started process (PID=4582) to work on /home/varun/miniconda3/envs/python38/lib/python3.8/site-packages/airflow/example_dags/example_branch_operator.py
[2025-09-03T20:10:38.084+0200] {processor.py:743} INFO - Processing file /home/varun/miniconda3/envs/python38/lib/python3.8/site-packages/airflow/example_dags/example_branch_operator.py for tasks to queue
[2025-09-03T20:10:38.084+0200] {logging_mixin.py:137} INFO - [2025-09-03T20:10:38.084+0200] {dagbag.py:532} INFO - Filling up the DagBag from /home/varun/miniconda3/envs/python38/lib/python3.8/site-packages/airflow/example_dags/example_branch_operator.py
[2025-09-03T20:10:38.100+0200] {processor.py:753} INFO - DAG(s) dict_keys(['example_branch_operator']) retrieved from /home/varun/miniconda3/envs/python38/lib/python3.8/site-packages/airflow/example_dags/example_branch_operator.py
[2025-09-03T20:10:38.120+0200] {logging_mixin.py:137} INFO - [2025-09-03T20:10:38.120+0200] {dag.py:2705} INFO - Sync 1 DAGs
[2025-09-03T20:10:38.140+0200] {logging_mixin.py:137} INFO - [2025-09-03T20:10:38.140+0200] {dag.py:3452} INFO - Setting next_dagrun for example_branch_operator to 2025-09-02T00:00:00+00:00, run_after=2025-09-03T00:00:00+00:00
[2025-09-03T20:10:38.167+0200] {processor.py:175} INFO - Processing /home/varun/miniconda3/envs/python38/lib/python3.8/site-packages/airflow/example_dags/example_branch_operator.py took 0.088 seconds
[2025-09-03T20:11:23.035+0200] {processor.py:153} INFO - Started process (PID=4624) to work on /home/varun/miniconda3/envs/python38/lib/python3.8/site-packages/airflow/example_dags/example_branch_operator.py
[2025-09-03T20:11:23.037+0200] {processor.py:743} INFO - Processing file /home/varun/miniconda3/envs/python38/lib/python3.8/site-packages/airflow/example_dags/example_branch_operator.py for tasks to queue
[2025-09-03T20:11:23.038+0200] {logging_mixin.py:137} INFO - [2025-09-03T20:11:23.038+0200] {dagbag.py:532} INFO - Filling up the DagBag from /home/varun/miniconda3/envs/python38/lib/python3.8/site-packages/airflow/example_dags/example_branch_operator.py
[2025-09-03T20:11:23.054+0200] {processor.py:753} INFO - DAG(s) dict_keys(['example_branch_operator']) retrieved from /home/varun/miniconda3/envs/python38/lib/python3.8/site-packages/airflow/example_dags/example_branch_operator.py
[2025-09-03T20:11:23.085+0200] {logging_mixin.py:137} INFO - [2025-09-03T20:11:23.085+0200] {dag.py:2705} INFO - Sync 1 DAGs
[2025-09-03T20:11:23.110+0200] {logging_mixin.py:137} INFO - [2025-09-03T20:11:23.109+0200] {dag.py:3452} INFO - Setting next_dagrun for example_branch_operator to 2025-09-02T00:00:00+00:00, run_after=2025-09-03T00:00:00+00:00
[2025-09-03T20:11:23.129+0200] {processor.py:175} INFO - Processing /home/varun/miniconda3/envs/python38/lib/python3.8/site-packages/airflow/example_dags/example_branch_operator.py took 0.098 seconds
[2025-09-03T20:12:08.049+0200] {processor.py:153} INFO - Started process (PID=4666) to work on /home/varun/miniconda3/envs/python38/lib/python3.8/site-packages/airflow/example_dags/example_branch_operator.py
[2025-09-03T20:12:08.051+0200] {processor.py:743} INFO - Processing file /home/varun/miniconda3/envs/python38/lib/python3.8/site-packages/airflow/example_dags/example_branch_operator.py for tasks to queue
[2025-09-03T20:12:08.052+0200] {logging_mixin.py:137} INFO - [2025-09-03T20:12:08.052+0200] {dagbag.py:532} INFO - Filling up the DagBag from /home/varun/miniconda3/envs/python38/lib/python3.8/site-packages/airflow/example_dags/example_branch_operator.py
[2025-09-03T20:12:08.068+0200] {processor.py:753} INFO - DAG(s) dict_keys(['example_branch_operator']) retrieved from /home/varun/miniconda3/envs/python38/lib/python3.8/site-packages/airflow/example_dags/example_branch_operator.py
[2025-09-03T20:12:08.089+0200] {logging_mixin.py:137} INFO - [2025-09-03T20:12:08.089+0200] {dag.py:2705} INFO - Sync 1 DAGs
[2025-09-03T20:12:08.109+0200] {logging_mixin.py:137} INFO - [2025-09-03T20:12:08.109+0200] {dag.py:3452} INFO - Setting next_dagrun for example_branch_operator to 2025-09-02T00:00:00+00:00, run_after=2025-09-03T00:00:00+00:00
[2025-09-03T20:12:08.131+0200] {processor.py:175} INFO - Processing /home/varun/miniconda3/envs/python38/lib/python3.8/site-packages/airflow/example_dags/example_branch_operator.py took 0.085 seconds
[2025-09-03T20:12:59.111+0200] {processor.py:153} INFO - Started process (PID=4709) to work on /home/varun/miniconda3/envs/python38/lib/python3.8/site-packages/airflow/example_dags/example_branch_operator.py
[2025-09-03T20:12:59.113+0200] {processor.py:743} INFO - Processing file /home/varun/miniconda3/envs/python38/lib/python3.8/site-packages/airflow/example_dags/example_branch_operator.py for tasks to queue
[2025-09-03T20:12:59.114+0200] {logging_mixin.py:137} INFO - [2025-09-03T20:12:59.114+0200] {dagbag.py:532} INFO - Filling up the DagBag from /home/varun/miniconda3/envs/python38/lib/python3.8/site-packages/airflow/example_dags/example_branch_operator.py
[2025-09-03T20:12:59.135+0200] {processor.py:753} INFO - DAG(s) dict_keys(['example_branch_operator']) retrieved from /home/varun/miniconda3/envs/python38/lib/python3.8/site-packages/airflow/example_dags/example_branch_operator.py
[2025-09-03T20:12:59.154+0200] {logging_mixin.py:137} INFO - [2025-09-03T20:12:59.154+0200] {dag.py:2705} INFO - Sync 1 DAGs
[2025-09-03T20:12:59.176+0200] {logging_mixin.py:137} INFO - [2025-09-03T20:12:59.176+0200] {dag.py:3452} INFO - Setting next_dagrun for example_branch_operator to 2025-09-02T00:00:00+00:00, run_after=2025-09-03T00:00:00+00:00
[2025-09-03T20:12:59.200+0200] {processor.py:175} INFO - Processing /home/varun/miniconda3/envs/python38/lib/python3.8/site-packages/airflow/example_dags/example_branch_operator.py took 0.093 seconds
[2025-09-03T20:13:45.073+0200] {processor.py:153} INFO - Started process (PID=4751) to work on /home/varun/miniconda3/envs/python38/lib/python3.8/site-packages/airflow/example_dags/example_branch_operator.py
[2025-09-03T20:13:45.075+0200] {processor.py:743} INFO - Processing file /home/varun/miniconda3/envs/python38/lib/python3.8/site-packages/airflow/example_dags/example_branch_operator.py for tasks to queue
[2025-09-03T20:13:45.075+0200] {logging_mixin.py:137} INFO - [2025-09-03T20:13:45.075+0200] {dagbag.py:532} INFO - Filling up the DagBag from /home/varun/miniconda3/envs/python38/lib/python3.8/site-packages/airflow/example_dags/example_branch_operator.py
[2025-09-03T20:13:45.089+0200] {processor.py:753} INFO - DAG(s) dict_keys(['example_branch_operator']) retrieved from /home/varun/miniconda3/envs/python38/lib/python3.8/site-packages/airflow/example_dags/example_branch_operator.py
[2025-09-03T20:13:45.108+0200] {logging_mixin.py:137} INFO - [2025-09-03T20:13:45.108+0200] {dag.py:2705} INFO - Sync 1 DAGs
[2025-09-03T20:13:45.123+0200] {logging_mixin.py:137} INFO - [2025-09-03T20:13:45.123+0200] {dag.py:3452} INFO - Setting next_dagrun for example_branch_operator to 2025-09-02T00:00:00+00:00, run_after=2025-09-03T00:00:00+00:00
[2025-09-03T20:13:45.141+0200] {processor.py:175} INFO - Processing /home/varun/miniconda3/envs/python38/lib/python3.8/site-packages/airflow/example_dags/example_branch_operator.py took 0.071 seconds
[2025-09-03T20:14:28.782+0200] {processor.py:153} INFO - Started process (PID=4793) to work on /home/varun/miniconda3/envs/python38/lib/python3.8/site-packages/airflow/example_dags/example_branch_operator.py
[2025-09-03T20:14:28.783+0200] {processor.py:743} INFO - Processing file /home/varun/miniconda3/envs/python38/lib/python3.8/site-packages/airflow/example_dags/example_branch_operator.py for tasks to queue
[2025-09-03T20:14:28.784+0200] {logging_mixin.py:137} INFO - [2025-09-03T20:14:28.784+0200] {dagbag.py:532} INFO - Filling up the DagBag from /home/varun/miniconda3/envs/python38/lib/python3.8/site-packages/airflow/example_dags/example_branch_operator.py
[2025-09-03T20:14:28.798+0200] {processor.py:753} INFO - DAG(s) dict_keys(['example_branch_operator']) retrieved from /home/varun/miniconda3/envs/python38/lib/python3.8/site-packages/airflow/example_dags/example_branch_operator.py
[2025-09-03T20:14:28.821+0200] {logging_mixin.py:137} INFO - [2025-09-03T20:14:28.821+0200] {dag.py:2705} INFO - Sync 1 DAGs
[2025-09-03T20:14:28.841+0200] {logging_mixin.py:137} INFO - [2025-09-03T20:14:28.841+0200] {dag.py:3452} INFO - Setting next_dagrun for example_branch_operator to 2025-09-02T00:00:00+00:00, run_after=2025-09-03T00:00:00+00:00
[2025-09-03T20:14:28.864+0200] {processor.py:175} INFO - Processing /home/varun/miniconda3/envs/python38/lib/python3.8/site-packages/airflow/example_dags/example_branch_operator.py took 0.085 seconds
[2025-09-03T20:15:11.404+0200] {processor.py:153} INFO - Started process (PID=4835) to work on /home/varun/miniconda3/envs/python38/lib/python3.8/site-packages/airflow/example_dags/example_branch_operator.py
[2025-09-03T20:15:11.405+0200] {processor.py:743} INFO - Processing file /home/varun/miniconda3/envs/python38/lib/python3.8/site-packages/airflow/example_dags/example_branch_operator.py for tasks to queue
[2025-09-03T20:15:11.406+0200] {logging_mixin.py:137} INFO - [2025-09-03T20:15:11.406+0200] {dagbag.py:532} INFO - Filling up the DagBag from /home/varun/miniconda3/envs/python38/lib/python3.8/site-packages/airflow/example_dags/example_branch_operator.py
[2025-09-03T20:15:11.421+0200] {processor.py:753} INFO - DAG(s) dict_keys(['example_branch_operator']) retrieved from /home/varun/miniconda3/envs/python38/lib/python3.8/site-packages/airflow/example_dags/example_branch_operator.py
[2025-09-03T20:15:11.439+0200] {logging_mixin.py:137} INFO - [2025-09-03T20:15:11.439+0200] {dag.py:2705} INFO - Sync 1 DAGs
[2025-09-03T20:15:11.455+0200] {logging_mixin.py:137} INFO - [2025-09-03T20:15:11.454+0200] {dag.py:3452} INFO - Setting next_dagrun for example_branch_operator to 2025-09-02T00:00:00+00:00, run_after=2025-09-03T00:00:00+00:00
[2025-09-03T20:15:11.474+0200] {processor.py:175} INFO - Processing /home/varun/miniconda3/envs/python38/lib/python3.8/site-packages/airflow/example_dags/example_branch_operator.py took 0.073 seconds
[2025-09-03T20:15:59.709+0200] {processor.py:153} INFO - Started process (PID=4877) to work on /home/varun/miniconda3/envs/python38/lib/python3.8/site-packages/airflow/example_dags/example_branch_operator.py
[2025-09-03T20:15:59.711+0200] {processor.py:743} INFO - Processing file /home/varun/miniconda3/envs/python38/lib/python3.8/site-packages/airflow/example_dags/example_branch_operator.py for tasks to queue
[2025-09-03T20:15:59.711+0200] {logging_mixin.py:137} INFO - [2025-09-03T20:15:59.711+0200] {dagbag.py:532} INFO - Filling up the DagBag from /home/varun/miniconda3/envs/python38/lib/python3.8/site-packages/airflow/example_dags/example_branch_operator.py
[2025-09-03T20:15:59.725+0200] {processor.py:753} INFO - DAG(s) dict_keys(['example_branch_operator']) retrieved from /home/varun/miniconda3/envs/python38/lib/python3.8/site-packages/airflow/example_dags/example_branch_operator.py
[2025-09-03T20:15:59.743+0200] {logging_mixin.py:137} INFO - [2025-09-03T20:15:59.742+0200] {dag.py:2705} INFO - Sync 1 DAGs
[2025-09-03T20:15:59.758+0200] {logging_mixin.py:137} INFO - [2025-09-03T20:15:59.758+0200] {dag.py:3452} INFO - Setting next_dagrun for example_branch_operator to 2025-09-02T00:00:00+00:00, run_after=2025-09-03T00:00:00+00:00
[2025-09-03T20:15:59.778+0200] {processor.py:175} INFO - Processing /home/varun/miniconda3/envs/python38/lib/python3.8/site-packages/airflow/example_dags/example_branch_operator.py took 0.072 seconds
[2025-09-03T20:16:44.892+0200] {processor.py:153} INFO - Started process (PID=4919) to work on /home/varun/miniconda3/envs/python38/lib/python3.8/site-packages/airflow/example_dags/example_branch_operator.py
[2025-09-03T20:16:44.894+0200] {processor.py:743} INFO - Processing file /home/varun/miniconda3/envs/python38/lib/python3.8/site-packages/airflow/example_dags/example_branch_operator.py for tasks to queue
[2025-09-03T20:16:44.894+0200] {logging_mixin.py:137} INFO - [2025-09-03T20:16:44.894+0200] {dagbag.py:532} INFO - Filling up the DagBag from /home/varun/miniconda3/envs/python38/lib/python3.8/site-packages/airflow/example_dags/example_branch_operator.py
[2025-09-03T20:16:44.907+0200] {processor.py:753} INFO - DAG(s) dict_keys(['example_branch_operator']) retrieved from /home/varun/miniconda3/envs/python38/lib/python3.8/site-packages/airflow/example_dags/example_branch_operator.py
[2025-09-03T20:16:44.927+0200] {logging_mixin.py:137} INFO - [2025-09-03T20:16:44.926+0200] {dag.py:2705} INFO - Sync 1 DAGs
[2025-09-03T20:16:44.942+0200] {logging_mixin.py:137} INFO - [2025-09-03T20:16:44.942+0200] {dag.py:3452} INFO - Setting next_dagrun for example_branch_operator to 2025-09-02T00:00:00+00:00, run_after=2025-09-03T00:00:00+00:00
[2025-09-03T20:16:44.966+0200] {processor.py:175} INFO - Processing /home/varun/miniconda3/envs/python38/lib/python3.8/site-packages/airflow/example_dags/example_branch_operator.py took 0.077 seconds
[2025-09-03T20:17:29.710+0200] {processor.py:153} INFO - Started process (PID=4964) to work on /home/varun/miniconda3/envs/python38/lib/python3.8/site-packages/airflow/example_dags/example_branch_operator.py
[2025-09-03T20:17:29.712+0200] {processor.py:743} INFO - Processing file /home/varun/miniconda3/envs/python38/lib/python3.8/site-packages/airflow/example_dags/example_branch_operator.py for tasks to queue
[2025-09-03T20:17:29.713+0200] {logging_mixin.py:137} INFO - [2025-09-03T20:17:29.713+0200] {dagbag.py:532} INFO - Filling up the DagBag from /home/varun/miniconda3/envs/python38/lib/python3.8/site-packages/airflow/example_dags/example_branch_operator.py
[2025-09-03T20:17:29.731+0200] {processor.py:753} INFO - DAG(s) dict_keys(['example_branch_operator']) retrieved from /home/varun/miniconda3/envs/python38/lib/python3.8/site-packages/airflow/example_dags/example_branch_operator.py
[2025-09-03T20:17:29.751+0200] {logging_mixin.py:137} INFO - [2025-09-03T20:17:29.751+0200] {dag.py:2705} INFO - Sync 1 DAGs
[2025-09-03T20:17:29.769+0200] {logging_mixin.py:137} INFO - [2025-09-03T20:17:29.769+0200] {dag.py:3452} INFO - Setting next_dagrun for example_branch_operator to 2025-09-02T00:00:00+00:00, run_after=2025-09-03T00:00:00+00:00
[2025-09-03T20:17:29.794+0200] {processor.py:175} INFO - Processing /home/varun/miniconda3/envs/python38/lib/python3.8/site-packages/airflow/example_dags/example_branch_operator.py took 0.089 seconds
[2025-09-03T20:18:14.392+0200] {processor.py:153} INFO - Started process (PID=5007) to work on /home/varun/miniconda3/envs/python38/lib/python3.8/site-packages/airflow/example_dags/example_branch_operator.py
[2025-09-03T20:18:14.394+0200] {processor.py:743} INFO - Processing file /home/varun/miniconda3/envs/python38/lib/python3.8/site-packages/airflow/example_dags/example_branch_operator.py for tasks to queue
[2025-09-03T20:18:14.395+0200] {logging_mixin.py:137} INFO - [2025-09-03T20:18:14.394+0200] {dagbag.py:532} INFO - Filling up the DagBag from /home/varun/miniconda3/envs/python38/lib/python3.8/site-packages/airflow/example_dags/example_branch_operator.py
[2025-09-03T20:18:14.414+0200] {processor.py:753} INFO - DAG(s) dict_keys(['example_branch_operator']) retrieved from /home/varun/miniconda3/envs/python38/lib/python3.8/site-packages/airflow/example_dags/example_branch_operator.py
[2025-09-03T20:18:14.435+0200] {logging_mixin.py:137} INFO - [2025-09-03T20:18:14.434+0200] {dag.py:2705} INFO - Sync 1 DAGs
[2025-09-03T20:18:14.453+0200] {logging_mixin.py:137} INFO - [2025-09-03T20:18:14.453+0200] {dag.py:3452} INFO - Setting next_dagrun for example_branch_operator to 2025-09-02T00:00:00+00:00, run_after=2025-09-03T00:00:00+00:00
[2025-09-03T20:18:14.475+0200] {processor.py:175} INFO - Processing /home/varun/miniconda3/envs/python38/lib/python3.8/site-packages/airflow/example_dags/example_branch_operator.py took 0.087 seconds
[2025-09-03T20:19:05.141+0200] {processor.py:153} INFO - Started process (PID=5049) to work on /home/varun/miniconda3/envs/python38/lib/python3.8/site-packages/airflow/example_dags/example_branch_operator.py
[2025-09-03T20:19:05.143+0200] {processor.py:743} INFO - Processing file /home/varun/miniconda3/envs/python38/lib/python3.8/site-packages/airflow/example_dags/example_branch_operator.py for tasks to queue
[2025-09-03T20:19:05.143+0200] {logging_mixin.py:137} INFO - [2025-09-03T20:19:05.143+0200] {dagbag.py:532} INFO - Filling up the DagBag from /home/varun/miniconda3/envs/python38/lib/python3.8/site-packages/airflow/example_dags/example_branch_operator.py
[2025-09-03T20:19:05.160+0200] {processor.py:753} INFO - DAG(s) dict_keys(['example_branch_operator']) retrieved from /home/varun/miniconda3/envs/python38/lib/python3.8/site-packages/airflow/example_dags/example_branch_operator.py
[2025-09-03T20:19:05.184+0200] {logging_mixin.py:137} INFO - [2025-09-03T20:19:05.184+0200] {dag.py:2705} INFO - Sync 1 DAGs
[2025-09-03T20:19:05.203+0200] {logging_mixin.py:137} INFO - [2025-09-03T20:19:05.203+0200] {dag.py:3452} INFO - Setting next_dagrun for example_branch_operator to 2025-09-02T00:00:00+00:00, run_after=2025-09-03T00:00:00+00:00
[2025-09-03T20:19:05.230+0200] {processor.py:175} INFO - Processing /home/varun/miniconda3/envs/python38/lib/python3.8/site-packages/airflow/example_dags/example_branch_operator.py took 0.094 seconds
[2025-09-03T20:19:54.363+0200] {processor.py:153} INFO - Started process (PID=5091) to work on /home/varun/miniconda3/envs/python38/lib/python3.8/site-packages/airflow/example_dags/example_branch_operator.py
[2025-09-03T20:19:54.365+0200] {processor.py:743} INFO - Processing file /home/varun/miniconda3/envs/python38/lib/python3.8/site-packages/airflow/example_dags/example_branch_operator.py for tasks to queue
[2025-09-03T20:19:54.366+0200] {logging_mixin.py:137} INFO - [2025-09-03T20:19:54.365+0200] {dagbag.py:532} INFO - Filling up the DagBag from /home/varun/miniconda3/envs/python38/lib/python3.8/site-packages/airflow/example_dags/example_branch_operator.py
[2025-09-03T20:19:54.380+0200] {processor.py:753} INFO - DAG(s) dict_keys(['example_branch_operator']) retrieved from /home/varun/miniconda3/envs/python38/lib/python3.8/site-packages/airflow/example_dags/example_branch_operator.py
[2025-09-03T20:19:54.398+0200] {logging_mixin.py:137} INFO - [2025-09-03T20:19:54.398+0200] {dag.py:2705} INFO - Sync 1 DAGs
[2025-09-03T20:19:54.499+0200] {logging_mixin.py:137} INFO - [2025-09-03T20:19:54.498+0200] {dag.py:3452} INFO - Setting next_dagrun for example_branch_operator to 2025-09-02T00:00:00+00:00, run_after=2025-09-03T00:00:00+00:00
[2025-09-03T20:19:54.519+0200] {processor.py:175} INFO - Processing /home/varun/miniconda3/envs/python38/lib/python3.8/site-packages/airflow/example_dags/example_branch_operator.py took 0.159 seconds
[2025-09-03T20:20:47.992+0200] {processor.py:153} INFO - Started process (PID=5133) to work on /home/varun/miniconda3/envs/python38/lib/python3.8/site-packages/airflow/example_dags/example_branch_operator.py
[2025-09-03T20:20:47.993+0200] {processor.py:743} INFO - Processing file /home/varun/miniconda3/envs/python38/lib/python3.8/site-packages/airflow/example_dags/example_branch_operator.py for tasks to queue
[2025-09-03T20:20:47.994+0200] {logging_mixin.py:137} INFO - [2025-09-03T20:20:47.994+0200] {dagbag.py:532} INFO - Filling up the DagBag from /home/varun/miniconda3/envs/python38/lib/python3.8/site-packages/airflow/example_dags/example_branch_operator.py
[2025-09-03T20:20:48.010+0200] {processor.py:753} INFO - DAG(s) dict_keys(['example_branch_operator']) retrieved from /home/varun/miniconda3/envs/python38/lib/python3.8/site-packages/airflow/example_dags/example_branch_operator.py
[2025-09-03T20:20:48.031+0200] {logging_mixin.py:137} INFO - [2025-09-03T20:20:48.031+0200] {dag.py:2705} INFO - Sync 1 DAGs
[2025-09-03T20:20:48.168+0200] {logging_mixin.py:137} INFO - [2025-09-03T20:20:48.168+0200] {dag.py:3452} INFO - Setting next_dagrun for example_branch_operator to 2025-09-02T00:00:00+00:00, run_after=2025-09-03T00:00:00+00:00
[2025-09-03T20:20:48.191+0200] {processor.py:175} INFO - Processing /home/varun/miniconda3/envs/python38/lib/python3.8/site-packages/airflow/example_dags/example_branch_operator.py took 0.202 seconds
[2025-09-03T20:21:37.238+0200] {processor.py:153} INFO - Started process (PID=5175) to work on /home/varun/miniconda3/envs/python38/lib/python3.8/site-packages/airflow/example_dags/example_branch_operator.py
[2025-09-03T20:21:37.239+0200] {processor.py:743} INFO - Processing file /home/varun/miniconda3/envs/python38/lib/python3.8/site-packages/airflow/example_dags/example_branch_operator.py for tasks to queue
[2025-09-03T20:21:37.240+0200] {logging_mixin.py:137} INFO - [2025-09-03T20:21:37.240+0200] {dagbag.py:532} INFO - Filling up the DagBag from /home/varun/miniconda3/envs/python38/lib/python3.8/site-packages/airflow/example_dags/example_branch_operator.py
[2025-09-03T20:21:37.254+0200] {processor.py:753} INFO - DAG(s) dict_keys(['example_branch_operator']) retrieved from /home/varun/miniconda3/envs/python38/lib/python3.8/site-packages/airflow/example_dags/example_branch_operator.py
[2025-09-03T20:21:37.354+0200] {logging_mixin.py:137} INFO - [2025-09-03T20:21:37.354+0200] {dag.py:2705} INFO - Sync 1 DAGs
[2025-09-03T20:21:37.368+0200] {logging_mixin.py:137} INFO - [2025-09-03T20:21:37.368+0200] {dag.py:3452} INFO - Setting next_dagrun for example_branch_operator to 2025-09-02T00:00:00+00:00, run_after=2025-09-03T00:00:00+00:00
[2025-09-03T20:21:37.387+0200] {processor.py:175} INFO - Processing /home/varun/miniconda3/envs/python38/lib/python3.8/site-packages/airflow/example_dags/example_branch_operator.py took 0.152 seconds
[2025-09-03T20:22:30.552+0200] {processor.py:153} INFO - Started process (PID=5217) to work on /home/varun/miniconda3/envs/python38/lib/python3.8/site-packages/airflow/example_dags/example_branch_operator.py
[2025-09-03T20:22:30.553+0200] {processor.py:743} INFO - Processing file /home/varun/miniconda3/envs/python38/lib/python3.8/site-packages/airflow/example_dags/example_branch_operator.py for tasks to queue
[2025-09-03T20:22:30.554+0200] {logging_mixin.py:137} INFO - [2025-09-03T20:22:30.554+0200] {dagbag.py:532} INFO - Filling up the DagBag from /home/varun/miniconda3/envs/python38/lib/python3.8/site-packages/airflow/example_dags/example_branch_operator.py
[2025-09-03T20:22:30.670+0200] {processor.py:753} INFO - DAG(s) dict_keys(['example_branch_operator']) retrieved from /home/varun/miniconda3/envs/python38/lib/python3.8/site-packages/airflow/example_dags/example_branch_operator.py
[2025-09-03T20:22:30.685+0200] {logging_mixin.py:137} INFO - [2025-09-03T20:22:30.685+0200] {dag.py:2705} INFO - Sync 1 DAGs
[2025-09-03T20:22:30.700+0200] {logging_mixin.py:137} INFO - [2025-09-03T20:22:30.700+0200] {dag.py:3452} INFO - Setting next_dagrun for example_branch_operator to 2025-09-02T00:00:00+00:00, run_after=2025-09-03T00:00:00+00:00
[2025-09-03T20:22:30.720+0200] {processor.py:175} INFO - Processing /home/varun/miniconda3/envs/python38/lib/python3.8/site-packages/airflow/example_dags/example_branch_operator.py took 0.171 seconds
[2025-09-03T20:23:20.052+0200] {processor.py:153} INFO - Started process (PID=5259) to work on /home/varun/miniconda3/envs/python38/lib/python3.8/site-packages/airflow/example_dags/example_branch_operator.py
[2025-09-03T20:23:20.054+0200] {processor.py:743} INFO - Processing file /home/varun/miniconda3/envs/python38/lib/python3.8/site-packages/airflow/example_dags/example_branch_operator.py for tasks to queue
[2025-09-03T20:23:20.055+0200] {logging_mixin.py:137} INFO - [2025-09-03T20:23:20.055+0200] {dagbag.py:532} INFO - Filling up the DagBag from /home/varun/miniconda3/envs/python38/lib/python3.8/site-packages/airflow/example_dags/example_branch_operator.py
[2025-09-03T20:23:20.073+0200] {processor.py:753} INFO - DAG(s) dict_keys(['example_branch_operator']) retrieved from /home/varun/miniconda3/envs/python38/lib/python3.8/site-packages/airflow/example_dags/example_branch_operator.py
[2025-09-03T20:23:20.095+0200] {logging_mixin.py:137} INFO - [2025-09-03T20:23:20.095+0200] {dag.py:2705} INFO - Sync 1 DAGs
[2025-09-03T20:23:20.115+0200] {logging_mixin.py:137} INFO - [2025-09-03T20:23:20.115+0200] {dag.py:3452} INFO - Setting next_dagrun for example_branch_operator to 2025-09-02T00:00:00+00:00, run_after=2025-09-03T00:00:00+00:00
[2025-09-03T20:23:20.136+0200] {processor.py:175} INFO - Processing /home/varun/miniconda3/envs/python38/lib/python3.8/site-packages/airflow/example_dags/example_branch_operator.py took 0.088 seconds
[2025-09-03T20:24:04.575+0200] {processor.py:153} INFO - Started process (PID=5302) to work on /home/varun/miniconda3/envs/python38/lib/python3.8/site-packages/airflow/example_dags/example_branch_operator.py
[2025-09-03T20:24:04.577+0200] {processor.py:743} INFO - Processing file /home/varun/miniconda3/envs/python38/lib/python3.8/site-packages/airflow/example_dags/example_branch_operator.py for tasks to queue
[2025-09-03T20:24:04.578+0200] {logging_mixin.py:137} INFO - [2025-09-03T20:24:04.577+0200] {dagbag.py:532} INFO - Filling up the DagBag from /home/varun/miniconda3/envs/python38/lib/python3.8/site-packages/airflow/example_dags/example_branch_operator.py
[2025-09-03T20:24:04.596+0200] {processor.py:753} INFO - DAG(s) dict_keys(['example_branch_operator']) retrieved from /home/varun/miniconda3/envs/python38/lib/python3.8/site-packages/airflow/example_dags/example_branch_operator.py
[2025-09-03T20:24:04.617+0200] {logging_mixin.py:137} INFO - [2025-09-03T20:24:04.617+0200] {dag.py:2705} INFO - Sync 1 DAGs
[2025-09-03T20:24:04.637+0200] {logging_mixin.py:137} INFO - [2025-09-03T20:24:04.636+0200] {dag.py:3452} INFO - Setting next_dagrun for example_branch_operator to 2025-09-02T00:00:00+00:00, run_after=2025-09-03T00:00:00+00:00
[2025-09-03T20:24:04.662+0200] {processor.py:175} INFO - Processing /home/varun/miniconda3/envs/python38/lib/python3.8/site-packages/airflow/example_dags/example_branch_operator.py took 0.091 seconds
[2025-09-03T20:24:54.517+0200] {processor.py:153} INFO - Started process (PID=5344) to work on /home/varun/miniconda3/envs/python38/lib/python3.8/site-packages/airflow/example_dags/example_branch_operator.py
[2025-09-03T20:24:54.519+0200] {processor.py:743} INFO - Processing file /home/varun/miniconda3/envs/python38/lib/python3.8/site-packages/airflow/example_dags/example_branch_operator.py for tasks to queue
[2025-09-03T20:24:54.520+0200] {logging_mixin.py:137} INFO - [2025-09-03T20:24:54.520+0200] {dagbag.py:532} INFO - Filling up the DagBag from /home/varun/miniconda3/envs/python38/lib/python3.8/site-packages/airflow/example_dags/example_branch_operator.py
[2025-09-03T20:24:54.538+0200] {processor.py:753} INFO - DAG(s) dict_keys(['example_branch_operator']) retrieved from /home/varun/miniconda3/envs/python38/lib/python3.8/site-packages/airflow/example_dags/example_branch_operator.py
[2025-09-03T20:24:54.561+0200] {logging_mixin.py:137} INFO - [2025-09-03T20:24:54.561+0200] {dag.py:2705} INFO - Sync 1 DAGs
[2025-09-03T20:24:54.579+0200] {logging_mixin.py:137} INFO - [2025-09-03T20:24:54.578+0200] {dag.py:3452} INFO - Setting next_dagrun for example_branch_operator to 2025-09-02T00:00:00+00:00, run_after=2025-09-03T00:00:00+00:00
[2025-09-03T20:24:54.602+0200] {processor.py:175} INFO - Processing /home/varun/miniconda3/envs/python38/lib/python3.8/site-packages/airflow/example_dags/example_branch_operator.py took 0.088 seconds
[2025-09-03T20:25:38.033+0200] {processor.py:153} INFO - Started process (PID=5386) to work on /home/varun/miniconda3/envs/python38/lib/python3.8/site-packages/airflow/example_dags/example_branch_operator.py
[2025-09-03T20:25:38.034+0200] {processor.py:743} INFO - Processing file /home/varun/miniconda3/envs/python38/lib/python3.8/site-packages/airflow/example_dags/example_branch_operator.py for tasks to queue
[2025-09-03T20:25:38.035+0200] {logging_mixin.py:137} INFO - [2025-09-03T20:25:38.035+0200] {dagbag.py:532} INFO - Filling up the DagBag from /home/varun/miniconda3/envs/python38/lib/python3.8/site-packages/airflow/example_dags/example_branch_operator.py
[2025-09-03T20:25:38.051+0200] {processor.py:753} INFO - DAG(s) dict_keys(['example_branch_operator']) retrieved from /home/varun/miniconda3/envs/python38/lib/python3.8/site-packages/airflow/example_dags/example_branch_operator.py
[2025-09-03T20:25:38.074+0200] {logging_mixin.py:137} INFO - [2025-09-03T20:25:38.074+0200] {dag.py:2705} INFO - Sync 1 DAGs
[2025-09-03T20:25:38.094+0200] {logging_mixin.py:137} INFO - [2025-09-03T20:25:38.094+0200] {dag.py:3452} INFO - Setting next_dagrun for example_branch_operator to 2025-09-02T00:00:00+00:00, run_after=2025-09-03T00:00:00+00:00
[2025-09-03T20:25:38.117+0200] {processor.py:175} INFO - Processing /home/varun/miniconda3/envs/python38/lib/python3.8/site-packages/airflow/example_dags/example_branch_operator.py took 0.087 seconds
[2025-09-03T20:26:21.956+0200] {processor.py:153} INFO - Started process (PID=5428) to work on /home/varun/miniconda3/envs/python38/lib/python3.8/site-packages/airflow/example_dags/example_branch_operator.py
[2025-09-03T20:26:21.958+0200] {processor.py:743} INFO - Processing file /home/varun/miniconda3/envs/python38/lib/python3.8/site-packages/airflow/example_dags/example_branch_operator.py for tasks to queue
[2025-09-03T20:26:21.959+0200] {logging_mixin.py:137} INFO - [2025-09-03T20:26:21.959+0200] {dagbag.py:532} INFO - Filling up the DagBag from /home/varun/miniconda3/envs/python38/lib/python3.8/site-packages/airflow/example_dags/example_branch_operator.py
[2025-09-03T20:26:21.978+0200] {processor.py:753} INFO - DAG(s) dict_keys(['example_branch_operator']) retrieved from /home/varun/miniconda3/envs/python38/lib/python3.8/site-packages/airflow/example_dags/example_branch_operator.py
[2025-09-03T20:26:22.003+0200] {logging_mixin.py:137} INFO - [2025-09-03T20:26:22.003+0200] {dag.py:2705} INFO - Sync 1 DAGs
[2025-09-03T20:26:22.029+0200] {logging_mixin.py:137} INFO - [2025-09-03T20:26:22.028+0200] {dag.py:3452} INFO - Setting next_dagrun for example_branch_operator to 2025-09-02T00:00:00+00:00, run_after=2025-09-03T00:00:00+00:00
[2025-09-03T20:26:22.058+0200] {processor.py:175} INFO - Processing /home/varun/miniconda3/envs/python38/lib/python3.8/site-packages/airflow/example_dags/example_branch_operator.py took 0.107 seconds
[2025-09-03T20:27:08.882+0200] {processor.py:153} INFO - Started process (PID=5470) to work on /home/varun/miniconda3/envs/python38/lib/python3.8/site-packages/airflow/example_dags/example_branch_operator.py
[2025-09-03T20:27:08.884+0200] {processor.py:743} INFO - Processing file /home/varun/miniconda3/envs/python38/lib/python3.8/site-packages/airflow/example_dags/example_branch_operator.py for tasks to queue
[2025-09-03T20:27:08.884+0200] {logging_mixin.py:137} INFO - [2025-09-03T20:27:08.884+0200] {dagbag.py:532} INFO - Filling up the DagBag from /home/varun/miniconda3/envs/python38/lib/python3.8/site-packages/airflow/example_dags/example_branch_operator.py
[2025-09-03T20:27:08.900+0200] {processor.py:753} INFO - DAG(s) dict_keys(['example_branch_operator']) retrieved from /home/varun/miniconda3/envs/python38/lib/python3.8/site-packages/airflow/example_dags/example_branch_operator.py
[2025-09-03T20:27:08.923+0200] {logging_mixin.py:137} INFO - [2025-09-03T20:27:08.923+0200] {dag.py:2705} INFO - Sync 1 DAGs
[2025-09-03T20:27:08.943+0200] {logging_mixin.py:137} INFO - [2025-09-03T20:27:08.943+0200] {dag.py:3452} INFO - Setting next_dagrun for example_branch_operator to 2025-09-02T00:00:00+00:00, run_after=2025-09-03T00:00:00+00:00
[2025-09-03T20:27:08.963+0200] {processor.py:175} INFO - Processing /home/varun/miniconda3/envs/python38/lib/python3.8/site-packages/airflow/example_dags/example_branch_operator.py took 0.084 seconds
[2025-09-03T20:27:57.972+0200] {processor.py:153} INFO - Started process (PID=5512) to work on /home/varun/miniconda3/envs/python38/lib/python3.8/site-packages/airflow/example_dags/example_branch_operator.py
[2025-09-03T20:27:57.974+0200] {processor.py:743} INFO - Processing file /home/varun/miniconda3/envs/python38/lib/python3.8/site-packages/airflow/example_dags/example_branch_operator.py for tasks to queue
[2025-09-03T20:27:57.974+0200] {logging_mixin.py:137} INFO - [2025-09-03T20:27:57.974+0200] {dagbag.py:532} INFO - Filling up the DagBag from /home/varun/miniconda3/envs/python38/lib/python3.8/site-packages/airflow/example_dags/example_branch_operator.py
[2025-09-03T20:27:57.997+0200] {processor.py:753} INFO - DAG(s) dict_keys(['example_branch_operator']) retrieved from /home/varun/miniconda3/envs/python38/lib/python3.8/site-packages/airflow/example_dags/example_branch_operator.py
[2025-09-03T20:27:58.028+0200] {logging_mixin.py:137} INFO - [2025-09-03T20:27:58.028+0200] {dag.py:2705} INFO - Sync 1 DAGs
[2025-09-03T20:27:58.055+0200] {logging_mixin.py:137} INFO - [2025-09-03T20:27:58.055+0200] {dag.py:3452} INFO - Setting next_dagrun for example_branch_operator to 2025-09-02T00:00:00+00:00, run_after=2025-09-03T00:00:00+00:00
[2025-09-03T20:27:58.087+0200] {processor.py:175} INFO - Processing /home/varun/miniconda3/envs/python38/lib/python3.8/site-packages/airflow/example_dags/example_branch_operator.py took 0.118 seconds
[2025-09-03T20:28:43.675+0200] {processor.py:153} INFO - Started process (PID=5554) to work on /home/varun/miniconda3/envs/python38/lib/python3.8/site-packages/airflow/example_dags/example_branch_operator.py
[2025-09-03T20:28:43.677+0200] {processor.py:743} INFO - Processing file /home/varun/miniconda3/envs/python38/lib/python3.8/site-packages/airflow/example_dags/example_branch_operator.py for tasks to queue
[2025-09-03T20:28:43.678+0200] {logging_mixin.py:137} INFO - [2025-09-03T20:28:43.678+0200] {dagbag.py:532} INFO - Filling up the DagBag from /home/varun/miniconda3/envs/python38/lib/python3.8/site-packages/airflow/example_dags/example_branch_operator.py
[2025-09-03T20:28:43.694+0200] {processor.py:753} INFO - DAG(s) dict_keys(['example_branch_operator']) retrieved from /home/varun/miniconda3/envs/python38/lib/python3.8/site-packages/airflow/example_dags/example_branch_operator.py
[2025-09-03T20:28:43.713+0200] {logging_mixin.py:137} INFO - [2025-09-03T20:28:43.713+0200] {dag.py:2705} INFO - Sync 1 DAGs
[2025-09-03T20:28:43.730+0200] {logging_mixin.py:137} INFO - [2025-09-03T20:28:43.730+0200] {dag.py:3452} INFO - Setting next_dagrun for example_branch_operator to 2025-09-02T00:00:00+00:00, run_after=2025-09-03T00:00:00+00:00
[2025-09-03T20:28:43.753+0200] {processor.py:175} INFO - Processing /home/varun/miniconda3/envs/python38/lib/python3.8/site-packages/airflow/example_dags/example_branch_operator.py took 0.081 seconds
[2025-09-03T20:29:29.875+0200] {processor.py:153} INFO - Started process (PID=5597) to work on /home/varun/miniconda3/envs/python38/lib/python3.8/site-packages/airflow/example_dags/example_branch_operator.py
[2025-09-03T20:29:29.878+0200] {processor.py:743} INFO - Processing file /home/varun/miniconda3/envs/python38/lib/python3.8/site-packages/airflow/example_dags/example_branch_operator.py for tasks to queue
[2025-09-03T20:29:29.879+0200] {logging_mixin.py:137} INFO - [2025-09-03T20:29:29.878+0200] {dagbag.py:532} INFO - Filling up the DagBag from /home/varun/miniconda3/envs/python38/lib/python3.8/site-packages/airflow/example_dags/example_branch_operator.py
[2025-09-03T20:29:29.900+0200] {processor.py:753} INFO - DAG(s) dict_keys(['example_branch_operator']) retrieved from /home/varun/miniconda3/envs/python38/lib/python3.8/site-packages/airflow/example_dags/example_branch_operator.py
[2025-09-03T20:29:29.926+0200] {logging_mixin.py:137} INFO - [2025-09-03T20:29:29.926+0200] {dag.py:2705} INFO - Sync 1 DAGs
[2025-09-03T20:29:29.950+0200] {logging_mixin.py:137} INFO - [2025-09-03T20:29:29.950+0200] {dag.py:3452} INFO - Setting next_dagrun for example_branch_operator to 2025-09-02T00:00:00+00:00, run_after=2025-09-03T00:00:00+00:00
[2025-09-03T20:29:29.971+0200] {processor.py:175} INFO - Processing /home/varun/miniconda3/envs/python38/lib/python3.8/site-packages/airflow/example_dags/example_branch_operator.py took 0.102 seconds
[2025-09-03T20:30:19.586+0200] {processor.py:153} INFO - Started process (PID=5639) to work on /home/varun/miniconda3/envs/python38/lib/python3.8/site-packages/airflow/example_dags/example_branch_operator.py
[2025-09-03T20:30:19.590+0200] {processor.py:743} INFO - Processing file /home/varun/miniconda3/envs/python38/lib/python3.8/site-packages/airflow/example_dags/example_branch_operator.py for tasks to queue
[2025-09-03T20:30:19.591+0200] {logging_mixin.py:137} INFO - [2025-09-03T20:30:19.591+0200] {dagbag.py:532} INFO - Filling up the DagBag from /home/varun/miniconda3/envs/python38/lib/python3.8/site-packages/airflow/example_dags/example_branch_operator.py
[2025-09-03T20:30:19.606+0200] {processor.py:753} INFO - DAG(s) dict_keys(['example_branch_operator']) retrieved from /home/varun/miniconda3/envs/python38/lib/python3.8/site-packages/airflow/example_dags/example_branch_operator.py
[2025-09-03T20:30:19.628+0200] {logging_mixin.py:137} INFO - [2025-09-03T20:30:19.628+0200] {dag.py:2705} INFO - Sync 1 DAGs
[2025-09-03T20:30:19.647+0200] {logging_mixin.py:137} INFO - [2025-09-03T20:30:19.646+0200] {dag.py:3452} INFO - Setting next_dagrun for example_branch_operator to 2025-09-02T00:00:00+00:00, run_after=2025-09-03T00:00:00+00:00
[2025-09-03T20:30:19.689+0200] {processor.py:175} INFO - Processing /home/varun/miniconda3/envs/python38/lib/python3.8/site-packages/airflow/example_dags/example_branch_operator.py took 0.106 seconds
[2025-09-03T20:31:01.991+0200] {processor.py:153} INFO - Started process (PID=5681) to work on /home/varun/miniconda3/envs/python38/lib/python3.8/site-packages/airflow/example_dags/example_branch_operator.py
[2025-09-03T20:31:01.992+0200] {processor.py:743} INFO - Processing file /home/varun/miniconda3/envs/python38/lib/python3.8/site-packages/airflow/example_dags/example_branch_operator.py for tasks to queue
[2025-09-03T20:31:01.992+0200] {logging_mixin.py:137} INFO - [2025-09-03T20:31:01.992+0200] {dagbag.py:532} INFO - Filling up the DagBag from /home/varun/miniconda3/envs/python38/lib/python3.8/site-packages/airflow/example_dags/example_branch_operator.py
[2025-09-03T20:31:02.007+0200] {processor.py:753} INFO - DAG(s) dict_keys(['example_branch_operator']) retrieved from /home/varun/miniconda3/envs/python38/lib/python3.8/site-packages/airflow/example_dags/example_branch_operator.py
[2025-09-03T20:31:02.025+0200] {logging_mixin.py:137} INFO - [2025-09-03T20:31:02.025+0200] {dag.py:2705} INFO - Sync 1 DAGs
[2025-09-03T20:31:02.041+0200] {logging_mixin.py:137} INFO - [2025-09-03T20:31:02.040+0200] {dag.py:3452} INFO - Setting next_dagrun for example_branch_operator to 2025-09-02T00:00:00+00:00, run_after=2025-09-03T00:00:00+00:00
[2025-09-03T20:31:02.064+0200] {processor.py:175} INFO - Processing /home/varun/miniconda3/envs/python38/lib/python3.8/site-packages/airflow/example_dags/example_branch_operator.py took 0.076 seconds
[2025-09-03T20:31:48.000+0200] {processor.py:153} INFO - Started process (PID=5723) to work on /home/varun/miniconda3/envs/python38/lib/python3.8/site-packages/airflow/example_dags/example_branch_operator.py
[2025-09-03T20:31:48.002+0200] {processor.py:743} INFO - Processing file /home/varun/miniconda3/envs/python38/lib/python3.8/site-packages/airflow/example_dags/example_branch_operator.py for tasks to queue
[2025-09-03T20:31:48.002+0200] {logging_mixin.py:137} INFO - [2025-09-03T20:31:48.002+0200] {dagbag.py:532} INFO - Filling up the DagBag from /home/varun/miniconda3/envs/python38/lib/python3.8/site-packages/airflow/example_dags/example_branch_operator.py
[2025-09-03T20:31:48.018+0200] {processor.py:753} INFO - DAG(s) dict_keys(['example_branch_operator']) retrieved from /home/varun/miniconda3/envs/python38/lib/python3.8/site-packages/airflow/example_dags/example_branch_operator.py
[2025-09-03T20:31:48.038+0200] {logging_mixin.py:137} INFO - [2025-09-03T20:31:48.038+0200] {dag.py:2705} INFO - Sync 1 DAGs
[2025-09-03T20:31:48.060+0200] {logging_mixin.py:137} INFO - [2025-09-03T20:31:48.060+0200] {dag.py:3452} INFO - Setting next_dagrun for example_branch_operator to 2025-09-02T00:00:00+00:00, run_after=2025-09-03T00:00:00+00:00
[2025-09-03T20:31:48.082+0200] {processor.py:175} INFO - Processing /home/varun/miniconda3/envs/python38/lib/python3.8/site-packages/airflow/example_dags/example_branch_operator.py took 0.086 seconds
[2025-09-03T20:32:31.774+0200] {processor.py:153} INFO - Started process (PID=5765) to work on /home/varun/miniconda3/envs/python38/lib/python3.8/site-packages/airflow/example_dags/example_branch_operator.py
[2025-09-03T20:32:31.775+0200] {processor.py:743} INFO - Processing file /home/varun/miniconda3/envs/python38/lib/python3.8/site-packages/airflow/example_dags/example_branch_operator.py for tasks to queue
[2025-09-03T20:32:31.776+0200] {logging_mixin.py:137} INFO - [2025-09-03T20:32:31.776+0200] {dagbag.py:532} INFO - Filling up the DagBag from /home/varun/miniconda3/envs/python38/lib/python3.8/site-packages/airflow/example_dags/example_branch_operator.py
[2025-09-03T20:32:31.791+0200] {processor.py:753} INFO - DAG(s) dict_keys(['example_branch_operator']) retrieved from /home/varun/miniconda3/envs/python38/lib/python3.8/site-packages/airflow/example_dags/example_branch_operator.py
[2025-09-03T20:32:31.808+0200] {logging_mixin.py:137} INFO - [2025-09-03T20:32:31.808+0200] {dag.py:2705} INFO - Sync 1 DAGs
[2025-09-03T20:32:31.824+0200] {logging_mixin.py:137} INFO - [2025-09-03T20:32:31.824+0200] {dag.py:3452} INFO - Setting next_dagrun for example_branch_operator to 2025-09-02T00:00:00+00:00, run_after=2025-09-03T00:00:00+00:00
[2025-09-03T20:32:31.847+0200] {processor.py:175} INFO - Processing /home/varun/miniconda3/envs/python38/lib/python3.8/site-packages/airflow/example_dags/example_branch_operator.py took 0.076 seconds
[2025-09-03T20:33:21.282+0200] {processor.py:153} INFO - Started process (PID=5807) to work on /home/varun/miniconda3/envs/python38/lib/python3.8/site-packages/airflow/example_dags/example_branch_operator.py
[2025-09-03T20:33:21.284+0200] {processor.py:743} INFO - Processing file /home/varun/miniconda3/envs/python38/lib/python3.8/site-packages/airflow/example_dags/example_branch_operator.py for tasks to queue
[2025-09-03T20:33:21.284+0200] {logging_mixin.py:137} INFO - [2025-09-03T20:33:21.284+0200] {dagbag.py:532} INFO - Filling up the DagBag from /home/varun/miniconda3/envs/python38/lib/python3.8/site-packages/airflow/example_dags/example_branch_operator.py
[2025-09-03T20:33:21.299+0200] {processor.py:753} INFO - DAG(s) dict_keys(['example_branch_operator']) retrieved from /home/varun/miniconda3/envs/python38/lib/python3.8/site-packages/airflow/example_dags/example_branch_operator.py
[2025-09-03T20:33:21.320+0200] {logging_mixin.py:137} INFO - [2025-09-03T20:33:21.320+0200] {dag.py:2705} INFO - Sync 1 DAGs
[2025-09-03T20:33:21.340+0200] {logging_mixin.py:137} INFO - [2025-09-03T20:33:21.340+0200] {dag.py:3452} INFO - Setting next_dagrun for example_branch_operator to 2025-09-02T00:00:00+00:00, run_after=2025-09-03T00:00:00+00:00
[2025-09-03T20:33:21.363+0200] {processor.py:175} INFO - Processing /home/varun/miniconda3/envs/python38/lib/python3.8/site-packages/airflow/example_dags/example_branch_operator.py took 0.083 seconds
[2025-09-03T20:34:06.688+0200] {processor.py:153} INFO - Started process (PID=5849) to work on /home/varun/miniconda3/envs/python38/lib/python3.8/site-packages/airflow/example_dags/example_branch_operator.py
[2025-09-03T20:34:06.689+0200] {processor.py:743} INFO - Processing file /home/varun/miniconda3/envs/python38/lib/python3.8/site-packages/airflow/example_dags/example_branch_operator.py for tasks to queue
[2025-09-03T20:34:06.690+0200] {logging_mixin.py:137} INFO - [2025-09-03T20:34:06.690+0200] {dagbag.py:532} INFO - Filling up the DagBag from /home/varun/miniconda3/envs/python38/lib/python3.8/site-packages/airflow/example_dags/example_branch_operator.py
[2025-09-03T20:34:06.708+0200] {processor.py:753} INFO - DAG(s) dict_keys(['example_branch_operator']) retrieved from /home/varun/miniconda3/envs/python38/lib/python3.8/site-packages/airflow/example_dags/example_branch_operator.py
[2025-09-03T20:34:06.729+0200] {logging_mixin.py:137} INFO - [2025-09-03T20:34:06.729+0200] {dag.py:2705} INFO - Sync 1 DAGs
[2025-09-03T20:34:06.750+0200] {logging_mixin.py:137} INFO - [2025-09-03T20:34:06.750+0200] {dag.py:3452} INFO - Setting next_dagrun for example_branch_operator to 2025-09-02T00:00:00+00:00, run_after=2025-09-03T00:00:00+00:00
[2025-09-03T20:34:06.779+0200] {processor.py:175} INFO - Processing /home/varun/miniconda3/envs/python38/lib/python3.8/site-packages/airflow/example_dags/example_branch_operator.py took 0.095 seconds
[2025-09-03T20:34:50.936+0200] {processor.py:153} INFO - Started process (PID=5892) to work on /home/varun/miniconda3/envs/python38/lib/python3.8/site-packages/airflow/example_dags/example_branch_operator.py
[2025-09-03T20:34:50.938+0200] {processor.py:743} INFO - Processing file /home/varun/miniconda3/envs/python38/lib/python3.8/site-packages/airflow/example_dags/example_branch_operator.py for tasks to queue
[2025-09-03T20:34:50.938+0200] {logging_mixin.py:137} INFO - [2025-09-03T20:34:50.938+0200] {dagbag.py:532} INFO - Filling up the DagBag from /home/varun/miniconda3/envs/python38/lib/python3.8/site-packages/airflow/example_dags/example_branch_operator.py
[2025-09-03T20:34:50.953+0200] {processor.py:753} INFO - DAG(s) dict_keys(['example_branch_operator']) retrieved from /home/varun/miniconda3/envs/python38/lib/python3.8/site-packages/airflow/example_dags/example_branch_operator.py
[2025-09-03T20:34:50.974+0200] {logging_mixin.py:137} INFO - [2025-09-03T20:34:50.974+0200] {dag.py:2705} INFO - Sync 1 DAGs
[2025-09-03T20:34:50.991+0200] {logging_mixin.py:137} INFO - [2025-09-03T20:34:50.991+0200] {dag.py:3452} INFO - Setting next_dagrun for example_branch_operator to 2025-09-02T00:00:00+00:00, run_after=2025-09-03T00:00:00+00:00
[2025-09-03T20:34:51.015+0200] {processor.py:175} INFO - Processing /home/varun/miniconda3/envs/python38/lib/python3.8/site-packages/airflow/example_dags/example_branch_operator.py took 0.083 seconds
[2025-09-03T20:35:40.911+0200] {processor.py:153} INFO - Started process (PID=5934) to work on /home/varun/miniconda3/envs/python38/lib/python3.8/site-packages/airflow/example_dags/example_branch_operator.py
[2025-09-03T20:35:40.913+0200] {processor.py:743} INFO - Processing file /home/varun/miniconda3/envs/python38/lib/python3.8/site-packages/airflow/example_dags/example_branch_operator.py for tasks to queue
[2025-09-03T20:35:40.913+0200] {logging_mixin.py:137} INFO - [2025-09-03T20:35:40.913+0200] {dagbag.py:532} INFO - Filling up the DagBag from /home/varun/miniconda3/envs/python38/lib/python3.8/site-packages/airflow/example_dags/example_branch_operator.py
[2025-09-03T20:35:40.929+0200] {processor.py:753} INFO - DAG(s) dict_keys(['example_branch_operator']) retrieved from /home/varun/miniconda3/envs/python38/lib/python3.8/site-packages/airflow/example_dags/example_branch_operator.py
[2025-09-03T20:35:40.948+0200] {logging_mixin.py:137} INFO - [2025-09-03T20:35:40.948+0200] {dag.py:2705} INFO - Sync 1 DAGs
[2025-09-03T20:35:40.968+0200] {logging_mixin.py:137} INFO - [2025-09-03T20:35:40.968+0200] {dag.py:3452} INFO - Setting next_dagrun for example_branch_operator to 2025-09-02T00:00:00+00:00, run_after=2025-09-03T00:00:00+00:00
[2025-09-03T20:35:40.993+0200] {processor.py:175} INFO - Processing /home/varun/miniconda3/envs/python38/lib/python3.8/site-packages/airflow/example_dags/example_branch_operator.py took 0.085 seconds
[2025-09-03T20:36:25.122+0200] {processor.py:153} INFO - Started process (PID=5976) to work on /home/varun/miniconda3/envs/python38/lib/python3.8/site-packages/airflow/example_dags/example_branch_operator.py
[2025-09-03T20:36:25.123+0200] {processor.py:743} INFO - Processing file /home/varun/miniconda3/envs/python38/lib/python3.8/site-packages/airflow/example_dags/example_branch_operator.py for tasks to queue
[2025-09-03T20:36:25.124+0200] {logging_mixin.py:137} INFO - [2025-09-03T20:36:25.124+0200] {dagbag.py:532} INFO - Filling up the DagBag from /home/varun/miniconda3/envs/python38/lib/python3.8/site-packages/airflow/example_dags/example_branch_operator.py
[2025-09-03T20:36:25.141+0200] {processor.py:753} INFO - DAG(s) dict_keys(['example_branch_operator']) retrieved from /home/varun/miniconda3/envs/python38/lib/python3.8/site-packages/airflow/example_dags/example_branch_operator.py
[2025-09-03T20:36:25.165+0200] {logging_mixin.py:137} INFO - [2025-09-03T20:36:25.165+0200] {dag.py:2705} INFO - Sync 1 DAGs
[2025-09-03T20:36:25.187+0200] {logging_mixin.py:137} INFO - [2025-09-03T20:36:25.187+0200] {dag.py:3452} INFO - Setting next_dagrun for example_branch_operator to 2025-09-02T00:00:00+00:00, run_after=2025-09-03T00:00:00+00:00
[2025-09-03T20:36:25.213+0200] {processor.py:175} INFO - Processing /home/varun/miniconda3/envs/python38/lib/python3.8/site-packages/airflow/example_dags/example_branch_operator.py took 0.095 seconds
