[2025-09-03T19:42:39.019+0200] {processor.py:153} INFO - Started process (PID=3101) to work on /home/varun/miniconda3/envs/python38/lib/python3.8/site-packages/airflow/example_dags/example_sensor_decorator.py
[2025-09-03T19:42:39.020+0200] {processor.py:743} INFO - Processing file /home/varun/miniconda3/envs/python38/lib/python3.8/site-packages/airflow/example_dags/example_sensor_decorator.py for tasks to queue
[2025-09-03T19:42:39.021+0200] {logging_mixin.py:137} INFO - [2025-09-03T19:42:39.020+0200] {dagbag.py:532} INFO - Filling up the DagBag from /home/varun/miniconda3/envs/python38/lib/python3.8/site-packages/airflow/example_dags/example_sensor_decorator.py
[2025-09-03T19:42:39.046+0200] {processor.py:753} INFO - DAG(s) dict_keys(['example_sensor_decorator']) retrieved from /home/varun/miniconda3/envs/python38/lib/python3.8/site-packages/airflow/example_dags/example_sensor_decorator.py
[2025-09-03T19:42:39.160+0200] {logging_mixin.py:137} INFO - [2025-09-03T19:42:39.160+0200] {manager.py:504} INFO - Created Permission View: can edit on DAG:example_sensor_decorator
[2025-09-03T19:42:39.176+0200] {logging_mixin.py:137} INFO - [2025-09-03T19:42:39.176+0200] {manager.py:504} INFO - Created Permission View: can delete on DAG:example_sensor_decorator
[2025-09-03T19:42:39.188+0200] {logging_mixin.py:137} INFO - [2025-09-03T19:42:39.188+0200] {manager.py:504} INFO - Created Permission View: can read on DAG:example_sensor_decorator
[2025-09-03T19:42:39.189+0200] {logging_mixin.py:137} INFO - [2025-09-03T19:42:39.189+0200] {dag.py:2705} INFO - Sync 1 DAGs
[2025-09-03T19:42:39.200+0200] {logging_mixin.py:137} INFO - [2025-09-03T19:42:39.200+0200] {dag.py:2726} INFO - Creating ORM DAG for example_sensor_decorator
[2025-09-03T19:42:39.210+0200] {logging_mixin.py:137} INFO - [2025-09-03T19:42:39.210+0200] {dag.py:3452} INFO - Setting next_dagrun for example_sensor_decorator to None, run_after=None
[2025-09-03T19:42:39.237+0200] {processor.py:175} INFO - Processing /home/varun/miniconda3/envs/python38/lib/python3.8/site-packages/airflow/example_dags/example_sensor_decorator.py took 0.222 seconds
[2025-09-03T19:43:27.737+0200] {processor.py:153} INFO - Started process (PID=3143) to work on /home/varun/miniconda3/envs/python38/lib/python3.8/site-packages/airflow/example_dags/example_sensor_decorator.py
[2025-09-03T19:43:27.739+0200] {processor.py:743} INFO - Processing file /home/varun/miniconda3/envs/python38/lib/python3.8/site-packages/airflow/example_dags/example_sensor_decorator.py for tasks to queue
[2025-09-03T19:43:27.740+0200] {logging_mixin.py:137} INFO - [2025-09-03T19:43:27.740+0200] {dagbag.py:532} INFO - Filling up the DagBag from /home/varun/miniconda3/envs/python38/lib/python3.8/site-packages/airflow/example_dags/example_sensor_decorator.py
[2025-09-03T19:43:27.784+0200] {processor.py:753} INFO - DAG(s) dict_keys(['example_sensor_decorator']) retrieved from /home/varun/miniconda3/envs/python38/lib/python3.8/site-packages/airflow/example_dags/example_sensor_decorator.py
[2025-09-03T19:43:27.810+0200] {logging_mixin.py:137} INFO - [2025-09-03T19:43:27.810+0200] {dag.py:2705} INFO - Sync 1 DAGs
[2025-09-03T19:43:27.835+0200] {logging_mixin.py:137} INFO - [2025-09-03T19:43:27.834+0200] {dag.py:3452} INFO - Setting next_dagrun for example_sensor_decorator to None, run_after=None
[2025-09-03T19:43:27.865+0200] {processor.py:175} INFO - Processing /home/varun/miniconda3/envs/python38/lib/python3.8/site-packages/airflow/example_dags/example_sensor_decorator.py took 0.132 seconds
[2025-09-03T19:44:17.593+0200] {processor.py:153} INFO - Started process (PID=3185) to work on /home/varun/miniconda3/envs/python38/lib/python3.8/site-packages/airflow/example_dags/example_sensor_decorator.py
[2025-09-03T19:44:17.595+0200] {processor.py:743} INFO - Processing file /home/varun/miniconda3/envs/python38/lib/python3.8/site-packages/airflow/example_dags/example_sensor_decorator.py for tasks to queue
[2025-09-03T19:44:17.596+0200] {logging_mixin.py:137} INFO - [2025-09-03T19:44:17.596+0200] {dagbag.py:532} INFO - Filling up the DagBag from /home/varun/miniconda3/envs/python38/lib/python3.8/site-packages/airflow/example_dags/example_sensor_decorator.py
[2025-09-03T19:44:17.619+0200] {processor.py:753} INFO - DAG(s) dict_keys(['example_sensor_decorator']) retrieved from /home/varun/miniconda3/envs/python38/lib/python3.8/site-packages/airflow/example_dags/example_sensor_decorator.py
[2025-09-03T19:44:17.638+0200] {logging_mixin.py:137} INFO - [2025-09-03T19:44:17.638+0200] {dag.py:2705} INFO - Sync 1 DAGs
[2025-09-03T19:44:17.661+0200] {logging_mixin.py:137} INFO - [2025-09-03T19:44:17.661+0200] {dag.py:3452} INFO - Setting next_dagrun for example_sensor_decorator to None, run_after=None
[2025-09-03T19:44:17.683+0200] {processor.py:175} INFO - Processing /home/varun/miniconda3/envs/python38/lib/python3.8/site-packages/airflow/example_dags/example_sensor_decorator.py took 0.094 seconds
[2025-09-03T19:45:04.787+0200] {processor.py:153} INFO - Started process (PID=3228) to work on /home/varun/miniconda3/envs/python38/lib/python3.8/site-packages/airflow/example_dags/example_sensor_decorator.py
[2025-09-03T19:45:04.788+0200] {processor.py:743} INFO - Processing file /home/varun/miniconda3/envs/python38/lib/python3.8/site-packages/airflow/example_dags/example_sensor_decorator.py for tasks to queue
[2025-09-03T19:45:04.789+0200] {logging_mixin.py:137} INFO - [2025-09-03T19:45:04.789+0200] {dagbag.py:532} INFO - Filling up the DagBag from /home/varun/miniconda3/envs/python38/lib/python3.8/site-packages/airflow/example_dags/example_sensor_decorator.py
[2025-09-03T19:45:04.810+0200] {processor.py:753} INFO - DAG(s) dict_keys(['example_sensor_decorator']) retrieved from /home/varun/miniconda3/envs/python38/lib/python3.8/site-packages/airflow/example_dags/example_sensor_decorator.py
[2025-09-03T19:45:04.834+0200] {logging_mixin.py:137} INFO - [2025-09-03T19:45:04.834+0200] {dag.py:2705} INFO - Sync 1 DAGs
[2025-09-03T19:45:04.856+0200] {logging_mixin.py:137} INFO - [2025-09-03T19:45:04.856+0200] {dag.py:3452} INFO - Setting next_dagrun for example_sensor_decorator to None, run_after=None
[2025-09-03T19:45:04.882+0200] {processor.py:175} INFO - Processing /home/varun/miniconda3/envs/python38/lib/python3.8/site-packages/airflow/example_dags/example_sensor_decorator.py took 0.098 seconds
[2025-09-03T19:45:51.016+0200] {processor.py:153} INFO - Started process (PID=3298) to work on /home/varun/miniconda3/envs/python38/lib/python3.8/site-packages/airflow/example_dags/example_sensor_decorator.py
[2025-09-03T19:45:51.018+0200] {processor.py:743} INFO - Processing file /home/varun/miniconda3/envs/python38/lib/python3.8/site-packages/airflow/example_dags/example_sensor_decorator.py for tasks to queue
[2025-09-03T19:45:51.019+0200] {logging_mixin.py:137} INFO - [2025-09-03T19:45:51.019+0200] {dagbag.py:532} INFO - Filling up the DagBag from /home/varun/miniconda3/envs/python38/lib/python3.8/site-packages/airflow/example_dags/example_sensor_decorator.py
[2025-09-03T19:45:51.040+0200] {processor.py:753} INFO - DAG(s) dict_keys(['example_sensor_decorator']) retrieved from /home/varun/miniconda3/envs/python38/lib/python3.8/site-packages/airflow/example_dags/example_sensor_decorator.py
[2025-09-03T19:45:51.057+0200] {logging_mixin.py:137} INFO - [2025-09-03T19:45:51.057+0200] {dag.py:2705} INFO - Sync 1 DAGs
[2025-09-03T19:45:51.073+0200] {logging_mixin.py:137} INFO - [2025-09-03T19:45:51.072+0200] {dag.py:3452} INFO - Setting next_dagrun for example_sensor_decorator to None, run_after=None
[2025-09-03T19:45:51.100+0200] {processor.py:175} INFO - Processing /home/varun/miniconda3/envs/python38/lib/python3.8/site-packages/airflow/example_dags/example_sensor_decorator.py took 0.087 seconds
[2025-09-03T19:46:35.856+0200] {processor.py:153} INFO - Started process (PID=3343) to work on /home/varun/miniconda3/envs/python38/lib/python3.8/site-packages/airflow/example_dags/example_sensor_decorator.py
[2025-09-03T19:46:35.858+0200] {processor.py:743} INFO - Processing file /home/varun/miniconda3/envs/python38/lib/python3.8/site-packages/airflow/example_dags/example_sensor_decorator.py for tasks to queue
[2025-09-03T19:46:35.859+0200] {logging_mixin.py:137} INFO - [2025-09-03T19:46:35.859+0200] {dagbag.py:532} INFO - Filling up the DagBag from /home/varun/miniconda3/envs/python38/lib/python3.8/site-packages/airflow/example_dags/example_sensor_decorator.py
[2025-09-03T19:46:35.883+0200] {processor.py:753} INFO - DAG(s) dict_keys(['example_sensor_decorator']) retrieved from /home/varun/miniconda3/envs/python38/lib/python3.8/site-packages/airflow/example_dags/example_sensor_decorator.py
[2025-09-03T19:46:35.903+0200] {logging_mixin.py:137} INFO - [2025-09-03T19:46:35.902+0200] {dag.py:2705} INFO - Sync 1 DAGs
[2025-09-03T19:46:35.921+0200] {logging_mixin.py:137} INFO - [2025-09-03T19:46:35.921+0200] {dag.py:3452} INFO - Setting next_dagrun for example_sensor_decorator to None, run_after=None
[2025-09-03T19:46:35.945+0200] {processor.py:175} INFO - Processing /home/varun/miniconda3/envs/python38/lib/python3.8/site-packages/airflow/example_dags/example_sensor_decorator.py took 0.092 seconds
[2025-09-03T19:47:26.128+0200] {processor.py:153} INFO - Started process (PID=3396) to work on /home/varun/miniconda3/envs/python38/lib/python3.8/site-packages/airflow/example_dags/example_sensor_decorator.py
[2025-09-03T19:47:26.132+0200] {processor.py:743} INFO - Processing file /home/varun/miniconda3/envs/python38/lib/python3.8/site-packages/airflow/example_dags/example_sensor_decorator.py for tasks to queue
[2025-09-03T19:47:26.132+0200] {logging_mixin.py:137} INFO - [2025-09-03T19:47:26.132+0200] {dagbag.py:532} INFO - Filling up the DagBag from /home/varun/miniconda3/envs/python38/lib/python3.8/site-packages/airflow/example_dags/example_sensor_decorator.py
[2025-09-03T19:47:26.153+0200] {processor.py:753} INFO - DAG(s) dict_keys(['example_sensor_decorator']) retrieved from /home/varun/miniconda3/envs/python38/lib/python3.8/site-packages/airflow/example_dags/example_sensor_decorator.py
[2025-09-03T19:47:26.172+0200] {logging_mixin.py:137} INFO - [2025-09-03T19:47:26.172+0200] {dag.py:2705} INFO - Sync 1 DAGs
[2025-09-03T19:47:26.191+0200] {logging_mixin.py:137} INFO - [2025-09-03T19:47:26.191+0200] {dag.py:3452} INFO - Setting next_dagrun for example_sensor_decorator to None, run_after=None
[2025-09-03T19:47:26.215+0200] {processor.py:175} INFO - Processing /home/varun/miniconda3/envs/python38/lib/python3.8/site-packages/airflow/example_dags/example_sensor_decorator.py took 0.089 seconds
[2025-09-03T19:48:10.802+0200] {processor.py:153} INFO - Started process (PID=3438) to work on /home/varun/miniconda3/envs/python38/lib/python3.8/site-packages/airflow/example_dags/example_sensor_decorator.py
[2025-09-03T19:48:10.805+0200] {processor.py:743} INFO - Processing file /home/varun/miniconda3/envs/python38/lib/python3.8/site-packages/airflow/example_dags/example_sensor_decorator.py for tasks to queue
[2025-09-03T19:48:10.805+0200] {logging_mixin.py:137} INFO - [2025-09-03T19:48:10.805+0200] {dagbag.py:532} INFO - Filling up the DagBag from /home/varun/miniconda3/envs/python38/lib/python3.8/site-packages/airflow/example_dags/example_sensor_decorator.py
[2025-09-03T19:48:10.841+0200] {processor.py:753} INFO - DAG(s) dict_keys(['example_sensor_decorator']) retrieved from /home/varun/miniconda3/envs/python38/lib/python3.8/site-packages/airflow/example_dags/example_sensor_decorator.py
[2025-09-03T19:48:10.867+0200] {logging_mixin.py:137} INFO - [2025-09-03T19:48:10.867+0200] {dag.py:2705} INFO - Sync 1 DAGs
[2025-09-03T19:48:10.893+0200] {logging_mixin.py:137} INFO - [2025-09-03T19:48:10.893+0200] {dag.py:3452} INFO - Setting next_dagrun for example_sensor_decorator to None, run_after=None
[2025-09-03T19:48:10.920+0200] {processor.py:175} INFO - Processing /home/varun/miniconda3/envs/python38/lib/python3.8/site-packages/airflow/example_dags/example_sensor_decorator.py took 0.122 seconds
[2025-09-03T19:49:02.855+0200] {processor.py:153} INFO - Started process (PID=3480) to work on /home/varun/miniconda3/envs/python38/lib/python3.8/site-packages/airflow/example_dags/example_sensor_decorator.py
[2025-09-03T19:49:02.858+0200] {processor.py:743} INFO - Processing file /home/varun/miniconda3/envs/python38/lib/python3.8/site-packages/airflow/example_dags/example_sensor_decorator.py for tasks to queue
[2025-09-03T19:49:02.859+0200] {logging_mixin.py:137} INFO - [2025-09-03T19:49:02.858+0200] {dagbag.py:532} INFO - Filling up the DagBag from /home/varun/miniconda3/envs/python38/lib/python3.8/site-packages/airflow/example_dags/example_sensor_decorator.py
[2025-09-03T19:49:02.891+0200] {processor.py:753} INFO - DAG(s) dict_keys(['example_sensor_decorator']) retrieved from /home/varun/miniconda3/envs/python38/lib/python3.8/site-packages/airflow/example_dags/example_sensor_decorator.py
[2025-09-03T19:49:02.917+0200] {logging_mixin.py:137} INFO - [2025-09-03T19:49:02.917+0200] {dag.py:2705} INFO - Sync 1 DAGs
[2025-09-03T19:49:02.952+0200] {logging_mixin.py:137} INFO - [2025-09-03T19:49:02.952+0200] {dag.py:3452} INFO - Setting next_dagrun for example_sensor_decorator to None, run_after=None
[2025-09-03T19:49:02.993+0200] {processor.py:175} INFO - Processing /home/varun/miniconda3/envs/python38/lib/python3.8/site-packages/airflow/example_dags/example_sensor_decorator.py took 0.142 seconds
[2025-09-03T19:49:50.480+0200] {processor.py:153} INFO - Started process (PID=3528) to work on /home/varun/miniconda3/envs/python38/lib/python3.8/site-packages/airflow/example_dags/example_sensor_decorator.py
[2025-09-03T19:49:50.482+0200] {processor.py:743} INFO - Processing file /home/varun/miniconda3/envs/python38/lib/python3.8/site-packages/airflow/example_dags/example_sensor_decorator.py for tasks to queue
[2025-09-03T19:49:50.483+0200] {logging_mixin.py:137} INFO - [2025-09-03T19:49:50.483+0200] {dagbag.py:532} INFO - Filling up the DagBag from /home/varun/miniconda3/envs/python38/lib/python3.8/site-packages/airflow/example_dags/example_sensor_decorator.py
[2025-09-03T19:49:50.505+0200] {processor.py:753} INFO - DAG(s) dict_keys(['example_sensor_decorator']) retrieved from /home/varun/miniconda3/envs/python38/lib/python3.8/site-packages/airflow/example_dags/example_sensor_decorator.py
[2025-09-03T19:49:50.523+0200] {logging_mixin.py:137} INFO - [2025-09-03T19:49:50.523+0200] {dag.py:2705} INFO - Sync 1 DAGs
[2025-09-03T19:49:50.540+0200] {logging_mixin.py:137} INFO - [2025-09-03T19:49:50.540+0200] {dag.py:3452} INFO - Setting next_dagrun for example_sensor_decorator to None, run_after=None
[2025-09-03T19:49:50.566+0200] {processor.py:175} INFO - Processing /home/varun/miniconda3/envs/python38/lib/python3.8/site-packages/airflow/example_dags/example_sensor_decorator.py took 0.089 seconds
[2025-09-03T19:50:35.728+0200] {processor.py:153} INFO - Started process (PID=3574) to work on /home/varun/miniconda3/envs/python38/lib/python3.8/site-packages/airflow/example_dags/example_sensor_decorator.py
[2025-09-03T19:50:35.729+0200] {processor.py:743} INFO - Processing file /home/varun/miniconda3/envs/python38/lib/python3.8/site-packages/airflow/example_dags/example_sensor_decorator.py for tasks to queue
[2025-09-03T19:50:35.730+0200] {logging_mixin.py:137} INFO - [2025-09-03T19:50:35.730+0200] {dagbag.py:532} INFO - Filling up the DagBag from /home/varun/miniconda3/envs/python38/lib/python3.8/site-packages/airflow/example_dags/example_sensor_decorator.py
[2025-09-03T19:50:35.752+0200] {processor.py:753} INFO - DAG(s) dict_keys(['example_sensor_decorator']) retrieved from /home/varun/miniconda3/envs/python38/lib/python3.8/site-packages/airflow/example_dags/example_sensor_decorator.py
[2025-09-03T19:50:35.771+0200] {logging_mixin.py:137} INFO - [2025-09-03T19:50:35.771+0200] {dag.py:2705} INFO - Sync 1 DAGs
[2025-09-03T19:50:35.786+0200] {logging_mixin.py:137} INFO - [2025-09-03T19:50:35.786+0200] {dag.py:3452} INFO - Setting next_dagrun for example_sensor_decorator to None, run_after=None
[2025-09-03T19:50:35.813+0200] {processor.py:175} INFO - Processing /home/varun/miniconda3/envs/python38/lib/python3.8/site-packages/airflow/example_dags/example_sensor_decorator.py took 0.089 seconds
[2025-09-03T19:51:22.282+0200] {processor.py:153} INFO - Started process (PID=3629) to work on /home/varun/miniconda3/envs/python38/lib/python3.8/site-packages/airflow/example_dags/example_sensor_decorator.py
[2025-09-03T19:51:22.284+0200] {processor.py:743} INFO - Processing file /home/varun/miniconda3/envs/python38/lib/python3.8/site-packages/airflow/example_dags/example_sensor_decorator.py for tasks to queue
[2025-09-03T19:51:22.284+0200] {logging_mixin.py:137} INFO - [2025-09-03T19:51:22.284+0200] {dagbag.py:532} INFO - Filling up the DagBag from /home/varun/miniconda3/envs/python38/lib/python3.8/site-packages/airflow/example_dags/example_sensor_decorator.py
[2025-09-03T19:51:22.307+0200] {processor.py:753} INFO - DAG(s) dict_keys(['example_sensor_decorator']) retrieved from /home/varun/miniconda3/envs/python38/lib/python3.8/site-packages/airflow/example_dags/example_sensor_decorator.py
[2025-09-03T19:51:22.328+0200] {logging_mixin.py:137} INFO - [2025-09-03T19:51:22.328+0200] {dag.py:2705} INFO - Sync 1 DAGs
[2025-09-03T19:51:22.348+0200] {logging_mixin.py:137} INFO - [2025-09-03T19:51:22.348+0200] {dag.py:3452} INFO - Setting next_dagrun for example_sensor_decorator to None, run_after=None
[2025-09-03T19:51:22.376+0200] {processor.py:175} INFO - Processing /home/varun/miniconda3/envs/python38/lib/python3.8/site-packages/airflow/example_dags/example_sensor_decorator.py took 0.097 seconds
[2025-09-03T19:52:13.829+0200] {processor.py:153} INFO - Started process (PID=3678) to work on /home/varun/miniconda3/envs/python38/lib/python3.8/site-packages/airflow/example_dags/example_sensor_decorator.py
[2025-09-03T19:52:13.830+0200] {processor.py:743} INFO - Processing file /home/varun/miniconda3/envs/python38/lib/python3.8/site-packages/airflow/example_dags/example_sensor_decorator.py for tasks to queue
[2025-09-03T19:52:13.831+0200] {logging_mixin.py:137} INFO - [2025-09-03T19:52:13.831+0200] {dagbag.py:532} INFO - Filling up the DagBag from /home/varun/miniconda3/envs/python38/lib/python3.8/site-packages/airflow/example_dags/example_sensor_decorator.py
[2025-09-03T19:52:13.861+0200] {processor.py:753} INFO - DAG(s) dict_keys(['example_sensor_decorator']) retrieved from /home/varun/miniconda3/envs/python38/lib/python3.8/site-packages/airflow/example_dags/example_sensor_decorator.py
[2025-09-03T19:52:13.886+0200] {logging_mixin.py:137} INFO - [2025-09-03T19:52:13.885+0200] {dag.py:2705} INFO - Sync 1 DAGs
[2025-09-03T19:52:13.910+0200] {logging_mixin.py:137} INFO - [2025-09-03T19:52:13.910+0200] {dag.py:3452} INFO - Setting next_dagrun for example_sensor_decorator to None, run_after=None
[2025-09-03T19:52:14.103+0200] {processor.py:175} INFO - Processing /home/varun/miniconda3/envs/python38/lib/python3.8/site-packages/airflow/example_dags/example_sensor_decorator.py took 0.278 seconds
[2025-09-03T19:53:04.489+0200] {processor.py:153} INFO - Started process (PID=3720) to work on /home/varun/miniconda3/envs/python38/lib/python3.8/site-packages/airflow/example_dags/example_sensor_decorator.py
[2025-09-03T19:53:04.491+0200] {processor.py:743} INFO - Processing file /home/varun/miniconda3/envs/python38/lib/python3.8/site-packages/airflow/example_dags/example_sensor_decorator.py for tasks to queue
[2025-09-03T19:53:04.492+0200] {logging_mixin.py:137} INFO - [2025-09-03T19:53:04.492+0200] {dagbag.py:532} INFO - Filling up the DagBag from /home/varun/miniconda3/envs/python38/lib/python3.8/site-packages/airflow/example_dags/example_sensor_decorator.py
[2025-09-03T19:53:04.512+0200] {processor.py:753} INFO - DAG(s) dict_keys(['example_sensor_decorator']) retrieved from /home/varun/miniconda3/envs/python38/lib/python3.8/site-packages/airflow/example_dags/example_sensor_decorator.py
[2025-09-03T19:53:04.532+0200] {logging_mixin.py:137} INFO - [2025-09-03T19:53:04.532+0200] {dag.py:2705} INFO - Sync 1 DAGs
[2025-09-03T19:53:04.663+0200] {logging_mixin.py:137} INFO - [2025-09-03T19:53:04.663+0200] {dag.py:3452} INFO - Setting next_dagrun for example_sensor_decorator to None, run_after=None
[2025-09-03T19:53:04.685+0200] {processor.py:175} INFO - Processing /home/varun/miniconda3/envs/python38/lib/python3.8/site-packages/airflow/example_dags/example_sensor_decorator.py took 0.199 seconds
[2025-09-03T19:53:59.294+0200] {processor.py:153} INFO - Started process (PID=3764) to work on /home/varun/miniconda3/envs/python38/lib/python3.8/site-packages/airflow/example_dags/example_sensor_decorator.py
[2025-09-03T19:53:59.297+0200] {processor.py:743} INFO - Processing file /home/varun/miniconda3/envs/python38/lib/python3.8/site-packages/airflow/example_dags/example_sensor_decorator.py for tasks to queue
[2025-09-03T19:53:59.298+0200] {logging_mixin.py:137} INFO - [2025-09-03T19:53:59.298+0200] {dagbag.py:532} INFO - Filling up the DagBag from /home/varun/miniconda3/envs/python38/lib/python3.8/site-packages/airflow/example_dags/example_sensor_decorator.py
[2025-09-03T19:53:59.347+0200] {processor.py:753} INFO - DAG(s) dict_keys(['example_sensor_decorator']) retrieved from /home/varun/miniconda3/envs/python38/lib/python3.8/site-packages/airflow/example_dags/example_sensor_decorator.py
[2025-09-03T19:53:59.401+0200] {logging_mixin.py:137} INFO - [2025-09-03T19:53:59.399+0200] {dag.py:2705} INFO - Sync 1 DAGs
[2025-09-03T19:53:59.621+0200] {logging_mixin.py:137} INFO - [2025-09-03T19:53:59.621+0200] {dag.py:3452} INFO - Setting next_dagrun for example_sensor_decorator to None, run_after=None
[2025-09-03T19:53:59.655+0200] {processor.py:175} INFO - Processing /home/varun/miniconda3/envs/python38/lib/python3.8/site-packages/airflow/example_dags/example_sensor_decorator.py took 0.366 seconds
[2025-09-03T19:55:01.649+0200] {processor.py:153} INFO - Started process (PID=3819) to work on /home/varun/miniconda3/envs/python38/lib/python3.8/site-packages/airflow/example_dags/example_sensor_decorator.py
[2025-09-03T19:55:01.651+0200] {processor.py:743} INFO - Processing file /home/varun/miniconda3/envs/python38/lib/python3.8/site-packages/airflow/example_dags/example_sensor_decorator.py for tasks to queue
[2025-09-03T19:55:01.652+0200] {logging_mixin.py:137} INFO - [2025-09-03T19:55:01.652+0200] {dagbag.py:532} INFO - Filling up the DagBag from /home/varun/miniconda3/envs/python38/lib/python3.8/site-packages/airflow/example_dags/example_sensor_decorator.py
[2025-09-03T19:55:01.682+0200] {processor.py:753} INFO - DAG(s) dict_keys(['example_sensor_decorator']) retrieved from /home/varun/miniconda3/envs/python38/lib/python3.8/site-packages/airflow/example_dags/example_sensor_decorator.py
[2025-09-03T19:55:01.937+0200] {logging_mixin.py:137} INFO - [2025-09-03T19:55:01.936+0200] {dag.py:2705} INFO - Sync 1 DAGs
[2025-09-03T19:55:01.982+0200] {logging_mixin.py:137} INFO - [2025-09-03T19:55:01.981+0200] {dag.py:3452} INFO - Setting next_dagrun for example_sensor_decorator to None, run_after=None
[2025-09-03T19:55:02.018+0200] {processor.py:175} INFO - Processing /home/varun/miniconda3/envs/python38/lib/python3.8/site-packages/airflow/example_dags/example_sensor_decorator.py took 0.374 seconds
[2025-09-03T19:55:56.022+0200] {processor.py:153} INFO - Started process (PID=3871) to work on /home/varun/miniconda3/envs/python38/lib/python3.8/site-packages/airflow/example_dags/example_sensor_decorator.py
[2025-09-03T19:55:56.025+0200] {processor.py:743} INFO - Processing file /home/varun/miniconda3/envs/python38/lib/python3.8/site-packages/airflow/example_dags/example_sensor_decorator.py for tasks to queue
[2025-09-03T19:55:56.026+0200] {logging_mixin.py:137} INFO - [2025-09-03T19:55:56.026+0200] {dagbag.py:532} INFO - Filling up the DagBag from /home/varun/miniconda3/envs/python38/lib/python3.8/site-packages/airflow/example_dags/example_sensor_decorator.py
[2025-09-03T19:55:56.209+0200] {processor.py:753} INFO - DAG(s) dict_keys(['example_sensor_decorator']) retrieved from /home/varun/miniconda3/envs/python38/lib/python3.8/site-packages/airflow/example_dags/example_sensor_decorator.py
[2025-09-03T19:55:56.232+0200] {logging_mixin.py:137} INFO - [2025-09-03T19:55:56.231+0200] {dag.py:2705} INFO - Sync 1 DAGs
[2025-09-03T19:55:56.253+0200] {logging_mixin.py:137} INFO - [2025-09-03T19:55:56.253+0200] {dag.py:3452} INFO - Setting next_dagrun for example_sensor_decorator to None, run_after=None
[2025-09-03T19:55:56.286+0200] {processor.py:175} INFO - Processing /home/varun/miniconda3/envs/python38/lib/python3.8/site-packages/airflow/example_dags/example_sensor_decorator.py took 0.268 seconds
[2025-09-03T19:56:56.659+0200] {processor.py:153} INFO - Started process (PID=3921) to work on /home/varun/miniconda3/envs/python38/lib/python3.8/site-packages/airflow/example_dags/example_sensor_decorator.py
[2025-09-03T19:56:56.661+0200] {processor.py:743} INFO - Processing file /home/varun/miniconda3/envs/python38/lib/python3.8/site-packages/airflow/example_dags/example_sensor_decorator.py for tasks to queue
[2025-09-03T19:56:56.662+0200] {logging_mixin.py:137} INFO - [2025-09-03T19:56:56.662+0200] {dagbag.py:532} INFO - Filling up the DagBag from /home/varun/miniconda3/envs/python38/lib/python3.8/site-packages/airflow/example_dags/example_sensor_decorator.py
[2025-09-03T19:56:56.786+0200] {processor.py:753} INFO - DAG(s) dict_keys(['example_sensor_decorator']) retrieved from /home/varun/miniconda3/envs/python38/lib/python3.8/site-packages/airflow/example_dags/example_sensor_decorator.py
[2025-09-03T19:56:56.799+0200] {logging_mixin.py:137} INFO - [2025-09-03T19:56:56.799+0200] {dag.py:2705} INFO - Sync 1 DAGs
[2025-09-03T19:56:56.816+0200] {logging_mixin.py:137} INFO - [2025-09-03T19:56:56.816+0200] {dag.py:3452} INFO - Setting next_dagrun for example_sensor_decorator to None, run_after=None
[2025-09-03T19:56:56.838+0200] {processor.py:175} INFO - Processing /home/varun/miniconda3/envs/python38/lib/python3.8/site-packages/airflow/example_dags/example_sensor_decorator.py took 0.183 seconds
[2025-09-03T19:57:47.118+0200] {processor.py:153} INFO - Started process (PID=3968) to work on /home/varun/miniconda3/envs/python38/lib/python3.8/site-packages/airflow/example_dags/example_sensor_decorator.py
[2025-09-03T19:57:47.120+0200] {processor.py:743} INFO - Processing file /home/varun/miniconda3/envs/python38/lib/python3.8/site-packages/airflow/example_dags/example_sensor_decorator.py for tasks to queue
[2025-09-03T19:57:47.121+0200] {logging_mixin.py:137} INFO - [2025-09-03T19:57:47.121+0200] {dagbag.py:532} INFO - Filling up the DagBag from /home/varun/miniconda3/envs/python38/lib/python3.8/site-packages/airflow/example_dags/example_sensor_decorator.py
[2025-09-03T19:57:47.144+0200] {processor.py:753} INFO - DAG(s) dict_keys(['example_sensor_decorator']) retrieved from /home/varun/miniconda3/envs/python38/lib/python3.8/site-packages/airflow/example_dags/example_sensor_decorator.py
[2025-09-03T19:57:47.167+0200] {logging_mixin.py:137} INFO - [2025-09-03T19:57:47.166+0200] {dag.py:2705} INFO - Sync 1 DAGs
[2025-09-03T19:57:47.189+0200] {logging_mixin.py:137} INFO - [2025-09-03T19:57:47.189+0200] {dag.py:3452} INFO - Setting next_dagrun for example_sensor_decorator to None, run_after=None
[2025-09-03T19:57:47.214+0200] {processor.py:175} INFO - Processing /home/varun/miniconda3/envs/python38/lib/python3.8/site-packages/airflow/example_dags/example_sensor_decorator.py took 0.099 seconds
[2025-09-03T20:00:53.228+0200] {processor.py:153} INFO - Started process (PID=4039) to work on /home/varun/miniconda3/envs/python38/lib/python3.8/site-packages/airflow/example_dags/example_sensor_decorator.py
[2025-09-03T20:00:53.230+0200] {processor.py:743} INFO - Processing file /home/varun/miniconda3/envs/python38/lib/python3.8/site-packages/airflow/example_dags/example_sensor_decorator.py for tasks to queue
[2025-09-03T20:00:53.231+0200] {logging_mixin.py:137} INFO - [2025-09-03T20:00:53.231+0200] {dagbag.py:532} INFO - Filling up the DagBag from /home/varun/miniconda3/envs/python38/lib/python3.8/site-packages/airflow/example_dags/example_sensor_decorator.py
[2025-09-03T20:00:53.265+0200] {processor.py:753} INFO - DAG(s) dict_keys(['example_sensor_decorator']) retrieved from /home/varun/miniconda3/envs/python38/lib/python3.8/site-packages/airflow/example_dags/example_sensor_decorator.py
[2025-09-03T20:00:53.286+0200] {logging_mixin.py:137} INFO - [2025-09-03T20:00:53.285+0200] {dag.py:2705} INFO - Sync 1 DAGs
[2025-09-03T20:00:53.308+0200] {logging_mixin.py:137} INFO - [2025-09-03T20:00:53.308+0200] {dag.py:3452} INFO - Setting next_dagrun for example_sensor_decorator to None, run_after=None
[2025-09-03T20:00:53.334+0200] {processor.py:175} INFO - Processing /home/varun/miniconda3/envs/python38/lib/python3.8/site-packages/airflow/example_dags/example_sensor_decorator.py took 0.109 seconds
[2025-09-03T20:01:42.058+0200] {processor.py:153} INFO - Started process (PID=4086) to work on /home/varun/miniconda3/envs/python38/lib/python3.8/site-packages/airflow/example_dags/example_sensor_decorator.py
[2025-09-03T20:01:42.059+0200] {processor.py:743} INFO - Processing file /home/varun/miniconda3/envs/python38/lib/python3.8/site-packages/airflow/example_dags/example_sensor_decorator.py for tasks to queue
[2025-09-03T20:01:42.060+0200] {logging_mixin.py:137} INFO - [2025-09-03T20:01:42.060+0200] {dagbag.py:532} INFO - Filling up the DagBag from /home/varun/miniconda3/envs/python38/lib/python3.8/site-packages/airflow/example_dags/example_sensor_decorator.py
[2025-09-03T20:01:42.082+0200] {processor.py:753} INFO - DAG(s) dict_keys(['example_sensor_decorator']) retrieved from /home/varun/miniconda3/envs/python38/lib/python3.8/site-packages/airflow/example_dags/example_sensor_decorator.py
[2025-09-03T20:01:42.097+0200] {logging_mixin.py:137} INFO - [2025-09-03T20:01:42.097+0200] {dag.py:2705} INFO - Sync 1 DAGs
[2025-09-03T20:01:42.113+0200] {logging_mixin.py:137} INFO - [2025-09-03T20:01:42.113+0200] {dag.py:3452} INFO - Setting next_dagrun for example_sensor_decorator to None, run_after=None
[2025-09-03T20:01:42.134+0200] {processor.py:175} INFO - Processing /home/varun/miniconda3/envs/python38/lib/python3.8/site-packages/airflow/example_dags/example_sensor_decorator.py took 0.080 seconds
[2025-09-03T20:02:27.412+0200] {processor.py:153} INFO - Started process (PID=4128) to work on /home/varun/miniconda3/envs/python38/lib/python3.8/site-packages/airflow/example_dags/example_sensor_decorator.py
[2025-09-03T20:02:27.414+0200] {processor.py:743} INFO - Processing file /home/varun/miniconda3/envs/python38/lib/python3.8/site-packages/airflow/example_dags/example_sensor_decorator.py for tasks to queue
[2025-09-03T20:02:27.414+0200] {logging_mixin.py:137} INFO - [2025-09-03T20:02:27.414+0200] {dagbag.py:532} INFO - Filling up the DagBag from /home/varun/miniconda3/envs/python38/lib/python3.8/site-packages/airflow/example_dags/example_sensor_decorator.py
[2025-09-03T20:02:27.443+0200] {processor.py:753} INFO - DAG(s) dict_keys(['example_sensor_decorator']) retrieved from /home/varun/miniconda3/envs/python38/lib/python3.8/site-packages/airflow/example_dags/example_sensor_decorator.py
[2025-09-03T20:02:27.468+0200] {logging_mixin.py:137} INFO - [2025-09-03T20:02:27.467+0200] {dag.py:2705} INFO - Sync 1 DAGs
[2025-09-03T20:02:27.491+0200] {logging_mixin.py:137} INFO - [2025-09-03T20:02:27.491+0200] {dag.py:3452} INFO - Setting next_dagrun for example_sensor_decorator to None, run_after=None
[2025-09-03T20:02:27.524+0200] {processor.py:175} INFO - Processing /home/varun/miniconda3/envs/python38/lib/python3.8/site-packages/airflow/example_dags/example_sensor_decorator.py took 0.117 seconds
[2025-09-03T20:03:14.826+0200] {processor.py:153} INFO - Started process (PID=4170) to work on /home/varun/miniconda3/envs/python38/lib/python3.8/site-packages/airflow/example_dags/example_sensor_decorator.py
[2025-09-03T20:03:14.828+0200] {processor.py:743} INFO - Processing file /home/varun/miniconda3/envs/python38/lib/python3.8/site-packages/airflow/example_dags/example_sensor_decorator.py for tasks to queue
[2025-09-03T20:03:14.828+0200] {logging_mixin.py:137} INFO - [2025-09-03T20:03:14.828+0200] {dagbag.py:532} INFO - Filling up the DagBag from /home/varun/miniconda3/envs/python38/lib/python3.8/site-packages/airflow/example_dags/example_sensor_decorator.py
[2025-09-03T20:03:14.852+0200] {processor.py:753} INFO - DAG(s) dict_keys(['example_sensor_decorator']) retrieved from /home/varun/miniconda3/envs/python38/lib/python3.8/site-packages/airflow/example_dags/example_sensor_decorator.py
[2025-09-03T20:03:14.875+0200] {logging_mixin.py:137} INFO - [2025-09-03T20:03:14.875+0200] {dag.py:2705} INFO - Sync 1 DAGs
[2025-09-03T20:03:14.894+0200] {logging_mixin.py:137} INFO - [2025-09-03T20:03:14.894+0200] {dag.py:3452} INFO - Setting next_dagrun for example_sensor_decorator to None, run_after=None
[2025-09-03T20:03:14.921+0200] {processor.py:175} INFO - Processing /home/varun/miniconda3/envs/python38/lib/python3.8/site-packages/airflow/example_dags/example_sensor_decorator.py took 0.098 seconds
[2025-09-03T20:04:05.553+0200] {processor.py:153} INFO - Started process (PID=4212) to work on /home/varun/miniconda3/envs/python38/lib/python3.8/site-packages/airflow/example_dags/example_sensor_decorator.py
[2025-09-03T20:04:05.555+0200] {processor.py:743} INFO - Processing file /home/varun/miniconda3/envs/python38/lib/python3.8/site-packages/airflow/example_dags/example_sensor_decorator.py for tasks to queue
[2025-09-03T20:04:05.555+0200] {logging_mixin.py:137} INFO - [2025-09-03T20:04:05.555+0200] {dagbag.py:532} INFO - Filling up the DagBag from /home/varun/miniconda3/envs/python38/lib/python3.8/site-packages/airflow/example_dags/example_sensor_decorator.py
[2025-09-03T20:04:05.576+0200] {processor.py:753} INFO - DAG(s) dict_keys(['example_sensor_decorator']) retrieved from /home/varun/miniconda3/envs/python38/lib/python3.8/site-packages/airflow/example_dags/example_sensor_decorator.py
[2025-09-03T20:04:05.594+0200] {logging_mixin.py:137} INFO - [2025-09-03T20:04:05.594+0200] {dag.py:2705} INFO - Sync 1 DAGs
[2025-09-03T20:04:05.609+0200] {logging_mixin.py:137} INFO - [2025-09-03T20:04:05.609+0200] {dag.py:3452} INFO - Setting next_dagrun for example_sensor_decorator to None, run_after=None
[2025-09-03T20:04:05.629+0200] {processor.py:175} INFO - Processing /home/varun/miniconda3/envs/python38/lib/python3.8/site-packages/airflow/example_dags/example_sensor_decorator.py took 0.079 seconds
[2025-09-03T20:04:56.148+0200] {processor.py:153} INFO - Started process (PID=4259) to work on /home/varun/miniconda3/envs/python38/lib/python3.8/site-packages/airflow/example_dags/example_sensor_decorator.py
[2025-09-03T20:04:56.151+0200] {processor.py:743} INFO - Processing file /home/varun/miniconda3/envs/python38/lib/python3.8/site-packages/airflow/example_dags/example_sensor_decorator.py for tasks to queue
[2025-09-03T20:04:56.152+0200] {logging_mixin.py:137} INFO - [2025-09-03T20:04:56.152+0200] {dagbag.py:532} INFO - Filling up the DagBag from /home/varun/miniconda3/envs/python38/lib/python3.8/site-packages/airflow/example_dags/example_sensor_decorator.py
[2025-09-03T20:04:56.184+0200] {processor.py:753} INFO - DAG(s) dict_keys(['example_sensor_decorator']) retrieved from /home/varun/miniconda3/envs/python38/lib/python3.8/site-packages/airflow/example_dags/example_sensor_decorator.py
[2025-09-03T20:04:56.301+0200] {logging_mixin.py:137} INFO - [2025-09-03T20:04:56.301+0200] {manager.py:504} INFO - Created Permission View: can delete on DAG:example_sensor_decorator
[2025-09-03T20:04:56.317+0200] {logging_mixin.py:137} INFO - [2025-09-03T20:04:56.316+0200] {manager.py:504} INFO - Created Permission View: can read on DAG:example_sensor_decorator
[2025-09-03T20:04:56.330+0200] {logging_mixin.py:137} INFO - [2025-09-03T20:04:56.330+0200] {manager.py:504} INFO - Created Permission View: can edit on DAG:example_sensor_decorator
[2025-09-03T20:04:56.330+0200] {logging_mixin.py:137} INFO - [2025-09-03T20:04:56.330+0200] {dag.py:2705} INFO - Sync 1 DAGs
[2025-09-03T20:04:56.344+0200] {logging_mixin.py:137} INFO - [2025-09-03T20:04:56.344+0200] {dag.py:2726} INFO - Creating ORM DAG for example_sensor_decorator
[2025-09-03T20:04:56.355+0200] {logging_mixin.py:137} INFO - [2025-09-03T20:04:56.355+0200] {dag.py:3452} INFO - Setting next_dagrun for example_sensor_decorator to None, run_after=None
[2025-09-03T20:04:56.385+0200] {processor.py:175} INFO - Processing /home/varun/miniconda3/envs/python38/lib/python3.8/site-packages/airflow/example_dags/example_sensor_decorator.py took 0.245 seconds
[2025-09-03T20:05:53.846+0200] {processor.py:153} INFO - Started process (PID=4315) to work on /home/varun/miniconda3/envs/python38/lib/python3.8/site-packages/airflow/example_dags/example_sensor_decorator.py
[2025-09-03T20:05:53.849+0200] {processor.py:743} INFO - Processing file /home/varun/miniconda3/envs/python38/lib/python3.8/site-packages/airflow/example_dags/example_sensor_decorator.py for tasks to queue
[2025-09-03T20:05:53.850+0200] {logging_mixin.py:137} INFO - [2025-09-03T20:05:53.849+0200] {dagbag.py:532} INFO - Filling up the DagBag from /home/varun/miniconda3/envs/python38/lib/python3.8/site-packages/airflow/example_dags/example_sensor_decorator.py
[2025-09-03T20:05:53.877+0200] {processor.py:753} INFO - DAG(s) dict_keys(['example_sensor_decorator']) retrieved from /home/varun/miniconda3/envs/python38/lib/python3.8/site-packages/airflow/example_dags/example_sensor_decorator.py
[2025-09-03T20:05:53.903+0200] {logging_mixin.py:137} INFO - [2025-09-03T20:05:53.903+0200] {dag.py:2705} INFO - Sync 1 DAGs
[2025-09-03T20:05:53.923+0200] {logging_mixin.py:137} INFO - [2025-09-03T20:05:53.923+0200] {dag.py:3452} INFO - Setting next_dagrun for example_sensor_decorator to None, run_after=None
[2025-09-03T20:05:53.961+0200] {processor.py:175} INFO - Processing /home/varun/miniconda3/envs/python38/lib/python3.8/site-packages/airflow/example_dags/example_sensor_decorator.py took 0.121 seconds
[2025-09-03T20:06:40.816+0200] {processor.py:153} INFO - Started process (PID=4359) to work on /home/varun/miniconda3/envs/python38/lib/python3.8/site-packages/airflow/example_dags/example_sensor_decorator.py
[2025-09-03T20:06:40.818+0200] {processor.py:743} INFO - Processing file /home/varun/miniconda3/envs/python38/lib/python3.8/site-packages/airflow/example_dags/example_sensor_decorator.py for tasks to queue
[2025-09-03T20:06:40.819+0200] {logging_mixin.py:137} INFO - [2025-09-03T20:06:40.819+0200] {dagbag.py:532} INFO - Filling up the DagBag from /home/varun/miniconda3/envs/python38/lib/python3.8/site-packages/airflow/example_dags/example_sensor_decorator.py
[2025-09-03T20:06:40.845+0200] {processor.py:753} INFO - DAG(s) dict_keys(['example_sensor_decorator']) retrieved from /home/varun/miniconda3/envs/python38/lib/python3.8/site-packages/airflow/example_dags/example_sensor_decorator.py
[2025-09-03T20:06:40.871+0200] {logging_mixin.py:137} INFO - [2025-09-03T20:06:40.871+0200] {dag.py:2705} INFO - Sync 1 DAGs
[2025-09-03T20:06:40.899+0200] {logging_mixin.py:137} INFO - [2025-09-03T20:06:40.899+0200] {dag.py:3452} INFO - Setting next_dagrun for example_sensor_decorator to None, run_after=None
[2025-09-03T20:06:40.927+0200] {processor.py:175} INFO - Processing /home/varun/miniconda3/envs/python38/lib/python3.8/site-packages/airflow/example_dags/example_sensor_decorator.py took 0.114 seconds
[2025-09-03T20:07:27.225+0200] {processor.py:153} INFO - Started process (PID=4423) to work on /home/varun/miniconda3/envs/python38/lib/python3.8/site-packages/airflow/example_dags/example_sensor_decorator.py
[2025-09-03T20:07:27.229+0200] {processor.py:743} INFO - Processing file /home/varun/miniconda3/envs/python38/lib/python3.8/site-packages/airflow/example_dags/example_sensor_decorator.py for tasks to queue
[2025-09-03T20:07:27.231+0200] {logging_mixin.py:137} INFO - [2025-09-03T20:07:27.230+0200] {dagbag.py:532} INFO - Filling up the DagBag from /home/varun/miniconda3/envs/python38/lib/python3.8/site-packages/airflow/example_dags/example_sensor_decorator.py
[2025-09-03T20:07:27.287+0200] {processor.py:753} INFO - DAG(s) dict_keys(['example_sensor_decorator']) retrieved from /home/varun/miniconda3/envs/python38/lib/python3.8/site-packages/airflow/example_dags/example_sensor_decorator.py
[2025-09-03T20:07:27.335+0200] {logging_mixin.py:137} INFO - [2025-09-03T20:07:27.335+0200] {dag.py:2705} INFO - Sync 1 DAGs
[2025-09-03T20:07:27.379+0200] {logging_mixin.py:137} INFO - [2025-09-03T20:07:27.378+0200] {dag.py:3452} INFO - Setting next_dagrun for example_sensor_decorator to None, run_after=None
[2025-09-03T20:07:27.439+0200] {processor.py:175} INFO - Processing /home/varun/miniconda3/envs/python38/lib/python3.8/site-packages/airflow/example_dags/example_sensor_decorator.py took 0.220 seconds
[2025-09-03T20:08:17.074+0200] {processor.py:153} INFO - Started process (PID=4467) to work on /home/varun/miniconda3/envs/python38/lib/python3.8/site-packages/airflow/example_dags/example_sensor_decorator.py
[2025-09-03T20:08:17.076+0200] {processor.py:743} INFO - Processing file /home/varun/miniconda3/envs/python38/lib/python3.8/site-packages/airflow/example_dags/example_sensor_decorator.py for tasks to queue
[2025-09-03T20:08:17.077+0200] {logging_mixin.py:137} INFO - [2025-09-03T20:08:17.076+0200] {dagbag.py:532} INFO - Filling up the DagBag from /home/varun/miniconda3/envs/python38/lib/python3.8/site-packages/airflow/example_dags/example_sensor_decorator.py
[2025-09-03T20:08:17.098+0200] {processor.py:753} INFO - DAG(s) dict_keys(['example_sensor_decorator']) retrieved from /home/varun/miniconda3/envs/python38/lib/python3.8/site-packages/airflow/example_dags/example_sensor_decorator.py
[2025-09-03T20:08:17.118+0200] {logging_mixin.py:137} INFO - [2025-09-03T20:08:17.118+0200] {dag.py:2705} INFO - Sync 1 DAGs
[2025-09-03T20:08:17.139+0200] {logging_mixin.py:137} INFO - [2025-09-03T20:08:17.139+0200] {dag.py:3452} INFO - Setting next_dagrun for example_sensor_decorator to None, run_after=None
[2025-09-03T20:08:17.162+0200] {processor.py:175} INFO - Processing /home/varun/miniconda3/envs/python38/lib/python3.8/site-packages/airflow/example_dags/example_sensor_decorator.py took 0.091 seconds
[2025-09-03T20:09:34.910+0200] {processor.py:153} INFO - Started process (PID=4526) to work on /home/varun/miniconda3/envs/python38/lib/python3.8/site-packages/airflow/example_dags/example_sensor_decorator.py
[2025-09-03T20:09:34.912+0200] {processor.py:743} INFO - Processing file /home/varun/miniconda3/envs/python38/lib/python3.8/site-packages/airflow/example_dags/example_sensor_decorator.py for tasks to queue
[2025-09-03T20:09:34.912+0200] {logging_mixin.py:137} INFO - [2025-09-03T20:09:34.912+0200] {dagbag.py:532} INFO - Filling up the DagBag from /home/varun/miniconda3/envs/python38/lib/python3.8/site-packages/airflow/example_dags/example_sensor_decorator.py
[2025-09-03T20:09:34.957+0200] {processor.py:753} INFO - DAG(s) dict_keys(['example_sensor_decorator']) retrieved from /home/varun/miniconda3/envs/python38/lib/python3.8/site-packages/airflow/example_dags/example_sensor_decorator.py
[2025-09-03T20:09:34.988+0200] {logging_mixin.py:137} INFO - [2025-09-03T20:09:34.988+0200] {dag.py:2705} INFO - Sync 1 DAGs
[2025-09-03T20:09:35.016+0200] {logging_mixin.py:137} INFO - [2025-09-03T20:09:35.016+0200] {dag.py:3452} INFO - Setting next_dagrun for example_sensor_decorator to None, run_after=None
[2025-09-03T20:09:35.050+0200] {processor.py:175} INFO - Processing /home/varun/miniconda3/envs/python38/lib/python3.8/site-packages/airflow/example_dags/example_sensor_decorator.py took 0.143 seconds
[2025-09-03T20:10:21.247+0200] {processor.py:153} INFO - Started process (PID=4568) to work on /home/varun/miniconda3/envs/python38/lib/python3.8/site-packages/airflow/example_dags/example_sensor_decorator.py
[2025-09-03T20:10:21.249+0200] {processor.py:743} INFO - Processing file /home/varun/miniconda3/envs/python38/lib/python3.8/site-packages/airflow/example_dags/example_sensor_decorator.py for tasks to queue
[2025-09-03T20:10:21.249+0200] {logging_mixin.py:137} INFO - [2025-09-03T20:10:21.249+0200] {dagbag.py:532} INFO - Filling up the DagBag from /home/varun/miniconda3/envs/python38/lib/python3.8/site-packages/airflow/example_dags/example_sensor_decorator.py
[2025-09-03T20:10:21.274+0200] {processor.py:753} INFO - DAG(s) dict_keys(['example_sensor_decorator']) retrieved from /home/varun/miniconda3/envs/python38/lib/python3.8/site-packages/airflow/example_dags/example_sensor_decorator.py
[2025-09-03T20:10:21.293+0200] {logging_mixin.py:137} INFO - [2025-09-03T20:10:21.292+0200] {dag.py:2705} INFO - Sync 1 DAGs
[2025-09-03T20:10:21.310+0200] {logging_mixin.py:137} INFO - [2025-09-03T20:10:21.309+0200] {dag.py:3452} INFO - Setting next_dagrun for example_sensor_decorator to None, run_after=None
[2025-09-03T20:10:21.337+0200] {processor.py:175} INFO - Processing /home/varun/miniconda3/envs/python38/lib/python3.8/site-packages/airflow/example_dags/example_sensor_decorator.py took 0.093 seconds
[2025-09-03T20:11:09.698+0200] {processor.py:153} INFO - Started process (PID=4610) to work on /home/varun/miniconda3/envs/python38/lib/python3.8/site-packages/airflow/example_dags/example_sensor_decorator.py
[2025-09-03T20:11:09.699+0200] {processor.py:743} INFO - Processing file /home/varun/miniconda3/envs/python38/lib/python3.8/site-packages/airflow/example_dags/example_sensor_decorator.py for tasks to queue
[2025-09-03T20:11:09.700+0200] {logging_mixin.py:137} INFO - [2025-09-03T20:11:09.700+0200] {dagbag.py:532} INFO - Filling up the DagBag from /home/varun/miniconda3/envs/python38/lib/python3.8/site-packages/airflow/example_dags/example_sensor_decorator.py
[2025-09-03T20:11:09.726+0200] {processor.py:753} INFO - DAG(s) dict_keys(['example_sensor_decorator']) retrieved from /home/varun/miniconda3/envs/python38/lib/python3.8/site-packages/airflow/example_dags/example_sensor_decorator.py
[2025-09-03T20:11:09.748+0200] {logging_mixin.py:137} INFO - [2025-09-03T20:11:09.748+0200] {dag.py:2705} INFO - Sync 1 DAGs
[2025-09-03T20:11:09.773+0200] {logging_mixin.py:137} INFO - [2025-09-03T20:11:09.773+0200] {dag.py:3452} INFO - Setting next_dagrun for example_sensor_decorator to None, run_after=None
[2025-09-03T20:11:09.806+0200] {processor.py:175} INFO - Processing /home/varun/miniconda3/envs/python38/lib/python3.8/site-packages/airflow/example_dags/example_sensor_decorator.py took 0.112 seconds
[2025-09-03T20:11:54.349+0200] {processor.py:153} INFO - Started process (PID=4652) to work on /home/varun/miniconda3/envs/python38/lib/python3.8/site-packages/airflow/example_dags/example_sensor_decorator.py
[2025-09-03T20:11:54.351+0200] {processor.py:743} INFO - Processing file /home/varun/miniconda3/envs/python38/lib/python3.8/site-packages/airflow/example_dags/example_sensor_decorator.py for tasks to queue
[2025-09-03T20:11:54.352+0200] {logging_mixin.py:137} INFO - [2025-09-03T20:11:54.352+0200] {dagbag.py:532} INFO - Filling up the DagBag from /home/varun/miniconda3/envs/python38/lib/python3.8/site-packages/airflow/example_dags/example_sensor_decorator.py
[2025-09-03T20:11:54.374+0200] {processor.py:753} INFO - DAG(s) dict_keys(['example_sensor_decorator']) retrieved from /home/varun/miniconda3/envs/python38/lib/python3.8/site-packages/airflow/example_dags/example_sensor_decorator.py
[2025-09-03T20:11:54.397+0200] {logging_mixin.py:137} INFO - [2025-09-03T20:11:54.397+0200] {dag.py:2705} INFO - Sync 1 DAGs
[2025-09-03T20:11:54.416+0200] {logging_mixin.py:137} INFO - [2025-09-03T20:11:54.416+0200] {dag.py:3452} INFO - Setting next_dagrun for example_sensor_decorator to None, run_after=None
[2025-09-03T20:11:54.443+0200] {processor.py:175} INFO - Processing /home/varun/miniconda3/envs/python38/lib/python3.8/site-packages/airflow/example_dags/example_sensor_decorator.py took 0.098 seconds
[2025-09-03T20:12:40.539+0200] {processor.py:153} INFO - Started process (PID=4695) to work on /home/varun/miniconda3/envs/python38/lib/python3.8/site-packages/airflow/example_dags/example_sensor_decorator.py
[2025-09-03T20:12:40.541+0200] {processor.py:743} INFO - Processing file /home/varun/miniconda3/envs/python38/lib/python3.8/site-packages/airflow/example_dags/example_sensor_decorator.py for tasks to queue
[2025-09-03T20:12:40.541+0200] {logging_mixin.py:137} INFO - [2025-09-03T20:12:40.541+0200] {dagbag.py:532} INFO - Filling up the DagBag from /home/varun/miniconda3/envs/python38/lib/python3.8/site-packages/airflow/example_dags/example_sensor_decorator.py
[2025-09-03T20:12:40.566+0200] {processor.py:753} INFO - DAG(s) dict_keys(['example_sensor_decorator']) retrieved from /home/varun/miniconda3/envs/python38/lib/python3.8/site-packages/airflow/example_dags/example_sensor_decorator.py
[2025-09-03T20:12:40.585+0200] {logging_mixin.py:137} INFO - [2025-09-03T20:12:40.585+0200] {dag.py:2705} INFO - Sync 1 DAGs
[2025-09-03T20:12:40.600+0200] {logging_mixin.py:137} INFO - [2025-09-03T20:12:40.600+0200] {dag.py:3452} INFO - Setting next_dagrun for example_sensor_decorator to None, run_after=None
[2025-09-03T20:12:40.623+0200] {processor.py:175} INFO - Processing /home/varun/miniconda3/envs/python38/lib/python3.8/site-packages/airflow/example_dags/example_sensor_decorator.py took 0.087 seconds
[2025-09-03T20:13:26.929+0200] {processor.py:153} INFO - Started process (PID=4737) to work on /home/varun/miniconda3/envs/python38/lib/python3.8/site-packages/airflow/example_dags/example_sensor_decorator.py
[2025-09-03T20:13:26.931+0200] {processor.py:743} INFO - Processing file /home/varun/miniconda3/envs/python38/lib/python3.8/site-packages/airflow/example_dags/example_sensor_decorator.py for tasks to queue
[2025-09-03T20:13:26.931+0200] {logging_mixin.py:137} INFO - [2025-09-03T20:13:26.931+0200] {dagbag.py:532} INFO - Filling up the DagBag from /home/varun/miniconda3/envs/python38/lib/python3.8/site-packages/airflow/example_dags/example_sensor_decorator.py
[2025-09-03T20:13:26.952+0200] {processor.py:753} INFO - DAG(s) dict_keys(['example_sensor_decorator']) retrieved from /home/varun/miniconda3/envs/python38/lib/python3.8/site-packages/airflow/example_dags/example_sensor_decorator.py
[2025-09-03T20:13:26.972+0200] {logging_mixin.py:137} INFO - [2025-09-03T20:13:26.971+0200] {dag.py:2705} INFO - Sync 1 DAGs
[2025-09-03T20:13:26.988+0200] {logging_mixin.py:137} INFO - [2025-09-03T20:13:26.988+0200] {dag.py:3452} INFO - Setting next_dagrun for example_sensor_decorator to None, run_after=None
[2025-09-03T20:13:27.011+0200] {processor.py:175} INFO - Processing /home/varun/miniconda3/envs/python38/lib/python3.8/site-packages/airflow/example_dags/example_sensor_decorator.py took 0.085 seconds
[2025-09-03T20:14:15.749+0200] {processor.py:153} INFO - Started process (PID=4779) to work on /home/varun/miniconda3/envs/python38/lib/python3.8/site-packages/airflow/example_dags/example_sensor_decorator.py
[2025-09-03T20:14:15.750+0200] {processor.py:743} INFO - Processing file /home/varun/miniconda3/envs/python38/lib/python3.8/site-packages/airflow/example_dags/example_sensor_decorator.py for tasks to queue
[2025-09-03T20:14:15.751+0200] {logging_mixin.py:137} INFO - [2025-09-03T20:14:15.751+0200] {dagbag.py:532} INFO - Filling up the DagBag from /home/varun/miniconda3/envs/python38/lib/python3.8/site-packages/airflow/example_dags/example_sensor_decorator.py
[2025-09-03T20:14:15.770+0200] {processor.py:753} INFO - DAG(s) dict_keys(['example_sensor_decorator']) retrieved from /home/varun/miniconda3/envs/python38/lib/python3.8/site-packages/airflow/example_dags/example_sensor_decorator.py
[2025-09-03T20:14:15.788+0200] {logging_mixin.py:137} INFO - [2025-09-03T20:14:15.788+0200] {dag.py:2705} INFO - Sync 1 DAGs
[2025-09-03T20:14:15.805+0200] {logging_mixin.py:137} INFO - [2025-09-03T20:14:15.805+0200] {dag.py:3452} INFO - Setting next_dagrun for example_sensor_decorator to None, run_after=None
[2025-09-03T20:14:15.828+0200] {processor.py:175} INFO - Processing /home/varun/miniconda3/envs/python38/lib/python3.8/site-packages/airflow/example_dags/example_sensor_decorator.py took 0.082 seconds
[2025-09-03T20:14:57.025+0200] {processor.py:153} INFO - Started process (PID=4821) to work on /home/varun/miniconda3/envs/python38/lib/python3.8/site-packages/airflow/example_dags/example_sensor_decorator.py
[2025-09-03T20:14:57.027+0200] {processor.py:743} INFO - Processing file /home/varun/miniconda3/envs/python38/lib/python3.8/site-packages/airflow/example_dags/example_sensor_decorator.py for tasks to queue
[2025-09-03T20:14:57.027+0200] {logging_mixin.py:137} INFO - [2025-09-03T20:14:57.027+0200] {dagbag.py:532} INFO - Filling up the DagBag from /home/varun/miniconda3/envs/python38/lib/python3.8/site-packages/airflow/example_dags/example_sensor_decorator.py
[2025-09-03T20:14:57.051+0200] {processor.py:753} INFO - DAG(s) dict_keys(['example_sensor_decorator']) retrieved from /home/varun/miniconda3/envs/python38/lib/python3.8/site-packages/airflow/example_dags/example_sensor_decorator.py
[2025-09-03T20:14:57.071+0200] {logging_mixin.py:137} INFO - [2025-09-03T20:14:57.071+0200] {dag.py:2705} INFO - Sync 1 DAGs
[2025-09-03T20:14:57.091+0200] {logging_mixin.py:137} INFO - [2025-09-03T20:14:57.091+0200] {dag.py:3452} INFO - Setting next_dagrun for example_sensor_decorator to None, run_after=None
[2025-09-03T20:14:57.115+0200] {processor.py:175} INFO - Processing /home/varun/miniconda3/envs/python38/lib/python3.8/site-packages/airflow/example_dags/example_sensor_decorator.py took 0.094 seconds
[2025-09-03T20:15:42.958+0200] {processor.py:153} INFO - Started process (PID=4863) to work on /home/varun/miniconda3/envs/python38/lib/python3.8/site-packages/airflow/example_dags/example_sensor_decorator.py
[2025-09-03T20:15:42.959+0200] {processor.py:743} INFO - Processing file /home/varun/miniconda3/envs/python38/lib/python3.8/site-packages/airflow/example_dags/example_sensor_decorator.py for tasks to queue
[2025-09-03T20:15:42.960+0200] {logging_mixin.py:137} INFO - [2025-09-03T20:15:42.960+0200] {dagbag.py:532} INFO - Filling up the DagBag from /home/varun/miniconda3/envs/python38/lib/python3.8/site-packages/airflow/example_dags/example_sensor_decorator.py
[2025-09-03T20:15:42.977+0200] {processor.py:753} INFO - DAG(s) dict_keys(['example_sensor_decorator']) retrieved from /home/varun/miniconda3/envs/python38/lib/python3.8/site-packages/airflow/example_dags/example_sensor_decorator.py
[2025-09-03T20:15:42.993+0200] {logging_mixin.py:137} INFO - [2025-09-03T20:15:42.992+0200] {dag.py:2705} INFO - Sync 1 DAGs
[2025-09-03T20:15:43.007+0200] {logging_mixin.py:137} INFO - [2025-09-03T20:15:43.007+0200] {dag.py:3452} INFO - Setting next_dagrun for example_sensor_decorator to None, run_after=None
[2025-09-03T20:15:43.028+0200] {processor.py:175} INFO - Processing /home/varun/miniconda3/envs/python38/lib/python3.8/site-packages/airflow/example_dags/example_sensor_decorator.py took 0.073 seconds
[2025-09-03T20:16:31.355+0200] {processor.py:153} INFO - Started process (PID=4905) to work on /home/varun/miniconda3/envs/python38/lib/python3.8/site-packages/airflow/example_dags/example_sensor_decorator.py
[2025-09-03T20:16:31.356+0200] {processor.py:743} INFO - Processing file /home/varun/miniconda3/envs/python38/lib/python3.8/site-packages/airflow/example_dags/example_sensor_decorator.py for tasks to queue
[2025-09-03T20:16:31.357+0200] {logging_mixin.py:137} INFO - [2025-09-03T20:16:31.357+0200] {dagbag.py:532} INFO - Filling up the DagBag from /home/varun/miniconda3/envs/python38/lib/python3.8/site-packages/airflow/example_dags/example_sensor_decorator.py
[2025-09-03T20:16:31.375+0200] {processor.py:753} INFO - DAG(s) dict_keys(['example_sensor_decorator']) retrieved from /home/varun/miniconda3/envs/python38/lib/python3.8/site-packages/airflow/example_dags/example_sensor_decorator.py
[2025-09-03T20:16:31.391+0200] {logging_mixin.py:137} INFO - [2025-09-03T20:16:31.391+0200] {dag.py:2705} INFO - Sync 1 DAGs
[2025-09-03T20:16:31.405+0200] {logging_mixin.py:137} INFO - [2025-09-03T20:16:31.405+0200] {dag.py:3452} INFO - Setting next_dagrun for example_sensor_decorator to None, run_after=None
[2025-09-03T20:16:31.427+0200] {processor.py:175} INFO - Processing /home/varun/miniconda3/envs/python38/lib/python3.8/site-packages/airflow/example_dags/example_sensor_decorator.py took 0.075 seconds
[2025-09-03T20:17:15.517+0200] {processor.py:153} INFO - Started process (PID=4950) to work on /home/varun/miniconda3/envs/python38/lib/python3.8/site-packages/airflow/example_dags/example_sensor_decorator.py
[2025-09-03T20:17:15.518+0200] {processor.py:743} INFO - Processing file /home/varun/miniconda3/envs/python38/lib/python3.8/site-packages/airflow/example_dags/example_sensor_decorator.py for tasks to queue
[2025-09-03T20:17:15.519+0200] {logging_mixin.py:137} INFO - [2025-09-03T20:17:15.519+0200] {dagbag.py:532} INFO - Filling up the DagBag from /home/varun/miniconda3/envs/python38/lib/python3.8/site-packages/airflow/example_dags/example_sensor_decorator.py
[2025-09-03T20:17:15.544+0200] {processor.py:753} INFO - DAG(s) dict_keys(['example_sensor_decorator']) retrieved from /home/varun/miniconda3/envs/python38/lib/python3.8/site-packages/airflow/example_dags/example_sensor_decorator.py
[2025-09-03T20:17:15.562+0200] {logging_mixin.py:137} INFO - [2025-09-03T20:17:15.562+0200] {dag.py:2705} INFO - Sync 1 DAGs
[2025-09-03T20:17:15.580+0200] {logging_mixin.py:137} INFO - [2025-09-03T20:17:15.580+0200] {dag.py:3452} INFO - Setting next_dagrun for example_sensor_decorator to None, run_after=None
[2025-09-03T20:17:15.607+0200] {processor.py:175} INFO - Processing /home/varun/miniconda3/envs/python38/lib/python3.8/site-packages/airflow/example_dags/example_sensor_decorator.py took 0.096 seconds
[2025-09-03T20:18:00.587+0200] {processor.py:153} INFO - Started process (PID=4992) to work on /home/varun/miniconda3/envs/python38/lib/python3.8/site-packages/airflow/example_dags/example_sensor_decorator.py
[2025-09-03T20:18:00.589+0200] {processor.py:743} INFO - Processing file /home/varun/miniconda3/envs/python38/lib/python3.8/site-packages/airflow/example_dags/example_sensor_decorator.py for tasks to queue
[2025-09-03T20:18:00.590+0200] {logging_mixin.py:137} INFO - [2025-09-03T20:18:00.590+0200] {dagbag.py:532} INFO - Filling up the DagBag from /home/varun/miniconda3/envs/python38/lib/python3.8/site-packages/airflow/example_dags/example_sensor_decorator.py
[2025-09-03T20:18:00.608+0200] {processor.py:753} INFO - DAG(s) dict_keys(['example_sensor_decorator']) retrieved from /home/varun/miniconda3/envs/python38/lib/python3.8/site-packages/airflow/example_dags/example_sensor_decorator.py
[2025-09-03T20:18:00.630+0200] {logging_mixin.py:137} INFO - [2025-09-03T20:18:00.630+0200] {dag.py:2705} INFO - Sync 1 DAGs
[2025-09-03T20:18:00.649+0200] {logging_mixin.py:137} INFO - [2025-09-03T20:18:00.649+0200] {dag.py:3452} INFO - Setting next_dagrun for example_sensor_decorator to None, run_after=None
[2025-09-03T20:18:00.674+0200] {processor.py:175} INFO - Processing /home/varun/miniconda3/envs/python38/lib/python3.8/site-packages/airflow/example_dags/example_sensor_decorator.py took 0.090 seconds
[2025-09-03T20:18:45.501+0200] {processor.py:153} INFO - Started process (PID=5035) to work on /home/varun/miniconda3/envs/python38/lib/python3.8/site-packages/airflow/example_dags/example_sensor_decorator.py
[2025-09-03T20:18:45.503+0200] {processor.py:743} INFO - Processing file /home/varun/miniconda3/envs/python38/lib/python3.8/site-packages/airflow/example_dags/example_sensor_decorator.py for tasks to queue
[2025-09-03T20:18:45.503+0200] {logging_mixin.py:137} INFO - [2025-09-03T20:18:45.503+0200] {dagbag.py:532} INFO - Filling up the DagBag from /home/varun/miniconda3/envs/python38/lib/python3.8/site-packages/airflow/example_dags/example_sensor_decorator.py
[2025-09-03T20:18:45.523+0200] {processor.py:753} INFO - DAG(s) dict_keys(['example_sensor_decorator']) retrieved from /home/varun/miniconda3/envs/python38/lib/python3.8/site-packages/airflow/example_dags/example_sensor_decorator.py
[2025-09-03T20:18:45.539+0200] {logging_mixin.py:137} INFO - [2025-09-03T20:18:45.539+0200] {dag.py:2705} INFO - Sync 1 DAGs
[2025-09-03T20:18:45.555+0200] {logging_mixin.py:137} INFO - [2025-09-03T20:18:45.555+0200] {dag.py:3452} INFO - Setting next_dagrun for example_sensor_decorator to None, run_after=None
[2025-09-03T20:18:45.702+0200] {processor.py:175} INFO - Processing /home/varun/miniconda3/envs/python38/lib/python3.8/site-packages/airflow/example_dags/example_sensor_decorator.py took 0.204 seconds
[2025-09-03T20:19:38.078+0200] {processor.py:153} INFO - Started process (PID=5077) to work on /home/varun/miniconda3/envs/python38/lib/python3.8/site-packages/airflow/example_dags/example_sensor_decorator.py
[2025-09-03T20:19:38.080+0200] {processor.py:743} INFO - Processing file /home/varun/miniconda3/envs/python38/lib/python3.8/site-packages/airflow/example_dags/example_sensor_decorator.py for tasks to queue
[2025-09-03T20:19:38.081+0200] {logging_mixin.py:137} INFO - [2025-09-03T20:19:38.081+0200] {dagbag.py:532} INFO - Filling up the DagBag from /home/varun/miniconda3/envs/python38/lib/python3.8/site-packages/airflow/example_dags/example_sensor_decorator.py
[2025-09-03T20:19:38.115+0200] {processor.py:753} INFO - DAG(s) dict_keys(['example_sensor_decorator']) retrieved from /home/varun/miniconda3/envs/python38/lib/python3.8/site-packages/airflow/example_dags/example_sensor_decorator.py
[2025-09-03T20:19:38.140+0200] {logging_mixin.py:137} INFO - [2025-09-03T20:19:38.139+0200] {dag.py:2705} INFO - Sync 1 DAGs
[2025-09-03T20:19:38.305+0200] {logging_mixin.py:137} INFO - [2025-09-03T20:19:38.304+0200] {dag.py:3452} INFO - Setting next_dagrun for example_sensor_decorator to None, run_after=None
[2025-09-03T20:19:38.328+0200] {processor.py:175} INFO - Processing /home/varun/miniconda3/envs/python38/lib/python3.8/site-packages/airflow/example_dags/example_sensor_decorator.py took 0.253 seconds
[2025-09-03T20:20:27.659+0200] {processor.py:153} INFO - Started process (PID=5119) to work on /home/varun/miniconda3/envs/python38/lib/python3.8/site-packages/airflow/example_dags/example_sensor_decorator.py
[2025-09-03T20:20:27.661+0200] {processor.py:743} INFO - Processing file /home/varun/miniconda3/envs/python38/lib/python3.8/site-packages/airflow/example_dags/example_sensor_decorator.py for tasks to queue
[2025-09-03T20:20:27.662+0200] {logging_mixin.py:137} INFO - [2025-09-03T20:20:27.661+0200] {dagbag.py:532} INFO - Filling up the DagBag from /home/varun/miniconda3/envs/python38/lib/python3.8/site-packages/airflow/example_dags/example_sensor_decorator.py
[2025-09-03T20:20:27.683+0200] {processor.py:753} INFO - DAG(s) dict_keys(['example_sensor_decorator']) retrieved from /home/varun/miniconda3/envs/python38/lib/python3.8/site-packages/airflow/example_dags/example_sensor_decorator.py
[2025-09-03T20:20:27.701+0200] {logging_mixin.py:137} INFO - [2025-09-03T20:20:27.700+0200] {dag.py:2705} INFO - Sync 1 DAGs
[2025-09-03T20:20:27.848+0200] {logging_mixin.py:137} INFO - [2025-09-03T20:20:27.848+0200] {dag.py:3452} INFO - Setting next_dagrun for example_sensor_decorator to None, run_after=None
[2025-09-03T20:20:27.872+0200] {processor.py:175} INFO - Processing /home/varun/miniconda3/envs/python38/lib/python3.8/site-packages/airflow/example_dags/example_sensor_decorator.py took 0.216 seconds
[2025-09-03T20:21:22.271+0200] {processor.py:153} INFO - Started process (PID=5161) to work on /home/varun/miniconda3/envs/python38/lib/python3.8/site-packages/airflow/example_dags/example_sensor_decorator.py
[2025-09-03T20:21:22.272+0200] {processor.py:743} INFO - Processing file /home/varun/miniconda3/envs/python38/lib/python3.8/site-packages/airflow/example_dags/example_sensor_decorator.py for tasks to queue
[2025-09-03T20:21:22.273+0200] {logging_mixin.py:137} INFO - [2025-09-03T20:21:22.273+0200] {dagbag.py:532} INFO - Filling up the DagBag from /home/varun/miniconda3/envs/python38/lib/python3.8/site-packages/airflow/example_dags/example_sensor_decorator.py
[2025-09-03T20:21:22.293+0200] {processor.py:753} INFO - DAG(s) dict_keys(['example_sensor_decorator']) retrieved from /home/varun/miniconda3/envs/python38/lib/python3.8/site-packages/airflow/example_dags/example_sensor_decorator.py
[2025-09-03T20:21:22.414+0200] {logging_mixin.py:137} INFO - [2025-09-03T20:21:22.414+0200] {dag.py:2705} INFO - Sync 1 DAGs
[2025-09-03T20:21:22.427+0200] {logging_mixin.py:137} INFO - [2025-09-03T20:21:22.427+0200] {dag.py:3452} INFO - Setting next_dagrun for example_sensor_decorator to None, run_after=None
[2025-09-03T20:21:22.449+0200] {processor.py:175} INFO - Processing /home/varun/miniconda3/envs/python38/lib/python3.8/site-packages/airflow/example_dags/example_sensor_decorator.py took 0.181 seconds
[2025-09-03T20:22:11.644+0200] {processor.py:153} INFO - Started process (PID=5203) to work on /home/varun/miniconda3/envs/python38/lib/python3.8/site-packages/airflow/example_dags/example_sensor_decorator.py
[2025-09-03T20:22:11.645+0200] {processor.py:743} INFO - Processing file /home/varun/miniconda3/envs/python38/lib/python3.8/site-packages/airflow/example_dags/example_sensor_decorator.py for tasks to queue
[2025-09-03T20:22:11.646+0200] {logging_mixin.py:137} INFO - [2025-09-03T20:22:11.646+0200] {dagbag.py:532} INFO - Filling up the DagBag from /home/varun/miniconda3/envs/python38/lib/python3.8/site-packages/airflow/example_dags/example_sensor_decorator.py
[2025-09-03T20:22:11.759+0200] {processor.py:753} INFO - DAG(s) dict_keys(['example_sensor_decorator']) retrieved from /home/varun/miniconda3/envs/python38/lib/python3.8/site-packages/airflow/example_dags/example_sensor_decorator.py
[2025-09-03T20:22:11.771+0200] {logging_mixin.py:137} INFO - [2025-09-03T20:22:11.771+0200] {dag.py:2705} INFO - Sync 1 DAGs
[2025-09-03T20:22:11.786+0200] {logging_mixin.py:137} INFO - [2025-09-03T20:22:11.786+0200] {dag.py:3452} INFO - Setting next_dagrun for example_sensor_decorator to None, run_after=None
[2025-09-03T20:22:11.810+0200] {processor.py:175} INFO - Processing /home/varun/miniconda3/envs/python38/lib/python3.8/site-packages/airflow/example_dags/example_sensor_decorator.py took 0.169 seconds
[2025-09-03T20:23:04.846+0200] {processor.py:153} INFO - Started process (PID=5245) to work on /home/varun/miniconda3/envs/python38/lib/python3.8/site-packages/airflow/example_dags/example_sensor_decorator.py
[2025-09-03T20:23:04.848+0200] {processor.py:743} INFO - Processing file /home/varun/miniconda3/envs/python38/lib/python3.8/site-packages/airflow/example_dags/example_sensor_decorator.py for tasks to queue
[2025-09-03T20:23:04.849+0200] {logging_mixin.py:137} INFO - [2025-09-03T20:23:04.849+0200] {dagbag.py:532} INFO - Filling up the DagBag from /home/varun/miniconda3/envs/python38/lib/python3.8/site-packages/airflow/example_dags/example_sensor_decorator.py
[2025-09-03T20:23:04.952+0200] {processor.py:753} INFO - DAG(s) dict_keys(['example_sensor_decorator']) retrieved from /home/varun/miniconda3/envs/python38/lib/python3.8/site-packages/airflow/example_dags/example_sensor_decorator.py
[2025-09-03T20:23:04.964+0200] {logging_mixin.py:137} INFO - [2025-09-03T20:23:04.964+0200] {dag.py:2705} INFO - Sync 1 DAGs
[2025-09-03T20:23:04.977+0200] {logging_mixin.py:137} INFO - [2025-09-03T20:23:04.977+0200] {dag.py:3452} INFO - Setting next_dagrun for example_sensor_decorator to None, run_after=None
[2025-09-03T20:23:05.000+0200] {processor.py:175} INFO - Processing /home/varun/miniconda3/envs/python38/lib/python3.8/site-packages/airflow/example_dags/example_sensor_decorator.py took 0.157 seconds
[2025-09-03T20:23:51.364+0200] {processor.py:153} INFO - Started process (PID=5288) to work on /home/varun/miniconda3/envs/python38/lib/python3.8/site-packages/airflow/example_dags/example_sensor_decorator.py
[2025-09-03T20:23:51.366+0200] {processor.py:743} INFO - Processing file /home/varun/miniconda3/envs/python38/lib/python3.8/site-packages/airflow/example_dags/example_sensor_decorator.py for tasks to queue
[2025-09-03T20:23:51.366+0200] {logging_mixin.py:137} INFO - [2025-09-03T20:23:51.366+0200] {dagbag.py:532} INFO - Filling up the DagBag from /home/varun/miniconda3/envs/python38/lib/python3.8/site-packages/airflow/example_dags/example_sensor_decorator.py
[2025-09-03T20:23:51.386+0200] {processor.py:753} INFO - DAG(s) dict_keys(['example_sensor_decorator']) retrieved from /home/varun/miniconda3/envs/python38/lib/python3.8/site-packages/airflow/example_dags/example_sensor_decorator.py
[2025-09-03T20:23:51.400+0200] {logging_mixin.py:137} INFO - [2025-09-03T20:23:51.400+0200] {dag.py:2705} INFO - Sync 1 DAGs
[2025-09-03T20:23:51.416+0200] {logging_mixin.py:137} INFO - [2025-09-03T20:23:51.416+0200] {dag.py:3452} INFO - Setting next_dagrun for example_sensor_decorator to None, run_after=None
[2025-09-03T20:23:51.436+0200] {processor.py:175} INFO - Processing /home/varun/miniconda3/envs/python38/lib/python3.8/site-packages/airflow/example_dags/example_sensor_decorator.py took 0.075 seconds
[2025-09-03T20:24:36.981+0200] {processor.py:153} INFO - Started process (PID=5330) to work on /home/varun/miniconda3/envs/python38/lib/python3.8/site-packages/airflow/example_dags/example_sensor_decorator.py
[2025-09-03T20:24:36.983+0200] {processor.py:743} INFO - Processing file /home/varun/miniconda3/envs/python38/lib/python3.8/site-packages/airflow/example_dags/example_sensor_decorator.py for tasks to queue
[2025-09-03T20:24:36.983+0200] {logging_mixin.py:137} INFO - [2025-09-03T20:24:36.983+0200] {dagbag.py:532} INFO - Filling up the DagBag from /home/varun/miniconda3/envs/python38/lib/python3.8/site-packages/airflow/example_dags/example_sensor_decorator.py
[2025-09-03T20:24:37.009+0200] {processor.py:753} INFO - DAG(s) dict_keys(['example_sensor_decorator']) retrieved from /home/varun/miniconda3/envs/python38/lib/python3.8/site-packages/airflow/example_dags/example_sensor_decorator.py
[2025-09-03T20:24:37.030+0200] {logging_mixin.py:137} INFO - [2025-09-03T20:24:37.030+0200] {dag.py:2705} INFO - Sync 1 DAGs
[2025-09-03T20:24:37.050+0200] {logging_mixin.py:137} INFO - [2025-09-03T20:24:37.050+0200] {dag.py:3452} INFO - Setting next_dagrun for example_sensor_decorator to None, run_after=None
[2025-09-03T20:24:37.073+0200] {processor.py:175} INFO - Processing /home/varun/miniconda3/envs/python38/lib/python3.8/site-packages/airflow/example_dags/example_sensor_decorator.py took 0.095 seconds
[2025-09-03T20:25:20.121+0200] {processor.py:153} INFO - Started process (PID=5372) to work on /home/varun/miniconda3/envs/python38/lib/python3.8/site-packages/airflow/example_dags/example_sensor_decorator.py
[2025-09-03T20:25:20.122+0200] {processor.py:743} INFO - Processing file /home/varun/miniconda3/envs/python38/lib/python3.8/site-packages/airflow/example_dags/example_sensor_decorator.py for tasks to queue
[2025-09-03T20:25:20.123+0200] {logging_mixin.py:137} INFO - [2025-09-03T20:25:20.123+0200] {dagbag.py:532} INFO - Filling up the DagBag from /home/varun/miniconda3/envs/python38/lib/python3.8/site-packages/airflow/example_dags/example_sensor_decorator.py
[2025-09-03T20:25:20.143+0200] {processor.py:753} INFO - DAG(s) dict_keys(['example_sensor_decorator']) retrieved from /home/varun/miniconda3/envs/python38/lib/python3.8/site-packages/airflow/example_dags/example_sensor_decorator.py
[2025-09-03T20:25:20.159+0200] {logging_mixin.py:137} INFO - [2025-09-03T20:25:20.159+0200] {dag.py:2705} INFO - Sync 1 DAGs
[2025-09-03T20:25:20.173+0200] {logging_mixin.py:137} INFO - [2025-09-03T20:25:20.173+0200] {dag.py:3452} INFO - Setting next_dagrun for example_sensor_decorator to None, run_after=None
[2025-09-03T20:25:20.193+0200] {processor.py:175} INFO - Processing /home/varun/miniconda3/envs/python38/lib/python3.8/site-packages/airflow/example_dags/example_sensor_decorator.py took 0.077 seconds
[2025-09-03T20:26:07.577+0200] {processor.py:153} INFO - Started process (PID=5414) to work on /home/varun/miniconda3/envs/python38/lib/python3.8/site-packages/airflow/example_dags/example_sensor_decorator.py
[2025-09-03T20:26:07.579+0200] {processor.py:743} INFO - Processing file /home/varun/miniconda3/envs/python38/lib/python3.8/site-packages/airflow/example_dags/example_sensor_decorator.py for tasks to queue
[2025-09-03T20:26:07.580+0200] {logging_mixin.py:137} INFO - [2025-09-03T20:26:07.580+0200] {dagbag.py:532} INFO - Filling up the DagBag from /home/varun/miniconda3/envs/python38/lib/python3.8/site-packages/airflow/example_dags/example_sensor_decorator.py
[2025-09-03T20:26:07.599+0200] {processor.py:753} INFO - DAG(s) dict_keys(['example_sensor_decorator']) retrieved from /home/varun/miniconda3/envs/python38/lib/python3.8/site-packages/airflow/example_dags/example_sensor_decorator.py
[2025-09-03T20:26:07.617+0200] {logging_mixin.py:137} INFO - [2025-09-03T20:26:07.616+0200] {dag.py:2705} INFO - Sync 1 DAGs
[2025-09-03T20:26:07.634+0200] {logging_mixin.py:137} INFO - [2025-09-03T20:26:07.634+0200] {dag.py:3452} INFO - Setting next_dagrun for example_sensor_decorator to None, run_after=None
[2025-09-03T20:26:07.659+0200] {processor.py:175} INFO - Processing /home/varun/miniconda3/envs/python38/lib/python3.8/site-packages/airflow/example_dags/example_sensor_decorator.py took 0.085 seconds
[2025-09-03T20:26:54.097+0200] {processor.py:153} INFO - Started process (PID=5456) to work on /home/varun/miniconda3/envs/python38/lib/python3.8/site-packages/airflow/example_dags/example_sensor_decorator.py
[2025-09-03T20:26:54.098+0200] {processor.py:743} INFO - Processing file /home/varun/miniconda3/envs/python38/lib/python3.8/site-packages/airflow/example_dags/example_sensor_decorator.py for tasks to queue
[2025-09-03T20:26:54.099+0200] {logging_mixin.py:137} INFO - [2025-09-03T20:26:54.099+0200] {dagbag.py:532} INFO - Filling up the DagBag from /home/varun/miniconda3/envs/python38/lib/python3.8/site-packages/airflow/example_dags/example_sensor_decorator.py
[2025-09-03T20:26:54.120+0200] {processor.py:753} INFO - DAG(s) dict_keys(['example_sensor_decorator']) retrieved from /home/varun/miniconda3/envs/python38/lib/python3.8/site-packages/airflow/example_dags/example_sensor_decorator.py
[2025-09-03T20:26:54.136+0200] {logging_mixin.py:137} INFO - [2025-09-03T20:26:54.136+0200] {dag.py:2705} INFO - Sync 1 DAGs
[2025-09-03T20:26:54.152+0200] {logging_mixin.py:137} INFO - [2025-09-03T20:26:54.152+0200] {dag.py:3452} INFO - Setting next_dagrun for example_sensor_decorator to None, run_after=None
[2025-09-03T20:26:54.173+0200] {processor.py:175} INFO - Processing /home/varun/miniconda3/envs/python38/lib/python3.8/site-packages/airflow/example_dags/example_sensor_decorator.py took 0.080 seconds
[2025-09-03T20:27:39.976+0200] {processor.py:153} INFO - Started process (PID=5498) to work on /home/varun/miniconda3/envs/python38/lib/python3.8/site-packages/airflow/example_dags/example_sensor_decorator.py
[2025-09-03T20:27:39.977+0200] {processor.py:743} INFO - Processing file /home/varun/miniconda3/envs/python38/lib/python3.8/site-packages/airflow/example_dags/example_sensor_decorator.py for tasks to queue
[2025-09-03T20:27:39.978+0200] {logging_mixin.py:137} INFO - [2025-09-03T20:27:39.978+0200] {dagbag.py:532} INFO - Filling up the DagBag from /home/varun/miniconda3/envs/python38/lib/python3.8/site-packages/airflow/example_dags/example_sensor_decorator.py
[2025-09-03T20:27:39.998+0200] {processor.py:753} INFO - DAG(s) dict_keys(['example_sensor_decorator']) retrieved from /home/varun/miniconda3/envs/python38/lib/python3.8/site-packages/airflow/example_dags/example_sensor_decorator.py
[2025-09-03T20:27:40.014+0200] {logging_mixin.py:137} INFO - [2025-09-03T20:27:40.014+0200] {dag.py:2705} INFO - Sync 1 DAGs
[2025-09-03T20:27:40.031+0200] {logging_mixin.py:137} INFO - [2025-09-03T20:27:40.031+0200] {dag.py:3452} INFO - Setting next_dagrun for example_sensor_decorator to None, run_after=None
[2025-09-03T20:27:40.052+0200] {processor.py:175} INFO - Processing /home/varun/miniconda3/envs/python38/lib/python3.8/site-packages/airflow/example_dags/example_sensor_decorator.py took 0.079 seconds
[2025-09-03T20:28:29.345+0200] {processor.py:153} INFO - Started process (PID=5540) to work on /home/varun/miniconda3/envs/python38/lib/python3.8/site-packages/airflow/example_dags/example_sensor_decorator.py
[2025-09-03T20:28:29.347+0200] {processor.py:743} INFO - Processing file /home/varun/miniconda3/envs/python38/lib/python3.8/site-packages/airflow/example_dags/example_sensor_decorator.py for tasks to queue
[2025-09-03T20:28:29.348+0200] {logging_mixin.py:137} INFO - [2025-09-03T20:28:29.348+0200] {dagbag.py:532} INFO - Filling up the DagBag from /home/varun/miniconda3/envs/python38/lib/python3.8/site-packages/airflow/example_dags/example_sensor_decorator.py
[2025-09-03T20:28:29.368+0200] {processor.py:753} INFO - DAG(s) dict_keys(['example_sensor_decorator']) retrieved from /home/varun/miniconda3/envs/python38/lib/python3.8/site-packages/airflow/example_dags/example_sensor_decorator.py
[2025-09-03T20:28:29.388+0200] {logging_mixin.py:137} INFO - [2025-09-03T20:28:29.388+0200] {dag.py:2705} INFO - Sync 1 DAGs
[2025-09-03T20:28:29.405+0200] {logging_mixin.py:137} INFO - [2025-09-03T20:28:29.405+0200] {dag.py:3452} INFO - Setting next_dagrun for example_sensor_decorator to None, run_after=None
[2025-09-03T20:28:29.427+0200] {processor.py:175} INFO - Processing /home/varun/miniconda3/envs/python38/lib/python3.8/site-packages/airflow/example_dags/example_sensor_decorator.py took 0.085 seconds
[2025-09-03T20:29:15.937+0200] {processor.py:153} INFO - Started process (PID=5582) to work on /home/varun/miniconda3/envs/python38/lib/python3.8/site-packages/airflow/example_dags/example_sensor_decorator.py
[2025-09-03T20:29:15.939+0200] {processor.py:743} INFO - Processing file /home/varun/miniconda3/envs/python38/lib/python3.8/site-packages/airflow/example_dags/example_sensor_decorator.py for tasks to queue
[2025-09-03T20:29:15.940+0200] {logging_mixin.py:137} INFO - [2025-09-03T20:29:15.939+0200] {dagbag.py:532} INFO - Filling up the DagBag from /home/varun/miniconda3/envs/python38/lib/python3.8/site-packages/airflow/example_dags/example_sensor_decorator.py
[2025-09-03T20:29:15.959+0200] {processor.py:753} INFO - DAG(s) dict_keys(['example_sensor_decorator']) retrieved from /home/varun/miniconda3/envs/python38/lib/python3.8/site-packages/airflow/example_dags/example_sensor_decorator.py
[2025-09-03T20:29:15.974+0200] {logging_mixin.py:137} INFO - [2025-09-03T20:29:15.974+0200] {dag.py:2705} INFO - Sync 1 DAGs
[2025-09-03T20:29:15.989+0200] {logging_mixin.py:137} INFO - [2025-09-03T20:29:15.988+0200] {dag.py:3452} INFO - Setting next_dagrun for example_sensor_decorator to None, run_after=None
[2025-09-03T20:29:16.010+0200] {processor.py:175} INFO - Processing /home/varun/miniconda3/envs/python38/lib/python3.8/site-packages/airflow/example_dags/example_sensor_decorator.py took 0.076 seconds
[2025-09-03T20:30:01.145+0200] {processor.py:153} INFO - Started process (PID=5625) to work on /home/varun/miniconda3/envs/python38/lib/python3.8/site-packages/airflow/example_dags/example_sensor_decorator.py
[2025-09-03T20:30:01.146+0200] {processor.py:743} INFO - Processing file /home/varun/miniconda3/envs/python38/lib/python3.8/site-packages/airflow/example_dags/example_sensor_decorator.py for tasks to queue
[2025-09-03T20:30:01.147+0200] {logging_mixin.py:137} INFO - [2025-09-03T20:30:01.147+0200] {dagbag.py:532} INFO - Filling up the DagBag from /home/varun/miniconda3/envs/python38/lib/python3.8/site-packages/airflow/example_dags/example_sensor_decorator.py
[2025-09-03T20:30:01.169+0200] {processor.py:753} INFO - DAG(s) dict_keys(['example_sensor_decorator']) retrieved from /home/varun/miniconda3/envs/python38/lib/python3.8/site-packages/airflow/example_dags/example_sensor_decorator.py
[2025-09-03T20:30:01.185+0200] {logging_mixin.py:137} INFO - [2025-09-03T20:30:01.185+0200] {dag.py:2705} INFO - Sync 1 DAGs
[2025-09-03T20:30:01.201+0200] {logging_mixin.py:137} INFO - [2025-09-03T20:30:01.201+0200] {dag.py:3452} INFO - Setting next_dagrun for example_sensor_decorator to None, run_after=None
[2025-09-03T20:30:01.226+0200] {processor.py:175} INFO - Processing /home/varun/miniconda3/envs/python38/lib/python3.8/site-packages/airflow/example_dags/example_sensor_decorator.py took 0.084 seconds
[2025-09-03T20:30:46.303+0200] {processor.py:153} INFO - Started process (PID=5667) to work on /home/varun/miniconda3/envs/python38/lib/python3.8/site-packages/airflow/example_dags/example_sensor_decorator.py
[2025-09-03T20:30:46.304+0200] {processor.py:743} INFO - Processing file /home/varun/miniconda3/envs/python38/lib/python3.8/site-packages/airflow/example_dags/example_sensor_decorator.py for tasks to queue
[2025-09-03T20:30:46.305+0200] {logging_mixin.py:137} INFO - [2025-09-03T20:30:46.304+0200] {dagbag.py:532} INFO - Filling up the DagBag from /home/varun/miniconda3/envs/python38/lib/python3.8/site-packages/airflow/example_dags/example_sensor_decorator.py
[2025-09-03T20:30:46.322+0200] {processor.py:753} INFO - DAG(s) dict_keys(['example_sensor_decorator']) retrieved from /home/varun/miniconda3/envs/python38/lib/python3.8/site-packages/airflow/example_dags/example_sensor_decorator.py
[2025-09-03T20:30:46.337+0200] {logging_mixin.py:137} INFO - [2025-09-03T20:30:46.337+0200] {dag.py:2705} INFO - Sync 1 DAGs
[2025-09-03T20:30:46.352+0200] {logging_mixin.py:137} INFO - [2025-09-03T20:30:46.352+0200] {dag.py:3452} INFO - Setting next_dagrun for example_sensor_decorator to None, run_after=None
[2025-09-03T20:30:46.372+0200] {processor.py:175} INFO - Processing /home/varun/miniconda3/envs/python38/lib/python3.8/site-packages/airflow/example_dags/example_sensor_decorator.py took 0.074 seconds
[2025-09-03T20:31:33.582+0200] {processor.py:153} INFO - Started process (PID=5709) to work on /home/varun/miniconda3/envs/python38/lib/python3.8/site-packages/airflow/example_dags/example_sensor_decorator.py
[2025-09-03T20:31:33.584+0200] {processor.py:743} INFO - Processing file /home/varun/miniconda3/envs/python38/lib/python3.8/site-packages/airflow/example_dags/example_sensor_decorator.py for tasks to queue
[2025-09-03T20:31:33.584+0200] {logging_mixin.py:137} INFO - [2025-09-03T20:31:33.584+0200] {dagbag.py:532} INFO - Filling up the DagBag from /home/varun/miniconda3/envs/python38/lib/python3.8/site-packages/airflow/example_dags/example_sensor_decorator.py
[2025-09-03T20:31:33.603+0200] {processor.py:753} INFO - DAG(s) dict_keys(['example_sensor_decorator']) retrieved from /home/varun/miniconda3/envs/python38/lib/python3.8/site-packages/airflow/example_dags/example_sensor_decorator.py
[2025-09-03T20:31:33.619+0200] {logging_mixin.py:137} INFO - [2025-09-03T20:31:33.619+0200] {dag.py:2705} INFO - Sync 1 DAGs
[2025-09-03T20:31:33.637+0200] {logging_mixin.py:137} INFO - [2025-09-03T20:31:33.636+0200] {dag.py:3452} INFO - Setting next_dagrun for example_sensor_decorator to None, run_after=None
[2025-09-03T20:31:33.658+0200] {processor.py:175} INFO - Processing /home/varun/miniconda3/envs/python38/lib/python3.8/site-packages/airflow/example_dags/example_sensor_decorator.py took 0.079 seconds
[2025-09-03T20:32:18.532+0200] {processor.py:153} INFO - Started process (PID=5751) to work on /home/varun/miniconda3/envs/python38/lib/python3.8/site-packages/airflow/example_dags/example_sensor_decorator.py
[2025-09-03T20:32:18.534+0200] {processor.py:743} INFO - Processing file /home/varun/miniconda3/envs/python38/lib/python3.8/site-packages/airflow/example_dags/example_sensor_decorator.py for tasks to queue
[2025-09-03T20:32:18.535+0200] {logging_mixin.py:137} INFO - [2025-09-03T20:32:18.535+0200] {dagbag.py:532} INFO - Filling up the DagBag from /home/varun/miniconda3/envs/python38/lib/python3.8/site-packages/airflow/example_dags/example_sensor_decorator.py
[2025-09-03T20:32:18.557+0200] {processor.py:753} INFO - DAG(s) dict_keys(['example_sensor_decorator']) retrieved from /home/varun/miniconda3/envs/python38/lib/python3.8/site-packages/airflow/example_dags/example_sensor_decorator.py
[2025-09-03T20:32:18.578+0200] {logging_mixin.py:137} INFO - [2025-09-03T20:32:18.578+0200] {dag.py:2705} INFO - Sync 1 DAGs
[2025-09-03T20:32:18.597+0200] {logging_mixin.py:137} INFO - [2025-09-03T20:32:18.597+0200] {dag.py:3452} INFO - Setting next_dagrun for example_sensor_decorator to None, run_after=None
[2025-09-03T20:32:18.620+0200] {processor.py:175} INFO - Processing /home/varun/miniconda3/envs/python38/lib/python3.8/site-packages/airflow/example_dags/example_sensor_decorator.py took 0.090 seconds
[2025-09-03T20:33:04.456+0200] {processor.py:153} INFO - Started process (PID=5793) to work on /home/varun/miniconda3/envs/python38/lib/python3.8/site-packages/airflow/example_dags/example_sensor_decorator.py
[2025-09-03T20:33:04.457+0200] {processor.py:743} INFO - Processing file /home/varun/miniconda3/envs/python38/lib/python3.8/site-packages/airflow/example_dags/example_sensor_decorator.py for tasks to queue
[2025-09-03T20:33:04.458+0200] {logging_mixin.py:137} INFO - [2025-09-03T20:33:04.458+0200] {dagbag.py:532} INFO - Filling up the DagBag from /home/varun/miniconda3/envs/python38/lib/python3.8/site-packages/airflow/example_dags/example_sensor_decorator.py
[2025-09-03T20:33:04.476+0200] {processor.py:753} INFO - DAG(s) dict_keys(['example_sensor_decorator']) retrieved from /home/varun/miniconda3/envs/python38/lib/python3.8/site-packages/airflow/example_dags/example_sensor_decorator.py
[2025-09-03T20:33:04.496+0200] {logging_mixin.py:137} INFO - [2025-09-03T20:33:04.496+0200] {dag.py:2705} INFO - Sync 1 DAGs
[2025-09-03T20:33:04.514+0200] {logging_mixin.py:137} INFO - [2025-09-03T20:33:04.514+0200] {dag.py:3452} INFO - Setting next_dagrun for example_sensor_decorator to None, run_after=None
[2025-09-03T20:33:04.536+0200] {processor.py:175} INFO - Processing /home/varun/miniconda3/envs/python38/lib/python3.8/site-packages/airflow/example_dags/example_sensor_decorator.py took 0.083 seconds
[2025-09-03T20:33:53.586+0200] {processor.py:153} INFO - Started process (PID=5835) to work on /home/varun/miniconda3/envs/python38/lib/python3.8/site-packages/airflow/example_dags/example_sensor_decorator.py
[2025-09-03T20:33:53.589+0200] {processor.py:743} INFO - Processing file /home/varun/miniconda3/envs/python38/lib/python3.8/site-packages/airflow/example_dags/example_sensor_decorator.py for tasks to queue
[2025-09-03T20:33:53.590+0200] {logging_mixin.py:137} INFO - [2025-09-03T20:33:53.590+0200] {dagbag.py:532} INFO - Filling up the DagBag from /home/varun/miniconda3/envs/python38/lib/python3.8/site-packages/airflow/example_dags/example_sensor_decorator.py
[2025-09-03T20:33:53.623+0200] {processor.py:753} INFO - DAG(s) dict_keys(['example_sensor_decorator']) retrieved from /home/varun/miniconda3/envs/python38/lib/python3.8/site-packages/airflow/example_dags/example_sensor_decorator.py
[2025-09-03T20:33:53.645+0200] {logging_mixin.py:137} INFO - [2025-09-03T20:33:53.645+0200] {dag.py:2705} INFO - Sync 1 DAGs
[2025-09-03T20:33:53.664+0200] {logging_mixin.py:137} INFO - [2025-09-03T20:33:53.664+0200] {dag.py:3452} INFO - Setting next_dagrun for example_sensor_decorator to None, run_after=None
[2025-09-03T20:33:53.689+0200] {processor.py:175} INFO - Processing /home/varun/miniconda3/envs/python38/lib/python3.8/site-packages/airflow/example_dags/example_sensor_decorator.py took 0.108 seconds
[2025-09-03T20:34:38.733+0200] {processor.py:153} INFO - Started process (PID=5877) to work on /home/varun/miniconda3/envs/python38/lib/python3.8/site-packages/airflow/example_dags/example_sensor_decorator.py
[2025-09-03T20:34:38.735+0200] {processor.py:743} INFO - Processing file /home/varun/miniconda3/envs/python38/lib/python3.8/site-packages/airflow/example_dags/example_sensor_decorator.py for tasks to queue
[2025-09-03T20:34:38.736+0200] {logging_mixin.py:137} INFO - [2025-09-03T20:34:38.736+0200] {dagbag.py:532} INFO - Filling up the DagBag from /home/varun/miniconda3/envs/python38/lib/python3.8/site-packages/airflow/example_dags/example_sensor_decorator.py
[2025-09-03T20:34:38.756+0200] {processor.py:753} INFO - DAG(s) dict_keys(['example_sensor_decorator']) retrieved from /home/varun/miniconda3/envs/python38/lib/python3.8/site-packages/airflow/example_dags/example_sensor_decorator.py
[2025-09-03T20:34:38.775+0200] {logging_mixin.py:137} INFO - [2025-09-03T20:34:38.775+0200] {dag.py:2705} INFO - Sync 1 DAGs
[2025-09-03T20:34:38.792+0200] {logging_mixin.py:137} INFO - [2025-09-03T20:34:38.792+0200] {dag.py:3452} INFO - Setting next_dagrun for example_sensor_decorator to None, run_after=None
[2025-09-03T20:34:38.814+0200] {processor.py:175} INFO - Processing /home/varun/miniconda3/envs/python38/lib/python3.8/site-packages/airflow/example_dags/example_sensor_decorator.py took 0.084 seconds
[2025-09-03T20:35:23.461+0200] {processor.py:153} INFO - Started process (PID=5920) to work on /home/varun/miniconda3/envs/python38/lib/python3.8/site-packages/airflow/example_dags/example_sensor_decorator.py
[2025-09-03T20:35:23.463+0200] {processor.py:743} INFO - Processing file /home/varun/miniconda3/envs/python38/lib/python3.8/site-packages/airflow/example_dags/example_sensor_decorator.py for tasks to queue
[2025-09-03T20:35:23.463+0200] {logging_mixin.py:137} INFO - [2025-09-03T20:35:23.463+0200] {dagbag.py:532} INFO - Filling up the DagBag from /home/varun/miniconda3/envs/python38/lib/python3.8/site-packages/airflow/example_dags/example_sensor_decorator.py
[2025-09-03T20:35:23.482+0200] {processor.py:753} INFO - DAG(s) dict_keys(['example_sensor_decorator']) retrieved from /home/varun/miniconda3/envs/python38/lib/python3.8/site-packages/airflow/example_dags/example_sensor_decorator.py
[2025-09-03T20:35:23.497+0200] {logging_mixin.py:137} INFO - [2025-09-03T20:35:23.497+0200] {dag.py:2705} INFO - Sync 1 DAGs
[2025-09-03T20:35:23.514+0200] {logging_mixin.py:137} INFO - [2025-09-03T20:35:23.514+0200] {dag.py:3452} INFO - Setting next_dagrun for example_sensor_decorator to None, run_after=None
[2025-09-03T20:35:23.536+0200] {processor.py:175} INFO - Processing /home/varun/miniconda3/envs/python38/lib/python3.8/site-packages/airflow/example_dags/example_sensor_decorator.py took 0.078 seconds
[2025-09-03T20:36:07.382+0200] {processor.py:153} INFO - Started process (PID=5962) to work on /home/varun/miniconda3/envs/python38/lib/python3.8/site-packages/airflow/example_dags/example_sensor_decorator.py
[2025-09-03T20:36:07.384+0200] {processor.py:743} INFO - Processing file /home/varun/miniconda3/envs/python38/lib/python3.8/site-packages/airflow/example_dags/example_sensor_decorator.py for tasks to queue
[2025-09-03T20:36:07.384+0200] {logging_mixin.py:137} INFO - [2025-09-03T20:36:07.384+0200] {dagbag.py:532} INFO - Filling up the DagBag from /home/varun/miniconda3/envs/python38/lib/python3.8/site-packages/airflow/example_dags/example_sensor_decorator.py
[2025-09-03T20:36:07.405+0200] {processor.py:753} INFO - DAG(s) dict_keys(['example_sensor_decorator']) retrieved from /home/varun/miniconda3/envs/python38/lib/python3.8/site-packages/airflow/example_dags/example_sensor_decorator.py
[2025-09-03T20:36:07.425+0200] {logging_mixin.py:137} INFO - [2025-09-03T20:36:07.425+0200] {dag.py:2705} INFO - Sync 1 DAGs
[2025-09-03T20:36:07.442+0200] {logging_mixin.py:137} INFO - [2025-09-03T20:36:07.442+0200] {dag.py:3452} INFO - Setting next_dagrun for example_sensor_decorator to None, run_after=None
[2025-09-03T20:36:07.469+0200] {processor.py:175} INFO - Processing /home/varun/miniconda3/envs/python38/lib/python3.8/site-packages/airflow/example_dags/example_sensor_decorator.py took 0.091 seconds
