[2025-09-03T19:42:44.360+0200] {processor.py:153} INFO - Started process (PID=3106) to work on /home/varun/miniconda3/envs/python38/lib/python3.8/site-packages/airflow/example_dags/example_trigger_controller_dag.py
[2025-09-03T19:42:44.361+0200] {processor.py:743} INFO - Processing file /home/varun/miniconda3/envs/python38/lib/python3.8/site-packages/airflow/example_dags/example_trigger_controller_dag.py for tasks to queue
[2025-09-03T19:42:44.361+0200] {logging_mixin.py:137} INFO - [2025-09-03T19:42:44.361+0200] {dagbag.py:532} INFO - Filling up the DagBag from /home/varun/miniconda3/envs/python38/lib/python3.8/site-packages/airflow/example_dags/example_trigger_controller_dag.py
[2025-09-03T19:42:44.373+0200] {processor.py:753} INFO - DAG(s) dict_keys(['example_trigger_controller_dag']) retrieved from /home/varun/miniconda3/envs/python38/lib/python3.8/site-packages/airflow/example_dags/example_trigger_controller_dag.py
[2025-09-03T19:42:44.461+0200] {logging_mixin.py:137} INFO - [2025-09-03T19:42:44.461+0200] {manager.py:504} INFO - Created Permission View: can edit on DAG:example_trigger_controller_dag
[2025-09-03T19:42:44.475+0200] {logging_mixin.py:137} INFO - [2025-09-03T19:42:44.475+0200] {manager.py:504} INFO - Created Permission View: can delete on DAG:example_trigger_controller_dag
[2025-09-03T19:42:44.487+0200] {logging_mixin.py:137} INFO - [2025-09-03T19:42:44.487+0200] {manager.py:504} INFO - Created Permission View: can read on DAG:example_trigger_controller_dag
[2025-09-03T19:42:44.488+0200] {logging_mixin.py:137} INFO - [2025-09-03T19:42:44.488+0200] {dag.py:2705} INFO - Sync 1 DAGs
[2025-09-03T19:42:44.496+0200] {logging_mixin.py:137} INFO - [2025-09-03T19:42:44.496+0200] {dag.py:2726} INFO - Creating ORM DAG for example_trigger_controller_dag
[2025-09-03T19:42:44.503+0200] {logging_mixin.py:137} INFO - [2025-09-03T19:42:44.503+0200] {dag.py:3452} INFO - Setting next_dagrun for example_trigger_controller_dag to 2021-01-01T00:00:00+00:00, run_after=2021-01-01T00:00:00+00:00
[2025-09-03T19:42:44.524+0200] {processor.py:175} INFO - Processing /home/varun/miniconda3/envs/python38/lib/python3.8/site-packages/airflow/example_dags/example_trigger_controller_dag.py took 0.167 seconds
[2025-09-03T19:43:32.313+0200] {processor.py:153} INFO - Started process (PID=3148) to work on /home/varun/miniconda3/envs/python38/lib/python3.8/site-packages/airflow/example_dags/example_trigger_controller_dag.py
[2025-09-03T19:43:32.315+0200] {processor.py:743} INFO - Processing file /home/varun/miniconda3/envs/python38/lib/python3.8/site-packages/airflow/example_dags/example_trigger_controller_dag.py for tasks to queue
[2025-09-03T19:43:32.316+0200] {logging_mixin.py:137} INFO - [2025-09-03T19:43:32.316+0200] {dagbag.py:532} INFO - Filling up the DagBag from /home/varun/miniconda3/envs/python38/lib/python3.8/site-packages/airflow/example_dags/example_trigger_controller_dag.py
[2025-09-03T19:43:32.333+0200] {processor.py:753} INFO - DAG(s) dict_keys(['example_trigger_controller_dag']) retrieved from /home/varun/miniconda3/envs/python38/lib/python3.8/site-packages/airflow/example_dags/example_trigger_controller_dag.py
[2025-09-03T19:43:32.354+0200] {logging_mixin.py:137} INFO - [2025-09-03T19:43:32.354+0200] {dag.py:2705} INFO - Sync 1 DAGs
[2025-09-03T19:43:32.374+0200] {logging_mixin.py:137} INFO - [2025-09-03T19:43:32.374+0200] {dag.py:3452} INFO - Setting next_dagrun for example_trigger_controller_dag to 2021-01-01T00:00:00+00:00, run_after=2021-01-01T00:00:00+00:00
[2025-09-03T19:43:32.403+0200] {processor.py:175} INFO - Processing /home/varun/miniconda3/envs/python38/lib/python3.8/site-packages/airflow/example_dags/example_trigger_controller_dag.py took 0.093 seconds
[2025-09-03T19:44:22.737+0200] {processor.py:153} INFO - Started process (PID=3190) to work on /home/varun/miniconda3/envs/python38/lib/python3.8/site-packages/airflow/example_dags/example_trigger_controller_dag.py
[2025-09-03T19:44:22.738+0200] {processor.py:743} INFO - Processing file /home/varun/miniconda3/envs/python38/lib/python3.8/site-packages/airflow/example_dags/example_trigger_controller_dag.py for tasks to queue
[2025-09-03T19:44:22.739+0200] {logging_mixin.py:137} INFO - [2025-09-03T19:44:22.739+0200] {dagbag.py:532} INFO - Filling up the DagBag from /home/varun/miniconda3/envs/python38/lib/python3.8/site-packages/airflow/example_dags/example_trigger_controller_dag.py
[2025-09-03T19:44:22.755+0200] {processor.py:753} INFO - DAG(s) dict_keys(['example_trigger_controller_dag']) retrieved from /home/varun/miniconda3/envs/python38/lib/python3.8/site-packages/airflow/example_dags/example_trigger_controller_dag.py
[2025-09-03T19:44:22.776+0200] {logging_mixin.py:137} INFO - [2025-09-03T19:44:22.776+0200] {dag.py:2705} INFO - Sync 1 DAGs
[2025-09-03T19:44:22.793+0200] {logging_mixin.py:137} INFO - [2025-09-03T19:44:22.793+0200] {dag.py:3452} INFO - Setting next_dagrun for example_trigger_controller_dag to 2021-01-01T00:00:00+00:00, run_after=2021-01-01T00:00:00+00:00
[2025-09-03T19:44:22.819+0200] {processor.py:175} INFO - Processing /home/varun/miniconda3/envs/python38/lib/python3.8/site-packages/airflow/example_dags/example_trigger_controller_dag.py took 0.086 seconds
[2025-09-03T19:45:10.150+0200] {processor.py:153} INFO - Started process (PID=3233) to work on /home/varun/miniconda3/envs/python38/lib/python3.8/site-packages/airflow/example_dags/example_trigger_controller_dag.py
[2025-09-03T19:45:10.152+0200] {processor.py:743} INFO - Processing file /home/varun/miniconda3/envs/python38/lib/python3.8/site-packages/airflow/example_dags/example_trigger_controller_dag.py for tasks to queue
[2025-09-03T19:45:10.154+0200] {logging_mixin.py:137} INFO - [2025-09-03T19:45:10.153+0200] {dagbag.py:532} INFO - Filling up the DagBag from /home/varun/miniconda3/envs/python38/lib/python3.8/site-packages/airflow/example_dags/example_trigger_controller_dag.py
[2025-09-03T19:45:10.181+0200] {processor.py:753} INFO - DAG(s) dict_keys(['example_trigger_controller_dag']) retrieved from /home/varun/miniconda3/envs/python38/lib/python3.8/site-packages/airflow/example_dags/example_trigger_controller_dag.py
[2025-09-03T19:45:10.213+0200] {logging_mixin.py:137} INFO - [2025-09-03T19:45:10.213+0200] {dag.py:2705} INFO - Sync 1 DAGs
[2025-09-03T19:45:10.250+0200] {logging_mixin.py:137} INFO - [2025-09-03T19:45:10.250+0200] {dag.py:3452} INFO - Setting next_dagrun for example_trigger_controller_dag to 2021-01-01T00:00:00+00:00, run_after=2021-01-01T00:00:00+00:00
[2025-09-03T19:45:10.284+0200] {processor.py:175} INFO - Processing /home/varun/miniconda3/envs/python38/lib/python3.8/site-packages/airflow/example_dags/example_trigger_controller_dag.py took 0.139 seconds
[2025-09-03T19:45:55.687+0200] {processor.py:153} INFO - Started process (PID=3303) to work on /home/varun/miniconda3/envs/python38/lib/python3.8/site-packages/airflow/example_dags/example_trigger_controller_dag.py
[2025-09-03T19:45:55.688+0200] {processor.py:743} INFO - Processing file /home/varun/miniconda3/envs/python38/lib/python3.8/site-packages/airflow/example_dags/example_trigger_controller_dag.py for tasks to queue
[2025-09-03T19:45:55.689+0200] {logging_mixin.py:137} INFO - [2025-09-03T19:45:55.689+0200] {dagbag.py:532} INFO - Filling up the DagBag from /home/varun/miniconda3/envs/python38/lib/python3.8/site-packages/airflow/example_dags/example_trigger_controller_dag.py
[2025-09-03T19:45:55.706+0200] {processor.py:753} INFO - DAG(s) dict_keys(['example_trigger_controller_dag']) retrieved from /home/varun/miniconda3/envs/python38/lib/python3.8/site-packages/airflow/example_dags/example_trigger_controller_dag.py
[2025-09-03T19:45:55.728+0200] {logging_mixin.py:137} INFO - [2025-09-03T19:45:55.728+0200] {dag.py:2705} INFO - Sync 1 DAGs
[2025-09-03T19:45:55.753+0200] {logging_mixin.py:137} INFO - [2025-09-03T19:45:55.753+0200] {dag.py:3452} INFO - Setting next_dagrun for example_trigger_controller_dag to 2021-01-01T00:00:00+00:00, run_after=2021-01-01T00:00:00+00:00
[2025-09-03T19:45:55.786+0200] {processor.py:175} INFO - Processing /home/varun/miniconda3/envs/python38/lib/python3.8/site-packages/airflow/example_dags/example_trigger_controller_dag.py took 0.103 seconds
[2025-09-03T19:46:44.784+0200] {processor.py:153} INFO - Started process (PID=3351) to work on /home/varun/miniconda3/envs/python38/lib/python3.8/site-packages/airflow/example_dags/example_trigger_controller_dag.py
[2025-09-03T19:46:44.786+0200] {processor.py:743} INFO - Processing file /home/varun/miniconda3/envs/python38/lib/python3.8/site-packages/airflow/example_dags/example_trigger_controller_dag.py for tasks to queue
[2025-09-03T19:46:44.786+0200] {logging_mixin.py:137} INFO - [2025-09-03T19:46:44.786+0200] {dagbag.py:532} INFO - Filling up the DagBag from /home/varun/miniconda3/envs/python38/lib/python3.8/site-packages/airflow/example_dags/example_trigger_controller_dag.py
[2025-09-03T19:46:44.797+0200] {processor.py:753} INFO - DAG(s) dict_keys(['example_trigger_controller_dag']) retrieved from /home/varun/miniconda3/envs/python38/lib/python3.8/site-packages/airflow/example_dags/example_trigger_controller_dag.py
[2025-09-03T19:46:44.822+0200] {logging_mixin.py:137} INFO - [2025-09-03T19:46:44.821+0200] {dag.py:2705} INFO - Sync 1 DAGs
[2025-09-03T19:46:44.867+0200] {logging_mixin.py:137} INFO - [2025-09-03T19:46:44.867+0200] {dag.py:3452} INFO - Setting next_dagrun for example_trigger_controller_dag to 2021-01-01T00:00:00+00:00, run_after=2021-01-01T00:00:00+00:00
[2025-09-03T19:46:44.902+0200] {processor.py:175} INFO - Processing /home/varun/miniconda3/envs/python38/lib/python3.8/site-packages/airflow/example_dags/example_trigger_controller_dag.py took 0.121 seconds
[2025-09-03T19:47:30.615+0200] {processor.py:153} INFO - Started process (PID=3401) to work on /home/varun/miniconda3/envs/python38/lib/python3.8/site-packages/airflow/example_dags/example_trigger_controller_dag.py
[2025-09-03T19:47:30.616+0200] {processor.py:743} INFO - Processing file /home/varun/miniconda3/envs/python38/lib/python3.8/site-packages/airflow/example_dags/example_trigger_controller_dag.py for tasks to queue
[2025-09-03T19:47:30.617+0200] {logging_mixin.py:137} INFO - [2025-09-03T19:47:30.617+0200] {dagbag.py:532} INFO - Filling up the DagBag from /home/varun/miniconda3/envs/python38/lib/python3.8/site-packages/airflow/example_dags/example_trigger_controller_dag.py
[2025-09-03T19:47:30.627+0200] {processor.py:753} INFO - DAG(s) dict_keys(['example_trigger_controller_dag']) retrieved from /home/varun/miniconda3/envs/python38/lib/python3.8/site-packages/airflow/example_dags/example_trigger_controller_dag.py
[2025-09-03T19:47:30.648+0200] {logging_mixin.py:137} INFO - [2025-09-03T19:47:30.648+0200] {dag.py:2705} INFO - Sync 1 DAGs
[2025-09-03T19:47:30.664+0200] {logging_mixin.py:137} INFO - [2025-09-03T19:47:30.664+0200] {dag.py:3452} INFO - Setting next_dagrun for example_trigger_controller_dag to 2021-01-01T00:00:00+00:00, run_after=2021-01-01T00:00:00+00:00
[2025-09-03T19:47:30.687+0200] {processor.py:175} INFO - Processing /home/varun/miniconda3/envs/python38/lib/python3.8/site-packages/airflow/example_dags/example_trigger_controller_dag.py took 0.076 seconds
[2025-09-03T19:48:16.621+0200] {processor.py:153} INFO - Started process (PID=3443) to work on /home/varun/miniconda3/envs/python38/lib/python3.8/site-packages/airflow/example_dags/example_trigger_controller_dag.py
[2025-09-03T19:48:16.622+0200] {processor.py:743} INFO - Processing file /home/varun/miniconda3/envs/python38/lib/python3.8/site-packages/airflow/example_dags/example_trigger_controller_dag.py for tasks to queue
[2025-09-03T19:48:16.623+0200] {logging_mixin.py:137} INFO - [2025-09-03T19:48:16.623+0200] {dagbag.py:532} INFO - Filling up the DagBag from /home/varun/miniconda3/envs/python38/lib/python3.8/site-packages/airflow/example_dags/example_trigger_controller_dag.py
[2025-09-03T19:48:16.634+0200] {processor.py:753} INFO - DAG(s) dict_keys(['example_trigger_controller_dag']) retrieved from /home/varun/miniconda3/envs/python38/lib/python3.8/site-packages/airflow/example_dags/example_trigger_controller_dag.py
[2025-09-03T19:48:16.653+0200] {logging_mixin.py:137} INFO - [2025-09-03T19:48:16.653+0200] {dag.py:2705} INFO - Sync 1 DAGs
[2025-09-03T19:48:16.669+0200] {logging_mixin.py:137} INFO - [2025-09-03T19:48:16.668+0200] {dag.py:3452} INFO - Setting next_dagrun for example_trigger_controller_dag to 2021-01-01T00:00:00+00:00, run_after=2021-01-01T00:00:00+00:00
[2025-09-03T19:48:16.691+0200] {processor.py:175} INFO - Processing /home/varun/miniconda3/envs/python38/lib/python3.8/site-packages/airflow/example_dags/example_trigger_controller_dag.py took 0.073 seconds
[2025-09-03T19:49:08.860+0200] {processor.py:153} INFO - Started process (PID=3485) to work on /home/varun/miniconda3/envs/python38/lib/python3.8/site-packages/airflow/example_dags/example_trigger_controller_dag.py
[2025-09-03T19:49:08.862+0200] {processor.py:743} INFO - Processing file /home/varun/miniconda3/envs/python38/lib/python3.8/site-packages/airflow/example_dags/example_trigger_controller_dag.py for tasks to queue
[2025-09-03T19:49:08.863+0200] {logging_mixin.py:137} INFO - [2025-09-03T19:49:08.862+0200] {dagbag.py:532} INFO - Filling up the DagBag from /home/varun/miniconda3/envs/python38/lib/python3.8/site-packages/airflow/example_dags/example_trigger_controller_dag.py
[2025-09-03T19:49:08.877+0200] {processor.py:753} INFO - DAG(s) dict_keys(['example_trigger_controller_dag']) retrieved from /home/varun/miniconda3/envs/python38/lib/python3.8/site-packages/airflow/example_dags/example_trigger_controller_dag.py
[2025-09-03T19:49:08.907+0200] {logging_mixin.py:137} INFO - [2025-09-03T19:49:08.906+0200] {dag.py:2705} INFO - Sync 1 DAGs
[2025-09-03T19:49:08.932+0200] {logging_mixin.py:137} INFO - [2025-09-03T19:49:08.931+0200] {dag.py:3452} INFO - Setting next_dagrun for example_trigger_controller_dag to 2021-01-01T00:00:00+00:00, run_after=2021-01-01T00:00:00+00:00
[2025-09-03T19:49:08.966+0200] {processor.py:175} INFO - Processing /home/varun/miniconda3/envs/python38/lib/python3.8/site-packages/airflow/example_dags/example_trigger_controller_dag.py took 0.110 seconds
[2025-09-03T19:49:55.622+0200] {processor.py:153} INFO - Started process (PID=3536) to work on /home/varun/miniconda3/envs/python38/lib/python3.8/site-packages/airflow/example_dags/example_trigger_controller_dag.py
[2025-09-03T19:49:55.623+0200] {processor.py:743} INFO - Processing file /home/varun/miniconda3/envs/python38/lib/python3.8/site-packages/airflow/example_dags/example_trigger_controller_dag.py for tasks to queue
[2025-09-03T19:49:55.624+0200] {logging_mixin.py:137} INFO - [2025-09-03T19:49:55.624+0200] {dagbag.py:532} INFO - Filling up the DagBag from /home/varun/miniconda3/envs/python38/lib/python3.8/site-packages/airflow/example_dags/example_trigger_controller_dag.py
[2025-09-03T19:49:55.636+0200] {processor.py:753} INFO - DAG(s) dict_keys(['example_trigger_controller_dag']) retrieved from /home/varun/miniconda3/envs/python38/lib/python3.8/site-packages/airflow/example_dags/example_trigger_controller_dag.py
[2025-09-03T19:49:55.654+0200] {logging_mixin.py:137} INFO - [2025-09-03T19:49:55.654+0200] {dag.py:2705} INFO - Sync 1 DAGs
[2025-09-03T19:49:55.671+0200] {logging_mixin.py:137} INFO - [2025-09-03T19:49:55.671+0200] {dag.py:3452} INFO - Setting next_dagrun for example_trigger_controller_dag to 2021-01-01T00:00:00+00:00, run_after=2021-01-01T00:00:00+00:00
[2025-09-03T19:49:55.695+0200] {processor.py:175} INFO - Processing /home/varun/miniconda3/envs/python38/lib/python3.8/site-packages/airflow/example_dags/example_trigger_controller_dag.py took 0.077 seconds
[2025-09-03T19:50:42.087+0200] {processor.py:153} INFO - Started process (PID=3579) to work on /home/varun/miniconda3/envs/python38/lib/python3.8/site-packages/airflow/example_dags/example_trigger_controller_dag.py
[2025-09-03T19:50:42.088+0200] {processor.py:743} INFO - Processing file /home/varun/miniconda3/envs/python38/lib/python3.8/site-packages/airflow/example_dags/example_trigger_controller_dag.py for tasks to queue
[2025-09-03T19:50:42.089+0200] {logging_mixin.py:137} INFO - [2025-09-03T19:50:42.089+0200] {dagbag.py:532} INFO - Filling up the DagBag from /home/varun/miniconda3/envs/python38/lib/python3.8/site-packages/airflow/example_dags/example_trigger_controller_dag.py
[2025-09-03T19:50:42.100+0200] {processor.py:753} INFO - DAG(s) dict_keys(['example_trigger_controller_dag']) retrieved from /home/varun/miniconda3/envs/python38/lib/python3.8/site-packages/airflow/example_dags/example_trigger_controller_dag.py
[2025-09-03T19:50:42.121+0200] {logging_mixin.py:137} INFO - [2025-09-03T19:50:42.120+0200] {dag.py:2705} INFO - Sync 1 DAGs
[2025-09-03T19:50:42.140+0200] {logging_mixin.py:137} INFO - [2025-09-03T19:50:42.140+0200] {dag.py:3452} INFO - Setting next_dagrun for example_trigger_controller_dag to 2021-01-01T00:00:00+00:00, run_after=2021-01-01T00:00:00+00:00
[2025-09-03T19:50:42.162+0200] {processor.py:175} INFO - Processing /home/varun/miniconda3/envs/python38/lib/python3.8/site-packages/airflow/example_dags/example_trigger_controller_dag.py took 0.079 seconds
[2025-09-03T19:51:32.097+0200] {processor.py:153} INFO - Started process (PID=3634) to work on /home/varun/miniconda3/envs/python38/lib/python3.8/site-packages/airflow/example_dags/example_trigger_controller_dag.py
[2025-09-03T19:51:32.099+0200] {processor.py:743} INFO - Processing file /home/varun/miniconda3/envs/python38/lib/python3.8/site-packages/airflow/example_dags/example_trigger_controller_dag.py for tasks to queue
[2025-09-03T19:51:32.099+0200] {logging_mixin.py:137} INFO - [2025-09-03T19:51:32.099+0200] {dagbag.py:532} INFO - Filling up the DagBag from /home/varun/miniconda3/envs/python38/lib/python3.8/site-packages/airflow/example_dags/example_trigger_controller_dag.py
[2025-09-03T19:51:32.110+0200] {processor.py:753} INFO - DAG(s) dict_keys(['example_trigger_controller_dag']) retrieved from /home/varun/miniconda3/envs/python38/lib/python3.8/site-packages/airflow/example_dags/example_trigger_controller_dag.py
[2025-09-03T19:51:32.133+0200] {logging_mixin.py:137} INFO - [2025-09-03T19:51:32.132+0200] {dag.py:2705} INFO - Sync 1 DAGs
[2025-09-03T19:51:32.155+0200] {logging_mixin.py:137} INFO - [2025-09-03T19:51:32.154+0200] {dag.py:3452} INFO - Setting next_dagrun for example_trigger_controller_dag to 2021-01-01T00:00:00+00:00, run_after=2021-01-01T00:00:00+00:00
[2025-09-03T19:51:32.186+0200] {processor.py:175} INFO - Processing /home/varun/miniconda3/envs/python38/lib/python3.8/site-packages/airflow/example_dags/example_trigger_controller_dag.py took 0.092 seconds
[2025-09-03T19:52:19.211+0200] {processor.py:153} INFO - Started process (PID=3683) to work on /home/varun/miniconda3/envs/python38/lib/python3.8/site-packages/airflow/example_dags/example_trigger_controller_dag.py
[2025-09-03T19:52:19.212+0200] {processor.py:743} INFO - Processing file /home/varun/miniconda3/envs/python38/lib/python3.8/site-packages/airflow/example_dags/example_trigger_controller_dag.py for tasks to queue
[2025-09-03T19:52:19.214+0200] {logging_mixin.py:137} INFO - [2025-09-03T19:52:19.213+0200] {dagbag.py:532} INFO - Filling up the DagBag from /home/varun/miniconda3/envs/python38/lib/python3.8/site-packages/airflow/example_dags/example_trigger_controller_dag.py
[2025-09-03T19:52:19.231+0200] {processor.py:753} INFO - DAG(s) dict_keys(['example_trigger_controller_dag']) retrieved from /home/varun/miniconda3/envs/python38/lib/python3.8/site-packages/airflow/example_dags/example_trigger_controller_dag.py
[2025-09-03T19:52:19.254+0200] {logging_mixin.py:137} INFO - [2025-09-03T19:52:19.253+0200] {dag.py:2705} INFO - Sync 1 DAGs
[2025-09-03T19:52:19.277+0200] {logging_mixin.py:137} INFO - [2025-09-03T19:52:19.277+0200] {dag.py:3452} INFO - Setting next_dagrun for example_trigger_controller_dag to 2021-01-01T00:00:00+00:00, run_after=2021-01-01T00:00:00+00:00
[2025-09-03T19:52:19.305+0200] {processor.py:175} INFO - Processing /home/varun/miniconda3/envs/python38/lib/python3.8/site-packages/airflow/example_dags/example_trigger_controller_dag.py took 0.098 seconds
[2025-09-03T19:53:13.739+0200] {processor.py:153} INFO - Started process (PID=3725) to work on /home/varun/miniconda3/envs/python38/lib/python3.8/site-packages/airflow/example_dags/example_trigger_controller_dag.py
[2025-09-03T19:53:13.741+0200] {processor.py:743} INFO - Processing file /home/varun/miniconda3/envs/python38/lib/python3.8/site-packages/airflow/example_dags/example_trigger_controller_dag.py for tasks to queue
[2025-09-03T19:53:13.741+0200] {logging_mixin.py:137} INFO - [2025-09-03T19:53:13.741+0200] {dagbag.py:532} INFO - Filling up the DagBag from /home/varun/miniconda3/envs/python38/lib/python3.8/site-packages/airflow/example_dags/example_trigger_controller_dag.py
[2025-09-03T19:53:13.755+0200] {processor.py:753} INFO - DAG(s) dict_keys(['example_trigger_controller_dag']) retrieved from /home/varun/miniconda3/envs/python38/lib/python3.8/site-packages/airflow/example_dags/example_trigger_controller_dag.py
[2025-09-03T19:53:13.777+0200] {logging_mixin.py:137} INFO - [2025-09-03T19:53:13.777+0200] {dag.py:2705} INFO - Sync 1 DAGs
[2025-09-03T19:53:13.799+0200] {logging_mixin.py:137} INFO - [2025-09-03T19:53:13.799+0200] {dag.py:3452} INFO - Setting next_dagrun for example_trigger_controller_dag to 2021-01-01T00:00:00+00:00, run_after=2021-01-01T00:00:00+00:00
[2025-09-03T19:53:13.995+0200] {processor.py:175} INFO - Processing /home/varun/miniconda3/envs/python38/lib/python3.8/site-packages/airflow/example_dags/example_trigger_controller_dag.py took 0.259 seconds
[2025-09-03T19:54:08.117+0200] {processor.py:153} INFO - Started process (PID=3776) to work on /home/varun/miniconda3/envs/python38/lib/python3.8/site-packages/airflow/example_dags/example_trigger_controller_dag.py
[2025-09-03T19:54:08.119+0200] {processor.py:743} INFO - Processing file /home/varun/miniconda3/envs/python38/lib/python3.8/site-packages/airflow/example_dags/example_trigger_controller_dag.py for tasks to queue
[2025-09-03T19:54:08.120+0200] {logging_mixin.py:137} INFO - [2025-09-03T19:54:08.120+0200] {dagbag.py:532} INFO - Filling up the DagBag from /home/varun/miniconda3/envs/python38/lib/python3.8/site-packages/airflow/example_dags/example_trigger_controller_dag.py
[2025-09-03T19:54:08.131+0200] {processor.py:753} INFO - DAG(s) dict_keys(['example_trigger_controller_dag']) retrieved from /home/varun/miniconda3/envs/python38/lib/python3.8/site-packages/airflow/example_dags/example_trigger_controller_dag.py
[2025-09-03T19:54:08.153+0200] {logging_mixin.py:137} INFO - [2025-09-03T19:54:08.153+0200] {dag.py:2705} INFO - Sync 1 DAGs
[2025-09-03T19:54:08.300+0200] {logging_mixin.py:137} INFO - [2025-09-03T19:54:08.300+0200] {dag.py:3452} INFO - Setting next_dagrun for example_trigger_controller_dag to 2021-01-01T00:00:00+00:00, run_after=2021-01-01T00:00:00+00:00
[2025-09-03T19:54:08.326+0200] {processor.py:175} INFO - Processing /home/varun/miniconda3/envs/python38/lib/python3.8/site-packages/airflow/example_dags/example_trigger_controller_dag.py took 0.214 seconds
[2025-09-03T19:55:07.882+0200] {processor.py:153} INFO - Started process (PID=3826) to work on /home/varun/miniconda3/envs/python38/lib/python3.8/site-packages/airflow/example_dags/example_trigger_controller_dag.py
[2025-09-03T19:55:07.884+0200] {processor.py:743} INFO - Processing file /home/varun/miniconda3/envs/python38/lib/python3.8/site-packages/airflow/example_dags/example_trigger_controller_dag.py for tasks to queue
[2025-09-03T19:55:07.884+0200] {logging_mixin.py:137} INFO - [2025-09-03T19:55:07.884+0200] {dagbag.py:532} INFO - Filling up the DagBag from /home/varun/miniconda3/envs/python38/lib/python3.8/site-packages/airflow/example_dags/example_trigger_controller_dag.py
[2025-09-03T19:55:07.911+0200] {processor.py:753} INFO - DAG(s) dict_keys(['example_trigger_controller_dag']) retrieved from /home/varun/miniconda3/envs/python38/lib/python3.8/site-packages/airflow/example_dags/example_trigger_controller_dag.py
[2025-09-03T19:55:08.104+0200] {logging_mixin.py:137} INFO - [2025-09-03T19:55:08.104+0200] {dag.py:2705} INFO - Sync 1 DAGs
[2025-09-03T19:55:08.127+0200] {logging_mixin.py:137} INFO - [2025-09-03T19:55:08.126+0200] {dag.py:3452} INFO - Setting next_dagrun for example_trigger_controller_dag to 2021-01-01T00:00:00+00:00, run_after=2021-01-01T00:00:00+00:00
[2025-09-03T19:55:08.159+0200] {processor.py:175} INFO - Processing /home/varun/miniconda3/envs/python38/lib/python3.8/site-packages/airflow/example_dags/example_trigger_controller_dag.py took 0.286 seconds
[2025-09-03T19:56:06.440+0200] {processor.py:153} INFO - Started process (PID=3884) to work on /home/varun/miniconda3/envs/python38/lib/python3.8/site-packages/airflow/example_dags/example_trigger_controller_dag.py
[2025-09-03T19:56:06.442+0200] {processor.py:743} INFO - Processing file /home/varun/miniconda3/envs/python38/lib/python3.8/site-packages/airflow/example_dags/example_trigger_controller_dag.py for tasks to queue
[2025-09-03T19:56:06.443+0200] {logging_mixin.py:137} INFO - [2025-09-03T19:56:06.442+0200] {dagbag.py:532} INFO - Filling up the DagBag from /home/varun/miniconda3/envs/python38/lib/python3.8/site-packages/airflow/example_dags/example_trigger_controller_dag.py
[2025-09-03T19:56:06.465+0200] {processor.py:753} INFO - DAG(s) dict_keys(['example_trigger_controller_dag']) retrieved from /home/varun/miniconda3/envs/python38/lib/python3.8/site-packages/airflow/example_dags/example_trigger_controller_dag.py
[2025-09-03T19:56:06.642+0200] {logging_mixin.py:137} INFO - [2025-09-03T19:56:06.641+0200] {dag.py:2705} INFO - Sync 1 DAGs
[2025-09-03T19:56:06.661+0200] {logging_mixin.py:137} INFO - [2025-09-03T19:56:06.660+0200] {dag.py:3452} INFO - Setting next_dagrun for example_trigger_controller_dag to 2021-01-01T00:00:00+00:00, run_after=2021-01-01T00:00:00+00:00
[2025-09-03T19:56:06.691+0200] {processor.py:175} INFO - Processing /home/varun/miniconda3/envs/python38/lib/python3.8/site-packages/airflow/example_dags/example_trigger_controller_dag.py took 0.257 seconds
[2025-09-03T19:57:03.570+0200] {processor.py:153} INFO - Started process (PID=3929) to work on /home/varun/miniconda3/envs/python38/lib/python3.8/site-packages/airflow/example_dags/example_trigger_controller_dag.py
[2025-09-03T19:57:03.578+0200] {processor.py:743} INFO - Processing file /home/varun/miniconda3/envs/python38/lib/python3.8/site-packages/airflow/example_dags/example_trigger_controller_dag.py for tasks to queue
[2025-09-03T19:57:03.582+0200] {logging_mixin.py:137} INFO - [2025-09-03T19:57:03.581+0200] {dagbag.py:532} INFO - Filling up the DagBag from /home/varun/miniconda3/envs/python38/lib/python3.8/site-packages/airflow/example_dags/example_trigger_controller_dag.py
[2025-09-03T19:57:04.004+0200] {processor.py:753} INFO - DAG(s) dict_keys(['example_trigger_controller_dag']) retrieved from /home/varun/miniconda3/envs/python38/lib/python3.8/site-packages/airflow/example_dags/example_trigger_controller_dag.py
[2025-09-03T19:57:04.037+0200] {logging_mixin.py:137} INFO - [2025-09-03T19:57:04.036+0200] {dag.py:2705} INFO - Sync 1 DAGs
[2025-09-03T19:57:04.066+0200] {logging_mixin.py:137} INFO - [2025-09-03T19:57:04.065+0200] {dag.py:3452} INFO - Setting next_dagrun for example_trigger_controller_dag to 2021-01-01T00:00:00+00:00, run_after=2021-01-01T00:00:00+00:00
[2025-09-03T19:57:04.123+0200] {processor.py:175} INFO - Processing /home/varun/miniconda3/envs/python38/lib/python3.8/site-packages/airflow/example_dags/example_trigger_controller_dag.py took 0.562 seconds
[2025-09-03T19:57:52.466+0200] {processor.py:153} INFO - Started process (PID=3973) to work on /home/varun/miniconda3/envs/python38/lib/python3.8/site-packages/airflow/example_dags/example_trigger_controller_dag.py
[2025-09-03T19:57:52.468+0200] {processor.py:743} INFO - Processing file /home/varun/miniconda3/envs/python38/lib/python3.8/site-packages/airflow/example_dags/example_trigger_controller_dag.py for tasks to queue
[2025-09-03T19:57:52.469+0200] {logging_mixin.py:137} INFO - [2025-09-03T19:57:52.469+0200] {dagbag.py:532} INFO - Filling up the DagBag from /home/varun/miniconda3/envs/python38/lib/python3.8/site-packages/airflow/example_dags/example_trigger_controller_dag.py
[2025-09-03T19:57:52.480+0200] {processor.py:753} INFO - DAG(s) dict_keys(['example_trigger_controller_dag']) retrieved from /home/varun/miniconda3/envs/python38/lib/python3.8/site-packages/airflow/example_dags/example_trigger_controller_dag.py
[2025-09-03T19:57:52.503+0200] {logging_mixin.py:137} INFO - [2025-09-03T19:57:52.503+0200] {dag.py:2705} INFO - Sync 1 DAGs
[2025-09-03T19:57:52.526+0200] {logging_mixin.py:137} INFO - [2025-09-03T19:57:52.525+0200] {dag.py:3452} INFO - Setting next_dagrun for example_trigger_controller_dag to 2021-01-01T00:00:00+00:00, run_after=2021-01-01T00:00:00+00:00
[2025-09-03T19:57:52.554+0200] {processor.py:175} INFO - Processing /home/varun/miniconda3/envs/python38/lib/python3.8/site-packages/airflow/example_dags/example_trigger_controller_dag.py took 0.091 seconds
[2025-09-03T20:01:02.183+0200] {processor.py:153} INFO - Started process (PID=4044) to work on /home/varun/miniconda3/envs/python38/lib/python3.8/site-packages/airflow/example_dags/example_trigger_controller_dag.py
[2025-09-03T20:01:02.184+0200] {processor.py:743} INFO - Processing file /home/varun/miniconda3/envs/python38/lib/python3.8/site-packages/airflow/example_dags/example_trigger_controller_dag.py for tasks to queue
[2025-09-03T20:01:02.185+0200] {logging_mixin.py:137} INFO - [2025-09-03T20:01:02.185+0200] {dagbag.py:532} INFO - Filling up the DagBag from /home/varun/miniconda3/envs/python38/lib/python3.8/site-packages/airflow/example_dags/example_trigger_controller_dag.py
[2025-09-03T20:01:02.196+0200] {processor.py:753} INFO - DAG(s) dict_keys(['example_trigger_controller_dag']) retrieved from /home/varun/miniconda3/envs/python38/lib/python3.8/site-packages/airflow/example_dags/example_trigger_controller_dag.py
[2025-09-03T20:01:02.224+0200] {logging_mixin.py:137} INFO - [2025-09-03T20:01:02.224+0200] {dag.py:2705} INFO - Sync 1 DAGs
[2025-09-03T20:01:02.242+0200] {logging_mixin.py:137} INFO - [2025-09-03T20:01:02.242+0200] {dag.py:3452} INFO - Setting next_dagrun for example_trigger_controller_dag to 2021-01-01T00:00:00+00:00, run_after=2021-01-01T00:00:00+00:00
[2025-09-03T20:01:02.267+0200] {processor.py:175} INFO - Processing /home/varun/miniconda3/envs/python38/lib/python3.8/site-packages/airflow/example_dags/example_trigger_controller_dag.py took 0.087 seconds
[2025-09-03T20:01:47.563+0200] {processor.py:153} INFO - Started process (PID=4091) to work on /home/varun/miniconda3/envs/python38/lib/python3.8/site-packages/airflow/example_dags/example_trigger_controller_dag.py
[2025-09-03T20:01:47.565+0200] {processor.py:743} INFO - Processing file /home/varun/miniconda3/envs/python38/lib/python3.8/site-packages/airflow/example_dags/example_trigger_controller_dag.py for tasks to queue
[2025-09-03T20:01:47.567+0200] {logging_mixin.py:137} INFO - [2025-09-03T20:01:47.566+0200] {dagbag.py:532} INFO - Filling up the DagBag from /home/varun/miniconda3/envs/python38/lib/python3.8/site-packages/airflow/example_dags/example_trigger_controller_dag.py
[2025-09-03T20:01:47.584+0200] {processor.py:753} INFO - DAG(s) dict_keys(['example_trigger_controller_dag']) retrieved from /home/varun/miniconda3/envs/python38/lib/python3.8/site-packages/airflow/example_dags/example_trigger_controller_dag.py
[2025-09-03T20:01:47.613+0200] {logging_mixin.py:137} INFO - [2025-09-03T20:01:47.612+0200] {dag.py:2705} INFO - Sync 1 DAGs
[2025-09-03T20:01:47.637+0200] {logging_mixin.py:137} INFO - [2025-09-03T20:01:47.637+0200] {dag.py:3452} INFO - Setting next_dagrun for example_trigger_controller_dag to 2021-01-01T00:00:00+00:00, run_after=2021-01-01T00:00:00+00:00
[2025-09-03T20:01:47.667+0200] {processor.py:175} INFO - Processing /home/varun/miniconda3/envs/python38/lib/python3.8/site-packages/airflow/example_dags/example_trigger_controller_dag.py took 0.110 seconds
[2025-09-03T20:02:33.267+0200] {processor.py:153} INFO - Started process (PID=4133) to work on /home/varun/miniconda3/envs/python38/lib/python3.8/site-packages/airflow/example_dags/example_trigger_controller_dag.py
[2025-09-03T20:02:33.269+0200] {processor.py:743} INFO - Processing file /home/varun/miniconda3/envs/python38/lib/python3.8/site-packages/airflow/example_dags/example_trigger_controller_dag.py for tasks to queue
[2025-09-03T20:02:33.269+0200] {logging_mixin.py:137} INFO - [2025-09-03T20:02:33.269+0200] {dagbag.py:532} INFO - Filling up the DagBag from /home/varun/miniconda3/envs/python38/lib/python3.8/site-packages/airflow/example_dags/example_trigger_controller_dag.py
[2025-09-03T20:02:33.281+0200] {processor.py:753} INFO - DAG(s) dict_keys(['example_trigger_controller_dag']) retrieved from /home/varun/miniconda3/envs/python38/lib/python3.8/site-packages/airflow/example_dags/example_trigger_controller_dag.py
[2025-09-03T20:02:33.301+0200] {logging_mixin.py:137} INFO - [2025-09-03T20:02:33.301+0200] {dag.py:2705} INFO - Sync 1 DAGs
[2025-09-03T20:02:33.318+0200] {logging_mixin.py:137} INFO - [2025-09-03T20:02:33.317+0200] {dag.py:3452} INFO - Setting next_dagrun for example_trigger_controller_dag to 2021-01-01T00:00:00+00:00, run_after=2021-01-01T00:00:00+00:00
[2025-09-03T20:02:33.340+0200] {processor.py:175} INFO - Processing /home/varun/miniconda3/envs/python38/lib/python3.8/site-packages/airflow/example_dags/example_trigger_controller_dag.py took 0.076 seconds
[2025-09-03T20:03:23.587+0200] {processor.py:153} INFO - Started process (PID=4175) to work on /home/varun/miniconda3/envs/python38/lib/python3.8/site-packages/airflow/example_dags/example_trigger_controller_dag.py
[2025-09-03T20:03:23.589+0200] {processor.py:743} INFO - Processing file /home/varun/miniconda3/envs/python38/lib/python3.8/site-packages/airflow/example_dags/example_trigger_controller_dag.py for tasks to queue
[2025-09-03T20:03:23.589+0200] {logging_mixin.py:137} INFO - [2025-09-03T20:03:23.589+0200] {dagbag.py:532} INFO - Filling up the DagBag from /home/varun/miniconda3/envs/python38/lib/python3.8/site-packages/airflow/example_dags/example_trigger_controller_dag.py
[2025-09-03T20:03:23.602+0200] {processor.py:753} INFO - DAG(s) dict_keys(['example_trigger_controller_dag']) retrieved from /home/varun/miniconda3/envs/python38/lib/python3.8/site-packages/airflow/example_dags/example_trigger_controller_dag.py
[2025-09-03T20:03:23.628+0200] {logging_mixin.py:137} INFO - [2025-09-03T20:03:23.628+0200] {dag.py:2705} INFO - Sync 1 DAGs
[2025-09-03T20:03:23.650+0200] {logging_mixin.py:137} INFO - [2025-09-03T20:03:23.650+0200] {dag.py:3452} INFO - Setting next_dagrun for example_trigger_controller_dag to 2021-01-01T00:00:00+00:00, run_after=2021-01-01T00:00:00+00:00
[2025-09-03T20:03:23.677+0200] {processor.py:175} INFO - Processing /home/varun/miniconda3/envs/python38/lib/python3.8/site-packages/airflow/example_dags/example_trigger_controller_dag.py took 0.093 seconds
[2025-09-03T20:04:10.599+0200] {processor.py:153} INFO - Started process (PID=4217) to work on /home/varun/miniconda3/envs/python38/lib/python3.8/site-packages/airflow/example_dags/example_trigger_controller_dag.py
[2025-09-03T20:04:10.600+0200] {processor.py:743} INFO - Processing file /home/varun/miniconda3/envs/python38/lib/python3.8/site-packages/airflow/example_dags/example_trigger_controller_dag.py for tasks to queue
[2025-09-03T20:04:10.601+0200] {logging_mixin.py:137} INFO - [2025-09-03T20:04:10.601+0200] {dagbag.py:532} INFO - Filling up the DagBag from /home/varun/miniconda3/envs/python38/lib/python3.8/site-packages/airflow/example_dags/example_trigger_controller_dag.py
[2025-09-03T20:04:10.613+0200] {processor.py:753} INFO - DAG(s) dict_keys(['example_trigger_controller_dag']) retrieved from /home/varun/miniconda3/envs/python38/lib/python3.8/site-packages/airflow/example_dags/example_trigger_controller_dag.py
[2025-09-03T20:04:10.635+0200] {logging_mixin.py:137} INFO - [2025-09-03T20:04:10.635+0200] {dag.py:2705} INFO - Sync 1 DAGs
[2025-09-03T20:04:10.654+0200] {logging_mixin.py:137} INFO - [2025-09-03T20:04:10.654+0200] {dag.py:3452} INFO - Setting next_dagrun for example_trigger_controller_dag to 2021-01-01T00:00:00+00:00, run_after=2021-01-01T00:00:00+00:00
[2025-09-03T20:04:10.678+0200] {processor.py:175} INFO - Processing /home/varun/miniconda3/envs/python38/lib/python3.8/site-packages/airflow/example_dags/example_trigger_controller_dag.py took 0.083 seconds
[2025-09-03T20:05:03.048+0200] {processor.py:153} INFO - Started process (PID=4265) to work on /home/varun/miniconda3/envs/python38/lib/python3.8/site-packages/airflow/example_dags/example_trigger_controller_dag.py
[2025-09-03T20:05:03.050+0200] {processor.py:743} INFO - Processing file /home/varun/miniconda3/envs/python38/lib/python3.8/site-packages/airflow/example_dags/example_trigger_controller_dag.py for tasks to queue
[2025-09-03T20:05:03.051+0200] {logging_mixin.py:137} INFO - [2025-09-03T20:05:03.051+0200] {dagbag.py:532} INFO - Filling up the DagBag from /home/varun/miniconda3/envs/python38/lib/python3.8/site-packages/airflow/example_dags/example_trigger_controller_dag.py
[2025-09-03T20:05:03.064+0200] {processor.py:753} INFO - DAG(s) dict_keys(['example_trigger_controller_dag']) retrieved from /home/varun/miniconda3/envs/python38/lib/python3.8/site-packages/airflow/example_dags/example_trigger_controller_dag.py
[2025-09-03T20:05:03.883+0200] {logging_mixin.py:137} INFO - [2025-09-03T20:05:03.882+0200] {manager.py:504} INFO - Created Permission View: can delete on DAG:example_trigger_controller_dag
[2025-09-03T20:05:03.897+0200] {logging_mixin.py:137} INFO - [2025-09-03T20:05:03.897+0200] {manager.py:504} INFO - Created Permission View: can read on DAG:example_trigger_controller_dag
[2025-09-03T20:05:03.909+0200] {logging_mixin.py:137} INFO - [2025-09-03T20:05:03.909+0200] {manager.py:504} INFO - Created Permission View: can edit on DAG:example_trigger_controller_dag
[2025-09-03T20:05:03.910+0200] {logging_mixin.py:137} INFO - [2025-09-03T20:05:03.909+0200] {dag.py:2705} INFO - Sync 1 DAGs
[2025-09-03T20:05:03.919+0200] {logging_mixin.py:137} INFO - [2025-09-03T20:05:03.919+0200] {dag.py:2726} INFO - Creating ORM DAG for example_trigger_controller_dag
[2025-09-03T20:05:03.928+0200] {logging_mixin.py:137} INFO - [2025-09-03T20:05:03.927+0200] {dag.py:3452} INFO - Setting next_dagrun for example_trigger_controller_dag to 2021-01-01T00:00:00+00:00, run_after=2021-01-01T00:00:00+00:00
[2025-09-03T20:05:03.951+0200] {processor.py:175} INFO - Processing /home/varun/miniconda3/envs/python38/lib/python3.8/site-packages/airflow/example_dags/example_trigger_controller_dag.py took 0.906 seconds
[2025-09-03T20:05:59.192+0200] {processor.py:153} INFO - Started process (PID=4320) to work on /home/varun/miniconda3/envs/python38/lib/python3.8/site-packages/airflow/example_dags/example_trigger_controller_dag.py
[2025-09-03T20:05:59.193+0200] {processor.py:743} INFO - Processing file /home/varun/miniconda3/envs/python38/lib/python3.8/site-packages/airflow/example_dags/example_trigger_controller_dag.py for tasks to queue
[2025-09-03T20:05:59.194+0200] {logging_mixin.py:137} INFO - [2025-09-03T20:05:59.194+0200] {dagbag.py:532} INFO - Filling up the DagBag from /home/varun/miniconda3/envs/python38/lib/python3.8/site-packages/airflow/example_dags/example_trigger_controller_dag.py
[2025-09-03T20:05:59.209+0200] {processor.py:753} INFO - DAG(s) dict_keys(['example_trigger_controller_dag']) retrieved from /home/varun/miniconda3/envs/python38/lib/python3.8/site-packages/airflow/example_dags/example_trigger_controller_dag.py
[2025-09-03T20:05:59.235+0200] {logging_mixin.py:137} INFO - [2025-09-03T20:05:59.235+0200] {dag.py:2705} INFO - Sync 1 DAGs
[2025-09-03T20:05:59.257+0200] {logging_mixin.py:137} INFO - [2025-09-03T20:05:59.256+0200] {dag.py:3452} INFO - Setting next_dagrun for example_trigger_controller_dag to 2021-01-01T00:00:00+00:00, run_after=2021-01-01T00:00:00+00:00
[2025-09-03T20:05:59.285+0200] {processor.py:175} INFO - Processing /home/varun/miniconda3/envs/python38/lib/python3.8/site-packages/airflow/example_dags/example_trigger_controller_dag.py took 0.097 seconds
[2025-09-03T20:06:45.663+0200] {processor.py:153} INFO - Started process (PID=4364) to work on /home/varun/miniconda3/envs/python38/lib/python3.8/site-packages/airflow/example_dags/example_trigger_controller_dag.py
[2025-09-03T20:06:45.664+0200] {processor.py:743} INFO - Processing file /home/varun/miniconda3/envs/python38/lib/python3.8/site-packages/airflow/example_dags/example_trigger_controller_dag.py for tasks to queue
[2025-09-03T20:06:45.665+0200] {logging_mixin.py:137} INFO - [2025-09-03T20:06:45.665+0200] {dagbag.py:532} INFO - Filling up the DagBag from /home/varun/miniconda3/envs/python38/lib/python3.8/site-packages/airflow/example_dags/example_trigger_controller_dag.py
[2025-09-03T20:06:45.678+0200] {processor.py:753} INFO - DAG(s) dict_keys(['example_trigger_controller_dag']) retrieved from /home/varun/miniconda3/envs/python38/lib/python3.8/site-packages/airflow/example_dags/example_trigger_controller_dag.py
[2025-09-03T20:06:45.701+0200] {logging_mixin.py:137} INFO - [2025-09-03T20:06:45.700+0200] {dag.py:2705} INFO - Sync 1 DAGs
[2025-09-03T20:06:45.720+0200] {logging_mixin.py:137} INFO - [2025-09-03T20:06:45.720+0200] {dag.py:3452} INFO - Setting next_dagrun for example_trigger_controller_dag to 2021-01-01T00:00:00+00:00, run_after=2021-01-01T00:00:00+00:00
[2025-09-03T20:06:45.749+0200] {processor.py:175} INFO - Processing /home/varun/miniconda3/envs/python38/lib/python3.8/site-packages/airflow/example_dags/example_trigger_controller_dag.py took 0.090 seconds
[2025-09-03T20:07:36.340+0200] {processor.py:153} INFO - Started process (PID=4428) to work on /home/varun/miniconda3/envs/python38/lib/python3.8/site-packages/airflow/example_dags/example_trigger_controller_dag.py
[2025-09-03T20:07:36.342+0200] {processor.py:743} INFO - Processing file /home/varun/miniconda3/envs/python38/lib/python3.8/site-packages/airflow/example_dags/example_trigger_controller_dag.py for tasks to queue
[2025-09-03T20:07:36.343+0200] {logging_mixin.py:137} INFO - [2025-09-03T20:07:36.343+0200] {dagbag.py:532} INFO - Filling up the DagBag from /home/varun/miniconda3/envs/python38/lib/python3.8/site-packages/airflow/example_dags/example_trigger_controller_dag.py
[2025-09-03T20:07:36.354+0200] {processor.py:753} INFO - DAG(s) dict_keys(['example_trigger_controller_dag']) retrieved from /home/varun/miniconda3/envs/python38/lib/python3.8/site-packages/airflow/example_dags/example_trigger_controller_dag.py
[2025-09-03T20:07:36.372+0200] {logging_mixin.py:137} INFO - [2025-09-03T20:07:36.372+0200] {dag.py:2705} INFO - Sync 1 DAGs
[2025-09-03T20:07:36.389+0200] {logging_mixin.py:137} INFO - [2025-09-03T20:07:36.389+0200] {dag.py:3452} INFO - Setting next_dagrun for example_trigger_controller_dag to 2021-01-01T00:00:00+00:00, run_after=2021-01-01T00:00:00+00:00
[2025-09-03T20:07:36.413+0200] {processor.py:175} INFO - Processing /home/varun/miniconda3/envs/python38/lib/python3.8/site-packages/airflow/example_dags/example_trigger_controller_dag.py took 0.077 seconds
[2025-09-03T20:08:22.937+0200] {processor.py:153} INFO - Started process (PID=4472) to work on /home/varun/miniconda3/envs/python38/lib/python3.8/site-packages/airflow/example_dags/example_trigger_controller_dag.py
[2025-09-03T20:08:22.939+0200] {processor.py:743} INFO - Processing file /home/varun/miniconda3/envs/python38/lib/python3.8/site-packages/airflow/example_dags/example_trigger_controller_dag.py for tasks to queue
[2025-09-03T20:08:22.940+0200] {logging_mixin.py:137} INFO - [2025-09-03T20:08:22.939+0200] {dagbag.py:532} INFO - Filling up the DagBag from /home/varun/miniconda3/envs/python38/lib/python3.8/site-packages/airflow/example_dags/example_trigger_controller_dag.py
[2025-09-03T20:08:22.951+0200] {processor.py:753} INFO - DAG(s) dict_keys(['example_trigger_controller_dag']) retrieved from /home/varun/miniconda3/envs/python38/lib/python3.8/site-packages/airflow/example_dags/example_trigger_controller_dag.py
[2025-09-03T20:08:22.972+0200] {logging_mixin.py:137} INFO - [2025-09-03T20:08:22.972+0200] {dag.py:2705} INFO - Sync 1 DAGs
[2025-09-03T20:08:22.990+0200] {logging_mixin.py:137} INFO - [2025-09-03T20:08:22.990+0200] {dag.py:3452} INFO - Setting next_dagrun for example_trigger_controller_dag to 2021-01-01T00:00:00+00:00, run_after=2021-01-01T00:00:00+00:00
[2025-09-03T20:08:23.018+0200] {processor.py:175} INFO - Processing /home/varun/miniconda3/envs/python38/lib/python3.8/site-packages/airflow/example_dags/example_trigger_controller_dag.py took 0.084 seconds
[2025-09-03T20:09:40.286+0200] {processor.py:153} INFO - Started process (PID=4531) to work on /home/varun/miniconda3/envs/python38/lib/python3.8/site-packages/airflow/example_dags/example_trigger_controller_dag.py
[2025-09-03T20:09:40.289+0200] {processor.py:743} INFO - Processing file /home/varun/miniconda3/envs/python38/lib/python3.8/site-packages/airflow/example_dags/example_trigger_controller_dag.py for tasks to queue
[2025-09-03T20:09:40.290+0200] {logging_mixin.py:137} INFO - [2025-09-03T20:09:40.290+0200] {dagbag.py:532} INFO - Filling up the DagBag from /home/varun/miniconda3/envs/python38/lib/python3.8/site-packages/airflow/example_dags/example_trigger_controller_dag.py
[2025-09-03T20:09:40.310+0200] {processor.py:753} INFO - DAG(s) dict_keys(['example_trigger_controller_dag']) retrieved from /home/varun/miniconda3/envs/python38/lib/python3.8/site-packages/airflow/example_dags/example_trigger_controller_dag.py
[2025-09-03T20:09:40.346+0200] {logging_mixin.py:137} INFO - [2025-09-03T20:09:40.345+0200] {dag.py:2705} INFO - Sync 1 DAGs
[2025-09-03T20:09:40.373+0200] {logging_mixin.py:137} INFO - [2025-09-03T20:09:40.373+0200] {dag.py:3452} INFO - Setting next_dagrun for example_trigger_controller_dag to 2021-01-01T00:00:00+00:00, run_after=2021-01-01T00:00:00+00:00
[2025-09-03T20:09:40.411+0200] {processor.py:175} INFO - Processing /home/varun/miniconda3/envs/python38/lib/python3.8/site-packages/airflow/example_dags/example_trigger_controller_dag.py took 0.132 seconds
[2025-09-03T20:10:26.605+0200] {processor.py:153} INFO - Started process (PID=4573) to work on /home/varun/miniconda3/envs/python38/lib/python3.8/site-packages/airflow/example_dags/example_trigger_controller_dag.py
[2025-09-03T20:10:26.606+0200] {processor.py:743} INFO - Processing file /home/varun/miniconda3/envs/python38/lib/python3.8/site-packages/airflow/example_dags/example_trigger_controller_dag.py for tasks to queue
[2025-09-03T20:10:26.607+0200] {logging_mixin.py:137} INFO - [2025-09-03T20:10:26.607+0200] {dagbag.py:532} INFO - Filling up the DagBag from /home/varun/miniconda3/envs/python38/lib/python3.8/site-packages/airflow/example_dags/example_trigger_controller_dag.py
[2025-09-03T20:10:26.623+0200] {processor.py:753} INFO - DAG(s) dict_keys(['example_trigger_controller_dag']) retrieved from /home/varun/miniconda3/envs/python38/lib/python3.8/site-packages/airflow/example_dags/example_trigger_controller_dag.py
[2025-09-03T20:10:26.643+0200] {logging_mixin.py:137} INFO - [2025-09-03T20:10:26.642+0200] {dag.py:2705} INFO - Sync 1 DAGs
[2025-09-03T20:10:26.659+0200] {logging_mixin.py:137} INFO - [2025-09-03T20:10:26.659+0200] {dag.py:3452} INFO - Setting next_dagrun for example_trigger_controller_dag to 2021-01-01T00:00:00+00:00, run_after=2021-01-01T00:00:00+00:00
[2025-09-03T20:10:26.680+0200] {processor.py:175} INFO - Processing /home/varun/miniconda3/envs/python38/lib/python3.8/site-packages/airflow/example_dags/example_trigger_controller_dag.py took 0.078 seconds
[2025-09-03T20:11:15.043+0200] {processor.py:153} INFO - Started process (PID=4615) to work on /home/varun/miniconda3/envs/python38/lib/python3.8/site-packages/airflow/example_dags/example_trigger_controller_dag.py
[2025-09-03T20:11:15.046+0200] {processor.py:743} INFO - Processing file /home/varun/miniconda3/envs/python38/lib/python3.8/site-packages/airflow/example_dags/example_trigger_controller_dag.py for tasks to queue
[2025-09-03T20:11:15.047+0200] {logging_mixin.py:137} INFO - [2025-09-03T20:11:15.047+0200] {dagbag.py:532} INFO - Filling up the DagBag from /home/varun/miniconda3/envs/python38/lib/python3.8/site-packages/airflow/example_dags/example_trigger_controller_dag.py
[2025-09-03T20:11:15.065+0200] {processor.py:753} INFO - DAG(s) dict_keys(['example_trigger_controller_dag']) retrieved from /home/varun/miniconda3/envs/python38/lib/python3.8/site-packages/airflow/example_dags/example_trigger_controller_dag.py
[2025-09-03T20:11:15.092+0200] {logging_mixin.py:137} INFO - [2025-09-03T20:11:15.091+0200] {dag.py:2705} INFO - Sync 1 DAGs
[2025-09-03T20:11:15.120+0200] {logging_mixin.py:137} INFO - [2025-09-03T20:11:15.120+0200] {dag.py:3452} INFO - Setting next_dagrun for example_trigger_controller_dag to 2021-01-01T00:00:00+00:00, run_after=2021-01-01T00:00:00+00:00
[2025-09-03T20:11:15.146+0200] {processor.py:175} INFO - Processing /home/varun/miniconda3/envs/python38/lib/python3.8/site-packages/airflow/example_dags/example_trigger_controller_dag.py took 0.108 seconds
[2025-09-03T20:11:58.909+0200] {processor.py:153} INFO - Started process (PID=4657) to work on /home/varun/miniconda3/envs/python38/lib/python3.8/site-packages/airflow/example_dags/example_trigger_controller_dag.py
[2025-09-03T20:11:58.910+0200] {processor.py:743} INFO - Processing file /home/varun/miniconda3/envs/python38/lib/python3.8/site-packages/airflow/example_dags/example_trigger_controller_dag.py for tasks to queue
[2025-09-03T20:11:58.911+0200] {logging_mixin.py:137} INFO - [2025-09-03T20:11:58.911+0200] {dagbag.py:532} INFO - Filling up the DagBag from /home/varun/miniconda3/envs/python38/lib/python3.8/site-packages/airflow/example_dags/example_trigger_controller_dag.py
[2025-09-03T20:11:58.922+0200] {processor.py:753} INFO - DAG(s) dict_keys(['example_trigger_controller_dag']) retrieved from /home/varun/miniconda3/envs/python38/lib/python3.8/site-packages/airflow/example_dags/example_trigger_controller_dag.py
[2025-09-03T20:11:58.946+0200] {logging_mixin.py:137} INFO - [2025-09-03T20:11:58.946+0200] {dag.py:2705} INFO - Sync 1 DAGs
[2025-09-03T20:11:58.965+0200] {logging_mixin.py:137} INFO - [2025-09-03T20:11:58.965+0200] {dag.py:3452} INFO - Setting next_dagrun for example_trigger_controller_dag to 2021-01-01T00:00:00+00:00, run_after=2021-01-01T00:00:00+00:00
[2025-09-03T20:11:58.986+0200] {processor.py:175} INFO - Processing /home/varun/miniconda3/envs/python38/lib/python3.8/site-packages/airflow/example_dags/example_trigger_controller_dag.py took 0.080 seconds
[2025-09-03T20:12:45.911+0200] {processor.py:153} INFO - Started process (PID=4700) to work on /home/varun/miniconda3/envs/python38/lib/python3.8/site-packages/airflow/example_dags/example_trigger_controller_dag.py
[2025-09-03T20:12:45.914+0200] {processor.py:743} INFO - Processing file /home/varun/miniconda3/envs/python38/lib/python3.8/site-packages/airflow/example_dags/example_trigger_controller_dag.py for tasks to queue
[2025-09-03T20:12:45.915+0200] {logging_mixin.py:137} INFO - [2025-09-03T20:12:45.915+0200] {dagbag.py:532} INFO - Filling up the DagBag from /home/varun/miniconda3/envs/python38/lib/python3.8/site-packages/airflow/example_dags/example_trigger_controller_dag.py
[2025-09-03T20:12:45.943+0200] {processor.py:753} INFO - DAG(s) dict_keys(['example_trigger_controller_dag']) retrieved from /home/varun/miniconda3/envs/python38/lib/python3.8/site-packages/airflow/example_dags/example_trigger_controller_dag.py
[2025-09-03T20:12:45.979+0200] {logging_mixin.py:137} INFO - [2025-09-03T20:12:45.979+0200] {dag.py:2705} INFO - Sync 1 DAGs
[2025-09-03T20:12:46.021+0200] {logging_mixin.py:137} INFO - [2025-09-03T20:12:46.020+0200] {dag.py:3452} INFO - Setting next_dagrun for example_trigger_controller_dag to 2021-01-01T00:00:00+00:00, run_after=2021-01-01T00:00:00+00:00
[2025-09-03T20:12:46.059+0200] {processor.py:175} INFO - Processing /home/varun/miniconda3/envs/python38/lib/python3.8/site-packages/airflow/example_dags/example_trigger_controller_dag.py took 0.155 seconds
[2025-09-03T20:13:36.136+0200] {processor.py:153} INFO - Started process (PID=4742) to work on /home/varun/miniconda3/envs/python38/lib/python3.8/site-packages/airflow/example_dags/example_trigger_controller_dag.py
[2025-09-03T20:13:36.137+0200] {processor.py:743} INFO - Processing file /home/varun/miniconda3/envs/python38/lib/python3.8/site-packages/airflow/example_dags/example_trigger_controller_dag.py for tasks to queue
[2025-09-03T20:13:36.138+0200] {logging_mixin.py:137} INFO - [2025-09-03T20:13:36.138+0200] {dagbag.py:532} INFO - Filling up the DagBag from /home/varun/miniconda3/envs/python38/lib/python3.8/site-packages/airflow/example_dags/example_trigger_controller_dag.py
[2025-09-03T20:13:36.148+0200] {processor.py:753} INFO - DAG(s) dict_keys(['example_trigger_controller_dag']) retrieved from /home/varun/miniconda3/envs/python38/lib/python3.8/site-packages/airflow/example_dags/example_trigger_controller_dag.py
[2025-09-03T20:13:36.167+0200] {logging_mixin.py:137} INFO - [2025-09-03T20:13:36.166+0200] {dag.py:2705} INFO - Sync 1 DAGs
[2025-09-03T20:13:36.183+0200] {logging_mixin.py:137} INFO - [2025-09-03T20:13:36.183+0200] {dag.py:3452} INFO - Setting next_dagrun for example_trigger_controller_dag to 2021-01-01T00:00:00+00:00, run_after=2021-01-01T00:00:00+00:00
[2025-09-03T20:13:36.206+0200] {processor.py:175} INFO - Processing /home/varun/miniconda3/envs/python38/lib/python3.8/site-packages/airflow/example_dags/example_trigger_controller_dag.py took 0.074 seconds
[2025-09-03T20:14:21.086+0200] {processor.py:153} INFO - Started process (PID=4784) to work on /home/varun/miniconda3/envs/python38/lib/python3.8/site-packages/airflow/example_dags/example_trigger_controller_dag.py
[2025-09-03T20:14:21.088+0200] {processor.py:743} INFO - Processing file /home/varun/miniconda3/envs/python38/lib/python3.8/site-packages/airflow/example_dags/example_trigger_controller_dag.py for tasks to queue
[2025-09-03T20:14:21.089+0200] {logging_mixin.py:137} INFO - [2025-09-03T20:14:21.089+0200] {dagbag.py:532} INFO - Filling up the DagBag from /home/varun/miniconda3/envs/python38/lib/python3.8/site-packages/airflow/example_dags/example_trigger_controller_dag.py
[2025-09-03T20:14:21.105+0200] {processor.py:753} INFO - DAG(s) dict_keys(['example_trigger_controller_dag']) retrieved from /home/varun/miniconda3/envs/python38/lib/python3.8/site-packages/airflow/example_dags/example_trigger_controller_dag.py
[2025-09-03T20:14:21.130+0200] {logging_mixin.py:137} INFO - [2025-09-03T20:14:21.130+0200] {dag.py:2705} INFO - Sync 1 DAGs
[2025-09-03T20:14:21.155+0200] {logging_mixin.py:137} INFO - [2025-09-03T20:14:21.155+0200] {dag.py:3452} INFO - Setting next_dagrun for example_trigger_controller_dag to 2021-01-01T00:00:00+00:00, run_after=2021-01-01T00:00:00+00:00
[2025-09-03T20:14:21.184+0200] {processor.py:175} INFO - Processing /home/varun/miniconda3/envs/python38/lib/python3.8/site-packages/airflow/example_dags/example_trigger_controller_dag.py took 0.103 seconds
[2025-09-03T20:15:02.265+0200] {processor.py:153} INFO - Started process (PID=4826) to work on /home/varun/miniconda3/envs/python38/lib/python3.8/site-packages/airflow/example_dags/example_trigger_controller_dag.py
[2025-09-03T20:15:02.267+0200] {processor.py:743} INFO - Processing file /home/varun/miniconda3/envs/python38/lib/python3.8/site-packages/airflow/example_dags/example_trigger_controller_dag.py for tasks to queue
[2025-09-03T20:15:02.268+0200] {logging_mixin.py:137} INFO - [2025-09-03T20:15:02.268+0200] {dagbag.py:532} INFO - Filling up the DagBag from /home/varun/miniconda3/envs/python38/lib/python3.8/site-packages/airflow/example_dags/example_trigger_controller_dag.py
[2025-09-03T20:15:02.278+0200] {processor.py:753} INFO - DAG(s) dict_keys(['example_trigger_controller_dag']) retrieved from /home/varun/miniconda3/envs/python38/lib/python3.8/site-packages/airflow/example_dags/example_trigger_controller_dag.py
[2025-09-03T20:15:02.296+0200] {logging_mixin.py:137} INFO - [2025-09-03T20:15:02.296+0200] {dag.py:2705} INFO - Sync 1 DAGs
[2025-09-03T20:15:02.313+0200] {logging_mixin.py:137} INFO - [2025-09-03T20:15:02.313+0200] {dag.py:3452} INFO - Setting next_dagrun for example_trigger_controller_dag to 2021-01-01T00:00:00+00:00, run_after=2021-01-01T00:00:00+00:00
[2025-09-03T20:15:02.337+0200] {processor.py:175} INFO - Processing /home/varun/miniconda3/envs/python38/lib/python3.8/site-packages/airflow/example_dags/example_trigger_controller_dag.py took 0.075 seconds
[2025-09-03T20:15:47.929+0200] {processor.py:153} INFO - Started process (PID=4868) to work on /home/varun/miniconda3/envs/python38/lib/python3.8/site-packages/airflow/example_dags/example_trigger_controller_dag.py
[2025-09-03T20:15:47.930+0200] {processor.py:743} INFO - Processing file /home/varun/miniconda3/envs/python38/lib/python3.8/site-packages/airflow/example_dags/example_trigger_controller_dag.py for tasks to queue
[2025-09-03T20:15:47.931+0200] {logging_mixin.py:137} INFO - [2025-09-03T20:15:47.931+0200] {dagbag.py:532} INFO - Filling up the DagBag from /home/varun/miniconda3/envs/python38/lib/python3.8/site-packages/airflow/example_dags/example_trigger_controller_dag.py
[2025-09-03T20:15:47.941+0200] {processor.py:753} INFO - DAG(s) dict_keys(['example_trigger_controller_dag']) retrieved from /home/varun/miniconda3/envs/python38/lib/python3.8/site-packages/airflow/example_dags/example_trigger_controller_dag.py
[2025-09-03T20:15:47.959+0200] {logging_mixin.py:137} INFO - [2025-09-03T20:15:47.959+0200] {dag.py:2705} INFO - Sync 1 DAGs
[2025-09-03T20:15:47.976+0200] {logging_mixin.py:137} INFO - [2025-09-03T20:15:47.976+0200] {dag.py:3452} INFO - Setting next_dagrun for example_trigger_controller_dag to 2021-01-01T00:00:00+00:00, run_after=2021-01-01T00:00:00+00:00
[2025-09-03T20:15:47.997+0200] {processor.py:175} INFO - Processing /home/varun/miniconda3/envs/python38/lib/python3.8/site-packages/airflow/example_dags/example_trigger_controller_dag.py took 0.073 seconds
[2025-09-03T20:16:36.986+0200] {processor.py:153} INFO - Started process (PID=4910) to work on /home/varun/miniconda3/envs/python38/lib/python3.8/site-packages/airflow/example_dags/example_trigger_controller_dag.py
[2025-09-03T20:16:36.987+0200] {processor.py:743} INFO - Processing file /home/varun/miniconda3/envs/python38/lib/python3.8/site-packages/airflow/example_dags/example_trigger_controller_dag.py for tasks to queue
[2025-09-03T20:16:36.988+0200] {logging_mixin.py:137} INFO - [2025-09-03T20:16:36.988+0200] {dagbag.py:532} INFO - Filling up the DagBag from /home/varun/miniconda3/envs/python38/lib/python3.8/site-packages/airflow/example_dags/example_trigger_controller_dag.py
[2025-09-03T20:16:36.998+0200] {processor.py:753} INFO - DAG(s) dict_keys(['example_trigger_controller_dag']) retrieved from /home/varun/miniconda3/envs/python38/lib/python3.8/site-packages/airflow/example_dags/example_trigger_controller_dag.py
[2025-09-03T20:16:37.017+0200] {logging_mixin.py:137} INFO - [2025-09-03T20:16:37.017+0200] {dag.py:2705} INFO - Sync 1 DAGs
[2025-09-03T20:16:37.034+0200] {logging_mixin.py:137} INFO - [2025-09-03T20:16:37.034+0200] {dag.py:3452} INFO - Setting next_dagrun for example_trigger_controller_dag to 2021-01-01T00:00:00+00:00, run_after=2021-01-01T00:00:00+00:00
[2025-09-03T20:16:37.055+0200] {processor.py:175} INFO - Processing /home/varun/miniconda3/envs/python38/lib/python3.8/site-packages/airflow/example_dags/example_trigger_controller_dag.py took 0.073 seconds
[2025-09-03T20:17:21.559+0200] {processor.py:153} INFO - Started process (PID=4955) to work on /home/varun/miniconda3/envs/python38/lib/python3.8/site-packages/airflow/example_dags/example_trigger_controller_dag.py
[2025-09-03T20:17:21.560+0200] {processor.py:743} INFO - Processing file /home/varun/miniconda3/envs/python38/lib/python3.8/site-packages/airflow/example_dags/example_trigger_controller_dag.py for tasks to queue
[2025-09-03T20:17:21.561+0200] {logging_mixin.py:137} INFO - [2025-09-03T20:17:21.561+0200] {dagbag.py:532} INFO - Filling up the DagBag from /home/varun/miniconda3/envs/python38/lib/python3.8/site-packages/airflow/example_dags/example_trigger_controller_dag.py
[2025-09-03T20:17:21.573+0200] {processor.py:753} INFO - DAG(s) dict_keys(['example_trigger_controller_dag']) retrieved from /home/varun/miniconda3/envs/python38/lib/python3.8/site-packages/airflow/example_dags/example_trigger_controller_dag.py
[2025-09-03T20:17:21.593+0200] {logging_mixin.py:137} INFO - [2025-09-03T20:17:21.592+0200] {dag.py:2705} INFO - Sync 1 DAGs
[2025-09-03T20:17:21.612+0200] {logging_mixin.py:137} INFO - [2025-09-03T20:17:21.612+0200] {dag.py:3452} INFO - Setting next_dagrun for example_trigger_controller_dag to 2021-01-01T00:00:00+00:00, run_after=2021-01-01T00:00:00+00:00
[2025-09-03T20:17:21.644+0200] {processor.py:175} INFO - Processing /home/varun/miniconda3/envs/python38/lib/python3.8/site-packages/airflow/example_dags/example_trigger_controller_dag.py took 0.089 seconds
[2025-09-03T20:18:05.623+0200] {processor.py:153} INFO - Started process (PID=4997) to work on /home/varun/miniconda3/envs/python38/lib/python3.8/site-packages/airflow/example_dags/example_trigger_controller_dag.py
[2025-09-03T20:18:05.625+0200] {processor.py:743} INFO - Processing file /home/varun/miniconda3/envs/python38/lib/python3.8/site-packages/airflow/example_dags/example_trigger_controller_dag.py for tasks to queue
[2025-09-03T20:18:05.625+0200] {logging_mixin.py:137} INFO - [2025-09-03T20:18:05.625+0200] {dagbag.py:532} INFO - Filling up the DagBag from /home/varun/miniconda3/envs/python38/lib/python3.8/site-packages/airflow/example_dags/example_trigger_controller_dag.py
[2025-09-03T20:18:05.638+0200] {processor.py:753} INFO - DAG(s) dict_keys(['example_trigger_controller_dag']) retrieved from /home/varun/miniconda3/envs/python38/lib/python3.8/site-packages/airflow/example_dags/example_trigger_controller_dag.py
[2025-09-03T20:18:05.659+0200] {logging_mixin.py:137} INFO - [2025-09-03T20:18:05.659+0200] {dag.py:2705} INFO - Sync 1 DAGs
[2025-09-03T20:18:05.679+0200] {logging_mixin.py:137} INFO - [2025-09-03T20:18:05.679+0200] {dag.py:3452} INFO - Setting next_dagrun for example_trigger_controller_dag to 2021-01-01T00:00:00+00:00, run_after=2021-01-01T00:00:00+00:00
[2025-09-03T20:18:05.701+0200] {processor.py:175} INFO - Processing /home/varun/miniconda3/envs/python38/lib/python3.8/site-packages/airflow/example_dags/example_trigger_controller_dag.py took 0.083 seconds
[2025-09-03T20:18:54.956+0200] {processor.py:153} INFO - Started process (PID=5040) to work on /home/varun/miniconda3/envs/python38/lib/python3.8/site-packages/airflow/example_dags/example_trigger_controller_dag.py
[2025-09-03T20:18:54.958+0200] {processor.py:743} INFO - Processing file /home/varun/miniconda3/envs/python38/lib/python3.8/site-packages/airflow/example_dags/example_trigger_controller_dag.py for tasks to queue
[2025-09-03T20:18:54.958+0200] {logging_mixin.py:137} INFO - [2025-09-03T20:18:54.958+0200] {dagbag.py:532} INFO - Filling up the DagBag from /home/varun/miniconda3/envs/python38/lib/python3.8/site-packages/airflow/example_dags/example_trigger_controller_dag.py
[2025-09-03T20:18:54.968+0200] {processor.py:753} INFO - DAG(s) dict_keys(['example_trigger_controller_dag']) retrieved from /home/varun/miniconda3/envs/python38/lib/python3.8/site-packages/airflow/example_dags/example_trigger_controller_dag.py
[2025-09-03T20:18:54.986+0200] {logging_mixin.py:137} INFO - [2025-09-03T20:18:54.986+0200] {dag.py:2705} INFO - Sync 1 DAGs
[2025-09-03T20:18:55.004+0200] {logging_mixin.py:137} INFO - [2025-09-03T20:18:55.004+0200] {dag.py:3452} INFO - Setting next_dagrun for example_trigger_controller_dag to 2021-01-01T00:00:00+00:00, run_after=2021-01-01T00:00:00+00:00
[2025-09-03T20:18:55.027+0200] {processor.py:175} INFO - Processing /home/varun/miniconda3/envs/python38/lib/python3.8/site-packages/airflow/example_dags/example_trigger_controller_dag.py took 0.074 seconds
[2025-09-03T20:19:44.157+0200] {processor.py:153} INFO - Started process (PID=5082) to work on /home/varun/miniconda3/envs/python38/lib/python3.8/site-packages/airflow/example_dags/example_trigger_controller_dag.py
[2025-09-03T20:19:44.158+0200] {processor.py:743} INFO - Processing file /home/varun/miniconda3/envs/python38/lib/python3.8/site-packages/airflow/example_dags/example_trigger_controller_dag.py for tasks to queue
[2025-09-03T20:19:44.159+0200] {logging_mixin.py:137} INFO - [2025-09-03T20:19:44.159+0200] {dagbag.py:532} INFO - Filling up the DagBag from /home/varun/miniconda3/envs/python38/lib/python3.8/site-packages/airflow/example_dags/example_trigger_controller_dag.py
[2025-09-03T20:19:44.169+0200] {processor.py:753} INFO - DAG(s) dict_keys(['example_trigger_controller_dag']) retrieved from /home/varun/miniconda3/envs/python38/lib/python3.8/site-packages/airflow/example_dags/example_trigger_controller_dag.py
[2025-09-03T20:19:44.187+0200] {logging_mixin.py:137} INFO - [2025-09-03T20:19:44.187+0200] {dag.py:2705} INFO - Sync 1 DAGs
[2025-09-03T20:19:44.203+0200] {logging_mixin.py:137} INFO - [2025-09-03T20:19:44.203+0200] {dag.py:3452} INFO - Setting next_dagrun for example_trigger_controller_dag to 2021-01-01T00:00:00+00:00, run_after=2021-01-01T00:00:00+00:00
[2025-09-03T20:19:44.305+0200] {processor.py:175} INFO - Processing /home/varun/miniconda3/envs/python38/lib/python3.8/site-packages/airflow/example_dags/example_trigger_controller_dag.py took 0.152 seconds
[2025-09-03T20:20:34.189+0200] {processor.py:153} INFO - Started process (PID=5124) to work on /home/varun/miniconda3/envs/python38/lib/python3.8/site-packages/airflow/example_dags/example_trigger_controller_dag.py
[2025-09-03T20:20:34.191+0200] {processor.py:743} INFO - Processing file /home/varun/miniconda3/envs/python38/lib/python3.8/site-packages/airflow/example_dags/example_trigger_controller_dag.py for tasks to queue
[2025-09-03T20:20:34.192+0200] {logging_mixin.py:137} INFO - [2025-09-03T20:20:34.192+0200] {dagbag.py:532} INFO - Filling up the DagBag from /home/varun/miniconda3/envs/python38/lib/python3.8/site-packages/airflow/example_dags/example_trigger_controller_dag.py
[2025-09-03T20:20:34.202+0200] {processor.py:753} INFO - DAG(s) dict_keys(['example_trigger_controller_dag']) retrieved from /home/varun/miniconda3/envs/python38/lib/python3.8/site-packages/airflow/example_dags/example_trigger_controller_dag.py
[2025-09-03T20:20:34.226+0200] {logging_mixin.py:137} INFO - [2025-09-03T20:20:34.226+0200] {dag.py:2705} INFO - Sync 1 DAGs
[2025-09-03T20:20:34.399+0200] {logging_mixin.py:137} INFO - [2025-09-03T20:20:34.399+0200] {dag.py:3452} INFO - Setting next_dagrun for example_trigger_controller_dag to 2021-01-01T00:00:00+00:00, run_after=2021-01-01T00:00:00+00:00
[2025-09-03T20:20:34.427+0200] {processor.py:175} INFO - Processing /home/varun/miniconda3/envs/python38/lib/python3.8/site-packages/airflow/example_dags/example_trigger_controller_dag.py took 0.241 seconds
[2025-09-03T20:21:27.168+0200] {processor.py:153} INFO - Started process (PID=5166) to work on /home/varun/miniconda3/envs/python38/lib/python3.8/site-packages/airflow/example_dags/example_trigger_controller_dag.py
[2025-09-03T20:21:27.169+0200] {processor.py:743} INFO - Processing file /home/varun/miniconda3/envs/python38/lib/python3.8/site-packages/airflow/example_dags/example_trigger_controller_dag.py for tasks to queue
[2025-09-03T20:21:27.170+0200] {logging_mixin.py:137} INFO - [2025-09-03T20:21:27.170+0200] {dagbag.py:532} INFO - Filling up the DagBag from /home/varun/miniconda3/envs/python38/lib/python3.8/site-packages/airflow/example_dags/example_trigger_controller_dag.py
[2025-09-03T20:21:27.180+0200] {processor.py:753} INFO - DAG(s) dict_keys(['example_trigger_controller_dag']) retrieved from /home/varun/miniconda3/envs/python38/lib/python3.8/site-packages/airflow/example_dags/example_trigger_controller_dag.py
[2025-09-03T20:21:27.198+0200] {logging_mixin.py:137} INFO - [2025-09-03T20:21:27.198+0200] {dag.py:2705} INFO - Sync 1 DAGs
[2025-09-03T20:21:27.301+0200] {logging_mixin.py:137} INFO - [2025-09-03T20:21:27.301+0200] {dag.py:3452} INFO - Setting next_dagrun for example_trigger_controller_dag to 2021-01-01T00:00:00+00:00, run_after=2021-01-01T00:00:00+00:00
[2025-09-03T20:21:27.323+0200] {processor.py:175} INFO - Processing /home/varun/miniconda3/envs/python38/lib/python3.8/site-packages/airflow/example_dags/example_trigger_controller_dag.py took 0.158 seconds
[2025-09-03T20:22:17.609+0200] {processor.py:153} INFO - Started process (PID=5208) to work on /home/varun/miniconda3/envs/python38/lib/python3.8/site-packages/airflow/example_dags/example_trigger_controller_dag.py
[2025-09-03T20:22:17.611+0200] {processor.py:743} INFO - Processing file /home/varun/miniconda3/envs/python38/lib/python3.8/site-packages/airflow/example_dags/example_trigger_controller_dag.py for tasks to queue
[2025-09-03T20:22:17.611+0200] {logging_mixin.py:137} INFO - [2025-09-03T20:22:17.611+0200] {dagbag.py:532} INFO - Filling up the DagBag from /home/varun/miniconda3/envs/python38/lib/python3.8/site-packages/airflow/example_dags/example_trigger_controller_dag.py
[2025-09-03T20:22:17.622+0200] {processor.py:753} INFO - DAG(s) dict_keys(['example_trigger_controller_dag']) retrieved from /home/varun/miniconda3/envs/python38/lib/python3.8/site-packages/airflow/example_dags/example_trigger_controller_dag.py
[2025-09-03T20:22:17.726+0200] {logging_mixin.py:137} INFO - [2025-09-03T20:22:17.726+0200] {dag.py:2705} INFO - Sync 1 DAGs
[2025-09-03T20:22:17.739+0200] {logging_mixin.py:137} INFO - [2025-09-03T20:22:17.739+0200] {dag.py:3452} INFO - Setting next_dagrun for example_trigger_controller_dag to 2021-01-01T00:00:00+00:00, run_after=2021-01-01T00:00:00+00:00
[2025-09-03T20:22:17.758+0200] {processor.py:175} INFO - Processing /home/varun/miniconda3/envs/python38/lib/python3.8/site-packages/airflow/example_dags/example_trigger_controller_dag.py took 0.152 seconds
[2025-09-03T20:23:10.498+0200] {processor.py:153} INFO - Started process (PID=5250) to work on /home/varun/miniconda3/envs/python38/lib/python3.8/site-packages/airflow/example_dags/example_trigger_controller_dag.py
[2025-09-03T20:23:10.500+0200] {processor.py:743} INFO - Processing file /home/varun/miniconda3/envs/python38/lib/python3.8/site-packages/airflow/example_dags/example_trigger_controller_dag.py for tasks to queue
[2025-09-03T20:23:10.501+0200] {logging_mixin.py:137} INFO - [2025-09-03T20:23:10.500+0200] {dagbag.py:532} INFO - Filling up the DagBag from /home/varun/miniconda3/envs/python38/lib/python3.8/site-packages/airflow/example_dags/example_trigger_controller_dag.py
[2025-09-03T20:23:10.613+0200] {processor.py:753} INFO - DAG(s) dict_keys(['example_trigger_controller_dag']) retrieved from /home/varun/miniconda3/envs/python38/lib/python3.8/site-packages/airflow/example_dags/example_trigger_controller_dag.py
[2025-09-03T20:23:10.628+0200] {logging_mixin.py:137} INFO - [2025-09-03T20:23:10.628+0200] {dag.py:2705} INFO - Sync 1 DAGs
[2025-09-03T20:23:10.643+0200] {logging_mixin.py:137} INFO - [2025-09-03T20:23:10.643+0200] {dag.py:3452} INFO - Setting next_dagrun for example_trigger_controller_dag to 2021-01-01T00:00:00+00:00, run_after=2021-01-01T00:00:00+00:00
[2025-09-03T20:23:10.664+0200] {processor.py:175} INFO - Processing /home/varun/miniconda3/envs/python38/lib/python3.8/site-packages/airflow/example_dags/example_trigger_controller_dag.py took 0.169 seconds
[2025-09-03T20:23:56.748+0200] {processor.py:153} INFO - Started process (PID=5293) to work on /home/varun/miniconda3/envs/python38/lib/python3.8/site-packages/airflow/example_dags/example_trigger_controller_dag.py
[2025-09-03T20:23:56.750+0200] {processor.py:743} INFO - Processing file /home/varun/miniconda3/envs/python38/lib/python3.8/site-packages/airflow/example_dags/example_trigger_controller_dag.py for tasks to queue
[2025-09-03T20:23:56.751+0200] {logging_mixin.py:137} INFO - [2025-09-03T20:23:56.751+0200] {dagbag.py:532} INFO - Filling up the DagBag from /home/varun/miniconda3/envs/python38/lib/python3.8/site-packages/airflow/example_dags/example_trigger_controller_dag.py
[2025-09-03T20:23:56.763+0200] {processor.py:753} INFO - DAG(s) dict_keys(['example_trigger_controller_dag']) retrieved from /home/varun/miniconda3/envs/python38/lib/python3.8/site-packages/airflow/example_dags/example_trigger_controller_dag.py
[2025-09-03T20:23:56.782+0200] {logging_mixin.py:137} INFO - [2025-09-03T20:23:56.782+0200] {dag.py:2705} INFO - Sync 1 DAGs
[2025-09-03T20:23:56.799+0200] {logging_mixin.py:137} INFO - [2025-09-03T20:23:56.799+0200] {dag.py:3452} INFO - Setting next_dagrun for example_trigger_controller_dag to 2021-01-01T00:00:00+00:00, run_after=2021-01-01T00:00:00+00:00
[2025-09-03T20:23:56.819+0200] {processor.py:175} INFO - Processing /home/varun/miniconda3/envs/python38/lib/python3.8/site-packages/airflow/example_dags/example_trigger_controller_dag.py took 0.074 seconds
[2025-09-03T20:24:42.229+0200] {processor.py:153} INFO - Started process (PID=5335) to work on /home/varun/miniconda3/envs/python38/lib/python3.8/site-packages/airflow/example_dags/example_trigger_controller_dag.py
[2025-09-03T20:24:42.231+0200] {processor.py:743} INFO - Processing file /home/varun/miniconda3/envs/python38/lib/python3.8/site-packages/airflow/example_dags/example_trigger_controller_dag.py for tasks to queue
[2025-09-03T20:24:42.232+0200] {logging_mixin.py:137} INFO - [2025-09-03T20:24:42.232+0200] {dagbag.py:532} INFO - Filling up the DagBag from /home/varun/miniconda3/envs/python38/lib/python3.8/site-packages/airflow/example_dags/example_trigger_controller_dag.py
[2025-09-03T20:24:42.243+0200] {processor.py:753} INFO - DAG(s) dict_keys(['example_trigger_controller_dag']) retrieved from /home/varun/miniconda3/envs/python38/lib/python3.8/site-packages/airflow/example_dags/example_trigger_controller_dag.py
[2025-09-03T20:24:42.261+0200] {logging_mixin.py:137} INFO - [2025-09-03T20:24:42.260+0200] {dag.py:2705} INFO - Sync 1 DAGs
[2025-09-03T20:24:42.275+0200] {logging_mixin.py:137} INFO - [2025-09-03T20:24:42.275+0200] {dag.py:3452} INFO - Setting next_dagrun for example_trigger_controller_dag to 2021-01-01T00:00:00+00:00, run_after=2021-01-01T00:00:00+00:00
[2025-09-03T20:24:42.297+0200] {processor.py:175} INFO - Processing /home/varun/miniconda3/envs/python38/lib/python3.8/site-packages/airflow/example_dags/example_trigger_controller_dag.py took 0.071 seconds
[2025-09-03T20:25:29.114+0200] {processor.py:153} INFO - Started process (PID=5377) to work on /home/varun/miniconda3/envs/python38/lib/python3.8/site-packages/airflow/example_dags/example_trigger_controller_dag.py
[2025-09-03T20:25:29.116+0200] {processor.py:743} INFO - Processing file /home/varun/miniconda3/envs/python38/lib/python3.8/site-packages/airflow/example_dags/example_trigger_controller_dag.py for tasks to queue
[2025-09-03T20:25:29.117+0200] {logging_mixin.py:137} INFO - [2025-09-03T20:25:29.117+0200] {dagbag.py:532} INFO - Filling up the DagBag from /home/varun/miniconda3/envs/python38/lib/python3.8/site-packages/airflow/example_dags/example_trigger_controller_dag.py
[2025-09-03T20:25:29.134+0200] {processor.py:753} INFO - DAG(s) dict_keys(['example_trigger_controller_dag']) retrieved from /home/varun/miniconda3/envs/python38/lib/python3.8/site-packages/airflow/example_dags/example_trigger_controller_dag.py
[2025-09-03T20:25:29.157+0200] {logging_mixin.py:137} INFO - [2025-09-03T20:25:29.157+0200] {dag.py:2705} INFO - Sync 1 DAGs
[2025-09-03T20:25:29.180+0200] {logging_mixin.py:137} INFO - [2025-09-03T20:25:29.180+0200] {dag.py:3452} INFO - Setting next_dagrun for example_trigger_controller_dag to 2021-01-01T00:00:00+00:00, run_after=2021-01-01T00:00:00+00:00
[2025-09-03T20:25:29.212+0200] {processor.py:175} INFO - Processing /home/varun/miniconda3/envs/python38/lib/python3.8/site-packages/airflow/example_dags/example_trigger_controller_dag.py took 0.102 seconds
[2025-09-03T20:26:12.911+0200] {processor.py:153} INFO - Started process (PID=5419) to work on /home/varun/miniconda3/envs/python38/lib/python3.8/site-packages/airflow/example_dags/example_trigger_controller_dag.py
[2025-09-03T20:26:12.913+0200] {processor.py:743} INFO - Processing file /home/varun/miniconda3/envs/python38/lib/python3.8/site-packages/airflow/example_dags/example_trigger_controller_dag.py for tasks to queue
[2025-09-03T20:26:12.913+0200] {logging_mixin.py:137} INFO - [2025-09-03T20:26:12.913+0200] {dagbag.py:532} INFO - Filling up the DagBag from /home/varun/miniconda3/envs/python38/lib/python3.8/site-packages/airflow/example_dags/example_trigger_controller_dag.py
[2025-09-03T20:26:12.925+0200] {processor.py:753} INFO - DAG(s) dict_keys(['example_trigger_controller_dag']) retrieved from /home/varun/miniconda3/envs/python38/lib/python3.8/site-packages/airflow/example_dags/example_trigger_controller_dag.py
[2025-09-03T20:26:12.945+0200] {logging_mixin.py:137} INFO - [2025-09-03T20:26:12.945+0200] {dag.py:2705} INFO - Sync 1 DAGs
[2025-09-03T20:26:12.966+0200] {logging_mixin.py:137} INFO - [2025-09-03T20:26:12.965+0200] {dag.py:3452} INFO - Setting next_dagrun for example_trigger_controller_dag to 2021-01-01T00:00:00+00:00, run_after=2021-01-01T00:00:00+00:00
[2025-09-03T20:26:12.990+0200] {processor.py:175} INFO - Processing /home/varun/miniconda3/envs/python38/lib/python3.8/site-packages/airflow/example_dags/example_trigger_controller_dag.py took 0.081 seconds
[2025-09-03T20:27:00.059+0200] {processor.py:153} INFO - Started process (PID=5461) to work on /home/varun/miniconda3/envs/python38/lib/python3.8/site-packages/airflow/example_dags/example_trigger_controller_dag.py
[2025-09-03T20:27:00.061+0200] {processor.py:743} INFO - Processing file /home/varun/miniconda3/envs/python38/lib/python3.8/site-packages/airflow/example_dags/example_trigger_controller_dag.py for tasks to queue
[2025-09-03T20:27:00.062+0200] {logging_mixin.py:137} INFO - [2025-09-03T20:27:00.062+0200] {dagbag.py:532} INFO - Filling up the DagBag from /home/varun/miniconda3/envs/python38/lib/python3.8/site-packages/airflow/example_dags/example_trigger_controller_dag.py
[2025-09-03T20:27:00.073+0200] {processor.py:753} INFO - DAG(s) dict_keys(['example_trigger_controller_dag']) retrieved from /home/varun/miniconda3/envs/python38/lib/python3.8/site-packages/airflow/example_dags/example_trigger_controller_dag.py
[2025-09-03T20:27:00.090+0200] {logging_mixin.py:137} INFO - [2025-09-03T20:27:00.090+0200] {dag.py:2705} INFO - Sync 1 DAGs
[2025-09-03T20:27:00.105+0200] {logging_mixin.py:137} INFO - [2025-09-03T20:27:00.105+0200] {dag.py:3452} INFO - Setting next_dagrun for example_trigger_controller_dag to 2021-01-01T00:00:00+00:00, run_after=2021-01-01T00:00:00+00:00
[2025-09-03T20:27:00.126+0200] {processor.py:175} INFO - Processing /home/varun/miniconda3/envs/python38/lib/python3.8/site-packages/airflow/example_dags/example_trigger_controller_dag.py took 0.070 seconds
[2025-09-03T20:27:45.118+0200] {processor.py:153} INFO - Started process (PID=5503) to work on /home/varun/miniconda3/envs/python38/lib/python3.8/site-packages/airflow/example_dags/example_trigger_controller_dag.py
[2025-09-03T20:27:45.119+0200] {processor.py:743} INFO - Processing file /home/varun/miniconda3/envs/python38/lib/python3.8/site-packages/airflow/example_dags/example_trigger_controller_dag.py for tasks to queue
[2025-09-03T20:27:45.120+0200] {logging_mixin.py:137} INFO - [2025-09-03T20:27:45.120+0200] {dagbag.py:532} INFO - Filling up the DagBag from /home/varun/miniconda3/envs/python38/lib/python3.8/site-packages/airflow/example_dags/example_trigger_controller_dag.py
[2025-09-03T20:27:45.137+0200] {processor.py:753} INFO - DAG(s) dict_keys(['example_trigger_controller_dag']) retrieved from /home/varun/miniconda3/envs/python38/lib/python3.8/site-packages/airflow/example_dags/example_trigger_controller_dag.py
[2025-09-03T20:27:45.163+0200] {logging_mixin.py:137} INFO - [2025-09-03T20:27:45.162+0200] {dag.py:2705} INFO - Sync 1 DAGs
[2025-09-03T20:27:45.191+0200] {logging_mixin.py:137} INFO - [2025-09-03T20:27:45.191+0200] {dag.py:3452} INFO - Setting next_dagrun for example_trigger_controller_dag to 2021-01-01T00:00:00+00:00, run_after=2021-01-01T00:00:00+00:00
[2025-09-03T20:27:45.218+0200] {processor.py:175} INFO - Processing /home/varun/miniconda3/envs/python38/lib/python3.8/site-packages/airflow/example_dags/example_trigger_controller_dag.py took 0.105 seconds
[2025-09-03T20:28:34.536+0200] {processor.py:153} INFO - Started process (PID=5545) to work on /home/varun/miniconda3/envs/python38/lib/python3.8/site-packages/airflow/example_dags/example_trigger_controller_dag.py
[2025-09-03T20:28:34.537+0200] {processor.py:743} INFO - Processing file /home/varun/miniconda3/envs/python38/lib/python3.8/site-packages/airflow/example_dags/example_trigger_controller_dag.py for tasks to queue
[2025-09-03T20:28:34.538+0200] {logging_mixin.py:137} INFO - [2025-09-03T20:28:34.538+0200] {dagbag.py:532} INFO - Filling up the DagBag from /home/varun/miniconda3/envs/python38/lib/python3.8/site-packages/airflow/example_dags/example_trigger_controller_dag.py
[2025-09-03T20:28:34.553+0200] {processor.py:753} INFO - DAG(s) dict_keys(['example_trigger_controller_dag']) retrieved from /home/varun/miniconda3/envs/python38/lib/python3.8/site-packages/airflow/example_dags/example_trigger_controller_dag.py
[2025-09-03T20:28:34.579+0200] {logging_mixin.py:137} INFO - [2025-09-03T20:28:34.578+0200] {dag.py:2705} INFO - Sync 1 DAGs
[2025-09-03T20:28:34.597+0200] {logging_mixin.py:137} INFO - [2025-09-03T20:28:34.597+0200] {dag.py:3452} INFO - Setting next_dagrun for example_trigger_controller_dag to 2021-01-01T00:00:00+00:00, run_after=2021-01-01T00:00:00+00:00
[2025-09-03T20:28:34.620+0200] {processor.py:175} INFO - Processing /home/varun/miniconda3/envs/python38/lib/python3.8/site-packages/airflow/example_dags/example_trigger_controller_dag.py took 0.089 seconds
[2025-09-03T20:29:21.226+0200] {processor.py:153} INFO - Started process (PID=5588) to work on /home/varun/miniconda3/envs/python38/lib/python3.8/site-packages/airflow/example_dags/example_trigger_controller_dag.py
[2025-09-03T20:29:21.229+0200] {processor.py:743} INFO - Processing file /home/varun/miniconda3/envs/python38/lib/python3.8/site-packages/airflow/example_dags/example_trigger_controller_dag.py for tasks to queue
[2025-09-03T20:29:21.229+0200] {logging_mixin.py:137} INFO - [2025-09-03T20:29:21.229+0200] {dagbag.py:532} INFO - Filling up the DagBag from /home/varun/miniconda3/envs/python38/lib/python3.8/site-packages/airflow/example_dags/example_trigger_controller_dag.py
[2025-09-03T20:29:21.240+0200] {processor.py:753} INFO - DAG(s) dict_keys(['example_trigger_controller_dag']) retrieved from /home/varun/miniconda3/envs/python38/lib/python3.8/site-packages/airflow/example_dags/example_trigger_controller_dag.py
[2025-09-03T20:29:21.261+0200] {logging_mixin.py:137} INFO - [2025-09-03T20:29:21.261+0200] {dag.py:2705} INFO - Sync 1 DAGs
[2025-09-03T20:29:21.279+0200] {logging_mixin.py:137} INFO - [2025-09-03T20:29:21.279+0200] {dag.py:3452} INFO - Setting next_dagrun for example_trigger_controller_dag to 2021-01-01T00:00:00+00:00, run_after=2021-01-01T00:00:00+00:00
[2025-09-03T20:29:21.301+0200] {processor.py:175} INFO - Processing /home/varun/miniconda3/envs/python38/lib/python3.8/site-packages/airflow/example_dags/example_trigger_controller_dag.py took 0.079 seconds
[2025-09-03T20:30:06.991+0200] {processor.py:153} INFO - Started process (PID=5630) to work on /home/varun/miniconda3/envs/python38/lib/python3.8/site-packages/airflow/example_dags/example_trigger_controller_dag.py
[2025-09-03T20:30:06.993+0200] {processor.py:743} INFO - Processing file /home/varun/miniconda3/envs/python38/lib/python3.8/site-packages/airflow/example_dags/example_trigger_controller_dag.py for tasks to queue
[2025-09-03T20:30:06.993+0200] {logging_mixin.py:137} INFO - [2025-09-03T20:30:06.993+0200] {dagbag.py:532} INFO - Filling up the DagBag from /home/varun/miniconda3/envs/python38/lib/python3.8/site-packages/airflow/example_dags/example_trigger_controller_dag.py
[2025-09-03T20:30:07.004+0200] {processor.py:753} INFO - DAG(s) dict_keys(['example_trigger_controller_dag']) retrieved from /home/varun/miniconda3/envs/python38/lib/python3.8/site-packages/airflow/example_dags/example_trigger_controller_dag.py
[2025-09-03T20:30:07.023+0200] {logging_mixin.py:137} INFO - [2025-09-03T20:30:07.023+0200] {dag.py:2705} INFO - Sync 1 DAGs
[2025-09-03T20:30:07.041+0200] {logging_mixin.py:137} INFO - [2025-09-03T20:30:07.040+0200] {dag.py:3452} INFO - Setting next_dagrun for example_trigger_controller_dag to 2021-01-01T00:00:00+00:00, run_after=2021-01-01T00:00:00+00:00
[2025-09-03T20:30:07.061+0200] {processor.py:175} INFO - Processing /home/varun/miniconda3/envs/python38/lib/python3.8/site-packages/airflow/example_dags/example_trigger_controller_dag.py took 0.073 seconds
[2025-09-03T20:30:55.330+0200] {processor.py:153} INFO - Started process (PID=5672) to work on /home/varun/miniconda3/envs/python38/lib/python3.8/site-packages/airflow/example_dags/example_trigger_controller_dag.py
[2025-09-03T20:30:55.332+0200] {processor.py:743} INFO - Processing file /home/varun/miniconda3/envs/python38/lib/python3.8/site-packages/airflow/example_dags/example_trigger_controller_dag.py for tasks to queue
[2025-09-03T20:30:55.333+0200] {logging_mixin.py:137} INFO - [2025-09-03T20:30:55.333+0200] {dagbag.py:532} INFO - Filling up the DagBag from /home/varun/miniconda3/envs/python38/lib/python3.8/site-packages/airflow/example_dags/example_trigger_controller_dag.py
[2025-09-03T20:30:55.344+0200] {processor.py:753} INFO - DAG(s) dict_keys(['example_trigger_controller_dag']) retrieved from /home/varun/miniconda3/envs/python38/lib/python3.8/site-packages/airflow/example_dags/example_trigger_controller_dag.py
[2025-09-03T20:30:55.366+0200] {logging_mixin.py:137} INFO - [2025-09-03T20:30:55.366+0200] {dag.py:2705} INFO - Sync 1 DAGs
[2025-09-03T20:30:55.384+0200] {logging_mixin.py:137} INFO - [2025-09-03T20:30:55.383+0200] {dag.py:3452} INFO - Setting next_dagrun for example_trigger_controller_dag to 2021-01-01T00:00:00+00:00, run_after=2021-01-01T00:00:00+00:00
[2025-09-03T20:30:55.404+0200] {processor.py:175} INFO - Processing /home/varun/miniconda3/envs/python38/lib/python3.8/site-packages/airflow/example_dags/example_trigger_controller_dag.py took 0.077 seconds
[2025-09-03T20:31:38.936+0200] {processor.py:153} INFO - Started process (PID=5714) to work on /home/varun/miniconda3/envs/python38/lib/python3.8/site-packages/airflow/example_dags/example_trigger_controller_dag.py
[2025-09-03T20:31:38.938+0200] {processor.py:743} INFO - Processing file /home/varun/miniconda3/envs/python38/lib/python3.8/site-packages/airflow/example_dags/example_trigger_controller_dag.py for tasks to queue
[2025-09-03T20:31:38.938+0200] {logging_mixin.py:137} INFO - [2025-09-03T20:31:38.938+0200] {dagbag.py:532} INFO - Filling up the DagBag from /home/varun/miniconda3/envs/python38/lib/python3.8/site-packages/airflow/example_dags/example_trigger_controller_dag.py
[2025-09-03T20:31:38.949+0200] {processor.py:753} INFO - DAG(s) dict_keys(['example_trigger_controller_dag']) retrieved from /home/varun/miniconda3/envs/python38/lib/python3.8/site-packages/airflow/example_dags/example_trigger_controller_dag.py
[2025-09-03T20:31:38.969+0200] {logging_mixin.py:137} INFO - [2025-09-03T20:31:38.969+0200] {dag.py:2705} INFO - Sync 1 DAGs
[2025-09-03T20:31:38.988+0200] {logging_mixin.py:137} INFO - [2025-09-03T20:31:38.988+0200] {dag.py:3452} INFO - Setting next_dagrun for example_trigger_controller_dag to 2021-01-01T00:00:00+00:00, run_after=2021-01-01T00:00:00+00:00
[2025-09-03T20:31:39.012+0200] {processor.py:175} INFO - Processing /home/varun/miniconda3/envs/python38/lib/python3.8/site-packages/airflow/example_dags/example_trigger_controller_dag.py took 0.078 seconds
[2025-09-03T20:32:23.611+0200] {processor.py:153} INFO - Started process (PID=5756) to work on /home/varun/miniconda3/envs/python38/lib/python3.8/site-packages/airflow/example_dags/example_trigger_controller_dag.py
[2025-09-03T20:32:23.613+0200] {processor.py:743} INFO - Processing file /home/varun/miniconda3/envs/python38/lib/python3.8/site-packages/airflow/example_dags/example_trigger_controller_dag.py for tasks to queue
[2025-09-03T20:32:23.614+0200] {logging_mixin.py:137} INFO - [2025-09-03T20:32:23.614+0200] {dagbag.py:532} INFO - Filling up the DagBag from /home/varun/miniconda3/envs/python38/lib/python3.8/site-packages/airflow/example_dags/example_trigger_controller_dag.py
[2025-09-03T20:32:23.628+0200] {processor.py:753} INFO - DAG(s) dict_keys(['example_trigger_controller_dag']) retrieved from /home/varun/miniconda3/envs/python38/lib/python3.8/site-packages/airflow/example_dags/example_trigger_controller_dag.py
[2025-09-03T20:32:23.651+0200] {logging_mixin.py:137} INFO - [2025-09-03T20:32:23.651+0200] {dag.py:2705} INFO - Sync 1 DAGs
[2025-09-03T20:32:23.670+0200] {logging_mixin.py:137} INFO - [2025-09-03T20:32:23.670+0200] {dag.py:3452} INFO - Setting next_dagrun for example_trigger_controller_dag to 2021-01-01T00:00:00+00:00, run_after=2021-01-01T00:00:00+00:00
[2025-09-03T20:32:23.693+0200] {processor.py:175} INFO - Processing /home/varun/miniconda3/envs/python38/lib/python3.8/site-packages/airflow/example_dags/example_trigger_controller_dag.py took 0.086 seconds
[2025-09-03T20:33:09.907+0200] {processor.py:153} INFO - Started process (PID=5798) to work on /home/varun/miniconda3/envs/python38/lib/python3.8/site-packages/airflow/example_dags/example_trigger_controller_dag.py
[2025-09-03T20:33:09.908+0200] {processor.py:743} INFO - Processing file /home/varun/miniconda3/envs/python38/lib/python3.8/site-packages/airflow/example_dags/example_trigger_controller_dag.py for tasks to queue
[2025-09-03T20:33:09.909+0200] {logging_mixin.py:137} INFO - [2025-09-03T20:33:09.909+0200] {dagbag.py:532} INFO - Filling up the DagBag from /home/varun/miniconda3/envs/python38/lib/python3.8/site-packages/airflow/example_dags/example_trigger_controller_dag.py
[2025-09-03T20:33:09.919+0200] {processor.py:753} INFO - DAG(s) dict_keys(['example_trigger_controller_dag']) retrieved from /home/varun/miniconda3/envs/python38/lib/python3.8/site-packages/airflow/example_dags/example_trigger_controller_dag.py
[2025-09-03T20:33:09.937+0200] {logging_mixin.py:137} INFO - [2025-09-03T20:33:09.937+0200] {dag.py:2705} INFO - Sync 1 DAGs
[2025-09-03T20:33:09.956+0200] {logging_mixin.py:137} INFO - [2025-09-03T20:33:09.956+0200] {dag.py:3452} INFO - Setting next_dagrun for example_trigger_controller_dag to 2021-01-01T00:00:00+00:00, run_after=2021-01-01T00:00:00+00:00
[2025-09-03T20:33:09.982+0200] {processor.py:175} INFO - Processing /home/varun/miniconda3/envs/python38/lib/python3.8/site-packages/airflow/example_dags/example_trigger_controller_dag.py took 0.078 seconds
[2025-09-03T20:33:58.926+0200] {processor.py:153} INFO - Started process (PID=5840) to work on /home/varun/miniconda3/envs/python38/lib/python3.8/site-packages/airflow/example_dags/example_trigger_controller_dag.py
[2025-09-03T20:33:58.927+0200] {processor.py:743} INFO - Processing file /home/varun/miniconda3/envs/python38/lib/python3.8/site-packages/airflow/example_dags/example_trigger_controller_dag.py for tasks to queue
[2025-09-03T20:33:58.928+0200] {logging_mixin.py:137} INFO - [2025-09-03T20:33:58.928+0200] {dagbag.py:532} INFO - Filling up the DagBag from /home/varun/miniconda3/envs/python38/lib/python3.8/site-packages/airflow/example_dags/example_trigger_controller_dag.py
[2025-09-03T20:33:58.940+0200] {processor.py:753} INFO - DAG(s) dict_keys(['example_trigger_controller_dag']) retrieved from /home/varun/miniconda3/envs/python38/lib/python3.8/site-packages/airflow/example_dags/example_trigger_controller_dag.py
[2025-09-03T20:33:58.963+0200] {logging_mixin.py:137} INFO - [2025-09-03T20:33:58.962+0200] {dag.py:2705} INFO - Sync 1 DAGs
[2025-09-03T20:33:58.979+0200] {logging_mixin.py:137} INFO - [2025-09-03T20:33:58.979+0200] {dag.py:3452} INFO - Setting next_dagrun for example_trigger_controller_dag to 2021-01-01T00:00:00+00:00, run_after=2021-01-01T00:00:00+00:00
[2025-09-03T20:33:58.999+0200] {processor.py:175} INFO - Processing /home/varun/miniconda3/envs/python38/lib/python3.8/site-packages/airflow/example_dags/example_trigger_controller_dag.py took 0.077 seconds
[2025-09-03T20:34:42.869+0200] {processor.py:153} INFO - Started process (PID=5882) to work on /home/varun/miniconda3/envs/python38/lib/python3.8/site-packages/airflow/example_dags/example_trigger_controller_dag.py
[2025-09-03T20:34:42.870+0200] {processor.py:743} INFO - Processing file /home/varun/miniconda3/envs/python38/lib/python3.8/site-packages/airflow/example_dags/example_trigger_controller_dag.py for tasks to queue
[2025-09-03T20:34:42.871+0200] {logging_mixin.py:137} INFO - [2025-09-03T20:34:42.871+0200] {dagbag.py:532} INFO - Filling up the DagBag from /home/varun/miniconda3/envs/python38/lib/python3.8/site-packages/airflow/example_dags/example_trigger_controller_dag.py
[2025-09-03T20:34:42.882+0200] {processor.py:753} INFO - DAG(s) dict_keys(['example_trigger_controller_dag']) retrieved from /home/varun/miniconda3/envs/python38/lib/python3.8/site-packages/airflow/example_dags/example_trigger_controller_dag.py
[2025-09-03T20:34:42.902+0200] {logging_mixin.py:137} INFO - [2025-09-03T20:34:42.902+0200] {dag.py:2705} INFO - Sync 1 DAGs
[2025-09-03T20:34:42.921+0200] {logging_mixin.py:137} INFO - [2025-09-03T20:34:42.921+0200] {dag.py:3452} INFO - Setting next_dagrun for example_trigger_controller_dag to 2021-01-01T00:00:00+00:00, run_after=2021-01-01T00:00:00+00:00
[2025-09-03T20:34:42.945+0200] {processor.py:175} INFO - Processing /home/varun/miniconda3/envs/python38/lib/python3.8/site-packages/airflow/example_dags/example_trigger_controller_dag.py took 0.080 seconds
[2025-09-03T20:35:28.225+0200] {processor.py:153} INFO - Started process (PID=5925) to work on /home/varun/miniconda3/envs/python38/lib/python3.8/site-packages/airflow/example_dags/example_trigger_controller_dag.py
[2025-09-03T20:35:28.226+0200] {processor.py:743} INFO - Processing file /home/varun/miniconda3/envs/python38/lib/python3.8/site-packages/airflow/example_dags/example_trigger_controller_dag.py for tasks to queue
[2025-09-03T20:35:28.227+0200] {logging_mixin.py:137} INFO - [2025-09-03T20:35:28.227+0200] {dagbag.py:532} INFO - Filling up the DagBag from /home/varun/miniconda3/envs/python38/lib/python3.8/site-packages/airflow/example_dags/example_trigger_controller_dag.py
[2025-09-03T20:35:28.236+0200] {processor.py:753} INFO - DAG(s) dict_keys(['example_trigger_controller_dag']) retrieved from /home/varun/miniconda3/envs/python38/lib/python3.8/site-packages/airflow/example_dags/example_trigger_controller_dag.py
[2025-09-03T20:35:28.253+0200] {logging_mixin.py:137} INFO - [2025-09-03T20:35:28.253+0200] {dag.py:2705} INFO - Sync 1 DAGs
[2025-09-03T20:35:28.269+0200] {logging_mixin.py:137} INFO - [2025-09-03T20:35:28.269+0200] {dag.py:3452} INFO - Setting next_dagrun for example_trigger_controller_dag to 2021-01-01T00:00:00+00:00, run_after=2021-01-01T00:00:00+00:00
[2025-09-03T20:35:28.294+0200] {processor.py:175} INFO - Processing /home/varun/miniconda3/envs/python38/lib/python3.8/site-packages/airflow/example_dags/example_trigger_controller_dag.py took 0.073 seconds
[2025-09-03T20:36:16.332+0200] {processor.py:153} INFO - Started process (PID=5967) to work on /home/varun/miniconda3/envs/python38/lib/python3.8/site-packages/airflow/example_dags/example_trigger_controller_dag.py
[2025-09-03T20:36:16.334+0200] {processor.py:743} INFO - Processing file /home/varun/miniconda3/envs/python38/lib/python3.8/site-packages/airflow/example_dags/example_trigger_controller_dag.py for tasks to queue
[2025-09-03T20:36:16.335+0200] {logging_mixin.py:137} INFO - [2025-09-03T20:36:16.335+0200] {dagbag.py:532} INFO - Filling up the DagBag from /home/varun/miniconda3/envs/python38/lib/python3.8/site-packages/airflow/example_dags/example_trigger_controller_dag.py
[2025-09-03T20:36:16.347+0200] {processor.py:753} INFO - DAG(s) dict_keys(['example_trigger_controller_dag']) retrieved from /home/varun/miniconda3/envs/python38/lib/python3.8/site-packages/airflow/example_dags/example_trigger_controller_dag.py
[2025-09-03T20:36:16.370+0200] {logging_mixin.py:137} INFO - [2025-09-03T20:36:16.369+0200] {dag.py:2705} INFO - Sync 1 DAGs
[2025-09-03T20:36:16.396+0200] {logging_mixin.py:137} INFO - [2025-09-03T20:36:16.396+0200] {dag.py:3452} INFO - Setting next_dagrun for example_trigger_controller_dag to 2021-01-01T00:00:00+00:00, run_after=2021-01-01T00:00:00+00:00
[2025-09-03T20:36:16.425+0200] {processor.py:175} INFO - Processing /home/varun/miniconda3/envs/python38/lib/python3.8/site-packages/airflow/example_dags/example_trigger_controller_dag.py took 0.098 seconds
