[2025-09-03T19:42:59.780+0200] {processor.py:153} INFO - Started process (PID=3119) to work on /home/varun/miniconda3/envs/python38/lib/python3.8/site-packages/airflow/example_dags/example_bash_operator.py
[2025-09-03T19:42:59.781+0200] {processor.py:743} INFO - Processing file /home/varun/miniconda3/envs/python38/lib/python3.8/site-packages/airflow/example_dags/example_bash_operator.py for tasks to queue
[2025-09-03T19:42:59.781+0200] {logging_mixin.py:137} INFO - [2025-09-03T19:42:59.781+0200] {dagbag.py:532} INFO - Filling up the DagBag from /home/varun/miniconda3/envs/python38/lib/python3.8/site-packages/airflow/example_dags/example_bash_operator.py
[2025-09-03T19:42:59.802+0200] {processor.py:753} INFO - DAG(s) dict_keys(['example_bash_operator']) retrieved from /home/varun/miniconda3/envs/python38/lib/python3.8/site-packages/airflow/example_dags/example_bash_operator.py
[2025-09-03T19:42:59.898+0200] {logging_mixin.py:137} INFO - [2025-09-03T19:42:59.898+0200] {manager.py:504} INFO - Created Permission View: can edit on DAG:example_bash_operator
[2025-09-03T19:42:59.909+0200] {logging_mixin.py:137} INFO - [2025-09-03T19:42:59.909+0200] {manager.py:504} INFO - Created Permission View: can delete on DAG:example_bash_operator
[2025-09-03T19:42:59.919+0200] {logging_mixin.py:137} INFO - [2025-09-03T19:42:59.919+0200] {manager.py:504} INFO - Created Permission View: can read on DAG:example_bash_operator
[2025-09-03T19:42:59.919+0200] {logging_mixin.py:137} INFO - [2025-09-03T19:42:59.919+0200] {dag.py:2705} INFO - Sync 1 DAGs
[2025-09-03T19:42:59.927+0200] {logging_mixin.py:137} INFO - [2025-09-03T19:42:59.927+0200] {dag.py:2726} INFO - Creating ORM DAG for example_bash_operator
[2025-09-03T19:42:59.937+0200] {logging_mixin.py:137} INFO - [2025-09-03T19:42:59.937+0200] {dag.py:3452} INFO - Setting next_dagrun for example_bash_operator to 2025-09-02T00:00:00+00:00, run_after=2025-09-03T00:00:00+00:00
[2025-09-03T19:42:59.958+0200] {processor.py:175} INFO - Processing /home/varun/miniconda3/envs/python38/lib/python3.8/site-packages/airflow/example_dags/example_bash_operator.py took 0.182 seconds
[2025-09-03T19:43:49.411+0200] {processor.py:153} INFO - Started process (PID=3161) to work on /home/varun/miniconda3/envs/python38/lib/python3.8/site-packages/airflow/example_dags/example_bash_operator.py
[2025-09-03T19:43:49.413+0200] {processor.py:743} INFO - Processing file /home/varun/miniconda3/envs/python38/lib/python3.8/site-packages/airflow/example_dags/example_bash_operator.py for tasks to queue
[2025-09-03T19:43:49.415+0200] {logging_mixin.py:137} INFO - [2025-09-03T19:43:49.414+0200] {dagbag.py:532} INFO - Filling up the DagBag from /home/varun/miniconda3/envs/python38/lib/python3.8/site-packages/airflow/example_dags/example_bash_operator.py
[2025-09-03T19:43:49.448+0200] {processor.py:753} INFO - DAG(s) dict_keys(['example_bash_operator']) retrieved from /home/varun/miniconda3/envs/python38/lib/python3.8/site-packages/airflow/example_dags/example_bash_operator.py
[2025-09-03T19:43:49.487+0200] {logging_mixin.py:137} INFO - [2025-09-03T19:43:49.486+0200] {dag.py:2705} INFO - Sync 1 DAGs
[2025-09-03T19:43:49.521+0200] {logging_mixin.py:137} INFO - [2025-09-03T19:43:49.521+0200] {dag.py:3452} INFO - Setting next_dagrun for example_bash_operator to 2025-09-02T00:00:00+00:00, run_after=2025-09-03T00:00:00+00:00
[2025-09-03T19:43:49.554+0200] {processor.py:175} INFO - Processing /home/varun/miniconda3/envs/python38/lib/python3.8/site-packages/airflow/example_dags/example_bash_operator.py took 0.148 seconds
[2025-09-03T19:44:35.923+0200] {processor.py:153} INFO - Started process (PID=3203) to work on /home/varun/miniconda3/envs/python38/lib/python3.8/site-packages/airflow/example_dags/example_bash_operator.py
[2025-09-03T19:44:35.924+0200] {processor.py:743} INFO - Processing file /home/varun/miniconda3/envs/python38/lib/python3.8/site-packages/airflow/example_dags/example_bash_operator.py for tasks to queue
[2025-09-03T19:44:35.925+0200] {logging_mixin.py:137} INFO - [2025-09-03T19:44:35.925+0200] {dagbag.py:532} INFO - Filling up the DagBag from /home/varun/miniconda3/envs/python38/lib/python3.8/site-packages/airflow/example_dags/example_bash_operator.py
[2025-09-03T19:44:35.947+0200] {processor.py:753} INFO - DAG(s) dict_keys(['example_bash_operator']) retrieved from /home/varun/miniconda3/envs/python38/lib/python3.8/site-packages/airflow/example_dags/example_bash_operator.py
[2025-09-03T19:44:35.977+0200] {logging_mixin.py:137} INFO - [2025-09-03T19:44:35.977+0200] {dag.py:2705} INFO - Sync 1 DAGs
[2025-09-03T19:44:35.995+0200] {logging_mixin.py:137} INFO - [2025-09-03T19:44:35.995+0200] {dag.py:3452} INFO - Setting next_dagrun for example_bash_operator to 2025-09-02T00:00:00+00:00, run_after=2025-09-03T00:00:00+00:00
[2025-09-03T19:44:36.022+0200] {processor.py:175} INFO - Processing /home/varun/miniconda3/envs/python38/lib/python3.8/site-packages/airflow/example_dags/example_bash_operator.py took 0.103 seconds
[2025-09-03T19:45:24.331+0200] {processor.py:153} INFO - Started process (PID=3246) to work on /home/varun/miniconda3/envs/python38/lib/python3.8/site-packages/airflow/example_dags/example_bash_operator.py
[2025-09-03T19:45:24.332+0200] {processor.py:743} INFO - Processing file /home/varun/miniconda3/envs/python38/lib/python3.8/site-packages/airflow/example_dags/example_bash_operator.py for tasks to queue
[2025-09-03T19:45:24.333+0200] {logging_mixin.py:137} INFO - [2025-09-03T19:45:24.333+0200] {dagbag.py:532} INFO - Filling up the DagBag from /home/varun/miniconda3/envs/python38/lib/python3.8/site-packages/airflow/example_dags/example_bash_operator.py
[2025-09-03T19:45:27.936+0200] {processor.py:753} INFO - DAG(s) dict_keys(['example_bash_operator']) retrieved from /home/varun/miniconda3/envs/python38/lib/python3.8/site-packages/airflow/example_dags/example_bash_operator.py
[2025-09-03T19:45:27.964+0200] {logging_mixin.py:137} INFO - [2025-09-03T19:45:27.964+0200] {dag.py:2705} INFO - Sync 1 DAGs
[2025-09-03T19:45:27.981+0200] {logging_mixin.py:137} INFO - [2025-09-03T19:45:27.981+0200] {dag.py:3452} INFO - Setting next_dagrun for example_bash_operator to 2025-09-02T00:00:00+00:00, run_after=2025-09-03T00:00:00+00:00
[2025-09-03T19:45:28.015+0200] {processor.py:175} INFO - Processing /home/varun/miniconda3/envs/python38/lib/python3.8/site-packages/airflow/example_dags/example_bash_operator.py took 0.104 seconds
[2025-09-03T19:46:11.802+0200] {processor.py:153} INFO - Started process (PID=3316) to work on /home/varun/miniconda3/envs/python38/lib/python3.8/site-packages/airflow/example_dags/example_bash_operator.py
[2025-09-03T19:46:11.803+0200] {processor.py:743} INFO - Processing file /home/varun/miniconda3/envs/python38/lib/python3.8/site-packages/airflow/example_dags/example_bash_operator.py for tasks to queue
[2025-09-03T19:46:11.805+0200] {logging_mixin.py:137} INFO - [2025-09-03T19:46:11.805+0200] {dagbag.py:532} INFO - Filling up the DagBag from /home/varun/miniconda3/envs/python38/lib/python3.8/site-packages/airflow/example_dags/example_bash_operator.py
[2025-09-03T19:46:11.832+0200] {processor.py:753} INFO - DAG(s) dict_keys(['example_bash_operator']) retrieved from /home/varun/miniconda3/envs/python38/lib/python3.8/site-packages/airflow/example_dags/example_bash_operator.py
[2025-09-03T19:46:11.875+0200] {logging_mixin.py:137} INFO - [2025-09-03T19:46:11.875+0200] {dag.py:2705} INFO - Sync 1 DAGs
[2025-09-03T19:46:11.904+0200] {logging_mixin.py:137} INFO - [2025-09-03T19:46:11.904+0200] {dag.py:3452} INFO - Setting next_dagrun for example_bash_operator to 2025-09-02T00:00:00+00:00, run_after=2025-09-03T00:00:00+00:00
[2025-09-03T19:46:11.962+0200] {processor.py:175} INFO - Processing /home/varun/miniconda3/envs/python38/lib/python3.8/site-packages/airflow/example_dags/example_bash_operator.py took 0.164 seconds
[2025-09-03T19:46:57.028+0200] {processor.py:153} INFO - Started process (PID=3364) to work on /home/varun/miniconda3/envs/python38/lib/python3.8/site-packages/airflow/example_dags/example_bash_operator.py
[2025-09-03T19:46:57.030+0200] {processor.py:743} INFO - Processing file /home/varun/miniconda3/envs/python38/lib/python3.8/site-packages/airflow/example_dags/example_bash_operator.py for tasks to queue
[2025-09-03T19:46:57.030+0200] {logging_mixin.py:137} INFO - [2025-09-03T19:46:57.030+0200] {dagbag.py:532} INFO - Filling up the DagBag from /home/varun/miniconda3/envs/python38/lib/python3.8/site-packages/airflow/example_dags/example_bash_operator.py
[2025-09-03T19:46:57.053+0200] {processor.py:753} INFO - DAG(s) dict_keys(['example_bash_operator']) retrieved from /home/varun/miniconda3/envs/python38/lib/python3.8/site-packages/airflow/example_dags/example_bash_operator.py
[2025-09-03T19:46:57.085+0200] {logging_mixin.py:137} INFO - [2025-09-03T19:46:57.085+0200] {dag.py:2705} INFO - Sync 1 DAGs
[2025-09-03T19:46:57.115+0200] {logging_mixin.py:137} INFO - [2025-09-03T19:46:57.115+0200] {dag.py:3452} INFO - Setting next_dagrun for example_bash_operator to 2025-09-02T00:00:00+00:00, run_after=2025-09-03T00:00:00+00:00
[2025-09-03T19:46:57.146+0200] {processor.py:175} INFO - Processing /home/varun/miniconda3/envs/python38/lib/python3.8/site-packages/airflow/example_dags/example_bash_operator.py took 0.121 seconds
[2025-09-03T19:47:43.304+0200] {processor.py:153} INFO - Started process (PID=3414) to work on /home/varun/miniconda3/envs/python38/lib/python3.8/site-packages/airflow/example_dags/example_bash_operator.py
[2025-09-03T19:47:43.306+0200] {processor.py:743} INFO - Processing file /home/varun/miniconda3/envs/python38/lib/python3.8/site-packages/airflow/example_dags/example_bash_operator.py for tasks to queue
[2025-09-03T19:47:43.306+0200] {logging_mixin.py:137} INFO - [2025-09-03T19:47:43.306+0200] {dagbag.py:532} INFO - Filling up the DagBag from /home/varun/miniconda3/envs/python38/lib/python3.8/site-packages/airflow/example_dags/example_bash_operator.py
[2025-09-03T19:47:43.326+0200] {processor.py:753} INFO - DAG(s) dict_keys(['example_bash_operator']) retrieved from /home/varun/miniconda3/envs/python38/lib/python3.8/site-packages/airflow/example_dags/example_bash_operator.py
[2025-09-03T19:47:43.353+0200] {logging_mixin.py:137} INFO - [2025-09-03T19:47:43.352+0200] {dag.py:2705} INFO - Sync 1 DAGs
[2025-09-03T19:47:43.371+0200] {logging_mixin.py:137} INFO - [2025-09-03T19:47:43.371+0200] {dag.py:3452} INFO - Setting next_dagrun for example_bash_operator to 2025-09-02T00:00:00+00:00, run_after=2025-09-03T00:00:00+00:00
[2025-09-03T19:47:43.396+0200] {processor.py:175} INFO - Processing /home/varun/miniconda3/envs/python38/lib/python3.8/site-packages/airflow/example_dags/example_bash_operator.py took 0.094 seconds
[2025-09-03T19:48:33.147+0200] {processor.py:153} INFO - Started process (PID=3456) to work on /home/varun/miniconda3/envs/python38/lib/python3.8/site-packages/airflow/example_dags/example_bash_operator.py
[2025-09-03T19:48:33.150+0200] {processor.py:743} INFO - Processing file /home/varun/miniconda3/envs/python38/lib/python3.8/site-packages/airflow/example_dags/example_bash_operator.py for tasks to queue
[2025-09-03T19:48:33.151+0200] {logging_mixin.py:137} INFO - [2025-09-03T19:48:33.151+0200] {dagbag.py:532} INFO - Filling up the DagBag from /home/varun/miniconda3/envs/python38/lib/python3.8/site-packages/airflow/example_dags/example_bash_operator.py
[2025-09-03T19:48:33.192+0200] {processor.py:753} INFO - DAG(s) dict_keys(['example_bash_operator']) retrieved from /home/varun/miniconda3/envs/python38/lib/python3.8/site-packages/airflow/example_dags/example_bash_operator.py
[2025-09-03T19:48:33.230+0200] {logging_mixin.py:137} INFO - [2025-09-03T19:48:33.229+0200] {dag.py:2705} INFO - Sync 1 DAGs
[2025-09-03T19:48:33.261+0200] {logging_mixin.py:137} INFO - [2025-09-03T19:48:33.261+0200] {dag.py:3452} INFO - Setting next_dagrun for example_bash_operator to 2025-09-02T00:00:00+00:00, run_after=2025-09-03T00:00:00+00:00
[2025-09-03T19:48:33.292+0200] {processor.py:175} INFO - Processing /home/varun/miniconda3/envs/python38/lib/python3.8/site-packages/airflow/example_dags/example_bash_operator.py took 0.151 seconds
[2025-09-03T19:49:22.231+0200] {processor.py:153} INFO - Started process (PID=3498) to work on /home/varun/miniconda3/envs/python38/lib/python3.8/site-packages/airflow/example_dags/example_bash_operator.py
[2025-09-03T19:49:22.233+0200] {processor.py:743} INFO - Processing file /home/varun/miniconda3/envs/python38/lib/python3.8/site-packages/airflow/example_dags/example_bash_operator.py for tasks to queue
[2025-09-03T19:49:22.234+0200] {logging_mixin.py:137} INFO - [2025-09-03T19:49:22.234+0200] {dagbag.py:532} INFO - Filling up the DagBag from /home/varun/miniconda3/envs/python38/lib/python3.8/site-packages/airflow/example_dags/example_bash_operator.py
[2025-09-03T19:49:22.255+0200] {processor.py:753} INFO - DAG(s) dict_keys(['example_bash_operator']) retrieved from /home/varun/miniconda3/envs/python38/lib/python3.8/site-packages/airflow/example_dags/example_bash_operator.py
[2025-09-03T19:49:22.280+0200] {logging_mixin.py:137} INFO - [2025-09-03T19:49:22.280+0200] {dag.py:2705} INFO - Sync 1 DAGs
[2025-09-03T19:49:22.300+0200] {logging_mixin.py:137} INFO - [2025-09-03T19:49:22.300+0200] {dag.py:3452} INFO - Setting next_dagrun for example_bash_operator to 2025-09-02T00:00:00+00:00, run_after=2025-09-03T00:00:00+00:00
[2025-09-03T19:49:22.325+0200] {processor.py:175} INFO - Processing /home/varun/miniconda3/envs/python38/lib/python3.8/site-packages/airflow/example_dags/example_bash_operator.py took 0.097 seconds
[2025-09-03T19:50:08.691+0200] {processor.py:153} INFO - Started process (PID=3549) to work on /home/varun/miniconda3/envs/python38/lib/python3.8/site-packages/airflow/example_dags/example_bash_operator.py
[2025-09-03T19:50:08.693+0200] {processor.py:743} INFO - Processing file /home/varun/miniconda3/envs/python38/lib/python3.8/site-packages/airflow/example_dags/example_bash_operator.py for tasks to queue
[2025-09-03T19:50:08.693+0200] {logging_mixin.py:137} INFO - [2025-09-03T19:50:08.693+0200] {dagbag.py:532} INFO - Filling up the DagBag from /home/varun/miniconda3/envs/python38/lib/python3.8/site-packages/airflow/example_dags/example_bash_operator.py
[2025-09-03T19:50:08.717+0200] {processor.py:753} INFO - DAG(s) dict_keys(['example_bash_operator']) retrieved from /home/varun/miniconda3/envs/python38/lib/python3.8/site-packages/airflow/example_dags/example_bash_operator.py
[2025-09-03T19:50:08.746+0200] {logging_mixin.py:137} INFO - [2025-09-03T19:50:08.746+0200] {dag.py:2705} INFO - Sync 1 DAGs
[2025-09-03T19:50:08.763+0200] {logging_mixin.py:137} INFO - [2025-09-03T19:50:08.763+0200] {dag.py:3452} INFO - Setting next_dagrun for example_bash_operator to 2025-09-02T00:00:00+00:00, run_after=2025-09-03T00:00:00+00:00
[2025-09-03T19:50:08.785+0200] {processor.py:175} INFO - Processing /home/varun/miniconda3/envs/python38/lib/python3.8/site-packages/airflow/example_dags/example_bash_operator.py took 0.097 seconds
[2025-09-03T19:50:58.453+0200] {processor.py:153} INFO - Started process (PID=3595) to work on /home/varun/miniconda3/envs/python38/lib/python3.8/site-packages/airflow/example_dags/example_bash_operator.py
[2025-09-03T19:50:58.454+0200] {processor.py:743} INFO - Processing file /home/varun/miniconda3/envs/python38/lib/python3.8/site-packages/airflow/example_dags/example_bash_operator.py for tasks to queue
[2025-09-03T19:50:58.455+0200] {logging_mixin.py:137} INFO - [2025-09-03T19:50:58.455+0200] {dagbag.py:532} INFO - Filling up the DagBag from /home/varun/miniconda3/envs/python38/lib/python3.8/site-packages/airflow/example_dags/example_bash_operator.py
[2025-09-03T19:50:58.473+0200] {processor.py:753} INFO - DAG(s) dict_keys(['example_bash_operator']) retrieved from /home/varun/miniconda3/envs/python38/lib/python3.8/site-packages/airflow/example_dags/example_bash_operator.py
[2025-09-03T19:50:58.499+0200] {logging_mixin.py:137} INFO - [2025-09-03T19:50:58.499+0200] {dag.py:2705} INFO - Sync 1 DAGs
[2025-09-03T19:50:58.515+0200] {logging_mixin.py:137} INFO - [2025-09-03T19:50:58.515+0200] {dag.py:3452} INFO - Setting next_dagrun for example_bash_operator to 2025-09-02T00:00:00+00:00, run_after=2025-09-03T00:00:00+00:00
[2025-09-03T19:50:58.538+0200] {processor.py:175} INFO - Processing /home/varun/miniconda3/envs/python38/lib/python3.8/site-packages/airflow/example_dags/example_bash_operator.py took 0.088 seconds
[2025-09-03T19:51:44.855+0200] {processor.py:153} INFO - Started process (PID=3650) to work on /home/varun/miniconda3/envs/python38/lib/python3.8/site-packages/airflow/example_dags/example_bash_operator.py
[2025-09-03T19:51:44.856+0200] {processor.py:743} INFO - Processing file /home/varun/miniconda3/envs/python38/lib/python3.8/site-packages/airflow/example_dags/example_bash_operator.py for tasks to queue
[2025-09-03T19:51:44.857+0200] {logging_mixin.py:137} INFO - [2025-09-03T19:51:44.856+0200] {dagbag.py:532} INFO - Filling up the DagBag from /home/varun/miniconda3/envs/python38/lib/python3.8/site-packages/airflow/example_dags/example_bash_operator.py
[2025-09-03T19:51:44.878+0200] {processor.py:753} INFO - DAG(s) dict_keys(['example_bash_operator']) retrieved from /home/varun/miniconda3/envs/python38/lib/python3.8/site-packages/airflow/example_dags/example_bash_operator.py
[2025-09-03T19:51:44.907+0200] {logging_mixin.py:137} INFO - [2025-09-03T19:51:44.907+0200] {dag.py:2705} INFO - Sync 1 DAGs
[2025-09-03T19:51:44.924+0200] {logging_mixin.py:137} INFO - [2025-09-03T19:51:44.924+0200] {dag.py:3452} INFO - Setting next_dagrun for example_bash_operator to 2025-09-02T00:00:00+00:00, run_after=2025-09-03T00:00:00+00:00
[2025-09-03T19:51:44.950+0200] {processor.py:175} INFO - Processing /home/varun/miniconda3/envs/python38/lib/python3.8/site-packages/airflow/example_dags/example_bash_operator.py took 0.099 seconds
[2025-09-03T19:52:37.936+0200] {processor.py:153} INFO - Started process (PID=3696) to work on /home/varun/miniconda3/envs/python38/lib/python3.8/site-packages/airflow/example_dags/example_bash_operator.py
[2025-09-03T19:52:37.939+0200] {processor.py:743} INFO - Processing file /home/varun/miniconda3/envs/python38/lib/python3.8/site-packages/airflow/example_dags/example_bash_operator.py for tasks to queue
[2025-09-03T19:52:37.940+0200] {logging_mixin.py:137} INFO - [2025-09-03T19:52:37.939+0200] {dagbag.py:532} INFO - Filling up the DagBag from /home/varun/miniconda3/envs/python38/lib/python3.8/site-packages/airflow/example_dags/example_bash_operator.py
[2025-09-03T19:52:37.962+0200] {processor.py:753} INFO - DAG(s) dict_keys(['example_bash_operator']) retrieved from /home/varun/miniconda3/envs/python38/lib/python3.8/site-packages/airflow/example_dags/example_bash_operator.py
[2025-09-03T19:52:37.989+0200] {logging_mixin.py:137} INFO - [2025-09-03T19:52:37.989+0200] {dag.py:2705} INFO - Sync 1 DAGs
[2025-09-03T19:52:38.008+0200] {logging_mixin.py:137} INFO - [2025-09-03T19:52:38.008+0200] {dag.py:3452} INFO - Setting next_dagrun for example_bash_operator to 2025-09-02T00:00:00+00:00, run_after=2025-09-03T00:00:00+00:00
[2025-09-03T19:52:38.148+0200] {processor.py:175} INFO - Processing /home/varun/miniconda3/envs/python38/lib/python3.8/site-packages/airflow/example_dags/example_bash_operator.py took 0.216 seconds
[2025-09-03T19:53:27.113+0200] {processor.py:153} INFO - Started process (PID=3738) to work on /home/varun/miniconda3/envs/python38/lib/python3.8/site-packages/airflow/example_dags/example_bash_operator.py
[2025-09-03T19:53:27.116+0200] {processor.py:743} INFO - Processing file /home/varun/miniconda3/envs/python38/lib/python3.8/site-packages/airflow/example_dags/example_bash_operator.py for tasks to queue
[2025-09-03T19:53:27.117+0200] {logging_mixin.py:137} INFO - [2025-09-03T19:53:27.117+0200] {dagbag.py:532} INFO - Filling up the DagBag from /home/varun/miniconda3/envs/python38/lib/python3.8/site-packages/airflow/example_dags/example_bash_operator.py
[2025-09-03T19:53:27.172+0200] {processor.py:753} INFO - DAG(s) dict_keys(['example_bash_operator']) retrieved from /home/varun/miniconda3/envs/python38/lib/python3.8/site-packages/airflow/example_dags/example_bash_operator.py
[2025-09-03T19:53:27.259+0200] {logging_mixin.py:137} INFO - [2025-09-03T19:53:27.258+0200] {dag.py:2705} INFO - Sync 1 DAGs
[2025-09-03T19:53:27.610+0200] {logging_mixin.py:137} INFO - [2025-09-03T19:53:27.610+0200] {dag.py:3452} INFO - Setting next_dagrun for example_bash_operator to 2025-09-02T00:00:00+00:00, run_after=2025-09-03T00:00:00+00:00
[2025-09-03T19:53:27.652+0200] {processor.py:175} INFO - Processing /home/varun/miniconda3/envs/python38/lib/python3.8/site-packages/airflow/example_dags/example_bash_operator.py took 0.549 seconds
[2025-09-03T19:54:28.757+0200] {processor.py:153} INFO - Started process (PID=3789) to work on /home/varun/miniconda3/envs/python38/lib/python3.8/site-packages/airflow/example_dags/example_bash_operator.py
[2025-09-03T19:54:28.759+0200] {processor.py:743} INFO - Processing file /home/varun/miniconda3/envs/python38/lib/python3.8/site-packages/airflow/example_dags/example_bash_operator.py for tasks to queue
[2025-09-03T19:54:28.760+0200] {logging_mixin.py:137} INFO - [2025-09-03T19:54:28.760+0200] {dagbag.py:532} INFO - Filling up the DagBag from /home/varun/miniconda3/envs/python38/lib/python3.8/site-packages/airflow/example_dags/example_bash_operator.py
[2025-09-03T19:54:28.787+0200] {processor.py:753} INFO - DAG(s) dict_keys(['example_bash_operator']) retrieved from /home/varun/miniconda3/envs/python38/lib/python3.8/site-packages/airflow/example_dags/example_bash_operator.py
[2025-09-03T19:54:28.996+0200] {logging_mixin.py:137} INFO - [2025-09-03T19:54:28.996+0200] {dag.py:2705} INFO - Sync 1 DAGs
[2025-09-03T19:54:29.027+0200] {logging_mixin.py:137} INFO - [2025-09-03T19:54:29.027+0200] {dag.py:3452} INFO - Setting next_dagrun for example_bash_operator to 2025-09-02T00:00:00+00:00, run_after=2025-09-03T00:00:00+00:00
[2025-09-03T19:54:29.066+0200] {processor.py:175} INFO - Processing /home/varun/miniconda3/envs/python38/lib/python3.8/site-packages/airflow/example_dags/example_bash_operator.py took 0.314 seconds
[2025-09-03T19:55:24.671+0200] {processor.py:153} INFO - Started process (PID=3847) to work on /home/varun/miniconda3/envs/python38/lib/python3.8/site-packages/airflow/example_dags/example_bash_operator.py
[2025-09-03T19:55:24.673+0200] {processor.py:743} INFO - Processing file /home/varun/miniconda3/envs/python38/lib/python3.8/site-packages/airflow/example_dags/example_bash_operator.py for tasks to queue
[2025-09-03T19:55:24.673+0200] {logging_mixin.py:137} INFO - [2025-09-03T19:55:24.673+0200] {dagbag.py:532} INFO - Filling up the DagBag from /home/varun/miniconda3/envs/python38/lib/python3.8/site-packages/airflow/example_dags/example_bash_operator.py
[2025-09-03T19:55:24.703+0200] {processor.py:753} INFO - DAG(s) dict_keys(['example_bash_operator']) retrieved from /home/varun/miniconda3/envs/python38/lib/python3.8/site-packages/airflow/example_dags/example_bash_operator.py
[2025-09-03T19:55:24.884+0200] {logging_mixin.py:137} INFO - [2025-09-03T19:55:24.884+0200] {dag.py:2705} INFO - Sync 1 DAGs
[2025-09-03T19:55:24.902+0200] {logging_mixin.py:137} INFO - [2025-09-03T19:55:24.902+0200] {dag.py:3452} INFO - Setting next_dagrun for example_bash_operator to 2025-09-02T00:00:00+00:00, run_after=2025-09-03T00:00:00+00:00
[2025-09-03T19:55:24.926+0200] {processor.py:175} INFO - Processing /home/varun/miniconda3/envs/python38/lib/python3.8/site-packages/airflow/example_dags/example_bash_operator.py took 0.260 seconds
[2025-09-03T19:56:26.498+0200] {processor.py:153} INFO - Started process (PID=3897) to work on /home/varun/miniconda3/envs/python38/lib/python3.8/site-packages/airflow/example_dags/example_bash_operator.py
[2025-09-03T19:56:26.499+0200] {processor.py:743} INFO - Processing file /home/varun/miniconda3/envs/python38/lib/python3.8/site-packages/airflow/example_dags/example_bash_operator.py for tasks to queue
[2025-09-03T19:56:26.500+0200] {logging_mixin.py:137} INFO - [2025-09-03T19:56:26.500+0200] {dagbag.py:532} INFO - Filling up the DagBag from /home/varun/miniconda3/envs/python38/lib/python3.8/site-packages/airflow/example_dags/example_bash_operator.py
[2025-09-03T19:56:26.700+0200] {processor.py:753} INFO - DAG(s) dict_keys(['example_bash_operator']) retrieved from /home/varun/miniconda3/envs/python38/lib/python3.8/site-packages/airflow/example_dags/example_bash_operator.py
[2025-09-03T19:56:26.741+0200] {logging_mixin.py:137} INFO - [2025-09-03T19:56:26.741+0200] {dag.py:2705} INFO - Sync 1 DAGs
[2025-09-03T19:56:26.769+0200] {logging_mixin.py:137} INFO - [2025-09-03T19:56:26.769+0200] {dag.py:3452} INFO - Setting next_dagrun for example_bash_operator to 2025-09-02T00:00:00+00:00, run_after=2025-09-03T00:00:00+00:00
[2025-09-03T19:56:26.811+0200] {processor.py:175} INFO - Processing /home/varun/miniconda3/envs/python38/lib/python3.8/site-packages/airflow/example_dags/example_bash_operator.py took 0.317 seconds
[2025-09-03T19:57:19.019+0200] {processor.py:153} INFO - Started process (PID=3944) to work on /home/varun/miniconda3/envs/python38/lib/python3.8/site-packages/airflow/example_dags/example_bash_operator.py
[2025-09-03T19:57:19.021+0200] {processor.py:743} INFO - Processing file /home/varun/miniconda3/envs/python38/lib/python3.8/site-packages/airflow/example_dags/example_bash_operator.py for tasks to queue
[2025-09-03T19:57:19.022+0200] {logging_mixin.py:137} INFO - [2025-09-03T19:57:19.021+0200] {dagbag.py:532} INFO - Filling up the DagBag from /home/varun/miniconda3/envs/python38/lib/python3.8/site-packages/airflow/example_dags/example_bash_operator.py
[2025-09-03T19:57:19.052+0200] {processor.py:753} INFO - DAG(s) dict_keys(['example_bash_operator']) retrieved from /home/varun/miniconda3/envs/python38/lib/python3.8/site-packages/airflow/example_dags/example_bash_operator.py
[2025-09-03T19:57:19.084+0200] {logging_mixin.py:137} INFO - [2025-09-03T19:57:19.084+0200] {dag.py:2705} INFO - Sync 1 DAGs
[2025-09-03T19:57:19.109+0200] {logging_mixin.py:137} INFO - [2025-09-03T19:57:19.109+0200] {dag.py:3452} INFO - Setting next_dagrun for example_bash_operator to 2025-09-02T00:00:00+00:00, run_after=2025-09-03T00:00:00+00:00
[2025-09-03T19:57:19.137+0200] {processor.py:175} INFO - Processing /home/varun/miniconda3/envs/python38/lib/python3.8/site-packages/airflow/example_dags/example_bash_operator.py took 0.122 seconds
[2025-09-03T19:58:10.376+0200] {processor.py:153} INFO - Started process (PID=3986) to work on /home/varun/miniconda3/envs/python38/lib/python3.8/site-packages/airflow/example_dags/example_bash_operator.py
[2025-09-03T19:58:10.378+0200] {processor.py:743} INFO - Processing file /home/varun/miniconda3/envs/python38/lib/python3.8/site-packages/airflow/example_dags/example_bash_operator.py for tasks to queue
[2025-09-03T19:58:10.379+0200] {logging_mixin.py:137} INFO - [2025-09-03T19:58:10.379+0200] {dagbag.py:532} INFO - Filling up the DagBag from /home/varun/miniconda3/envs/python38/lib/python3.8/site-packages/airflow/example_dags/example_bash_operator.py
[2025-09-03T19:58:10.406+0200] {processor.py:753} INFO - DAG(s) dict_keys(['example_bash_operator']) retrieved from /home/varun/miniconda3/envs/python38/lib/python3.8/site-packages/airflow/example_dags/example_bash_operator.py
[2025-09-03T19:58:10.438+0200] {logging_mixin.py:137} INFO - [2025-09-03T19:58:10.438+0200] {dag.py:2705} INFO - Sync 1 DAGs
[2025-09-03T19:58:10.459+0200] {logging_mixin.py:137} INFO - [2025-09-03T19:58:10.458+0200] {dag.py:3452} INFO - Setting next_dagrun for example_bash_operator to 2025-09-02T00:00:00+00:00, run_after=2025-09-03T00:00:00+00:00
[2025-09-03T19:58:10.484+0200] {processor.py:175} INFO - Processing /home/varun/miniconda3/envs/python38/lib/python3.8/site-packages/airflow/example_dags/example_bash_operator.py took 0.113 seconds
[2025-09-03T20:01:14.092+0200] {processor.py:153} INFO - Started process (PID=4060) to work on /home/varun/miniconda3/envs/python38/lib/python3.8/site-packages/airflow/example_dags/example_bash_operator.py
[2025-09-03T20:01:14.094+0200] {processor.py:743} INFO - Processing file /home/varun/miniconda3/envs/python38/lib/python3.8/site-packages/airflow/example_dags/example_bash_operator.py for tasks to queue
[2025-09-03T20:01:14.094+0200] {logging_mixin.py:137} INFO - [2025-09-03T20:01:14.094+0200] {dagbag.py:532} INFO - Filling up the DagBag from /home/varun/miniconda3/envs/python38/lib/python3.8/site-packages/airflow/example_dags/example_bash_operator.py
[2025-09-03T20:01:14.127+0200] {processor.py:753} INFO - DAG(s) dict_keys(['example_bash_operator']) retrieved from /home/varun/miniconda3/envs/python38/lib/python3.8/site-packages/airflow/example_dags/example_bash_operator.py
[2025-09-03T20:01:14.170+0200] {logging_mixin.py:137} INFO - [2025-09-03T20:01:14.170+0200] {dag.py:2705} INFO - Sync 1 DAGs
[2025-09-03T20:01:14.197+0200] {logging_mixin.py:137} INFO - [2025-09-03T20:01:14.197+0200] {dag.py:3452} INFO - Setting next_dagrun for example_bash_operator to 2025-09-02T00:00:00+00:00, run_after=2025-09-03T00:00:00+00:00
[2025-09-03T20:01:14.225+0200] {processor.py:175} INFO - Processing /home/varun/miniconda3/envs/python38/lib/python3.8/site-packages/airflow/example_dags/example_bash_operator.py took 0.137 seconds
[2025-09-03T20:02:00.332+0200] {processor.py:153} INFO - Started process (PID=4104) to work on /home/varun/miniconda3/envs/python38/lib/python3.8/site-packages/airflow/example_dags/example_bash_operator.py
[2025-09-03T20:02:00.334+0200] {processor.py:743} INFO - Processing file /home/varun/miniconda3/envs/python38/lib/python3.8/site-packages/airflow/example_dags/example_bash_operator.py for tasks to queue
[2025-09-03T20:02:00.334+0200] {logging_mixin.py:137} INFO - [2025-09-03T20:02:00.334+0200] {dagbag.py:532} INFO - Filling up the DagBag from /home/varun/miniconda3/envs/python38/lib/python3.8/site-packages/airflow/example_dags/example_bash_operator.py
[2025-09-03T20:02:00.353+0200] {processor.py:753} INFO - DAG(s) dict_keys(['example_bash_operator']) retrieved from /home/varun/miniconda3/envs/python38/lib/python3.8/site-packages/airflow/example_dags/example_bash_operator.py
[2025-09-03T20:02:00.379+0200] {logging_mixin.py:137} INFO - [2025-09-03T20:02:00.379+0200] {dag.py:2705} INFO - Sync 1 DAGs
[2025-09-03T20:02:00.395+0200] {logging_mixin.py:137} INFO - [2025-09-03T20:02:00.395+0200] {dag.py:3452} INFO - Setting next_dagrun for example_bash_operator to 2025-09-02T00:00:00+00:00, run_after=2025-09-03T00:00:00+00:00
[2025-09-03T20:02:00.417+0200] {processor.py:175} INFO - Processing /home/varun/miniconda3/envs/python38/lib/python3.8/site-packages/airflow/example_dags/example_bash_operator.py took 0.088 seconds
[2025-09-03T20:02:50.071+0200] {processor.py:153} INFO - Started process (PID=4146) to work on /home/varun/miniconda3/envs/python38/lib/python3.8/site-packages/airflow/example_dags/example_bash_operator.py
[2025-09-03T20:02:50.073+0200] {processor.py:743} INFO - Processing file /home/varun/miniconda3/envs/python38/lib/python3.8/site-packages/airflow/example_dags/example_bash_operator.py for tasks to queue
[2025-09-03T20:02:50.073+0200] {logging_mixin.py:137} INFO - [2025-09-03T20:02:50.073+0200] {dagbag.py:532} INFO - Filling up the DagBag from /home/varun/miniconda3/envs/python38/lib/python3.8/site-packages/airflow/example_dags/example_bash_operator.py
[2025-09-03T20:02:50.092+0200] {processor.py:753} INFO - DAG(s) dict_keys(['example_bash_operator']) retrieved from /home/varun/miniconda3/envs/python38/lib/python3.8/site-packages/airflow/example_dags/example_bash_operator.py
[2025-09-03T20:02:50.121+0200] {logging_mixin.py:137} INFO - [2025-09-03T20:02:50.121+0200] {dag.py:2705} INFO - Sync 1 DAGs
[2025-09-03T20:02:50.149+0200] {logging_mixin.py:137} INFO - [2025-09-03T20:02:50.148+0200] {dag.py:3452} INFO - Setting next_dagrun for example_bash_operator to 2025-09-02T00:00:00+00:00, run_after=2025-09-03T00:00:00+00:00
[2025-09-03T20:02:50.178+0200] {processor.py:175} INFO - Processing /home/varun/miniconda3/envs/python38/lib/python3.8/site-packages/airflow/example_dags/example_bash_operator.py took 0.111 seconds
[2025-09-03T20:03:37.630+0200] {processor.py:153} INFO - Started process (PID=4188) to work on /home/varun/miniconda3/envs/python38/lib/python3.8/site-packages/airflow/example_dags/example_bash_operator.py
[2025-09-03T20:03:37.633+0200] {processor.py:743} INFO - Processing file /home/varun/miniconda3/envs/python38/lib/python3.8/site-packages/airflow/example_dags/example_bash_operator.py for tasks to queue
[2025-09-03T20:03:37.634+0200] {logging_mixin.py:137} INFO - [2025-09-03T20:03:37.634+0200] {dagbag.py:532} INFO - Filling up the DagBag from /home/varun/miniconda3/envs/python38/lib/python3.8/site-packages/airflow/example_dags/example_bash_operator.py
[2025-09-03T20:03:37.677+0200] {processor.py:753} INFO - DAG(s) dict_keys(['example_bash_operator']) retrieved from /home/varun/miniconda3/envs/python38/lib/python3.8/site-packages/airflow/example_dags/example_bash_operator.py
[2025-09-03T20:03:37.731+0200] {logging_mixin.py:137} INFO - [2025-09-03T20:03:37.731+0200] {dag.py:2705} INFO - Sync 1 DAGs
[2025-09-03T20:03:37.766+0200] {logging_mixin.py:137} INFO - [2025-09-03T20:03:37.766+0200] {dag.py:3452} INFO - Setting next_dagrun for example_bash_operator to 2025-09-02T00:00:00+00:00, run_after=2025-09-03T00:00:00+00:00
[2025-09-03T20:03:37.798+0200] {processor.py:175} INFO - Processing /home/varun/miniconda3/envs/python38/lib/python3.8/site-packages/airflow/example_dags/example_bash_operator.py took 0.173 seconds
[2025-09-03T20:04:23.362+0200] {processor.py:153} INFO - Started process (PID=4230) to work on /home/varun/miniconda3/envs/python38/lib/python3.8/site-packages/airflow/example_dags/example_bash_operator.py
[2025-09-03T20:04:23.365+0200] {processor.py:743} INFO - Processing file /home/varun/miniconda3/envs/python38/lib/python3.8/site-packages/airflow/example_dags/example_bash_operator.py for tasks to queue
[2025-09-03T20:04:23.366+0200] {logging_mixin.py:137} INFO - [2025-09-03T20:04:23.366+0200] {dagbag.py:532} INFO - Filling up the DagBag from /home/varun/miniconda3/envs/python38/lib/python3.8/site-packages/airflow/example_dags/example_bash_operator.py
[2025-09-03T20:04:23.406+0200] {processor.py:753} INFO - DAG(s) dict_keys(['example_bash_operator']) retrieved from /home/varun/miniconda3/envs/python38/lib/python3.8/site-packages/airflow/example_dags/example_bash_operator.py
[2025-09-03T20:04:23.449+0200] {logging_mixin.py:137} INFO - [2025-09-03T20:04:23.449+0200] {dag.py:2705} INFO - Sync 1 DAGs
[2025-09-03T20:04:23.478+0200] {logging_mixin.py:137} INFO - [2025-09-03T20:04:23.478+0200] {dag.py:3452} INFO - Setting next_dagrun for example_bash_operator to 2025-09-02T00:00:00+00:00, run_after=2025-09-03T00:00:00+00:00
[2025-09-03T20:04:23.517+0200] {processor.py:175} INFO - Processing /home/varun/miniconda3/envs/python38/lib/python3.8/site-packages/airflow/example_dags/example_bash_operator.py took 0.160 seconds
[2025-09-03T20:05:24.191+0200] {processor.py:153} INFO - Started process (PID=4288) to work on /home/varun/miniconda3/envs/python38/lib/python3.8/site-packages/airflow/example_dags/example_bash_operator.py
[2025-09-03T20:05:24.193+0200] {processor.py:743} INFO - Processing file /home/varun/miniconda3/envs/python38/lib/python3.8/site-packages/airflow/example_dags/example_bash_operator.py for tasks to queue
[2025-09-03T20:05:24.194+0200] {logging_mixin.py:137} INFO - [2025-09-03T20:05:24.193+0200] {dagbag.py:532} INFO - Filling up the DagBag from /home/varun/miniconda3/envs/python38/lib/python3.8/site-packages/airflow/example_dags/example_bash_operator.py
[2025-09-03T20:05:24.215+0200] {processor.py:753} INFO - DAG(s) dict_keys(['example_bash_operator']) retrieved from /home/varun/miniconda3/envs/python38/lib/python3.8/site-packages/airflow/example_dags/example_bash_operator.py
[2025-09-03T20:05:24.330+0200] {logging_mixin.py:137} INFO - [2025-09-03T20:05:24.330+0200] {manager.py:504} INFO - Created Permission View: can delete on DAG:example_bash_operator
[2025-09-03T20:05:24.343+0200] {logging_mixin.py:137} INFO - [2025-09-03T20:05:24.343+0200] {manager.py:504} INFO - Created Permission View: can read on DAG:example_bash_operator
[2025-09-03T20:05:24.355+0200] {logging_mixin.py:137} INFO - [2025-09-03T20:05:24.354+0200] {manager.py:504} INFO - Created Permission View: can edit on DAG:example_bash_operator
[2025-09-03T20:05:24.355+0200] {logging_mixin.py:137} INFO - [2025-09-03T20:05:24.355+0200] {dag.py:2705} INFO - Sync 1 DAGs
[2025-09-03T20:05:24.364+0200] {logging_mixin.py:137} INFO - [2025-09-03T20:05:24.364+0200] {dag.py:2726} INFO - Creating ORM DAG for example_bash_operator
[2025-09-03T20:05:24.376+0200] {logging_mixin.py:137} INFO - [2025-09-03T20:05:24.376+0200] {dag.py:3452} INFO - Setting next_dagrun for example_bash_operator to 2025-09-02T00:00:00+00:00, run_after=2025-09-03T00:00:00+00:00
[2025-09-03T20:05:24.415+0200] {processor.py:175} INFO - Processing /home/varun/miniconda3/envs/python38/lib/python3.8/site-packages/airflow/example_dags/example_bash_operator.py took 0.227 seconds
[2025-09-03T20:06:13.321+0200] {processor.py:153} INFO - Started process (PID=4333) to work on /home/varun/miniconda3/envs/python38/lib/python3.8/site-packages/airflow/example_dags/example_bash_operator.py
[2025-09-03T20:06:13.323+0200] {processor.py:743} INFO - Processing file /home/varun/miniconda3/envs/python38/lib/python3.8/site-packages/airflow/example_dags/example_bash_operator.py for tasks to queue
[2025-09-03T20:06:13.323+0200] {logging_mixin.py:137} INFO - [2025-09-03T20:06:13.323+0200] {dagbag.py:532} INFO - Filling up the DagBag from /home/varun/miniconda3/envs/python38/lib/python3.8/site-packages/airflow/example_dags/example_bash_operator.py
[2025-09-03T20:06:13.349+0200] {processor.py:753} INFO - DAG(s) dict_keys(['example_bash_operator']) retrieved from /home/varun/miniconda3/envs/python38/lib/python3.8/site-packages/airflow/example_dags/example_bash_operator.py
[2025-09-03T20:06:13.384+0200] {logging_mixin.py:137} INFO - [2025-09-03T20:06:13.384+0200] {dag.py:2705} INFO - Sync 1 DAGs
[2025-09-03T20:06:13.403+0200] {logging_mixin.py:137} INFO - [2025-09-03T20:06:13.402+0200] {dag.py:3452} INFO - Setting next_dagrun for example_bash_operator to 2025-09-02T00:00:00+00:00, run_after=2025-09-03T00:00:00+00:00
[2025-09-03T20:06:13.430+0200] {processor.py:175} INFO - Processing /home/varun/miniconda3/envs/python38/lib/python3.8/site-packages/airflow/example_dags/example_bash_operator.py took 0.112 seconds
[2025-09-03T20:07:02.542+0200] {processor.py:153} INFO - Started process (PID=4388) to work on /home/varun/miniconda3/envs/python38/lib/python3.8/site-packages/airflow/example_dags/example_bash_operator.py
[2025-09-03T20:07:02.543+0200] {processor.py:743} INFO - Processing file /home/varun/miniconda3/envs/python38/lib/python3.8/site-packages/airflow/example_dags/example_bash_operator.py for tasks to queue
[2025-09-03T20:07:02.544+0200] {logging_mixin.py:137} INFO - [2025-09-03T20:07:02.544+0200] {dagbag.py:532} INFO - Filling up the DagBag from /home/varun/miniconda3/envs/python38/lib/python3.8/site-packages/airflow/example_dags/example_bash_operator.py
[2025-09-03T20:07:02.570+0200] {processor.py:753} INFO - DAG(s) dict_keys(['example_bash_operator']) retrieved from /home/varun/miniconda3/envs/python38/lib/python3.8/site-packages/airflow/example_dags/example_bash_operator.py
[2025-09-03T20:07:02.618+0200] {logging_mixin.py:137} INFO - [2025-09-03T20:07:02.618+0200] {dag.py:2705} INFO - Sync 1 DAGs
[2025-09-03T20:07:02.673+0200] {logging_mixin.py:137} INFO - [2025-09-03T20:07:02.672+0200] {dag.py:3452} INFO - Setting next_dagrun for example_bash_operator to 2025-09-02T00:00:00+00:00, run_after=2025-09-03T00:00:00+00:00
[2025-09-03T20:07:02.746+0200] {processor.py:175} INFO - Processing /home/varun/miniconda3/envs/python38/lib/python3.8/site-packages/airflow/example_dags/example_bash_operator.py took 0.207 seconds
[2025-09-03T20:07:49.507+0200] {processor.py:153} INFO - Started process (PID=4443) to work on /home/varun/miniconda3/envs/python38/lib/python3.8/site-packages/airflow/example_dags/example_bash_operator.py
[2025-09-03T20:07:49.509+0200] {processor.py:743} INFO - Processing file /home/varun/miniconda3/envs/python38/lib/python3.8/site-packages/airflow/example_dags/example_bash_operator.py for tasks to queue
[2025-09-03T20:07:49.510+0200] {logging_mixin.py:137} INFO - [2025-09-03T20:07:49.510+0200] {dagbag.py:532} INFO - Filling up the DagBag from /home/varun/miniconda3/envs/python38/lib/python3.8/site-packages/airflow/example_dags/example_bash_operator.py
[2025-09-03T20:07:49.532+0200] {processor.py:753} INFO - DAG(s) dict_keys(['example_bash_operator']) retrieved from /home/varun/miniconda3/envs/python38/lib/python3.8/site-packages/airflow/example_dags/example_bash_operator.py
[2025-09-03T20:07:49.561+0200] {logging_mixin.py:137} INFO - [2025-09-03T20:07:49.561+0200] {dag.py:2705} INFO - Sync 1 DAGs
[2025-09-03T20:07:49.581+0200] {logging_mixin.py:137} INFO - [2025-09-03T20:07:49.581+0200] {dag.py:3452} INFO - Setting next_dagrun for example_bash_operator to 2025-09-02T00:00:00+00:00, run_after=2025-09-03T00:00:00+00:00
[2025-09-03T20:07:49.604+0200] {processor.py:175} INFO - Processing /home/varun/miniconda3/envs/python38/lib/python3.8/site-packages/airflow/example_dags/example_bash_operator.py took 0.100 seconds
[2025-09-03T20:09:57.290+0200] {processor.py:153} INFO - Started process (PID=4544) to work on /home/varun/miniconda3/envs/python38/lib/python3.8/site-packages/airflow/example_dags/example_bash_operator.py
[2025-09-03T20:09:57.292+0200] {processor.py:743} INFO - Processing file /home/varun/miniconda3/envs/python38/lib/python3.8/site-packages/airflow/example_dags/example_bash_operator.py for tasks to queue
[2025-09-03T20:09:57.292+0200] {logging_mixin.py:137} INFO - [2025-09-03T20:09:57.292+0200] {dagbag.py:532} INFO - Filling up the DagBag from /home/varun/miniconda3/envs/python38/lib/python3.8/site-packages/airflow/example_dags/example_bash_operator.py
[2025-09-03T20:09:57.318+0200] {processor.py:753} INFO - DAG(s) dict_keys(['example_bash_operator']) retrieved from /home/varun/miniconda3/envs/python38/lib/python3.8/site-packages/airflow/example_dags/example_bash_operator.py
[2025-09-03T20:09:57.348+0200] {logging_mixin.py:137} INFO - [2025-09-03T20:09:57.348+0200] {dag.py:2705} INFO - Sync 1 DAGs
[2025-09-03T20:09:57.372+0200] {logging_mixin.py:137} INFO - [2025-09-03T20:09:57.372+0200] {dag.py:3452} INFO - Setting next_dagrun for example_bash_operator to 2025-09-02T00:00:00+00:00, run_after=2025-09-03T00:00:00+00:00
[2025-09-03T20:09:57.400+0200] {processor.py:175} INFO - Processing /home/varun/miniconda3/envs/python38/lib/python3.8/site-packages/airflow/example_dags/example_bash_operator.py took 0.113 seconds
[2025-09-03T20:10:42.653+0200] {processor.py:153} INFO - Started process (PID=4586) to work on /home/varun/miniconda3/envs/python38/lib/python3.8/site-packages/airflow/example_dags/example_bash_operator.py
[2025-09-03T20:10:42.655+0200] {processor.py:743} INFO - Processing file /home/varun/miniconda3/envs/python38/lib/python3.8/site-packages/airflow/example_dags/example_bash_operator.py for tasks to queue
[2025-09-03T20:10:42.655+0200] {logging_mixin.py:137} INFO - [2025-09-03T20:10:42.655+0200] {dagbag.py:532} INFO - Filling up the DagBag from /home/varun/miniconda3/envs/python38/lib/python3.8/site-packages/airflow/example_dags/example_bash_operator.py
[2025-09-03T20:10:42.677+0200] {processor.py:753} INFO - DAG(s) dict_keys(['example_bash_operator']) retrieved from /home/varun/miniconda3/envs/python38/lib/python3.8/site-packages/airflow/example_dags/example_bash_operator.py
[2025-09-03T20:10:42.705+0200] {logging_mixin.py:137} INFO - [2025-09-03T20:10:42.705+0200] {dag.py:2705} INFO - Sync 1 DAGs
[2025-09-03T20:10:42.723+0200] {logging_mixin.py:137} INFO - [2025-09-03T20:10:42.723+0200] {dag.py:3452} INFO - Setting next_dagrun for example_bash_operator to 2025-09-02T00:00:00+00:00, run_after=2025-09-03T00:00:00+00:00
[2025-09-03T20:10:42.748+0200] {processor.py:175} INFO - Processing /home/varun/miniconda3/envs/python38/lib/python3.8/site-packages/airflow/example_dags/example_bash_operator.py took 0.098 seconds
[2025-09-03T20:11:27.897+0200] {processor.py:153} INFO - Started process (PID=4628) to work on /home/varun/miniconda3/envs/python38/lib/python3.8/site-packages/airflow/example_dags/example_bash_operator.py
[2025-09-03T20:11:27.898+0200] {processor.py:743} INFO - Processing file /home/varun/miniconda3/envs/python38/lib/python3.8/site-packages/airflow/example_dags/example_bash_operator.py for tasks to queue
[2025-09-03T20:11:27.899+0200] {logging_mixin.py:137} INFO - [2025-09-03T20:11:27.899+0200] {dagbag.py:532} INFO - Filling up the DagBag from /home/varun/miniconda3/envs/python38/lib/python3.8/site-packages/airflow/example_dags/example_bash_operator.py
[2025-09-03T20:11:27.919+0200] {processor.py:753} INFO - DAG(s) dict_keys(['example_bash_operator']) retrieved from /home/varun/miniconda3/envs/python38/lib/python3.8/site-packages/airflow/example_dags/example_bash_operator.py
[2025-09-03T20:11:27.950+0200] {logging_mixin.py:137} INFO - [2025-09-03T20:11:27.950+0200] {dag.py:2705} INFO - Sync 1 DAGs
[2025-09-03T20:11:27.970+0200] {logging_mixin.py:137} INFO - [2025-09-03T20:11:27.970+0200] {dag.py:3452} INFO - Setting next_dagrun for example_bash_operator to 2025-09-02T00:00:00+00:00, run_after=2025-09-03T00:00:00+00:00
[2025-09-03T20:11:27.994+0200] {processor.py:175} INFO - Processing /home/varun/miniconda3/envs/python38/lib/python3.8/site-packages/airflow/example_dags/example_bash_operator.py took 0.102 seconds
[2025-09-03T20:12:11.990+0200] {processor.py:153} INFO - Started process (PID=4670) to work on /home/varun/miniconda3/envs/python38/lib/python3.8/site-packages/airflow/example_dags/example_bash_operator.py
[2025-09-03T20:12:11.997+0200] {processor.py:743} INFO - Processing file /home/varun/miniconda3/envs/python38/lib/python3.8/site-packages/airflow/example_dags/example_bash_operator.py for tasks to queue
[2025-09-03T20:12:11.997+0200] {logging_mixin.py:137} INFO - [2025-09-03T20:12:11.997+0200] {dagbag.py:532} INFO - Filling up the DagBag from /home/varun/miniconda3/envs/python38/lib/python3.8/site-packages/airflow/example_dags/example_bash_operator.py
[2025-09-03T20:12:12.020+0200] {processor.py:753} INFO - DAG(s) dict_keys(['example_bash_operator']) retrieved from /home/varun/miniconda3/envs/python38/lib/python3.8/site-packages/airflow/example_dags/example_bash_operator.py
[2025-09-03T20:12:12.048+0200] {logging_mixin.py:137} INFO - [2025-09-03T20:12:12.048+0200] {dag.py:2705} INFO - Sync 1 DAGs
[2025-09-03T20:12:12.067+0200] {logging_mixin.py:137} INFO - [2025-09-03T20:12:12.067+0200] {dag.py:3452} INFO - Setting next_dagrun for example_bash_operator to 2025-09-02T00:00:00+00:00, run_after=2025-09-03T00:00:00+00:00
[2025-09-03T20:12:12.088+0200] {processor.py:175} INFO - Processing /home/varun/miniconda3/envs/python38/lib/python3.8/site-packages/airflow/example_dags/example_bash_operator.py took 0.102 seconds
[2025-09-03T20:13:02.241+0200] {processor.py:153} INFO - Started process (PID=4713) to work on /home/varun/miniconda3/envs/python38/lib/python3.8/site-packages/airflow/example_dags/example_bash_operator.py
[2025-09-03T20:13:02.243+0200] {processor.py:743} INFO - Processing file /home/varun/miniconda3/envs/python38/lib/python3.8/site-packages/airflow/example_dags/example_bash_operator.py for tasks to queue
[2025-09-03T20:13:02.244+0200] {logging_mixin.py:137} INFO - [2025-09-03T20:13:02.243+0200] {dagbag.py:532} INFO - Filling up the DagBag from /home/varun/miniconda3/envs/python38/lib/python3.8/site-packages/airflow/example_dags/example_bash_operator.py
[2025-09-03T20:13:02.268+0200] {processor.py:753} INFO - DAG(s) dict_keys(['example_bash_operator']) retrieved from /home/varun/miniconda3/envs/python38/lib/python3.8/site-packages/airflow/example_dags/example_bash_operator.py
[2025-09-03T20:13:02.295+0200] {logging_mixin.py:137} INFO - [2025-09-03T20:13:02.295+0200] {dag.py:2705} INFO - Sync 1 DAGs
[2025-09-03T20:13:02.314+0200] {logging_mixin.py:137} INFO - [2025-09-03T20:13:02.314+0200] {dag.py:3452} INFO - Setting next_dagrun for example_bash_operator to 2025-09-02T00:00:00+00:00, run_after=2025-09-03T00:00:00+00:00
[2025-09-03T20:13:02.338+0200] {processor.py:175} INFO - Processing /home/varun/miniconda3/envs/python38/lib/python3.8/site-packages/airflow/example_dags/example_bash_operator.py took 0.100 seconds
[2025-09-03T20:13:48.534+0200] {processor.py:153} INFO - Started process (PID=4755) to work on /home/varun/miniconda3/envs/python38/lib/python3.8/site-packages/airflow/example_dags/example_bash_operator.py
[2025-09-03T20:13:48.536+0200] {processor.py:743} INFO - Processing file /home/varun/miniconda3/envs/python38/lib/python3.8/site-packages/airflow/example_dags/example_bash_operator.py for tasks to queue
[2025-09-03T20:13:48.536+0200] {logging_mixin.py:137} INFO - [2025-09-03T20:13:48.536+0200] {dagbag.py:532} INFO - Filling up the DagBag from /home/varun/miniconda3/envs/python38/lib/python3.8/site-packages/airflow/example_dags/example_bash_operator.py
[2025-09-03T20:13:48.559+0200] {processor.py:753} INFO - DAG(s) dict_keys(['example_bash_operator']) retrieved from /home/varun/miniconda3/envs/python38/lib/python3.8/site-packages/airflow/example_dags/example_bash_operator.py
[2025-09-03T20:13:48.587+0200] {logging_mixin.py:137} INFO - [2025-09-03T20:13:48.587+0200] {dag.py:2705} INFO - Sync 1 DAGs
[2025-09-03T20:13:48.606+0200] {logging_mixin.py:137} INFO - [2025-09-03T20:13:48.606+0200] {dag.py:3452} INFO - Setting next_dagrun for example_bash_operator to 2025-09-02T00:00:00+00:00, run_after=2025-09-03T00:00:00+00:00
[2025-09-03T20:13:48.631+0200] {processor.py:175} INFO - Processing /home/varun/miniconda3/envs/python38/lib/python3.8/site-packages/airflow/example_dags/example_bash_operator.py took 0.102 seconds
[2025-09-03T20:14:31.653+0200] {processor.py:153} INFO - Started process (PID=4797) to work on /home/varun/miniconda3/envs/python38/lib/python3.8/site-packages/airflow/example_dags/example_bash_operator.py
[2025-09-03T20:14:31.655+0200] {processor.py:743} INFO - Processing file /home/varun/miniconda3/envs/python38/lib/python3.8/site-packages/airflow/example_dags/example_bash_operator.py for tasks to queue
[2025-09-03T20:14:31.655+0200] {logging_mixin.py:137} INFO - [2025-09-03T20:14:31.655+0200] {dagbag.py:532} INFO - Filling up the DagBag from /home/varun/miniconda3/envs/python38/lib/python3.8/site-packages/airflow/example_dags/example_bash_operator.py
[2025-09-03T20:14:31.681+0200] {processor.py:753} INFO - DAG(s) dict_keys(['example_bash_operator']) retrieved from /home/varun/miniconda3/envs/python38/lib/python3.8/site-packages/airflow/example_dags/example_bash_operator.py
[2025-09-03T20:14:31.718+0200] {logging_mixin.py:137} INFO - [2025-09-03T20:14:31.718+0200] {dag.py:2705} INFO - Sync 1 DAGs
[2025-09-03T20:14:31.741+0200] {logging_mixin.py:137} INFO - [2025-09-03T20:14:31.741+0200] {dag.py:3452} INFO - Setting next_dagrun for example_bash_operator to 2025-09-02T00:00:00+00:00, run_after=2025-09-03T00:00:00+00:00
[2025-09-03T20:14:31.768+0200] {processor.py:175} INFO - Processing /home/varun/miniconda3/envs/python38/lib/python3.8/site-packages/airflow/example_dags/example_bash_operator.py took 0.118 seconds
[2025-09-03T20:15:15.319+0200] {processor.py:153} INFO - Started process (PID=4839) to work on /home/varun/miniconda3/envs/python38/lib/python3.8/site-packages/airflow/example_dags/example_bash_operator.py
[2025-09-03T20:15:15.321+0200] {processor.py:743} INFO - Processing file /home/varun/miniconda3/envs/python38/lib/python3.8/site-packages/airflow/example_dags/example_bash_operator.py for tasks to queue
[2025-09-03T20:15:15.321+0200] {logging_mixin.py:137} INFO - [2025-09-03T20:15:15.321+0200] {dagbag.py:532} INFO - Filling up the DagBag from /home/varun/miniconda3/envs/python38/lib/python3.8/site-packages/airflow/example_dags/example_bash_operator.py
[2025-09-03T20:15:15.342+0200] {processor.py:753} INFO - DAG(s) dict_keys(['example_bash_operator']) retrieved from /home/varun/miniconda3/envs/python38/lib/python3.8/site-packages/airflow/example_dags/example_bash_operator.py
[2025-09-03T20:15:15.375+0200] {logging_mixin.py:137} INFO - [2025-09-03T20:15:15.374+0200] {dag.py:2705} INFO - Sync 1 DAGs
[2025-09-03T20:15:15.397+0200] {logging_mixin.py:137} INFO - [2025-09-03T20:15:15.397+0200] {dag.py:3452} INFO - Setting next_dagrun for example_bash_operator to 2025-09-02T00:00:00+00:00, run_after=2025-09-03T00:00:00+00:00
[2025-09-03T20:15:19.008+0200] {processor.py:175} INFO - Processing /home/varun/miniconda3/envs/python38/lib/python3.8/site-packages/airflow/example_dags/example_bash_operator.py took 0.107 seconds
[2025-09-03T20:16:04.364+0200] {processor.py:153} INFO - Started process (PID=4881) to work on /home/varun/miniconda3/envs/python38/lib/python3.8/site-packages/airflow/example_dags/example_bash_operator.py
[2025-09-03T20:16:04.366+0200] {processor.py:743} INFO - Processing file /home/varun/miniconda3/envs/python38/lib/python3.8/site-packages/airflow/example_dags/example_bash_operator.py for tasks to queue
[2025-09-03T20:16:04.366+0200] {logging_mixin.py:137} INFO - [2025-09-03T20:16:04.366+0200] {dagbag.py:532} INFO - Filling up the DagBag from /home/varun/miniconda3/envs/python38/lib/python3.8/site-packages/airflow/example_dags/example_bash_operator.py
[2025-09-03T20:16:04.384+0200] {processor.py:753} INFO - DAG(s) dict_keys(['example_bash_operator']) retrieved from /home/varun/miniconda3/envs/python38/lib/python3.8/site-packages/airflow/example_dags/example_bash_operator.py
[2025-09-03T20:16:04.408+0200] {logging_mixin.py:137} INFO - [2025-09-03T20:16:04.408+0200] {dag.py:2705} INFO - Sync 1 DAGs
[2025-09-03T20:16:04.424+0200] {logging_mixin.py:137} INFO - [2025-09-03T20:16:04.424+0200] {dag.py:3452} INFO - Setting next_dagrun for example_bash_operator to 2025-09-02T00:00:00+00:00, run_after=2025-09-03T00:00:00+00:00
[2025-09-03T20:16:04.444+0200] {processor.py:175} INFO - Processing /home/varun/miniconda3/envs/python38/lib/python3.8/site-packages/airflow/example_dags/example_bash_operator.py took 0.084 seconds
[2025-09-03T20:16:48.590+0200] {processor.py:153} INFO - Started process (PID=4923) to work on /home/varun/miniconda3/envs/python38/lib/python3.8/site-packages/airflow/example_dags/example_bash_operator.py
[2025-09-03T20:16:48.591+0200] {processor.py:743} INFO - Processing file /home/varun/miniconda3/envs/python38/lib/python3.8/site-packages/airflow/example_dags/example_bash_operator.py for tasks to queue
[2025-09-03T20:16:48.592+0200] {logging_mixin.py:137} INFO - [2025-09-03T20:16:48.592+0200] {dagbag.py:532} INFO - Filling up the DagBag from /home/varun/miniconda3/envs/python38/lib/python3.8/site-packages/airflow/example_dags/example_bash_operator.py
[2025-09-03T20:16:48.610+0200] {processor.py:753} INFO - DAG(s) dict_keys(['example_bash_operator']) retrieved from /home/varun/miniconda3/envs/python38/lib/python3.8/site-packages/airflow/example_dags/example_bash_operator.py
[2025-09-03T20:16:48.636+0200] {logging_mixin.py:137} INFO - [2025-09-03T20:16:48.636+0200] {dag.py:2705} INFO - Sync 1 DAGs
[2025-09-03T20:16:48.655+0200] {logging_mixin.py:137} INFO - [2025-09-03T20:16:48.655+0200] {dag.py:3452} INFO - Setting next_dagrun for example_bash_operator to 2025-09-02T00:00:00+00:00, run_after=2025-09-03T00:00:00+00:00
[2025-09-03T20:16:48.675+0200] {processor.py:175} INFO - Processing /home/varun/miniconda3/envs/python38/lib/python3.8/site-packages/airflow/example_dags/example_bash_operator.py took 0.088 seconds
[2025-09-03T20:17:34.187+0200] {processor.py:153} INFO - Started process (PID=4968) to work on /home/varun/miniconda3/envs/python38/lib/python3.8/site-packages/airflow/example_dags/example_bash_operator.py
[2025-09-03T20:17:34.188+0200] {processor.py:743} INFO - Processing file /home/varun/miniconda3/envs/python38/lib/python3.8/site-packages/airflow/example_dags/example_bash_operator.py for tasks to queue
[2025-09-03T20:17:34.189+0200] {logging_mixin.py:137} INFO - [2025-09-03T20:17:34.189+0200] {dagbag.py:532} INFO - Filling up the DagBag from /home/varun/miniconda3/envs/python38/lib/python3.8/site-packages/airflow/example_dags/example_bash_operator.py
[2025-09-03T20:17:34.210+0200] {processor.py:753} INFO - DAG(s) dict_keys(['example_bash_operator']) retrieved from /home/varun/miniconda3/envs/python38/lib/python3.8/site-packages/airflow/example_dags/example_bash_operator.py
[2025-09-03T20:17:34.235+0200] {logging_mixin.py:137} INFO - [2025-09-03T20:17:34.235+0200] {dag.py:2705} INFO - Sync 1 DAGs
[2025-09-03T20:17:34.252+0200] {logging_mixin.py:137} INFO - [2025-09-03T20:17:34.252+0200] {dag.py:3452} INFO - Setting next_dagrun for example_bash_operator to 2025-09-02T00:00:00+00:00, run_after=2025-09-03T00:00:00+00:00
[2025-09-03T20:17:34.279+0200] {processor.py:175} INFO - Processing /home/varun/miniconda3/envs/python38/lib/python3.8/site-packages/airflow/example_dags/example_bash_operator.py took 0.096 seconds
[2025-09-03T20:18:21.870+0200] {processor.py:153} INFO - Started process (PID=5011) to work on /home/varun/miniconda3/envs/python38/lib/python3.8/site-packages/airflow/example_dags/example_bash_operator.py
[2025-09-03T20:18:21.872+0200] {processor.py:743} INFO - Processing file /home/varun/miniconda3/envs/python38/lib/python3.8/site-packages/airflow/example_dags/example_bash_operator.py for tasks to queue
[2025-09-03T20:18:21.873+0200] {logging_mixin.py:137} INFO - [2025-09-03T20:18:21.872+0200] {dagbag.py:532} INFO - Filling up the DagBag from /home/varun/miniconda3/envs/python38/lib/python3.8/site-packages/airflow/example_dags/example_bash_operator.py
[2025-09-03T20:18:21.893+0200] {processor.py:753} INFO - DAG(s) dict_keys(['example_bash_operator']) retrieved from /home/varun/miniconda3/envs/python38/lib/python3.8/site-packages/airflow/example_dags/example_bash_operator.py
[2025-09-03T20:18:21.921+0200] {logging_mixin.py:137} INFO - [2025-09-03T20:18:21.921+0200] {dag.py:2705} INFO - Sync 1 DAGs
[2025-09-03T20:18:21.941+0200] {logging_mixin.py:137} INFO - [2025-09-03T20:18:21.941+0200] {dag.py:3452} INFO - Setting next_dagrun for example_bash_operator to 2025-09-02T00:00:00+00:00, run_after=2025-09-03T00:00:00+00:00
[2025-09-03T20:18:21.964+0200] {processor.py:175} INFO - Processing /home/varun/miniconda3/envs/python38/lib/python3.8/site-packages/airflow/example_dags/example_bash_operator.py took 0.097 seconds
[2025-09-03T20:19:09.152+0200] {processor.py:153} INFO - Started process (PID=5053) to work on /home/varun/miniconda3/envs/python38/lib/python3.8/site-packages/airflow/example_dags/example_bash_operator.py
[2025-09-03T20:19:09.153+0200] {processor.py:743} INFO - Processing file /home/varun/miniconda3/envs/python38/lib/python3.8/site-packages/airflow/example_dags/example_bash_operator.py for tasks to queue
[2025-09-03T20:19:09.154+0200] {logging_mixin.py:137} INFO - [2025-09-03T20:19:09.154+0200] {dagbag.py:532} INFO - Filling up the DagBag from /home/varun/miniconda3/envs/python38/lib/python3.8/site-packages/airflow/example_dags/example_bash_operator.py
[2025-09-03T20:19:09.173+0200] {processor.py:753} INFO - DAG(s) dict_keys(['example_bash_operator']) retrieved from /home/varun/miniconda3/envs/python38/lib/python3.8/site-packages/airflow/example_dags/example_bash_operator.py
[2025-09-03T20:19:09.201+0200] {logging_mixin.py:137} INFO - [2025-09-03T20:19:09.201+0200] {dag.py:2705} INFO - Sync 1 DAGs
[2025-09-03T20:19:09.221+0200] {logging_mixin.py:137} INFO - [2025-09-03T20:19:09.220+0200] {dag.py:3452} INFO - Setting next_dagrun for example_bash_operator to 2025-09-02T00:00:00+00:00, run_after=2025-09-03T00:00:00+00:00
[2025-09-03T20:19:09.345+0200] {processor.py:175} INFO - Processing /home/varun/miniconda3/envs/python38/lib/python3.8/site-packages/airflow/example_dags/example_bash_operator.py took 0.197 seconds
[2025-09-03T20:19:58.446+0200] {processor.py:153} INFO - Started process (PID=5095) to work on /home/varun/miniconda3/envs/python38/lib/python3.8/site-packages/airflow/example_dags/example_bash_operator.py
[2025-09-03T20:19:58.448+0200] {processor.py:743} INFO - Processing file /home/varun/miniconda3/envs/python38/lib/python3.8/site-packages/airflow/example_dags/example_bash_operator.py for tasks to queue
[2025-09-03T20:19:58.449+0200] {logging_mixin.py:137} INFO - [2025-09-03T20:19:58.449+0200] {dagbag.py:532} INFO - Filling up the DagBag from /home/varun/miniconda3/envs/python38/lib/python3.8/site-packages/airflow/example_dags/example_bash_operator.py
[2025-09-03T20:19:58.471+0200] {processor.py:753} INFO - DAG(s) dict_keys(['example_bash_operator']) retrieved from /home/varun/miniconda3/envs/python38/lib/python3.8/site-packages/airflow/example_dags/example_bash_operator.py
[2025-09-03T20:19:58.501+0200] {logging_mixin.py:137} INFO - [2025-09-03T20:19:58.501+0200] {dag.py:2705} INFO - Sync 1 DAGs
[2025-09-03T20:19:58.643+0200] {logging_mixin.py:137} INFO - [2025-09-03T20:19:58.643+0200] {dag.py:3452} INFO - Setting next_dagrun for example_bash_operator to 2025-09-02T00:00:00+00:00, run_after=2025-09-03T00:00:00+00:00
[2025-09-03T20:19:58.667+0200] {processor.py:175} INFO - Processing /home/varun/miniconda3/envs/python38/lib/python3.8/site-packages/airflow/example_dags/example_bash_operator.py took 0.224 seconds
[2025-09-03T20:20:53.051+0200] {processor.py:153} INFO - Started process (PID=5137) to work on /home/varun/miniconda3/envs/python38/lib/python3.8/site-packages/airflow/example_dags/example_bash_operator.py
[2025-09-03T20:20:53.052+0200] {processor.py:743} INFO - Processing file /home/varun/miniconda3/envs/python38/lib/python3.8/site-packages/airflow/example_dags/example_bash_operator.py for tasks to queue
[2025-09-03T20:20:53.053+0200] {logging_mixin.py:137} INFO - [2025-09-03T20:20:53.053+0200] {dagbag.py:532} INFO - Filling up the DagBag from /home/varun/miniconda3/envs/python38/lib/python3.8/site-packages/airflow/example_dags/example_bash_operator.py
[2025-09-03T20:20:53.071+0200] {processor.py:753} INFO - DAG(s) dict_keys(['example_bash_operator']) retrieved from /home/varun/miniconda3/envs/python38/lib/python3.8/site-packages/airflow/example_dags/example_bash_operator.py
[2025-09-03T20:20:53.095+0200] {logging_mixin.py:137} INFO - [2025-09-03T20:20:53.095+0200] {dag.py:2705} INFO - Sync 1 DAGs
[2025-09-03T20:20:53.192+0200] {logging_mixin.py:137} INFO - [2025-09-03T20:20:53.192+0200] {dag.py:3452} INFO - Setting next_dagrun for example_bash_operator to 2025-09-02T00:00:00+00:00, run_after=2025-09-03T00:00:00+00:00
[2025-09-03T20:20:53.210+0200] {processor.py:175} INFO - Processing /home/varun/miniconda3/envs/python38/lib/python3.8/site-packages/airflow/example_dags/example_bash_operator.py took 0.163 seconds
[2025-09-03T20:21:41.406+0200] {processor.py:153} INFO - Started process (PID=5179) to work on /home/varun/miniconda3/envs/python38/lib/python3.8/site-packages/airflow/example_dags/example_bash_operator.py
[2025-09-03T20:21:41.408+0200] {processor.py:743} INFO - Processing file /home/varun/miniconda3/envs/python38/lib/python3.8/site-packages/airflow/example_dags/example_bash_operator.py for tasks to queue
[2025-09-03T20:21:41.409+0200] {logging_mixin.py:137} INFO - [2025-09-03T20:21:41.409+0200] {dagbag.py:532} INFO - Filling up the DagBag from /home/varun/miniconda3/envs/python38/lib/python3.8/site-packages/airflow/example_dags/example_bash_operator.py
[2025-09-03T20:21:41.428+0200] {processor.py:753} INFO - DAG(s) dict_keys(['example_bash_operator']) retrieved from /home/varun/miniconda3/envs/python38/lib/python3.8/site-packages/airflow/example_dags/example_bash_operator.py
[2025-09-03T20:21:41.549+0200] {logging_mixin.py:137} INFO - [2025-09-03T20:21:41.548+0200] {dag.py:2705} INFO - Sync 1 DAGs
[2025-09-03T20:21:41.564+0200] {logging_mixin.py:137} INFO - [2025-09-03T20:21:41.564+0200] {dag.py:3452} INFO - Setting next_dagrun for example_bash_operator to 2025-09-02T00:00:00+00:00, run_after=2025-09-03T00:00:00+00:00
[2025-09-03T20:21:41.587+0200] {processor.py:175} INFO - Processing /home/varun/miniconda3/envs/python38/lib/python3.8/site-packages/airflow/example_dags/example_bash_operator.py took 0.184 seconds
[2025-09-03T20:22:34.704+0200] {processor.py:153} INFO - Started process (PID=5221) to work on /home/varun/miniconda3/envs/python38/lib/python3.8/site-packages/airflow/example_dags/example_bash_operator.py
[2025-09-03T20:22:34.705+0200] {processor.py:743} INFO - Processing file /home/varun/miniconda3/envs/python38/lib/python3.8/site-packages/airflow/example_dags/example_bash_operator.py for tasks to queue
[2025-09-03T20:22:34.706+0200] {logging_mixin.py:137} INFO - [2025-09-03T20:22:34.706+0200] {dagbag.py:532} INFO - Filling up the DagBag from /home/varun/miniconda3/envs/python38/lib/python3.8/site-packages/airflow/example_dags/example_bash_operator.py
[2025-09-03T20:22:34.830+0200] {processor.py:753} INFO - DAG(s) dict_keys(['example_bash_operator']) retrieved from /home/varun/miniconda3/envs/python38/lib/python3.8/site-packages/airflow/example_dags/example_bash_operator.py
[2025-09-03T20:22:34.852+0200] {logging_mixin.py:137} INFO - [2025-09-03T20:22:34.852+0200] {dag.py:2705} INFO - Sync 1 DAGs
[2025-09-03T20:22:34.867+0200] {logging_mixin.py:137} INFO - [2025-09-03T20:22:34.867+0200] {dag.py:3452} INFO - Setting next_dagrun for example_bash_operator to 2025-09-02T00:00:00+00:00, run_after=2025-09-03T00:00:00+00:00
[2025-09-03T20:22:34.887+0200] {processor.py:175} INFO - Processing /home/varun/miniconda3/envs/python38/lib/python3.8/site-packages/airflow/example_dags/example_bash_operator.py took 0.187 seconds
[2025-09-03T20:23:23.843+0200] {processor.py:153} INFO - Started process (PID=5263) to work on /home/varun/miniconda3/envs/python38/lib/python3.8/site-packages/airflow/example_dags/example_bash_operator.py
[2025-09-03T20:23:23.845+0200] {processor.py:743} INFO - Processing file /home/varun/miniconda3/envs/python38/lib/python3.8/site-packages/airflow/example_dags/example_bash_operator.py for tasks to queue
[2025-09-03T20:23:23.846+0200] {logging_mixin.py:137} INFO - [2025-09-03T20:23:23.846+0200] {dagbag.py:532} INFO - Filling up the DagBag from /home/varun/miniconda3/envs/python38/lib/python3.8/site-packages/airflow/example_dags/example_bash_operator.py
[2025-09-03T20:23:23.881+0200] {processor.py:753} INFO - DAG(s) dict_keys(['example_bash_operator']) retrieved from /home/varun/miniconda3/envs/python38/lib/python3.8/site-packages/airflow/example_dags/example_bash_operator.py
[2025-09-03T20:23:23.916+0200] {logging_mixin.py:137} INFO - [2025-09-03T20:23:23.916+0200] {dag.py:2705} INFO - Sync 1 DAGs
[2025-09-03T20:23:23.939+0200] {logging_mixin.py:137} INFO - [2025-09-03T20:23:23.938+0200] {dag.py:3452} INFO - Setting next_dagrun for example_bash_operator to 2025-09-02T00:00:00+00:00, run_after=2025-09-03T00:00:00+00:00
[2025-09-03T20:23:23.962+0200] {processor.py:175} INFO - Processing /home/varun/miniconda3/envs/python38/lib/python3.8/site-packages/airflow/example_dags/example_bash_operator.py took 0.124 seconds
[2025-09-03T20:24:08.242+0200] {processor.py:153} INFO - Started process (PID=5306) to work on /home/varun/miniconda3/envs/python38/lib/python3.8/site-packages/airflow/example_dags/example_bash_operator.py
[2025-09-03T20:24:08.243+0200] {processor.py:743} INFO - Processing file /home/varun/miniconda3/envs/python38/lib/python3.8/site-packages/airflow/example_dags/example_bash_operator.py for tasks to queue
[2025-09-03T20:24:08.244+0200] {logging_mixin.py:137} INFO - [2025-09-03T20:24:08.244+0200] {dagbag.py:532} INFO - Filling up the DagBag from /home/varun/miniconda3/envs/python38/lib/python3.8/site-packages/airflow/example_dags/example_bash_operator.py
[2025-09-03T20:24:08.263+0200] {processor.py:753} INFO - DAG(s) dict_keys(['example_bash_operator']) retrieved from /home/varun/miniconda3/envs/python38/lib/python3.8/site-packages/airflow/example_dags/example_bash_operator.py
[2025-09-03T20:24:08.291+0200] {logging_mixin.py:137} INFO - [2025-09-03T20:24:08.291+0200] {dag.py:2705} INFO - Sync 1 DAGs
[2025-09-03T20:24:08.310+0200] {logging_mixin.py:137} INFO - [2025-09-03T20:24:08.310+0200] {dag.py:3452} INFO - Setting next_dagrun for example_bash_operator to 2025-09-02T00:00:00+00:00, run_after=2025-09-03T00:00:00+00:00
[2025-09-03T20:24:08.331+0200] {processor.py:175} INFO - Processing /home/varun/miniconda3/envs/python38/lib/python3.8/site-packages/airflow/example_dags/example_bash_operator.py took 0.092 seconds
[2025-09-03T20:24:58.391+0200] {processor.py:153} INFO - Started process (PID=5348) to work on /home/varun/miniconda3/envs/python38/lib/python3.8/site-packages/airflow/example_dags/example_bash_operator.py
[2025-09-03T20:24:58.392+0200] {processor.py:743} INFO - Processing file /home/varun/miniconda3/envs/python38/lib/python3.8/site-packages/airflow/example_dags/example_bash_operator.py for tasks to queue
[2025-09-03T20:24:58.393+0200] {logging_mixin.py:137} INFO - [2025-09-03T20:24:58.393+0200] {dagbag.py:532} INFO - Filling up the DagBag from /home/varun/miniconda3/envs/python38/lib/python3.8/site-packages/airflow/example_dags/example_bash_operator.py
[2025-09-03T20:24:58.414+0200] {processor.py:753} INFO - DAG(s) dict_keys(['example_bash_operator']) retrieved from /home/varun/miniconda3/envs/python38/lib/python3.8/site-packages/airflow/example_dags/example_bash_operator.py
[2025-09-03T20:24:58.445+0200] {logging_mixin.py:137} INFO - [2025-09-03T20:24:58.445+0200] {dag.py:2705} INFO - Sync 1 DAGs
[2025-09-03T20:24:58.465+0200] {logging_mixin.py:137} INFO - [2025-09-03T20:24:58.465+0200] {dag.py:3452} INFO - Setting next_dagrun for example_bash_operator to 2025-09-02T00:00:00+00:00, run_after=2025-09-03T00:00:00+00:00
[2025-09-03T20:24:58.487+0200] {processor.py:175} INFO - Processing /home/varun/miniconda3/envs/python38/lib/python3.8/site-packages/airflow/example_dags/example_bash_operator.py took 0.099 seconds
[2025-09-03T20:25:40.900+0200] {processor.py:153} INFO - Started process (PID=5390) to work on /home/varun/miniconda3/envs/python38/lib/python3.8/site-packages/airflow/example_dags/example_bash_operator.py
[2025-09-03T20:25:40.902+0200] {processor.py:743} INFO - Processing file /home/varun/miniconda3/envs/python38/lib/python3.8/site-packages/airflow/example_dags/example_bash_operator.py for tasks to queue
[2025-09-03T20:25:40.902+0200] {logging_mixin.py:137} INFO - [2025-09-03T20:25:40.902+0200] {dagbag.py:532} INFO - Filling up the DagBag from /home/varun/miniconda3/envs/python38/lib/python3.8/site-packages/airflow/example_dags/example_bash_operator.py
[2025-09-03T20:25:40.921+0200] {processor.py:753} INFO - DAG(s) dict_keys(['example_bash_operator']) retrieved from /home/varun/miniconda3/envs/python38/lib/python3.8/site-packages/airflow/example_dags/example_bash_operator.py
[2025-09-03T20:25:40.945+0200] {logging_mixin.py:137} INFO - [2025-09-03T20:25:40.945+0200] {dag.py:2705} INFO - Sync 1 DAGs
[2025-09-03T20:25:40.961+0200] {logging_mixin.py:137} INFO - [2025-09-03T20:25:40.960+0200] {dag.py:3452} INFO - Setting next_dagrun for example_bash_operator to 2025-09-02T00:00:00+00:00, run_after=2025-09-03T00:00:00+00:00
[2025-09-03T20:25:40.981+0200] {processor.py:175} INFO - Processing /home/varun/miniconda3/envs/python38/lib/python3.8/site-packages/airflow/example_dags/example_bash_operator.py took 0.084 seconds
[2025-09-03T20:26:25.948+0200] {processor.py:153} INFO - Started process (PID=5432) to work on /home/varun/miniconda3/envs/python38/lib/python3.8/site-packages/airflow/example_dags/example_bash_operator.py
[2025-09-03T20:26:25.949+0200] {processor.py:743} INFO - Processing file /home/varun/miniconda3/envs/python38/lib/python3.8/site-packages/airflow/example_dags/example_bash_operator.py for tasks to queue
[2025-09-03T20:26:25.950+0200] {logging_mixin.py:137} INFO - [2025-09-03T20:26:25.950+0200] {dagbag.py:532} INFO - Filling up the DagBag from /home/varun/miniconda3/envs/python38/lib/python3.8/site-packages/airflow/example_dags/example_bash_operator.py
[2025-09-03T20:26:25.971+0200] {processor.py:753} INFO - DAG(s) dict_keys(['example_bash_operator']) retrieved from /home/varun/miniconda3/envs/python38/lib/python3.8/site-packages/airflow/example_dags/example_bash_operator.py
[2025-09-03T20:26:25.997+0200] {logging_mixin.py:137} INFO - [2025-09-03T20:26:25.996+0200] {dag.py:2705} INFO - Sync 1 DAGs
[2025-09-03T20:26:26.015+0200] {logging_mixin.py:137} INFO - [2025-09-03T20:26:26.014+0200] {dag.py:3452} INFO - Setting next_dagrun for example_bash_operator to 2025-09-02T00:00:00+00:00, run_after=2025-09-03T00:00:00+00:00
[2025-09-03T20:26:26.039+0200] {processor.py:175} INFO - Processing /home/varun/miniconda3/envs/python38/lib/python3.8/site-packages/airflow/example_dags/example_bash_operator.py took 0.095 seconds
[2025-09-03T20:27:15.439+0200] {processor.py:153} INFO - Started process (PID=5474) to work on /home/varun/miniconda3/envs/python38/lib/python3.8/site-packages/airflow/example_dags/example_bash_operator.py
[2025-09-03T20:27:15.441+0200] {processor.py:743} INFO - Processing file /home/varun/miniconda3/envs/python38/lib/python3.8/site-packages/airflow/example_dags/example_bash_operator.py for tasks to queue
[2025-09-03T20:27:15.441+0200] {logging_mixin.py:137} INFO - [2025-09-03T20:27:15.441+0200] {dagbag.py:532} INFO - Filling up the DagBag from /home/varun/miniconda3/envs/python38/lib/python3.8/site-packages/airflow/example_dags/example_bash_operator.py
[2025-09-03T20:27:15.461+0200] {processor.py:753} INFO - DAG(s) dict_keys(['example_bash_operator']) retrieved from /home/varun/miniconda3/envs/python38/lib/python3.8/site-packages/airflow/example_dags/example_bash_operator.py
[2025-09-03T20:27:15.488+0200] {logging_mixin.py:137} INFO - [2025-09-03T20:27:15.488+0200] {dag.py:2705} INFO - Sync 1 DAGs
[2025-09-03T20:27:15.508+0200] {logging_mixin.py:137} INFO - [2025-09-03T20:27:15.508+0200] {dag.py:3452} INFO - Setting next_dagrun for example_bash_operator to 2025-09-02T00:00:00+00:00, run_after=2025-09-03T00:00:00+00:00
[2025-09-03T20:27:15.535+0200] {processor.py:175} INFO - Processing /home/varun/miniconda3/envs/python38/lib/python3.8/site-packages/airflow/example_dags/example_bash_operator.py took 0.099 seconds
[2025-09-03T20:28:02.497+0200] {processor.py:153} INFO - Started process (PID=5516) to work on /home/varun/miniconda3/envs/python38/lib/python3.8/site-packages/airflow/example_dags/example_bash_operator.py
[2025-09-03T20:28:02.499+0200] {processor.py:743} INFO - Processing file /home/varun/miniconda3/envs/python38/lib/python3.8/site-packages/airflow/example_dags/example_bash_operator.py for tasks to queue
[2025-09-03T20:28:02.500+0200] {logging_mixin.py:137} INFO - [2025-09-03T20:28:02.500+0200] {dagbag.py:532} INFO - Filling up the DagBag from /home/varun/miniconda3/envs/python38/lib/python3.8/site-packages/airflow/example_dags/example_bash_operator.py
[2025-09-03T20:28:02.524+0200] {processor.py:753} INFO - DAG(s) dict_keys(['example_bash_operator']) retrieved from /home/varun/miniconda3/envs/python38/lib/python3.8/site-packages/airflow/example_dags/example_bash_operator.py
[2025-09-03T20:28:02.557+0200] {logging_mixin.py:137} INFO - [2025-09-03T20:28:02.557+0200] {dag.py:2705} INFO - Sync 1 DAGs
[2025-09-03T20:28:02.582+0200] {logging_mixin.py:137} INFO - [2025-09-03T20:28:02.582+0200] {dag.py:3452} INFO - Setting next_dagrun for example_bash_operator to 2025-09-02T00:00:00+00:00, run_after=2025-09-03T00:00:00+00:00
[2025-09-03T20:28:02.608+0200] {processor.py:175} INFO - Processing /home/varun/miniconda3/envs/python38/lib/python3.8/site-packages/airflow/example_dags/example_bash_operator.py took 0.115 seconds
[2025-09-03T20:28:48.289+0200] {processor.py:153} INFO - Started process (PID=5558) to work on /home/varun/miniconda3/envs/python38/lib/python3.8/site-packages/airflow/example_dags/example_bash_operator.py
[2025-09-03T20:28:48.291+0200] {processor.py:743} INFO - Processing file /home/varun/miniconda3/envs/python38/lib/python3.8/site-packages/airflow/example_dags/example_bash_operator.py for tasks to queue
[2025-09-03T20:28:48.291+0200] {logging_mixin.py:137} INFO - [2025-09-03T20:28:48.291+0200] {dagbag.py:532} INFO - Filling up the DagBag from /home/varun/miniconda3/envs/python38/lib/python3.8/site-packages/airflow/example_dags/example_bash_operator.py
[2025-09-03T20:28:48.312+0200] {processor.py:753} INFO - DAG(s) dict_keys(['example_bash_operator']) retrieved from /home/varun/miniconda3/envs/python38/lib/python3.8/site-packages/airflow/example_dags/example_bash_operator.py
[2025-09-03T20:28:48.337+0200] {logging_mixin.py:137} INFO - [2025-09-03T20:28:48.337+0200] {dag.py:2705} INFO - Sync 1 DAGs
[2025-09-03T20:28:48.353+0200] {logging_mixin.py:137} INFO - [2025-09-03T20:28:48.353+0200] {dag.py:3452} INFO - Setting next_dagrun for example_bash_operator to 2025-09-02T00:00:00+00:00, run_after=2025-09-03T00:00:00+00:00
[2025-09-03T20:28:48.374+0200] {processor.py:175} INFO - Processing /home/varun/miniconda3/envs/python38/lib/python3.8/site-packages/airflow/example_dags/example_bash_operator.py took 0.088 seconds
[2025-09-03T20:29:33.869+0200] {processor.py:153} INFO - Started process (PID=5601) to work on /home/varun/miniconda3/envs/python38/lib/python3.8/site-packages/airflow/example_dags/example_bash_operator.py
[2025-09-03T20:29:33.870+0200] {processor.py:743} INFO - Processing file /home/varun/miniconda3/envs/python38/lib/python3.8/site-packages/airflow/example_dags/example_bash_operator.py for tasks to queue
[2025-09-03T20:29:33.871+0200] {logging_mixin.py:137} INFO - [2025-09-03T20:29:33.871+0200] {dagbag.py:532} INFO - Filling up the DagBag from /home/varun/miniconda3/envs/python38/lib/python3.8/site-packages/airflow/example_dags/example_bash_operator.py
[2025-09-03T20:29:33.890+0200] {processor.py:753} INFO - DAG(s) dict_keys(['example_bash_operator']) retrieved from /home/varun/miniconda3/envs/python38/lib/python3.8/site-packages/airflow/example_dags/example_bash_operator.py
[2025-09-03T20:29:33.915+0200] {logging_mixin.py:137} INFO - [2025-09-03T20:29:33.915+0200] {dag.py:2705} INFO - Sync 1 DAGs
[2025-09-03T20:29:33.930+0200] {logging_mixin.py:137} INFO - [2025-09-03T20:29:33.930+0200] {dag.py:3452} INFO - Setting next_dagrun for example_bash_operator to 2025-09-02T00:00:00+00:00, run_after=2025-09-03T00:00:00+00:00
[2025-09-03T20:29:33.951+0200] {processor.py:175} INFO - Processing /home/varun/miniconda3/envs/python38/lib/python3.8/site-packages/airflow/example_dags/example_bash_operator.py took 0.086 seconds
[2025-09-03T20:30:22.732+0200] {processor.py:153} INFO - Started process (PID=5643) to work on /home/varun/miniconda3/envs/python38/lib/python3.8/site-packages/airflow/example_dags/example_bash_operator.py
[2025-09-03T20:30:22.734+0200] {processor.py:743} INFO - Processing file /home/varun/miniconda3/envs/python38/lib/python3.8/site-packages/airflow/example_dags/example_bash_operator.py for tasks to queue
[2025-09-03T20:30:22.735+0200] {logging_mixin.py:137} INFO - [2025-09-03T20:30:22.735+0200] {dagbag.py:532} INFO - Filling up the DagBag from /home/varun/miniconda3/envs/python38/lib/python3.8/site-packages/airflow/example_dags/example_bash_operator.py
[2025-09-03T20:30:22.756+0200] {processor.py:753} INFO - DAG(s) dict_keys(['example_bash_operator']) retrieved from /home/varun/miniconda3/envs/python38/lib/python3.8/site-packages/airflow/example_dags/example_bash_operator.py
[2025-09-03T20:30:22.780+0200] {logging_mixin.py:137} INFO - [2025-09-03T20:30:22.780+0200] {dag.py:2705} INFO - Sync 1 DAGs
[2025-09-03T20:30:22.796+0200] {logging_mixin.py:137} INFO - [2025-09-03T20:30:22.796+0200] {dag.py:3452} INFO - Setting next_dagrun for example_bash_operator to 2025-09-02T00:00:00+00:00, run_after=2025-09-03T00:00:00+00:00
[2025-09-03T20:30:22.820+0200] {processor.py:175} INFO - Processing /home/varun/miniconda3/envs/python38/lib/python3.8/site-packages/airflow/example_dags/example_bash_operator.py took 0.091 seconds
[2025-09-03T20:31:06.631+0200] {processor.py:153} INFO - Started process (PID=5685) to work on /home/varun/miniconda3/envs/python38/lib/python3.8/site-packages/airflow/example_dags/example_bash_operator.py
[2025-09-03T20:31:06.633+0200] {processor.py:743} INFO - Processing file /home/varun/miniconda3/envs/python38/lib/python3.8/site-packages/airflow/example_dags/example_bash_operator.py for tasks to queue
[2025-09-03T20:31:06.633+0200] {logging_mixin.py:137} INFO - [2025-09-03T20:31:06.633+0200] {dagbag.py:532} INFO - Filling up the DagBag from /home/varun/miniconda3/envs/python38/lib/python3.8/site-packages/airflow/example_dags/example_bash_operator.py
[2025-09-03T20:31:06.652+0200] {processor.py:753} INFO - DAG(s) dict_keys(['example_bash_operator']) retrieved from /home/varun/miniconda3/envs/python38/lib/python3.8/site-packages/airflow/example_dags/example_bash_operator.py
[2025-09-03T20:31:06.678+0200] {logging_mixin.py:137} INFO - [2025-09-03T20:31:06.678+0200] {dag.py:2705} INFO - Sync 1 DAGs
[2025-09-03T20:31:06.702+0200] {logging_mixin.py:137} INFO - [2025-09-03T20:31:06.702+0200] {dag.py:3452} INFO - Setting next_dagrun for example_bash_operator to 2025-09-02T00:00:00+00:00, run_after=2025-09-03T00:00:00+00:00
[2025-09-03T20:31:06.723+0200] {processor.py:175} INFO - Processing /home/varun/miniconda3/envs/python38/lib/python3.8/site-packages/airflow/example_dags/example_bash_operator.py took 0.095 seconds
[2025-09-03T20:31:52.002+0200] {processor.py:153} INFO - Started process (PID=5727) to work on /home/varun/miniconda3/envs/python38/lib/python3.8/site-packages/airflow/example_dags/example_bash_operator.py
[2025-09-03T20:31:52.004+0200] {processor.py:743} INFO - Processing file /home/varun/miniconda3/envs/python38/lib/python3.8/site-packages/airflow/example_dags/example_bash_operator.py for tasks to queue
[2025-09-03T20:31:52.005+0200] {logging_mixin.py:137} INFO - [2025-09-03T20:31:52.005+0200] {dagbag.py:532} INFO - Filling up the DagBag from /home/varun/miniconda3/envs/python38/lib/python3.8/site-packages/airflow/example_dags/example_bash_operator.py
[2025-09-03T20:31:52.031+0200] {processor.py:753} INFO - DAG(s) dict_keys(['example_bash_operator']) retrieved from /home/varun/miniconda3/envs/python38/lib/python3.8/site-packages/airflow/example_dags/example_bash_operator.py
[2025-09-03T20:31:52.069+0200] {logging_mixin.py:137} INFO - [2025-09-03T20:31:52.069+0200] {dag.py:2705} INFO - Sync 1 DAGs
[2025-09-03T20:31:52.091+0200] {logging_mixin.py:137} INFO - [2025-09-03T20:31:52.091+0200] {dag.py:3452} INFO - Setting next_dagrun for example_bash_operator to 2025-09-02T00:00:00+00:00, run_after=2025-09-03T00:00:00+00:00
[2025-09-03T20:31:52.118+0200] {processor.py:175} INFO - Processing /home/varun/miniconda3/envs/python38/lib/python3.8/site-packages/airflow/example_dags/example_bash_operator.py took 0.119 seconds
[2025-09-03T20:32:39.630+0200] {processor.py:153} INFO - Started process (PID=5769) to work on /home/varun/miniconda3/envs/python38/lib/python3.8/site-packages/airflow/example_dags/example_bash_operator.py
[2025-09-03T20:32:39.631+0200] {processor.py:743} INFO - Processing file /home/varun/miniconda3/envs/python38/lib/python3.8/site-packages/airflow/example_dags/example_bash_operator.py for tasks to queue
[2025-09-03T20:32:39.632+0200] {logging_mixin.py:137} INFO - [2025-09-03T20:32:39.632+0200] {dagbag.py:532} INFO - Filling up the DagBag from /home/varun/miniconda3/envs/python38/lib/python3.8/site-packages/airflow/example_dags/example_bash_operator.py
[2025-09-03T20:32:39.650+0200] {processor.py:753} INFO - DAG(s) dict_keys(['example_bash_operator']) retrieved from /home/varun/miniconda3/envs/python38/lib/python3.8/site-packages/airflow/example_dags/example_bash_operator.py
[2025-09-03T20:32:39.677+0200] {logging_mixin.py:137} INFO - [2025-09-03T20:32:39.677+0200] {dag.py:2705} INFO - Sync 1 DAGs
[2025-09-03T20:32:39.694+0200] {logging_mixin.py:137} INFO - [2025-09-03T20:32:39.694+0200] {dag.py:3452} INFO - Setting next_dagrun for example_bash_operator to 2025-09-02T00:00:00+00:00, run_after=2025-09-03T00:00:00+00:00
[2025-09-03T20:32:39.716+0200] {processor.py:175} INFO - Processing /home/varun/miniconda3/envs/python38/lib/python3.8/site-packages/airflow/example_dags/example_bash_operator.py took 0.089 seconds
[2025-09-03T20:33:25.282+0200] {processor.py:153} INFO - Started process (PID=5811) to work on /home/varun/miniconda3/envs/python38/lib/python3.8/site-packages/airflow/example_dags/example_bash_operator.py
[2025-09-03T20:33:25.283+0200] {processor.py:743} INFO - Processing file /home/varun/miniconda3/envs/python38/lib/python3.8/site-packages/airflow/example_dags/example_bash_operator.py for tasks to queue
[2025-09-03T20:33:25.284+0200] {logging_mixin.py:137} INFO - [2025-09-03T20:33:25.284+0200] {dagbag.py:532} INFO - Filling up the DagBag from /home/varun/miniconda3/envs/python38/lib/python3.8/site-packages/airflow/example_dags/example_bash_operator.py
[2025-09-03T20:33:25.302+0200] {processor.py:753} INFO - DAG(s) dict_keys(['example_bash_operator']) retrieved from /home/varun/miniconda3/envs/python38/lib/python3.8/site-packages/airflow/example_dags/example_bash_operator.py
[2025-09-03T20:33:25.327+0200] {logging_mixin.py:137} INFO - [2025-09-03T20:33:25.327+0200] {dag.py:2705} INFO - Sync 1 DAGs
[2025-09-03T20:33:25.343+0200] {logging_mixin.py:137} INFO - [2025-09-03T20:33:25.342+0200] {dag.py:3452} INFO - Setting next_dagrun for example_bash_operator to 2025-09-02T00:00:00+00:00, run_after=2025-09-03T00:00:00+00:00
[2025-09-03T20:33:25.362+0200] {processor.py:175} INFO - Processing /home/varun/miniconda3/envs/python38/lib/python3.8/site-packages/airflow/example_dags/example_bash_operator.py took 0.084 seconds
[2025-09-03T20:34:11.214+0200] {processor.py:153} INFO - Started process (PID=5853) to work on /home/varun/miniconda3/envs/python38/lib/python3.8/site-packages/airflow/example_dags/example_bash_operator.py
[2025-09-03T20:34:11.216+0200] {processor.py:743} INFO - Processing file /home/varun/miniconda3/envs/python38/lib/python3.8/site-packages/airflow/example_dags/example_bash_operator.py for tasks to queue
[2025-09-03T20:34:11.217+0200] {logging_mixin.py:137} INFO - [2025-09-03T20:34:11.217+0200] {dagbag.py:532} INFO - Filling up the DagBag from /home/varun/miniconda3/envs/python38/lib/python3.8/site-packages/airflow/example_dags/example_bash_operator.py
[2025-09-03T20:34:11.241+0200] {processor.py:753} INFO - DAG(s) dict_keys(['example_bash_operator']) retrieved from /home/varun/miniconda3/envs/python38/lib/python3.8/site-packages/airflow/example_dags/example_bash_operator.py
[2025-09-03T20:34:11.272+0200] {logging_mixin.py:137} INFO - [2025-09-03T20:34:11.272+0200] {dag.py:2705} INFO - Sync 1 DAGs
[2025-09-03T20:34:11.293+0200] {logging_mixin.py:137} INFO - [2025-09-03T20:34:11.293+0200] {dag.py:3452} INFO - Setting next_dagrun for example_bash_operator to 2025-09-02T00:00:00+00:00, run_after=2025-09-03T00:00:00+00:00
[2025-09-03T20:34:11.317+0200] {processor.py:175} INFO - Processing /home/varun/miniconda3/envs/python38/lib/python3.8/site-packages/airflow/example_dags/example_bash_operator.py took 0.108 seconds
[2025-09-03T20:34:54.675+0200] {processor.py:153} INFO - Started process (PID=5896) to work on /home/varun/miniconda3/envs/python38/lib/python3.8/site-packages/airflow/example_dags/example_bash_operator.py
[2025-09-03T20:34:54.676+0200] {processor.py:743} INFO - Processing file /home/varun/miniconda3/envs/python38/lib/python3.8/site-packages/airflow/example_dags/example_bash_operator.py for tasks to queue
[2025-09-03T20:34:54.677+0200] {logging_mixin.py:137} INFO - [2025-09-03T20:34:54.677+0200] {dagbag.py:532} INFO - Filling up the DagBag from /home/varun/miniconda3/envs/python38/lib/python3.8/site-packages/airflow/example_dags/example_bash_operator.py
[2025-09-03T20:34:54.696+0200] {processor.py:753} INFO - DAG(s) dict_keys(['example_bash_operator']) retrieved from /home/varun/miniconda3/envs/python38/lib/python3.8/site-packages/airflow/example_dags/example_bash_operator.py
[2025-09-03T20:34:54.720+0200] {logging_mixin.py:137} INFO - [2025-09-03T20:34:54.719+0200] {dag.py:2705} INFO - Sync 1 DAGs
[2025-09-03T20:34:54.736+0200] {logging_mixin.py:137} INFO - [2025-09-03T20:34:54.736+0200] {dag.py:3452} INFO - Setting next_dagrun for example_bash_operator to 2025-09-02T00:00:00+00:00, run_after=2025-09-03T00:00:00+00:00
[2025-09-03T20:34:54.757+0200] {processor.py:175} INFO - Processing /home/varun/miniconda3/envs/python38/lib/python3.8/site-packages/airflow/example_dags/example_bash_operator.py took 0.085 seconds
[2025-09-03T20:35:45.432+0200] {processor.py:153} INFO - Started process (PID=5938) to work on /home/varun/miniconda3/envs/python38/lib/python3.8/site-packages/airflow/example_dags/example_bash_operator.py
[2025-09-03T20:35:45.434+0200] {processor.py:743} INFO - Processing file /home/varun/miniconda3/envs/python38/lib/python3.8/site-packages/airflow/example_dags/example_bash_operator.py for tasks to queue
[2025-09-03T20:35:45.434+0200] {logging_mixin.py:137} INFO - [2025-09-03T20:35:45.434+0200] {dagbag.py:532} INFO - Filling up the DagBag from /home/varun/miniconda3/envs/python38/lib/python3.8/site-packages/airflow/example_dags/example_bash_operator.py
[2025-09-03T20:35:45.453+0200] {processor.py:753} INFO - DAG(s) dict_keys(['example_bash_operator']) retrieved from /home/varun/miniconda3/envs/python38/lib/python3.8/site-packages/airflow/example_dags/example_bash_operator.py
[2025-09-03T20:35:45.476+0200] {logging_mixin.py:137} INFO - [2025-09-03T20:35:45.476+0200] {dag.py:2705} INFO - Sync 1 DAGs
[2025-09-03T20:35:45.492+0200] {logging_mixin.py:137} INFO - [2025-09-03T20:35:45.492+0200] {dag.py:3452} INFO - Setting next_dagrun for example_bash_operator to 2025-09-02T00:00:00+00:00, run_after=2025-09-03T00:00:00+00:00
[2025-09-03T20:35:45.513+0200] {processor.py:175} INFO - Processing /home/varun/miniconda3/envs/python38/lib/python3.8/site-packages/airflow/example_dags/example_bash_operator.py took 0.084 seconds
[2025-09-03T20:36:29.220+0200] {processor.py:153} INFO - Started process (PID=5980) to work on /home/varun/miniconda3/envs/python38/lib/python3.8/site-packages/airflow/example_dags/example_bash_operator.py
[2025-09-03T20:36:29.221+0200] {processor.py:743} INFO - Processing file /home/varun/miniconda3/envs/python38/lib/python3.8/site-packages/airflow/example_dags/example_bash_operator.py for tasks to queue
[2025-09-03T20:36:29.222+0200] {logging_mixin.py:137} INFO - [2025-09-03T20:36:29.222+0200] {dagbag.py:532} INFO - Filling up the DagBag from /home/varun/miniconda3/envs/python38/lib/python3.8/site-packages/airflow/example_dags/example_bash_operator.py
[2025-09-03T20:36:29.246+0200] {processor.py:753} INFO - DAG(s) dict_keys(['example_bash_operator']) retrieved from /home/varun/miniconda3/envs/python38/lib/python3.8/site-packages/airflow/example_dags/example_bash_operator.py
[2025-09-03T20:36:29.274+0200] {logging_mixin.py:137} INFO - [2025-09-03T20:36:29.274+0200] {dag.py:2705} INFO - Sync 1 DAGs
[2025-09-03T20:36:29.291+0200] {logging_mixin.py:137} INFO - [2025-09-03T20:36:29.291+0200] {dag.py:3452} INFO - Setting next_dagrun for example_bash_operator to 2025-09-02T00:00:00+00:00, run_after=2025-09-03T00:00:00+00:00
[2025-09-03T20:36:29.316+0200] {processor.py:175} INFO - Processing /home/varun/miniconda3/envs/python38/lib/python3.8/site-packages/airflow/example_dags/example_bash_operator.py took 0.100 seconds
