[2025-09-03T19:42:14.779+0200] {processor.py:153} INFO - Started process (PID=3082) to work on /home/varun/miniconda3/envs/python38/lib/python3.8/site-packages/airflow/example_dags/tutorial.py
[2025-09-03T19:42:14.780+0200] {processor.py:743} INFO - Processing file /home/varun/miniconda3/envs/python38/lib/python3.8/site-packages/airflow/example_dags/tutorial.py for tasks to queue
[2025-09-03T19:42:14.781+0200] {logging_mixin.py:137} INFO - [2025-09-03T19:42:14.781+0200] {dagbag.py:532} INFO - Filling up the DagBag from /home/varun/miniconda3/envs/python38/lib/python3.8/site-packages/airflow/example_dags/tutorial.py
[2025-09-03T19:42:14.796+0200] {processor.py:753} INFO - DAG(s) dict_keys(['tutorial']) retrieved from /home/varun/miniconda3/envs/python38/lib/python3.8/site-packages/airflow/example_dags/tutorial.py
[2025-09-03T19:42:14.894+0200] {logging_mixin.py:137} INFO - [2025-09-03T19:42:14.894+0200] {manager.py:504} INFO - Created Permission View: can edit on DAG:tutorial
[2025-09-03T19:42:14.906+0200] {logging_mixin.py:137} INFO - [2025-09-03T19:42:14.906+0200] {manager.py:504} INFO - Created Permission View: can delete on DAG:tutorial
[2025-09-03T19:42:14.917+0200] {logging_mixin.py:137} INFO - [2025-09-03T19:42:14.916+0200] {manager.py:504} INFO - Created Permission View: can read on DAG:tutorial
[2025-09-03T19:42:14.917+0200] {logging_mixin.py:137} INFO - [2025-09-03T19:42:14.917+0200] {dag.py:2705} INFO - Sync 1 DAGs
[2025-09-03T19:42:14.927+0200] {logging_mixin.py:137} INFO - [2025-09-03T19:42:14.927+0200] {dag.py:2726} INFO - Creating ORM DAG for tutorial
[2025-09-03T19:42:14.935+0200] {logging_mixin.py:137} INFO - [2025-09-03T19:42:14.935+0200] {dag.py:3452} INFO - Setting next_dagrun for tutorial to 2025-09-02T17:42:14.935526+00:00, run_after=2025-09-03T17:42:14.935526+00:00
[2025-09-03T19:42:14.960+0200] {processor.py:175} INFO - Processing /home/varun/miniconda3/envs/python38/lib/python3.8/site-packages/airflow/example_dags/tutorial.py took 0.184 seconds
[2025-09-03T19:43:08.293+0200] {processor.py:153} INFO - Started process (PID=3124) to work on /home/varun/miniconda3/envs/python38/lib/python3.8/site-packages/airflow/example_dags/tutorial.py
[2025-09-03T19:43:08.294+0200] {processor.py:743} INFO - Processing file /home/varun/miniconda3/envs/python38/lib/python3.8/site-packages/airflow/example_dags/tutorial.py for tasks to queue
[2025-09-03T19:43:08.295+0200] {logging_mixin.py:137} INFO - [2025-09-03T19:43:08.295+0200] {dagbag.py:532} INFO - Filling up the DagBag from /home/varun/miniconda3/envs/python38/lib/python3.8/site-packages/airflow/example_dags/tutorial.py
[2025-09-03T19:43:08.312+0200] {processor.py:753} INFO - DAG(s) dict_keys(['tutorial']) retrieved from /home/varun/miniconda3/envs/python38/lib/python3.8/site-packages/airflow/example_dags/tutorial.py
[2025-09-03T19:43:08.330+0200] {logging_mixin.py:137} INFO - [2025-09-03T19:43:08.330+0200] {dag.py:2705} INFO - Sync 1 DAGs
[2025-09-03T19:43:08.348+0200] {logging_mixin.py:137} INFO - [2025-09-03T19:43:08.348+0200] {dag.py:3452} INFO - Setting next_dagrun for tutorial to 2025-09-02T17:43:08.348244+00:00, run_after=2025-09-03T17:43:08.348244+00:00
[2025-09-03T19:43:08.373+0200] {processor.py:175} INFO - Processing /home/varun/miniconda3/envs/python38/lib/python3.8/site-packages/airflow/example_dags/tutorial.py took 0.084 seconds
[2025-09-03T19:43:54.552+0200] {processor.py:153} INFO - Started process (PID=3166) to work on /home/varun/miniconda3/envs/python38/lib/python3.8/site-packages/airflow/example_dags/tutorial.py
[2025-09-03T19:43:54.554+0200] {processor.py:743} INFO - Processing file /home/varun/miniconda3/envs/python38/lib/python3.8/site-packages/airflow/example_dags/tutorial.py for tasks to queue
[2025-09-03T19:43:54.554+0200] {logging_mixin.py:137} INFO - [2025-09-03T19:43:54.554+0200] {dagbag.py:532} INFO - Filling up the DagBag from /home/varun/miniconda3/envs/python38/lib/python3.8/site-packages/airflow/example_dags/tutorial.py
[2025-09-03T19:43:54.569+0200] {processor.py:753} INFO - DAG(s) dict_keys(['tutorial']) retrieved from /home/varun/miniconda3/envs/python38/lib/python3.8/site-packages/airflow/example_dags/tutorial.py
[2025-09-03T19:43:54.591+0200] {logging_mixin.py:137} INFO - [2025-09-03T19:43:54.591+0200] {dag.py:2705} INFO - Sync 1 DAGs
[2025-09-03T19:43:54.614+0200] {logging_mixin.py:137} INFO - [2025-09-03T19:43:54.614+0200] {dag.py:3452} INFO - Setting next_dagrun for tutorial to 2025-09-02T17:43:54.614274+00:00, run_after=2025-09-03T17:43:54.614274+00:00
[2025-09-03T19:43:54.641+0200] {processor.py:175} INFO - Processing /home/varun/miniconda3/envs/python38/lib/python3.8/site-packages/airflow/example_dags/tutorial.py took 0.091 seconds
[2025-09-03T19:44:42.056+0200] {processor.py:153} INFO - Started process (PID=3208) to work on /home/varun/miniconda3/envs/python38/lib/python3.8/site-packages/airflow/example_dags/tutorial.py
[2025-09-03T19:44:42.058+0200] {processor.py:743} INFO - Processing file /home/varun/miniconda3/envs/python38/lib/python3.8/site-packages/airflow/example_dags/tutorial.py for tasks to queue
[2025-09-03T19:44:42.059+0200] {logging_mixin.py:137} INFO - [2025-09-03T19:44:42.059+0200] {dagbag.py:532} INFO - Filling up the DagBag from /home/varun/miniconda3/envs/python38/lib/python3.8/site-packages/airflow/example_dags/tutorial.py
[2025-09-03T19:44:42.080+0200] {processor.py:753} INFO - DAG(s) dict_keys(['tutorial']) retrieved from /home/varun/miniconda3/envs/python38/lib/python3.8/site-packages/airflow/example_dags/tutorial.py
[2025-09-03T19:44:42.106+0200] {logging_mixin.py:137} INFO - [2025-09-03T19:44:42.106+0200] {dag.py:2705} INFO - Sync 1 DAGs
[2025-09-03T19:44:42.132+0200] {logging_mixin.py:137} INFO - [2025-09-03T19:44:42.132+0200] {dag.py:3452} INFO - Setting next_dagrun for tutorial to 2025-09-02T17:44:42.132226+00:00, run_after=2025-09-03T17:44:42.132226+00:00
[2025-09-03T19:44:42.161+0200] {processor.py:175} INFO - Processing /home/varun/miniconda3/envs/python38/lib/python3.8/site-packages/airflow/example_dags/tutorial.py took 0.109 seconds
[2025-09-03T19:45:32.467+0200] {processor.py:153} INFO - Started process (PID=3279) to work on /home/varun/miniconda3/envs/python38/lib/python3.8/site-packages/airflow/example_dags/tutorial.py
[2025-09-03T19:45:32.468+0200] {processor.py:743} INFO - Processing file /home/varun/miniconda3/envs/python38/lib/python3.8/site-packages/airflow/example_dags/tutorial.py for tasks to queue
[2025-09-03T19:45:32.469+0200] {logging_mixin.py:137} INFO - [2025-09-03T19:45:32.469+0200] {dagbag.py:532} INFO - Filling up the DagBag from /home/varun/miniconda3/envs/python38/lib/python3.8/site-packages/airflow/example_dags/tutorial.py
[2025-09-03T19:45:32.483+0200] {processor.py:753} INFO - DAG(s) dict_keys(['tutorial']) retrieved from /home/varun/miniconda3/envs/python38/lib/python3.8/site-packages/airflow/example_dags/tutorial.py
[2025-09-03T19:45:32.501+0200] {logging_mixin.py:137} INFO - [2025-09-03T19:45:32.501+0200] {dag.py:2705} INFO - Sync 1 DAGs
[2025-09-03T19:45:32.517+0200] {logging_mixin.py:137} INFO - [2025-09-03T19:45:32.517+0200] {dag.py:3452} INFO - Setting next_dagrun for tutorial to 2025-09-02T17:45:32.517256+00:00, run_after=2025-09-03T17:45:32.517256+00:00
[2025-09-03T19:45:32.538+0200] {processor.py:175} INFO - Processing /home/varun/miniconda3/envs/python38/lib/python3.8/site-packages/airflow/example_dags/tutorial.py took 0.075 seconds
[2025-09-03T19:46:17.062+0200] {processor.py:153} INFO - Started process (PID=3321) to work on /home/varun/miniconda3/envs/python38/lib/python3.8/site-packages/airflow/example_dags/tutorial.py
[2025-09-03T19:46:17.064+0200] {processor.py:743} INFO - Processing file /home/varun/miniconda3/envs/python38/lib/python3.8/site-packages/airflow/example_dags/tutorial.py for tasks to queue
[2025-09-03T19:46:17.064+0200] {logging_mixin.py:137} INFO - [2025-09-03T19:46:17.064+0200] {dagbag.py:532} INFO - Filling up the DagBag from /home/varun/miniconda3/envs/python38/lib/python3.8/site-packages/airflow/example_dags/tutorial.py
[2025-09-03T19:46:17.081+0200] {processor.py:753} INFO - DAG(s) dict_keys(['tutorial']) retrieved from /home/varun/miniconda3/envs/python38/lib/python3.8/site-packages/airflow/example_dags/tutorial.py
[2025-09-03T19:46:17.100+0200] {logging_mixin.py:137} INFO - [2025-09-03T19:46:17.100+0200] {dag.py:2705} INFO - Sync 1 DAGs
[2025-09-03T19:46:17.119+0200] {logging_mixin.py:137} INFO - [2025-09-03T19:46:17.119+0200] {dag.py:3452} INFO - Setting next_dagrun for tutorial to 2025-09-02T17:46:17.118767+00:00, run_after=2025-09-03T17:46:17.118767+00:00
[2025-09-03T19:46:17.142+0200] {processor.py:175} INFO - Processing /home/varun/miniconda3/envs/python38/lib/python3.8/site-packages/airflow/example_dags/tutorial.py took 0.083 seconds
[2025-09-03T19:47:02.278+0200] {processor.py:153} INFO - Started process (PID=3372) to work on /home/varun/miniconda3/envs/python38/lib/python3.8/site-packages/airflow/example_dags/tutorial.py
[2025-09-03T19:47:02.279+0200] {processor.py:743} INFO - Processing file /home/varun/miniconda3/envs/python38/lib/python3.8/site-packages/airflow/example_dags/tutorial.py for tasks to queue
[2025-09-03T19:47:02.280+0200] {logging_mixin.py:137} INFO - [2025-09-03T19:47:02.280+0200] {dagbag.py:532} INFO - Filling up the DagBag from /home/varun/miniconda3/envs/python38/lib/python3.8/site-packages/airflow/example_dags/tutorial.py
[2025-09-03T19:47:02.303+0200] {processor.py:753} INFO - DAG(s) dict_keys(['tutorial']) retrieved from /home/varun/miniconda3/envs/python38/lib/python3.8/site-packages/airflow/example_dags/tutorial.py
[2025-09-03T19:47:02.346+0200] {logging_mixin.py:137} INFO - [2025-09-03T19:47:02.346+0200] {dag.py:2705} INFO - Sync 1 DAGs
[2025-09-03T19:47:02.376+0200] {logging_mixin.py:137} INFO - [2025-09-03T19:47:02.376+0200] {dag.py:3452} INFO - Setting next_dagrun for tutorial to 2025-09-02T17:47:02.375440+00:00, run_after=2025-09-03T17:47:02.375440+00:00
[2025-09-03T19:47:02.419+0200] {processor.py:175} INFO - Processing /home/varun/miniconda3/envs/python38/lib/python3.8/site-packages/airflow/example_dags/tutorial.py took 0.145 seconds
[2025-09-03T19:47:47.307+0200] {processor.py:153} INFO - Started process (PID=3419) to work on /home/varun/miniconda3/envs/python38/lib/python3.8/site-packages/airflow/example_dags/tutorial.py
[2025-09-03T19:47:47.308+0200] {processor.py:743} INFO - Processing file /home/varun/miniconda3/envs/python38/lib/python3.8/site-packages/airflow/example_dags/tutorial.py for tasks to queue
[2025-09-03T19:47:47.309+0200] {logging_mixin.py:137} INFO - [2025-09-03T19:47:47.309+0200] {dagbag.py:532} INFO - Filling up the DagBag from /home/varun/miniconda3/envs/python38/lib/python3.8/site-packages/airflow/example_dags/tutorial.py
[2025-09-03T19:47:47.322+0200] {processor.py:753} INFO - DAG(s) dict_keys(['tutorial']) retrieved from /home/varun/miniconda3/envs/python38/lib/python3.8/site-packages/airflow/example_dags/tutorial.py
[2025-09-03T19:47:47.339+0200] {logging_mixin.py:137} INFO - [2025-09-03T19:47:47.339+0200] {dag.py:2705} INFO - Sync 1 DAGs
[2025-09-03T19:47:47.354+0200] {logging_mixin.py:137} INFO - [2025-09-03T19:47:47.354+0200] {dag.py:3452} INFO - Setting next_dagrun for tutorial to 2025-09-02T17:47:47.354531+00:00, run_after=2025-09-03T17:47:47.354531+00:00
[2025-09-03T19:47:47.378+0200] {processor.py:175} INFO - Processing /home/varun/miniconda3/envs/python38/lib/python3.8/site-packages/airflow/example_dags/tutorial.py took 0.075 seconds
[2025-09-03T19:48:38.424+0200] {processor.py:153} INFO - Started process (PID=3461) to work on /home/varun/miniconda3/envs/python38/lib/python3.8/site-packages/airflow/example_dags/tutorial.py
[2025-09-03T19:48:38.425+0200] {processor.py:743} INFO - Processing file /home/varun/miniconda3/envs/python38/lib/python3.8/site-packages/airflow/example_dags/tutorial.py for tasks to queue
[2025-09-03T19:48:38.427+0200] {logging_mixin.py:137} INFO - [2025-09-03T19:48:38.427+0200] {dagbag.py:532} INFO - Filling up the DagBag from /home/varun/miniconda3/envs/python38/lib/python3.8/site-packages/airflow/example_dags/tutorial.py
[2025-09-03T19:48:38.443+0200] {processor.py:753} INFO - DAG(s) dict_keys(['tutorial']) retrieved from /home/varun/miniconda3/envs/python38/lib/python3.8/site-packages/airflow/example_dags/tutorial.py
[2025-09-03T19:48:38.465+0200] {logging_mixin.py:137} INFO - [2025-09-03T19:48:38.465+0200] {dag.py:2705} INFO - Sync 1 DAGs
[2025-09-03T19:48:38.494+0200] {logging_mixin.py:137} INFO - [2025-09-03T19:48:38.493+0200] {dag.py:3452} INFO - Setting next_dagrun for tutorial to 2025-09-02T17:48:38.493637+00:00, run_after=2025-09-03T17:48:38.493637+00:00
[2025-09-03T19:48:38.530+0200] {processor.py:175} INFO - Processing /home/varun/miniconda3/envs/python38/lib/python3.8/site-packages/airflow/example_dags/tutorial.py took 0.110 seconds
[2025-09-03T19:49:26.606+0200] {processor.py:153} INFO - Started process (PID=3503) to work on /home/varun/miniconda3/envs/python38/lib/python3.8/site-packages/airflow/example_dags/tutorial.py
[2025-09-03T19:49:26.608+0200] {processor.py:743} INFO - Processing file /home/varun/miniconda3/envs/python38/lib/python3.8/site-packages/airflow/example_dags/tutorial.py for tasks to queue
[2025-09-03T19:49:26.609+0200] {logging_mixin.py:137} INFO - [2025-09-03T19:49:26.609+0200] {dagbag.py:532} INFO - Filling up the DagBag from /home/varun/miniconda3/envs/python38/lib/python3.8/site-packages/airflow/example_dags/tutorial.py
[2025-09-03T19:49:26.624+0200] {processor.py:753} INFO - DAG(s) dict_keys(['tutorial']) retrieved from /home/varun/miniconda3/envs/python38/lib/python3.8/site-packages/airflow/example_dags/tutorial.py
[2025-09-03T19:49:26.643+0200] {logging_mixin.py:137} INFO - [2025-09-03T19:49:26.643+0200] {dag.py:2705} INFO - Sync 1 DAGs
[2025-09-03T19:49:26.663+0200] {logging_mixin.py:137} INFO - [2025-09-03T19:49:26.663+0200] {dag.py:3452} INFO - Setting next_dagrun for tutorial to 2025-09-02T17:49:26.662881+00:00, run_after=2025-09-03T17:49:26.662881+00:00
[2025-09-03T19:49:26.688+0200] {processor.py:175} INFO - Processing /home/varun/miniconda3/envs/python38/lib/python3.8/site-packages/airflow/example_dags/tutorial.py took 0.085 seconds
[2025-09-03T19:50:17.263+0200] {processor.py:153} INFO - Started process (PID=3554) to work on /home/varun/miniconda3/envs/python38/lib/python3.8/site-packages/airflow/example_dags/tutorial.py
[2025-09-03T19:50:17.265+0200] {processor.py:743} INFO - Processing file /home/varun/miniconda3/envs/python38/lib/python3.8/site-packages/airflow/example_dags/tutorial.py for tasks to queue
[2025-09-03T19:50:17.266+0200] {logging_mixin.py:137} INFO - [2025-09-03T19:50:17.265+0200] {dagbag.py:532} INFO - Filling up the DagBag from /home/varun/miniconda3/envs/python38/lib/python3.8/site-packages/airflow/example_dags/tutorial.py
[2025-09-03T19:50:17.289+0200] {processor.py:753} INFO - DAG(s) dict_keys(['tutorial']) retrieved from /home/varun/miniconda3/envs/python38/lib/python3.8/site-packages/airflow/example_dags/tutorial.py
[2025-09-03T19:50:17.314+0200] {logging_mixin.py:137} INFO - [2025-09-03T19:50:17.314+0200] {dag.py:2705} INFO - Sync 1 DAGs
[2025-09-03T19:50:17.337+0200] {logging_mixin.py:137} INFO - [2025-09-03T19:50:17.337+0200] {dag.py:3452} INFO - Setting next_dagrun for tutorial to 2025-09-02T17:50:17.337286+00:00, run_after=2025-09-03T17:50:17.337286+00:00
[2025-09-03T19:50:17.365+0200] {processor.py:175} INFO - Processing /home/varun/miniconda3/envs/python38/lib/python3.8/site-packages/airflow/example_dags/tutorial.py took 0.107 seconds
[2025-09-03T19:51:03.043+0200] {processor.py:153} INFO - Started process (PID=3604) to work on /home/varun/miniconda3/envs/python38/lib/python3.8/site-packages/airflow/example_dags/tutorial.py
[2025-09-03T19:51:03.044+0200] {processor.py:743} INFO - Processing file /home/varun/miniconda3/envs/python38/lib/python3.8/site-packages/airflow/example_dags/tutorial.py for tasks to queue
[2025-09-03T19:51:03.045+0200] {logging_mixin.py:137} INFO - [2025-09-03T19:51:03.045+0200] {dagbag.py:532} INFO - Filling up the DagBag from /home/varun/miniconda3/envs/python38/lib/python3.8/site-packages/airflow/example_dags/tutorial.py
[2025-09-03T19:51:03.062+0200] {processor.py:753} INFO - DAG(s) dict_keys(['tutorial']) retrieved from /home/varun/miniconda3/envs/python38/lib/python3.8/site-packages/airflow/example_dags/tutorial.py
[2025-09-03T19:51:03.082+0200] {logging_mixin.py:137} INFO - [2025-09-03T19:51:03.082+0200] {dag.py:2705} INFO - Sync 1 DAGs
[2025-09-03T19:51:03.103+0200] {logging_mixin.py:137} INFO - [2025-09-03T19:51:03.103+0200] {dag.py:3452} INFO - Setting next_dagrun for tutorial to 2025-09-02T17:51:03.103114+00:00, run_after=2025-09-03T17:51:03.103114+00:00
[2025-09-03T19:51:03.140+0200] {processor.py:175} INFO - Processing /home/varun/miniconda3/envs/python38/lib/python3.8/site-packages/airflow/example_dags/tutorial.py took 0.101 seconds
[2025-09-03T19:51:49.750+0200] {processor.py:153} INFO - Started process (PID=3655) to work on /home/varun/miniconda3/envs/python38/lib/python3.8/site-packages/airflow/example_dags/tutorial.py
[2025-09-03T19:51:49.752+0200] {processor.py:743} INFO - Processing file /home/varun/miniconda3/envs/python38/lib/python3.8/site-packages/airflow/example_dags/tutorial.py for tasks to queue
[2025-09-03T19:51:49.753+0200] {logging_mixin.py:137} INFO - [2025-09-03T19:51:49.753+0200] {dagbag.py:532} INFO - Filling up the DagBag from /home/varun/miniconda3/envs/python38/lib/python3.8/site-packages/airflow/example_dags/tutorial.py
[2025-09-03T19:51:49.771+0200] {processor.py:753} INFO - DAG(s) dict_keys(['tutorial']) retrieved from /home/varun/miniconda3/envs/python38/lib/python3.8/site-packages/airflow/example_dags/tutorial.py
[2025-09-03T19:51:49.791+0200] {logging_mixin.py:137} INFO - [2025-09-03T19:51:49.791+0200] {dag.py:2705} INFO - Sync 1 DAGs
[2025-09-03T19:51:49.809+0200] {logging_mixin.py:137} INFO - [2025-09-03T19:51:49.809+0200] {dag.py:3452} INFO - Setting next_dagrun for tutorial to 2025-09-02T17:51:49.808815+00:00, run_after=2025-09-03T17:51:49.808815+00:00
[2025-09-03T19:51:49.835+0200] {processor.py:175} INFO - Processing /home/varun/miniconda3/envs/python38/lib/python3.8/site-packages/airflow/example_dags/tutorial.py took 0.088 seconds
[2025-09-03T19:52:43.538+0200] {processor.py:153} INFO - Started process (PID=3701) to work on /home/varun/miniconda3/envs/python38/lib/python3.8/site-packages/airflow/example_dags/tutorial.py
[2025-09-03T19:52:43.540+0200] {processor.py:743} INFO - Processing file /home/varun/miniconda3/envs/python38/lib/python3.8/site-packages/airflow/example_dags/tutorial.py for tasks to queue
[2025-09-03T19:52:43.541+0200] {logging_mixin.py:137} INFO - [2025-09-03T19:52:43.541+0200] {dagbag.py:532} INFO - Filling up the DagBag from /home/varun/miniconda3/envs/python38/lib/python3.8/site-packages/airflow/example_dags/tutorial.py
[2025-09-03T19:52:43.565+0200] {processor.py:753} INFO - DAG(s) dict_keys(['tutorial']) retrieved from /home/varun/miniconda3/envs/python38/lib/python3.8/site-packages/airflow/example_dags/tutorial.py
[2025-09-03T19:52:43.589+0200] {logging_mixin.py:137} INFO - [2025-09-03T19:52:43.588+0200] {dag.py:2705} INFO - Sync 1 DAGs
[2025-09-03T19:52:43.610+0200] {logging_mixin.py:137} INFO - [2025-09-03T19:52:43.610+0200] {dag.py:3452} INFO - Setting next_dagrun for tutorial to 2025-09-02T17:52:43.610318+00:00, run_after=2025-09-03T17:52:43.610318+00:00
[2025-09-03T19:52:43.741+0200] {processor.py:175} INFO - Processing /home/varun/miniconda3/envs/python38/lib/python3.8/site-packages/airflow/example_dags/tutorial.py took 0.207 seconds
[2025-09-03T19:53:32.585+0200] {processor.py:153} INFO - Started process (PID=3743) to work on /home/varun/miniconda3/envs/python38/lib/python3.8/site-packages/airflow/example_dags/tutorial.py
[2025-09-03T19:53:32.587+0200] {processor.py:743} INFO - Processing file /home/varun/miniconda3/envs/python38/lib/python3.8/site-packages/airflow/example_dags/tutorial.py for tasks to queue
[2025-09-03T19:53:32.589+0200] {logging_mixin.py:137} INFO - [2025-09-03T19:53:32.588+0200] {dagbag.py:532} INFO - Filling up the DagBag from /home/varun/miniconda3/envs/python38/lib/python3.8/site-packages/airflow/example_dags/tutorial.py
[2025-09-03T19:53:32.616+0200] {processor.py:753} INFO - DAG(s) dict_keys(['tutorial']) retrieved from /home/varun/miniconda3/envs/python38/lib/python3.8/site-packages/airflow/example_dags/tutorial.py
[2025-09-03T19:53:32.648+0200] {logging_mixin.py:137} INFO - [2025-09-03T19:53:32.647+0200] {dag.py:2705} INFO - Sync 1 DAGs
[2025-09-03T19:53:32.861+0200] {logging_mixin.py:137} INFO - [2025-09-03T19:53:32.861+0200] {dag.py:3452} INFO - Setting next_dagrun for tutorial to 2025-09-02T17:53:32.861260+00:00, run_after=2025-09-03T17:53:32.861260+00:00
[2025-09-03T19:53:32.920+0200] {processor.py:175} INFO - Processing /home/varun/miniconda3/envs/python38/lib/python3.8/site-packages/airflow/example_dags/tutorial.py took 0.341 seconds
[2025-09-03T19:54:34.931+0200] {processor.py:153} INFO - Started process (PID=3796) to work on /home/varun/miniconda3/envs/python38/lib/python3.8/site-packages/airflow/example_dags/tutorial.py
[2025-09-03T19:54:34.933+0200] {processor.py:743} INFO - Processing file /home/varun/miniconda3/envs/python38/lib/python3.8/site-packages/airflow/example_dags/tutorial.py for tasks to queue
[2025-09-03T19:54:34.933+0200] {logging_mixin.py:137} INFO - [2025-09-03T19:54:34.933+0200] {dagbag.py:532} INFO - Filling up the DagBag from /home/varun/miniconda3/envs/python38/lib/python3.8/site-packages/airflow/example_dags/tutorial.py
[2025-09-03T19:54:34.949+0200] {processor.py:753} INFO - DAG(s) dict_keys(['tutorial']) retrieved from /home/varun/miniconda3/envs/python38/lib/python3.8/site-packages/airflow/example_dags/tutorial.py
[2025-09-03T19:54:34.969+0200] {logging_mixin.py:137} INFO - [2025-09-03T19:54:34.969+0200] {dag.py:2705} INFO - Sync 1 DAGs
[2025-09-03T19:54:35.093+0200] {logging_mixin.py:137} INFO - [2025-09-03T19:54:35.093+0200] {dag.py:3452} INFO - Setting next_dagrun for tutorial to 2025-09-02T17:54:35.093501+00:00, run_after=2025-09-03T17:54:35.093501+00:00
[2025-09-03T19:54:35.113+0200] {processor.py:175} INFO - Processing /home/varun/miniconda3/envs/python38/lib/python3.8/site-packages/airflow/example_dags/tutorial.py took 0.186 seconds
[2025-09-03T19:55:30.018+0200] {processor.py:153} INFO - Started process (PID=3852) to work on /home/varun/miniconda3/envs/python38/lib/python3.8/site-packages/airflow/example_dags/tutorial.py
[2025-09-03T19:55:30.020+0200] {processor.py:743} INFO - Processing file /home/varun/miniconda3/envs/python38/lib/python3.8/site-packages/airflow/example_dags/tutorial.py for tasks to queue
[2025-09-03T19:55:30.020+0200] {logging_mixin.py:137} INFO - [2025-09-03T19:55:30.020+0200] {dagbag.py:532} INFO - Filling up the DagBag from /home/varun/miniconda3/envs/python38/lib/python3.8/site-packages/airflow/example_dags/tutorial.py
[2025-09-03T19:55:30.038+0200] {processor.py:753} INFO - DAG(s) dict_keys(['tutorial']) retrieved from /home/varun/miniconda3/envs/python38/lib/python3.8/site-packages/airflow/example_dags/tutorial.py
[2025-09-03T19:55:30.182+0200] {logging_mixin.py:137} INFO - [2025-09-03T19:55:30.182+0200] {dag.py:2705} INFO - Sync 1 DAGs
[2025-09-03T19:55:30.203+0200] {logging_mixin.py:137} INFO - [2025-09-03T19:55:30.203+0200] {dag.py:3452} INFO - Setting next_dagrun for tutorial to 2025-09-02T17:55:30.202858+00:00, run_after=2025-09-03T17:55:30.202858+00:00
[2025-09-03T19:55:30.227+0200] {processor.py:175} INFO - Processing /home/varun/miniconda3/envs/python38/lib/python3.8/site-packages/airflow/example_dags/tutorial.py took 0.213 seconds
[2025-09-03T19:56:31.477+0200] {processor.py:153} INFO - Started process (PID=3902) to work on /home/varun/miniconda3/envs/python38/lib/python3.8/site-packages/airflow/example_dags/tutorial.py
[2025-09-03T19:56:31.478+0200] {processor.py:743} INFO - Processing file /home/varun/miniconda3/envs/python38/lib/python3.8/site-packages/airflow/example_dags/tutorial.py for tasks to queue
[2025-09-03T19:56:31.479+0200] {logging_mixin.py:137} INFO - [2025-09-03T19:56:31.479+0200] {dagbag.py:532} INFO - Filling up the DagBag from /home/varun/miniconda3/envs/python38/lib/python3.8/site-packages/airflow/example_dags/tutorial.py
[2025-09-03T19:56:31.692+0200] {processor.py:753} INFO - DAG(s) dict_keys(['tutorial']) retrieved from /home/varun/miniconda3/envs/python38/lib/python3.8/site-packages/airflow/example_dags/tutorial.py
[2025-09-03T19:56:31.715+0200] {logging_mixin.py:137} INFO - [2025-09-03T19:56:31.714+0200] {dag.py:2705} INFO - Sync 1 DAGs
[2025-09-03T19:56:31.733+0200] {logging_mixin.py:137} INFO - [2025-09-03T19:56:31.733+0200] {dag.py:3452} INFO - Setting next_dagrun for tutorial to 2025-09-02T17:56:31.732894+00:00, run_after=2025-09-03T17:56:31.732894+00:00
[2025-09-03T19:56:31.759+0200] {processor.py:175} INFO - Processing /home/varun/miniconda3/envs/python38/lib/python3.8/site-packages/airflow/example_dags/tutorial.py took 0.286 seconds
[2025-09-03T19:57:27.190+0200] {processor.py:153} INFO - Started process (PID=3949) to work on /home/varun/miniconda3/envs/python38/lib/python3.8/site-packages/airflow/example_dags/tutorial.py
[2025-09-03T19:57:27.193+0200] {processor.py:743} INFO - Processing file /home/varun/miniconda3/envs/python38/lib/python3.8/site-packages/airflow/example_dags/tutorial.py for tasks to queue
[2025-09-03T19:57:27.194+0200] {logging_mixin.py:137} INFO - [2025-09-03T19:57:27.194+0200] {dagbag.py:532} INFO - Filling up the DagBag from /home/varun/miniconda3/envs/python38/lib/python3.8/site-packages/airflow/example_dags/tutorial.py
[2025-09-03T19:57:27.212+0200] {processor.py:753} INFO - DAG(s) dict_keys(['tutorial']) retrieved from /home/varun/miniconda3/envs/python38/lib/python3.8/site-packages/airflow/example_dags/tutorial.py
[2025-09-03T19:57:27.236+0200] {logging_mixin.py:137} INFO - [2025-09-03T19:57:27.236+0200] {dag.py:2705} INFO - Sync 1 DAGs
[2025-09-03T19:57:27.261+0200] {logging_mixin.py:137} INFO - [2025-09-03T19:57:27.261+0200] {dag.py:3452} INFO - Setting next_dagrun for tutorial to 2025-09-02T17:57:27.260976+00:00, run_after=2025-09-03T17:57:27.260976+00:00
[2025-09-03T19:57:27.289+0200] {processor.py:175} INFO - Processing /home/varun/miniconda3/envs/python38/lib/python3.8/site-packages/airflow/example_dags/tutorial.py took 0.103 seconds
[2025-09-03T19:58:15.625+0200] {processor.py:153} INFO - Started process (PID=3991) to work on /home/varun/miniconda3/envs/python38/lib/python3.8/site-packages/airflow/example_dags/tutorial.py
[2025-09-03T19:58:15.627+0200] {processor.py:743} INFO - Processing file /home/varun/miniconda3/envs/python38/lib/python3.8/site-packages/airflow/example_dags/tutorial.py for tasks to queue
[2025-09-03T19:58:15.627+0200] {logging_mixin.py:137} INFO - [2025-09-03T19:58:15.627+0200] {dagbag.py:532} INFO - Filling up the DagBag from /home/varun/miniconda3/envs/python38/lib/python3.8/site-packages/airflow/example_dags/tutorial.py
[2025-09-03T19:58:15.645+0200] {processor.py:753} INFO - DAG(s) dict_keys(['tutorial']) retrieved from /home/varun/miniconda3/envs/python38/lib/python3.8/site-packages/airflow/example_dags/tutorial.py
[2025-09-03T19:58:15.671+0200] {logging_mixin.py:137} INFO - [2025-09-03T19:58:15.671+0200] {dag.py:2705} INFO - Sync 1 DAGs
[2025-09-03T19:58:15.696+0200] {logging_mixin.py:137} INFO - [2025-09-03T19:58:15.696+0200] {dag.py:3452} INFO - Setting next_dagrun for tutorial to 2025-09-02T17:58:15.695750+00:00, run_after=2025-09-03T17:58:15.695750+00:00
[2025-09-03T19:58:15.728+0200] {processor.py:175} INFO - Processing /home/varun/miniconda3/envs/python38/lib/python3.8/site-packages/airflow/example_dags/tutorial.py took 0.110 seconds
[2025-09-03T20:00:33.862+0200] {processor.py:153} INFO - Started process (PID=4009) to work on /home/varun/miniconda3/envs/python38/lib/python3.8/site-packages/airflow/example_dags/tutorial.py
[2025-09-03T20:00:33.864+0200] {processor.py:743} INFO - Processing file /home/varun/miniconda3/envs/python38/lib/python3.8/site-packages/airflow/example_dags/tutorial.py for tasks to queue
[2025-09-03T20:00:33.865+0200] {logging_mixin.py:137} INFO - [2025-09-03T20:00:33.865+0200] {dagbag.py:532} INFO - Filling up the DagBag from /home/varun/miniconda3/envs/python38/lib/python3.8/site-packages/airflow/example_dags/tutorial.py
[2025-09-03T20:00:33.882+0200] {processor.py:753} INFO - DAG(s) dict_keys(['tutorial']) retrieved from /home/varun/miniconda3/envs/python38/lib/python3.8/site-packages/airflow/example_dags/tutorial.py
[2025-09-03T20:00:33.904+0200] {logging_mixin.py:137} INFO - [2025-09-03T20:00:33.904+0200] {dag.py:2705} INFO - Sync 1 DAGs
[2025-09-03T20:00:33.922+0200] {logging_mixin.py:137} INFO - [2025-09-03T20:00:33.922+0200] {dag.py:3452} INFO - Setting next_dagrun for tutorial to 2025-09-02T18:00:33.921896+00:00, run_after=2025-09-03T18:00:33.921896+00:00
[2025-09-03T20:00:33.943+0200] {processor.py:175} INFO - Processing /home/varun/miniconda3/envs/python38/lib/python3.8/site-packages/airflow/example_dags/tutorial.py took 0.085 seconds
[2025-09-03T20:01:19.320+0200] {processor.py:153} INFO - Started process (PID=4066) to work on /home/varun/miniconda3/envs/python38/lib/python3.8/site-packages/airflow/example_dags/tutorial.py
[2025-09-03T20:01:19.321+0200] {processor.py:743} INFO - Processing file /home/varun/miniconda3/envs/python38/lib/python3.8/site-packages/airflow/example_dags/tutorial.py for tasks to queue
[2025-09-03T20:01:19.322+0200] {logging_mixin.py:137} INFO - [2025-09-03T20:01:19.322+0200] {dagbag.py:532} INFO - Filling up the DagBag from /home/varun/miniconda3/envs/python38/lib/python3.8/site-packages/airflow/example_dags/tutorial.py
[2025-09-03T20:01:19.341+0200] {processor.py:753} INFO - DAG(s) dict_keys(['tutorial']) retrieved from /home/varun/miniconda3/envs/python38/lib/python3.8/site-packages/airflow/example_dags/tutorial.py
[2025-09-03T20:01:19.363+0200] {logging_mixin.py:137} INFO - [2025-09-03T20:01:19.363+0200] {dag.py:2705} INFO - Sync 1 DAGs
[2025-09-03T20:01:19.384+0200] {logging_mixin.py:137} INFO - [2025-09-03T20:01:19.384+0200] {dag.py:3452} INFO - Setting next_dagrun for tutorial to 2025-09-02T18:01:19.384082+00:00, run_after=2025-09-03T18:01:19.384082+00:00
[2025-09-03T20:01:19.407+0200] {processor.py:175} INFO - Processing /home/varun/miniconda3/envs/python38/lib/python3.8/site-packages/airflow/example_dags/tutorial.py took 0.091 seconds
[2025-09-03T20:02:05.471+0200] {processor.py:153} INFO - Started process (PID=4109) to work on /home/varun/miniconda3/envs/python38/lib/python3.8/site-packages/airflow/example_dags/tutorial.py
[2025-09-03T20:02:05.472+0200] {processor.py:743} INFO - Processing file /home/varun/miniconda3/envs/python38/lib/python3.8/site-packages/airflow/example_dags/tutorial.py for tasks to queue
[2025-09-03T20:02:05.473+0200] {logging_mixin.py:137} INFO - [2025-09-03T20:02:05.473+0200] {dagbag.py:532} INFO - Filling up the DagBag from /home/varun/miniconda3/envs/python38/lib/python3.8/site-packages/airflow/example_dags/tutorial.py
[2025-09-03T20:02:05.487+0200] {processor.py:753} INFO - DAG(s) dict_keys(['tutorial']) retrieved from /home/varun/miniconda3/envs/python38/lib/python3.8/site-packages/airflow/example_dags/tutorial.py
[2025-09-03T20:02:05.505+0200] {logging_mixin.py:137} INFO - [2025-09-03T20:02:05.505+0200] {dag.py:2705} INFO - Sync 1 DAGs
[2025-09-03T20:02:05.524+0200] {logging_mixin.py:137} INFO - [2025-09-03T20:02:05.524+0200] {dag.py:3452} INFO - Setting next_dagrun for tutorial to 2025-09-02T18:02:05.523939+00:00, run_after=2025-09-03T18:02:05.523939+00:00
[2025-09-03T20:02:05.546+0200] {processor.py:175} INFO - Processing /home/varun/miniconda3/envs/python38/lib/python3.8/site-packages/airflow/example_dags/tutorial.py took 0.079 seconds
[2025-09-03T20:02:55.216+0200] {processor.py:153} INFO - Started process (PID=4151) to work on /home/varun/miniconda3/envs/python38/lib/python3.8/site-packages/airflow/example_dags/tutorial.py
[2025-09-03T20:02:55.217+0200] {processor.py:743} INFO - Processing file /home/varun/miniconda3/envs/python38/lib/python3.8/site-packages/airflow/example_dags/tutorial.py for tasks to queue
[2025-09-03T20:02:55.218+0200] {logging_mixin.py:137} INFO - [2025-09-03T20:02:55.218+0200] {dagbag.py:532} INFO - Filling up the DagBag from /home/varun/miniconda3/envs/python38/lib/python3.8/site-packages/airflow/example_dags/tutorial.py
[2025-09-03T20:02:55.231+0200] {processor.py:753} INFO - DAG(s) dict_keys(['tutorial']) retrieved from /home/varun/miniconda3/envs/python38/lib/python3.8/site-packages/airflow/example_dags/tutorial.py
[2025-09-03T20:02:55.250+0200] {logging_mixin.py:137} INFO - [2025-09-03T20:02:55.250+0200] {dag.py:2705} INFO - Sync 1 DAGs
[2025-09-03T20:02:55.271+0200] {logging_mixin.py:137} INFO - [2025-09-03T20:02:55.271+0200] {dag.py:3452} INFO - Setting next_dagrun for tutorial to 2025-09-02T18:02:55.271265+00:00, run_after=2025-09-03T18:02:55.271265+00:00
[2025-09-03T20:02:55.295+0200] {processor.py:175} INFO - Processing /home/varun/miniconda3/envs/python38/lib/python3.8/site-packages/airflow/example_dags/tutorial.py took 0.083 seconds
[2025-09-03T20:03:42.718+0200] {processor.py:153} INFO - Started process (PID=4193) to work on /home/varun/miniconda3/envs/python38/lib/python3.8/site-packages/airflow/example_dags/tutorial.py
[2025-09-03T20:03:42.720+0200] {processor.py:743} INFO - Processing file /home/varun/miniconda3/envs/python38/lib/python3.8/site-packages/airflow/example_dags/tutorial.py for tasks to queue
[2025-09-03T20:03:42.721+0200] {logging_mixin.py:137} INFO - [2025-09-03T20:03:42.721+0200] {dagbag.py:532} INFO - Filling up the DagBag from /home/varun/miniconda3/envs/python38/lib/python3.8/site-packages/airflow/example_dags/tutorial.py
[2025-09-03T20:03:42.741+0200] {processor.py:753} INFO - DAG(s) dict_keys(['tutorial']) retrieved from /home/varun/miniconda3/envs/python38/lib/python3.8/site-packages/airflow/example_dags/tutorial.py
[2025-09-03T20:03:42.766+0200] {logging_mixin.py:137} INFO - [2025-09-03T20:03:42.765+0200] {dag.py:2705} INFO - Sync 1 DAGs
[2025-09-03T20:03:42.786+0200] {logging_mixin.py:137} INFO - [2025-09-03T20:03:42.786+0200] {dag.py:3452} INFO - Setting next_dagrun for tutorial to 2025-09-02T18:03:42.786205+00:00, run_after=2025-09-03T18:03:42.786205+00:00
[2025-09-03T20:03:42.811+0200] {processor.py:175} INFO - Processing /home/varun/miniconda3/envs/python38/lib/python3.8/site-packages/airflow/example_dags/tutorial.py took 0.096 seconds
[2025-09-03T20:04:28.242+0200] {processor.py:153} INFO - Started process (PID=4235) to work on /home/varun/miniconda3/envs/python38/lib/python3.8/site-packages/airflow/example_dags/tutorial.py
[2025-09-03T20:04:28.244+0200] {processor.py:743} INFO - Processing file /home/varun/miniconda3/envs/python38/lib/python3.8/site-packages/airflow/example_dags/tutorial.py for tasks to queue
[2025-09-03T20:04:28.244+0200] {logging_mixin.py:137} INFO - [2025-09-03T20:04:28.244+0200] {dagbag.py:532} INFO - Filling up the DagBag from /home/varun/miniconda3/envs/python38/lib/python3.8/site-packages/airflow/example_dags/tutorial.py
[2025-09-03T20:04:28.258+0200] {processor.py:753} INFO - DAG(s) dict_keys(['tutorial']) retrieved from /home/varun/miniconda3/envs/python38/lib/python3.8/site-packages/airflow/example_dags/tutorial.py
[2025-09-03T20:04:28.275+0200] {logging_mixin.py:137} INFO - [2025-09-03T20:04:28.275+0200] {dag.py:2705} INFO - Sync 1 DAGs
[2025-09-03T20:04:28.293+0200] {logging_mixin.py:137} INFO - [2025-09-03T20:04:28.293+0200] {dag.py:3452} INFO - Setting next_dagrun for tutorial to 2025-09-02T18:04:28.293089+00:00, run_after=2025-09-03T18:04:28.293089+00:00
[2025-09-03T20:04:28.318+0200] {processor.py:175} INFO - Processing /home/varun/miniconda3/envs/python38/lib/python3.8/site-packages/airflow/example_dags/tutorial.py took 0.079 seconds
[2025-09-03T20:05:30.748+0200] {processor.py:153} INFO - Started process (PID=4296) to work on /home/varun/miniconda3/envs/python38/lib/python3.8/site-packages/airflow/example_dags/tutorial.py
[2025-09-03T20:05:30.750+0200] {processor.py:743} INFO - Processing file /home/varun/miniconda3/envs/python38/lib/python3.8/site-packages/airflow/example_dags/tutorial.py for tasks to queue
[2025-09-03T20:05:30.751+0200] {logging_mixin.py:137} INFO - [2025-09-03T20:05:30.751+0200] {dagbag.py:532} INFO - Filling up the DagBag from /home/varun/miniconda3/envs/python38/lib/python3.8/site-packages/airflow/example_dags/tutorial.py
[2025-09-03T20:05:30.781+0200] {processor.py:753} INFO - DAG(s) dict_keys(['tutorial']) retrieved from /home/varun/miniconda3/envs/python38/lib/python3.8/site-packages/airflow/example_dags/tutorial.py
[2025-09-03T20:05:30.912+0200] {logging_mixin.py:137} INFO - [2025-09-03T20:05:30.912+0200] {manager.py:504} INFO - Created Permission View: can delete on DAG:tutorial
[2025-09-03T20:05:30.930+0200] {logging_mixin.py:137} INFO - [2025-09-03T20:05:30.929+0200] {manager.py:504} INFO - Created Permission View: can read on DAG:tutorial
[2025-09-03T20:05:30.944+0200] {logging_mixin.py:137} INFO - [2025-09-03T20:05:30.943+0200] {manager.py:504} INFO - Created Permission View: can edit on DAG:tutorial
[2025-09-03T20:05:30.944+0200] {logging_mixin.py:137} INFO - [2025-09-03T20:05:30.944+0200] {dag.py:2705} INFO - Sync 1 DAGs
[2025-09-03T20:05:30.954+0200] {logging_mixin.py:137} INFO - [2025-09-03T20:05:30.954+0200] {dag.py:2726} INFO - Creating ORM DAG for tutorial
[2025-09-03T20:05:30.964+0200] {logging_mixin.py:137} INFO - [2025-09-03T20:05:30.964+0200] {dag.py:3452} INFO - Setting next_dagrun for tutorial to 2025-09-02T18:05:30.963862+00:00, run_after=2025-09-03T18:05:30.963862+00:00
[2025-09-03T20:05:30.985+0200] {processor.py:175} INFO - Processing /home/varun/miniconda3/envs/python38/lib/python3.8/site-packages/airflow/example_dags/tutorial.py took 0.243 seconds
[2025-09-03T20:06:17.693+0200] {processor.py:153} INFO - Started process (PID=4338) to work on /home/varun/miniconda3/envs/python38/lib/python3.8/site-packages/airflow/example_dags/tutorial.py
[2025-09-03T20:06:17.695+0200] {processor.py:743} INFO - Processing file /home/varun/miniconda3/envs/python38/lib/python3.8/site-packages/airflow/example_dags/tutorial.py for tasks to queue
[2025-09-03T20:06:17.696+0200] {logging_mixin.py:137} INFO - [2025-09-03T20:06:17.696+0200] {dagbag.py:532} INFO - Filling up the DagBag from /home/varun/miniconda3/envs/python38/lib/python3.8/site-packages/airflow/example_dags/tutorial.py
[2025-09-03T20:06:17.709+0200] {processor.py:753} INFO - DAG(s) dict_keys(['tutorial']) retrieved from /home/varun/miniconda3/envs/python38/lib/python3.8/site-packages/airflow/example_dags/tutorial.py
[2025-09-03T20:06:17.727+0200] {logging_mixin.py:137} INFO - [2025-09-03T20:06:17.727+0200] {dag.py:2705} INFO - Sync 1 DAGs
[2025-09-03T20:06:17.743+0200] {logging_mixin.py:137} INFO - [2025-09-03T20:06:17.743+0200] {dag.py:3452} INFO - Setting next_dagrun for tutorial to 2025-09-02T18:06:17.743181+00:00, run_after=2025-09-03T18:06:17.743181+00:00
[2025-09-03T20:06:17.765+0200] {processor.py:175} INFO - Processing /home/varun/miniconda3/envs/python38/lib/python3.8/site-packages/airflow/example_dags/tutorial.py took 0.075 seconds
[2025-09-03T20:07:07.822+0200] {processor.py:153} INFO - Started process (PID=4396) to work on /home/varun/miniconda3/envs/python38/lib/python3.8/site-packages/airflow/example_dags/tutorial.py
[2025-09-03T20:07:07.824+0200] {processor.py:743} INFO - Processing file /home/varun/miniconda3/envs/python38/lib/python3.8/site-packages/airflow/example_dags/tutorial.py for tasks to queue
[2025-09-03T20:07:07.824+0200] {logging_mixin.py:137} INFO - [2025-09-03T20:07:07.824+0200] {dagbag.py:532} INFO - Filling up the DagBag from /home/varun/miniconda3/envs/python38/lib/python3.8/site-packages/airflow/example_dags/tutorial.py
[2025-09-03T20:07:07.839+0200] {processor.py:753} INFO - DAG(s) dict_keys(['tutorial']) retrieved from /home/varun/miniconda3/envs/python38/lib/python3.8/site-packages/airflow/example_dags/tutorial.py
[2025-09-03T20:07:07.860+0200] {logging_mixin.py:137} INFO - [2025-09-03T20:07:07.860+0200] {dag.py:2705} INFO - Sync 1 DAGs
[2025-09-03T20:07:07.883+0200] {logging_mixin.py:137} INFO - [2025-09-03T20:07:07.882+0200] {dag.py:3452} INFO - Setting next_dagrun for tutorial to 2025-09-02T18:07:07.882613+00:00, run_after=2025-09-03T18:07:07.882613+00:00
[2025-09-03T20:07:07.914+0200] {processor.py:175} INFO - Processing /home/varun/miniconda3/envs/python38/lib/python3.8/site-packages/airflow/example_dags/tutorial.py took 0.097 seconds
[2025-09-03T20:07:54.645+0200] {processor.py:153} INFO - Started process (PID=4448) to work on /home/varun/miniconda3/envs/python38/lib/python3.8/site-packages/airflow/example_dags/tutorial.py
[2025-09-03T20:07:54.646+0200] {processor.py:743} INFO - Processing file /home/varun/miniconda3/envs/python38/lib/python3.8/site-packages/airflow/example_dags/tutorial.py for tasks to queue
[2025-09-03T20:07:54.647+0200] {logging_mixin.py:137} INFO - [2025-09-03T20:07:54.647+0200] {dagbag.py:532} INFO - Filling up the DagBag from /home/varun/miniconda3/envs/python38/lib/python3.8/site-packages/airflow/example_dags/tutorial.py
[2025-09-03T20:07:54.661+0200] {processor.py:753} INFO - DAG(s) dict_keys(['tutorial']) retrieved from /home/varun/miniconda3/envs/python38/lib/python3.8/site-packages/airflow/example_dags/tutorial.py
[2025-09-03T20:07:54.682+0200] {logging_mixin.py:137} INFO - [2025-09-03T20:07:54.682+0200] {dag.py:2705} INFO - Sync 1 DAGs
[2025-09-03T20:07:54.702+0200] {logging_mixin.py:137} INFO - [2025-09-03T20:07:54.702+0200] {dag.py:3452} INFO - Setting next_dagrun for tutorial to 2025-09-02T18:07:54.702175+00:00, run_after=2025-09-03T18:07:54.702175+00:00
[2025-09-03T20:07:54.725+0200] {processor.py:175} INFO - Processing /home/varun/miniconda3/envs/python38/lib/python3.8/site-packages/airflow/example_dags/tutorial.py took 0.084 seconds
[2025-09-03T20:09:09.427+0200] {processor.py:153} INFO - Started process (PID=4500) to work on /home/varun/miniconda3/envs/python38/lib/python3.8/site-packages/airflow/example_dags/tutorial.py
[2025-09-03T20:09:09.429+0200] {processor.py:743} INFO - Processing file /home/varun/miniconda3/envs/python38/lib/python3.8/site-packages/airflow/example_dags/tutorial.py for tasks to queue
[2025-09-03T20:09:09.430+0200] {logging_mixin.py:137} INFO - [2025-09-03T20:09:09.430+0200] {dagbag.py:532} INFO - Filling up the DagBag from /home/varun/miniconda3/envs/python38/lib/python3.8/site-packages/airflow/example_dags/tutorial.py
[2025-09-03T20:09:09.449+0200] {processor.py:753} INFO - DAG(s) dict_keys(['tutorial']) retrieved from /home/varun/miniconda3/envs/python38/lib/python3.8/site-packages/airflow/example_dags/tutorial.py
[2025-09-03T20:09:09.476+0200] {logging_mixin.py:137} INFO - [2025-09-03T20:09:09.476+0200] {dag.py:2705} INFO - Sync 1 DAGs
[2025-09-03T20:09:09.500+0200] {logging_mixin.py:137} INFO - [2025-09-03T20:09:09.500+0200] {dag.py:3452} INFO - Setting next_dagrun for tutorial to 2025-09-02T18:09:09.500190+00:00, run_after=2025-09-03T18:09:09.500190+00:00
[2025-09-03T20:09:09.529+0200] {processor.py:175} INFO - Processing /home/varun/miniconda3/envs/python38/lib/python3.8/site-packages/airflow/example_dags/tutorial.py took 0.108 seconds
[2025-09-03T20:10:02.537+0200] {processor.py:153} INFO - Started process (PID=4549) to work on /home/varun/miniconda3/envs/python38/lib/python3.8/site-packages/airflow/example_dags/tutorial.py
[2025-09-03T20:10:02.538+0200] {processor.py:743} INFO - Processing file /home/varun/miniconda3/envs/python38/lib/python3.8/site-packages/airflow/example_dags/tutorial.py for tasks to queue
[2025-09-03T20:10:02.539+0200] {logging_mixin.py:137} INFO - [2025-09-03T20:10:02.539+0200] {dagbag.py:532} INFO - Filling up the DagBag from /home/varun/miniconda3/envs/python38/lib/python3.8/site-packages/airflow/example_dags/tutorial.py
[2025-09-03T20:10:02.557+0200] {processor.py:753} INFO - DAG(s) dict_keys(['tutorial']) retrieved from /home/varun/miniconda3/envs/python38/lib/python3.8/site-packages/airflow/example_dags/tutorial.py
[2025-09-03T20:10:02.579+0200] {logging_mixin.py:137} INFO - [2025-09-03T20:10:02.579+0200] {dag.py:2705} INFO - Sync 1 DAGs
[2025-09-03T20:10:02.609+0200] {logging_mixin.py:137} INFO - [2025-09-03T20:10:02.609+0200] {dag.py:3452} INFO - Setting next_dagrun for tutorial to 2025-09-02T18:10:02.609039+00:00, run_after=2025-09-03T18:10:02.609039+00:00
[2025-09-03T20:10:02.638+0200] {processor.py:175} INFO - Processing /home/varun/miniconda3/envs/python38/lib/python3.8/site-packages/airflow/example_dags/tutorial.py took 0.106 seconds
[2025-09-03T20:10:46.895+0200] {processor.py:153} INFO - Started process (PID=4591) to work on /home/varun/miniconda3/envs/python38/lib/python3.8/site-packages/airflow/example_dags/tutorial.py
[2025-09-03T20:10:46.896+0200] {processor.py:743} INFO - Processing file /home/varun/miniconda3/envs/python38/lib/python3.8/site-packages/airflow/example_dags/tutorial.py for tasks to queue
[2025-09-03T20:10:46.897+0200] {logging_mixin.py:137} INFO - [2025-09-03T20:10:46.897+0200] {dagbag.py:532} INFO - Filling up the DagBag from /home/varun/miniconda3/envs/python38/lib/python3.8/site-packages/airflow/example_dags/tutorial.py
[2025-09-03T20:10:46.909+0200] {processor.py:753} INFO - DAG(s) dict_keys(['tutorial']) retrieved from /home/varun/miniconda3/envs/python38/lib/python3.8/site-packages/airflow/example_dags/tutorial.py
[2025-09-03T20:10:46.926+0200] {logging_mixin.py:137} INFO - [2025-09-03T20:10:46.926+0200] {dag.py:2705} INFO - Sync 1 DAGs
[2025-09-03T20:10:46.942+0200] {logging_mixin.py:137} INFO - [2025-09-03T20:10:46.942+0200] {dag.py:3452} INFO - Setting next_dagrun for tutorial to 2025-09-02T18:10:46.941952+00:00, run_after=2025-09-03T18:10:46.941952+00:00
[2025-09-03T20:10:46.966+0200] {processor.py:175} INFO - Processing /home/varun/miniconda3/envs/python38/lib/python3.8/site-packages/airflow/example_dags/tutorial.py took 0.074 seconds
[2025-09-03T20:11:32.279+0200] {processor.py:153} INFO - Started process (PID=4633) to work on /home/varun/miniconda3/envs/python38/lib/python3.8/site-packages/airflow/example_dags/tutorial.py
[2025-09-03T20:11:32.280+0200] {processor.py:743} INFO - Processing file /home/varun/miniconda3/envs/python38/lib/python3.8/site-packages/airflow/example_dags/tutorial.py for tasks to queue
[2025-09-03T20:11:32.281+0200] {logging_mixin.py:137} INFO - [2025-09-03T20:11:32.281+0200] {dagbag.py:532} INFO - Filling up the DagBag from /home/varun/miniconda3/envs/python38/lib/python3.8/site-packages/airflow/example_dags/tutorial.py
[2025-09-03T20:11:32.294+0200] {processor.py:753} INFO - DAG(s) dict_keys(['tutorial']) retrieved from /home/varun/miniconda3/envs/python38/lib/python3.8/site-packages/airflow/example_dags/tutorial.py
[2025-09-03T20:11:32.310+0200] {logging_mixin.py:137} INFO - [2025-09-03T20:11:32.310+0200] {dag.py:2705} INFO - Sync 1 DAGs
[2025-09-03T20:11:32.325+0200] {logging_mixin.py:137} INFO - [2025-09-03T20:11:32.325+0200] {dag.py:3452} INFO - Setting next_dagrun for tutorial to 2025-09-02T18:11:32.325305+00:00, run_after=2025-09-03T18:11:32.325305+00:00
[2025-09-03T20:11:32.346+0200] {processor.py:175} INFO - Processing /home/varun/miniconda3/envs/python38/lib/python3.8/site-packages/airflow/example_dags/tutorial.py took 0.070 seconds
[2025-09-03T20:12:21.411+0200] {processor.py:153} INFO - Started process (PID=4675) to work on /home/varun/miniconda3/envs/python38/lib/python3.8/site-packages/airflow/example_dags/tutorial.py
[2025-09-03T20:12:21.412+0200] {processor.py:743} INFO - Processing file /home/varun/miniconda3/envs/python38/lib/python3.8/site-packages/airflow/example_dags/tutorial.py for tasks to queue
[2025-09-03T20:12:21.413+0200] {logging_mixin.py:137} INFO - [2025-09-03T20:12:21.413+0200] {dagbag.py:532} INFO - Filling up the DagBag from /home/varun/miniconda3/envs/python38/lib/python3.8/site-packages/airflow/example_dags/tutorial.py
[2025-09-03T20:12:21.428+0200] {processor.py:753} INFO - DAG(s) dict_keys(['tutorial']) retrieved from /home/varun/miniconda3/envs/python38/lib/python3.8/site-packages/airflow/example_dags/tutorial.py
[2025-09-03T20:12:21.450+0200] {logging_mixin.py:137} INFO - [2025-09-03T20:12:21.450+0200] {dag.py:2705} INFO - Sync 1 DAGs
[2025-09-03T20:12:21.473+0200] {logging_mixin.py:137} INFO - [2025-09-03T20:12:21.473+0200] {dag.py:3452} INFO - Setting next_dagrun for tutorial to 2025-09-02T18:12:21.472729+00:00, run_after=2025-09-03T18:12:21.472729+00:00
[2025-09-03T20:12:21.504+0200] {processor.py:175} INFO - Processing /home/varun/miniconda3/envs/python38/lib/python3.8/site-packages/airflow/example_dags/tutorial.py took 0.096 seconds
[2025-09-03T20:13:07.006+0200] {processor.py:153} INFO - Started process (PID=4718) to work on /home/varun/miniconda3/envs/python38/lib/python3.8/site-packages/airflow/example_dags/tutorial.py
[2025-09-03T20:13:07.008+0200] {processor.py:743} INFO - Processing file /home/varun/miniconda3/envs/python38/lib/python3.8/site-packages/airflow/example_dags/tutorial.py for tasks to queue
[2025-09-03T20:13:07.009+0200] {logging_mixin.py:137} INFO - [2025-09-03T20:13:07.009+0200] {dagbag.py:532} INFO - Filling up the DagBag from /home/varun/miniconda3/envs/python38/lib/python3.8/site-packages/airflow/example_dags/tutorial.py
[2025-09-03T20:13:07.021+0200] {processor.py:753} INFO - DAG(s) dict_keys(['tutorial']) retrieved from /home/varun/miniconda3/envs/python38/lib/python3.8/site-packages/airflow/example_dags/tutorial.py
[2025-09-03T20:13:07.041+0200] {logging_mixin.py:137} INFO - [2025-09-03T20:13:07.041+0200] {dag.py:2705} INFO - Sync 1 DAGs
[2025-09-03T20:13:07.058+0200] {logging_mixin.py:137} INFO - [2025-09-03T20:13:07.058+0200] {dag.py:3452} INFO - Setting next_dagrun for tutorial to 2025-09-02T18:13:07.057926+00:00, run_after=2025-09-03T18:13:07.057926+00:00
[2025-09-03T20:13:07.082+0200] {processor.py:175} INFO - Processing /home/varun/miniconda3/envs/python38/lib/python3.8/site-packages/airflow/example_dags/tutorial.py took 0.079 seconds
[2025-09-03T20:13:53.186+0200] {processor.py:153} INFO - Started process (PID=4760) to work on /home/varun/miniconda3/envs/python38/lib/python3.8/site-packages/airflow/example_dags/tutorial.py
[2025-09-03T20:13:53.187+0200] {processor.py:743} INFO - Processing file /home/varun/miniconda3/envs/python38/lib/python3.8/site-packages/airflow/example_dags/tutorial.py for tasks to queue
[2025-09-03T20:13:53.188+0200] {logging_mixin.py:137} INFO - [2025-09-03T20:13:53.188+0200] {dagbag.py:532} INFO - Filling up the DagBag from /home/varun/miniconda3/envs/python38/lib/python3.8/site-packages/airflow/example_dags/tutorial.py
[2025-09-03T20:13:53.200+0200] {processor.py:753} INFO - DAG(s) dict_keys(['tutorial']) retrieved from /home/varun/miniconda3/envs/python38/lib/python3.8/site-packages/airflow/example_dags/tutorial.py
[2025-09-03T20:13:53.219+0200] {logging_mixin.py:137} INFO - [2025-09-03T20:13:53.219+0200] {dag.py:2705} INFO - Sync 1 DAGs
[2025-09-03T20:13:53.236+0200] {logging_mixin.py:137} INFO - [2025-09-03T20:13:53.236+0200] {dag.py:3452} INFO - Setting next_dagrun for tutorial to 2025-09-02T18:13:53.235925+00:00, run_after=2025-09-03T18:13:53.235925+00:00
[2025-09-03T20:13:53.256+0200] {processor.py:175} INFO - Processing /home/varun/miniconda3/envs/python38/lib/python3.8/site-packages/airflow/example_dags/tutorial.py took 0.074 seconds
[2025-09-03T20:14:36.703+0200] {processor.py:153} INFO - Started process (PID=4802) to work on /home/varun/miniconda3/envs/python38/lib/python3.8/site-packages/airflow/example_dags/tutorial.py
[2025-09-03T20:14:36.705+0200] {processor.py:743} INFO - Processing file /home/varun/miniconda3/envs/python38/lib/python3.8/site-packages/airflow/example_dags/tutorial.py for tasks to queue
[2025-09-03T20:14:36.705+0200] {logging_mixin.py:137} INFO - [2025-09-03T20:14:36.705+0200] {dagbag.py:532} INFO - Filling up the DagBag from /home/varun/miniconda3/envs/python38/lib/python3.8/site-packages/airflow/example_dags/tutorial.py
[2025-09-03T20:14:36.719+0200] {processor.py:753} INFO - DAG(s) dict_keys(['tutorial']) retrieved from /home/varun/miniconda3/envs/python38/lib/python3.8/site-packages/airflow/example_dags/tutorial.py
[2025-09-03T20:14:36.735+0200] {logging_mixin.py:137} INFO - [2025-09-03T20:14:36.735+0200] {dag.py:2705} INFO - Sync 1 DAGs
[2025-09-03T20:14:36.751+0200] {logging_mixin.py:137} INFO - [2025-09-03T20:14:36.751+0200] {dag.py:3452} INFO - Setting next_dagrun for tutorial to 2025-09-02T18:14:36.751302+00:00, run_after=2025-09-03T18:14:36.751302+00:00
[2025-09-03T20:14:36.773+0200] {processor.py:175} INFO - Processing /home/varun/miniconda3/envs/python38/lib/python3.8/site-packages/airflow/example_dags/tutorial.py took 0.073 seconds
[2025-09-03T20:15:23.541+0200] {processor.py:153} INFO - Started process (PID=4844) to work on /home/varun/miniconda3/envs/python38/lib/python3.8/site-packages/airflow/example_dags/tutorial.py
[2025-09-03T20:15:23.543+0200] {processor.py:743} INFO - Processing file /home/varun/miniconda3/envs/python38/lib/python3.8/site-packages/airflow/example_dags/tutorial.py for tasks to queue
[2025-09-03T20:15:23.544+0200] {logging_mixin.py:137} INFO - [2025-09-03T20:15:23.544+0200] {dagbag.py:532} INFO - Filling up the DagBag from /home/varun/miniconda3/envs/python38/lib/python3.8/site-packages/airflow/example_dags/tutorial.py
[2025-09-03T20:15:23.557+0200] {processor.py:753} INFO - DAG(s) dict_keys(['tutorial']) retrieved from /home/varun/miniconda3/envs/python38/lib/python3.8/site-packages/airflow/example_dags/tutorial.py
[2025-09-03T20:15:23.580+0200] {logging_mixin.py:137} INFO - [2025-09-03T20:15:23.580+0200] {dag.py:2705} INFO - Sync 1 DAGs
[2025-09-03T20:15:23.601+0200] {logging_mixin.py:137} INFO - [2025-09-03T20:15:23.601+0200] {dag.py:3452} INFO - Setting next_dagrun for tutorial to 2025-09-02T18:15:23.600939+00:00, run_after=2025-09-03T18:15:23.600939+00:00
[2025-09-03T20:15:23.626+0200] {processor.py:175} INFO - Processing /home/varun/miniconda3/envs/python38/lib/python3.8/site-packages/airflow/example_dags/tutorial.py took 0.089 seconds
[2025-09-03T20:16:08.928+0200] {processor.py:153} INFO - Started process (PID=4886) to work on /home/varun/miniconda3/envs/python38/lib/python3.8/site-packages/airflow/example_dags/tutorial.py
[2025-09-03T20:16:08.930+0200] {processor.py:743} INFO - Processing file /home/varun/miniconda3/envs/python38/lib/python3.8/site-packages/airflow/example_dags/tutorial.py for tasks to queue
[2025-09-03T20:16:08.931+0200] {logging_mixin.py:137} INFO - [2025-09-03T20:16:08.930+0200] {dagbag.py:532} INFO - Filling up the DagBag from /home/varun/miniconda3/envs/python38/lib/python3.8/site-packages/airflow/example_dags/tutorial.py
[2025-09-03T20:16:08.946+0200] {processor.py:753} INFO - DAG(s) dict_keys(['tutorial']) retrieved from /home/varun/miniconda3/envs/python38/lib/python3.8/site-packages/airflow/example_dags/tutorial.py
[2025-09-03T20:16:08.966+0200] {logging_mixin.py:137} INFO - [2025-09-03T20:16:08.966+0200] {dag.py:2705} INFO - Sync 1 DAGs
[2025-09-03T20:16:08.984+0200] {logging_mixin.py:137} INFO - [2025-09-03T20:16:08.984+0200] {dag.py:3452} INFO - Setting next_dagrun for tutorial to 2025-09-02T18:16:08.984290+00:00, run_after=2025-09-03T18:16:08.984290+00:00
[2025-09-03T20:16:09.007+0200] {processor.py:175} INFO - Processing /home/varun/miniconda3/envs/python38/lib/python3.8/site-packages/airflow/example_dags/tutorial.py took 0.082 seconds
[2025-09-03T20:16:53.281+0200] {processor.py:153} INFO - Started process (PID=4928) to work on /home/varun/miniconda3/envs/python38/lib/python3.8/site-packages/airflow/example_dags/tutorial.py
[2025-09-03T20:16:53.283+0200] {processor.py:743} INFO - Processing file /home/varun/miniconda3/envs/python38/lib/python3.8/site-packages/airflow/example_dags/tutorial.py for tasks to queue
[2025-09-03T20:16:53.283+0200] {logging_mixin.py:137} INFO - [2025-09-03T20:16:53.283+0200] {dagbag.py:532} INFO - Filling up the DagBag from /home/varun/miniconda3/envs/python38/lib/python3.8/site-packages/airflow/example_dags/tutorial.py
[2025-09-03T20:16:53.295+0200] {processor.py:753} INFO - DAG(s) dict_keys(['tutorial']) retrieved from /home/varun/miniconda3/envs/python38/lib/python3.8/site-packages/airflow/example_dags/tutorial.py
[2025-09-03T20:16:53.313+0200] {logging_mixin.py:137} INFO - [2025-09-03T20:16:53.313+0200] {dag.py:2705} INFO - Sync 1 DAGs
[2025-09-03T20:16:53.331+0200] {logging_mixin.py:137} INFO - [2025-09-03T20:16:53.331+0200] {dag.py:3452} INFO - Setting next_dagrun for tutorial to 2025-09-02T18:16:53.330772+00:00, run_after=2025-09-03T18:16:53.330772+00:00
[2025-09-03T20:16:53.351+0200] {processor.py:175} INFO - Processing /home/varun/miniconda3/envs/python38/lib/python3.8/site-packages/airflow/example_dags/tutorial.py took 0.073 seconds
[2025-09-03T20:17:43.211+0200] {processor.py:153} INFO - Started process (PID=4973) to work on /home/varun/miniconda3/envs/python38/lib/python3.8/site-packages/airflow/example_dags/tutorial.py
[2025-09-03T20:17:43.213+0200] {processor.py:743} INFO - Processing file /home/varun/miniconda3/envs/python38/lib/python3.8/site-packages/airflow/example_dags/tutorial.py for tasks to queue
[2025-09-03T20:17:43.214+0200] {logging_mixin.py:137} INFO - [2025-09-03T20:17:43.213+0200] {dagbag.py:532} INFO - Filling up the DagBag from /home/varun/miniconda3/envs/python38/lib/python3.8/site-packages/airflow/example_dags/tutorial.py
[2025-09-03T20:17:43.236+0200] {processor.py:753} INFO - DAG(s) dict_keys(['tutorial']) retrieved from /home/varun/miniconda3/envs/python38/lib/python3.8/site-packages/airflow/example_dags/tutorial.py
[2025-09-03T20:17:43.257+0200] {logging_mixin.py:137} INFO - [2025-09-03T20:17:43.257+0200] {dag.py:2705} INFO - Sync 1 DAGs
[2025-09-03T20:17:43.280+0200] {logging_mixin.py:137} INFO - [2025-09-03T20:17:43.280+0200] {dag.py:3452} INFO - Setting next_dagrun for tutorial to 2025-09-02T18:17:43.280383+00:00, run_after=2025-09-03T18:17:43.280383+00:00
[2025-09-03T20:17:43.306+0200] {processor.py:175} INFO - Processing /home/varun/miniconda3/envs/python38/lib/python3.8/site-packages/airflow/example_dags/tutorial.py took 0.099 seconds
[2025-09-03T20:18:26.866+0200] {processor.py:153} INFO - Started process (PID=5016) to work on /home/varun/miniconda3/envs/python38/lib/python3.8/site-packages/airflow/example_dags/tutorial.py
[2025-09-03T20:18:26.869+0200] {processor.py:743} INFO - Processing file /home/varun/miniconda3/envs/python38/lib/python3.8/site-packages/airflow/example_dags/tutorial.py for tasks to queue
[2025-09-03T20:18:26.869+0200] {logging_mixin.py:137} INFO - [2025-09-03T20:18:26.869+0200] {dagbag.py:532} INFO - Filling up the DagBag from /home/varun/miniconda3/envs/python38/lib/python3.8/site-packages/airflow/example_dags/tutorial.py
[2025-09-03T20:18:26.888+0200] {processor.py:753} INFO - DAG(s) dict_keys(['tutorial']) retrieved from /home/varun/miniconda3/envs/python38/lib/python3.8/site-packages/airflow/example_dags/tutorial.py
[2025-09-03T20:18:26.911+0200] {logging_mixin.py:137} INFO - [2025-09-03T20:18:26.911+0200] {dag.py:2705} INFO - Sync 1 DAGs
[2025-09-03T20:18:26.932+0200] {logging_mixin.py:137} INFO - [2025-09-03T20:18:26.931+0200] {dag.py:3452} INFO - Setting next_dagrun for tutorial to 2025-09-02T18:18:26.931633+00:00, run_after=2025-09-03T18:18:26.931633+00:00
[2025-09-03T20:18:26.957+0200] {processor.py:175} INFO - Processing /home/varun/miniconda3/envs/python38/lib/python3.8/site-packages/airflow/example_dags/tutorial.py took 0.095 seconds
[2025-09-03T20:19:14.486+0200] {processor.py:153} INFO - Started process (PID=5058) to work on /home/varun/miniconda3/envs/python38/lib/python3.8/site-packages/airflow/example_dags/tutorial.py
[2025-09-03T20:19:14.488+0200] {processor.py:743} INFO - Processing file /home/varun/miniconda3/envs/python38/lib/python3.8/site-packages/airflow/example_dags/tutorial.py for tasks to queue
[2025-09-03T20:19:14.488+0200] {logging_mixin.py:137} INFO - [2025-09-03T20:19:14.488+0200] {dagbag.py:532} INFO - Filling up the DagBag from /home/varun/miniconda3/envs/python38/lib/python3.8/site-packages/airflow/example_dags/tutorial.py
[2025-09-03T20:19:14.502+0200] {processor.py:753} INFO - DAG(s) dict_keys(['tutorial']) retrieved from /home/varun/miniconda3/envs/python38/lib/python3.8/site-packages/airflow/example_dags/tutorial.py
[2025-09-03T20:19:14.518+0200] {logging_mixin.py:137} INFO - [2025-09-03T20:19:14.518+0200] {dag.py:2705} INFO - Sync 1 DAGs
[2025-09-03T20:19:14.533+0200] {logging_mixin.py:137} INFO - [2025-09-03T20:19:14.533+0200] {dag.py:3452} INFO - Setting next_dagrun for tutorial to 2025-09-02T18:19:14.533450+00:00, run_after=2025-09-03T18:19:14.533450+00:00
[2025-09-03T20:19:14.642+0200] {processor.py:175} INFO - Processing /home/varun/miniconda3/envs/python38/lib/python3.8/site-packages/airflow/example_dags/tutorial.py took 0.159 seconds
[2025-09-03T20:20:07.817+0200] {processor.py:153} INFO - Started process (PID=5100) to work on /home/varun/miniconda3/envs/python38/lib/python3.8/site-packages/airflow/example_dags/tutorial.py
[2025-09-03T20:20:07.819+0200] {processor.py:743} INFO - Processing file /home/varun/miniconda3/envs/python38/lib/python3.8/site-packages/airflow/example_dags/tutorial.py for tasks to queue
[2025-09-03T20:20:07.819+0200] {logging_mixin.py:137} INFO - [2025-09-03T20:20:07.819+0200] {dagbag.py:532} INFO - Filling up the DagBag from /home/varun/miniconda3/envs/python38/lib/python3.8/site-packages/airflow/example_dags/tutorial.py
[2025-09-03T20:20:07.832+0200] {processor.py:753} INFO - DAG(s) dict_keys(['tutorial']) retrieved from /home/varun/miniconda3/envs/python38/lib/python3.8/site-packages/airflow/example_dags/tutorial.py
[2025-09-03T20:20:07.849+0200] {logging_mixin.py:137} INFO - [2025-09-03T20:20:07.849+0200] {dag.py:2705} INFO - Sync 1 DAGs
[2025-09-03T20:20:07.947+0200] {logging_mixin.py:137} INFO - [2025-09-03T20:20:07.947+0200] {dag.py:3452} INFO - Setting next_dagrun for tutorial to 2025-09-02T18:20:07.947553+00:00, run_after=2025-09-03T18:20:07.947553+00:00
[2025-09-03T20:20:07.971+0200] {processor.py:175} INFO - Processing /home/varun/miniconda3/envs/python38/lib/python3.8/site-packages/airflow/example_dags/tutorial.py took 0.156 seconds
[2025-09-03T20:20:58.196+0200] {processor.py:153} INFO - Started process (PID=5142) to work on /home/varun/miniconda3/envs/python38/lib/python3.8/site-packages/airflow/example_dags/tutorial.py
[2025-09-03T20:20:58.198+0200] {processor.py:743} INFO - Processing file /home/varun/miniconda3/envs/python38/lib/python3.8/site-packages/airflow/example_dags/tutorial.py for tasks to queue
[2025-09-03T20:20:58.199+0200] {logging_mixin.py:137} INFO - [2025-09-03T20:20:58.199+0200] {dagbag.py:532} INFO - Filling up the DagBag from /home/varun/miniconda3/envs/python38/lib/python3.8/site-packages/airflow/example_dags/tutorial.py
[2025-09-03T20:20:58.215+0200] {processor.py:753} INFO - DAG(s) dict_keys(['tutorial']) retrieved from /home/varun/miniconda3/envs/python38/lib/python3.8/site-packages/airflow/example_dags/tutorial.py
[2025-09-03T20:20:58.234+0200] {logging_mixin.py:137} INFO - [2025-09-03T20:20:58.234+0200] {dag.py:2705} INFO - Sync 1 DAGs
[2025-09-03T20:20:58.357+0200] {logging_mixin.py:137} INFO - [2025-09-03T20:20:58.357+0200] {dag.py:3452} INFO - Setting next_dagrun for tutorial to 2025-09-02T18:20:58.356939+00:00, run_after=2025-09-03T18:20:58.356939+00:00
[2025-09-03T20:20:58.378+0200] {processor.py:175} INFO - Processing /home/varun/miniconda3/envs/python38/lib/python3.8/site-packages/airflow/example_dags/tutorial.py took 0.186 seconds
[2025-09-03T20:21:46.280+0200] {processor.py:153} INFO - Started process (PID=5184) to work on /home/varun/miniconda3/envs/python38/lib/python3.8/site-packages/airflow/example_dags/tutorial.py
[2025-09-03T20:21:46.282+0200] {processor.py:743} INFO - Processing file /home/varun/miniconda3/envs/python38/lib/python3.8/site-packages/airflow/example_dags/tutorial.py for tasks to queue
[2025-09-03T20:21:46.282+0200] {logging_mixin.py:137} INFO - [2025-09-03T20:21:46.282+0200] {dagbag.py:532} INFO - Filling up the DagBag from /home/varun/miniconda3/envs/python38/lib/python3.8/site-packages/airflow/example_dags/tutorial.py
[2025-09-03T20:21:46.299+0200] {processor.py:753} INFO - DAG(s) dict_keys(['tutorial']) retrieved from /home/varun/miniconda3/envs/python38/lib/python3.8/site-packages/airflow/example_dags/tutorial.py
[2025-09-03T20:21:46.425+0200] {logging_mixin.py:137} INFO - [2025-09-03T20:21:46.425+0200] {dag.py:2705} INFO - Sync 1 DAGs
[2025-09-03T20:21:46.439+0200] {logging_mixin.py:137} INFO - [2025-09-03T20:21:46.439+0200] {dag.py:3452} INFO - Setting next_dagrun for tutorial to 2025-09-02T18:21:46.439331+00:00, run_after=2025-09-03T18:21:46.439331+00:00
[2025-09-03T20:21:46.462+0200] {processor.py:175} INFO - Processing /home/varun/miniconda3/envs/python38/lib/python3.8/site-packages/airflow/example_dags/tutorial.py took 0.186 seconds
[2025-09-03T20:22:39.552+0200] {processor.py:153} INFO - Started process (PID=5226) to work on /home/varun/miniconda3/envs/python38/lib/python3.8/site-packages/airflow/example_dags/tutorial.py
[2025-09-03T20:22:39.554+0200] {processor.py:743} INFO - Processing file /home/varun/miniconda3/envs/python38/lib/python3.8/site-packages/airflow/example_dags/tutorial.py for tasks to queue
[2025-09-03T20:22:39.554+0200] {logging_mixin.py:137} INFO - [2025-09-03T20:22:39.554+0200] {dagbag.py:532} INFO - Filling up the DagBag from /home/varun/miniconda3/envs/python38/lib/python3.8/site-packages/airflow/example_dags/tutorial.py
[2025-09-03T20:22:39.652+0200] {processor.py:753} INFO - DAG(s) dict_keys(['tutorial']) retrieved from /home/varun/miniconda3/envs/python38/lib/python3.8/site-packages/airflow/example_dags/tutorial.py
[2025-09-03T20:22:39.665+0200] {logging_mixin.py:137} INFO - [2025-09-03T20:22:39.665+0200] {dag.py:2705} INFO - Sync 1 DAGs
[2025-09-03T20:22:39.677+0200] {logging_mixin.py:137} INFO - [2025-09-03T20:22:39.677+0200] {dag.py:3452} INFO - Setting next_dagrun for tutorial to 2025-09-02T18:22:39.677623+00:00, run_after=2025-09-03T18:22:39.677623+00:00
[2025-09-03T20:22:39.695+0200] {processor.py:175} INFO - Processing /home/varun/miniconda3/envs/python38/lib/python3.8/site-packages/airflow/example_dags/tutorial.py took 0.146 seconds
[2025-09-03T20:23:27.834+0200] {processor.py:153} INFO - Started process (PID=5268) to work on /home/varun/miniconda3/envs/python38/lib/python3.8/site-packages/airflow/example_dags/tutorial.py
[2025-09-03T20:23:27.836+0200] {processor.py:743} INFO - Processing file /home/varun/miniconda3/envs/python38/lib/python3.8/site-packages/airflow/example_dags/tutorial.py for tasks to queue
[2025-09-03T20:23:27.836+0200] {logging_mixin.py:137} INFO - [2025-09-03T20:23:27.836+0200] {dagbag.py:532} INFO - Filling up the DagBag from /home/varun/miniconda3/envs/python38/lib/python3.8/site-packages/airflow/example_dags/tutorial.py
[2025-09-03T20:23:27.849+0200] {processor.py:753} INFO - DAG(s) dict_keys(['tutorial']) retrieved from /home/varun/miniconda3/envs/python38/lib/python3.8/site-packages/airflow/example_dags/tutorial.py
[2025-09-03T20:23:27.867+0200] {logging_mixin.py:137} INFO - [2025-09-03T20:23:27.867+0200] {dag.py:2705} INFO - Sync 1 DAGs
[2025-09-03T20:23:27.884+0200] {logging_mixin.py:137} INFO - [2025-09-03T20:23:27.884+0200] {dag.py:3452} INFO - Setting next_dagrun for tutorial to 2025-09-02T18:23:27.884000+00:00, run_after=2025-09-03T18:23:27.884000+00:00
[2025-09-03T20:23:27.906+0200] {processor.py:175} INFO - Processing /home/varun/miniconda3/envs/python38/lib/python3.8/site-packages/airflow/example_dags/tutorial.py took 0.075 seconds
[2025-09-03T20:24:17.086+0200] {processor.py:153} INFO - Started process (PID=5311) to work on /home/varun/miniconda3/envs/python38/lib/python3.8/site-packages/airflow/example_dags/tutorial.py
[2025-09-03T20:24:17.088+0200] {processor.py:743} INFO - Processing file /home/varun/miniconda3/envs/python38/lib/python3.8/site-packages/airflow/example_dags/tutorial.py for tasks to queue
[2025-09-03T20:24:17.088+0200] {logging_mixin.py:137} INFO - [2025-09-03T20:24:17.088+0200] {dagbag.py:532} INFO - Filling up the DagBag from /home/varun/miniconda3/envs/python38/lib/python3.8/site-packages/airflow/example_dags/tutorial.py
[2025-09-03T20:24:17.104+0200] {processor.py:753} INFO - DAG(s) dict_keys(['tutorial']) retrieved from /home/varun/miniconda3/envs/python38/lib/python3.8/site-packages/airflow/example_dags/tutorial.py
[2025-09-03T20:24:17.123+0200] {logging_mixin.py:137} INFO - [2025-09-03T20:24:17.123+0200] {dag.py:2705} INFO - Sync 1 DAGs
[2025-09-03T20:24:17.141+0200] {logging_mixin.py:137} INFO - [2025-09-03T20:24:17.141+0200] {dag.py:3452} INFO - Setting next_dagrun for tutorial to 2025-09-02T18:24:17.141202+00:00, run_after=2025-09-03T18:24:17.141202+00:00
[2025-09-03T20:24:17.165+0200] {processor.py:175} INFO - Processing /home/varun/miniconda3/envs/python38/lib/python3.8/site-packages/airflow/example_dags/tutorial.py took 0.082 seconds
[2025-09-03T20:25:03.531+0200] {processor.py:153} INFO - Started process (PID=5353) to work on /home/varun/miniconda3/envs/python38/lib/python3.8/site-packages/airflow/example_dags/tutorial.py
[2025-09-03T20:25:03.533+0200] {processor.py:743} INFO - Processing file /home/varun/miniconda3/envs/python38/lib/python3.8/site-packages/airflow/example_dags/tutorial.py for tasks to queue
[2025-09-03T20:25:03.533+0200] {logging_mixin.py:137} INFO - [2025-09-03T20:25:03.533+0200] {dagbag.py:532} INFO - Filling up the DagBag from /home/varun/miniconda3/envs/python38/lib/python3.8/site-packages/airflow/example_dags/tutorial.py
[2025-09-03T20:25:03.547+0200] {processor.py:753} INFO - DAG(s) dict_keys(['tutorial']) retrieved from /home/varun/miniconda3/envs/python38/lib/python3.8/site-packages/airflow/example_dags/tutorial.py
[2025-09-03T20:25:03.567+0200] {logging_mixin.py:137} INFO - [2025-09-03T20:25:03.567+0200] {dag.py:2705} INFO - Sync 1 DAGs
[2025-09-03T20:25:03.586+0200] {logging_mixin.py:137} INFO - [2025-09-03T20:25:03.586+0200] {dag.py:3452} INFO - Setting next_dagrun for tutorial to 2025-09-02T18:25:03.585808+00:00, run_after=2025-09-03T18:25:03.585808+00:00
[2025-09-03T20:25:03.608+0200] {processor.py:175} INFO - Processing /home/varun/miniconda3/envs/python38/lib/python3.8/site-packages/airflow/example_dags/tutorial.py took 0.079 seconds
[2025-09-03T20:25:45.762+0200] {processor.py:153} INFO - Started process (PID=5395) to work on /home/varun/miniconda3/envs/python38/lib/python3.8/site-packages/airflow/example_dags/tutorial.py
[2025-09-03T20:25:45.764+0200] {processor.py:743} INFO - Processing file /home/varun/miniconda3/envs/python38/lib/python3.8/site-packages/airflow/example_dags/tutorial.py for tasks to queue
[2025-09-03T20:25:45.764+0200] {logging_mixin.py:137} INFO - [2025-09-03T20:25:45.764+0200] {dagbag.py:532} INFO - Filling up the DagBag from /home/varun/miniconda3/envs/python38/lib/python3.8/site-packages/airflow/example_dags/tutorial.py
[2025-09-03T20:25:45.779+0200] {processor.py:753} INFO - DAG(s) dict_keys(['tutorial']) retrieved from /home/varun/miniconda3/envs/python38/lib/python3.8/site-packages/airflow/example_dags/tutorial.py
[2025-09-03T20:25:45.802+0200] {logging_mixin.py:137} INFO - [2025-09-03T20:25:45.801+0200] {dag.py:2705} INFO - Sync 1 DAGs
[2025-09-03T20:25:45.823+0200] {logging_mixin.py:137} INFO - [2025-09-03T20:25:45.823+0200] {dag.py:3452} INFO - Setting next_dagrun for tutorial to 2025-09-02T18:25:45.823224+00:00, run_after=2025-09-03T18:25:45.823224+00:00
[2025-09-03T20:25:45.852+0200] {processor.py:175} INFO - Processing /home/varun/miniconda3/envs/python38/lib/python3.8/site-packages/airflow/example_dags/tutorial.py took 0.093 seconds
[2025-09-03T20:26:31.090+0200] {processor.py:153} INFO - Started process (PID=5437) to work on /home/varun/miniconda3/envs/python38/lib/python3.8/site-packages/airflow/example_dags/tutorial.py
[2025-09-03T20:26:31.091+0200] {processor.py:743} INFO - Processing file /home/varun/miniconda3/envs/python38/lib/python3.8/site-packages/airflow/example_dags/tutorial.py for tasks to queue
[2025-09-03T20:26:31.092+0200] {logging_mixin.py:137} INFO - [2025-09-03T20:26:31.092+0200] {dagbag.py:532} INFO - Filling up the DagBag from /home/varun/miniconda3/envs/python38/lib/python3.8/site-packages/airflow/example_dags/tutorial.py
[2025-09-03T20:26:31.105+0200] {processor.py:753} INFO - DAG(s) dict_keys(['tutorial']) retrieved from /home/varun/miniconda3/envs/python38/lib/python3.8/site-packages/airflow/example_dags/tutorial.py
[2025-09-03T20:26:31.122+0200] {logging_mixin.py:137} INFO - [2025-09-03T20:26:31.122+0200] {dag.py:2705} INFO - Sync 1 DAGs
[2025-09-03T20:26:31.138+0200] {logging_mixin.py:137} INFO - [2025-09-03T20:26:31.138+0200] {dag.py:3452} INFO - Setting next_dagrun for tutorial to 2025-09-02T18:26:31.138400+00:00, run_after=2025-09-03T18:26:31.138400+00:00
[2025-09-03T20:26:31.159+0200] {processor.py:175} INFO - Processing /home/varun/miniconda3/envs/python38/lib/python3.8/site-packages/airflow/example_dags/tutorial.py took 0.073 seconds
[2025-09-03T20:27:20.574+0200] {processor.py:153} INFO - Started process (PID=5479) to work on /home/varun/miniconda3/envs/python38/lib/python3.8/site-packages/airflow/example_dags/tutorial.py
[2025-09-03T20:27:20.577+0200] {processor.py:743} INFO - Processing file /home/varun/miniconda3/envs/python38/lib/python3.8/site-packages/airflow/example_dags/tutorial.py for tasks to queue
[2025-09-03T20:27:20.578+0200] {logging_mixin.py:137} INFO - [2025-09-03T20:27:20.578+0200] {dagbag.py:532} INFO - Filling up the DagBag from /home/varun/miniconda3/envs/python38/lib/python3.8/site-packages/airflow/example_dags/tutorial.py
[2025-09-03T20:27:20.591+0200] {processor.py:753} INFO - DAG(s) dict_keys(['tutorial']) retrieved from /home/varun/miniconda3/envs/python38/lib/python3.8/site-packages/airflow/example_dags/tutorial.py
[2025-09-03T20:27:20.611+0200] {logging_mixin.py:137} INFO - [2025-09-03T20:27:20.611+0200] {dag.py:2705} INFO - Sync 1 DAGs
[2025-09-03T20:27:20.631+0200] {logging_mixin.py:137} INFO - [2025-09-03T20:27:20.631+0200] {dag.py:3452} INFO - Setting next_dagrun for tutorial to 2025-09-02T18:27:20.631431+00:00, run_after=2025-09-03T18:27:20.631431+00:00
[2025-09-03T20:27:20.654+0200] {processor.py:175} INFO - Processing /home/varun/miniconda3/envs/python38/lib/python3.8/site-packages/airflow/example_dags/tutorial.py took 0.083 seconds
[2025-09-03T20:28:06.968+0200] {processor.py:153} INFO - Started process (PID=5521) to work on /home/varun/miniconda3/envs/python38/lib/python3.8/site-packages/airflow/example_dags/tutorial.py
[2025-09-03T20:28:06.969+0200] {processor.py:743} INFO - Processing file /home/varun/miniconda3/envs/python38/lib/python3.8/site-packages/airflow/example_dags/tutorial.py for tasks to queue
[2025-09-03T20:28:06.970+0200] {logging_mixin.py:137} INFO - [2025-09-03T20:28:06.970+0200] {dagbag.py:532} INFO - Filling up the DagBag from /home/varun/miniconda3/envs/python38/lib/python3.8/site-packages/airflow/example_dags/tutorial.py
[2025-09-03T20:28:06.984+0200] {processor.py:753} INFO - DAG(s) dict_keys(['tutorial']) retrieved from /home/varun/miniconda3/envs/python38/lib/python3.8/site-packages/airflow/example_dags/tutorial.py
[2025-09-03T20:28:07.003+0200] {logging_mixin.py:137} INFO - [2025-09-03T20:28:07.002+0200] {dag.py:2705} INFO - Sync 1 DAGs
[2025-09-03T20:28:07.019+0200] {logging_mixin.py:137} INFO - [2025-09-03T20:28:07.019+0200] {dag.py:3452} INFO - Setting next_dagrun for tutorial to 2025-09-02T18:28:07.018999+00:00, run_after=2025-09-03T18:28:07.018999+00:00
[2025-09-03T20:28:07.041+0200] {processor.py:175} INFO - Processing /home/varun/miniconda3/envs/python38/lib/python3.8/site-packages/airflow/example_dags/tutorial.py took 0.076 seconds
[2025-09-03T20:28:53.216+0200] {processor.py:153} INFO - Started process (PID=5563) to work on /home/varun/miniconda3/envs/python38/lib/python3.8/site-packages/airflow/example_dags/tutorial.py
[2025-09-03T20:28:53.218+0200] {processor.py:743} INFO - Processing file /home/varun/miniconda3/envs/python38/lib/python3.8/site-packages/airflow/example_dags/tutorial.py for tasks to queue
[2025-09-03T20:28:53.219+0200] {logging_mixin.py:137} INFO - [2025-09-03T20:28:53.219+0200] {dagbag.py:532} INFO - Filling up the DagBag from /home/varun/miniconda3/envs/python38/lib/python3.8/site-packages/airflow/example_dags/tutorial.py
[2025-09-03T20:28:53.233+0200] {processor.py:753} INFO - DAG(s) dict_keys(['tutorial']) retrieved from /home/varun/miniconda3/envs/python38/lib/python3.8/site-packages/airflow/example_dags/tutorial.py
[2025-09-03T20:28:53.251+0200] {logging_mixin.py:137} INFO - [2025-09-03T20:28:53.251+0200] {dag.py:2705} INFO - Sync 1 DAGs
[2025-09-03T20:28:53.270+0200] {logging_mixin.py:137} INFO - [2025-09-03T20:28:53.269+0200] {dag.py:3452} INFO - Setting next_dagrun for tutorial to 2025-09-02T18:28:53.269633+00:00, run_after=2025-09-03T18:28:53.269633+00:00
[2025-09-03T20:28:53.291+0200] {processor.py:175} INFO - Processing /home/varun/miniconda3/envs/python38/lib/python3.8/site-packages/airflow/example_dags/tutorial.py took 0.078 seconds
[2025-09-03T20:29:42.599+0200] {processor.py:153} INFO - Started process (PID=5606) to work on /home/varun/miniconda3/envs/python38/lib/python3.8/site-packages/airflow/example_dags/tutorial.py
[2025-09-03T20:29:42.600+0200] {processor.py:743} INFO - Processing file /home/varun/miniconda3/envs/python38/lib/python3.8/site-packages/airflow/example_dags/tutorial.py for tasks to queue
[2025-09-03T20:29:42.601+0200] {logging_mixin.py:137} INFO - [2025-09-03T20:29:42.601+0200] {dagbag.py:532} INFO - Filling up the DagBag from /home/varun/miniconda3/envs/python38/lib/python3.8/site-packages/airflow/example_dags/tutorial.py
[2025-09-03T20:29:42.619+0200] {processor.py:753} INFO - DAG(s) dict_keys(['tutorial']) retrieved from /home/varun/miniconda3/envs/python38/lib/python3.8/site-packages/airflow/example_dags/tutorial.py
[2025-09-03T20:29:42.637+0200] {logging_mixin.py:137} INFO - [2025-09-03T20:29:42.637+0200] {dag.py:2705} INFO - Sync 1 DAGs
[2025-09-03T20:29:42.654+0200] {logging_mixin.py:137} INFO - [2025-09-03T20:29:42.654+0200] {dag.py:3452} INFO - Setting next_dagrun for tutorial to 2025-09-02T18:29:42.653838+00:00, run_after=2025-09-03T18:29:42.653838+00:00
[2025-09-03T20:29:42.678+0200] {processor.py:175} INFO - Processing /home/varun/miniconda3/envs/python38/lib/python3.8/site-packages/airflow/example_dags/tutorial.py took 0.082 seconds
[2025-09-03T20:30:27.476+0200] {processor.py:153} INFO - Started process (PID=5648) to work on /home/varun/miniconda3/envs/python38/lib/python3.8/site-packages/airflow/example_dags/tutorial.py
[2025-09-03T20:30:27.478+0200] {processor.py:743} INFO - Processing file /home/varun/miniconda3/envs/python38/lib/python3.8/site-packages/airflow/example_dags/tutorial.py for tasks to queue
[2025-09-03T20:30:27.478+0200] {logging_mixin.py:137} INFO - [2025-09-03T20:30:27.478+0200] {dagbag.py:532} INFO - Filling up the DagBag from /home/varun/miniconda3/envs/python38/lib/python3.8/site-packages/airflow/example_dags/tutorial.py
[2025-09-03T20:30:27.491+0200] {processor.py:753} INFO - DAG(s) dict_keys(['tutorial']) retrieved from /home/varun/miniconda3/envs/python38/lib/python3.8/site-packages/airflow/example_dags/tutorial.py
[2025-09-03T20:30:27.513+0200] {logging_mixin.py:137} INFO - [2025-09-03T20:30:27.513+0200] {dag.py:2705} INFO - Sync 1 DAGs
[2025-09-03T20:30:27.532+0200] {logging_mixin.py:137} INFO - [2025-09-03T20:30:27.532+0200] {dag.py:3452} INFO - Setting next_dagrun for tutorial to 2025-09-02T18:30:27.532474+00:00, run_after=2025-09-03T18:30:27.532474+00:00
[2025-09-03T20:30:27.559+0200] {processor.py:175} INFO - Processing /home/varun/miniconda3/envs/python38/lib/python3.8/site-packages/airflow/example_dags/tutorial.py took 0.087 seconds
[2025-09-03T20:31:11.680+0200] {processor.py:153} INFO - Started process (PID=5690) to work on /home/varun/miniconda3/envs/python38/lib/python3.8/site-packages/airflow/example_dags/tutorial.py
[2025-09-03T20:31:11.682+0200] {processor.py:743} INFO - Processing file /home/varun/miniconda3/envs/python38/lib/python3.8/site-packages/airflow/example_dags/tutorial.py for tasks to queue
[2025-09-03T20:31:11.683+0200] {logging_mixin.py:137} INFO - [2025-09-03T20:31:11.683+0200] {dagbag.py:532} INFO - Filling up the DagBag from /home/varun/miniconda3/envs/python38/lib/python3.8/site-packages/airflow/example_dags/tutorial.py
[2025-09-03T20:31:11.696+0200] {processor.py:753} INFO - DAG(s) dict_keys(['tutorial']) retrieved from /home/varun/miniconda3/envs/python38/lib/python3.8/site-packages/airflow/example_dags/tutorial.py
[2025-09-03T20:31:11.712+0200] {logging_mixin.py:137} INFO - [2025-09-03T20:31:11.712+0200] {dag.py:2705} INFO - Sync 1 DAGs
[2025-09-03T20:31:11.728+0200] {logging_mixin.py:137} INFO - [2025-09-03T20:31:11.727+0200] {dag.py:3452} INFO - Setting next_dagrun for tutorial to 2025-09-02T18:31:11.727738+00:00, run_after=2025-09-03T18:31:11.727738+00:00
[2025-09-03T20:31:11.749+0200] {processor.py:175} INFO - Processing /home/varun/miniconda3/envs/python38/lib/python3.8/site-packages/airflow/example_dags/tutorial.py took 0.073 seconds
[2025-09-03T20:31:57.254+0200] {processor.py:153} INFO - Started process (PID=5732) to work on /home/varun/miniconda3/envs/python38/lib/python3.8/site-packages/airflow/example_dags/tutorial.py
[2025-09-03T20:31:57.256+0200] {processor.py:743} INFO - Processing file /home/varun/miniconda3/envs/python38/lib/python3.8/site-packages/airflow/example_dags/tutorial.py for tasks to queue
[2025-09-03T20:31:57.256+0200] {logging_mixin.py:137} INFO - [2025-09-03T20:31:57.256+0200] {dagbag.py:532} INFO - Filling up the DagBag from /home/varun/miniconda3/envs/python38/lib/python3.8/site-packages/airflow/example_dags/tutorial.py
[2025-09-03T20:31:57.272+0200] {processor.py:753} INFO - DAG(s) dict_keys(['tutorial']) retrieved from /home/varun/miniconda3/envs/python38/lib/python3.8/site-packages/airflow/example_dags/tutorial.py
[2025-09-03T20:31:57.293+0200] {logging_mixin.py:137} INFO - [2025-09-03T20:31:57.292+0200] {dag.py:2705} INFO - Sync 1 DAGs
[2025-09-03T20:31:57.310+0200] {logging_mixin.py:137} INFO - [2025-09-03T20:31:57.310+0200] {dag.py:3452} INFO - Setting next_dagrun for tutorial to 2025-09-02T18:31:57.310173+00:00, run_after=2025-09-03T18:31:57.310173+00:00
[2025-09-03T20:31:57.335+0200] {processor.py:175} INFO - Processing /home/varun/miniconda3/envs/python38/lib/python3.8/site-packages/airflow/example_dags/tutorial.py took 0.084 seconds
[2025-09-03T20:32:44.613+0200] {processor.py:153} INFO - Started process (PID=5774) to work on /home/varun/miniconda3/envs/python38/lib/python3.8/site-packages/airflow/example_dags/tutorial.py
[2025-09-03T20:32:44.614+0200] {processor.py:743} INFO - Processing file /home/varun/miniconda3/envs/python38/lib/python3.8/site-packages/airflow/example_dags/tutorial.py for tasks to queue
[2025-09-03T20:32:44.615+0200] {logging_mixin.py:137} INFO - [2025-09-03T20:32:44.615+0200] {dagbag.py:532} INFO - Filling up the DagBag from /home/varun/miniconda3/envs/python38/lib/python3.8/site-packages/airflow/example_dags/tutorial.py
[2025-09-03T20:32:44.629+0200] {processor.py:753} INFO - DAG(s) dict_keys(['tutorial']) retrieved from /home/varun/miniconda3/envs/python38/lib/python3.8/site-packages/airflow/example_dags/tutorial.py
[2025-09-03T20:32:44.648+0200] {logging_mixin.py:137} INFO - [2025-09-03T20:32:44.648+0200] {dag.py:2705} INFO - Sync 1 DAGs
[2025-09-03T20:32:44.666+0200] {logging_mixin.py:137} INFO - [2025-09-03T20:32:44.666+0200] {dag.py:3452} INFO - Setting next_dagrun for tutorial to 2025-09-02T18:32:44.665952+00:00, run_after=2025-09-03T18:32:44.665952+00:00
[2025-09-03T20:32:44.689+0200] {processor.py:175} INFO - Processing /home/varun/miniconda3/envs/python38/lib/python3.8/site-packages/airflow/example_dags/tutorial.py took 0.080 seconds
[2025-09-03T20:33:30.428+0200] {processor.py:153} INFO - Started process (PID=5816) to work on /home/varun/miniconda3/envs/python38/lib/python3.8/site-packages/airflow/example_dags/tutorial.py
[2025-09-03T20:33:30.430+0200] {processor.py:743} INFO - Processing file /home/varun/miniconda3/envs/python38/lib/python3.8/site-packages/airflow/example_dags/tutorial.py for tasks to queue
[2025-09-03T20:33:30.431+0200] {logging_mixin.py:137} INFO - [2025-09-03T20:33:30.431+0200] {dagbag.py:532} INFO - Filling up the DagBag from /home/varun/miniconda3/envs/python38/lib/python3.8/site-packages/airflow/example_dags/tutorial.py
[2025-09-03T20:33:30.444+0200] {processor.py:753} INFO - DAG(s) dict_keys(['tutorial']) retrieved from /home/varun/miniconda3/envs/python38/lib/python3.8/site-packages/airflow/example_dags/tutorial.py
[2025-09-03T20:33:30.460+0200] {logging_mixin.py:137} INFO - [2025-09-03T20:33:30.460+0200] {dag.py:2705} INFO - Sync 1 DAGs
[2025-09-03T20:33:30.474+0200] {logging_mixin.py:137} INFO - [2025-09-03T20:33:30.474+0200] {dag.py:3452} INFO - Setting next_dagrun for tutorial to 2025-09-02T18:33:30.474556+00:00, run_after=2025-09-03T18:33:30.474556+00:00
[2025-09-03T20:33:30.496+0200] {processor.py:175} INFO - Processing /home/varun/miniconda3/envs/python38/lib/python3.8/site-packages/airflow/example_dags/tutorial.py took 0.071 seconds
[2025-09-03T20:34:16.356+0200] {processor.py:153} INFO - Started process (PID=5858) to work on /home/varun/miniconda3/envs/python38/lib/python3.8/site-packages/airflow/example_dags/tutorial.py
[2025-09-03T20:34:16.357+0200] {processor.py:743} INFO - Processing file /home/varun/miniconda3/envs/python38/lib/python3.8/site-packages/airflow/example_dags/tutorial.py for tasks to queue
[2025-09-03T20:34:16.358+0200] {logging_mixin.py:137} INFO - [2025-09-03T20:34:16.358+0200] {dagbag.py:532} INFO - Filling up the DagBag from /home/varun/miniconda3/envs/python38/lib/python3.8/site-packages/airflow/example_dags/tutorial.py
[2025-09-03T20:34:16.374+0200] {processor.py:753} INFO - DAG(s) dict_keys(['tutorial']) retrieved from /home/varun/miniconda3/envs/python38/lib/python3.8/site-packages/airflow/example_dags/tutorial.py
[2025-09-03T20:34:16.397+0200] {logging_mixin.py:137} INFO - [2025-09-03T20:34:16.397+0200] {dag.py:2705} INFO - Sync 1 DAGs
[2025-09-03T20:34:16.420+0200] {logging_mixin.py:137} INFO - [2025-09-03T20:34:16.419+0200] {dag.py:3452} INFO - Setting next_dagrun for tutorial to 2025-09-02T18:34:16.419605+00:00, run_after=2025-09-03T18:34:16.419605+00:00
[2025-09-03T20:34:16.446+0200] {processor.py:175} INFO - Processing /home/varun/miniconda3/envs/python38/lib/python3.8/site-packages/airflow/example_dags/tutorial.py took 0.094 seconds
[2025-09-03T20:35:03.397+0200] {processor.py:153} INFO - Started process (PID=5901) to work on /home/varun/miniconda3/envs/python38/lib/python3.8/site-packages/airflow/example_dags/tutorial.py
[2025-09-03T20:35:03.398+0200] {processor.py:743} INFO - Processing file /home/varun/miniconda3/envs/python38/lib/python3.8/site-packages/airflow/example_dags/tutorial.py for tasks to queue
[2025-09-03T20:35:03.399+0200] {logging_mixin.py:137} INFO - [2025-09-03T20:35:03.399+0200] {dagbag.py:532} INFO - Filling up the DagBag from /home/varun/miniconda3/envs/python38/lib/python3.8/site-packages/airflow/example_dags/tutorial.py
[2025-09-03T20:35:03.413+0200] {processor.py:753} INFO - DAG(s) dict_keys(['tutorial']) retrieved from /home/varun/miniconda3/envs/python38/lib/python3.8/site-packages/airflow/example_dags/tutorial.py
[2025-09-03T20:35:03.432+0200] {logging_mixin.py:137} INFO - [2025-09-03T20:35:03.432+0200] {dag.py:2705} INFO - Sync 1 DAGs
[2025-09-03T20:35:03.452+0200] {logging_mixin.py:137} INFO - [2025-09-03T20:35:03.452+0200] {dag.py:3452} INFO - Setting next_dagrun for tutorial to 2025-09-02T18:35:03.452309+00:00, run_after=2025-09-03T18:35:03.452309+00:00
[2025-09-03T20:35:03.477+0200] {processor.py:175} INFO - Processing /home/varun/miniconda3/envs/python38/lib/python3.8/site-packages/airflow/example_dags/tutorial.py took 0.083 seconds
[2025-09-03T20:35:48.769+0200] {processor.py:153} INFO - Started process (PID=5943) to work on /home/varun/miniconda3/envs/python38/lib/python3.8/site-packages/airflow/example_dags/tutorial.py
[2025-09-03T20:35:48.770+0200] {processor.py:743} INFO - Processing file /home/varun/miniconda3/envs/python38/lib/python3.8/site-packages/airflow/example_dags/tutorial.py for tasks to queue
[2025-09-03T20:35:48.771+0200] {logging_mixin.py:137} INFO - [2025-09-03T20:35:48.770+0200] {dagbag.py:532} INFO - Filling up the DagBag from /home/varun/miniconda3/envs/python38/lib/python3.8/site-packages/airflow/example_dags/tutorial.py
[2025-09-03T20:35:48.782+0200] {processor.py:753} INFO - DAG(s) dict_keys(['tutorial']) retrieved from /home/varun/miniconda3/envs/python38/lib/python3.8/site-packages/airflow/example_dags/tutorial.py
[2025-09-03T20:35:48.801+0200] {logging_mixin.py:137} INFO - [2025-09-03T20:35:48.801+0200] {dag.py:2705} INFO - Sync 1 DAGs
[2025-09-03T20:35:48.819+0200] {logging_mixin.py:137} INFO - [2025-09-03T20:35:48.819+0200] {dag.py:3452} INFO - Setting next_dagrun for tutorial to 2025-09-02T18:35:48.819233+00:00, run_after=2025-09-03T18:35:48.819233+00:00
[2025-09-03T20:35:48.840+0200] {processor.py:175} INFO - Processing /home/varun/miniconda3/envs/python38/lib/python3.8/site-packages/airflow/example_dags/tutorial.py took 0.075 seconds
[2025-09-03T20:36:34.361+0200] {processor.py:153} INFO - Started process (PID=5985) to work on /home/varun/miniconda3/envs/python38/lib/python3.8/site-packages/airflow/example_dags/tutorial.py
[2025-09-03T20:36:34.363+0200] {processor.py:743} INFO - Processing file /home/varun/miniconda3/envs/python38/lib/python3.8/site-packages/airflow/example_dags/tutorial.py for tasks to queue
[2025-09-03T20:36:34.363+0200] {logging_mixin.py:137} INFO - [2025-09-03T20:36:34.363+0200] {dagbag.py:532} INFO - Filling up the DagBag from /home/varun/miniconda3/envs/python38/lib/python3.8/site-packages/airflow/example_dags/tutorial.py
[2025-09-03T20:36:34.378+0200] {processor.py:753} INFO - DAG(s) dict_keys(['tutorial']) retrieved from /home/varun/miniconda3/envs/python38/lib/python3.8/site-packages/airflow/example_dags/tutorial.py
[2025-09-03T20:36:34.396+0200] {logging_mixin.py:137} INFO - [2025-09-03T20:36:34.395+0200] {dag.py:2705} INFO - Sync 1 DAGs
[2025-09-03T20:36:34.412+0200] {logging_mixin.py:137} INFO - [2025-09-03T20:36:34.412+0200] {dag.py:3452} INFO - Setting next_dagrun for tutorial to 2025-09-02T18:36:34.412352+00:00, run_after=2025-09-03T18:36:34.412352+00:00
[2025-09-03T20:36:34.437+0200] {processor.py:175} INFO - Processing /home/varun/miniconda3/envs/python38/lib/python3.8/site-packages/airflow/example_dags/tutorial.py took 0.079 seconds
