[2025-09-03T19:42:12.271+0200] {processor.py:153} INFO - Started process (PID=3080) to work on /home/varun/miniconda3/envs/python38/lib/python3.8/site-packages/airflow/example_dags/tutorial_taskflow_api.py
[2025-09-03T19:42:12.273+0200] {processor.py:743} INFO - Processing file /home/varun/miniconda3/envs/python38/lib/python3.8/site-packages/airflow/example_dags/tutorial_taskflow_api.py for tasks to queue
[2025-09-03T19:42:12.274+0200] {logging_mixin.py:137} INFO - [2025-09-03T19:42:12.273+0200] {dagbag.py:532} INFO - Filling up the DagBag from /home/varun/miniconda3/envs/python38/lib/python3.8/site-packages/airflow/example_dags/tutorial_taskflow_api.py
[2025-09-03T19:42:12.300+0200] {processor.py:753} INFO - DAG(s) dict_keys(['tutorial_taskflow_api']) retrieved from /home/varun/miniconda3/envs/python38/lib/python3.8/site-packages/airflow/example_dags/tutorial_taskflow_api.py
[2025-09-03T19:42:12.419+0200] {logging_mixin.py:137} INFO - [2025-09-03T19:42:12.418+0200] {manager.py:504} INFO - Created Permission View: can edit on DAG:tutorial_taskflow_api
[2025-09-03T19:42:12.435+0200] {logging_mixin.py:137} INFO - [2025-09-03T19:42:12.435+0200] {manager.py:504} INFO - Created Permission View: can delete on DAG:tutorial_taskflow_api
[2025-09-03T19:42:12.448+0200] {logging_mixin.py:137} INFO - [2025-09-03T19:42:12.448+0200] {manager.py:504} INFO - Created Permission View: can read on DAG:tutorial_taskflow_api
[2025-09-03T19:42:12.448+0200] {logging_mixin.py:137} INFO - [2025-09-03T19:42:12.448+0200] {dag.py:2705} INFO - Sync 1 DAGs
[2025-09-03T19:42:12.460+0200] {logging_mixin.py:137} INFO - [2025-09-03T19:42:12.460+0200] {dag.py:2726} INFO - Creating ORM DAG for tutorial_taskflow_api
[2025-09-03T19:42:12.470+0200] {logging_mixin.py:137} INFO - [2025-09-03T19:42:12.470+0200] {dag.py:3452} INFO - Setting next_dagrun for tutorial_taskflow_api to None, run_after=None
[2025-09-03T19:42:12.493+0200] {processor.py:175} INFO - Processing /home/varun/miniconda3/envs/python38/lib/python3.8/site-packages/airflow/example_dags/tutorial_taskflow_api.py took 0.227 seconds
[2025-09-03T19:43:06.695+0200] {processor.py:153} INFO - Started process (PID=3122) to work on /home/varun/miniconda3/envs/python38/lib/python3.8/site-packages/airflow/example_dags/tutorial_taskflow_api.py
[2025-09-03T19:43:06.697+0200] {processor.py:743} INFO - Processing file /home/varun/miniconda3/envs/python38/lib/python3.8/site-packages/airflow/example_dags/tutorial_taskflow_api.py for tasks to queue
[2025-09-03T19:43:06.697+0200] {logging_mixin.py:137} INFO - [2025-09-03T19:43:06.697+0200] {dagbag.py:532} INFO - Filling up the DagBag from /home/varun/miniconda3/envs/python38/lib/python3.8/site-packages/airflow/example_dags/tutorial_taskflow_api.py
[2025-09-03T19:43:06.720+0200] {processor.py:753} INFO - DAG(s) dict_keys(['tutorial_taskflow_api']) retrieved from /home/varun/miniconda3/envs/python38/lib/python3.8/site-packages/airflow/example_dags/tutorial_taskflow_api.py
[2025-09-03T19:43:06.741+0200] {logging_mixin.py:137} INFO - [2025-09-03T19:43:06.741+0200] {dag.py:2705} INFO - Sync 1 DAGs
[2025-09-03T19:43:06.759+0200] {logging_mixin.py:137} INFO - [2025-09-03T19:43:06.759+0200] {dag.py:3452} INFO - Setting next_dagrun for tutorial_taskflow_api to None, run_after=None
[2025-09-03T19:43:06.782+0200] {processor.py:175} INFO - Processing /home/varun/miniconda3/envs/python38/lib/python3.8/site-packages/airflow/example_dags/tutorial_taskflow_api.py took 0.090 seconds
[2025-09-03T19:43:52.948+0200] {processor.py:153} INFO - Started process (PID=3164) to work on /home/varun/miniconda3/envs/python38/lib/python3.8/site-packages/airflow/example_dags/tutorial_taskflow_api.py
[2025-09-03T19:43:52.950+0200] {processor.py:743} INFO - Processing file /home/varun/miniconda3/envs/python38/lib/python3.8/site-packages/airflow/example_dags/tutorial_taskflow_api.py for tasks to queue
[2025-09-03T19:43:52.951+0200] {logging_mixin.py:137} INFO - [2025-09-03T19:43:52.950+0200] {dagbag.py:532} INFO - Filling up the DagBag from /home/varun/miniconda3/envs/python38/lib/python3.8/site-packages/airflow/example_dags/tutorial_taskflow_api.py
[2025-09-03T19:43:52.978+0200] {processor.py:753} INFO - DAG(s) dict_keys(['tutorial_taskflow_api']) retrieved from /home/varun/miniconda3/envs/python38/lib/python3.8/site-packages/airflow/example_dags/tutorial_taskflow_api.py
[2025-09-03T19:43:53.003+0200] {logging_mixin.py:137} INFO - [2025-09-03T19:43:53.003+0200] {dag.py:2705} INFO - Sync 1 DAGs
[2025-09-03T19:43:53.025+0200] {logging_mixin.py:137} INFO - [2025-09-03T19:43:53.025+0200] {dag.py:3452} INFO - Setting next_dagrun for tutorial_taskflow_api to None, run_after=None
[2025-09-03T19:43:53.052+0200] {processor.py:175} INFO - Processing /home/varun/miniconda3/envs/python38/lib/python3.8/site-packages/airflow/example_dags/tutorial_taskflow_api.py took 0.109 seconds
[2025-09-03T19:44:39.567+0200] {processor.py:153} INFO - Started process (PID=3206) to work on /home/varun/miniconda3/envs/python38/lib/python3.8/site-packages/airflow/example_dags/tutorial_taskflow_api.py
[2025-09-03T19:44:39.569+0200] {processor.py:743} INFO - Processing file /home/varun/miniconda3/envs/python38/lib/python3.8/site-packages/airflow/example_dags/tutorial_taskflow_api.py for tasks to queue
[2025-09-03T19:44:39.569+0200] {logging_mixin.py:137} INFO - [2025-09-03T19:44:39.569+0200] {dagbag.py:532} INFO - Filling up the DagBag from /home/varun/miniconda3/envs/python38/lib/python3.8/site-packages/airflow/example_dags/tutorial_taskflow_api.py
[2025-09-03T19:44:39.590+0200] {processor.py:753} INFO - DAG(s) dict_keys(['tutorial_taskflow_api']) retrieved from /home/varun/miniconda3/envs/python38/lib/python3.8/site-packages/airflow/example_dags/tutorial_taskflow_api.py
[2025-09-03T19:44:39.612+0200] {logging_mixin.py:137} INFO - [2025-09-03T19:44:39.612+0200] {dag.py:2705} INFO - Sync 1 DAGs
[2025-09-03T19:44:39.635+0200] {logging_mixin.py:137} INFO - [2025-09-03T19:44:39.635+0200] {dag.py:3452} INFO - Setting next_dagrun for tutorial_taskflow_api to None, run_after=None
[2025-09-03T19:44:39.659+0200] {processor.py:175} INFO - Processing /home/varun/miniconda3/envs/python38/lib/python3.8/site-packages/airflow/example_dags/tutorial_taskflow_api.py took 0.096 seconds
[2025-09-03T19:45:30.885+0200] {processor.py:153} INFO - Started process (PID=3272) to work on /home/varun/miniconda3/envs/python38/lib/python3.8/site-packages/airflow/example_dags/tutorial_taskflow_api.py
[2025-09-03T19:45:30.887+0200] {processor.py:743} INFO - Processing file /home/varun/miniconda3/envs/python38/lib/python3.8/site-packages/airflow/example_dags/tutorial_taskflow_api.py for tasks to queue
[2025-09-03T19:45:30.888+0200] {logging_mixin.py:137} INFO - [2025-09-03T19:45:30.888+0200] {dagbag.py:532} INFO - Filling up the DagBag from /home/varun/miniconda3/envs/python38/lib/python3.8/site-packages/airflow/example_dags/tutorial_taskflow_api.py
[2025-09-03T19:45:30.913+0200] {processor.py:753} INFO - DAG(s) dict_keys(['tutorial_taskflow_api']) retrieved from /home/varun/miniconda3/envs/python38/lib/python3.8/site-packages/airflow/example_dags/tutorial_taskflow_api.py
[2025-09-03T19:45:30.941+0200] {logging_mixin.py:137} INFO - [2025-09-03T19:45:30.941+0200] {dag.py:2705} INFO - Sync 1 DAGs
[2025-09-03T19:45:30.963+0200] {logging_mixin.py:137} INFO - [2025-09-03T19:45:30.963+0200] {dag.py:3452} INFO - Setting next_dagrun for tutorial_taskflow_api to None, run_after=None
[2025-09-03T19:45:30.991+0200] {processor.py:175} INFO - Processing /home/varun/miniconda3/envs/python38/lib/python3.8/site-packages/airflow/example_dags/tutorial_taskflow_api.py took 0.112 seconds
[2025-09-03T19:46:15.450+0200] {processor.py:153} INFO - Started process (PID=3319) to work on /home/varun/miniconda3/envs/python38/lib/python3.8/site-packages/airflow/example_dags/tutorial_taskflow_api.py
[2025-09-03T19:46:15.452+0200] {processor.py:743} INFO - Processing file /home/varun/miniconda3/envs/python38/lib/python3.8/site-packages/airflow/example_dags/tutorial_taskflow_api.py for tasks to queue
[2025-09-03T19:46:15.453+0200] {logging_mixin.py:137} INFO - [2025-09-03T19:46:15.453+0200] {dagbag.py:532} INFO - Filling up the DagBag from /home/varun/miniconda3/envs/python38/lib/python3.8/site-packages/airflow/example_dags/tutorial_taskflow_api.py
[2025-09-03T19:46:15.475+0200] {processor.py:753} INFO - DAG(s) dict_keys(['tutorial_taskflow_api']) retrieved from /home/varun/miniconda3/envs/python38/lib/python3.8/site-packages/airflow/example_dags/tutorial_taskflow_api.py
[2025-09-03T19:46:15.496+0200] {logging_mixin.py:137} INFO - [2025-09-03T19:46:15.495+0200] {dag.py:2705} INFO - Sync 1 DAGs
[2025-09-03T19:46:15.513+0200] {logging_mixin.py:137} INFO - [2025-09-03T19:46:15.512+0200] {dag.py:3452} INFO - Setting next_dagrun for tutorial_taskflow_api to None, run_after=None
[2025-09-03T19:46:15.537+0200] {processor.py:175} INFO - Processing /home/varun/miniconda3/envs/python38/lib/python3.8/site-packages/airflow/example_dags/tutorial_taskflow_api.py took 0.090 seconds
[2025-09-03T19:47:00.569+0200] {processor.py:153} INFO - Started process (PID=3369) to work on /home/varun/miniconda3/envs/python38/lib/python3.8/site-packages/airflow/example_dags/tutorial_taskflow_api.py
[2025-09-03T19:47:00.572+0200] {processor.py:743} INFO - Processing file /home/varun/miniconda3/envs/python38/lib/python3.8/site-packages/airflow/example_dags/tutorial_taskflow_api.py for tasks to queue
[2025-09-03T19:47:00.573+0200] {logging_mixin.py:137} INFO - [2025-09-03T19:47:00.572+0200] {dagbag.py:532} INFO - Filling up the DagBag from /home/varun/miniconda3/envs/python38/lib/python3.8/site-packages/airflow/example_dags/tutorial_taskflow_api.py
[2025-09-03T19:47:00.613+0200] {processor.py:753} INFO - DAG(s) dict_keys(['tutorial_taskflow_api']) retrieved from /home/varun/miniconda3/envs/python38/lib/python3.8/site-packages/airflow/example_dags/tutorial_taskflow_api.py
[2025-09-03T19:47:00.646+0200] {logging_mixin.py:137} INFO - [2025-09-03T19:47:00.646+0200] {dag.py:2705} INFO - Sync 1 DAGs
[2025-09-03T19:47:00.666+0200] {logging_mixin.py:137} INFO - [2025-09-03T19:47:00.666+0200] {dag.py:3452} INFO - Setting next_dagrun for tutorial_taskflow_api to None, run_after=None
[2025-09-03T19:47:00.692+0200] {processor.py:175} INFO - Processing /home/varun/miniconda3/envs/python38/lib/python3.8/site-packages/airflow/example_dags/tutorial_taskflow_api.py took 0.132 seconds
[2025-09-03T19:47:45.866+0200] {processor.py:153} INFO - Started process (PID=3417) to work on /home/varun/miniconda3/envs/python38/lib/python3.8/site-packages/airflow/example_dags/tutorial_taskflow_api.py
[2025-09-03T19:47:45.868+0200] {processor.py:743} INFO - Processing file /home/varun/miniconda3/envs/python38/lib/python3.8/site-packages/airflow/example_dags/tutorial_taskflow_api.py for tasks to queue
[2025-09-03T19:47:45.868+0200] {logging_mixin.py:137} INFO - [2025-09-03T19:47:45.868+0200] {dagbag.py:532} INFO - Filling up the DagBag from /home/varun/miniconda3/envs/python38/lib/python3.8/site-packages/airflow/example_dags/tutorial_taskflow_api.py
[2025-09-03T19:47:45.892+0200] {processor.py:753} INFO - DAG(s) dict_keys(['tutorial_taskflow_api']) retrieved from /home/varun/miniconda3/envs/python38/lib/python3.8/site-packages/airflow/example_dags/tutorial_taskflow_api.py
[2025-09-03T19:47:45.920+0200] {logging_mixin.py:137} INFO - [2025-09-03T19:47:45.920+0200] {dag.py:2705} INFO - Sync 1 DAGs
[2025-09-03T19:47:45.945+0200] {logging_mixin.py:137} INFO - [2025-09-03T19:47:45.944+0200] {dag.py:3452} INFO - Setting next_dagrun for tutorial_taskflow_api to None, run_after=None
[2025-09-03T19:47:45.973+0200] {processor.py:175} INFO - Processing /home/varun/miniconda3/envs/python38/lib/python3.8/site-packages/airflow/example_dags/tutorial_taskflow_api.py took 0.110 seconds
[2025-09-03T19:48:35.876+0200] {processor.py:153} INFO - Started process (PID=3459) to work on /home/varun/miniconda3/envs/python38/lib/python3.8/site-packages/airflow/example_dags/tutorial_taskflow_api.py
[2025-09-03T19:48:35.878+0200] {processor.py:743} INFO - Processing file /home/varun/miniconda3/envs/python38/lib/python3.8/site-packages/airflow/example_dags/tutorial_taskflow_api.py for tasks to queue
[2025-09-03T19:48:35.879+0200] {logging_mixin.py:137} INFO - [2025-09-03T19:48:35.879+0200] {dagbag.py:532} INFO - Filling up the DagBag from /home/varun/miniconda3/envs/python38/lib/python3.8/site-packages/airflow/example_dags/tutorial_taskflow_api.py
[2025-09-03T19:48:35.910+0200] {processor.py:753} INFO - DAG(s) dict_keys(['tutorial_taskflow_api']) retrieved from /home/varun/miniconda3/envs/python38/lib/python3.8/site-packages/airflow/example_dags/tutorial_taskflow_api.py
[2025-09-03T19:48:35.952+0200] {logging_mixin.py:137} INFO - [2025-09-03T19:48:35.952+0200] {dag.py:2705} INFO - Sync 1 DAGs
[2025-09-03T19:48:35.991+0200] {logging_mixin.py:137} INFO - [2025-09-03T19:48:35.991+0200] {dag.py:3452} INFO - Setting next_dagrun for tutorial_taskflow_api to None, run_after=None
[2025-09-03T19:48:36.034+0200] {processor.py:175} INFO - Processing /home/varun/miniconda3/envs/python38/lib/python3.8/site-packages/airflow/example_dags/tutorial_taskflow_api.py took 0.163 seconds
[2025-09-03T19:49:25.877+0200] {processor.py:153} INFO - Started process (PID=3501) to work on /home/varun/miniconda3/envs/python38/lib/python3.8/site-packages/airflow/example_dags/tutorial_taskflow_api.py
[2025-09-03T19:49:25.878+0200] {processor.py:743} INFO - Processing file /home/varun/miniconda3/envs/python38/lib/python3.8/site-packages/airflow/example_dags/tutorial_taskflow_api.py for tasks to queue
[2025-09-03T19:49:25.879+0200] {logging_mixin.py:137} INFO - [2025-09-03T19:49:25.879+0200] {dagbag.py:532} INFO - Filling up the DagBag from /home/varun/miniconda3/envs/python38/lib/python3.8/site-packages/airflow/example_dags/tutorial_taskflow_api.py
[2025-09-03T19:49:25.903+0200] {processor.py:753} INFO - DAG(s) dict_keys(['tutorial_taskflow_api']) retrieved from /home/varun/miniconda3/envs/python38/lib/python3.8/site-packages/airflow/example_dags/tutorial_taskflow_api.py
[2025-09-03T19:49:25.935+0200] {logging_mixin.py:137} INFO - [2025-09-03T19:49:25.934+0200] {dag.py:2705} INFO - Sync 1 DAGs
[2025-09-03T19:49:25.960+0200] {logging_mixin.py:137} INFO - [2025-09-03T19:49:25.960+0200] {dag.py:3452} INFO - Setting next_dagrun for tutorial_taskflow_api to None, run_after=None
[2025-09-03T19:49:25.990+0200] {processor.py:175} INFO - Processing /home/varun/miniconda3/envs/python38/lib/python3.8/site-packages/airflow/example_dags/tutorial_taskflow_api.py took 0.117 seconds
[2025-09-03T19:50:15.034+0200] {processor.py:153} INFO - Started process (PID=3552) to work on /home/varun/miniconda3/envs/python38/lib/python3.8/site-packages/airflow/example_dags/tutorial_taskflow_api.py
[2025-09-03T19:50:15.036+0200] {processor.py:743} INFO - Processing file /home/varun/miniconda3/envs/python38/lib/python3.8/site-packages/airflow/example_dags/tutorial_taskflow_api.py for tasks to queue
[2025-09-03T19:50:15.036+0200] {logging_mixin.py:137} INFO - [2025-09-03T19:50:15.036+0200] {dagbag.py:532} INFO - Filling up the DagBag from /home/varun/miniconda3/envs/python38/lib/python3.8/site-packages/airflow/example_dags/tutorial_taskflow_api.py
[2025-09-03T19:50:15.058+0200] {processor.py:753} INFO - DAG(s) dict_keys(['tutorial_taskflow_api']) retrieved from /home/varun/miniconda3/envs/python38/lib/python3.8/site-packages/airflow/example_dags/tutorial_taskflow_api.py
[2025-09-03T19:50:15.082+0200] {logging_mixin.py:137} INFO - [2025-09-03T19:50:15.082+0200] {dag.py:2705} INFO - Sync 1 DAGs
[2025-09-03T19:50:15.104+0200] {logging_mixin.py:137} INFO - [2025-09-03T19:50:15.103+0200] {dag.py:3452} INFO - Setting next_dagrun for tutorial_taskflow_api to None, run_after=None
[2025-09-03T19:50:15.132+0200] {processor.py:175} INFO - Processing /home/varun/miniconda3/envs/python38/lib/python3.8/site-packages/airflow/example_dags/tutorial_taskflow_api.py took 0.102 seconds
[2025-09-03T19:51:01.109+0200] {processor.py:153} INFO - Started process (PID=3600) to work on /home/varun/miniconda3/envs/python38/lib/python3.8/site-packages/airflow/example_dags/tutorial_taskflow_api.py
[2025-09-03T19:51:01.111+0200] {processor.py:743} INFO - Processing file /home/varun/miniconda3/envs/python38/lib/python3.8/site-packages/airflow/example_dags/tutorial_taskflow_api.py for tasks to queue
[2025-09-03T19:51:01.112+0200] {logging_mixin.py:137} INFO - [2025-09-03T19:51:01.112+0200] {dagbag.py:532} INFO - Filling up the DagBag from /home/varun/miniconda3/envs/python38/lib/python3.8/site-packages/airflow/example_dags/tutorial_taskflow_api.py
[2025-09-03T19:51:01.132+0200] {processor.py:753} INFO - DAG(s) dict_keys(['tutorial_taskflow_api']) retrieved from /home/varun/miniconda3/envs/python38/lib/python3.8/site-packages/airflow/example_dags/tutorial_taskflow_api.py
[2025-09-03T19:51:01.151+0200] {logging_mixin.py:137} INFO - [2025-09-03T19:51:01.151+0200] {dag.py:2705} INFO - Sync 1 DAGs
[2025-09-03T19:51:01.183+0200] {logging_mixin.py:137} INFO - [2025-09-03T19:51:01.183+0200] {dag.py:3452} INFO - Setting next_dagrun for tutorial_taskflow_api to None, run_after=None
[2025-09-03T19:51:01.210+0200] {processor.py:175} INFO - Processing /home/varun/miniconda3/envs/python38/lib/python3.8/site-packages/airflow/example_dags/tutorial_taskflow_api.py took 0.104 seconds
[2025-09-03T19:51:47.471+0200] {processor.py:153} INFO - Started process (PID=3653) to work on /home/varun/miniconda3/envs/python38/lib/python3.8/site-packages/airflow/example_dags/tutorial_taskflow_api.py
[2025-09-03T19:51:47.473+0200] {processor.py:743} INFO - Processing file /home/varun/miniconda3/envs/python38/lib/python3.8/site-packages/airflow/example_dags/tutorial_taskflow_api.py for tasks to queue
[2025-09-03T19:51:47.474+0200] {logging_mixin.py:137} INFO - [2025-09-03T19:51:47.474+0200] {dagbag.py:532} INFO - Filling up the DagBag from /home/varun/miniconda3/envs/python38/lib/python3.8/site-packages/airflow/example_dags/tutorial_taskflow_api.py
[2025-09-03T19:51:47.493+0200] {processor.py:753} INFO - DAG(s) dict_keys(['tutorial_taskflow_api']) retrieved from /home/varun/miniconda3/envs/python38/lib/python3.8/site-packages/airflow/example_dags/tutorial_taskflow_api.py
[2025-09-03T19:51:47.513+0200] {logging_mixin.py:137} INFO - [2025-09-03T19:51:47.513+0200] {dag.py:2705} INFO - Sync 1 DAGs
[2025-09-03T19:51:47.532+0200] {logging_mixin.py:137} INFO - [2025-09-03T19:51:47.532+0200] {dag.py:3452} INFO - Setting next_dagrun for tutorial_taskflow_api to None, run_after=None
[2025-09-03T19:51:47.556+0200] {processor.py:175} INFO - Processing /home/varun/miniconda3/envs/python38/lib/python3.8/site-packages/airflow/example_dags/tutorial_taskflow_api.py took 0.088 seconds
[2025-09-03T19:52:40.862+0200] {processor.py:153} INFO - Started process (PID=3699) to work on /home/varun/miniconda3/envs/python38/lib/python3.8/site-packages/airflow/example_dags/tutorial_taskflow_api.py
[2025-09-03T19:52:40.864+0200] {processor.py:743} INFO - Processing file /home/varun/miniconda3/envs/python38/lib/python3.8/site-packages/airflow/example_dags/tutorial_taskflow_api.py for tasks to queue
[2025-09-03T19:52:40.865+0200] {logging_mixin.py:137} INFO - [2025-09-03T19:52:40.865+0200] {dagbag.py:532} INFO - Filling up the DagBag from /home/varun/miniconda3/envs/python38/lib/python3.8/site-packages/airflow/example_dags/tutorial_taskflow_api.py
[2025-09-03T19:52:40.884+0200] {processor.py:753} INFO - DAG(s) dict_keys(['tutorial_taskflow_api']) retrieved from /home/varun/miniconda3/envs/python38/lib/python3.8/site-packages/airflow/example_dags/tutorial_taskflow_api.py
[2025-09-03T19:52:40.905+0200] {logging_mixin.py:137} INFO - [2025-09-03T19:52:40.905+0200] {dag.py:2705} INFO - Sync 1 DAGs
[2025-09-03T19:52:41.047+0200] {logging_mixin.py:137} INFO - [2025-09-03T19:52:41.047+0200] {dag.py:3452} INFO - Setting next_dagrun for tutorial_taskflow_api to None, run_after=None
[2025-09-03T19:52:41.069+0200] {processor.py:175} INFO - Processing /home/varun/miniconda3/envs/python38/lib/python3.8/site-packages/airflow/example_dags/tutorial_taskflow_api.py took 0.209 seconds
[2025-09-03T19:53:30.231+0200] {processor.py:153} INFO - Started process (PID=3741) to work on /home/varun/miniconda3/envs/python38/lib/python3.8/site-packages/airflow/example_dags/tutorial_taskflow_api.py
[2025-09-03T19:53:30.232+0200] {processor.py:743} INFO - Processing file /home/varun/miniconda3/envs/python38/lib/python3.8/site-packages/airflow/example_dags/tutorial_taskflow_api.py for tasks to queue
[2025-09-03T19:53:30.233+0200] {logging_mixin.py:137} INFO - [2025-09-03T19:53:30.233+0200] {dagbag.py:532} INFO - Filling up the DagBag from /home/varun/miniconda3/envs/python38/lib/python3.8/site-packages/airflow/example_dags/tutorial_taskflow_api.py
[2025-09-03T19:53:30.257+0200] {processor.py:753} INFO - DAG(s) dict_keys(['tutorial_taskflow_api']) retrieved from /home/varun/miniconda3/envs/python38/lib/python3.8/site-packages/airflow/example_dags/tutorial_taskflow_api.py
[2025-09-03T19:53:30.279+0200] {logging_mixin.py:137} INFO - [2025-09-03T19:53:30.279+0200] {dag.py:2705} INFO - Sync 1 DAGs
[2025-09-03T19:53:30.444+0200] {logging_mixin.py:137} INFO - [2025-09-03T19:53:30.444+0200] {dag.py:3452} INFO - Setting next_dagrun for tutorial_taskflow_api to None, run_after=None
[2025-09-03T19:53:30.469+0200] {processor.py:175} INFO - Processing /home/varun/miniconda3/envs/python38/lib/python3.8/site-packages/airflow/example_dags/tutorial_taskflow_api.py took 0.242 seconds
[2025-09-03T19:54:32.571+0200] {processor.py:153} INFO - Started process (PID=3794) to work on /home/varun/miniconda3/envs/python38/lib/python3.8/site-packages/airflow/example_dags/tutorial_taskflow_api.py
[2025-09-03T19:54:32.572+0200] {processor.py:743} INFO - Processing file /home/varun/miniconda3/envs/python38/lib/python3.8/site-packages/airflow/example_dags/tutorial_taskflow_api.py for tasks to queue
[2025-09-03T19:54:32.573+0200] {logging_mixin.py:137} INFO - [2025-09-03T19:54:32.573+0200] {dagbag.py:532} INFO - Filling up the DagBag from /home/varun/miniconda3/envs/python38/lib/python3.8/site-packages/airflow/example_dags/tutorial_taskflow_api.py
[2025-09-03T19:54:32.593+0200] {processor.py:753} INFO - DAG(s) dict_keys(['tutorial_taskflow_api']) retrieved from /home/varun/miniconda3/envs/python38/lib/python3.8/site-packages/airflow/example_dags/tutorial_taskflow_api.py
[2025-09-03T19:54:32.732+0200] {logging_mixin.py:137} INFO - [2025-09-03T19:54:32.732+0200] {dag.py:2705} INFO - Sync 1 DAGs
[2025-09-03T19:54:32.751+0200] {logging_mixin.py:137} INFO - [2025-09-03T19:54:32.750+0200] {dag.py:3452} INFO - Setting next_dagrun for tutorial_taskflow_api to None, run_after=None
[2025-09-03T19:54:32.776+0200] {processor.py:175} INFO - Processing /home/varun/miniconda3/envs/python38/lib/python3.8/site-packages/airflow/example_dags/tutorial_taskflow_api.py took 0.208 seconds
[2025-09-03T19:55:27.821+0200] {processor.py:153} INFO - Started process (PID=3850) to work on /home/varun/miniconda3/envs/python38/lib/python3.8/site-packages/airflow/example_dags/tutorial_taskflow_api.py
[2025-09-03T19:55:27.823+0200] {processor.py:743} INFO - Processing file /home/varun/miniconda3/envs/python38/lib/python3.8/site-packages/airflow/example_dags/tutorial_taskflow_api.py for tasks to queue
[2025-09-03T19:55:27.824+0200] {logging_mixin.py:137} INFO - [2025-09-03T19:55:27.823+0200] {dagbag.py:532} INFO - Filling up the DagBag from /home/varun/miniconda3/envs/python38/lib/python3.8/site-packages/airflow/example_dags/tutorial_taskflow_api.py
[2025-09-03T19:55:27.851+0200] {processor.py:753} INFO - DAG(s) dict_keys(['tutorial_taskflow_api']) retrieved from /home/varun/miniconda3/envs/python38/lib/python3.8/site-packages/airflow/example_dags/tutorial_taskflow_api.py
[2025-09-03T19:55:28.057+0200] {logging_mixin.py:137} INFO - [2025-09-03T19:55:28.057+0200] {dag.py:2705} INFO - Sync 1 DAGs
[2025-09-03T19:55:28.073+0200] {logging_mixin.py:137} INFO - [2025-09-03T19:55:28.073+0200] {dag.py:3452} INFO - Setting next_dagrun for tutorial_taskflow_api to None, run_after=None
[2025-09-03T19:55:28.099+0200] {processor.py:175} INFO - Processing /home/varun/miniconda3/envs/python38/lib/python3.8/site-packages/airflow/example_dags/tutorial_taskflow_api.py took 0.282 seconds
[2025-09-03T19:56:29.248+0200] {processor.py:153} INFO - Started process (PID=3900) to work on /home/varun/miniconda3/envs/python38/lib/python3.8/site-packages/airflow/example_dags/tutorial_taskflow_api.py
[2025-09-03T19:56:29.249+0200] {processor.py:743} INFO - Processing file /home/varun/miniconda3/envs/python38/lib/python3.8/site-packages/airflow/example_dags/tutorial_taskflow_api.py for tasks to queue
[2025-09-03T19:56:29.250+0200] {logging_mixin.py:137} INFO - [2025-09-03T19:56:29.250+0200] {dagbag.py:532} INFO - Filling up the DagBag from /home/varun/miniconda3/envs/python38/lib/python3.8/site-packages/airflow/example_dags/tutorial_taskflow_api.py
[2025-09-03T19:56:29.380+0200] {processor.py:753} INFO - DAG(s) dict_keys(['tutorial_taskflow_api']) retrieved from /home/varun/miniconda3/envs/python38/lib/python3.8/site-packages/airflow/example_dags/tutorial_taskflow_api.py
[2025-09-03T19:56:29.397+0200] {logging_mixin.py:137} INFO - [2025-09-03T19:56:29.397+0200] {dag.py:2705} INFO - Sync 1 DAGs
[2025-09-03T19:56:29.417+0200] {logging_mixin.py:137} INFO - [2025-09-03T19:56:29.417+0200] {dag.py:3452} INFO - Setting next_dagrun for tutorial_taskflow_api to None, run_after=None
[2025-09-03T19:56:29.454+0200] {processor.py:175} INFO - Processing /home/varun/miniconda3/envs/python38/lib/python3.8/site-packages/airflow/example_dags/tutorial_taskflow_api.py took 0.209 seconds
[2025-09-03T19:57:24.787+0200] {processor.py:153} INFO - Started process (PID=3947) to work on /home/varun/miniconda3/envs/python38/lib/python3.8/site-packages/airflow/example_dags/tutorial_taskflow_api.py
[2025-09-03T19:57:24.789+0200] {processor.py:743} INFO - Processing file /home/varun/miniconda3/envs/python38/lib/python3.8/site-packages/airflow/example_dags/tutorial_taskflow_api.py for tasks to queue
[2025-09-03T19:57:24.790+0200] {logging_mixin.py:137} INFO - [2025-09-03T19:57:24.789+0200] {dagbag.py:532} INFO - Filling up the DagBag from /home/varun/miniconda3/envs/python38/lib/python3.8/site-packages/airflow/example_dags/tutorial_taskflow_api.py
[2025-09-03T19:57:24.815+0200] {processor.py:753} INFO - DAG(s) dict_keys(['tutorial_taskflow_api']) retrieved from /home/varun/miniconda3/envs/python38/lib/python3.8/site-packages/airflow/example_dags/tutorial_taskflow_api.py
[2025-09-03T19:57:24.843+0200] {logging_mixin.py:137} INFO - [2025-09-03T19:57:24.842+0200] {dag.py:2705} INFO - Sync 1 DAGs
[2025-09-03T19:57:24.869+0200] {logging_mixin.py:137} INFO - [2025-09-03T19:57:24.868+0200] {dag.py:3452} INFO - Setting next_dagrun for tutorial_taskflow_api to None, run_after=None
[2025-09-03T19:57:24.900+0200] {processor.py:175} INFO - Processing /home/varun/miniconda3/envs/python38/lib/python3.8/site-packages/airflow/example_dags/tutorial_taskflow_api.py took 0.117 seconds
[2025-09-03T19:58:13.924+0200] {processor.py:153} INFO - Started process (PID=3989) to work on /home/varun/miniconda3/envs/python38/lib/python3.8/site-packages/airflow/example_dags/tutorial_taskflow_api.py
[2025-09-03T19:58:13.925+0200] {processor.py:743} INFO - Processing file /home/varun/miniconda3/envs/python38/lib/python3.8/site-packages/airflow/example_dags/tutorial_taskflow_api.py for tasks to queue
[2025-09-03T19:58:13.926+0200] {logging_mixin.py:137} INFO - [2025-09-03T19:58:13.926+0200] {dagbag.py:532} INFO - Filling up the DagBag from /home/varun/miniconda3/envs/python38/lib/python3.8/site-packages/airflow/example_dags/tutorial_taskflow_api.py
[2025-09-03T19:58:13.948+0200] {processor.py:753} INFO - DAG(s) dict_keys(['tutorial_taskflow_api']) retrieved from /home/varun/miniconda3/envs/python38/lib/python3.8/site-packages/airflow/example_dags/tutorial_taskflow_api.py
[2025-09-03T19:58:13.993+0200] {logging_mixin.py:137} INFO - [2025-09-03T19:58:13.993+0200] {dag.py:2705} INFO - Sync 1 DAGs
[2025-09-03T19:58:14.017+0200] {logging_mixin.py:137} INFO - [2025-09-03T19:58:14.017+0200] {dag.py:3452} INFO - Setting next_dagrun for tutorial_taskflow_api to None, run_after=None
[2025-09-03T19:58:14.047+0200] {processor.py:175} INFO - Processing /home/varun/miniconda3/envs/python38/lib/python3.8/site-packages/airflow/example_dags/tutorial_taskflow_api.py took 0.128 seconds
[2025-09-03T20:00:31.493+0200] {processor.py:153} INFO - Started process (PID=4007) to work on /home/varun/miniconda3/envs/python38/lib/python3.8/site-packages/airflow/example_dags/tutorial_taskflow_api.py
[2025-09-03T20:00:31.495+0200] {processor.py:743} INFO - Processing file /home/varun/miniconda3/envs/python38/lib/python3.8/site-packages/airflow/example_dags/tutorial_taskflow_api.py for tasks to queue
[2025-09-03T20:00:31.496+0200] {logging_mixin.py:137} INFO - [2025-09-03T20:00:31.496+0200] {dagbag.py:532} INFO - Filling up the DagBag from /home/varun/miniconda3/envs/python38/lib/python3.8/site-packages/airflow/example_dags/tutorial_taskflow_api.py
[2025-09-03T20:00:31.521+0200] {processor.py:753} INFO - DAG(s) dict_keys(['tutorial_taskflow_api']) retrieved from /home/varun/miniconda3/envs/python38/lib/python3.8/site-packages/airflow/example_dags/tutorial_taskflow_api.py
[2025-09-03T20:00:31.543+0200] {logging_mixin.py:137} INFO - [2025-09-03T20:00:31.543+0200] {dag.py:2705} INFO - Sync 1 DAGs
[2025-09-03T20:00:31.562+0200] {logging_mixin.py:137} INFO - [2025-09-03T20:00:31.562+0200] {dag.py:3452} INFO - Setting next_dagrun for tutorial_taskflow_api to None, run_after=None
[2025-09-03T20:00:31.584+0200] {processor.py:175} INFO - Processing /home/varun/miniconda3/envs/python38/lib/python3.8/site-packages/airflow/example_dags/tutorial_taskflow_api.py took 0.095 seconds
[2025-09-03T20:01:17.768+0200] {processor.py:153} INFO - Started process (PID=4064) to work on /home/varun/miniconda3/envs/python38/lib/python3.8/site-packages/airflow/example_dags/tutorial_taskflow_api.py
[2025-09-03T20:01:17.770+0200] {processor.py:743} INFO - Processing file /home/varun/miniconda3/envs/python38/lib/python3.8/site-packages/airflow/example_dags/tutorial_taskflow_api.py for tasks to queue
[2025-09-03T20:01:17.771+0200] {logging_mixin.py:137} INFO - [2025-09-03T20:01:17.771+0200] {dagbag.py:532} INFO - Filling up the DagBag from /home/varun/miniconda3/envs/python38/lib/python3.8/site-packages/airflow/example_dags/tutorial_taskflow_api.py
[2025-09-03T20:01:17.802+0200] {processor.py:753} INFO - DAG(s) dict_keys(['tutorial_taskflow_api']) retrieved from /home/varun/miniconda3/envs/python38/lib/python3.8/site-packages/airflow/example_dags/tutorial_taskflow_api.py
[2025-09-03T20:01:17.824+0200] {logging_mixin.py:137} INFO - [2025-09-03T20:01:17.824+0200] {dag.py:2705} INFO - Sync 1 DAGs
[2025-09-03T20:01:17.843+0200] {logging_mixin.py:137} INFO - [2025-09-03T20:01:17.843+0200] {dag.py:3452} INFO - Setting next_dagrun for tutorial_taskflow_api to None, run_after=None
[2025-09-03T20:01:17.865+0200] {processor.py:175} INFO - Processing /home/varun/miniconda3/envs/python38/lib/python3.8/site-packages/airflow/example_dags/tutorial_taskflow_api.py took 0.101 seconds
[2025-09-03T20:02:03.773+0200] {processor.py:153} INFO - Started process (PID=4107) to work on /home/varun/miniconda3/envs/python38/lib/python3.8/site-packages/airflow/example_dags/tutorial_taskflow_api.py
[2025-09-03T20:02:03.774+0200] {processor.py:743} INFO - Processing file /home/varun/miniconda3/envs/python38/lib/python3.8/site-packages/airflow/example_dags/tutorial_taskflow_api.py for tasks to queue
[2025-09-03T20:02:03.775+0200] {logging_mixin.py:137} INFO - [2025-09-03T20:02:03.775+0200] {dagbag.py:532} INFO - Filling up the DagBag from /home/varun/miniconda3/envs/python38/lib/python3.8/site-packages/airflow/example_dags/tutorial_taskflow_api.py
[2025-09-03T20:02:03.796+0200] {processor.py:753} INFO - DAG(s) dict_keys(['tutorial_taskflow_api']) retrieved from /home/varun/miniconda3/envs/python38/lib/python3.8/site-packages/airflow/example_dags/tutorial_taskflow_api.py
[2025-09-03T20:02:03.818+0200] {logging_mixin.py:137} INFO - [2025-09-03T20:02:03.818+0200] {dag.py:2705} INFO - Sync 1 DAGs
[2025-09-03T20:02:03.837+0200] {logging_mixin.py:137} INFO - [2025-09-03T20:02:03.837+0200] {dag.py:3452} INFO - Setting next_dagrun for tutorial_taskflow_api to None, run_after=None
[2025-09-03T20:02:03.861+0200] {processor.py:175} INFO - Processing /home/varun/miniconda3/envs/python38/lib/python3.8/site-packages/airflow/example_dags/tutorial_taskflow_api.py took 0.091 seconds
[2025-09-03T20:02:52.841+0200] {processor.py:153} INFO - Started process (PID=4149) to work on /home/varun/miniconda3/envs/python38/lib/python3.8/site-packages/airflow/example_dags/tutorial_taskflow_api.py
[2025-09-03T20:02:52.842+0200] {processor.py:743} INFO - Processing file /home/varun/miniconda3/envs/python38/lib/python3.8/site-packages/airflow/example_dags/tutorial_taskflow_api.py for tasks to queue
[2025-09-03T20:02:52.843+0200] {logging_mixin.py:137} INFO - [2025-09-03T20:02:52.843+0200] {dagbag.py:532} INFO - Filling up the DagBag from /home/varun/miniconda3/envs/python38/lib/python3.8/site-packages/airflow/example_dags/tutorial_taskflow_api.py
[2025-09-03T20:02:52.864+0200] {processor.py:753} INFO - DAG(s) dict_keys(['tutorial_taskflow_api']) retrieved from /home/varun/miniconda3/envs/python38/lib/python3.8/site-packages/airflow/example_dags/tutorial_taskflow_api.py
[2025-09-03T20:02:52.886+0200] {logging_mixin.py:137} INFO - [2025-09-03T20:02:52.886+0200] {dag.py:2705} INFO - Sync 1 DAGs
[2025-09-03T20:02:52.908+0200] {logging_mixin.py:137} INFO - [2025-09-03T20:02:52.908+0200] {dag.py:3452} INFO - Setting next_dagrun for tutorial_taskflow_api to None, run_after=None
[2025-09-03T20:02:52.936+0200] {processor.py:175} INFO - Processing /home/varun/miniconda3/envs/python38/lib/python3.8/site-packages/airflow/example_dags/tutorial_taskflow_api.py took 0.099 seconds
[2025-09-03T20:03:40.236+0200] {processor.py:153} INFO - Started process (PID=4191) to work on /home/varun/miniconda3/envs/python38/lib/python3.8/site-packages/airflow/example_dags/tutorial_taskflow_api.py
[2025-09-03T20:03:40.238+0200] {processor.py:743} INFO - Processing file /home/varun/miniconda3/envs/python38/lib/python3.8/site-packages/airflow/example_dags/tutorial_taskflow_api.py for tasks to queue
[2025-09-03T20:03:40.239+0200] {logging_mixin.py:137} INFO - [2025-09-03T20:03:40.239+0200] {dagbag.py:532} INFO - Filling up the DagBag from /home/varun/miniconda3/envs/python38/lib/python3.8/site-packages/airflow/example_dags/tutorial_taskflow_api.py
[2025-09-03T20:03:40.259+0200] {processor.py:753} INFO - DAG(s) dict_keys(['tutorial_taskflow_api']) retrieved from /home/varun/miniconda3/envs/python38/lib/python3.8/site-packages/airflow/example_dags/tutorial_taskflow_api.py
[2025-09-03T20:03:40.287+0200] {logging_mixin.py:137} INFO - [2025-09-03T20:03:40.287+0200] {dag.py:2705} INFO - Sync 1 DAGs
[2025-09-03T20:03:40.309+0200] {logging_mixin.py:137} INFO - [2025-09-03T20:03:40.309+0200] {dag.py:3452} INFO - Setting next_dagrun for tutorial_taskflow_api to None, run_after=None
[2025-09-03T20:03:40.333+0200] {processor.py:175} INFO - Processing /home/varun/miniconda3/envs/python38/lib/python3.8/site-packages/airflow/example_dags/tutorial_taskflow_api.py took 0.100 seconds
[2025-09-03T20:04:26.896+0200] {processor.py:153} INFO - Started process (PID=4233) to work on /home/varun/miniconda3/envs/python38/lib/python3.8/site-packages/airflow/example_dags/tutorial_taskflow_api.py
[2025-09-03T20:04:26.897+0200] {processor.py:743} INFO - Processing file /home/varun/miniconda3/envs/python38/lib/python3.8/site-packages/airflow/example_dags/tutorial_taskflow_api.py for tasks to queue
[2025-09-03T20:04:26.898+0200] {logging_mixin.py:137} INFO - [2025-09-03T20:04:26.898+0200] {dagbag.py:532} INFO - Filling up the DagBag from /home/varun/miniconda3/envs/python38/lib/python3.8/site-packages/airflow/example_dags/tutorial_taskflow_api.py
[2025-09-03T20:04:26.916+0200] {processor.py:753} INFO - DAG(s) dict_keys(['tutorial_taskflow_api']) retrieved from /home/varun/miniconda3/envs/python38/lib/python3.8/site-packages/airflow/example_dags/tutorial_taskflow_api.py
[2025-09-03T20:04:26.936+0200] {logging_mixin.py:137} INFO - [2025-09-03T20:04:26.936+0200] {dag.py:2705} INFO - Sync 1 DAGs
[2025-09-03T20:04:26.953+0200] {logging_mixin.py:137} INFO - [2025-09-03T20:04:26.953+0200] {dag.py:3452} INFO - Setting next_dagrun for tutorial_taskflow_api to None, run_after=None
[2025-09-03T20:04:26.974+0200] {processor.py:175} INFO - Processing /home/varun/miniconda3/envs/python38/lib/python3.8/site-packages/airflow/example_dags/tutorial_taskflow_api.py took 0.082 seconds
[2025-09-03T20:05:28.035+0200] {processor.py:153} INFO - Started process (PID=4294) to work on /home/varun/miniconda3/envs/python38/lib/python3.8/site-packages/airflow/example_dags/tutorial_taskflow_api.py
[2025-09-03T20:05:28.037+0200] {processor.py:743} INFO - Processing file /home/varun/miniconda3/envs/python38/lib/python3.8/site-packages/airflow/example_dags/tutorial_taskflow_api.py for tasks to queue
[2025-09-03T20:05:28.038+0200] {logging_mixin.py:137} INFO - [2025-09-03T20:05:28.038+0200] {dagbag.py:532} INFO - Filling up the DagBag from /home/varun/miniconda3/envs/python38/lib/python3.8/site-packages/airflow/example_dags/tutorial_taskflow_api.py
[2025-09-03T20:05:28.065+0200] {processor.py:753} INFO - DAG(s) dict_keys(['tutorial_taskflow_api']) retrieved from /home/varun/miniconda3/envs/python38/lib/python3.8/site-packages/airflow/example_dags/tutorial_taskflow_api.py
[2025-09-03T20:05:28.176+0200] {logging_mixin.py:137} INFO - [2025-09-03T20:05:28.176+0200] {manager.py:504} INFO - Created Permission View: can delete on DAG:tutorial_taskflow_api
[2025-09-03T20:05:28.188+0200] {logging_mixin.py:137} INFO - [2025-09-03T20:05:28.188+0200] {manager.py:504} INFO - Created Permission View: can read on DAG:tutorial_taskflow_api
[2025-09-03T20:05:28.199+0200] {logging_mixin.py:137} INFO - [2025-09-03T20:05:28.199+0200] {manager.py:504} INFO - Created Permission View: can edit on DAG:tutorial_taskflow_api
[2025-09-03T20:05:28.200+0200] {logging_mixin.py:137} INFO - [2025-09-03T20:05:28.199+0200] {dag.py:2705} INFO - Sync 1 DAGs
[2025-09-03T20:05:28.208+0200] {logging_mixin.py:137} INFO - [2025-09-03T20:05:28.208+0200] {dag.py:2726} INFO - Creating ORM DAG for tutorial_taskflow_api
[2025-09-03T20:05:28.217+0200] {logging_mixin.py:137} INFO - [2025-09-03T20:05:28.217+0200] {dag.py:3452} INFO - Setting next_dagrun for tutorial_taskflow_api to None, run_after=None
[2025-09-03T20:05:28.241+0200] {processor.py:175} INFO - Processing /home/varun/miniconda3/envs/python38/lib/python3.8/site-packages/airflow/example_dags/tutorial_taskflow_api.py took 0.209 seconds
[2025-09-03T20:06:15.971+0200] {processor.py:153} INFO - Started process (PID=4336) to work on /home/varun/miniconda3/envs/python38/lib/python3.8/site-packages/airflow/example_dags/tutorial_taskflow_api.py
[2025-09-03T20:06:15.973+0200] {processor.py:743} INFO - Processing file /home/varun/miniconda3/envs/python38/lib/python3.8/site-packages/airflow/example_dags/tutorial_taskflow_api.py for tasks to queue
[2025-09-03T20:06:15.974+0200] {logging_mixin.py:137} INFO - [2025-09-03T20:06:15.974+0200] {dagbag.py:532} INFO - Filling up the DagBag from /home/varun/miniconda3/envs/python38/lib/python3.8/site-packages/airflow/example_dags/tutorial_taskflow_api.py
[2025-09-03T20:06:15.999+0200] {processor.py:753} INFO - DAG(s) dict_keys(['tutorial_taskflow_api']) retrieved from /home/varun/miniconda3/envs/python38/lib/python3.8/site-packages/airflow/example_dags/tutorial_taskflow_api.py
[2025-09-03T20:06:16.027+0200] {logging_mixin.py:137} INFO - [2025-09-03T20:06:16.026+0200] {dag.py:2705} INFO - Sync 1 DAGs
[2025-09-03T20:06:16.049+0200] {logging_mixin.py:137} INFO - [2025-09-03T20:06:16.049+0200] {dag.py:3452} INFO - Setting next_dagrun for tutorial_taskflow_api to None, run_after=None
[2025-09-03T20:06:16.085+0200] {processor.py:175} INFO - Processing /home/varun/miniconda3/envs/python38/lib/python3.8/site-packages/airflow/example_dags/tutorial_taskflow_api.py took 0.118 seconds
[2025-09-03T20:07:05.542+0200] {processor.py:153} INFO - Started process (PID=4392) to work on /home/varun/miniconda3/envs/python38/lib/python3.8/site-packages/airflow/example_dags/tutorial_taskflow_api.py
[2025-09-03T20:07:05.544+0200] {processor.py:743} INFO - Processing file /home/varun/miniconda3/envs/python38/lib/python3.8/site-packages/airflow/example_dags/tutorial_taskflow_api.py for tasks to queue
[2025-09-03T20:07:05.544+0200] {logging_mixin.py:137} INFO - [2025-09-03T20:07:05.544+0200] {dagbag.py:532} INFO - Filling up the DagBag from /home/varun/miniconda3/envs/python38/lib/python3.8/site-packages/airflow/example_dags/tutorial_taskflow_api.py
[2025-09-03T20:07:05.562+0200] {processor.py:753} INFO - DAG(s) dict_keys(['tutorial_taskflow_api']) retrieved from /home/varun/miniconda3/envs/python38/lib/python3.8/site-packages/airflow/example_dags/tutorial_taskflow_api.py
[2025-09-03T20:07:05.581+0200] {logging_mixin.py:137} INFO - [2025-09-03T20:07:05.581+0200] {dag.py:2705} INFO - Sync 1 DAGs
[2025-09-03T20:07:05.599+0200] {logging_mixin.py:137} INFO - [2025-09-03T20:07:05.599+0200] {dag.py:3452} INFO - Setting next_dagrun for tutorial_taskflow_api to None, run_after=None
[2025-09-03T20:07:05.623+0200] {processor.py:175} INFO - Processing /home/varun/miniconda3/envs/python38/lib/python3.8/site-packages/airflow/example_dags/tutorial_taskflow_api.py took 0.085 seconds
[2025-09-03T20:07:52.340+0200] {processor.py:153} INFO - Started process (PID=4446) to work on /home/varun/miniconda3/envs/python38/lib/python3.8/site-packages/airflow/example_dags/tutorial_taskflow_api.py
[2025-09-03T20:07:52.341+0200] {processor.py:743} INFO - Processing file /home/varun/miniconda3/envs/python38/lib/python3.8/site-packages/airflow/example_dags/tutorial_taskflow_api.py for tasks to queue
[2025-09-03T20:07:52.342+0200] {logging_mixin.py:137} INFO - [2025-09-03T20:07:52.342+0200] {dagbag.py:532} INFO - Filling up the DagBag from /home/varun/miniconda3/envs/python38/lib/python3.8/site-packages/airflow/example_dags/tutorial_taskflow_api.py
[2025-09-03T20:07:52.367+0200] {processor.py:753} INFO - DAG(s) dict_keys(['tutorial_taskflow_api']) retrieved from /home/varun/miniconda3/envs/python38/lib/python3.8/site-packages/airflow/example_dags/tutorial_taskflow_api.py
[2025-09-03T20:07:52.391+0200] {logging_mixin.py:137} INFO - [2025-09-03T20:07:52.391+0200] {dag.py:2705} INFO - Sync 1 DAGs
[2025-09-03T20:07:52.413+0200] {logging_mixin.py:137} INFO - [2025-09-03T20:07:52.412+0200] {dag.py:3452} INFO - Setting next_dagrun for tutorial_taskflow_api to None, run_after=None
[2025-09-03T20:07:52.441+0200] {processor.py:175} INFO - Processing /home/varun/miniconda3/envs/python38/lib/python3.8/site-packages/airflow/example_dags/tutorial_taskflow_api.py took 0.106 seconds
[2025-09-03T20:09:06.941+0200] {processor.py:153} INFO - Started process (PID=4496) to work on /home/varun/miniconda3/envs/python38/lib/python3.8/site-packages/airflow/example_dags/tutorial_taskflow_api.py
[2025-09-03T20:09:06.943+0200] {processor.py:743} INFO - Processing file /home/varun/miniconda3/envs/python38/lib/python3.8/site-packages/airflow/example_dags/tutorial_taskflow_api.py for tasks to queue
[2025-09-03T20:09:06.944+0200] {logging_mixin.py:137} INFO - [2025-09-03T20:09:06.944+0200] {dagbag.py:532} INFO - Filling up the DagBag from /home/varun/miniconda3/envs/python38/lib/python3.8/site-packages/airflow/example_dags/tutorial_taskflow_api.py
[2025-09-03T20:09:06.981+0200] {processor.py:753} INFO - DAG(s) dict_keys(['tutorial_taskflow_api']) retrieved from /home/varun/miniconda3/envs/python38/lib/python3.8/site-packages/airflow/example_dags/tutorial_taskflow_api.py
[2025-09-03T20:09:07.011+0200] {logging_mixin.py:137} INFO - [2025-09-03T20:09:07.011+0200] {dag.py:2705} INFO - Sync 1 DAGs
[2025-09-03T20:09:07.034+0200] {logging_mixin.py:137} INFO - [2025-09-03T20:09:07.034+0200] {dag.py:3452} INFO - Setting next_dagrun for tutorial_taskflow_api to None, run_after=None
[2025-09-03T20:09:07.063+0200] {processor.py:175} INFO - Processing /home/varun/miniconda3/envs/python38/lib/python3.8/site-packages/airflow/example_dags/tutorial_taskflow_api.py took 0.128 seconds
[2025-09-03T20:10:00.664+0200] {processor.py:153} INFO - Started process (PID=4547) to work on /home/varun/miniconda3/envs/python38/lib/python3.8/site-packages/airflow/example_dags/tutorial_taskflow_api.py
[2025-09-03T20:10:00.665+0200] {processor.py:743} INFO - Processing file /home/varun/miniconda3/envs/python38/lib/python3.8/site-packages/airflow/example_dags/tutorial_taskflow_api.py for tasks to queue
[2025-09-03T20:10:00.666+0200] {logging_mixin.py:137} INFO - [2025-09-03T20:10:00.666+0200] {dagbag.py:532} INFO - Filling up the DagBag from /home/varun/miniconda3/envs/python38/lib/python3.8/site-packages/airflow/example_dags/tutorial_taskflow_api.py
[2025-09-03T20:10:00.692+0200] {processor.py:753} INFO - DAG(s) dict_keys(['tutorial_taskflow_api']) retrieved from /home/varun/miniconda3/envs/python38/lib/python3.8/site-packages/airflow/example_dags/tutorial_taskflow_api.py
[2025-09-03T20:10:00.719+0200] {logging_mixin.py:137} INFO - [2025-09-03T20:10:00.719+0200] {dag.py:2705} INFO - Sync 1 DAGs
[2025-09-03T20:10:00.740+0200] {logging_mixin.py:137} INFO - [2025-09-03T20:10:00.740+0200] {dag.py:3452} INFO - Setting next_dagrun for tutorial_taskflow_api to None, run_after=None
[2025-09-03T20:10:00.767+0200] {processor.py:175} INFO - Processing /home/varun/miniconda3/envs/python38/lib/python3.8/site-packages/airflow/example_dags/tutorial_taskflow_api.py took 0.108 seconds
[2025-09-03T20:10:45.519+0200] {processor.py:153} INFO - Started process (PID=4589) to work on /home/varun/miniconda3/envs/python38/lib/python3.8/site-packages/airflow/example_dags/tutorial_taskflow_api.py
[2025-09-03T20:10:45.520+0200] {processor.py:743} INFO - Processing file /home/varun/miniconda3/envs/python38/lib/python3.8/site-packages/airflow/example_dags/tutorial_taskflow_api.py for tasks to queue
[2025-09-03T20:10:45.521+0200] {logging_mixin.py:137} INFO - [2025-09-03T20:10:45.521+0200] {dagbag.py:532} INFO - Filling up the DagBag from /home/varun/miniconda3/envs/python38/lib/python3.8/site-packages/airflow/example_dags/tutorial_taskflow_api.py
[2025-09-03T20:10:45.539+0200] {processor.py:753} INFO - DAG(s) dict_keys(['tutorial_taskflow_api']) retrieved from /home/varun/miniconda3/envs/python38/lib/python3.8/site-packages/airflow/example_dags/tutorial_taskflow_api.py
[2025-09-03T20:10:45.558+0200] {logging_mixin.py:137} INFO - [2025-09-03T20:10:45.558+0200] {dag.py:2705} INFO - Sync 1 DAGs
[2025-09-03T20:10:45.575+0200] {logging_mixin.py:137} INFO - [2025-09-03T20:10:45.575+0200] {dag.py:3452} INFO - Setting next_dagrun for tutorial_taskflow_api to None, run_after=None
[2025-09-03T20:10:45.598+0200] {processor.py:175} INFO - Processing /home/varun/miniconda3/envs/python38/lib/python3.8/site-packages/airflow/example_dags/tutorial_taskflow_api.py took 0.082 seconds
[2025-09-03T20:11:30.554+0200] {processor.py:153} INFO - Started process (PID=4631) to work on /home/varun/miniconda3/envs/python38/lib/python3.8/site-packages/airflow/example_dags/tutorial_taskflow_api.py
[2025-09-03T20:11:30.555+0200] {processor.py:743} INFO - Processing file /home/varun/miniconda3/envs/python38/lib/python3.8/site-packages/airflow/example_dags/tutorial_taskflow_api.py for tasks to queue
[2025-09-03T20:11:30.556+0200] {logging_mixin.py:137} INFO - [2025-09-03T20:11:30.556+0200] {dagbag.py:532} INFO - Filling up the DagBag from /home/varun/miniconda3/envs/python38/lib/python3.8/site-packages/airflow/example_dags/tutorial_taskflow_api.py
[2025-09-03T20:11:30.578+0200] {processor.py:753} INFO - DAG(s) dict_keys(['tutorial_taskflow_api']) retrieved from /home/varun/miniconda3/envs/python38/lib/python3.8/site-packages/airflow/example_dags/tutorial_taskflow_api.py
[2025-09-03T20:11:30.605+0200] {logging_mixin.py:137} INFO - [2025-09-03T20:11:30.604+0200] {dag.py:2705} INFO - Sync 1 DAGs
[2025-09-03T20:11:30.631+0200] {logging_mixin.py:137} INFO - [2025-09-03T20:11:30.631+0200] {dag.py:3452} INFO - Setting next_dagrun for tutorial_taskflow_api to None, run_after=None
[2025-09-03T20:11:30.656+0200] {processor.py:175} INFO - Processing /home/varun/miniconda3/envs/python38/lib/python3.8/site-packages/airflow/example_dags/tutorial_taskflow_api.py took 0.105 seconds
[2025-09-03T20:12:15.427+0200] {processor.py:153} INFO - Started process (PID=4673) to work on /home/varun/miniconda3/envs/python38/lib/python3.8/site-packages/airflow/example_dags/tutorial_taskflow_api.py
[2025-09-03T20:12:15.429+0200] {processor.py:743} INFO - Processing file /home/varun/miniconda3/envs/python38/lib/python3.8/site-packages/airflow/example_dags/tutorial_taskflow_api.py for tasks to queue
[2025-09-03T20:12:15.429+0200] {logging_mixin.py:137} INFO - [2025-09-03T20:12:15.429+0200] {dagbag.py:532} INFO - Filling up the DagBag from /home/varun/miniconda3/envs/python38/lib/python3.8/site-packages/airflow/example_dags/tutorial_taskflow_api.py
[2025-09-03T20:12:15.452+0200] {processor.py:753} INFO - DAG(s) dict_keys(['tutorial_taskflow_api']) retrieved from /home/varun/miniconda3/envs/python38/lib/python3.8/site-packages/airflow/example_dags/tutorial_taskflow_api.py
[2025-09-03T20:12:15.478+0200] {logging_mixin.py:137} INFO - [2025-09-03T20:12:15.478+0200] {dag.py:2705} INFO - Sync 1 DAGs
[2025-09-03T20:12:15.502+0200] {logging_mixin.py:137} INFO - [2025-09-03T20:12:15.502+0200] {dag.py:3452} INFO - Setting next_dagrun for tutorial_taskflow_api to None, run_after=None
[2025-09-03T20:12:15.533+0200] {processor.py:175} INFO - Processing /home/varun/miniconda3/envs/python38/lib/python3.8/site-packages/airflow/example_dags/tutorial_taskflow_api.py took 0.110 seconds
[2025-09-03T20:13:05.531+0200] {processor.py:153} INFO - Started process (PID=4716) to work on /home/varun/miniconda3/envs/python38/lib/python3.8/site-packages/airflow/example_dags/tutorial_taskflow_api.py
[2025-09-03T20:13:05.533+0200] {processor.py:743} INFO - Processing file /home/varun/miniconda3/envs/python38/lib/python3.8/site-packages/airflow/example_dags/tutorial_taskflow_api.py for tasks to queue
[2025-09-03T20:13:05.534+0200] {logging_mixin.py:137} INFO - [2025-09-03T20:13:05.534+0200] {dagbag.py:532} INFO - Filling up the DagBag from /home/varun/miniconda3/envs/python38/lib/python3.8/site-packages/airflow/example_dags/tutorial_taskflow_api.py
[2025-09-03T20:13:05.551+0200] {processor.py:753} INFO - DAG(s) dict_keys(['tutorial_taskflow_api']) retrieved from /home/varun/miniconda3/envs/python38/lib/python3.8/site-packages/airflow/example_dags/tutorial_taskflow_api.py
[2025-09-03T20:13:05.570+0200] {logging_mixin.py:137} INFO - [2025-09-03T20:13:05.570+0200] {dag.py:2705} INFO - Sync 1 DAGs
[2025-09-03T20:13:05.588+0200] {logging_mixin.py:137} INFO - [2025-09-03T20:13:05.587+0200] {dag.py:3452} INFO - Setting next_dagrun for tutorial_taskflow_api to None, run_after=None
[2025-09-03T20:13:05.610+0200] {processor.py:175} INFO - Processing /home/varun/miniconda3/envs/python38/lib/python3.8/site-packages/airflow/example_dags/tutorial_taskflow_api.py took 0.082 seconds
[2025-09-03T20:13:51.278+0200] {processor.py:153} INFO - Started process (PID=4758) to work on /home/varun/miniconda3/envs/python38/lib/python3.8/site-packages/airflow/example_dags/tutorial_taskflow_api.py
[2025-09-03T20:13:51.279+0200] {processor.py:743} INFO - Processing file /home/varun/miniconda3/envs/python38/lib/python3.8/site-packages/airflow/example_dags/tutorial_taskflow_api.py for tasks to queue
[2025-09-03T20:13:51.280+0200] {logging_mixin.py:137} INFO - [2025-09-03T20:13:51.280+0200] {dagbag.py:532} INFO - Filling up the DagBag from /home/varun/miniconda3/envs/python38/lib/python3.8/site-packages/airflow/example_dags/tutorial_taskflow_api.py
[2025-09-03T20:13:51.299+0200] {processor.py:753} INFO - DAG(s) dict_keys(['tutorial_taskflow_api']) retrieved from /home/varun/miniconda3/envs/python38/lib/python3.8/site-packages/airflow/example_dags/tutorial_taskflow_api.py
[2025-09-03T20:13:51.323+0200] {logging_mixin.py:137} INFO - [2025-09-03T20:13:51.322+0200] {dag.py:2705} INFO - Sync 1 DAGs
[2025-09-03T20:13:51.340+0200] {logging_mixin.py:137} INFO - [2025-09-03T20:13:51.340+0200] {dag.py:3452} INFO - Setting next_dagrun for tutorial_taskflow_api to None, run_after=None
[2025-09-03T20:13:51.363+0200] {processor.py:175} INFO - Processing /home/varun/miniconda3/envs/python38/lib/python3.8/site-packages/airflow/example_dags/tutorial_taskflow_api.py took 0.088 seconds
[2025-09-03T20:14:35.157+0200] {processor.py:153} INFO - Started process (PID=4800) to work on /home/varun/miniconda3/envs/python38/lib/python3.8/site-packages/airflow/example_dags/tutorial_taskflow_api.py
[2025-09-03T20:14:35.159+0200] {processor.py:743} INFO - Processing file /home/varun/miniconda3/envs/python38/lib/python3.8/site-packages/airflow/example_dags/tutorial_taskflow_api.py for tasks to queue
[2025-09-03T20:14:35.160+0200] {logging_mixin.py:137} INFO - [2025-09-03T20:14:35.159+0200] {dagbag.py:532} INFO - Filling up the DagBag from /home/varun/miniconda3/envs/python38/lib/python3.8/site-packages/airflow/example_dags/tutorial_taskflow_api.py
[2025-09-03T20:14:35.177+0200] {processor.py:753} INFO - DAG(s) dict_keys(['tutorial_taskflow_api']) retrieved from /home/varun/miniconda3/envs/python38/lib/python3.8/site-packages/airflow/example_dags/tutorial_taskflow_api.py
[2025-09-03T20:14:35.196+0200] {logging_mixin.py:137} INFO - [2025-09-03T20:14:35.196+0200] {dag.py:2705} INFO - Sync 1 DAGs
[2025-09-03T20:14:35.214+0200] {logging_mixin.py:137} INFO - [2025-09-03T20:14:35.214+0200] {dag.py:3452} INFO - Setting next_dagrun for tutorial_taskflow_api to None, run_after=None
[2025-09-03T20:14:35.242+0200] {processor.py:175} INFO - Processing /home/varun/miniconda3/envs/python38/lib/python3.8/site-packages/airflow/example_dags/tutorial_taskflow_api.py took 0.087 seconds
[2025-09-03T20:15:21.262+0200] {processor.py:153} INFO - Started process (PID=4842) to work on /home/varun/miniconda3/envs/python38/lib/python3.8/site-packages/airflow/example_dags/tutorial_taskflow_api.py
[2025-09-03T20:15:21.263+0200] {processor.py:743} INFO - Processing file /home/varun/miniconda3/envs/python38/lib/python3.8/site-packages/airflow/example_dags/tutorial_taskflow_api.py for tasks to queue
[2025-09-03T20:15:21.264+0200] {logging_mixin.py:137} INFO - [2025-09-03T20:15:21.264+0200] {dagbag.py:532} INFO - Filling up the DagBag from /home/varun/miniconda3/envs/python38/lib/python3.8/site-packages/airflow/example_dags/tutorial_taskflow_api.py
[2025-09-03T20:15:21.283+0200] {processor.py:753} INFO - DAG(s) dict_keys(['tutorial_taskflow_api']) retrieved from /home/varun/miniconda3/envs/python38/lib/python3.8/site-packages/airflow/example_dags/tutorial_taskflow_api.py
[2025-09-03T20:15:21.307+0200] {logging_mixin.py:137} INFO - [2025-09-03T20:15:21.307+0200] {dag.py:2705} INFO - Sync 1 DAGs
[2025-09-03T20:15:21.328+0200] {logging_mixin.py:137} INFO - [2025-09-03T20:15:21.327+0200] {dag.py:3452} INFO - Setting next_dagrun for tutorial_taskflow_api to None, run_after=None
[2025-09-03T20:15:21.353+0200] {processor.py:175} INFO - Processing /home/varun/miniconda3/envs/python38/lib/python3.8/site-packages/airflow/example_dags/tutorial_taskflow_api.py took 0.094 seconds
[2025-09-03T20:16:06.656+0200] {processor.py:153} INFO - Started process (PID=4884) to work on /home/varun/miniconda3/envs/python38/lib/python3.8/site-packages/airflow/example_dags/tutorial_taskflow_api.py
[2025-09-03T20:16:06.658+0200] {processor.py:743} INFO - Processing file /home/varun/miniconda3/envs/python38/lib/python3.8/site-packages/airflow/example_dags/tutorial_taskflow_api.py for tasks to queue
[2025-09-03T20:16:06.658+0200] {logging_mixin.py:137} INFO - [2025-09-03T20:16:06.658+0200] {dagbag.py:532} INFO - Filling up the DagBag from /home/varun/miniconda3/envs/python38/lib/python3.8/site-packages/airflow/example_dags/tutorial_taskflow_api.py
[2025-09-03T20:16:06.677+0200] {processor.py:753} INFO - DAG(s) dict_keys(['tutorial_taskflow_api']) retrieved from /home/varun/miniconda3/envs/python38/lib/python3.8/site-packages/airflow/example_dags/tutorial_taskflow_api.py
[2025-09-03T20:16:06.697+0200] {logging_mixin.py:137} INFO - [2025-09-03T20:16:06.697+0200] {dag.py:2705} INFO - Sync 1 DAGs
[2025-09-03T20:16:06.714+0200] {logging_mixin.py:137} INFO - [2025-09-03T20:16:06.714+0200] {dag.py:3452} INFO - Setting next_dagrun for tutorial_taskflow_api to None, run_after=None
[2025-09-03T20:16:06.736+0200] {processor.py:175} INFO - Processing /home/varun/miniconda3/envs/python38/lib/python3.8/site-packages/airflow/example_dags/tutorial_taskflow_api.py took 0.083 seconds
[2025-09-03T20:16:51.164+0200] {processor.py:153} INFO - Started process (PID=4926) to work on /home/varun/miniconda3/envs/python38/lib/python3.8/site-packages/airflow/example_dags/tutorial_taskflow_api.py
[2025-09-03T20:16:51.166+0200] {processor.py:743} INFO - Processing file /home/varun/miniconda3/envs/python38/lib/python3.8/site-packages/airflow/example_dags/tutorial_taskflow_api.py for tasks to queue
[2025-09-03T20:16:51.167+0200] {logging_mixin.py:137} INFO - [2025-09-03T20:16:51.167+0200] {dagbag.py:532} INFO - Filling up the DagBag from /home/varun/miniconda3/envs/python38/lib/python3.8/site-packages/airflow/example_dags/tutorial_taskflow_api.py
[2025-09-03T20:16:51.186+0200] {processor.py:753} INFO - DAG(s) dict_keys(['tutorial_taskflow_api']) retrieved from /home/varun/miniconda3/envs/python38/lib/python3.8/site-packages/airflow/example_dags/tutorial_taskflow_api.py
[2025-09-03T20:16:51.214+0200] {logging_mixin.py:137} INFO - [2025-09-03T20:16:51.214+0200] {dag.py:2705} INFO - Sync 1 DAGs
[2025-09-03T20:16:51.235+0200] {logging_mixin.py:137} INFO - [2025-09-03T20:16:51.235+0200] {dag.py:3452} INFO - Setting next_dagrun for tutorial_taskflow_api to None, run_after=None
[2025-09-03T20:16:51.264+0200] {processor.py:175} INFO - Processing /home/varun/miniconda3/envs/python38/lib/python3.8/site-packages/airflow/example_dags/tutorial_taskflow_api.py took 0.103 seconds
[2025-09-03T20:17:37.245+0200] {processor.py:153} INFO - Started process (PID=4971) to work on /home/varun/miniconda3/envs/python38/lib/python3.8/site-packages/airflow/example_dags/tutorial_taskflow_api.py
[2025-09-03T20:17:37.247+0200] {processor.py:743} INFO - Processing file /home/varun/miniconda3/envs/python38/lib/python3.8/site-packages/airflow/example_dags/tutorial_taskflow_api.py for tasks to queue
[2025-09-03T20:17:37.248+0200] {logging_mixin.py:137} INFO - [2025-09-03T20:17:37.248+0200] {dagbag.py:532} INFO - Filling up the DagBag from /home/varun/miniconda3/envs/python38/lib/python3.8/site-packages/airflow/example_dags/tutorial_taskflow_api.py
[2025-09-03T20:17:37.283+0200] {processor.py:753} INFO - DAG(s) dict_keys(['tutorial_taskflow_api']) retrieved from /home/varun/miniconda3/envs/python38/lib/python3.8/site-packages/airflow/example_dags/tutorial_taskflow_api.py
[2025-09-03T20:17:37.321+0200] {logging_mixin.py:137} INFO - [2025-09-03T20:17:37.321+0200] {dag.py:2705} INFO - Sync 1 DAGs
[2025-09-03T20:17:37.347+0200] {logging_mixin.py:137} INFO - [2025-09-03T20:17:37.347+0200] {dag.py:3452} INFO - Setting next_dagrun for tutorial_taskflow_api to None, run_after=None
[2025-09-03T20:17:37.382+0200] {processor.py:175} INFO - Processing /home/varun/miniconda3/envs/python38/lib/python3.8/site-packages/airflow/example_dags/tutorial_taskflow_api.py took 0.140 seconds
[2025-09-03T20:18:24.591+0200] {processor.py:153} INFO - Started process (PID=5014) to work on /home/varun/miniconda3/envs/python38/lib/python3.8/site-packages/airflow/example_dags/tutorial_taskflow_api.py
[2025-09-03T20:18:24.593+0200] {processor.py:743} INFO - Processing file /home/varun/miniconda3/envs/python38/lib/python3.8/site-packages/airflow/example_dags/tutorial_taskflow_api.py for tasks to queue
[2025-09-03T20:18:24.593+0200] {logging_mixin.py:137} INFO - [2025-09-03T20:18:24.593+0200] {dagbag.py:532} INFO - Filling up the DagBag from /home/varun/miniconda3/envs/python38/lib/python3.8/site-packages/airflow/example_dags/tutorial_taskflow_api.py
[2025-09-03T20:18:24.618+0200] {processor.py:753} INFO - DAG(s) dict_keys(['tutorial_taskflow_api']) retrieved from /home/varun/miniconda3/envs/python38/lib/python3.8/site-packages/airflow/example_dags/tutorial_taskflow_api.py
[2025-09-03T20:18:24.640+0200] {logging_mixin.py:137} INFO - [2025-09-03T20:18:24.640+0200] {dag.py:2705} INFO - Sync 1 DAGs
[2025-09-03T20:18:24.658+0200] {logging_mixin.py:137} INFO - [2025-09-03T20:18:24.658+0200] {dag.py:3452} INFO - Setting next_dagrun for tutorial_taskflow_api to None, run_after=None
[2025-09-03T20:18:24.682+0200] {processor.py:175} INFO - Processing /home/varun/miniconda3/envs/python38/lib/python3.8/site-packages/airflow/example_dags/tutorial_taskflow_api.py took 0.095 seconds
[2025-09-03T20:19:12.600+0200] {processor.py:153} INFO - Started process (PID=5056) to work on /home/varun/miniconda3/envs/python38/lib/python3.8/site-packages/airflow/example_dags/tutorial_taskflow_api.py
[2025-09-03T20:19:12.602+0200] {processor.py:743} INFO - Processing file /home/varun/miniconda3/envs/python38/lib/python3.8/site-packages/airflow/example_dags/tutorial_taskflow_api.py for tasks to queue
[2025-09-03T20:19:12.603+0200] {logging_mixin.py:137} INFO - [2025-09-03T20:19:12.603+0200] {dagbag.py:532} INFO - Filling up the DagBag from /home/varun/miniconda3/envs/python38/lib/python3.8/site-packages/airflow/example_dags/tutorial_taskflow_api.py
[2025-09-03T20:19:12.624+0200] {processor.py:753} INFO - DAG(s) dict_keys(['tutorial_taskflow_api']) retrieved from /home/varun/miniconda3/envs/python38/lib/python3.8/site-packages/airflow/example_dags/tutorial_taskflow_api.py
[2025-09-03T20:19:12.651+0200] {logging_mixin.py:137} INFO - [2025-09-03T20:19:12.651+0200] {dag.py:2705} INFO - Sync 1 DAGs
[2025-09-03T20:19:12.803+0200] {logging_mixin.py:137} INFO - [2025-09-03T20:19:12.802+0200] {dag.py:3452} INFO - Setting next_dagrun for tutorial_taskflow_api to None, run_after=None
[2025-09-03T20:19:12.838+0200] {processor.py:175} INFO - Processing /home/varun/miniconda3/envs/python38/lib/python3.8/site-packages/airflow/example_dags/tutorial_taskflow_api.py took 0.242 seconds
[2025-09-03T20:20:01.975+0200] {processor.py:153} INFO - Started process (PID=5098) to work on /home/varun/miniconda3/envs/python38/lib/python3.8/site-packages/airflow/example_dags/tutorial_taskflow_api.py
[2025-09-03T20:20:01.977+0200] {processor.py:743} INFO - Processing file /home/varun/miniconda3/envs/python38/lib/python3.8/site-packages/airflow/example_dags/tutorial_taskflow_api.py for tasks to queue
[2025-09-03T20:20:01.978+0200] {logging_mixin.py:137} INFO - [2025-09-03T20:20:01.977+0200] {dagbag.py:532} INFO - Filling up the DagBag from /home/varun/miniconda3/envs/python38/lib/python3.8/site-packages/airflow/example_dags/tutorial_taskflow_api.py
[2025-09-03T20:20:01.996+0200] {processor.py:753} INFO - DAG(s) dict_keys(['tutorial_taskflow_api']) retrieved from /home/varun/miniconda3/envs/python38/lib/python3.8/site-packages/airflow/example_dags/tutorial_taskflow_api.py
[2025-09-03T20:20:02.014+0200] {logging_mixin.py:137} INFO - [2025-09-03T20:20:02.014+0200] {dag.py:2705} INFO - Sync 1 DAGs
[2025-09-03T20:20:05.496+0200] {logging_mixin.py:137} INFO - [2025-09-03T20:20:05.496+0200] {dag.py:3452} INFO - Setting next_dagrun for tutorial_taskflow_api to None, run_after=None
[2025-09-03T20:20:05.516+0200] {processor.py:175} INFO - Processing /home/varun/miniconda3/envs/python38/lib/python3.8/site-packages/airflow/example_dags/tutorial_taskflow_api.py took 0.187 seconds
[2025-09-03T20:20:55.600+0200] {processor.py:153} INFO - Started process (PID=5140) to work on /home/varun/miniconda3/envs/python38/lib/python3.8/site-packages/airflow/example_dags/tutorial_taskflow_api.py
[2025-09-03T20:20:55.601+0200] {processor.py:743} INFO - Processing file /home/varun/miniconda3/envs/python38/lib/python3.8/site-packages/airflow/example_dags/tutorial_taskflow_api.py for tasks to queue
[2025-09-03T20:20:55.602+0200] {logging_mixin.py:137} INFO - [2025-09-03T20:20:55.602+0200] {dagbag.py:532} INFO - Filling up the DagBag from /home/varun/miniconda3/envs/python38/lib/python3.8/site-packages/airflow/example_dags/tutorial_taskflow_api.py
[2025-09-03T20:20:55.619+0200] {processor.py:753} INFO - DAG(s) dict_keys(['tutorial_taskflow_api']) retrieved from /home/varun/miniconda3/envs/python38/lib/python3.8/site-packages/airflow/example_dags/tutorial_taskflow_api.py
[2025-09-03T20:20:55.740+0200] {logging_mixin.py:137} INFO - [2025-09-03T20:20:55.739+0200] {dag.py:2705} INFO - Sync 1 DAGs
[2025-09-03T20:20:55.753+0200] {logging_mixin.py:137} INFO - [2025-09-03T20:20:55.753+0200] {dag.py:3452} INFO - Setting next_dagrun for tutorial_taskflow_api to None, run_after=None
[2025-09-03T20:20:55.773+0200] {processor.py:175} INFO - Processing /home/varun/miniconda3/envs/python38/lib/python3.8/site-packages/airflow/example_dags/tutorial_taskflow_api.py took 0.176 seconds
[2025-09-03T20:21:43.708+0200] {processor.py:153} INFO - Started process (PID=5182) to work on /home/varun/miniconda3/envs/python38/lib/python3.8/site-packages/airflow/example_dags/tutorial_taskflow_api.py
[2025-09-03T20:21:43.710+0200] {processor.py:743} INFO - Processing file /home/varun/miniconda3/envs/python38/lib/python3.8/site-packages/airflow/example_dags/tutorial_taskflow_api.py for tasks to queue
[2025-09-03T20:21:43.710+0200] {logging_mixin.py:137} INFO - [2025-09-03T20:21:43.710+0200] {dagbag.py:532} INFO - Filling up the DagBag from /home/varun/miniconda3/envs/python38/lib/python3.8/site-packages/airflow/example_dags/tutorial_taskflow_api.py
[2025-09-03T20:21:43.729+0200] {processor.py:753} INFO - DAG(s) dict_keys(['tutorial_taskflow_api']) retrieved from /home/varun/miniconda3/envs/python38/lib/python3.8/site-packages/airflow/example_dags/tutorial_taskflow_api.py
[2025-09-03T20:21:43.846+0200] {logging_mixin.py:137} INFO - [2025-09-03T20:21:43.846+0200] {dag.py:2705} INFO - Sync 1 DAGs
[2025-09-03T20:21:43.859+0200] {logging_mixin.py:137} INFO - [2025-09-03T20:21:43.859+0200] {dag.py:3452} INFO - Setting next_dagrun for tutorial_taskflow_api to None, run_after=None
[2025-09-03T20:21:43.878+0200] {processor.py:175} INFO - Processing /home/varun/miniconda3/envs/python38/lib/python3.8/site-packages/airflow/example_dags/tutorial_taskflow_api.py took 0.173 seconds
[2025-09-03T20:22:37.348+0200] {processor.py:153} INFO - Started process (PID=5224) to work on /home/varun/miniconda3/envs/python38/lib/python3.8/site-packages/airflow/example_dags/tutorial_taskflow_api.py
[2025-09-03T20:22:37.349+0200] {processor.py:743} INFO - Processing file /home/varun/miniconda3/envs/python38/lib/python3.8/site-packages/airflow/example_dags/tutorial_taskflow_api.py for tasks to queue
[2025-09-03T20:22:37.350+0200] {logging_mixin.py:137} INFO - [2025-09-03T20:22:37.350+0200] {dagbag.py:532} INFO - Filling up the DagBag from /home/varun/miniconda3/envs/python38/lib/python3.8/site-packages/airflow/example_dags/tutorial_taskflow_api.py
[2025-09-03T20:22:37.461+0200] {processor.py:753} INFO - DAG(s) dict_keys(['tutorial_taskflow_api']) retrieved from /home/varun/miniconda3/envs/python38/lib/python3.8/site-packages/airflow/example_dags/tutorial_taskflow_api.py
[2025-09-03T20:22:37.475+0200] {logging_mixin.py:137} INFO - [2025-09-03T20:22:37.475+0200] {dag.py:2705} INFO - Sync 1 DAGs
[2025-09-03T20:22:37.489+0200] {logging_mixin.py:137} INFO - [2025-09-03T20:22:37.489+0200] {dag.py:3452} INFO - Setting next_dagrun for tutorial_taskflow_api to None, run_after=None
[2025-09-03T20:22:37.515+0200] {processor.py:175} INFO - Processing /home/varun/miniconda3/envs/python38/lib/python3.8/site-packages/airflow/example_dags/tutorial_taskflow_api.py took 0.171 seconds
[2025-09-03T20:23:25.633+0200] {processor.py:153} INFO - Started process (PID=5266) to work on /home/varun/miniconda3/envs/python38/lib/python3.8/site-packages/airflow/example_dags/tutorial_taskflow_api.py
[2025-09-03T20:23:25.635+0200] {processor.py:743} INFO - Processing file /home/varun/miniconda3/envs/python38/lib/python3.8/site-packages/airflow/example_dags/tutorial_taskflow_api.py for tasks to queue
[2025-09-03T20:23:25.636+0200] {logging_mixin.py:137} INFO - [2025-09-03T20:23:25.636+0200] {dagbag.py:532} INFO - Filling up the DagBag from /home/varun/miniconda3/envs/python38/lib/python3.8/site-packages/airflow/example_dags/tutorial_taskflow_api.py
[2025-09-03T20:23:25.653+0200] {processor.py:753} INFO - DAG(s) dict_keys(['tutorial_taskflow_api']) retrieved from /home/varun/miniconda3/envs/python38/lib/python3.8/site-packages/airflow/example_dags/tutorial_taskflow_api.py
[2025-09-03T20:23:25.672+0200] {logging_mixin.py:137} INFO - [2025-09-03T20:23:25.672+0200] {dag.py:2705} INFO - Sync 1 DAGs
[2025-09-03T20:23:25.690+0200] {logging_mixin.py:137} INFO - [2025-09-03T20:23:25.690+0200] {dag.py:3452} INFO - Setting next_dagrun for tutorial_taskflow_api to None, run_after=None
[2025-09-03T20:23:25.715+0200] {processor.py:175} INFO - Processing /home/varun/miniconda3/envs/python38/lib/python3.8/site-packages/airflow/example_dags/tutorial_taskflow_api.py took 0.084 seconds
[2025-09-03T20:24:11.663+0200] {processor.py:153} INFO - Started process (PID=5309) to work on /home/varun/miniconda3/envs/python38/lib/python3.8/site-packages/airflow/example_dags/tutorial_taskflow_api.py
[2025-09-03T20:24:11.664+0200] {processor.py:743} INFO - Processing file /home/varun/miniconda3/envs/python38/lib/python3.8/site-packages/airflow/example_dags/tutorial_taskflow_api.py for tasks to queue
[2025-09-03T20:24:11.665+0200] {logging_mixin.py:137} INFO - [2025-09-03T20:24:11.665+0200] {dagbag.py:532} INFO - Filling up the DagBag from /home/varun/miniconda3/envs/python38/lib/python3.8/site-packages/airflow/example_dags/tutorial_taskflow_api.py
[2025-09-03T20:24:11.682+0200] {processor.py:753} INFO - DAG(s) dict_keys(['tutorial_taskflow_api']) retrieved from /home/varun/miniconda3/envs/python38/lib/python3.8/site-packages/airflow/example_dags/tutorial_taskflow_api.py
[2025-09-03T20:24:11.702+0200] {logging_mixin.py:137} INFO - [2025-09-03T20:24:11.702+0200] {dag.py:2705} INFO - Sync 1 DAGs
[2025-09-03T20:24:11.719+0200] {logging_mixin.py:137} INFO - [2025-09-03T20:24:11.719+0200] {dag.py:3452} INFO - Setting next_dagrun for tutorial_taskflow_api to None, run_after=None
[2025-09-03T20:24:11.740+0200] {processor.py:175} INFO - Processing /home/varun/miniconda3/envs/python38/lib/python3.8/site-packages/airflow/example_dags/tutorial_taskflow_api.py took 0.081 seconds
[2025-09-03T20:25:01.258+0200] {processor.py:153} INFO - Started process (PID=5351) to work on /home/varun/miniconda3/envs/python38/lib/python3.8/site-packages/airflow/example_dags/tutorial_taskflow_api.py
[2025-09-03T20:25:01.259+0200] {processor.py:743} INFO - Processing file /home/varun/miniconda3/envs/python38/lib/python3.8/site-packages/airflow/example_dags/tutorial_taskflow_api.py for tasks to queue
[2025-09-03T20:25:01.260+0200] {logging_mixin.py:137} INFO - [2025-09-03T20:25:01.259+0200] {dagbag.py:532} INFO - Filling up the DagBag from /home/varun/miniconda3/envs/python38/lib/python3.8/site-packages/airflow/example_dags/tutorial_taskflow_api.py
[2025-09-03T20:25:01.278+0200] {processor.py:753} INFO - DAG(s) dict_keys(['tutorial_taskflow_api']) retrieved from /home/varun/miniconda3/envs/python38/lib/python3.8/site-packages/airflow/example_dags/tutorial_taskflow_api.py
[2025-09-03T20:25:01.298+0200] {logging_mixin.py:137} INFO - [2025-09-03T20:25:01.298+0200] {dag.py:2705} INFO - Sync 1 DAGs
[2025-09-03T20:25:01.316+0200] {logging_mixin.py:137} INFO - [2025-09-03T20:25:01.315+0200] {dag.py:3452} INFO - Setting next_dagrun for tutorial_taskflow_api to None, run_after=None
[2025-09-03T20:25:01.339+0200] {processor.py:175} INFO - Processing /home/varun/miniconda3/envs/python38/lib/python3.8/site-packages/airflow/example_dags/tutorial_taskflow_api.py took 0.084 seconds
[2025-09-03T20:25:44.319+0200] {processor.py:153} INFO - Started process (PID=5393) to work on /home/varun/miniconda3/envs/python38/lib/python3.8/site-packages/airflow/example_dags/tutorial_taskflow_api.py
[2025-09-03T20:25:44.322+0200] {processor.py:743} INFO - Processing file /home/varun/miniconda3/envs/python38/lib/python3.8/site-packages/airflow/example_dags/tutorial_taskflow_api.py for tasks to queue
[2025-09-03T20:25:44.322+0200] {logging_mixin.py:137} INFO - [2025-09-03T20:25:44.322+0200] {dagbag.py:532} INFO - Filling up the DagBag from /home/varun/miniconda3/envs/python38/lib/python3.8/site-packages/airflow/example_dags/tutorial_taskflow_api.py
[2025-09-03T20:25:44.343+0200] {processor.py:753} INFO - DAG(s) dict_keys(['tutorial_taskflow_api']) retrieved from /home/varun/miniconda3/envs/python38/lib/python3.8/site-packages/airflow/example_dags/tutorial_taskflow_api.py
[2025-09-03T20:25:44.364+0200] {logging_mixin.py:137} INFO - [2025-09-03T20:25:44.364+0200] {dag.py:2705} INFO - Sync 1 DAGs
[2025-09-03T20:25:44.383+0200] {logging_mixin.py:137} INFO - [2025-09-03T20:25:44.383+0200] {dag.py:3452} INFO - Setting next_dagrun for tutorial_taskflow_api to None, run_after=None
[2025-09-03T20:25:44.405+0200] {processor.py:175} INFO - Processing /home/varun/miniconda3/envs/python38/lib/python3.8/site-packages/airflow/example_dags/tutorial_taskflow_api.py took 0.089 seconds
[2025-09-03T20:26:29.200+0200] {processor.py:153} INFO - Started process (PID=5435) to work on /home/varun/miniconda3/envs/python38/lib/python3.8/site-packages/airflow/example_dags/tutorial_taskflow_api.py
[2025-09-03T20:26:29.201+0200] {processor.py:743} INFO - Processing file /home/varun/miniconda3/envs/python38/lib/python3.8/site-packages/airflow/example_dags/tutorial_taskflow_api.py for tasks to queue
[2025-09-03T20:26:29.202+0200] {logging_mixin.py:137} INFO - [2025-09-03T20:26:29.201+0200] {dagbag.py:532} INFO - Filling up the DagBag from /home/varun/miniconda3/envs/python38/lib/python3.8/site-packages/airflow/example_dags/tutorial_taskflow_api.py
[2025-09-03T20:26:29.219+0200] {processor.py:753} INFO - DAG(s) dict_keys(['tutorial_taskflow_api']) retrieved from /home/varun/miniconda3/envs/python38/lib/python3.8/site-packages/airflow/example_dags/tutorial_taskflow_api.py
[2025-09-03T20:26:29.239+0200] {logging_mixin.py:137} INFO - [2025-09-03T20:26:29.239+0200] {dag.py:2705} INFO - Sync 1 DAGs
[2025-09-03T20:26:29.256+0200] {logging_mixin.py:137} INFO - [2025-09-03T20:26:29.255+0200] {dag.py:3452} INFO - Setting next_dagrun for tutorial_taskflow_api to None, run_after=None
[2025-09-03T20:26:29.278+0200] {processor.py:175} INFO - Processing /home/varun/miniconda3/envs/python38/lib/python3.8/site-packages/airflow/example_dags/tutorial_taskflow_api.py took 0.081 seconds
[2025-09-03T20:27:18.951+0200] {processor.py:153} INFO - Started process (PID=5477) to work on /home/varun/miniconda3/envs/python38/lib/python3.8/site-packages/airflow/example_dags/tutorial_taskflow_api.py
[2025-09-03T20:27:18.953+0200] {processor.py:743} INFO - Processing file /home/varun/miniconda3/envs/python38/lib/python3.8/site-packages/airflow/example_dags/tutorial_taskflow_api.py for tasks to queue
[2025-09-03T20:27:18.953+0200] {logging_mixin.py:137} INFO - [2025-09-03T20:27:18.953+0200] {dagbag.py:532} INFO - Filling up the DagBag from /home/varun/miniconda3/envs/python38/lib/python3.8/site-packages/airflow/example_dags/tutorial_taskflow_api.py
[2025-09-03T20:27:18.974+0200] {processor.py:753} INFO - DAG(s) dict_keys(['tutorial_taskflow_api']) retrieved from /home/varun/miniconda3/envs/python38/lib/python3.8/site-packages/airflow/example_dags/tutorial_taskflow_api.py
[2025-09-03T20:27:18.996+0200] {logging_mixin.py:137} INFO - [2025-09-03T20:27:18.996+0200] {dag.py:2705} INFO - Sync 1 DAGs
[2025-09-03T20:27:19.018+0200] {logging_mixin.py:137} INFO - [2025-09-03T20:27:19.017+0200] {dag.py:3452} INFO - Setting next_dagrun for tutorial_taskflow_api to None, run_after=None
[2025-09-03T20:27:19.040+0200] {processor.py:175} INFO - Processing /home/varun/miniconda3/envs/python38/lib/python3.8/site-packages/airflow/example_dags/tutorial_taskflow_api.py took 0.092 seconds
[2025-09-03T20:28:05.360+0200] {processor.py:153} INFO - Started process (PID=5519) to work on /home/varun/miniconda3/envs/python38/lib/python3.8/site-packages/airflow/example_dags/tutorial_taskflow_api.py
[2025-09-03T20:28:05.362+0200] {processor.py:743} INFO - Processing file /home/varun/miniconda3/envs/python38/lib/python3.8/site-packages/airflow/example_dags/tutorial_taskflow_api.py for tasks to queue
[2025-09-03T20:28:05.362+0200] {logging_mixin.py:137} INFO - [2025-09-03T20:28:05.362+0200] {dagbag.py:532} INFO - Filling up the DagBag from /home/varun/miniconda3/envs/python38/lib/python3.8/site-packages/airflow/example_dags/tutorial_taskflow_api.py
[2025-09-03T20:28:05.381+0200] {processor.py:753} INFO - DAG(s) dict_keys(['tutorial_taskflow_api']) retrieved from /home/varun/miniconda3/envs/python38/lib/python3.8/site-packages/airflow/example_dags/tutorial_taskflow_api.py
[2025-09-03T20:28:05.402+0200] {logging_mixin.py:137} INFO - [2025-09-03T20:28:05.402+0200] {dag.py:2705} INFO - Sync 1 DAGs
[2025-09-03T20:28:05.421+0200] {logging_mixin.py:137} INFO - [2025-09-03T20:28:05.421+0200] {dag.py:3452} INFO - Setting next_dagrun for tutorial_taskflow_api to None, run_after=None
[2025-09-03T20:28:05.442+0200] {processor.py:175} INFO - Processing /home/varun/miniconda3/envs/python38/lib/python3.8/site-packages/airflow/example_dags/tutorial_taskflow_api.py took 0.085 seconds
[2025-09-03T20:28:50.943+0200] {processor.py:153} INFO - Started process (PID=5561) to work on /home/varun/miniconda3/envs/python38/lib/python3.8/site-packages/airflow/example_dags/tutorial_taskflow_api.py
[2025-09-03T20:28:50.944+0200] {processor.py:743} INFO - Processing file /home/varun/miniconda3/envs/python38/lib/python3.8/site-packages/airflow/example_dags/tutorial_taskflow_api.py for tasks to queue
[2025-09-03T20:28:50.945+0200] {logging_mixin.py:137} INFO - [2025-09-03T20:28:50.945+0200] {dagbag.py:532} INFO - Filling up the DagBag from /home/varun/miniconda3/envs/python38/lib/python3.8/site-packages/airflow/example_dags/tutorial_taskflow_api.py
[2025-09-03T20:28:50.965+0200] {processor.py:753} INFO - DAG(s) dict_keys(['tutorial_taskflow_api']) retrieved from /home/varun/miniconda3/envs/python38/lib/python3.8/site-packages/airflow/example_dags/tutorial_taskflow_api.py
[2025-09-03T20:28:50.987+0200] {logging_mixin.py:137} INFO - [2025-09-03T20:28:50.987+0200] {dag.py:2705} INFO - Sync 1 DAGs
[2025-09-03T20:28:51.005+0200] {logging_mixin.py:137} INFO - [2025-09-03T20:28:51.005+0200] {dag.py:3452} INFO - Setting next_dagrun for tutorial_taskflow_api to None, run_after=None
[2025-09-03T20:28:51.030+0200] {processor.py:175} INFO - Processing /home/varun/miniconda3/envs/python38/lib/python3.8/site-packages/airflow/example_dags/tutorial_taskflow_api.py took 0.091 seconds
[2025-09-03T20:29:40.892+0200] {processor.py:153} INFO - Started process (PID=5604) to work on /home/varun/miniconda3/envs/python38/lib/python3.8/site-packages/airflow/example_dags/tutorial_taskflow_api.py
[2025-09-03T20:29:40.893+0200] {processor.py:743} INFO - Processing file /home/varun/miniconda3/envs/python38/lib/python3.8/site-packages/airflow/example_dags/tutorial_taskflow_api.py for tasks to queue
[2025-09-03T20:29:40.893+0200] {logging_mixin.py:137} INFO - [2025-09-03T20:29:40.893+0200] {dagbag.py:532} INFO - Filling up the DagBag from /home/varun/miniconda3/envs/python38/lib/python3.8/site-packages/airflow/example_dags/tutorial_taskflow_api.py
[2025-09-03T20:29:40.912+0200] {processor.py:753} INFO - DAG(s) dict_keys(['tutorial_taskflow_api']) retrieved from /home/varun/miniconda3/envs/python38/lib/python3.8/site-packages/airflow/example_dags/tutorial_taskflow_api.py
[2025-09-03T20:29:40.931+0200] {logging_mixin.py:137} INFO - [2025-09-03T20:29:40.931+0200] {dag.py:2705} INFO - Sync 1 DAGs
[2025-09-03T20:29:40.948+0200] {logging_mixin.py:137} INFO - [2025-09-03T20:29:40.948+0200] {dag.py:3452} INFO - Setting next_dagrun for tutorial_taskflow_api to None, run_after=None
[2025-09-03T20:29:40.970+0200] {processor.py:175} INFO - Processing /home/varun/miniconda3/envs/python38/lib/python3.8/site-packages/airflow/example_dags/tutorial_taskflow_api.py took 0.081 seconds
[2025-09-03T20:30:26.145+0200] {processor.py:153} INFO - Started process (PID=5646) to work on /home/varun/miniconda3/envs/python38/lib/python3.8/site-packages/airflow/example_dags/tutorial_taskflow_api.py
[2025-09-03T20:30:26.147+0200] {processor.py:743} INFO - Processing file /home/varun/miniconda3/envs/python38/lib/python3.8/site-packages/airflow/example_dags/tutorial_taskflow_api.py for tasks to queue
[2025-09-03T20:30:26.147+0200] {logging_mixin.py:137} INFO - [2025-09-03T20:30:26.147+0200] {dagbag.py:532} INFO - Filling up the DagBag from /home/varun/miniconda3/envs/python38/lib/python3.8/site-packages/airflow/example_dags/tutorial_taskflow_api.py
[2025-09-03T20:30:26.167+0200] {processor.py:753} INFO - DAG(s) dict_keys(['tutorial_taskflow_api']) retrieved from /home/varun/miniconda3/envs/python38/lib/python3.8/site-packages/airflow/example_dags/tutorial_taskflow_api.py
[2025-09-03T20:30:26.187+0200] {logging_mixin.py:137} INFO - [2025-09-03T20:30:26.187+0200] {dag.py:2705} INFO - Sync 1 DAGs
[2025-09-03T20:30:26.205+0200] {logging_mixin.py:137} INFO - [2025-09-03T20:30:26.205+0200] {dag.py:3452} INFO - Setting next_dagrun for tutorial_taskflow_api to None, run_after=None
[2025-09-03T20:30:26.231+0200] {processor.py:175} INFO - Processing /home/varun/miniconda3/envs/python38/lib/python3.8/site-packages/airflow/example_dags/tutorial_taskflow_api.py took 0.089 seconds
[2025-09-03T20:31:09.413+0200] {processor.py:153} INFO - Started process (PID=5688) to work on /home/varun/miniconda3/envs/python38/lib/python3.8/site-packages/airflow/example_dags/tutorial_taskflow_api.py
[2025-09-03T20:31:09.415+0200] {processor.py:743} INFO - Processing file /home/varun/miniconda3/envs/python38/lib/python3.8/site-packages/airflow/example_dags/tutorial_taskflow_api.py for tasks to queue
[2025-09-03T20:31:09.415+0200] {logging_mixin.py:137} INFO - [2025-09-03T20:31:09.415+0200] {dagbag.py:532} INFO - Filling up the DagBag from /home/varun/miniconda3/envs/python38/lib/python3.8/site-packages/airflow/example_dags/tutorial_taskflow_api.py
[2025-09-03T20:31:09.433+0200] {processor.py:753} INFO - DAG(s) dict_keys(['tutorial_taskflow_api']) retrieved from /home/varun/miniconda3/envs/python38/lib/python3.8/site-packages/airflow/example_dags/tutorial_taskflow_api.py
[2025-09-03T20:31:09.453+0200] {logging_mixin.py:137} INFO - [2025-09-03T20:31:09.453+0200] {dag.py:2705} INFO - Sync 1 DAGs
[2025-09-03T20:31:09.471+0200] {logging_mixin.py:137} INFO - [2025-09-03T20:31:09.471+0200] {dag.py:3452} INFO - Setting next_dagrun for tutorial_taskflow_api to None, run_after=None
[2025-09-03T20:31:09.496+0200] {processor.py:175} INFO - Processing /home/varun/miniconda3/envs/python38/lib/python3.8/site-packages/airflow/example_dags/tutorial_taskflow_api.py took 0.086 seconds
[2025-09-03T20:31:55.521+0200] {processor.py:153} INFO - Started process (PID=5730) to work on /home/varun/miniconda3/envs/python38/lib/python3.8/site-packages/airflow/example_dags/tutorial_taskflow_api.py
[2025-09-03T20:31:55.522+0200] {processor.py:743} INFO - Processing file /home/varun/miniconda3/envs/python38/lib/python3.8/site-packages/airflow/example_dags/tutorial_taskflow_api.py for tasks to queue
[2025-09-03T20:31:55.523+0200] {logging_mixin.py:137} INFO - [2025-09-03T20:31:55.523+0200] {dagbag.py:532} INFO - Filling up the DagBag from /home/varun/miniconda3/envs/python38/lib/python3.8/site-packages/airflow/example_dags/tutorial_taskflow_api.py
[2025-09-03T20:31:55.542+0200] {processor.py:753} INFO - DAG(s) dict_keys(['tutorial_taskflow_api']) retrieved from /home/varun/miniconda3/envs/python38/lib/python3.8/site-packages/airflow/example_dags/tutorial_taskflow_api.py
[2025-09-03T20:31:55.563+0200] {logging_mixin.py:137} INFO - [2025-09-03T20:31:55.563+0200] {dag.py:2705} INFO - Sync 1 DAGs
[2025-09-03T20:31:55.584+0200] {logging_mixin.py:137} INFO - [2025-09-03T20:31:55.583+0200] {dag.py:3452} INFO - Setting next_dagrun for tutorial_taskflow_api to None, run_after=None
[2025-09-03T20:31:55.607+0200] {processor.py:175} INFO - Processing /home/varun/miniconda3/envs/python38/lib/python3.8/site-packages/airflow/example_dags/tutorial_taskflow_api.py took 0.089 seconds
[2025-09-03T20:32:42.341+0200] {processor.py:153} INFO - Started process (PID=5772) to work on /home/varun/miniconda3/envs/python38/lib/python3.8/site-packages/airflow/example_dags/tutorial_taskflow_api.py
[2025-09-03T20:32:42.343+0200] {processor.py:743} INFO - Processing file /home/varun/miniconda3/envs/python38/lib/python3.8/site-packages/airflow/example_dags/tutorial_taskflow_api.py for tasks to queue
[2025-09-03T20:32:42.343+0200] {logging_mixin.py:137} INFO - [2025-09-03T20:32:42.343+0200] {dagbag.py:532} INFO - Filling up the DagBag from /home/varun/miniconda3/envs/python38/lib/python3.8/site-packages/airflow/example_dags/tutorial_taskflow_api.py
[2025-09-03T20:32:42.360+0200] {processor.py:753} INFO - DAG(s) dict_keys(['tutorial_taskflow_api']) retrieved from /home/varun/miniconda3/envs/python38/lib/python3.8/site-packages/airflow/example_dags/tutorial_taskflow_api.py
[2025-09-03T20:32:42.380+0200] {logging_mixin.py:137} INFO - [2025-09-03T20:32:42.380+0200] {dag.py:2705} INFO - Sync 1 DAGs
[2025-09-03T20:32:42.397+0200] {logging_mixin.py:137} INFO - [2025-09-03T20:32:42.397+0200] {dag.py:3452} INFO - Setting next_dagrun for tutorial_taskflow_api to None, run_after=None
[2025-09-03T20:32:42.424+0200] {processor.py:175} INFO - Processing /home/varun/miniconda3/envs/python38/lib/python3.8/site-packages/airflow/example_dags/tutorial_taskflow_api.py took 0.086 seconds
[2025-09-03T20:33:28.697+0200] {processor.py:153} INFO - Started process (PID=5814) to work on /home/varun/miniconda3/envs/python38/lib/python3.8/site-packages/airflow/example_dags/tutorial_taskflow_api.py
[2025-09-03T20:33:28.699+0200] {processor.py:743} INFO - Processing file /home/varun/miniconda3/envs/python38/lib/python3.8/site-packages/airflow/example_dags/tutorial_taskflow_api.py for tasks to queue
[2025-09-03T20:33:28.699+0200] {logging_mixin.py:137} INFO - [2025-09-03T20:33:28.699+0200] {dagbag.py:532} INFO - Filling up the DagBag from /home/varun/miniconda3/envs/python38/lib/python3.8/site-packages/airflow/example_dags/tutorial_taskflow_api.py
[2025-09-03T20:33:28.717+0200] {processor.py:753} INFO - DAG(s) dict_keys(['tutorial_taskflow_api']) retrieved from /home/varun/miniconda3/envs/python38/lib/python3.8/site-packages/airflow/example_dags/tutorial_taskflow_api.py
[2025-09-03T20:33:28.738+0200] {logging_mixin.py:137} INFO - [2025-09-03T20:33:28.737+0200] {dag.py:2705} INFO - Sync 1 DAGs
[2025-09-03T20:33:28.755+0200] {logging_mixin.py:137} INFO - [2025-09-03T20:33:28.754+0200] {dag.py:3452} INFO - Setting next_dagrun for tutorial_taskflow_api to None, run_after=None
[2025-09-03T20:33:28.777+0200] {processor.py:175} INFO - Processing /home/varun/miniconda3/envs/python38/lib/python3.8/site-packages/airflow/example_dags/tutorial_taskflow_api.py took 0.083 seconds
[2025-09-03T20:34:14.719+0200] {processor.py:153} INFO - Started process (PID=5856) to work on /home/varun/miniconda3/envs/python38/lib/python3.8/site-packages/airflow/example_dags/tutorial_taskflow_api.py
[2025-09-03T20:34:14.720+0200] {processor.py:743} INFO - Processing file /home/varun/miniconda3/envs/python38/lib/python3.8/site-packages/airflow/example_dags/tutorial_taskflow_api.py for tasks to queue
[2025-09-03T20:34:14.721+0200] {logging_mixin.py:137} INFO - [2025-09-03T20:34:14.721+0200] {dagbag.py:532} INFO - Filling up the DagBag from /home/varun/miniconda3/envs/python38/lib/python3.8/site-packages/airflow/example_dags/tutorial_taskflow_api.py
[2025-09-03T20:34:14.739+0200] {processor.py:753} INFO - DAG(s) dict_keys(['tutorial_taskflow_api']) retrieved from /home/varun/miniconda3/envs/python38/lib/python3.8/site-packages/airflow/example_dags/tutorial_taskflow_api.py
[2025-09-03T20:34:14.758+0200] {logging_mixin.py:137} INFO - [2025-09-03T20:34:14.758+0200] {dag.py:2705} INFO - Sync 1 DAGs
[2025-09-03T20:34:14.775+0200] {logging_mixin.py:137} INFO - [2025-09-03T20:34:14.775+0200] {dag.py:3452} INFO - Setting next_dagrun for tutorial_taskflow_api to None, run_after=None
[2025-09-03T20:34:14.796+0200] {processor.py:175} INFO - Processing /home/varun/miniconda3/envs/python38/lib/python3.8/site-packages/airflow/example_dags/tutorial_taskflow_api.py took 0.080 seconds
[2025-09-03T20:35:01.668+0200] {processor.py:153} INFO - Started process (PID=5899) to work on /home/varun/miniconda3/envs/python38/lib/python3.8/site-packages/airflow/example_dags/tutorial_taskflow_api.py
[2025-09-03T20:35:01.670+0200] {processor.py:743} INFO - Processing file /home/varun/miniconda3/envs/python38/lib/python3.8/site-packages/airflow/example_dags/tutorial_taskflow_api.py for tasks to queue
[2025-09-03T20:35:01.671+0200] {logging_mixin.py:137} INFO - [2025-09-03T20:35:01.671+0200] {dagbag.py:532} INFO - Filling up the DagBag from /home/varun/miniconda3/envs/python38/lib/python3.8/site-packages/airflow/example_dags/tutorial_taskflow_api.py
[2025-09-03T20:35:01.689+0200] {processor.py:753} INFO - DAG(s) dict_keys(['tutorial_taskflow_api']) retrieved from /home/varun/miniconda3/envs/python38/lib/python3.8/site-packages/airflow/example_dags/tutorial_taskflow_api.py
[2025-09-03T20:35:01.707+0200] {logging_mixin.py:137} INFO - [2025-09-03T20:35:01.707+0200] {dag.py:2705} INFO - Sync 1 DAGs
[2025-09-03T20:35:01.725+0200] {logging_mixin.py:137} INFO - [2025-09-03T20:35:01.724+0200] {dag.py:3452} INFO - Setting next_dagrun for tutorial_taskflow_api to None, run_after=None
[2025-09-03T20:35:01.745+0200] {processor.py:175} INFO - Processing /home/varun/miniconda3/envs/python38/lib/python3.8/site-packages/airflow/example_dags/tutorial_taskflow_api.py took 0.080 seconds
[2025-09-03T20:35:48.091+0200] {processor.py:153} INFO - Started process (PID=5941) to work on /home/varun/miniconda3/envs/python38/lib/python3.8/site-packages/airflow/example_dags/tutorial_taskflow_api.py
[2025-09-03T20:35:48.093+0200] {processor.py:743} INFO - Processing file /home/varun/miniconda3/envs/python38/lib/python3.8/site-packages/airflow/example_dags/tutorial_taskflow_api.py for tasks to queue
[2025-09-03T20:35:48.094+0200] {logging_mixin.py:137} INFO - [2025-09-03T20:35:48.094+0200] {dagbag.py:532} INFO - Filling up the DagBag from /home/varun/miniconda3/envs/python38/lib/python3.8/site-packages/airflow/example_dags/tutorial_taskflow_api.py
[2025-09-03T20:35:48.114+0200] {processor.py:753} INFO - DAG(s) dict_keys(['tutorial_taskflow_api']) retrieved from /home/varun/miniconda3/envs/python38/lib/python3.8/site-packages/airflow/example_dags/tutorial_taskflow_api.py
[2025-09-03T20:35:48.132+0200] {logging_mixin.py:137} INFO - [2025-09-03T20:35:48.132+0200] {dag.py:2705} INFO - Sync 1 DAGs
[2025-09-03T20:35:48.151+0200] {logging_mixin.py:137} INFO - [2025-09-03T20:35:48.151+0200] {dag.py:3452} INFO - Setting next_dagrun for tutorial_taskflow_api to None, run_after=None
[2025-09-03T20:35:48.175+0200] {processor.py:175} INFO - Processing /home/varun/miniconda3/envs/python38/lib/python3.8/site-packages/airflow/example_dags/tutorial_taskflow_api.py took 0.087 seconds
[2025-09-03T20:36:32.846+0200] {processor.py:153} INFO - Started process (PID=5983) to work on /home/varun/miniconda3/envs/python38/lib/python3.8/site-packages/airflow/example_dags/tutorial_taskflow_api.py
[2025-09-03T20:36:32.848+0200] {processor.py:743} INFO - Processing file /home/varun/miniconda3/envs/python38/lib/python3.8/site-packages/airflow/example_dags/tutorial_taskflow_api.py for tasks to queue
[2025-09-03T20:36:32.848+0200] {logging_mixin.py:137} INFO - [2025-09-03T20:36:32.848+0200] {dagbag.py:532} INFO - Filling up the DagBag from /home/varun/miniconda3/envs/python38/lib/python3.8/site-packages/airflow/example_dags/tutorial_taskflow_api.py
[2025-09-03T20:36:32.870+0200] {processor.py:753} INFO - DAG(s) dict_keys(['tutorial_taskflow_api']) retrieved from /home/varun/miniconda3/envs/python38/lib/python3.8/site-packages/airflow/example_dags/tutorial_taskflow_api.py
[2025-09-03T20:36:32.891+0200] {logging_mixin.py:137} INFO - [2025-09-03T20:36:32.891+0200] {dag.py:2705} INFO - Sync 1 DAGs
[2025-09-03T20:36:32.911+0200] {logging_mixin.py:137} INFO - [2025-09-03T20:36:32.911+0200] {dag.py:3452} INFO - Setting next_dagrun for tutorial_taskflow_api to None, run_after=None
[2025-09-03T20:36:32.935+0200] {processor.py:175} INFO - Processing /home/varun/miniconda3/envs/python38/lib/python3.8/site-packages/airflow/example_dags/tutorial_taskflow_api.py took 0.092 seconds
