[2025-09-03T19:42:13.608+0200] {processor.py:153} INFO - Started process (PID=3081) to work on /home/varun/miniconda3/envs/python38/lib/python3.8/site-packages/airflow/example_dags/tutorial_dag.py
[2025-09-03T19:42:13.609+0200] {processor.py:743} INFO - Processing file /home/varun/miniconda3/envs/python38/lib/python3.8/site-packages/airflow/example_dags/tutorial_dag.py for tasks to queue
[2025-09-03T19:42:13.609+0200] {logging_mixin.py:137} INFO - [2025-09-03T19:42:13.609+0200] {dagbag.py:532} INFO - Filling up the DagBag from /home/varun/miniconda3/envs/python38/lib/python3.8/site-packages/airflow/example_dags/tutorial_dag.py
[2025-09-03T19:42:13.621+0200] {processor.py:753} INFO - DAG(s) dict_keys(['tutorial_dag']) retrieved from /home/varun/miniconda3/envs/python38/lib/python3.8/site-packages/airflow/example_dags/tutorial_dag.py
[2025-09-03T19:42:13.711+0200] {logging_mixin.py:137} INFO - [2025-09-03T19:42:13.711+0200] {manager.py:504} INFO - Created Permission View: can edit on DAG:tutorial_dag
[2025-09-03T19:42:13.723+0200] {logging_mixin.py:137} INFO - [2025-09-03T19:42:13.723+0200] {manager.py:504} INFO - Created Permission View: can delete on DAG:tutorial_dag
[2025-09-03T19:42:13.734+0200] {logging_mixin.py:137} INFO - [2025-09-03T19:42:13.734+0200] {manager.py:504} INFO - Created Permission View: can read on DAG:tutorial_dag
[2025-09-03T19:42:13.734+0200] {logging_mixin.py:137} INFO - [2025-09-03T19:42:13.734+0200] {dag.py:2705} INFO - Sync 1 DAGs
[2025-09-03T19:42:13.743+0200] {logging_mixin.py:137} INFO - [2025-09-03T19:42:13.743+0200] {dag.py:2726} INFO - Creating ORM DAG for tutorial_dag
[2025-09-03T19:42:13.751+0200] {logging_mixin.py:137} INFO - [2025-09-03T19:42:13.751+0200] {dag.py:3452} INFO - Setting next_dagrun for tutorial_dag to None, run_after=None
[2025-09-03T19:42:13.771+0200] {processor.py:175} INFO - Processing /home/varun/miniconda3/envs/python38/lib/python3.8/site-packages/airflow/example_dags/tutorial_dag.py took 0.166 seconds
[2025-09-03T19:43:07.831+0200] {processor.py:153} INFO - Started process (PID=3123) to work on /home/varun/miniconda3/envs/python38/lib/python3.8/site-packages/airflow/example_dags/tutorial_dag.py
[2025-09-03T19:43:07.833+0200] {processor.py:743} INFO - Processing file /home/varun/miniconda3/envs/python38/lib/python3.8/site-packages/airflow/example_dags/tutorial_dag.py for tasks to queue
[2025-09-03T19:43:07.833+0200] {logging_mixin.py:137} INFO - [2025-09-03T19:43:07.833+0200] {dagbag.py:532} INFO - Filling up the DagBag from /home/varun/miniconda3/envs/python38/lib/python3.8/site-packages/airflow/example_dags/tutorial_dag.py
[2025-09-03T19:43:07.846+0200] {processor.py:753} INFO - DAG(s) dict_keys(['tutorial_dag']) retrieved from /home/varun/miniconda3/envs/python38/lib/python3.8/site-packages/airflow/example_dags/tutorial_dag.py
[2025-09-03T19:43:07.864+0200] {logging_mixin.py:137} INFO - [2025-09-03T19:43:07.863+0200] {dag.py:2705} INFO - Sync 1 DAGs
[2025-09-03T19:43:07.879+0200] {logging_mixin.py:137} INFO - [2025-09-03T19:43:07.879+0200] {dag.py:3452} INFO - Setting next_dagrun for tutorial_dag to None, run_after=None
[2025-09-03T19:43:07.906+0200] {processor.py:175} INFO - Processing /home/varun/miniconda3/envs/python38/lib/python3.8/site-packages/airflow/example_dags/tutorial_dag.py took 0.078 seconds
[2025-09-03T19:43:53.402+0200] {processor.py:153} INFO - Started process (PID=3165) to work on /home/varun/miniconda3/envs/python38/lib/python3.8/site-packages/airflow/example_dags/tutorial_dag.py
[2025-09-03T19:43:53.404+0200] {processor.py:743} INFO - Processing file /home/varun/miniconda3/envs/python38/lib/python3.8/site-packages/airflow/example_dags/tutorial_dag.py for tasks to queue
[2025-09-03T19:43:53.404+0200] {logging_mixin.py:137} INFO - [2025-09-03T19:43:53.404+0200] {dagbag.py:532} INFO - Filling up the DagBag from /home/varun/miniconda3/envs/python38/lib/python3.8/site-packages/airflow/example_dags/tutorial_dag.py
[2025-09-03T19:43:53.419+0200] {processor.py:753} INFO - DAG(s) dict_keys(['tutorial_dag']) retrieved from /home/varun/miniconda3/envs/python38/lib/python3.8/site-packages/airflow/example_dags/tutorial_dag.py
[2025-09-03T19:43:53.439+0200] {logging_mixin.py:137} INFO - [2025-09-03T19:43:53.439+0200] {dag.py:2705} INFO - Sync 1 DAGs
[2025-09-03T19:43:53.457+0200] {logging_mixin.py:137} INFO - [2025-09-03T19:43:53.456+0200] {dag.py:3452} INFO - Setting next_dagrun for tutorial_dag to None, run_after=None
[2025-09-03T19:43:53.479+0200] {processor.py:175} INFO - Processing /home/varun/miniconda3/envs/python38/lib/python3.8/site-packages/airflow/example_dags/tutorial_dag.py took 0.082 seconds
[2025-09-03T19:44:40.809+0200] {processor.py:153} INFO - Started process (PID=3207) to work on /home/varun/miniconda3/envs/python38/lib/python3.8/site-packages/airflow/example_dags/tutorial_dag.py
[2025-09-03T19:44:40.811+0200] {processor.py:743} INFO - Processing file /home/varun/miniconda3/envs/python38/lib/python3.8/site-packages/airflow/example_dags/tutorial_dag.py for tasks to queue
[2025-09-03T19:44:40.812+0200] {logging_mixin.py:137} INFO - [2025-09-03T19:44:40.812+0200] {dagbag.py:532} INFO - Filling up the DagBag from /home/varun/miniconda3/envs/python38/lib/python3.8/site-packages/airflow/example_dags/tutorial_dag.py
[2025-09-03T19:44:40.829+0200] {processor.py:753} INFO - DAG(s) dict_keys(['tutorial_dag']) retrieved from /home/varun/miniconda3/envs/python38/lib/python3.8/site-packages/airflow/example_dags/tutorial_dag.py
[2025-09-03T19:44:40.855+0200] {logging_mixin.py:137} INFO - [2025-09-03T19:44:40.854+0200] {dag.py:2705} INFO - Sync 1 DAGs
[2025-09-03T19:44:40.884+0200] {logging_mixin.py:137} INFO - [2025-09-03T19:44:40.884+0200] {dag.py:3452} INFO - Setting next_dagrun for tutorial_dag to None, run_after=None
[2025-09-03T19:44:40.912+0200] {processor.py:175} INFO - Processing /home/varun/miniconda3/envs/python38/lib/python3.8/site-packages/airflow/example_dags/tutorial_dag.py took 0.107 seconds
[2025-09-03T19:45:31.913+0200] {processor.py:153} INFO - Started process (PID=3278) to work on /home/varun/miniconda3/envs/python38/lib/python3.8/site-packages/airflow/example_dags/tutorial_dag.py
[2025-09-03T19:45:31.914+0200] {processor.py:743} INFO - Processing file /home/varun/miniconda3/envs/python38/lib/python3.8/site-packages/airflow/example_dags/tutorial_dag.py for tasks to queue
[2025-09-03T19:45:31.915+0200] {logging_mixin.py:137} INFO - [2025-09-03T19:45:31.915+0200] {dagbag.py:532} INFO - Filling up the DagBag from /home/varun/miniconda3/envs/python38/lib/python3.8/site-packages/airflow/example_dags/tutorial_dag.py
[2025-09-03T19:45:31.927+0200] {processor.py:753} INFO - DAG(s) dict_keys(['tutorial_dag']) retrieved from /home/varun/miniconda3/envs/python38/lib/python3.8/site-packages/airflow/example_dags/tutorial_dag.py
[2025-09-03T19:45:31.945+0200] {logging_mixin.py:137} INFO - [2025-09-03T19:45:31.945+0200] {dag.py:2705} INFO - Sync 1 DAGs
[2025-09-03T19:45:31.961+0200] {logging_mixin.py:137} INFO - [2025-09-03T19:45:31.961+0200] {dag.py:3452} INFO - Setting next_dagrun for tutorial_dag to None, run_after=None
[2025-09-03T19:45:31.985+0200] {processor.py:175} INFO - Processing /home/varun/miniconda3/envs/python38/lib/python3.8/site-packages/airflow/example_dags/tutorial_dag.py took 0.076 seconds
[2025-09-03T19:46:16.601+0200] {processor.py:153} INFO - Started process (PID=3320) to work on /home/varun/miniconda3/envs/python38/lib/python3.8/site-packages/airflow/example_dags/tutorial_dag.py
[2025-09-03T19:46:16.603+0200] {processor.py:743} INFO - Processing file /home/varun/miniconda3/envs/python38/lib/python3.8/site-packages/airflow/example_dags/tutorial_dag.py for tasks to queue
[2025-09-03T19:46:16.603+0200] {logging_mixin.py:137} INFO - [2025-09-03T19:46:16.603+0200] {dagbag.py:532} INFO - Filling up the DagBag from /home/varun/miniconda3/envs/python38/lib/python3.8/site-packages/airflow/example_dags/tutorial_dag.py
[2025-09-03T19:46:16.616+0200] {processor.py:753} INFO - DAG(s) dict_keys(['tutorial_dag']) retrieved from /home/varun/miniconda3/envs/python38/lib/python3.8/site-packages/airflow/example_dags/tutorial_dag.py
[2025-09-03T19:46:16.635+0200] {logging_mixin.py:137} INFO - [2025-09-03T19:46:16.634+0200] {dag.py:2705} INFO - Sync 1 DAGs
[2025-09-03T19:46:16.652+0200] {logging_mixin.py:137} INFO - [2025-09-03T19:46:16.652+0200] {dag.py:3452} INFO - Setting next_dagrun for tutorial_dag to None, run_after=None
[2025-09-03T19:46:16.675+0200] {processor.py:175} INFO - Processing /home/varun/miniconda3/envs/python38/lib/python3.8/site-packages/airflow/example_dags/tutorial_dag.py took 0.077 seconds
[2025-09-03T19:47:01.801+0200] {processor.py:153} INFO - Started process (PID=3370) to work on /home/varun/miniconda3/envs/python38/lib/python3.8/site-packages/airflow/example_dags/tutorial_dag.py
[2025-09-03T19:47:01.803+0200] {processor.py:743} INFO - Processing file /home/varun/miniconda3/envs/python38/lib/python3.8/site-packages/airflow/example_dags/tutorial_dag.py for tasks to queue
[2025-09-03T19:47:01.804+0200] {logging_mixin.py:137} INFO - [2025-09-03T19:47:01.804+0200] {dagbag.py:532} INFO - Filling up the DagBag from /home/varun/miniconda3/envs/python38/lib/python3.8/site-packages/airflow/example_dags/tutorial_dag.py
[2025-09-03T19:47:01.828+0200] {processor.py:753} INFO - DAG(s) dict_keys(['tutorial_dag']) retrieved from /home/varun/miniconda3/envs/python38/lib/python3.8/site-packages/airflow/example_dags/tutorial_dag.py
[2025-09-03T19:47:01.899+0200] {logging_mixin.py:137} INFO - [2025-09-03T19:47:01.899+0200] {dag.py:2705} INFO - Sync 1 DAGs
[2025-09-03T19:47:01.938+0200] {logging_mixin.py:137} INFO - [2025-09-03T19:47:01.938+0200] {dag.py:3452} INFO - Setting next_dagrun for tutorial_dag to None, run_after=None
[2025-09-03T19:47:01.978+0200] {processor.py:175} INFO - Processing /home/varun/miniconda3/envs/python38/lib/python3.8/site-packages/airflow/example_dags/tutorial_dag.py took 0.182 seconds
[2025-09-03T19:47:47.001+0200] {processor.py:153} INFO - Started process (PID=3418) to work on /home/varun/miniconda3/envs/python38/lib/python3.8/site-packages/airflow/example_dags/tutorial_dag.py
[2025-09-03T19:47:47.002+0200] {processor.py:743} INFO - Processing file /home/varun/miniconda3/envs/python38/lib/python3.8/site-packages/airflow/example_dags/tutorial_dag.py for tasks to queue
[2025-09-03T19:47:47.003+0200] {logging_mixin.py:137} INFO - [2025-09-03T19:47:47.003+0200] {dagbag.py:532} INFO - Filling up the DagBag from /home/varun/miniconda3/envs/python38/lib/python3.8/site-packages/airflow/example_dags/tutorial_dag.py
[2025-09-03T19:47:47.018+0200] {processor.py:753} INFO - DAG(s) dict_keys(['tutorial_dag']) retrieved from /home/varun/miniconda3/envs/python38/lib/python3.8/site-packages/airflow/example_dags/tutorial_dag.py
[2025-09-03T19:47:47.039+0200] {logging_mixin.py:137} INFO - [2025-09-03T19:47:47.039+0200] {dag.py:2705} INFO - Sync 1 DAGs
[2025-09-03T19:47:47.057+0200] {logging_mixin.py:137} INFO - [2025-09-03T19:47:47.056+0200] {dag.py:3452} INFO - Setting next_dagrun for tutorial_dag to None, run_after=None
[2025-09-03T19:47:47.079+0200] {processor.py:175} INFO - Processing /home/varun/miniconda3/envs/python38/lib/python3.8/site-packages/airflow/example_dags/tutorial_dag.py took 0.082 seconds
[2025-09-03T19:48:37.155+0200] {processor.py:153} INFO - Started process (PID=3460) to work on /home/varun/miniconda3/envs/python38/lib/python3.8/site-packages/airflow/example_dags/tutorial_dag.py
[2025-09-03T19:48:37.157+0200] {processor.py:743} INFO - Processing file /home/varun/miniconda3/envs/python38/lib/python3.8/site-packages/airflow/example_dags/tutorial_dag.py for tasks to queue
[2025-09-03T19:48:37.158+0200] {logging_mixin.py:137} INFO - [2025-09-03T19:48:37.158+0200] {dagbag.py:532} INFO - Filling up the DagBag from /home/varun/miniconda3/envs/python38/lib/python3.8/site-packages/airflow/example_dags/tutorial_dag.py
[2025-09-03T19:48:37.174+0200] {processor.py:753} INFO - DAG(s) dict_keys(['tutorial_dag']) retrieved from /home/varun/miniconda3/envs/python38/lib/python3.8/site-packages/airflow/example_dags/tutorial_dag.py
[2025-09-03T19:48:37.199+0200] {logging_mixin.py:137} INFO - [2025-09-03T19:48:37.199+0200] {dag.py:2705} INFO - Sync 1 DAGs
[2025-09-03T19:48:37.229+0200] {logging_mixin.py:137} INFO - [2025-09-03T19:48:37.229+0200] {dag.py:3452} INFO - Setting next_dagrun for tutorial_dag to None, run_after=None
[2025-09-03T19:48:37.269+0200] {processor.py:175} INFO - Processing /home/varun/miniconda3/envs/python38/lib/python3.8/site-packages/airflow/example_dags/tutorial_dag.py took 0.118 seconds
[2025-09-03T19:49:26.232+0200] {processor.py:153} INFO - Started process (PID=3502) to work on /home/varun/miniconda3/envs/python38/lib/python3.8/site-packages/airflow/example_dags/tutorial_dag.py
[2025-09-03T19:49:26.237+0200] {processor.py:743} INFO - Processing file /home/varun/miniconda3/envs/python38/lib/python3.8/site-packages/airflow/example_dags/tutorial_dag.py for tasks to queue
[2025-09-03T19:49:26.238+0200] {logging_mixin.py:137} INFO - [2025-09-03T19:49:26.238+0200] {dagbag.py:532} INFO - Filling up the DagBag from /home/varun/miniconda3/envs/python38/lib/python3.8/site-packages/airflow/example_dags/tutorial_dag.py
[2025-09-03T19:49:26.257+0200] {processor.py:753} INFO - DAG(s) dict_keys(['tutorial_dag']) retrieved from /home/varun/miniconda3/envs/python38/lib/python3.8/site-packages/airflow/example_dags/tutorial_dag.py
[2025-09-03T19:49:26.281+0200] {logging_mixin.py:137} INFO - [2025-09-03T19:49:26.281+0200] {dag.py:2705} INFO - Sync 1 DAGs
[2025-09-03T19:49:26.303+0200] {logging_mixin.py:137} INFO - [2025-09-03T19:49:26.303+0200] {dag.py:3452} INFO - Setting next_dagrun for tutorial_dag to None, run_after=None
[2025-09-03T19:49:26.364+0200] {processor.py:175} INFO - Processing /home/varun/miniconda3/envs/python38/lib/python3.8/site-packages/airflow/example_dags/tutorial_dag.py took 0.137 seconds
[2025-09-03T19:50:16.279+0200] {processor.py:153} INFO - Started process (PID=3553) to work on /home/varun/miniconda3/envs/python38/lib/python3.8/site-packages/airflow/example_dags/tutorial_dag.py
[2025-09-03T19:50:16.280+0200] {processor.py:743} INFO - Processing file /home/varun/miniconda3/envs/python38/lib/python3.8/site-packages/airflow/example_dags/tutorial_dag.py for tasks to queue
[2025-09-03T19:50:16.281+0200] {logging_mixin.py:137} INFO - [2025-09-03T19:50:16.281+0200] {dagbag.py:532} INFO - Filling up the DagBag from /home/varun/miniconda3/envs/python38/lib/python3.8/site-packages/airflow/example_dags/tutorial_dag.py
[2025-09-03T19:50:16.307+0200] {processor.py:753} INFO - DAG(s) dict_keys(['tutorial_dag']) retrieved from /home/varun/miniconda3/envs/python38/lib/python3.8/site-packages/airflow/example_dags/tutorial_dag.py
[2025-09-03T19:50:16.340+0200] {logging_mixin.py:137} INFO - [2025-09-03T19:50:16.340+0200] {dag.py:2705} INFO - Sync 1 DAGs
[2025-09-03T19:50:16.374+0200] {logging_mixin.py:137} INFO - [2025-09-03T19:50:16.374+0200] {dag.py:3452} INFO - Setting next_dagrun for tutorial_dag to None, run_after=None
[2025-09-03T19:50:16.411+0200] {processor.py:175} INFO - Processing /home/varun/miniconda3/envs/python38/lib/python3.8/site-packages/airflow/example_dags/tutorial_dag.py took 0.137 seconds
[2025-09-03T19:51:01.735+0200] {processor.py:153} INFO - Started process (PID=3603) to work on /home/varun/miniconda3/envs/python38/lib/python3.8/site-packages/airflow/example_dags/tutorial_dag.py
[2025-09-03T19:51:01.737+0200] {processor.py:743} INFO - Processing file /home/varun/miniconda3/envs/python38/lib/python3.8/site-packages/airflow/example_dags/tutorial_dag.py for tasks to queue
[2025-09-03T19:51:01.738+0200] {logging_mixin.py:137} INFO - [2025-09-03T19:51:01.738+0200] {dagbag.py:532} INFO - Filling up the DagBag from /home/varun/miniconda3/envs/python38/lib/python3.8/site-packages/airflow/example_dags/tutorial_dag.py
[2025-09-03T19:51:01.757+0200] {processor.py:753} INFO - DAG(s) dict_keys(['tutorial_dag']) retrieved from /home/varun/miniconda3/envs/python38/lib/python3.8/site-packages/airflow/example_dags/tutorial_dag.py
[2025-09-03T19:51:01.791+0200] {logging_mixin.py:137} INFO - [2025-09-03T19:51:01.791+0200] {dag.py:2705} INFO - Sync 1 DAGs
[2025-09-03T19:51:01.820+0200] {logging_mixin.py:137} INFO - [2025-09-03T19:51:01.820+0200] {dag.py:3452} INFO - Setting next_dagrun for tutorial_dag to None, run_after=None
[2025-09-03T19:51:01.848+0200] {processor.py:175} INFO - Processing /home/varun/miniconda3/envs/python38/lib/python3.8/site-packages/airflow/example_dags/tutorial_dag.py took 0.116 seconds
[2025-09-03T19:51:48.606+0200] {processor.py:153} INFO - Started process (PID=3654) to work on /home/varun/miniconda3/envs/python38/lib/python3.8/site-packages/airflow/example_dags/tutorial_dag.py
[2025-09-03T19:51:48.608+0200] {processor.py:743} INFO - Processing file /home/varun/miniconda3/envs/python38/lib/python3.8/site-packages/airflow/example_dags/tutorial_dag.py for tasks to queue
[2025-09-03T19:51:48.608+0200] {logging_mixin.py:137} INFO - [2025-09-03T19:51:48.608+0200] {dagbag.py:532} INFO - Filling up the DagBag from /home/varun/miniconda3/envs/python38/lib/python3.8/site-packages/airflow/example_dags/tutorial_dag.py
[2025-09-03T19:51:48.623+0200] {processor.py:753} INFO - DAG(s) dict_keys(['tutorial_dag']) retrieved from /home/varun/miniconda3/envs/python38/lib/python3.8/site-packages/airflow/example_dags/tutorial_dag.py
[2025-09-03T19:51:48.649+0200] {logging_mixin.py:137} INFO - [2025-09-03T19:51:48.649+0200] {dag.py:2705} INFO - Sync 1 DAGs
[2025-09-03T19:51:48.669+0200] {logging_mixin.py:137} INFO - [2025-09-03T19:51:48.669+0200] {dag.py:3452} INFO - Setting next_dagrun for tutorial_dag to None, run_after=None
[2025-09-03T19:51:48.696+0200] {processor.py:175} INFO - Processing /home/varun/miniconda3/envs/python38/lib/python3.8/site-packages/airflow/example_dags/tutorial_dag.py took 0.093 seconds
[2025-09-03T19:52:42.199+0200] {processor.py:153} INFO - Started process (PID=3700) to work on /home/varun/miniconda3/envs/python38/lib/python3.8/site-packages/airflow/example_dags/tutorial_dag.py
[2025-09-03T19:52:42.201+0200] {processor.py:743} INFO - Processing file /home/varun/miniconda3/envs/python38/lib/python3.8/site-packages/airflow/example_dags/tutorial_dag.py for tasks to queue
[2025-09-03T19:52:42.201+0200] {logging_mixin.py:137} INFO - [2025-09-03T19:52:42.201+0200] {dagbag.py:532} INFO - Filling up the DagBag from /home/varun/miniconda3/envs/python38/lib/python3.8/site-packages/airflow/example_dags/tutorial_dag.py
[2025-09-03T19:52:42.217+0200] {processor.py:753} INFO - DAG(s) dict_keys(['tutorial_dag']) retrieved from /home/varun/miniconda3/envs/python38/lib/python3.8/site-packages/airflow/example_dags/tutorial_dag.py
[2025-09-03T19:52:42.242+0200] {logging_mixin.py:137} INFO - [2025-09-03T19:52:42.242+0200] {dag.py:2705} INFO - Sync 1 DAGs
[2025-09-03T19:52:42.263+0200] {logging_mixin.py:137} INFO - [2025-09-03T19:52:42.263+0200] {dag.py:3452} INFO - Setting next_dagrun for tutorial_dag to None, run_after=None
[2025-09-03T19:52:42.432+0200] {processor.py:175} INFO - Processing /home/varun/miniconda3/envs/python38/lib/python3.8/site-packages/airflow/example_dags/tutorial_dag.py took 0.236 seconds
[2025-09-03T19:53:31.093+0200] {processor.py:153} INFO - Started process (PID=3742) to work on /home/varun/miniconda3/envs/python38/lib/python3.8/site-packages/airflow/example_dags/tutorial_dag.py
[2025-09-03T19:53:31.096+0200] {processor.py:743} INFO - Processing file /home/varun/miniconda3/envs/python38/lib/python3.8/site-packages/airflow/example_dags/tutorial_dag.py for tasks to queue
[2025-09-03T19:53:31.097+0200] {logging_mixin.py:137} INFO - [2025-09-03T19:53:31.097+0200] {dagbag.py:532} INFO - Filling up the DagBag from /home/varun/miniconda3/envs/python38/lib/python3.8/site-packages/airflow/example_dags/tutorial_dag.py
[2025-09-03T19:53:31.111+0200] {processor.py:753} INFO - DAG(s) dict_keys(['tutorial_dag']) retrieved from /home/varun/miniconda3/envs/python38/lib/python3.8/site-packages/airflow/example_dags/tutorial_dag.py
[2025-09-03T19:53:31.136+0200] {logging_mixin.py:137} INFO - [2025-09-03T19:53:31.136+0200] {dag.py:2705} INFO - Sync 1 DAGs
[2025-09-03T19:53:31.377+0200] {logging_mixin.py:137} INFO - [2025-09-03T19:53:31.377+0200] {dag.py:3452} INFO - Setting next_dagrun for tutorial_dag to None, run_after=None
[2025-09-03T19:53:31.416+0200] {processor.py:175} INFO - Processing /home/varun/miniconda3/envs/python38/lib/python3.8/site-packages/airflow/example_dags/tutorial_dag.py took 0.327 seconds
[2025-09-03T19:54:33.577+0200] {processor.py:153} INFO - Started process (PID=3795) to work on /home/varun/miniconda3/envs/python38/lib/python3.8/site-packages/airflow/example_dags/tutorial_dag.py
[2025-09-03T19:54:33.579+0200] {processor.py:743} INFO - Processing file /home/varun/miniconda3/envs/python38/lib/python3.8/site-packages/airflow/example_dags/tutorial_dag.py for tasks to queue
[2025-09-03T19:54:33.580+0200] {logging_mixin.py:137} INFO - [2025-09-03T19:54:33.580+0200] {dagbag.py:532} INFO - Filling up the DagBag from /home/varun/miniconda3/envs/python38/lib/python3.8/site-packages/airflow/example_dags/tutorial_dag.py
[2025-09-03T19:54:33.603+0200] {processor.py:753} INFO - DAG(s) dict_keys(['tutorial_dag']) retrieved from /home/varun/miniconda3/envs/python38/lib/python3.8/site-packages/airflow/example_dags/tutorial_dag.py
[2025-09-03T19:54:33.639+0200] {logging_mixin.py:137} INFO - [2025-09-03T19:54:33.638+0200] {dag.py:2705} INFO - Sync 1 DAGs
[2025-09-03T19:54:33.769+0200] {logging_mixin.py:137} INFO - [2025-09-03T19:54:33.769+0200] {dag.py:3452} INFO - Setting next_dagrun for tutorial_dag to None, run_after=None
[2025-09-03T19:54:33.790+0200] {processor.py:175} INFO - Processing /home/varun/miniconda3/envs/python38/lib/python3.8/site-packages/airflow/example_dags/tutorial_dag.py took 0.219 seconds
[2025-09-03T19:55:29.165+0200] {processor.py:153} INFO - Started process (PID=3851) to work on /home/varun/miniconda3/envs/python38/lib/python3.8/site-packages/airflow/example_dags/tutorial_dag.py
[2025-09-03T19:55:29.166+0200] {processor.py:743} INFO - Processing file /home/varun/miniconda3/envs/python38/lib/python3.8/site-packages/airflow/example_dags/tutorial_dag.py for tasks to queue
[2025-09-03T19:55:29.167+0200] {logging_mixin.py:137} INFO - [2025-09-03T19:55:29.167+0200] {dagbag.py:532} INFO - Filling up the DagBag from /home/varun/miniconda3/envs/python38/lib/python3.8/site-packages/airflow/example_dags/tutorial_dag.py
[2025-09-03T19:55:29.180+0200] {processor.py:753} INFO - DAG(s) dict_keys(['tutorial_dag']) retrieved from /home/varun/miniconda3/envs/python38/lib/python3.8/site-packages/airflow/example_dags/tutorial_dag.py
[2025-09-03T19:55:29.307+0200] {logging_mixin.py:137} INFO - [2025-09-03T19:55:29.307+0200] {dag.py:2705} INFO - Sync 1 DAGs
[2025-09-03T19:55:29.324+0200] {logging_mixin.py:137} INFO - [2025-09-03T19:55:29.324+0200] {dag.py:3452} INFO - Setting next_dagrun for tutorial_dag to None, run_after=None
[2025-09-03T19:55:29.345+0200] {processor.py:175} INFO - Processing /home/varun/miniconda3/envs/python38/lib/python3.8/site-packages/airflow/example_dags/tutorial_dag.py took 0.185 seconds
[2025-09-03T19:56:30.604+0200] {processor.py:153} INFO - Started process (PID=3901) to work on /home/varun/miniconda3/envs/python38/lib/python3.8/site-packages/airflow/example_dags/tutorial_dag.py
[2025-09-03T19:56:30.606+0200] {processor.py:743} INFO - Processing file /home/varun/miniconda3/envs/python38/lib/python3.8/site-packages/airflow/example_dags/tutorial_dag.py for tasks to queue
[2025-09-03T19:56:30.607+0200] {logging_mixin.py:137} INFO - [2025-09-03T19:56:30.606+0200] {dagbag.py:532} INFO - Filling up the DagBag from /home/varun/miniconda3/envs/python38/lib/python3.8/site-packages/airflow/example_dags/tutorial_dag.py
[2025-09-03T19:56:30.732+0200] {processor.py:753} INFO - DAG(s) dict_keys(['tutorial_dag']) retrieved from /home/varun/miniconda3/envs/python38/lib/python3.8/site-packages/airflow/example_dags/tutorial_dag.py
[2025-09-03T19:56:30.747+0200] {logging_mixin.py:137} INFO - [2025-09-03T19:56:30.746+0200] {dag.py:2705} INFO - Sync 1 DAGs
[2025-09-03T19:56:30.761+0200] {logging_mixin.py:137} INFO - [2025-09-03T19:56:30.761+0200] {dag.py:3452} INFO - Setting next_dagrun for tutorial_dag to None, run_after=None
[2025-09-03T19:56:30.782+0200] {processor.py:175} INFO - Processing /home/varun/miniconda3/envs/python38/lib/python3.8/site-packages/airflow/example_dags/tutorial_dag.py took 0.182 seconds
[2025-09-03T19:57:26.030+0200] {processor.py:153} INFO - Started process (PID=3948) to work on /home/varun/miniconda3/envs/python38/lib/python3.8/site-packages/airflow/example_dags/tutorial_dag.py
[2025-09-03T19:57:26.032+0200] {processor.py:743} INFO - Processing file /home/varun/miniconda3/envs/python38/lib/python3.8/site-packages/airflow/example_dags/tutorial_dag.py for tasks to queue
[2025-09-03T19:57:26.032+0200] {logging_mixin.py:137} INFO - [2025-09-03T19:57:26.032+0200] {dagbag.py:532} INFO - Filling up the DagBag from /home/varun/miniconda3/envs/python38/lib/python3.8/site-packages/airflow/example_dags/tutorial_dag.py
[2025-09-03T19:57:26.051+0200] {processor.py:753} INFO - DAG(s) dict_keys(['tutorial_dag']) retrieved from /home/varun/miniconda3/envs/python38/lib/python3.8/site-packages/airflow/example_dags/tutorial_dag.py
[2025-09-03T19:57:26.071+0200] {logging_mixin.py:137} INFO - [2025-09-03T19:57:26.071+0200] {dag.py:2705} INFO - Sync 1 DAGs
[2025-09-03T19:57:26.091+0200] {logging_mixin.py:137} INFO - [2025-09-03T19:57:26.091+0200] {dag.py:3452} INFO - Setting next_dagrun for tutorial_dag to None, run_after=None
[2025-09-03T19:57:26.117+0200] {processor.py:175} INFO - Processing /home/varun/miniconda3/envs/python38/lib/python3.8/site-packages/airflow/example_dags/tutorial_dag.py took 0.090 seconds
[2025-09-03T19:58:14.372+0200] {processor.py:153} INFO - Started process (PID=3990) to work on /home/varun/miniconda3/envs/python38/lib/python3.8/site-packages/airflow/example_dags/tutorial_dag.py
[2025-09-03T19:58:14.374+0200] {processor.py:743} INFO - Processing file /home/varun/miniconda3/envs/python38/lib/python3.8/site-packages/airflow/example_dags/tutorial_dag.py for tasks to queue
[2025-09-03T19:58:14.375+0200] {logging_mixin.py:137} INFO - [2025-09-03T19:58:14.374+0200] {dagbag.py:532} INFO - Filling up the DagBag from /home/varun/miniconda3/envs/python38/lib/python3.8/site-packages/airflow/example_dags/tutorial_dag.py
[2025-09-03T19:58:14.391+0200] {processor.py:753} INFO - DAG(s) dict_keys(['tutorial_dag']) retrieved from /home/varun/miniconda3/envs/python38/lib/python3.8/site-packages/airflow/example_dags/tutorial_dag.py
[2025-09-03T19:58:14.412+0200] {logging_mixin.py:137} INFO - [2025-09-03T19:58:14.412+0200] {dag.py:2705} INFO - Sync 1 DAGs
[2025-09-03T19:58:14.432+0200] {logging_mixin.py:137} INFO - [2025-09-03T19:58:14.432+0200] {dag.py:3452} INFO - Setting next_dagrun for tutorial_dag to None, run_after=None
[2025-09-03T19:58:14.461+0200] {processor.py:175} INFO - Processing /home/varun/miniconda3/envs/python38/lib/python3.8/site-packages/airflow/example_dags/tutorial_dag.py took 0.093 seconds
[2025-09-03T20:00:32.725+0200] {processor.py:153} INFO - Started process (PID=4008) to work on /home/varun/miniconda3/envs/python38/lib/python3.8/site-packages/airflow/example_dags/tutorial_dag.py
[2025-09-03T20:00:32.727+0200] {processor.py:743} INFO - Processing file /home/varun/miniconda3/envs/python38/lib/python3.8/site-packages/airflow/example_dags/tutorial_dag.py for tasks to queue
[2025-09-03T20:00:32.727+0200] {logging_mixin.py:137} INFO - [2025-09-03T20:00:32.727+0200] {dagbag.py:532} INFO - Filling up the DagBag from /home/varun/miniconda3/envs/python38/lib/python3.8/site-packages/airflow/example_dags/tutorial_dag.py
[2025-09-03T20:00:32.740+0200] {processor.py:753} INFO - DAG(s) dict_keys(['tutorial_dag']) retrieved from /home/varun/miniconda3/envs/python38/lib/python3.8/site-packages/airflow/example_dags/tutorial_dag.py
[2025-09-03T20:00:32.761+0200] {logging_mixin.py:137} INFO - [2025-09-03T20:00:32.761+0200] {dag.py:2705} INFO - Sync 1 DAGs
[2025-09-03T20:00:32.779+0200] {logging_mixin.py:137} INFO - [2025-09-03T20:00:32.779+0200] {dag.py:3452} INFO - Setting next_dagrun for tutorial_dag to None, run_after=None
[2025-09-03T20:00:32.803+0200] {processor.py:175} INFO - Processing /home/varun/miniconda3/envs/python38/lib/python3.8/site-packages/airflow/example_dags/tutorial_dag.py took 0.082 seconds
[2025-09-03T20:01:18.064+0200] {processor.py:153} INFO - Started process (PID=4065) to work on /home/varun/miniconda3/envs/python38/lib/python3.8/site-packages/airflow/example_dags/tutorial_dag.py
[2025-09-03T20:01:18.066+0200] {processor.py:743} INFO - Processing file /home/varun/miniconda3/envs/python38/lib/python3.8/site-packages/airflow/example_dags/tutorial_dag.py for tasks to queue
[2025-09-03T20:01:18.068+0200] {logging_mixin.py:137} INFO - [2025-09-03T20:01:18.067+0200] {dagbag.py:532} INFO - Filling up the DagBag from /home/varun/miniconda3/envs/python38/lib/python3.8/site-packages/airflow/example_dags/tutorial_dag.py
[2025-09-03T20:01:18.087+0200] {processor.py:753} INFO - DAG(s) dict_keys(['tutorial_dag']) retrieved from /home/varun/miniconda3/envs/python38/lib/python3.8/site-packages/airflow/example_dags/tutorial_dag.py
[2025-09-03T20:01:18.111+0200] {logging_mixin.py:137} INFO - [2025-09-03T20:01:18.111+0200] {dag.py:2705} INFO - Sync 1 DAGs
[2025-09-03T20:01:18.132+0200] {logging_mixin.py:137} INFO - [2025-09-03T20:01:18.132+0200] {dag.py:3452} INFO - Setting next_dagrun for tutorial_dag to None, run_after=None
[2025-09-03T20:01:18.162+0200] {processor.py:175} INFO - Processing /home/varun/miniconda3/envs/python38/lib/python3.8/site-packages/airflow/example_dags/tutorial_dag.py took 0.102 seconds
[2025-09-03T20:02:04.331+0200] {processor.py:153} INFO - Started process (PID=4108) to work on /home/varun/miniconda3/envs/python38/lib/python3.8/site-packages/airflow/example_dags/tutorial_dag.py
[2025-09-03T20:02:04.334+0200] {processor.py:743} INFO - Processing file /home/varun/miniconda3/envs/python38/lib/python3.8/site-packages/airflow/example_dags/tutorial_dag.py for tasks to queue
[2025-09-03T20:02:04.335+0200] {logging_mixin.py:137} INFO - [2025-09-03T20:02:04.334+0200] {dagbag.py:532} INFO - Filling up the DagBag from /home/varun/miniconda3/envs/python38/lib/python3.8/site-packages/airflow/example_dags/tutorial_dag.py
[2025-09-03T20:02:04.346+0200] {processor.py:753} INFO - DAG(s) dict_keys(['tutorial_dag']) retrieved from /home/varun/miniconda3/envs/python38/lib/python3.8/site-packages/airflow/example_dags/tutorial_dag.py
[2025-09-03T20:02:04.365+0200] {logging_mixin.py:137} INFO - [2025-09-03T20:02:04.365+0200] {dag.py:2705} INFO - Sync 1 DAGs
[2025-09-03T20:02:04.381+0200] {logging_mixin.py:137} INFO - [2025-09-03T20:02:04.381+0200] {dag.py:3452} INFO - Setting next_dagrun for tutorial_dag to None, run_after=None
[2025-09-03T20:02:04.403+0200] {processor.py:175} INFO - Processing /home/varun/miniconda3/envs/python38/lib/python3.8/site-packages/airflow/example_dags/tutorial_dag.py took 0.075 seconds
[2025-09-03T20:02:54.081+0200] {processor.py:153} INFO - Started process (PID=4150) to work on /home/varun/miniconda3/envs/python38/lib/python3.8/site-packages/airflow/example_dags/tutorial_dag.py
[2025-09-03T20:02:54.082+0200] {processor.py:743} INFO - Processing file /home/varun/miniconda3/envs/python38/lib/python3.8/site-packages/airflow/example_dags/tutorial_dag.py for tasks to queue
[2025-09-03T20:02:54.083+0200] {logging_mixin.py:137} INFO - [2025-09-03T20:02:54.083+0200] {dagbag.py:532} INFO - Filling up the DagBag from /home/varun/miniconda3/envs/python38/lib/python3.8/site-packages/airflow/example_dags/tutorial_dag.py
[2025-09-03T20:02:54.095+0200] {processor.py:753} INFO - DAG(s) dict_keys(['tutorial_dag']) retrieved from /home/varun/miniconda3/envs/python38/lib/python3.8/site-packages/airflow/example_dags/tutorial_dag.py
[2025-09-03T20:02:54.113+0200] {logging_mixin.py:137} INFO - [2025-09-03T20:02:54.113+0200] {dag.py:2705} INFO - Sync 1 DAGs
[2025-09-03T20:02:54.129+0200] {logging_mixin.py:137} INFO - [2025-09-03T20:02:54.129+0200] {dag.py:3452} INFO - Setting next_dagrun for tutorial_dag to None, run_after=None
[2025-09-03T20:02:54.153+0200] {processor.py:175} INFO - Processing /home/varun/miniconda3/envs/python38/lib/python3.8/site-packages/airflow/example_dags/tutorial_dag.py took 0.075 seconds
[2025-09-03T20:03:41.478+0200] {processor.py:153} INFO - Started process (PID=4192) to work on /home/varun/miniconda3/envs/python38/lib/python3.8/site-packages/airflow/example_dags/tutorial_dag.py
[2025-09-03T20:03:41.480+0200] {processor.py:743} INFO - Processing file /home/varun/miniconda3/envs/python38/lib/python3.8/site-packages/airflow/example_dags/tutorial_dag.py for tasks to queue
[2025-09-03T20:03:41.481+0200] {logging_mixin.py:137} INFO - [2025-09-03T20:03:41.481+0200] {dagbag.py:532} INFO - Filling up the DagBag from /home/varun/miniconda3/envs/python38/lib/python3.8/site-packages/airflow/example_dags/tutorial_dag.py
[2025-09-03T20:03:41.497+0200] {processor.py:753} INFO - DAG(s) dict_keys(['tutorial_dag']) retrieved from /home/varun/miniconda3/envs/python38/lib/python3.8/site-packages/airflow/example_dags/tutorial_dag.py
[2025-09-03T20:03:41.520+0200] {logging_mixin.py:137} INFO - [2025-09-03T20:03:41.519+0200] {dag.py:2705} INFO - Sync 1 DAGs
[2025-09-03T20:03:41.544+0200] {logging_mixin.py:137} INFO - [2025-09-03T20:03:41.544+0200] {dag.py:3452} INFO - Setting next_dagrun for tutorial_dag to None, run_after=None
[2025-09-03T20:03:41.576+0200] {processor.py:175} INFO - Processing /home/varun/miniconda3/envs/python38/lib/python3.8/site-packages/airflow/example_dags/tutorial_dag.py took 0.102 seconds
[2025-09-03T20:04:28.044+0200] {processor.py:153} INFO - Started process (PID=4234) to work on /home/varun/miniconda3/envs/python38/lib/python3.8/site-packages/airflow/example_dags/tutorial_dag.py
[2025-09-03T20:04:28.046+0200] {processor.py:743} INFO - Processing file /home/varun/miniconda3/envs/python38/lib/python3.8/site-packages/airflow/example_dags/tutorial_dag.py for tasks to queue
[2025-09-03T20:04:28.047+0200] {logging_mixin.py:137} INFO - [2025-09-03T20:04:28.047+0200] {dagbag.py:532} INFO - Filling up the DagBag from /home/varun/miniconda3/envs/python38/lib/python3.8/site-packages/airflow/example_dags/tutorial_dag.py
[2025-09-03T20:04:28.060+0200] {processor.py:753} INFO - DAG(s) dict_keys(['tutorial_dag']) retrieved from /home/varun/miniconda3/envs/python38/lib/python3.8/site-packages/airflow/example_dags/tutorial_dag.py
[2025-09-03T20:04:28.080+0200] {logging_mixin.py:137} INFO - [2025-09-03T20:04:28.080+0200] {dag.py:2705} INFO - Sync 1 DAGs
[2025-09-03T20:04:28.096+0200] {logging_mixin.py:137} INFO - [2025-09-03T20:04:28.096+0200] {dag.py:3452} INFO - Setting next_dagrun for tutorial_dag to None, run_after=None
[2025-09-03T20:04:28.124+0200] {processor.py:175} INFO - Processing /home/varun/miniconda3/envs/python38/lib/python3.8/site-packages/airflow/example_dags/tutorial_dag.py took 0.085 seconds
[2025-09-03T20:05:29.403+0200] {processor.py:153} INFO - Started process (PID=4295) to work on /home/varun/miniconda3/envs/python38/lib/python3.8/site-packages/airflow/example_dags/tutorial_dag.py
[2025-09-03T20:05:29.404+0200] {processor.py:743} INFO - Processing file /home/varun/miniconda3/envs/python38/lib/python3.8/site-packages/airflow/example_dags/tutorial_dag.py for tasks to queue
[2025-09-03T20:05:29.405+0200] {logging_mixin.py:137} INFO - [2025-09-03T20:05:29.404+0200] {dagbag.py:532} INFO - Filling up the DagBag from /home/varun/miniconda3/envs/python38/lib/python3.8/site-packages/airflow/example_dags/tutorial_dag.py
[2025-09-03T20:05:29.421+0200] {processor.py:753} INFO - DAG(s) dict_keys(['tutorial_dag']) retrieved from /home/varun/miniconda3/envs/python38/lib/python3.8/site-packages/airflow/example_dags/tutorial_dag.py
[2025-09-03T20:05:29.535+0200] {logging_mixin.py:137} INFO - [2025-09-03T20:05:29.535+0200] {manager.py:504} INFO - Created Permission View: can delete on DAG:tutorial_dag
[2025-09-03T20:05:29.548+0200] {logging_mixin.py:137} INFO - [2025-09-03T20:05:29.548+0200] {manager.py:504} INFO - Created Permission View: can read on DAG:tutorial_dag
[2025-09-03T20:05:29.560+0200] {logging_mixin.py:137} INFO - [2025-09-03T20:05:29.560+0200] {manager.py:504} INFO - Created Permission View: can edit on DAG:tutorial_dag
[2025-09-03T20:05:29.560+0200] {logging_mixin.py:137} INFO - [2025-09-03T20:05:29.560+0200] {dag.py:2705} INFO - Sync 1 DAGs
[2025-09-03T20:05:29.571+0200] {logging_mixin.py:137} INFO - [2025-09-03T20:05:29.571+0200] {dag.py:2726} INFO - Creating ORM DAG for tutorial_dag
[2025-09-03T20:05:29.580+0200] {logging_mixin.py:137} INFO - [2025-09-03T20:05:29.580+0200] {dag.py:3452} INFO - Setting next_dagrun for tutorial_dag to None, run_after=None
[2025-09-03T20:05:29.606+0200] {processor.py:175} INFO - Processing /home/varun/miniconda3/envs/python38/lib/python3.8/site-packages/airflow/example_dags/tutorial_dag.py took 0.207 seconds
[2025-09-03T20:06:17.219+0200] {processor.py:153} INFO - Started process (PID=4337) to work on /home/varun/miniconda3/envs/python38/lib/python3.8/site-packages/airflow/example_dags/tutorial_dag.py
[2025-09-03T20:06:17.225+0200] {processor.py:743} INFO - Processing file /home/varun/miniconda3/envs/python38/lib/python3.8/site-packages/airflow/example_dags/tutorial_dag.py for tasks to queue
[2025-09-03T20:06:17.226+0200] {logging_mixin.py:137} INFO - [2025-09-03T20:06:17.226+0200] {dagbag.py:532} INFO - Filling up the DagBag from /home/varun/miniconda3/envs/python38/lib/python3.8/site-packages/airflow/example_dags/tutorial_dag.py
[2025-09-03T20:06:17.242+0200] {processor.py:753} INFO - DAG(s) dict_keys(['tutorial_dag']) retrieved from /home/varun/miniconda3/envs/python38/lib/python3.8/site-packages/airflow/example_dags/tutorial_dag.py
[2025-09-03T20:06:17.266+0200] {logging_mixin.py:137} INFO - [2025-09-03T20:06:17.265+0200] {dag.py:2705} INFO - Sync 1 DAGs
[2025-09-03T20:06:17.287+0200] {logging_mixin.py:137} INFO - [2025-09-03T20:06:17.287+0200] {dag.py:3452} INFO - Setting next_dagrun for tutorial_dag to None, run_after=None
[2025-09-03T20:06:17.311+0200] {processor.py:175} INFO - Processing /home/varun/miniconda3/envs/python38/lib/python3.8/site-packages/airflow/example_dags/tutorial_dag.py took 0.096 seconds
[2025-09-03T20:07:06.685+0200] {processor.py:153} INFO - Started process (PID=4393) to work on /home/varun/miniconda3/envs/python38/lib/python3.8/site-packages/airflow/example_dags/tutorial_dag.py
[2025-09-03T20:07:06.686+0200] {processor.py:743} INFO - Processing file /home/varun/miniconda3/envs/python38/lib/python3.8/site-packages/airflow/example_dags/tutorial_dag.py for tasks to queue
[2025-09-03T20:07:06.687+0200] {logging_mixin.py:137} INFO - [2025-09-03T20:07:06.687+0200] {dagbag.py:532} INFO - Filling up the DagBag from /home/varun/miniconda3/envs/python38/lib/python3.8/site-packages/airflow/example_dags/tutorial_dag.py
[2025-09-03T20:07:06.701+0200] {processor.py:753} INFO - DAG(s) dict_keys(['tutorial_dag']) retrieved from /home/varun/miniconda3/envs/python38/lib/python3.8/site-packages/airflow/example_dags/tutorial_dag.py
[2025-09-03T20:07:06.723+0200] {logging_mixin.py:137} INFO - [2025-09-03T20:07:06.722+0200] {dag.py:2705} INFO - Sync 1 DAGs
[2025-09-03T20:07:06.743+0200] {logging_mixin.py:137} INFO - [2025-09-03T20:07:06.743+0200] {dag.py:3452} INFO - Setting next_dagrun for tutorial_dag to None, run_after=None
[2025-09-03T20:07:06.766+0200] {processor.py:175} INFO - Processing /home/varun/miniconda3/envs/python38/lib/python3.8/site-packages/airflow/example_dags/tutorial_dag.py took 0.085 seconds
[2025-09-03T20:07:53.508+0200] {processor.py:153} INFO - Started process (PID=4447) to work on /home/varun/miniconda3/envs/python38/lib/python3.8/site-packages/airflow/example_dags/tutorial_dag.py
[2025-09-03T20:07:53.510+0200] {processor.py:743} INFO - Processing file /home/varun/miniconda3/envs/python38/lib/python3.8/site-packages/airflow/example_dags/tutorial_dag.py for tasks to queue
[2025-09-03T20:07:53.510+0200] {logging_mixin.py:137} INFO - [2025-09-03T20:07:53.510+0200] {dagbag.py:532} INFO - Filling up the DagBag from /home/varun/miniconda3/envs/python38/lib/python3.8/site-packages/airflow/example_dags/tutorial_dag.py
[2025-09-03T20:07:53.522+0200] {processor.py:753} INFO - DAG(s) dict_keys(['tutorial_dag']) retrieved from /home/varun/miniconda3/envs/python38/lib/python3.8/site-packages/airflow/example_dags/tutorial_dag.py
[2025-09-03T20:07:53.542+0200] {logging_mixin.py:137} INFO - [2025-09-03T20:07:53.542+0200] {dag.py:2705} INFO - Sync 1 DAGs
[2025-09-03T20:07:53.562+0200] {logging_mixin.py:137} INFO - [2025-09-03T20:07:53.562+0200] {dag.py:3452} INFO - Setting next_dagrun for tutorial_dag to None, run_after=None
[2025-09-03T20:07:53.582+0200] {processor.py:175} INFO - Processing /home/varun/miniconda3/envs/python38/lib/python3.8/site-packages/airflow/example_dags/tutorial_dag.py took 0.078 seconds
[2025-09-03T20:09:08.188+0200] {processor.py:153} INFO - Started process (PID=4498) to work on /home/varun/miniconda3/envs/python38/lib/python3.8/site-packages/airflow/example_dags/tutorial_dag.py
[2025-09-03T20:09:08.189+0200] {processor.py:743} INFO - Processing file /home/varun/miniconda3/envs/python38/lib/python3.8/site-packages/airflow/example_dags/tutorial_dag.py for tasks to queue
[2025-09-03T20:09:08.190+0200] {logging_mixin.py:137} INFO - [2025-09-03T20:09:08.190+0200] {dagbag.py:532} INFO - Filling up the DagBag from /home/varun/miniconda3/envs/python38/lib/python3.8/site-packages/airflow/example_dags/tutorial_dag.py
[2025-09-03T20:09:08.208+0200] {processor.py:753} INFO - DAG(s) dict_keys(['tutorial_dag']) retrieved from /home/varun/miniconda3/envs/python38/lib/python3.8/site-packages/airflow/example_dags/tutorial_dag.py
[2025-09-03T20:09:08.236+0200] {logging_mixin.py:137} INFO - [2025-09-03T20:09:08.236+0200] {dag.py:2705} INFO - Sync 1 DAGs
[2025-09-03T20:09:08.258+0200] {logging_mixin.py:137} INFO - [2025-09-03T20:09:08.258+0200] {dag.py:3452} INFO - Setting next_dagrun for tutorial_dag to None, run_after=None
[2025-09-03T20:09:08.282+0200] {processor.py:175} INFO - Processing /home/varun/miniconda3/envs/python38/lib/python3.8/site-packages/airflow/example_dags/tutorial_dag.py took 0.099 seconds
[2025-09-03T20:10:01.901+0200] {processor.py:153} INFO - Started process (PID=4548) to work on /home/varun/miniconda3/envs/python38/lib/python3.8/site-packages/airflow/example_dags/tutorial_dag.py
[2025-09-03T20:10:01.902+0200] {processor.py:743} INFO - Processing file /home/varun/miniconda3/envs/python38/lib/python3.8/site-packages/airflow/example_dags/tutorial_dag.py for tasks to queue
[2025-09-03T20:10:01.904+0200] {logging_mixin.py:137} INFO - [2025-09-03T20:10:01.903+0200] {dagbag.py:532} INFO - Filling up the DagBag from /home/varun/miniconda3/envs/python38/lib/python3.8/site-packages/airflow/example_dags/tutorial_dag.py
[2025-09-03T20:10:01.922+0200] {processor.py:753} INFO - DAG(s) dict_keys(['tutorial_dag']) retrieved from /home/varun/miniconda3/envs/python38/lib/python3.8/site-packages/airflow/example_dags/tutorial_dag.py
[2025-09-03T20:10:01.942+0200] {logging_mixin.py:137} INFO - [2025-09-03T20:10:01.942+0200] {dag.py:2705} INFO - Sync 1 DAGs
[2025-09-03T20:10:01.962+0200] {logging_mixin.py:137} INFO - [2025-09-03T20:10:01.962+0200] {dag.py:3452} INFO - Setting next_dagrun for tutorial_dag to None, run_after=None
[2025-09-03T20:10:01.990+0200] {processor.py:175} INFO - Processing /home/varun/miniconda3/envs/python38/lib/python3.8/site-packages/airflow/example_dags/tutorial_dag.py took 0.092 seconds
[2025-09-03T20:10:46.511+0200] {processor.py:153} INFO - Started process (PID=4590) to work on /home/varun/miniconda3/envs/python38/lib/python3.8/site-packages/airflow/example_dags/tutorial_dag.py
[2025-09-03T20:10:46.513+0200] {processor.py:743} INFO - Processing file /home/varun/miniconda3/envs/python38/lib/python3.8/site-packages/airflow/example_dags/tutorial_dag.py for tasks to queue
[2025-09-03T20:10:46.514+0200] {logging_mixin.py:137} INFO - [2025-09-03T20:10:46.514+0200] {dagbag.py:532} INFO - Filling up the DagBag from /home/varun/miniconda3/envs/python38/lib/python3.8/site-packages/airflow/example_dags/tutorial_dag.py
[2025-09-03T20:10:46.525+0200] {processor.py:753} INFO - DAG(s) dict_keys(['tutorial_dag']) retrieved from /home/varun/miniconda3/envs/python38/lib/python3.8/site-packages/airflow/example_dags/tutorial_dag.py
[2025-09-03T20:10:46.547+0200] {logging_mixin.py:137} INFO - [2025-09-03T20:10:46.547+0200] {dag.py:2705} INFO - Sync 1 DAGs
[2025-09-03T20:10:46.565+0200] {logging_mixin.py:137} INFO - [2025-09-03T20:10:46.565+0200] {dag.py:3452} INFO - Setting next_dagrun for tutorial_dag to None, run_after=None
[2025-09-03T20:10:46.588+0200] {processor.py:175} INFO - Processing /home/varun/miniconda3/envs/python38/lib/python3.8/site-packages/airflow/example_dags/tutorial_dag.py took 0.080 seconds
[2025-09-03T20:11:31.137+0200] {processor.py:153} INFO - Started process (PID=4632) to work on /home/varun/miniconda3/envs/python38/lib/python3.8/site-packages/airflow/example_dags/tutorial_dag.py
[2025-09-03T20:11:31.138+0200] {processor.py:743} INFO - Processing file /home/varun/miniconda3/envs/python38/lib/python3.8/site-packages/airflow/example_dags/tutorial_dag.py for tasks to queue
[2025-09-03T20:11:31.139+0200] {logging_mixin.py:137} INFO - [2025-09-03T20:11:31.139+0200] {dagbag.py:532} INFO - Filling up the DagBag from /home/varun/miniconda3/envs/python38/lib/python3.8/site-packages/airflow/example_dags/tutorial_dag.py
[2025-09-03T20:11:31.153+0200] {processor.py:753} INFO - DAG(s) dict_keys(['tutorial_dag']) retrieved from /home/varun/miniconda3/envs/python38/lib/python3.8/site-packages/airflow/example_dags/tutorial_dag.py
[2025-09-03T20:11:31.176+0200] {logging_mixin.py:137} INFO - [2025-09-03T20:11:31.176+0200] {dag.py:2705} INFO - Sync 1 DAGs
[2025-09-03T20:11:31.197+0200] {logging_mixin.py:137} INFO - [2025-09-03T20:11:31.196+0200] {dag.py:3452} INFO - Setting next_dagrun for tutorial_dag to None, run_after=None
[2025-09-03T20:11:31.220+0200] {processor.py:175} INFO - Processing /home/varun/miniconda3/envs/python38/lib/python3.8/site-packages/airflow/example_dags/tutorial_dag.py took 0.089 seconds
[2025-09-03T20:12:20.266+0200] {processor.py:153} INFO - Started process (PID=4674) to work on /home/varun/miniconda3/envs/python38/lib/python3.8/site-packages/airflow/example_dags/tutorial_dag.py
[2025-09-03T20:12:20.267+0200] {processor.py:743} INFO - Processing file /home/varun/miniconda3/envs/python38/lib/python3.8/site-packages/airflow/example_dags/tutorial_dag.py for tasks to queue
[2025-09-03T20:12:20.268+0200] {logging_mixin.py:137} INFO - [2025-09-03T20:12:20.268+0200] {dagbag.py:532} INFO - Filling up the DagBag from /home/varun/miniconda3/envs/python38/lib/python3.8/site-packages/airflow/example_dags/tutorial_dag.py
[2025-09-03T20:12:20.279+0200] {processor.py:753} INFO - DAG(s) dict_keys(['tutorial_dag']) retrieved from /home/varun/miniconda3/envs/python38/lib/python3.8/site-packages/airflow/example_dags/tutorial_dag.py
[2025-09-03T20:12:20.300+0200] {logging_mixin.py:137} INFO - [2025-09-03T20:12:20.300+0200] {dag.py:2705} INFO - Sync 1 DAGs
[2025-09-03T20:12:20.317+0200] {logging_mixin.py:137} INFO - [2025-09-03T20:12:20.317+0200] {dag.py:3452} INFO - Setting next_dagrun for tutorial_dag to None, run_after=None
[2025-09-03T20:12:20.339+0200] {processor.py:175} INFO - Processing /home/varun/miniconda3/envs/python38/lib/python3.8/site-packages/airflow/example_dags/tutorial_dag.py took 0.076 seconds
[2025-09-03T20:13:06.666+0200] {processor.py:153} INFO - Started process (PID=4717) to work on /home/varun/miniconda3/envs/python38/lib/python3.8/site-packages/airflow/example_dags/tutorial_dag.py
[2025-09-03T20:13:06.667+0200] {processor.py:743} INFO - Processing file /home/varun/miniconda3/envs/python38/lib/python3.8/site-packages/airflow/example_dags/tutorial_dag.py for tasks to queue
[2025-09-03T20:13:06.668+0200] {logging_mixin.py:137} INFO - [2025-09-03T20:13:06.668+0200] {dagbag.py:532} INFO - Filling up the DagBag from /home/varun/miniconda3/envs/python38/lib/python3.8/site-packages/airflow/example_dags/tutorial_dag.py
[2025-09-03T20:13:06.679+0200] {processor.py:753} INFO - DAG(s) dict_keys(['tutorial_dag']) retrieved from /home/varun/miniconda3/envs/python38/lib/python3.8/site-packages/airflow/example_dags/tutorial_dag.py
[2025-09-03T20:13:06.701+0200] {logging_mixin.py:137} INFO - [2025-09-03T20:13:06.701+0200] {dag.py:2705} INFO - Sync 1 DAGs
[2025-09-03T20:13:06.718+0200] {logging_mixin.py:137} INFO - [2025-09-03T20:13:06.718+0200] {dag.py:3452} INFO - Setting next_dagrun for tutorial_dag to None, run_after=None
[2025-09-03T20:13:06.742+0200] {processor.py:175} INFO - Processing /home/varun/miniconda3/envs/python38/lib/python3.8/site-packages/airflow/example_dags/tutorial_dag.py took 0.080 seconds
[2025-09-03T20:13:52.051+0200] {processor.py:153} INFO - Started process (PID=4759) to work on /home/varun/miniconda3/envs/python38/lib/python3.8/site-packages/airflow/example_dags/tutorial_dag.py
[2025-09-03T20:13:52.053+0200] {processor.py:743} INFO - Processing file /home/varun/miniconda3/envs/python38/lib/python3.8/site-packages/airflow/example_dags/tutorial_dag.py for tasks to queue
[2025-09-03T20:13:52.053+0200] {logging_mixin.py:137} INFO - [2025-09-03T20:13:52.053+0200] {dagbag.py:532} INFO - Filling up the DagBag from /home/varun/miniconda3/envs/python38/lib/python3.8/site-packages/airflow/example_dags/tutorial_dag.py
[2025-09-03T20:13:52.065+0200] {processor.py:753} INFO - DAG(s) dict_keys(['tutorial_dag']) retrieved from /home/varun/miniconda3/envs/python38/lib/python3.8/site-packages/airflow/example_dags/tutorial_dag.py
[2025-09-03T20:13:52.082+0200] {logging_mixin.py:137} INFO - [2025-09-03T20:13:52.082+0200] {dag.py:2705} INFO - Sync 1 DAGs
[2025-09-03T20:13:52.097+0200] {logging_mixin.py:137} INFO - [2025-09-03T20:13:52.097+0200] {dag.py:3452} INFO - Setting next_dagrun for tutorial_dag to None, run_after=None
[2025-09-03T20:13:52.120+0200] {processor.py:175} INFO - Processing /home/varun/miniconda3/envs/python38/lib/python3.8/site-packages/airflow/example_dags/tutorial_dag.py took 0.073 seconds
[2025-09-03T20:14:36.306+0200] {processor.py:153} INFO - Started process (PID=4801) to work on /home/varun/miniconda3/envs/python38/lib/python3.8/site-packages/airflow/example_dags/tutorial_dag.py
[2025-09-03T20:14:36.309+0200] {processor.py:743} INFO - Processing file /home/varun/miniconda3/envs/python38/lib/python3.8/site-packages/airflow/example_dags/tutorial_dag.py for tasks to queue
[2025-09-03T20:14:36.309+0200] {logging_mixin.py:137} INFO - [2025-09-03T20:14:36.309+0200] {dagbag.py:532} INFO - Filling up the DagBag from /home/varun/miniconda3/envs/python38/lib/python3.8/site-packages/airflow/example_dags/tutorial_dag.py
[2025-09-03T20:14:36.323+0200] {processor.py:753} INFO - DAG(s) dict_keys(['tutorial_dag']) retrieved from /home/varun/miniconda3/envs/python38/lib/python3.8/site-packages/airflow/example_dags/tutorial_dag.py
[2025-09-03T20:14:36.343+0200] {logging_mixin.py:137} INFO - [2025-09-03T20:14:36.343+0200] {dag.py:2705} INFO - Sync 1 DAGs
[2025-09-03T20:14:36.362+0200] {logging_mixin.py:137} INFO - [2025-09-03T20:14:36.362+0200] {dag.py:3452} INFO - Setting next_dagrun for tutorial_dag to None, run_after=None
[2025-09-03T20:14:36.383+0200] {processor.py:175} INFO - Processing /home/varun/miniconda3/envs/python38/lib/python3.8/site-packages/airflow/example_dags/tutorial_dag.py took 0.080 seconds
[2025-09-03T20:15:22.408+0200] {processor.py:153} INFO - Started process (PID=4843) to work on /home/varun/miniconda3/envs/python38/lib/python3.8/site-packages/airflow/example_dags/tutorial_dag.py
[2025-09-03T20:15:22.410+0200] {processor.py:743} INFO - Processing file /home/varun/miniconda3/envs/python38/lib/python3.8/site-packages/airflow/example_dags/tutorial_dag.py for tasks to queue
[2025-09-03T20:15:22.411+0200] {logging_mixin.py:137} INFO - [2025-09-03T20:15:22.410+0200] {dagbag.py:532} INFO - Filling up the DagBag from /home/varun/miniconda3/envs/python38/lib/python3.8/site-packages/airflow/example_dags/tutorial_dag.py
[2025-09-03T20:15:22.423+0200] {processor.py:753} INFO - DAG(s) dict_keys(['tutorial_dag']) retrieved from /home/varun/miniconda3/envs/python38/lib/python3.8/site-packages/airflow/example_dags/tutorial_dag.py
[2025-09-03T20:15:22.443+0200] {logging_mixin.py:137} INFO - [2025-09-03T20:15:22.443+0200] {dag.py:2705} INFO - Sync 1 DAGs
[2025-09-03T20:15:22.461+0200] {logging_mixin.py:137} INFO - [2025-09-03T20:15:22.461+0200] {dag.py:3452} INFO - Setting next_dagrun for tutorial_dag to None, run_after=None
[2025-09-03T20:15:22.481+0200] {processor.py:175} INFO - Processing /home/varun/miniconda3/envs/python38/lib/python3.8/site-packages/airflow/example_dags/tutorial_dag.py took 0.077 seconds
[2025-09-03T20:16:07.793+0200] {processor.py:153} INFO - Started process (PID=4885) to work on /home/varun/miniconda3/envs/python38/lib/python3.8/site-packages/airflow/example_dags/tutorial_dag.py
[2025-09-03T20:16:07.795+0200] {processor.py:743} INFO - Processing file /home/varun/miniconda3/envs/python38/lib/python3.8/site-packages/airflow/example_dags/tutorial_dag.py for tasks to queue
[2025-09-03T20:16:07.796+0200] {logging_mixin.py:137} INFO - [2025-09-03T20:16:07.796+0200] {dagbag.py:532} INFO - Filling up the DagBag from /home/varun/miniconda3/envs/python38/lib/python3.8/site-packages/airflow/example_dags/tutorial_dag.py
[2025-09-03T20:16:07.808+0200] {processor.py:753} INFO - DAG(s) dict_keys(['tutorial_dag']) retrieved from /home/varun/miniconda3/envs/python38/lib/python3.8/site-packages/airflow/example_dags/tutorial_dag.py
[2025-09-03T20:16:07.826+0200] {logging_mixin.py:137} INFO - [2025-09-03T20:16:07.826+0200] {dag.py:2705} INFO - Sync 1 DAGs
[2025-09-03T20:16:07.842+0200] {logging_mixin.py:137} INFO - [2025-09-03T20:16:07.842+0200] {dag.py:3452} INFO - Setting next_dagrun for tutorial_dag to None, run_after=None
[2025-09-03T20:16:07.864+0200] {processor.py:175} INFO - Processing /home/varun/miniconda3/envs/python38/lib/python3.8/site-packages/airflow/example_dags/tutorial_dag.py took 0.074 seconds
[2025-09-03T20:16:52.144+0200] {processor.py:153} INFO - Started process (PID=4927) to work on /home/varun/miniconda3/envs/python38/lib/python3.8/site-packages/airflow/example_dags/tutorial_dag.py
[2025-09-03T20:16:52.146+0200] {processor.py:743} INFO - Processing file /home/varun/miniconda3/envs/python38/lib/python3.8/site-packages/airflow/example_dags/tutorial_dag.py for tasks to queue
[2025-09-03T20:16:52.146+0200] {logging_mixin.py:137} INFO - [2025-09-03T20:16:52.146+0200] {dagbag.py:532} INFO - Filling up the DagBag from /home/varun/miniconda3/envs/python38/lib/python3.8/site-packages/airflow/example_dags/tutorial_dag.py
[2025-09-03T20:16:52.157+0200] {processor.py:753} INFO - DAG(s) dict_keys(['tutorial_dag']) retrieved from /home/varun/miniconda3/envs/python38/lib/python3.8/site-packages/airflow/example_dags/tutorial_dag.py
[2025-09-03T20:16:52.175+0200] {logging_mixin.py:137} INFO - [2025-09-03T20:16:52.174+0200] {dag.py:2705} INFO - Sync 1 DAGs
[2025-09-03T20:16:52.189+0200] {logging_mixin.py:137} INFO - [2025-09-03T20:16:52.189+0200] {dag.py:3452} INFO - Setting next_dagrun for tutorial_dag to None, run_after=None
[2025-09-03T20:16:52.209+0200] {processor.py:175} INFO - Processing /home/varun/miniconda3/envs/python38/lib/python3.8/site-packages/airflow/example_dags/tutorial_dag.py took 0.069 seconds
[2025-09-03T20:17:38.486+0200] {processor.py:153} INFO - Started process (PID=4972) to work on /home/varun/miniconda3/envs/python38/lib/python3.8/site-packages/airflow/example_dags/tutorial_dag.py
[2025-09-03T20:17:38.487+0200] {processor.py:743} INFO - Processing file /home/varun/miniconda3/envs/python38/lib/python3.8/site-packages/airflow/example_dags/tutorial_dag.py for tasks to queue
[2025-09-03T20:17:38.487+0200] {logging_mixin.py:137} INFO - [2025-09-03T20:17:38.487+0200] {dagbag.py:532} INFO - Filling up the DagBag from /home/varun/miniconda3/envs/python38/lib/python3.8/site-packages/airflow/example_dags/tutorial_dag.py
[2025-09-03T20:17:38.501+0200] {processor.py:753} INFO - DAG(s) dict_keys(['tutorial_dag']) retrieved from /home/varun/miniconda3/envs/python38/lib/python3.8/site-packages/airflow/example_dags/tutorial_dag.py
[2025-09-03T20:17:38.525+0200] {logging_mixin.py:137} INFO - [2025-09-03T20:17:38.525+0200] {dag.py:2705} INFO - Sync 1 DAGs
[2025-09-03T20:17:38.545+0200] {logging_mixin.py:137} INFO - [2025-09-03T20:17:38.544+0200] {dag.py:3452} INFO - Setting next_dagrun for tutorial_dag to None, run_after=None
[2025-09-03T20:17:38.570+0200] {processor.py:175} INFO - Processing /home/varun/miniconda3/envs/python38/lib/python3.8/site-packages/airflow/example_dags/tutorial_dag.py took 0.088 seconds
[2025-09-03T20:18:25.730+0200] {processor.py:153} INFO - Started process (PID=5015) to work on /home/varun/miniconda3/envs/python38/lib/python3.8/site-packages/airflow/example_dags/tutorial_dag.py
[2025-09-03T20:18:25.732+0200] {processor.py:743} INFO - Processing file /home/varun/miniconda3/envs/python38/lib/python3.8/site-packages/airflow/example_dags/tutorial_dag.py for tasks to queue
[2025-09-03T20:18:25.732+0200] {logging_mixin.py:137} INFO - [2025-09-03T20:18:25.732+0200] {dagbag.py:532} INFO - Filling up the DagBag from /home/varun/miniconda3/envs/python38/lib/python3.8/site-packages/airflow/example_dags/tutorial_dag.py
[2025-09-03T20:18:25.745+0200] {processor.py:753} INFO - DAG(s) dict_keys(['tutorial_dag']) retrieved from /home/varun/miniconda3/envs/python38/lib/python3.8/site-packages/airflow/example_dags/tutorial_dag.py
[2025-09-03T20:18:25.764+0200] {logging_mixin.py:137} INFO - [2025-09-03T20:18:25.764+0200] {dag.py:2705} INFO - Sync 1 DAGs
[2025-09-03T20:18:25.781+0200] {logging_mixin.py:137} INFO - [2025-09-03T20:18:25.781+0200] {dag.py:3452} INFO - Setting next_dagrun for tutorial_dag to None, run_after=None
[2025-09-03T20:18:25.804+0200] {processor.py:175} INFO - Processing /home/varun/miniconda3/envs/python38/lib/python3.8/site-packages/airflow/example_dags/tutorial_dag.py took 0.077 seconds
[2025-09-03T20:19:13.941+0200] {processor.py:153} INFO - Started process (PID=5057) to work on /home/varun/miniconda3/envs/python38/lib/python3.8/site-packages/airflow/example_dags/tutorial_dag.py
[2025-09-03T20:19:13.943+0200] {processor.py:743} INFO - Processing file /home/varun/miniconda3/envs/python38/lib/python3.8/site-packages/airflow/example_dags/tutorial_dag.py for tasks to queue
[2025-09-03T20:19:13.944+0200] {logging_mixin.py:137} INFO - [2025-09-03T20:19:13.944+0200] {dagbag.py:532} INFO - Filling up the DagBag from /home/varun/miniconda3/envs/python38/lib/python3.8/site-packages/airflow/example_dags/tutorial_dag.py
[2025-09-03T20:19:13.958+0200] {processor.py:753} INFO - DAG(s) dict_keys(['tutorial_dag']) retrieved from /home/varun/miniconda3/envs/python38/lib/python3.8/site-packages/airflow/example_dags/tutorial_dag.py
[2025-09-03T20:19:13.981+0200] {logging_mixin.py:137} INFO - [2025-09-03T20:19:13.980+0200] {dag.py:2705} INFO - Sync 1 DAGs
[2025-09-03T20:19:14.001+0200] {logging_mixin.py:137} INFO - [2025-09-03T20:19:14.001+0200] {dag.py:3452} INFO - Setting next_dagrun for tutorial_dag to None, run_after=None
[2025-09-03T20:19:14.166+0200] {processor.py:175} INFO - Processing /home/varun/miniconda3/envs/python38/lib/python3.8/site-packages/airflow/example_dags/tutorial_dag.py took 0.228 seconds
[2025-09-03T20:20:06.583+0200] {processor.py:153} INFO - Started process (PID=5099) to work on /home/varun/miniconda3/envs/python38/lib/python3.8/site-packages/airflow/example_dags/tutorial_dag.py
[2025-09-03T20:20:06.585+0200] {processor.py:743} INFO - Processing file /home/varun/miniconda3/envs/python38/lib/python3.8/site-packages/airflow/example_dags/tutorial_dag.py for tasks to queue
[2025-09-03T20:20:06.585+0200] {logging_mixin.py:137} INFO - [2025-09-03T20:20:06.585+0200] {dagbag.py:532} INFO - Filling up the DagBag from /home/varun/miniconda3/envs/python38/lib/python3.8/site-packages/airflow/example_dags/tutorial_dag.py
[2025-09-03T20:20:06.596+0200] {processor.py:753} INFO - DAG(s) dict_keys(['tutorial_dag']) retrieved from /home/varun/miniconda3/envs/python38/lib/python3.8/site-packages/airflow/example_dags/tutorial_dag.py
[2025-09-03T20:20:06.613+0200] {logging_mixin.py:137} INFO - [2025-09-03T20:20:06.613+0200] {dag.py:2705} INFO - Sync 1 DAGs
[2025-09-03T20:20:06.733+0200] {logging_mixin.py:137} INFO - [2025-09-03T20:20:06.733+0200] {dag.py:3452} INFO - Setting next_dagrun for tutorial_dag to None, run_after=None
[2025-09-03T20:20:06.753+0200] {processor.py:175} INFO - Processing /home/varun/miniconda3/envs/python38/lib/python3.8/site-packages/airflow/example_dags/tutorial_dag.py took 0.173 seconds
[2025-09-03T20:20:56.836+0200] {processor.py:153} INFO - Started process (PID=5141) to work on /home/varun/miniconda3/envs/python38/lib/python3.8/site-packages/airflow/example_dags/tutorial_dag.py
[2025-09-03T20:20:56.838+0200] {processor.py:743} INFO - Processing file /home/varun/miniconda3/envs/python38/lib/python3.8/site-packages/airflow/example_dags/tutorial_dag.py for tasks to queue
[2025-09-03T20:20:56.838+0200] {logging_mixin.py:137} INFO - [2025-09-03T20:20:56.838+0200] {dagbag.py:532} INFO - Filling up the DagBag from /home/varun/miniconda3/envs/python38/lib/python3.8/site-packages/airflow/example_dags/tutorial_dag.py
[2025-09-03T20:20:56.850+0200] {processor.py:753} INFO - DAG(s) dict_keys(['tutorial_dag']) retrieved from /home/varun/miniconda3/envs/python38/lib/python3.8/site-packages/airflow/example_dags/tutorial_dag.py
[2025-09-03T20:20:56.869+0200] {logging_mixin.py:137} INFO - [2025-09-03T20:20:56.869+0200] {dag.py:2705} INFO - Sync 1 DAGs
[2025-09-03T20:20:57.024+0200] {logging_mixin.py:137} INFO - [2025-09-03T20:20:57.024+0200] {dag.py:3452} INFO - Setting next_dagrun for tutorial_dag to None, run_after=None
[2025-09-03T20:20:57.053+0200] {processor.py:175} INFO - Processing /home/varun/miniconda3/envs/python38/lib/python3.8/site-packages/airflow/example_dags/tutorial_dag.py took 0.220 seconds
[2025-09-03T20:21:44.943+0200] {processor.py:153} INFO - Started process (PID=5183) to work on /home/varun/miniconda3/envs/python38/lib/python3.8/site-packages/airflow/example_dags/tutorial_dag.py
[2025-09-03T20:21:44.945+0200] {processor.py:743} INFO - Processing file /home/varun/miniconda3/envs/python38/lib/python3.8/site-packages/airflow/example_dags/tutorial_dag.py for tasks to queue
[2025-09-03T20:21:44.945+0200] {logging_mixin.py:137} INFO - [2025-09-03T20:21:44.945+0200] {dagbag.py:532} INFO - Filling up the DagBag from /home/varun/miniconda3/envs/python38/lib/python3.8/site-packages/airflow/example_dags/tutorial_dag.py
[2025-09-03T20:21:44.957+0200] {processor.py:753} INFO - DAG(s) dict_keys(['tutorial_dag']) retrieved from /home/varun/miniconda3/envs/python38/lib/python3.8/site-packages/airflow/example_dags/tutorial_dag.py
[2025-09-03T20:21:45.091+0200] {logging_mixin.py:137} INFO - [2025-09-03T20:21:45.090+0200] {dag.py:2705} INFO - Sync 1 DAGs
[2025-09-03T20:21:45.111+0200] {logging_mixin.py:137} INFO - [2025-09-03T20:21:45.111+0200] {dag.py:3452} INFO - Setting next_dagrun for tutorial_dag to None, run_after=None
[2025-09-03T20:21:45.135+0200] {processor.py:175} INFO - Processing /home/varun/miniconda3/envs/python38/lib/python3.8/site-packages/airflow/example_dags/tutorial_dag.py took 0.196 seconds
[2025-09-03T20:22:38.588+0200] {processor.py:153} INFO - Started process (PID=5225) to work on /home/varun/miniconda3/envs/python38/lib/python3.8/site-packages/airflow/example_dags/tutorial_dag.py
[2025-09-03T20:22:38.590+0200] {processor.py:743} INFO - Processing file /home/varun/miniconda3/envs/python38/lib/python3.8/site-packages/airflow/example_dags/tutorial_dag.py for tasks to queue
[2025-09-03T20:22:38.591+0200] {logging_mixin.py:137} INFO - [2025-09-03T20:22:38.591+0200] {dagbag.py:532} INFO - Filling up the DagBag from /home/varun/miniconda3/envs/python38/lib/python3.8/site-packages/airflow/example_dags/tutorial_dag.py
[2025-09-03T20:22:38.704+0200] {processor.py:753} INFO - DAG(s) dict_keys(['tutorial_dag']) retrieved from /home/varun/miniconda3/envs/python38/lib/python3.8/site-packages/airflow/example_dags/tutorial_dag.py
[2025-09-03T20:22:38.721+0200] {logging_mixin.py:137} INFO - [2025-09-03T20:22:38.721+0200] {dag.py:2705} INFO - Sync 1 DAGs
[2025-09-03T20:22:38.736+0200] {logging_mixin.py:137} INFO - [2025-09-03T20:22:38.735+0200] {dag.py:3452} INFO - Setting next_dagrun for tutorial_dag to None, run_after=None
[2025-09-03T20:22:38.756+0200] {processor.py:175} INFO - Processing /home/varun/miniconda3/envs/python38/lib/python3.8/site-packages/airflow/example_dags/tutorial_dag.py took 0.171 seconds
[2025-09-03T20:23:26.769+0200] {processor.py:153} INFO - Started process (PID=5267) to work on /home/varun/miniconda3/envs/python38/lib/python3.8/site-packages/airflow/example_dags/tutorial_dag.py
[2025-09-03T20:23:26.771+0200] {processor.py:743} INFO - Processing file /home/varun/miniconda3/envs/python38/lib/python3.8/site-packages/airflow/example_dags/tutorial_dag.py for tasks to queue
[2025-09-03T20:23:26.771+0200] {logging_mixin.py:137} INFO - [2025-09-03T20:23:26.771+0200] {dagbag.py:532} INFO - Filling up the DagBag from /home/varun/miniconda3/envs/python38/lib/python3.8/site-packages/airflow/example_dags/tutorial_dag.py
[2025-09-03T20:23:26.784+0200] {processor.py:753} INFO - DAG(s) dict_keys(['tutorial_dag']) retrieved from /home/varun/miniconda3/envs/python38/lib/python3.8/site-packages/airflow/example_dags/tutorial_dag.py
[2025-09-03T20:23:26.807+0200] {logging_mixin.py:137} INFO - [2025-09-03T20:23:26.807+0200] {dag.py:2705} INFO - Sync 1 DAGs
[2025-09-03T20:23:26.829+0200] {logging_mixin.py:137} INFO - [2025-09-03T20:23:26.829+0200] {dag.py:3452} INFO - Setting next_dagrun for tutorial_dag to None, run_after=None
[2025-09-03T20:23:26.855+0200] {processor.py:175} INFO - Processing /home/varun/miniconda3/envs/python38/lib/python3.8/site-packages/airflow/example_dags/tutorial_dag.py took 0.090 seconds
[2025-09-03T20:24:16.159+0200] {processor.py:153} INFO - Started process (PID=5310) to work on /home/varun/miniconda3/envs/python38/lib/python3.8/site-packages/airflow/example_dags/tutorial_dag.py
[2025-09-03T20:24:16.161+0200] {processor.py:743} INFO - Processing file /home/varun/miniconda3/envs/python38/lib/python3.8/site-packages/airflow/example_dags/tutorial_dag.py for tasks to queue
[2025-09-03T20:24:16.162+0200] {logging_mixin.py:137} INFO - [2025-09-03T20:24:16.161+0200] {dagbag.py:532} INFO - Filling up the DagBag from /home/varun/miniconda3/envs/python38/lib/python3.8/site-packages/airflow/example_dags/tutorial_dag.py
[2025-09-03T20:24:16.174+0200] {processor.py:753} INFO - DAG(s) dict_keys(['tutorial_dag']) retrieved from /home/varun/miniconda3/envs/python38/lib/python3.8/site-packages/airflow/example_dags/tutorial_dag.py
[2025-09-03T20:24:16.195+0200] {logging_mixin.py:137} INFO - [2025-09-03T20:24:16.195+0200] {dag.py:2705} INFO - Sync 1 DAGs
[2025-09-03T20:24:16.212+0200] {logging_mixin.py:137} INFO - [2025-09-03T20:24:16.212+0200] {dag.py:3452} INFO - Setting next_dagrun for tutorial_dag to None, run_after=None
[2025-09-03T20:24:16.234+0200] {processor.py:175} INFO - Processing /home/varun/miniconda3/envs/python38/lib/python3.8/site-packages/airflow/example_dags/tutorial_dag.py took 0.079 seconds
[2025-09-03T20:25:02.395+0200] {processor.py:153} INFO - Started process (PID=5352) to work on /home/varun/miniconda3/envs/python38/lib/python3.8/site-packages/airflow/example_dags/tutorial_dag.py
[2025-09-03T20:25:02.397+0200] {processor.py:743} INFO - Processing file /home/varun/miniconda3/envs/python38/lib/python3.8/site-packages/airflow/example_dags/tutorial_dag.py for tasks to queue
[2025-09-03T20:25:02.397+0200] {logging_mixin.py:137} INFO - [2025-09-03T20:25:02.397+0200] {dagbag.py:532} INFO - Filling up the DagBag from /home/varun/miniconda3/envs/python38/lib/python3.8/site-packages/airflow/example_dags/tutorial_dag.py
[2025-09-03T20:25:02.412+0200] {processor.py:753} INFO - DAG(s) dict_keys(['tutorial_dag']) retrieved from /home/varun/miniconda3/envs/python38/lib/python3.8/site-packages/airflow/example_dags/tutorial_dag.py
[2025-09-03T20:25:02.430+0200] {logging_mixin.py:137} INFO - [2025-09-03T20:25:02.430+0200] {dag.py:2705} INFO - Sync 1 DAGs
[2025-09-03T20:25:02.445+0200] {logging_mixin.py:137} INFO - [2025-09-03T20:25:02.445+0200] {dag.py:3452} INFO - Setting next_dagrun for tutorial_dag to None, run_after=None
[2025-09-03T20:25:02.466+0200] {processor.py:175} INFO - Processing /home/varun/miniconda3/envs/python38/lib/python3.8/site-packages/airflow/example_dags/tutorial_dag.py took 0.074 seconds
[2025-09-03T20:25:44.623+0200] {processor.py:153} INFO - Started process (PID=5394) to work on /home/varun/miniconda3/envs/python38/lib/python3.8/site-packages/airflow/example_dags/tutorial_dag.py
[2025-09-03T20:25:44.624+0200] {processor.py:743} INFO - Processing file /home/varun/miniconda3/envs/python38/lib/python3.8/site-packages/airflow/example_dags/tutorial_dag.py for tasks to queue
[2025-09-03T20:25:44.625+0200] {logging_mixin.py:137} INFO - [2025-09-03T20:25:44.625+0200] {dagbag.py:532} INFO - Filling up the DagBag from /home/varun/miniconda3/envs/python38/lib/python3.8/site-packages/airflow/example_dags/tutorial_dag.py
[2025-09-03T20:25:44.636+0200] {processor.py:753} INFO - DAG(s) dict_keys(['tutorial_dag']) retrieved from /home/varun/miniconda3/envs/python38/lib/python3.8/site-packages/airflow/example_dags/tutorial_dag.py
[2025-09-03T20:25:44.652+0200] {logging_mixin.py:137} INFO - [2025-09-03T20:25:44.652+0200] {dag.py:2705} INFO - Sync 1 DAGs
[2025-09-03T20:25:44.667+0200] {logging_mixin.py:137} INFO - [2025-09-03T20:25:44.667+0200] {dag.py:3452} INFO - Setting next_dagrun for tutorial_dag to None, run_after=None
[2025-09-03T20:25:44.687+0200] {processor.py:175} INFO - Processing /home/varun/miniconda3/envs/python38/lib/python3.8/site-packages/airflow/example_dags/tutorial_dag.py took 0.068 seconds
[2025-09-03T20:26:30.346+0200] {processor.py:153} INFO - Started process (PID=5436) to work on /home/varun/miniconda3/envs/python38/lib/python3.8/site-packages/airflow/example_dags/tutorial_dag.py
[2025-09-03T20:26:30.347+0200] {processor.py:743} INFO - Processing file /home/varun/miniconda3/envs/python38/lib/python3.8/site-packages/airflow/example_dags/tutorial_dag.py for tasks to queue
[2025-09-03T20:26:30.348+0200] {logging_mixin.py:137} INFO - [2025-09-03T20:26:30.348+0200] {dagbag.py:532} INFO - Filling up the DagBag from /home/varun/miniconda3/envs/python38/lib/python3.8/site-packages/airflow/example_dags/tutorial_dag.py
[2025-09-03T20:26:30.364+0200] {processor.py:753} INFO - DAG(s) dict_keys(['tutorial_dag']) retrieved from /home/varun/miniconda3/envs/python38/lib/python3.8/site-packages/airflow/example_dags/tutorial_dag.py
[2025-09-03T20:26:30.386+0200] {logging_mixin.py:137} INFO - [2025-09-03T20:26:30.386+0200] {dag.py:2705} INFO - Sync 1 DAGs
[2025-09-03T20:26:30.403+0200] {logging_mixin.py:137} INFO - [2025-09-03T20:26:30.403+0200] {dag.py:3452} INFO - Setting next_dagrun for tutorial_dag to None, run_after=None
[2025-09-03T20:26:30.426+0200] {processor.py:175} INFO - Processing /home/varun/miniconda3/envs/python38/lib/python3.8/site-packages/airflow/example_dags/tutorial_dag.py took 0.085 seconds
[2025-09-03T20:27:19.439+0200] {processor.py:153} INFO - Started process (PID=5478) to work on /home/varun/miniconda3/envs/python38/lib/python3.8/site-packages/airflow/example_dags/tutorial_dag.py
[2025-09-03T20:27:19.441+0200] {processor.py:743} INFO - Processing file /home/varun/miniconda3/envs/python38/lib/python3.8/site-packages/airflow/example_dags/tutorial_dag.py for tasks to queue
[2025-09-03T20:27:19.441+0200] {logging_mixin.py:137} INFO - [2025-09-03T20:27:19.441+0200] {dagbag.py:532} INFO - Filling up the DagBag from /home/varun/miniconda3/envs/python38/lib/python3.8/site-packages/airflow/example_dags/tutorial_dag.py
[2025-09-03T20:27:19.453+0200] {processor.py:753} INFO - DAG(s) dict_keys(['tutorial_dag']) retrieved from /home/varun/miniconda3/envs/python38/lib/python3.8/site-packages/airflow/example_dags/tutorial_dag.py
[2025-09-03T20:27:19.471+0200] {logging_mixin.py:137} INFO - [2025-09-03T20:27:19.470+0200] {dag.py:2705} INFO - Sync 1 DAGs
[2025-09-03T20:27:19.485+0200] {logging_mixin.py:137} INFO - [2025-09-03T20:27:19.484+0200] {dag.py:3452} INFO - Setting next_dagrun for tutorial_dag to None, run_after=None
[2025-09-03T20:27:19.505+0200] {processor.py:175} INFO - Processing /home/varun/miniconda3/envs/python38/lib/python3.8/site-packages/airflow/example_dags/tutorial_dag.py took 0.069 seconds
[2025-09-03T20:28:06.493+0200] {processor.py:153} INFO - Started process (PID=5520) to work on /home/varun/miniconda3/envs/python38/lib/python3.8/site-packages/airflow/example_dags/tutorial_dag.py
[2025-09-03T20:28:06.494+0200] {processor.py:743} INFO - Processing file /home/varun/miniconda3/envs/python38/lib/python3.8/site-packages/airflow/example_dags/tutorial_dag.py for tasks to queue
[2025-09-03T20:28:06.495+0200] {logging_mixin.py:137} INFO - [2025-09-03T20:28:06.495+0200] {dagbag.py:532} INFO - Filling up the DagBag from /home/varun/miniconda3/envs/python38/lib/python3.8/site-packages/airflow/example_dags/tutorial_dag.py
[2025-09-03T20:28:06.506+0200] {processor.py:753} INFO - DAG(s) dict_keys(['tutorial_dag']) retrieved from /home/varun/miniconda3/envs/python38/lib/python3.8/site-packages/airflow/example_dags/tutorial_dag.py
[2025-09-03T20:28:06.523+0200] {logging_mixin.py:137} INFO - [2025-09-03T20:28:06.523+0200] {dag.py:2705} INFO - Sync 1 DAGs
[2025-09-03T20:28:06.538+0200] {logging_mixin.py:137} INFO - [2025-09-03T20:28:06.538+0200] {dag.py:3452} INFO - Setting next_dagrun for tutorial_dag to None, run_after=None
[2025-09-03T20:28:06.556+0200] {processor.py:175} INFO - Processing /home/varun/miniconda3/envs/python38/lib/python3.8/site-packages/airflow/example_dags/tutorial_dag.py took 0.067 seconds
[2025-09-03T20:28:52.084+0200] {processor.py:153} INFO - Started process (PID=5562) to work on /home/varun/miniconda3/envs/python38/lib/python3.8/site-packages/airflow/example_dags/tutorial_dag.py
[2025-09-03T20:28:52.086+0200] {processor.py:743} INFO - Processing file /home/varun/miniconda3/envs/python38/lib/python3.8/site-packages/airflow/example_dags/tutorial_dag.py for tasks to queue
[2025-09-03T20:28:52.087+0200] {logging_mixin.py:137} INFO - [2025-09-03T20:28:52.086+0200] {dagbag.py:532} INFO - Filling up the DagBag from /home/varun/miniconda3/envs/python38/lib/python3.8/site-packages/airflow/example_dags/tutorial_dag.py
[2025-09-03T20:28:52.097+0200] {processor.py:753} INFO - DAG(s) dict_keys(['tutorial_dag']) retrieved from /home/varun/miniconda3/envs/python38/lib/python3.8/site-packages/airflow/example_dags/tutorial_dag.py
[2025-09-03T20:28:52.118+0200] {logging_mixin.py:137} INFO - [2025-09-03T20:28:52.118+0200] {dag.py:2705} INFO - Sync 1 DAGs
[2025-09-03T20:28:52.138+0200] {logging_mixin.py:137} INFO - [2025-09-03T20:28:52.138+0200] {dag.py:3452} INFO - Setting next_dagrun for tutorial_dag to None, run_after=None
[2025-09-03T20:28:52.159+0200] {processor.py:175} INFO - Processing /home/varun/miniconda3/envs/python38/lib/python3.8/site-packages/airflow/example_dags/tutorial_dag.py took 0.079 seconds
[2025-09-03T20:29:42.026+0200] {processor.py:153} INFO - Started process (PID=5605) to work on /home/varun/miniconda3/envs/python38/lib/python3.8/site-packages/airflow/example_dags/tutorial_dag.py
[2025-09-03T20:29:42.027+0200] {processor.py:743} INFO - Processing file /home/varun/miniconda3/envs/python38/lib/python3.8/site-packages/airflow/example_dags/tutorial_dag.py for tasks to queue
[2025-09-03T20:29:42.028+0200] {logging_mixin.py:137} INFO - [2025-09-03T20:29:42.028+0200] {dagbag.py:532} INFO - Filling up the DagBag from /home/varun/miniconda3/envs/python38/lib/python3.8/site-packages/airflow/example_dags/tutorial_dag.py
[2025-09-03T20:29:42.043+0200] {processor.py:753} INFO - DAG(s) dict_keys(['tutorial_dag']) retrieved from /home/varun/miniconda3/envs/python38/lib/python3.8/site-packages/airflow/example_dags/tutorial_dag.py
[2025-09-03T20:29:42.067+0200] {logging_mixin.py:137} INFO - [2025-09-03T20:29:42.067+0200] {dag.py:2705} INFO - Sync 1 DAGs
[2025-09-03T20:29:42.092+0200] {logging_mixin.py:137} INFO - [2025-09-03T20:29:42.092+0200] {dag.py:3452} INFO - Setting next_dagrun for tutorial_dag to None, run_after=None
[2025-09-03T20:29:42.120+0200] {processor.py:175} INFO - Processing /home/varun/miniconda3/envs/python38/lib/python3.8/site-packages/airflow/example_dags/tutorial_dag.py took 0.098 seconds
[2025-09-03T20:30:26.586+0200] {processor.py:153} INFO - Started process (PID=5647) to work on /home/varun/miniconda3/envs/python38/lib/python3.8/site-packages/airflow/example_dags/tutorial_dag.py
[2025-09-03T20:30:26.587+0200] {processor.py:743} INFO - Processing file /home/varun/miniconda3/envs/python38/lib/python3.8/site-packages/airflow/example_dags/tutorial_dag.py for tasks to queue
[2025-09-03T20:30:26.588+0200] {logging_mixin.py:137} INFO - [2025-09-03T20:30:26.588+0200] {dagbag.py:532} INFO - Filling up the DagBag from /home/varun/miniconda3/envs/python38/lib/python3.8/site-packages/airflow/example_dags/tutorial_dag.py
[2025-09-03T20:30:26.601+0200] {processor.py:753} INFO - DAG(s) dict_keys(['tutorial_dag']) retrieved from /home/varun/miniconda3/envs/python38/lib/python3.8/site-packages/airflow/example_dags/tutorial_dag.py
[2025-09-03T20:30:26.618+0200] {logging_mixin.py:137} INFO - [2025-09-03T20:30:26.618+0200] {dag.py:2705} INFO - Sync 1 DAGs
[2025-09-03T20:30:26.632+0200] {logging_mixin.py:137} INFO - [2025-09-03T20:30:26.632+0200] {dag.py:3452} INFO - Setting next_dagrun for tutorial_dag to None, run_after=None
[2025-09-03T20:30:26.653+0200] {processor.py:175} INFO - Processing /home/varun/miniconda3/envs/python38/lib/python3.8/site-packages/airflow/example_dags/tutorial_dag.py took 0.071 seconds
[2025-09-03T20:31:10.546+0200] {processor.py:153} INFO - Started process (PID=5689) to work on /home/varun/miniconda3/envs/python38/lib/python3.8/site-packages/airflow/example_dags/tutorial_dag.py
[2025-09-03T20:31:10.548+0200] {processor.py:743} INFO - Processing file /home/varun/miniconda3/envs/python38/lib/python3.8/site-packages/airflow/example_dags/tutorial_dag.py for tasks to queue
[2025-09-03T20:31:10.549+0200] {logging_mixin.py:137} INFO - [2025-09-03T20:31:10.549+0200] {dagbag.py:532} INFO - Filling up the DagBag from /home/varun/miniconda3/envs/python38/lib/python3.8/site-packages/airflow/example_dags/tutorial_dag.py
[2025-09-03T20:31:10.563+0200] {processor.py:753} INFO - DAG(s) dict_keys(['tutorial_dag']) retrieved from /home/varun/miniconda3/envs/python38/lib/python3.8/site-packages/airflow/example_dags/tutorial_dag.py
[2025-09-03T20:31:10.585+0200] {logging_mixin.py:137} INFO - [2025-09-03T20:31:10.585+0200] {dag.py:2705} INFO - Sync 1 DAGs
[2025-09-03T20:31:10.602+0200] {logging_mixin.py:137} INFO - [2025-09-03T20:31:10.602+0200] {dag.py:3452} INFO - Setting next_dagrun for tutorial_dag to None, run_after=None
[2025-09-03T20:31:10.624+0200] {processor.py:175} INFO - Processing /home/varun/miniconda3/envs/python38/lib/python3.8/site-packages/airflow/example_dags/tutorial_dag.py took 0.081 seconds
[2025-09-03T20:31:56.656+0200] {processor.py:153} INFO - Started process (PID=5731) to work on /home/varun/miniconda3/envs/python38/lib/python3.8/site-packages/airflow/example_dags/tutorial_dag.py
[2025-09-03T20:31:56.657+0200] {processor.py:743} INFO - Processing file /home/varun/miniconda3/envs/python38/lib/python3.8/site-packages/airflow/example_dags/tutorial_dag.py for tasks to queue
[2025-09-03T20:31:56.658+0200] {logging_mixin.py:137} INFO - [2025-09-03T20:31:56.658+0200] {dagbag.py:532} INFO - Filling up the DagBag from /home/varun/miniconda3/envs/python38/lib/python3.8/site-packages/airflow/example_dags/tutorial_dag.py
[2025-09-03T20:31:56.669+0200] {processor.py:753} INFO - DAG(s) dict_keys(['tutorial_dag']) retrieved from /home/varun/miniconda3/envs/python38/lib/python3.8/site-packages/airflow/example_dags/tutorial_dag.py
[2025-09-03T20:31:56.689+0200] {logging_mixin.py:137} INFO - [2025-09-03T20:31:56.689+0200] {dag.py:2705} INFO - Sync 1 DAGs
[2025-09-03T20:31:56.707+0200] {logging_mixin.py:137} INFO - [2025-09-03T20:31:56.707+0200] {dag.py:3452} INFO - Setting next_dagrun for tutorial_dag to None, run_after=None
[2025-09-03T20:31:56.730+0200] {processor.py:175} INFO - Processing /home/varun/miniconda3/envs/python38/lib/python3.8/site-packages/airflow/example_dags/tutorial_dag.py took 0.077 seconds
[2025-09-03T20:32:43.480+0200] {processor.py:153} INFO - Started process (PID=5773) to work on /home/varun/miniconda3/envs/python38/lib/python3.8/site-packages/airflow/example_dags/tutorial_dag.py
[2025-09-03T20:32:43.481+0200] {processor.py:743} INFO - Processing file /home/varun/miniconda3/envs/python38/lib/python3.8/site-packages/airflow/example_dags/tutorial_dag.py for tasks to queue
[2025-09-03T20:32:43.482+0200] {logging_mixin.py:137} INFO - [2025-09-03T20:32:43.482+0200] {dagbag.py:532} INFO - Filling up the DagBag from /home/varun/miniconda3/envs/python38/lib/python3.8/site-packages/airflow/example_dags/tutorial_dag.py
[2025-09-03T20:32:43.493+0200] {processor.py:753} INFO - DAG(s) dict_keys(['tutorial_dag']) retrieved from /home/varun/miniconda3/envs/python38/lib/python3.8/site-packages/airflow/example_dags/tutorial_dag.py
[2025-09-03T20:32:43.512+0200] {logging_mixin.py:137} INFO - [2025-09-03T20:32:43.512+0200] {dag.py:2705} INFO - Sync 1 DAGs
[2025-09-03T20:32:43.529+0200] {logging_mixin.py:137} INFO - [2025-09-03T20:32:43.529+0200] {dag.py:3452} INFO - Setting next_dagrun for tutorial_dag to None, run_after=None
[2025-09-03T20:32:43.549+0200] {processor.py:175} INFO - Processing /home/varun/miniconda3/envs/python38/lib/python3.8/site-packages/airflow/example_dags/tutorial_dag.py took 0.073 seconds
[2025-09-03T20:33:29.832+0200] {processor.py:153} INFO - Started process (PID=5815) to work on /home/varun/miniconda3/envs/python38/lib/python3.8/site-packages/airflow/example_dags/tutorial_dag.py
[2025-09-03T20:33:29.833+0200] {processor.py:743} INFO - Processing file /home/varun/miniconda3/envs/python38/lib/python3.8/site-packages/airflow/example_dags/tutorial_dag.py for tasks to queue
[2025-09-03T20:33:29.833+0200] {logging_mixin.py:137} INFO - [2025-09-03T20:33:29.833+0200] {dagbag.py:532} INFO - Filling up the DagBag from /home/varun/miniconda3/envs/python38/lib/python3.8/site-packages/airflow/example_dags/tutorial_dag.py
[2025-09-03T20:33:29.846+0200] {processor.py:753} INFO - DAG(s) dict_keys(['tutorial_dag']) retrieved from /home/varun/miniconda3/envs/python38/lib/python3.8/site-packages/airflow/example_dags/tutorial_dag.py
[2025-09-03T20:33:29.864+0200] {logging_mixin.py:137} INFO - [2025-09-03T20:33:29.864+0200] {dag.py:2705} INFO - Sync 1 DAGs
[2025-09-03T20:33:29.878+0200] {logging_mixin.py:137} INFO - [2025-09-03T20:33:29.878+0200] {dag.py:3452} INFO - Setting next_dagrun for tutorial_dag to None, run_after=None
[2025-09-03T20:33:29.900+0200] {processor.py:175} INFO - Processing /home/varun/miniconda3/envs/python38/lib/python3.8/site-packages/airflow/example_dags/tutorial_dag.py took 0.072 seconds
[2025-09-03T20:34:15.208+0200] {processor.py:153} INFO - Started process (PID=5857) to work on /home/varun/miniconda3/envs/python38/lib/python3.8/site-packages/airflow/example_dags/tutorial_dag.py
[2025-09-03T20:34:15.210+0200] {processor.py:743} INFO - Processing file /home/varun/miniconda3/envs/python38/lib/python3.8/site-packages/airflow/example_dags/tutorial_dag.py for tasks to queue
[2025-09-03T20:34:15.210+0200] {logging_mixin.py:137} INFO - [2025-09-03T20:34:15.210+0200] {dagbag.py:532} INFO - Filling up the DagBag from /home/varun/miniconda3/envs/python38/lib/python3.8/site-packages/airflow/example_dags/tutorial_dag.py
[2025-09-03T20:34:15.222+0200] {processor.py:753} INFO - DAG(s) dict_keys(['tutorial_dag']) retrieved from /home/varun/miniconda3/envs/python38/lib/python3.8/site-packages/airflow/example_dags/tutorial_dag.py
[2025-09-03T20:34:15.238+0200] {logging_mixin.py:137} INFO - [2025-09-03T20:34:15.238+0200] {dag.py:2705} INFO - Sync 1 DAGs
[2025-09-03T20:34:15.252+0200] {logging_mixin.py:137} INFO - [2025-09-03T20:34:15.252+0200] {dag.py:3452} INFO - Setting next_dagrun for tutorial_dag to None, run_after=None
[2025-09-03T20:34:15.272+0200] {processor.py:175} INFO - Processing /home/varun/miniconda3/envs/python38/lib/python3.8/site-packages/airflow/example_dags/tutorial_dag.py took 0.067 seconds
[2025-09-03T20:35:02.812+0200] {processor.py:153} INFO - Started process (PID=5900) to work on /home/varun/miniconda3/envs/python38/lib/python3.8/site-packages/airflow/example_dags/tutorial_dag.py
[2025-09-03T20:35:02.814+0200] {processor.py:743} INFO - Processing file /home/varun/miniconda3/envs/python38/lib/python3.8/site-packages/airflow/example_dags/tutorial_dag.py for tasks to queue
[2025-09-03T20:35:02.814+0200] {logging_mixin.py:137} INFO - [2025-09-03T20:35:02.814+0200] {dagbag.py:532} INFO - Filling up the DagBag from /home/varun/miniconda3/envs/python38/lib/python3.8/site-packages/airflow/example_dags/tutorial_dag.py
[2025-09-03T20:35:02.827+0200] {processor.py:753} INFO - DAG(s) dict_keys(['tutorial_dag']) retrieved from /home/varun/miniconda3/envs/python38/lib/python3.8/site-packages/airflow/example_dags/tutorial_dag.py
[2025-09-03T20:35:02.846+0200] {logging_mixin.py:137} INFO - [2025-09-03T20:35:02.846+0200] {dag.py:2705} INFO - Sync 1 DAGs
[2025-09-03T20:35:02.861+0200] {logging_mixin.py:137} INFO - [2025-09-03T20:35:02.860+0200] {dag.py:3452} INFO - Setting next_dagrun for tutorial_dag to None, run_after=None
[2025-09-03T20:35:02.883+0200] {processor.py:175} INFO - Processing /home/varun/miniconda3/envs/python38/lib/python3.8/site-packages/airflow/example_dags/tutorial_dag.py took 0.074 seconds
[2025-09-03T20:35:48.298+0200] {processor.py:153} INFO - Started process (PID=5942) to work on /home/varun/miniconda3/envs/python38/lib/python3.8/site-packages/airflow/example_dags/tutorial_dag.py
[2025-09-03T20:35:48.300+0200] {processor.py:743} INFO - Processing file /home/varun/miniconda3/envs/python38/lib/python3.8/site-packages/airflow/example_dags/tutorial_dag.py for tasks to queue
[2025-09-03T20:35:48.301+0200] {logging_mixin.py:137} INFO - [2025-09-03T20:35:48.301+0200] {dagbag.py:532} INFO - Filling up the DagBag from /home/varun/miniconda3/envs/python38/lib/python3.8/site-packages/airflow/example_dags/tutorial_dag.py
[2025-09-03T20:35:48.312+0200] {processor.py:753} INFO - DAG(s) dict_keys(['tutorial_dag']) retrieved from /home/varun/miniconda3/envs/python38/lib/python3.8/site-packages/airflow/example_dags/tutorial_dag.py
[2025-09-03T20:35:48.329+0200] {logging_mixin.py:137} INFO - [2025-09-03T20:35:48.329+0200] {dag.py:2705} INFO - Sync 1 DAGs
[2025-09-03T20:35:48.345+0200] {logging_mixin.py:137} INFO - [2025-09-03T20:35:48.344+0200] {dag.py:3452} INFO - Setting next_dagrun for tutorial_dag to None, run_after=None
[2025-09-03T20:35:48.368+0200] {processor.py:175} INFO - Processing /home/varun/miniconda3/envs/python38/lib/python3.8/site-packages/airflow/example_dags/tutorial_dag.py took 0.073 seconds
[2025-09-03T20:36:33.221+0200] {processor.py:153} INFO - Started process (PID=5984) to work on /home/varun/miniconda3/envs/python38/lib/python3.8/site-packages/airflow/example_dags/tutorial_dag.py
[2025-09-03T20:36:33.222+0200] {processor.py:743} INFO - Processing file /home/varun/miniconda3/envs/python38/lib/python3.8/site-packages/airflow/example_dags/tutorial_dag.py for tasks to queue
[2025-09-03T20:36:33.223+0200] {logging_mixin.py:137} INFO - [2025-09-03T20:36:33.223+0200] {dagbag.py:532} INFO - Filling up the DagBag from /home/varun/miniconda3/envs/python38/lib/python3.8/site-packages/airflow/example_dags/tutorial_dag.py
[2025-09-03T20:36:33.237+0200] {processor.py:753} INFO - DAG(s) dict_keys(['tutorial_dag']) retrieved from /home/varun/miniconda3/envs/python38/lib/python3.8/site-packages/airflow/example_dags/tutorial_dag.py
[2025-09-03T20:36:33.257+0200] {logging_mixin.py:137} INFO - [2025-09-03T20:36:33.257+0200] {dag.py:2705} INFO - Sync 1 DAGs
[2025-09-03T20:36:33.276+0200] {logging_mixin.py:137} INFO - [2025-09-03T20:36:33.276+0200] {dag.py:3452} INFO - Setting next_dagrun for tutorial_dag to None, run_after=None
[2025-09-03T20:36:33.298+0200] {processor.py:175} INFO - Processing /home/varun/miniconda3/envs/python38/lib/python3.8/site-packages/airflow/example_dags/tutorial_dag.py took 0.082 seconds
