[2025-09-03T19:42:11.023+0200] {processor.py:153} INFO - Started process (PID=3079) to work on /home/varun/miniconda3/envs/python38/lib/python3.8/site-packages/airflow/example_dags/tutorial_taskflow_api_virtualenv.py
[2025-09-03T19:42:11.024+0200] {processor.py:743} INFO - Processing file /home/varun/miniconda3/envs/python38/lib/python3.8/site-packages/airflow/example_dags/tutorial_taskflow_api_virtualenv.py for tasks to queue
[2025-09-03T19:42:11.025+0200] {logging_mixin.py:137} INFO - [2025-09-03T19:42:11.024+0200] {dagbag.py:532} INFO - Filling up the DagBag from /home/varun/miniconda3/envs/python38/lib/python3.8/site-packages/airflow/example_dags/tutorial_taskflow_api_virtualenv.py
[2025-09-03T19:42:11.137+0200] {logging_mixin.py:137} INFO - [2025-09-03T19:42:11.137+0200] {tutorial_taskflow_api_virtualenv.py:29} WARNING - The tutorial_taskflow_api_virtualenv example DAG requires virtualenv, please install it.
[2025-09-03T19:42:11.138+0200] {processor.py:755} WARNING - No viable dags retrieved from /home/varun/miniconda3/envs/python38/lib/python3.8/site-packages/airflow/example_dags/tutorial_taskflow_api_virtualenv.py
[2025-09-03T19:42:11.153+0200] {processor.py:175} INFO - Processing /home/varun/miniconda3/envs/python38/lib/python3.8/site-packages/airflow/example_dags/tutorial_taskflow_api_virtualenv.py took 0.134 seconds
[2025-09-03T19:43:05.451+0200] {processor.py:153} INFO - Started process (PID=3121) to work on /home/varun/miniconda3/envs/python38/lib/python3.8/site-packages/airflow/example_dags/tutorial_taskflow_api_virtualenv.py
[2025-09-03T19:43:05.453+0200] {processor.py:743} INFO - Processing file /home/varun/miniconda3/envs/python38/lib/python3.8/site-packages/airflow/example_dags/tutorial_taskflow_api_virtualenv.py for tasks to queue
[2025-09-03T19:43:05.453+0200] {logging_mixin.py:137} INFO - [2025-09-03T19:43:05.453+0200] {dagbag.py:532} INFO - Filling up the DagBag from /home/varun/miniconda3/envs/python38/lib/python3.8/site-packages/airflow/example_dags/tutorial_taskflow_api_virtualenv.py
[2025-09-03T19:43:05.529+0200] {logging_mixin.py:137} INFO - [2025-09-03T19:43:05.529+0200] {tutorial_taskflow_api_virtualenv.py:29} WARNING - The tutorial_taskflow_api_virtualenv example DAG requires virtualenv, please install it.
[2025-09-03T19:43:05.529+0200] {processor.py:755} WARNING - No viable dags retrieved from /home/varun/miniconda3/envs/python38/lib/python3.8/site-packages/airflow/example_dags/tutorial_taskflow_api_virtualenv.py
[2025-09-03T19:43:05.540+0200] {processor.py:175} INFO - Processing /home/varun/miniconda3/envs/python38/lib/python3.8/site-packages/airflow/example_dags/tutorial_taskflow_api_virtualenv.py took 0.093 seconds
[2025-09-03T19:43:51.798+0200] {processor.py:153} INFO - Started process (PID=3163) to work on /home/varun/miniconda3/envs/python38/lib/python3.8/site-packages/airflow/example_dags/tutorial_taskflow_api_virtualenv.py
[2025-09-03T19:43:51.799+0200] {processor.py:743} INFO - Processing file /home/varun/miniconda3/envs/python38/lib/python3.8/site-packages/airflow/example_dags/tutorial_taskflow_api_virtualenv.py for tasks to queue
[2025-09-03T19:43:51.800+0200] {logging_mixin.py:137} INFO - [2025-09-03T19:43:51.800+0200] {dagbag.py:532} INFO - Filling up the DagBag from /home/varun/miniconda3/envs/python38/lib/python3.8/site-packages/airflow/example_dags/tutorial_taskflow_api_virtualenv.py
[2025-09-03T19:43:51.872+0200] {logging_mixin.py:137} INFO - [2025-09-03T19:43:51.872+0200] {tutorial_taskflow_api_virtualenv.py:29} WARNING - The tutorial_taskflow_api_virtualenv example DAG requires virtualenv, please install it.
[2025-09-03T19:43:51.872+0200] {processor.py:755} WARNING - No viable dags retrieved from /home/varun/miniconda3/envs/python38/lib/python3.8/site-packages/airflow/example_dags/tutorial_taskflow_api_virtualenv.py
[2025-09-03T19:43:51.882+0200] {processor.py:175} INFO - Processing /home/varun/miniconda3/envs/python38/lib/python3.8/site-packages/airflow/example_dags/tutorial_taskflow_api_virtualenv.py took 0.088 seconds
[2025-09-03T19:44:38.312+0200] {processor.py:153} INFO - Started process (PID=3205) to work on /home/varun/miniconda3/envs/python38/lib/python3.8/site-packages/airflow/example_dags/tutorial_taskflow_api_virtualenv.py
[2025-09-03T19:44:38.313+0200] {processor.py:743} INFO - Processing file /home/varun/miniconda3/envs/python38/lib/python3.8/site-packages/airflow/example_dags/tutorial_taskflow_api_virtualenv.py for tasks to queue
[2025-09-03T19:44:38.314+0200] {logging_mixin.py:137} INFO - [2025-09-03T19:44:38.314+0200] {dagbag.py:532} INFO - Filling up the DagBag from /home/varun/miniconda3/envs/python38/lib/python3.8/site-packages/airflow/example_dags/tutorial_taskflow_api_virtualenv.py
[2025-09-03T19:44:38.400+0200] {logging_mixin.py:137} INFO - [2025-09-03T19:44:38.400+0200] {tutorial_taskflow_api_virtualenv.py:29} WARNING - The tutorial_taskflow_api_virtualenv example DAG requires virtualenv, please install it.
[2025-09-03T19:44:38.400+0200] {processor.py:755} WARNING - No viable dags retrieved from /home/varun/miniconda3/envs/python38/lib/python3.8/site-packages/airflow/example_dags/tutorial_taskflow_api_virtualenv.py
[2025-09-03T19:44:38.412+0200] {processor.py:175} INFO - Processing /home/varun/miniconda3/envs/python38/lib/python3.8/site-packages/airflow/example_dags/tutorial_taskflow_api_virtualenv.py took 0.103 seconds
[2025-09-03T19:45:30.310+0200] {processor.py:153} INFO - Started process (PID=3248) to work on /home/varun/miniconda3/envs/python38/lib/python3.8/site-packages/airflow/example_dags/tutorial_taskflow_api_virtualenv.py
[2025-09-03T19:45:30.312+0200] {processor.py:743} INFO - Processing file /home/varun/miniconda3/envs/python38/lib/python3.8/site-packages/airflow/example_dags/tutorial_taskflow_api_virtualenv.py for tasks to queue
[2025-09-03T19:45:30.312+0200] {logging_mixin.py:137} INFO - [2025-09-03T19:45:30.312+0200] {dagbag.py:532} INFO - Filling up the DagBag from /home/varun/miniconda3/envs/python38/lib/python3.8/site-packages/airflow/example_dags/tutorial_taskflow_api_virtualenv.py
[2025-09-03T19:45:30.442+0200] {logging_mixin.py:137} INFO - [2025-09-03T19:45:30.441+0200] {tutorial_taskflow_api_virtualenv.py:29} WARNING - The tutorial_taskflow_api_virtualenv example DAG requires virtualenv, please install it.
[2025-09-03T19:45:30.442+0200] {processor.py:755} WARNING - No viable dags retrieved from /home/varun/miniconda3/envs/python38/lib/python3.8/site-packages/airflow/example_dags/tutorial_taskflow_api_virtualenv.py
[2025-09-03T19:45:30.453+0200] {processor.py:175} INFO - Processing /home/varun/miniconda3/envs/python38/lib/python3.8/site-packages/airflow/example_dags/tutorial_taskflow_api_virtualenv.py took 0.146 seconds
[2025-09-03T19:46:14.221+0200] {processor.py:153} INFO - Started process (PID=3318) to work on /home/varun/miniconda3/envs/python38/lib/python3.8/site-packages/airflow/example_dags/tutorial_taskflow_api_virtualenv.py
[2025-09-03T19:46:14.223+0200] {processor.py:743} INFO - Processing file /home/varun/miniconda3/envs/python38/lib/python3.8/site-packages/airflow/example_dags/tutorial_taskflow_api_virtualenv.py for tasks to queue
[2025-09-03T19:46:14.223+0200] {logging_mixin.py:137} INFO - [2025-09-03T19:46:14.223+0200] {dagbag.py:532} INFO - Filling up the DagBag from /home/varun/miniconda3/envs/python38/lib/python3.8/site-packages/airflow/example_dags/tutorial_taskflow_api_virtualenv.py
[2025-09-03T19:46:14.312+0200] {logging_mixin.py:137} INFO - [2025-09-03T19:46:14.312+0200] {tutorial_taskflow_api_virtualenv.py:29} WARNING - The tutorial_taskflow_api_virtualenv example DAG requires virtualenv, please install it.
[2025-09-03T19:46:14.312+0200] {processor.py:755} WARNING - No viable dags retrieved from /home/varun/miniconda3/envs/python38/lib/python3.8/site-packages/airflow/example_dags/tutorial_taskflow_api_virtualenv.py
[2025-09-03T19:46:14.324+0200] {processor.py:175} INFO - Processing /home/varun/miniconda3/envs/python38/lib/python3.8/site-packages/airflow/example_dags/tutorial_taskflow_api_virtualenv.py took 0.108 seconds
[2025-09-03T19:46:59.417+0200] {processor.py:153} INFO - Started process (PID=3366) to work on /home/varun/miniconda3/envs/python38/lib/python3.8/site-packages/airflow/example_dags/tutorial_taskflow_api_virtualenv.py
[2025-09-03T19:46:59.418+0200] {processor.py:743} INFO - Processing file /home/varun/miniconda3/envs/python38/lib/python3.8/site-packages/airflow/example_dags/tutorial_taskflow_api_virtualenv.py for tasks to queue
[2025-09-03T19:46:59.419+0200] {logging_mixin.py:137} INFO - [2025-09-03T19:46:59.419+0200] {dagbag.py:532} INFO - Filling up the DagBag from /home/varun/miniconda3/envs/python38/lib/python3.8/site-packages/airflow/example_dags/tutorial_taskflow_api_virtualenv.py
[2025-09-03T19:46:59.490+0200] {logging_mixin.py:137} INFO - [2025-09-03T19:46:59.489+0200] {tutorial_taskflow_api_virtualenv.py:29} WARNING - The tutorial_taskflow_api_virtualenv example DAG requires virtualenv, please install it.
[2025-09-03T19:46:59.490+0200] {processor.py:755} WARNING - No viable dags retrieved from /home/varun/miniconda3/envs/python38/lib/python3.8/site-packages/airflow/example_dags/tutorial_taskflow_api_virtualenv.py
[2025-09-03T19:46:59.498+0200] {processor.py:175} INFO - Processing /home/varun/miniconda3/envs/python38/lib/python3.8/site-packages/airflow/example_dags/tutorial_taskflow_api_virtualenv.py took 0.084 seconds
[2025-09-03T19:47:44.621+0200] {processor.py:153} INFO - Started process (PID=3416) to work on /home/varun/miniconda3/envs/python38/lib/python3.8/site-packages/airflow/example_dags/tutorial_taskflow_api_virtualenv.py
[2025-09-03T19:47:44.624+0200] {processor.py:743} INFO - Processing file /home/varun/miniconda3/envs/python38/lib/python3.8/site-packages/airflow/example_dags/tutorial_taskflow_api_virtualenv.py for tasks to queue
[2025-09-03T19:47:44.625+0200] {logging_mixin.py:137} INFO - [2025-09-03T19:47:44.625+0200] {dagbag.py:532} INFO - Filling up the DagBag from /home/varun/miniconda3/envs/python38/lib/python3.8/site-packages/airflow/example_dags/tutorial_taskflow_api_virtualenv.py
[2025-09-03T19:47:44.747+0200] {logging_mixin.py:137} INFO - [2025-09-03T19:47:44.746+0200] {tutorial_taskflow_api_virtualenv.py:29} WARNING - The tutorial_taskflow_api_virtualenv example DAG requires virtualenv, please install it.
[2025-09-03T19:47:44.747+0200] {processor.py:755} WARNING - No viable dags retrieved from /home/varun/miniconda3/envs/python38/lib/python3.8/site-packages/airflow/example_dags/tutorial_taskflow_api_virtualenv.py
[2025-09-03T19:47:44.760+0200] {processor.py:175} INFO - Processing /home/varun/miniconda3/envs/python38/lib/python3.8/site-packages/airflow/example_dags/tutorial_taskflow_api_virtualenv.py took 0.145 seconds
[2025-09-03T19:48:34.678+0200] {processor.py:153} INFO - Started process (PID=3458) to work on /home/varun/miniconda3/envs/python38/lib/python3.8/site-packages/airflow/example_dags/tutorial_taskflow_api_virtualenv.py
[2025-09-03T19:48:34.680+0200] {processor.py:743} INFO - Processing file /home/varun/miniconda3/envs/python38/lib/python3.8/site-packages/airflow/example_dags/tutorial_taskflow_api_virtualenv.py for tasks to queue
[2025-09-03T19:48:34.682+0200] {logging_mixin.py:137} INFO - [2025-09-03T19:48:34.681+0200] {dagbag.py:532} INFO - Filling up the DagBag from /home/varun/miniconda3/envs/python38/lib/python3.8/site-packages/airflow/example_dags/tutorial_taskflow_api_virtualenv.py
[2025-09-03T19:48:34.857+0200] {logging_mixin.py:137} INFO - [2025-09-03T19:48:34.856+0200] {tutorial_taskflow_api_virtualenv.py:29} WARNING - The tutorial_taskflow_api_virtualenv example DAG requires virtualenv, please install it.
[2025-09-03T19:48:34.858+0200] {processor.py:755} WARNING - No viable dags retrieved from /home/varun/miniconda3/envs/python38/lib/python3.8/site-packages/airflow/example_dags/tutorial_taskflow_api_virtualenv.py
[2025-09-03T19:48:34.881+0200] {processor.py:175} INFO - Processing /home/varun/miniconda3/envs/python38/lib/python3.8/site-packages/airflow/example_dags/tutorial_taskflow_api_virtualenv.py took 0.209 seconds
[2025-09-03T19:49:24.623+0200] {processor.py:153} INFO - Started process (PID=3500) to work on /home/varun/miniconda3/envs/python38/lib/python3.8/site-packages/airflow/example_dags/tutorial_taskflow_api_virtualenv.py
[2025-09-03T19:49:24.625+0200] {processor.py:743} INFO - Processing file /home/varun/miniconda3/envs/python38/lib/python3.8/site-packages/airflow/example_dags/tutorial_taskflow_api_virtualenv.py for tasks to queue
[2025-09-03T19:49:24.626+0200] {logging_mixin.py:137} INFO - [2025-09-03T19:49:24.625+0200] {dagbag.py:532} INFO - Filling up the DagBag from /home/varun/miniconda3/envs/python38/lib/python3.8/site-packages/airflow/example_dags/tutorial_taskflow_api_virtualenv.py
[2025-09-03T19:49:24.707+0200] {logging_mixin.py:137} INFO - [2025-09-03T19:49:24.707+0200] {tutorial_taskflow_api_virtualenv.py:29} WARNING - The tutorial_taskflow_api_virtualenv example DAG requires virtualenv, please install it.
[2025-09-03T19:49:24.707+0200] {processor.py:755} WARNING - No viable dags retrieved from /home/varun/miniconda3/envs/python38/lib/python3.8/site-packages/airflow/example_dags/tutorial_taskflow_api_virtualenv.py
[2025-09-03T19:49:24.717+0200] {processor.py:175} INFO - Processing /home/varun/miniconda3/envs/python38/lib/python3.8/site-packages/airflow/example_dags/tutorial_taskflow_api_virtualenv.py took 0.097 seconds
[2025-09-03T19:50:14.653+0200] {processor.py:153} INFO - Started process (PID=3551) to work on /home/varun/miniconda3/envs/python38/lib/python3.8/site-packages/airflow/example_dags/tutorial_taskflow_api_virtualenv.py
[2025-09-03T19:50:14.655+0200] {processor.py:743} INFO - Processing file /home/varun/miniconda3/envs/python38/lib/python3.8/site-packages/airflow/example_dags/tutorial_taskflow_api_virtualenv.py for tasks to queue
[2025-09-03T19:50:14.655+0200] {logging_mixin.py:137} INFO - [2025-09-03T19:50:14.655+0200] {dagbag.py:532} INFO - Filling up the DagBag from /home/varun/miniconda3/envs/python38/lib/python3.8/site-packages/airflow/example_dags/tutorial_taskflow_api_virtualenv.py
[2025-09-03T19:50:14.749+0200] {logging_mixin.py:137} INFO - [2025-09-03T19:50:14.749+0200] {tutorial_taskflow_api_virtualenv.py:29} WARNING - The tutorial_taskflow_api_virtualenv example DAG requires virtualenv, please install it.
[2025-09-03T19:50:14.749+0200] {processor.py:755} WARNING - No viable dags retrieved from /home/varun/miniconda3/envs/python38/lib/python3.8/site-packages/airflow/example_dags/tutorial_taskflow_api_virtualenv.py
[2025-09-03T19:50:14.760+0200] {processor.py:175} INFO - Processing /home/varun/miniconda3/envs/python38/lib/python3.8/site-packages/airflow/example_dags/tutorial_taskflow_api_virtualenv.py took 0.111 seconds
[2025-09-03T19:50:59.971+0200] {processor.py:153} INFO - Started process (PID=3597) to work on /home/varun/miniconda3/envs/python38/lib/python3.8/site-packages/airflow/example_dags/tutorial_taskflow_api_virtualenv.py
[2025-09-03T19:50:59.972+0200] {processor.py:743} INFO - Processing file /home/varun/miniconda3/envs/python38/lib/python3.8/site-packages/airflow/example_dags/tutorial_taskflow_api_virtualenv.py for tasks to queue
[2025-09-03T19:50:59.973+0200] {logging_mixin.py:137} INFO - [2025-09-03T19:50:59.973+0200] {dagbag.py:532} INFO - Filling up the DagBag from /home/varun/miniconda3/envs/python38/lib/python3.8/site-packages/airflow/example_dags/tutorial_taskflow_api_virtualenv.py
[2025-09-03T19:51:00.047+0200] {logging_mixin.py:137} INFO - [2025-09-03T19:51:00.047+0200] {tutorial_taskflow_api_virtualenv.py:29} WARNING - The tutorial_taskflow_api_virtualenv example DAG requires virtualenv, please install it.
[2025-09-03T19:51:00.047+0200] {processor.py:755} WARNING - No viable dags retrieved from /home/varun/miniconda3/envs/python38/lib/python3.8/site-packages/airflow/example_dags/tutorial_taskflow_api_virtualenv.py
[2025-09-03T19:51:00.056+0200] {processor.py:175} INFO - Processing /home/varun/miniconda3/envs/python38/lib/python3.8/site-packages/airflow/example_dags/tutorial_taskflow_api_virtualenv.py took 0.089 seconds
[2025-09-03T19:51:46.231+0200] {processor.py:153} INFO - Started process (PID=3652) to work on /home/varun/miniconda3/envs/python38/lib/python3.8/site-packages/airflow/example_dags/tutorial_taskflow_api_virtualenv.py
[2025-09-03T19:51:46.232+0200] {processor.py:743} INFO - Processing file /home/varun/miniconda3/envs/python38/lib/python3.8/site-packages/airflow/example_dags/tutorial_taskflow_api_virtualenv.py for tasks to queue
[2025-09-03T19:51:46.233+0200] {logging_mixin.py:137} INFO - [2025-09-03T19:51:46.233+0200] {dagbag.py:532} INFO - Filling up the DagBag from /home/varun/miniconda3/envs/python38/lib/python3.8/site-packages/airflow/example_dags/tutorial_taskflow_api_virtualenv.py
[2025-09-03T19:51:46.318+0200] {logging_mixin.py:137} INFO - [2025-09-03T19:51:46.318+0200] {tutorial_taskflow_api_virtualenv.py:29} WARNING - The tutorial_taskflow_api_virtualenv example DAG requires virtualenv, please install it.
[2025-09-03T19:51:46.319+0200] {processor.py:755} WARNING - No viable dags retrieved from /home/varun/miniconda3/envs/python38/lib/python3.8/site-packages/airflow/example_dags/tutorial_taskflow_api_virtualenv.py
[2025-09-03T19:51:46.329+0200] {processor.py:175} INFO - Processing /home/varun/miniconda3/envs/python38/lib/python3.8/site-packages/airflow/example_dags/tutorial_taskflow_api_virtualenv.py took 0.102 seconds
[2025-09-03T19:52:39.620+0200] {processor.py:153} INFO - Started process (PID=3698) to work on /home/varun/miniconda3/envs/python38/lib/python3.8/site-packages/airflow/example_dags/tutorial_taskflow_api_virtualenv.py
[2025-09-03T19:52:39.622+0200] {processor.py:743} INFO - Processing file /home/varun/miniconda3/envs/python38/lib/python3.8/site-packages/airflow/example_dags/tutorial_taskflow_api_virtualenv.py for tasks to queue
[2025-09-03T19:52:39.623+0200] {logging_mixin.py:137} INFO - [2025-09-03T19:52:39.623+0200] {dagbag.py:532} INFO - Filling up the DagBag from /home/varun/miniconda3/envs/python38/lib/python3.8/site-packages/airflow/example_dags/tutorial_taskflow_api_virtualenv.py
[2025-09-03T19:52:39.716+0200] {logging_mixin.py:137} INFO - [2025-09-03T19:52:39.716+0200] {tutorial_taskflow_api_virtualenv.py:29} WARNING - The tutorial_taskflow_api_virtualenv example DAG requires virtualenv, please install it.
[2025-09-03T19:52:39.716+0200] {processor.py:755} WARNING - No viable dags retrieved from /home/varun/miniconda3/envs/python38/lib/python3.8/site-packages/airflow/example_dags/tutorial_taskflow_api_virtualenv.py
[2025-09-03T19:52:39.732+0200] {processor.py:175} INFO - Processing /home/varun/miniconda3/envs/python38/lib/python3.8/site-packages/airflow/example_dags/tutorial_taskflow_api_virtualenv.py took 0.116 seconds
[2025-09-03T19:53:28.990+0200] {processor.py:153} INFO - Started process (PID=3740) to work on /home/varun/miniconda3/envs/python38/lib/python3.8/site-packages/airflow/example_dags/tutorial_taskflow_api_virtualenv.py
[2025-09-03T19:53:28.998+0200] {processor.py:743} INFO - Processing file /home/varun/miniconda3/envs/python38/lib/python3.8/site-packages/airflow/example_dags/tutorial_taskflow_api_virtualenv.py for tasks to queue
[2025-09-03T19:53:28.999+0200] {logging_mixin.py:137} INFO - [2025-09-03T19:53:28.999+0200] {dagbag.py:532} INFO - Filling up the DagBag from /home/varun/miniconda3/envs/python38/lib/python3.8/site-packages/airflow/example_dags/tutorial_taskflow_api_virtualenv.py
[2025-09-03T19:53:29.088+0200] {logging_mixin.py:137} INFO - [2025-09-03T19:53:29.087+0200] {tutorial_taskflow_api_virtualenv.py:29} WARNING - The tutorial_taskflow_api_virtualenv example DAG requires virtualenv, please install it.
[2025-09-03T19:53:29.088+0200] {processor.py:755} WARNING - No viable dags retrieved from /home/varun/miniconda3/envs/python38/lib/python3.8/site-packages/airflow/example_dags/tutorial_taskflow_api_virtualenv.py
[2025-09-03T19:53:29.101+0200] {processor.py:175} INFO - Processing /home/varun/miniconda3/envs/python38/lib/python3.8/site-packages/airflow/example_dags/tutorial_taskflow_api_virtualenv.py took 0.114 seconds
[2025-09-03T19:54:31.259+0200] {processor.py:153} INFO - Started process (PID=3793) to work on /home/varun/miniconda3/envs/python38/lib/python3.8/site-packages/airflow/example_dags/tutorial_taskflow_api_virtualenv.py
[2025-09-03T19:54:31.261+0200] {processor.py:743} INFO - Processing file /home/varun/miniconda3/envs/python38/lib/python3.8/site-packages/airflow/example_dags/tutorial_taskflow_api_virtualenv.py for tasks to queue
[2025-09-03T19:54:31.262+0200] {logging_mixin.py:137} INFO - [2025-09-03T19:54:31.262+0200] {dagbag.py:532} INFO - Filling up the DagBag from /home/varun/miniconda3/envs/python38/lib/python3.8/site-packages/airflow/example_dags/tutorial_taskflow_api_virtualenv.py
[2025-09-03T19:54:31.349+0200] {logging_mixin.py:137} INFO - [2025-09-03T19:54:31.349+0200] {tutorial_taskflow_api_virtualenv.py:29} WARNING - The tutorial_taskflow_api_virtualenv example DAG requires virtualenv, please install it.
[2025-09-03T19:54:31.349+0200] {processor.py:755} WARNING - No viable dags retrieved from /home/varun/miniconda3/envs/python38/lib/python3.8/site-packages/airflow/example_dags/tutorial_taskflow_api_virtualenv.py
[2025-09-03T19:54:31.380+0200] {processor.py:175} INFO - Processing /home/varun/miniconda3/envs/python38/lib/python3.8/site-packages/airflow/example_dags/tutorial_taskflow_api_virtualenv.py took 0.125 seconds
[2025-09-03T19:55:26.584+0200] {processor.py:153} INFO - Started process (PID=3849) to work on /home/varun/miniconda3/envs/python38/lib/python3.8/site-packages/airflow/example_dags/tutorial_taskflow_api_virtualenv.py
[2025-09-03T19:55:26.586+0200] {processor.py:743} INFO - Processing file /home/varun/miniconda3/envs/python38/lib/python3.8/site-packages/airflow/example_dags/tutorial_taskflow_api_virtualenv.py for tasks to queue
[2025-09-03T19:55:26.587+0200] {logging_mixin.py:137} INFO - [2025-09-03T19:55:26.587+0200] {dagbag.py:532} INFO - Filling up the DagBag from /home/varun/miniconda3/envs/python38/lib/python3.8/site-packages/airflow/example_dags/tutorial_taskflow_api_virtualenv.py
[2025-09-03T19:55:26.726+0200] {logging_mixin.py:137} INFO - [2025-09-03T19:55:26.725+0200] {tutorial_taskflow_api_virtualenv.py:29} WARNING - The tutorial_taskflow_api_virtualenv example DAG requires virtualenv, please install it.
[2025-09-03T19:55:26.726+0200] {processor.py:755} WARNING - No viable dags retrieved from /home/varun/miniconda3/envs/python38/lib/python3.8/site-packages/airflow/example_dags/tutorial_taskflow_api_virtualenv.py
[2025-09-03T19:55:26.740+0200] {processor.py:175} INFO - Processing /home/varun/miniconda3/envs/python38/lib/python3.8/site-packages/airflow/example_dags/tutorial_taskflow_api_virtualenv.py took 0.161 seconds
[2025-09-03T19:56:28.894+0200] {processor.py:153} INFO - Started process (PID=3899) to work on /home/varun/miniconda3/envs/python38/lib/python3.8/site-packages/airflow/example_dags/tutorial_taskflow_api_virtualenv.py
[2025-09-03T19:56:28.896+0200] {processor.py:743} INFO - Processing file /home/varun/miniconda3/envs/python38/lib/python3.8/site-packages/airflow/example_dags/tutorial_taskflow_api_virtualenv.py for tasks to queue
[2025-09-03T19:56:28.897+0200] {logging_mixin.py:137} INFO - [2025-09-03T19:56:28.897+0200] {dagbag.py:532} INFO - Filling up the DagBag from /home/varun/miniconda3/envs/python38/lib/python3.8/site-packages/airflow/example_dags/tutorial_taskflow_api_virtualenv.py
[2025-09-03T19:56:29.117+0200] {logging_mixin.py:137} INFO - [2025-09-03T19:56:29.117+0200] {tutorial_taskflow_api_virtualenv.py:29} WARNING - The tutorial_taskflow_api_virtualenv example DAG requires virtualenv, please install it.
[2025-09-03T19:56:29.117+0200] {processor.py:755} WARNING - No viable dags retrieved from /home/varun/miniconda3/envs/python38/lib/python3.8/site-packages/airflow/example_dags/tutorial_taskflow_api_virtualenv.py
[2025-09-03T19:56:29.124+0200] {processor.py:175} INFO - Processing /home/varun/miniconda3/envs/python38/lib/python3.8/site-packages/airflow/example_dags/tutorial_taskflow_api_virtualenv.py took 0.234 seconds
[2025-09-03T19:57:20.533+0200] {processor.py:153} INFO - Started process (PID=3946) to work on /home/varun/miniconda3/envs/python38/lib/python3.8/site-packages/airflow/example_dags/tutorial_taskflow_api_virtualenv.py
[2025-09-03T19:57:20.535+0200] {processor.py:743} INFO - Processing file /home/varun/miniconda3/envs/python38/lib/python3.8/site-packages/airflow/example_dags/tutorial_taskflow_api_virtualenv.py for tasks to queue
[2025-09-03T19:57:20.536+0200] {logging_mixin.py:137} INFO - [2025-09-03T19:57:20.535+0200] {dagbag.py:532} INFO - Filling up the DagBag from /home/varun/miniconda3/envs/python38/lib/python3.8/site-packages/airflow/example_dags/tutorial_taskflow_api_virtualenv.py
[2025-09-03T19:57:20.626+0200] {logging_mixin.py:137} INFO - [2025-09-03T19:57:20.626+0200] {tutorial_taskflow_api_virtualenv.py:29} WARNING - The tutorial_taskflow_api_virtualenv example DAG requires virtualenv, please install it.
[2025-09-03T19:57:20.626+0200] {processor.py:755} WARNING - No viable dags retrieved from /home/varun/miniconda3/envs/python38/lib/python3.8/site-packages/airflow/example_dags/tutorial_taskflow_api_virtualenv.py
[2025-09-03T19:57:20.637+0200] {processor.py:175} INFO - Processing /home/varun/miniconda3/envs/python38/lib/python3.8/site-packages/airflow/example_dags/tutorial_taskflow_api_virtualenv.py took 0.108 seconds
[2025-09-03T19:58:12.661+0200] {processor.py:153} INFO - Started process (PID=3988) to work on /home/varun/miniconda3/envs/python38/lib/python3.8/site-packages/airflow/example_dags/tutorial_taskflow_api_virtualenv.py
[2025-09-03T19:58:12.663+0200] {processor.py:743} INFO - Processing file /home/varun/miniconda3/envs/python38/lib/python3.8/site-packages/airflow/example_dags/tutorial_taskflow_api_virtualenv.py for tasks to queue
[2025-09-03T19:58:12.664+0200] {logging_mixin.py:137} INFO - [2025-09-03T19:58:12.664+0200] {dagbag.py:532} INFO - Filling up the DagBag from /home/varun/miniconda3/envs/python38/lib/python3.8/site-packages/airflow/example_dags/tutorial_taskflow_api_virtualenv.py
[2025-09-03T19:58:12.762+0200] {logging_mixin.py:137} INFO - [2025-09-03T19:58:12.762+0200] {tutorial_taskflow_api_virtualenv.py:29} WARNING - The tutorial_taskflow_api_virtualenv example DAG requires virtualenv, please install it.
[2025-09-03T19:58:12.763+0200] {processor.py:755} WARNING - No viable dags retrieved from /home/varun/miniconda3/envs/python38/lib/python3.8/site-packages/airflow/example_dags/tutorial_taskflow_api_virtualenv.py
[2025-09-03T19:58:12.774+0200] {processor.py:175} INFO - Processing /home/varun/miniconda3/envs/python38/lib/python3.8/site-packages/airflow/example_dags/tutorial_taskflow_api_virtualenv.py took 0.118 seconds
[2025-09-03T20:00:30.358+0200] {processor.py:153} INFO - Started process (PID=4006) to work on /home/varun/miniconda3/envs/python38/lib/python3.8/site-packages/airflow/example_dags/tutorial_taskflow_api_virtualenv.py
[2025-09-03T20:00:30.360+0200] {processor.py:743} INFO - Processing file /home/varun/miniconda3/envs/python38/lib/python3.8/site-packages/airflow/example_dags/tutorial_taskflow_api_virtualenv.py for tasks to queue
[2025-09-03T20:00:30.361+0200] {logging_mixin.py:137} INFO - [2025-09-03T20:00:30.361+0200] {dagbag.py:532} INFO - Filling up the DagBag from /home/varun/miniconda3/envs/python38/lib/python3.8/site-packages/airflow/example_dags/tutorial_taskflow_api_virtualenv.py
[2025-09-03T20:00:30.433+0200] {logging_mixin.py:137} INFO - [2025-09-03T20:00:30.433+0200] {tutorial_taskflow_api_virtualenv.py:29} WARNING - The tutorial_taskflow_api_virtualenv example DAG requires virtualenv, please install it.
[2025-09-03T20:00:30.433+0200] {processor.py:755} WARNING - No viable dags retrieved from /home/varun/miniconda3/envs/python38/lib/python3.8/site-packages/airflow/example_dags/tutorial_taskflow_api_virtualenv.py
[2025-09-03T20:00:30.444+0200] {processor.py:175} INFO - Processing /home/varun/miniconda3/envs/python38/lib/python3.8/site-packages/airflow/example_dags/tutorial_taskflow_api_virtualenv.py took 0.089 seconds
[2025-09-03T20:01:16.509+0200] {processor.py:153} INFO - Started process (PID=4062) to work on /home/varun/miniconda3/envs/python38/lib/python3.8/site-packages/airflow/example_dags/tutorial_taskflow_api_virtualenv.py
[2025-09-03T20:01:16.512+0200] {processor.py:743} INFO - Processing file /home/varun/miniconda3/envs/python38/lib/python3.8/site-packages/airflow/example_dags/tutorial_taskflow_api_virtualenv.py for tasks to queue
[2025-09-03T20:01:16.514+0200] {logging_mixin.py:137} INFO - [2025-09-03T20:01:16.513+0200] {dagbag.py:532} INFO - Filling up the DagBag from /home/varun/miniconda3/envs/python38/lib/python3.8/site-packages/airflow/example_dags/tutorial_taskflow_api_virtualenv.py
[2025-09-03T20:01:16.653+0200] {logging_mixin.py:137} INFO - [2025-09-03T20:01:16.652+0200] {tutorial_taskflow_api_virtualenv.py:29} WARNING - The tutorial_taskflow_api_virtualenv example DAG requires virtualenv, please install it.
[2025-09-03T20:01:16.653+0200] {processor.py:755} WARNING - No viable dags retrieved from /home/varun/miniconda3/envs/python38/lib/python3.8/site-packages/airflow/example_dags/tutorial_taskflow_api_virtualenv.py
[2025-09-03T20:01:16.674+0200] {processor.py:175} INFO - Processing /home/varun/miniconda3/envs/python38/lib/python3.8/site-packages/airflow/example_dags/tutorial_taskflow_api_virtualenv.py took 0.172 seconds
[2025-09-03T20:02:02.616+0200] {processor.py:153} INFO - Started process (PID=4106) to work on /home/varun/miniconda3/envs/python38/lib/python3.8/site-packages/airflow/example_dags/tutorial_taskflow_api_virtualenv.py
[2025-09-03T20:02:02.617+0200] {processor.py:743} INFO - Processing file /home/varun/miniconda3/envs/python38/lib/python3.8/site-packages/airflow/example_dags/tutorial_taskflow_api_virtualenv.py for tasks to queue
[2025-09-03T20:02:02.618+0200] {logging_mixin.py:137} INFO - [2025-09-03T20:02:02.618+0200] {dagbag.py:532} INFO - Filling up the DagBag from /home/varun/miniconda3/envs/python38/lib/python3.8/site-packages/airflow/example_dags/tutorial_taskflow_api_virtualenv.py
[2025-09-03T20:02:02.696+0200] {logging_mixin.py:137} INFO - [2025-09-03T20:02:02.696+0200] {tutorial_taskflow_api_virtualenv.py:29} WARNING - The tutorial_taskflow_api_virtualenv example DAG requires virtualenv, please install it.
[2025-09-03T20:02:02.697+0200] {processor.py:755} WARNING - No viable dags retrieved from /home/varun/miniconda3/envs/python38/lib/python3.8/site-packages/airflow/example_dags/tutorial_taskflow_api_virtualenv.py
[2025-09-03T20:02:02.707+0200] {processor.py:175} INFO - Processing /home/varun/miniconda3/envs/python38/lib/python3.8/site-packages/airflow/example_dags/tutorial_taskflow_api_virtualenv.py took 0.094 seconds
[2025-09-03T20:02:52.458+0200] {processor.py:153} INFO - Started process (PID=4148) to work on /home/varun/miniconda3/envs/python38/lib/python3.8/site-packages/airflow/example_dags/tutorial_taskflow_api_virtualenv.py
[2025-09-03T20:02:52.460+0200] {processor.py:743} INFO - Processing file /home/varun/miniconda3/envs/python38/lib/python3.8/site-packages/airflow/example_dags/tutorial_taskflow_api_virtualenv.py for tasks to queue
[2025-09-03T20:02:52.461+0200] {logging_mixin.py:137} INFO - [2025-09-03T20:02:52.461+0200] {dagbag.py:532} INFO - Filling up the DagBag from /home/varun/miniconda3/envs/python38/lib/python3.8/site-packages/airflow/example_dags/tutorial_taskflow_api_virtualenv.py
[2025-09-03T20:02:52.551+0200] {logging_mixin.py:137} INFO - [2025-09-03T20:02:52.551+0200] {tutorial_taskflow_api_virtualenv.py:29} WARNING - The tutorial_taskflow_api_virtualenv example DAG requires virtualenv, please install it.
[2025-09-03T20:02:52.551+0200] {processor.py:755} WARNING - No viable dags retrieved from /home/varun/miniconda3/envs/python38/lib/python3.8/site-packages/airflow/example_dags/tutorial_taskflow_api_virtualenv.py
[2025-09-03T20:02:52.562+0200] {processor.py:175} INFO - Processing /home/varun/miniconda3/envs/python38/lib/python3.8/site-packages/airflow/example_dags/tutorial_taskflow_api_virtualenv.py took 0.108 seconds
[2025-09-03T20:03:39.160+0200] {processor.py:153} INFO - Started process (PID=4190) to work on /home/varun/miniconda3/envs/python38/lib/python3.8/site-packages/airflow/example_dags/tutorial_taskflow_api_virtualenv.py
[2025-09-03T20:03:39.162+0200] {processor.py:743} INFO - Processing file /home/varun/miniconda3/envs/python38/lib/python3.8/site-packages/airflow/example_dags/tutorial_taskflow_api_virtualenv.py for tasks to queue
[2025-09-03T20:03:39.163+0200] {logging_mixin.py:137} INFO - [2025-09-03T20:03:39.163+0200] {dagbag.py:532} INFO - Filling up the DagBag from /home/varun/miniconda3/envs/python38/lib/python3.8/site-packages/airflow/example_dags/tutorial_taskflow_api_virtualenv.py
[2025-09-03T20:03:39.253+0200] {logging_mixin.py:137} INFO - [2025-09-03T20:03:39.253+0200] {tutorial_taskflow_api_virtualenv.py:29} WARNING - The tutorial_taskflow_api_virtualenv example DAG requires virtualenv, please install it.
[2025-09-03T20:03:39.253+0200] {processor.py:755} WARNING - No viable dags retrieved from /home/varun/miniconda3/envs/python38/lib/python3.8/site-packages/airflow/example_dags/tutorial_taskflow_api_virtualenv.py
[2025-09-03T20:03:39.264+0200] {processor.py:175} INFO - Processing /home/varun/miniconda3/envs/python38/lib/python3.8/site-packages/airflow/example_dags/tutorial_taskflow_api_virtualenv.py took 0.107 seconds
[2025-09-03T20:04:25.751+0200] {processor.py:153} INFO - Started process (PID=4232) to work on /home/varun/miniconda3/envs/python38/lib/python3.8/site-packages/airflow/example_dags/tutorial_taskflow_api_virtualenv.py
[2025-09-03T20:04:25.753+0200] {processor.py:743} INFO - Processing file /home/varun/miniconda3/envs/python38/lib/python3.8/site-packages/airflow/example_dags/tutorial_taskflow_api_virtualenv.py for tasks to queue
[2025-09-03T20:04:25.754+0200] {logging_mixin.py:137} INFO - [2025-09-03T20:04:25.754+0200] {dagbag.py:532} INFO - Filling up the DagBag from /home/varun/miniconda3/envs/python38/lib/python3.8/site-packages/airflow/example_dags/tutorial_taskflow_api_virtualenv.py
[2025-09-03T20:04:25.833+0200] {logging_mixin.py:137} INFO - [2025-09-03T20:04:25.833+0200] {tutorial_taskflow_api_virtualenv.py:29} WARNING - The tutorial_taskflow_api_virtualenv example DAG requires virtualenv, please install it.
[2025-09-03T20:04:25.833+0200] {processor.py:755} WARNING - No viable dags retrieved from /home/varun/miniconda3/envs/python38/lib/python3.8/site-packages/airflow/example_dags/tutorial_taskflow_api_virtualenv.py
[2025-09-03T20:04:25.842+0200] {processor.py:175} INFO - Processing /home/varun/miniconda3/envs/python38/lib/python3.8/site-packages/airflow/example_dags/tutorial_taskflow_api_virtualenv.py took 0.094 seconds
[2025-09-03T20:05:26.799+0200] {processor.py:153} INFO - Started process (PID=4293) to work on /home/varun/miniconda3/envs/python38/lib/python3.8/site-packages/airflow/example_dags/tutorial_taskflow_api_virtualenv.py
[2025-09-03T20:05:26.801+0200] {processor.py:743} INFO - Processing file /home/varun/miniconda3/envs/python38/lib/python3.8/site-packages/airflow/example_dags/tutorial_taskflow_api_virtualenv.py for tasks to queue
[2025-09-03T20:05:26.803+0200] {logging_mixin.py:137} INFO - [2025-09-03T20:05:26.802+0200] {dagbag.py:532} INFO - Filling up the DagBag from /home/varun/miniconda3/envs/python38/lib/python3.8/site-packages/airflow/example_dags/tutorial_taskflow_api_virtualenv.py
[2025-09-03T20:05:26.907+0200] {logging_mixin.py:137} INFO - [2025-09-03T20:05:26.907+0200] {tutorial_taskflow_api_virtualenv.py:29} WARNING - The tutorial_taskflow_api_virtualenv example DAG requires virtualenv, please install it.
[2025-09-03T20:05:26.907+0200] {processor.py:755} WARNING - No viable dags retrieved from /home/varun/miniconda3/envs/python38/lib/python3.8/site-packages/airflow/example_dags/tutorial_taskflow_api_virtualenv.py
[2025-09-03T20:05:26.920+0200] {processor.py:175} INFO - Processing /home/varun/miniconda3/envs/python38/lib/python3.8/site-packages/airflow/example_dags/tutorial_taskflow_api_virtualenv.py took 0.128 seconds
[2025-09-03T20:06:14.735+0200] {processor.py:153} INFO - Started process (PID=4335) to work on /home/varun/miniconda3/envs/python38/lib/python3.8/site-packages/airflow/example_dags/tutorial_taskflow_api_virtualenv.py
[2025-09-03T20:06:14.737+0200] {processor.py:743} INFO - Processing file /home/varun/miniconda3/envs/python38/lib/python3.8/site-packages/airflow/example_dags/tutorial_taskflow_api_virtualenv.py for tasks to queue
[2025-09-03T20:06:14.737+0200] {logging_mixin.py:137} INFO - [2025-09-03T20:06:14.737+0200] {dagbag.py:532} INFO - Filling up the DagBag from /home/varun/miniconda3/envs/python38/lib/python3.8/site-packages/airflow/example_dags/tutorial_taskflow_api_virtualenv.py
[2025-09-03T20:06:14.833+0200] {logging_mixin.py:137} INFO - [2025-09-03T20:06:14.832+0200] {tutorial_taskflow_api_virtualenv.py:29} WARNING - The tutorial_taskflow_api_virtualenv example DAG requires virtualenv, please install it.
[2025-09-03T20:06:14.833+0200] {processor.py:755} WARNING - No viable dags retrieved from /home/varun/miniconda3/envs/python38/lib/python3.8/site-packages/airflow/example_dags/tutorial_taskflow_api_virtualenv.py
[2025-09-03T20:06:14.846+0200] {processor.py:175} INFO - Processing /home/varun/miniconda3/envs/python38/lib/python3.8/site-packages/airflow/example_dags/tutorial_taskflow_api_virtualenv.py took 0.115 seconds
[2025-09-03T20:07:05.104+0200] {processor.py:153} INFO - Started process (PID=4391) to work on /home/varun/miniconda3/envs/python38/lib/python3.8/site-packages/airflow/example_dags/tutorial_taskflow_api_virtualenv.py
[2025-09-03T20:07:05.106+0200] {processor.py:743} INFO - Processing file /home/varun/miniconda3/envs/python38/lib/python3.8/site-packages/airflow/example_dags/tutorial_taskflow_api_virtualenv.py for tasks to queue
[2025-09-03T20:07:05.106+0200] {logging_mixin.py:137} INFO - [2025-09-03T20:07:05.106+0200] {dagbag.py:532} INFO - Filling up the DagBag from /home/varun/miniconda3/envs/python38/lib/python3.8/site-packages/airflow/example_dags/tutorial_taskflow_api_virtualenv.py
[2025-09-03T20:07:05.192+0200] {logging_mixin.py:137} INFO - [2025-09-03T20:07:05.192+0200] {tutorial_taskflow_api_virtualenv.py:29} WARNING - The tutorial_taskflow_api_virtualenv example DAG requires virtualenv, please install it.
[2025-09-03T20:07:05.192+0200] {processor.py:755} WARNING - No viable dags retrieved from /home/varun/miniconda3/envs/python38/lib/python3.8/site-packages/airflow/example_dags/tutorial_taskflow_api_virtualenv.py
[2025-09-03T20:07:05.203+0200] {processor.py:175} INFO - Processing /home/varun/miniconda3/envs/python38/lib/python3.8/site-packages/airflow/example_dags/tutorial_taskflow_api_virtualenv.py took 0.104 seconds
[2025-09-03T20:07:51.099+0200] {processor.py:153} INFO - Started process (PID=4445) to work on /home/varun/miniconda3/envs/python38/lib/python3.8/site-packages/airflow/example_dags/tutorial_taskflow_api_virtualenv.py
[2025-09-03T20:07:51.101+0200] {processor.py:743} INFO - Processing file /home/varun/miniconda3/envs/python38/lib/python3.8/site-packages/airflow/example_dags/tutorial_taskflow_api_virtualenv.py for tasks to queue
[2025-09-03T20:07:51.102+0200] {logging_mixin.py:137} INFO - [2025-09-03T20:07:51.102+0200] {dagbag.py:532} INFO - Filling up the DagBag from /home/varun/miniconda3/envs/python38/lib/python3.8/site-packages/airflow/example_dags/tutorial_taskflow_api_virtualenv.py
[2025-09-03T20:07:51.192+0200] {logging_mixin.py:137} INFO - [2025-09-03T20:07:51.191+0200] {tutorial_taskflow_api_virtualenv.py:29} WARNING - The tutorial_taskflow_api_virtualenv example DAG requires virtualenv, please install it.
[2025-09-03T20:07:51.192+0200] {processor.py:755} WARNING - No viable dags retrieved from /home/varun/miniconda3/envs/python38/lib/python3.8/site-packages/airflow/example_dags/tutorial_taskflow_api_virtualenv.py
[2025-09-03T20:07:51.202+0200] {processor.py:175} INFO - Processing /home/varun/miniconda3/envs/python38/lib/python3.8/site-packages/airflow/example_dags/tutorial_taskflow_api_virtualenv.py took 0.107 seconds
[2025-09-03T20:09:05.691+0200] {processor.py:153} INFO - Started process (PID=4493) to work on /home/varun/miniconda3/envs/python38/lib/python3.8/site-packages/airflow/example_dags/tutorial_taskflow_api_virtualenv.py
[2025-09-03T20:09:05.693+0200] {processor.py:743} INFO - Processing file /home/varun/miniconda3/envs/python38/lib/python3.8/site-packages/airflow/example_dags/tutorial_taskflow_api_virtualenv.py for tasks to queue
[2025-09-03T20:09:05.693+0200] {logging_mixin.py:137} INFO - [2025-09-03T20:09:05.693+0200] {dagbag.py:532} INFO - Filling up the DagBag from /home/varun/miniconda3/envs/python38/lib/python3.8/site-packages/airflow/example_dags/tutorial_taskflow_api_virtualenv.py
[2025-09-03T20:09:05.767+0200] {logging_mixin.py:137} INFO - [2025-09-03T20:09:05.767+0200] {tutorial_taskflow_api_virtualenv.py:29} WARNING - The tutorial_taskflow_api_virtualenv example DAG requires virtualenv, please install it.
[2025-09-03T20:09:05.767+0200] {processor.py:755} WARNING - No viable dags retrieved from /home/varun/miniconda3/envs/python38/lib/python3.8/site-packages/airflow/example_dags/tutorial_taskflow_api_virtualenv.py
[2025-09-03T20:09:05.783+0200] {processor.py:175} INFO - Processing /home/varun/miniconda3/envs/python38/lib/python3.8/site-packages/airflow/example_dags/tutorial_taskflow_api_virtualenv.py took 0.096 seconds
[2025-09-03T20:09:59.418+0200] {processor.py:153} INFO - Started process (PID=4546) to work on /home/varun/miniconda3/envs/python38/lib/python3.8/site-packages/airflow/example_dags/tutorial_taskflow_api_virtualenv.py
[2025-09-03T20:09:59.421+0200] {processor.py:743} INFO - Processing file /home/varun/miniconda3/envs/python38/lib/python3.8/site-packages/airflow/example_dags/tutorial_taskflow_api_virtualenv.py for tasks to queue
[2025-09-03T20:09:59.424+0200] {logging_mixin.py:137} INFO - [2025-09-03T20:09:59.423+0200] {dagbag.py:532} INFO - Filling up the DagBag from /home/varun/miniconda3/envs/python38/lib/python3.8/site-packages/airflow/example_dags/tutorial_taskflow_api_virtualenv.py
[2025-09-03T20:09:59.513+0200] {logging_mixin.py:137} INFO - [2025-09-03T20:09:59.513+0200] {tutorial_taskflow_api_virtualenv.py:29} WARNING - The tutorial_taskflow_api_virtualenv example DAG requires virtualenv, please install it.
[2025-09-03T20:09:59.513+0200] {processor.py:755} WARNING - No viable dags retrieved from /home/varun/miniconda3/envs/python38/lib/python3.8/site-packages/airflow/example_dags/tutorial_taskflow_api_virtualenv.py
[2025-09-03T20:09:59.525+0200] {processor.py:175} INFO - Processing /home/varun/miniconda3/envs/python38/lib/python3.8/site-packages/airflow/example_dags/tutorial_taskflow_api_virtualenv.py took 0.110 seconds
[2025-09-03T20:10:44.378+0200] {processor.py:153} INFO - Started process (PID=4588) to work on /home/varun/miniconda3/envs/python38/lib/python3.8/site-packages/airflow/example_dags/tutorial_taskflow_api_virtualenv.py
[2025-09-03T20:10:44.380+0200] {processor.py:743} INFO - Processing file /home/varun/miniconda3/envs/python38/lib/python3.8/site-packages/airflow/example_dags/tutorial_taskflow_api_virtualenv.py for tasks to queue
[2025-09-03T20:10:44.380+0200] {logging_mixin.py:137} INFO - [2025-09-03T20:10:44.380+0200] {dagbag.py:532} INFO - Filling up the DagBag from /home/varun/miniconda3/envs/python38/lib/python3.8/site-packages/airflow/example_dags/tutorial_taskflow_api_virtualenv.py
[2025-09-03T20:10:44.459+0200] {logging_mixin.py:137} INFO - [2025-09-03T20:10:44.459+0200] {tutorial_taskflow_api_virtualenv.py:29} WARNING - The tutorial_taskflow_api_virtualenv example DAG requires virtualenv, please install it.
[2025-09-03T20:10:44.459+0200] {processor.py:755} WARNING - No viable dags retrieved from /home/varun/miniconda3/envs/python38/lib/python3.8/site-packages/airflow/example_dags/tutorial_taskflow_api_virtualenv.py
[2025-09-03T20:10:44.469+0200] {processor.py:175} INFO - Processing /home/varun/miniconda3/envs/python38/lib/python3.8/site-packages/airflow/example_dags/tutorial_taskflow_api_virtualenv.py took 0.094 seconds
[2025-09-03T20:11:29.412+0200] {processor.py:153} INFO - Started process (PID=4630) to work on /home/varun/miniconda3/envs/python38/lib/python3.8/site-packages/airflow/example_dags/tutorial_taskflow_api_virtualenv.py
[2025-09-03T20:11:29.414+0200] {processor.py:743} INFO - Processing file /home/varun/miniconda3/envs/python38/lib/python3.8/site-packages/airflow/example_dags/tutorial_taskflow_api_virtualenv.py for tasks to queue
[2025-09-03T20:11:29.414+0200] {logging_mixin.py:137} INFO - [2025-09-03T20:11:29.414+0200] {dagbag.py:532} INFO - Filling up the DagBag from /home/varun/miniconda3/envs/python38/lib/python3.8/site-packages/airflow/example_dags/tutorial_taskflow_api_virtualenv.py
[2025-09-03T20:11:29.492+0200] {logging_mixin.py:137} INFO - [2025-09-03T20:11:29.491+0200] {tutorial_taskflow_api_virtualenv.py:29} WARNING - The tutorial_taskflow_api_virtualenv example DAG requires virtualenv, please install it.
[2025-09-03T20:11:29.492+0200] {processor.py:755} WARNING - No viable dags retrieved from /home/varun/miniconda3/envs/python38/lib/python3.8/site-packages/airflow/example_dags/tutorial_taskflow_api_virtualenv.py
[2025-09-03T20:11:29.501+0200] {processor.py:175} INFO - Processing /home/varun/miniconda3/envs/python38/lib/python3.8/site-packages/airflow/example_dags/tutorial_taskflow_api_virtualenv.py took 0.092 seconds
[2025-09-03T20:12:14.324+0200] {processor.py:153} INFO - Started process (PID=4672) to work on /home/varun/miniconda3/envs/python38/lib/python3.8/site-packages/airflow/example_dags/tutorial_taskflow_api_virtualenv.py
[2025-09-03T20:12:14.326+0200] {processor.py:743} INFO - Processing file /home/varun/miniconda3/envs/python38/lib/python3.8/site-packages/airflow/example_dags/tutorial_taskflow_api_virtualenv.py for tasks to queue
[2025-09-03T20:12:14.327+0200] {logging_mixin.py:137} INFO - [2025-09-03T20:12:14.326+0200] {dagbag.py:532} INFO - Filling up the DagBag from /home/varun/miniconda3/envs/python38/lib/python3.8/site-packages/airflow/example_dags/tutorial_taskflow_api_virtualenv.py
[2025-09-03T20:12:14.395+0200] {logging_mixin.py:137} INFO - [2025-09-03T20:12:14.395+0200] {tutorial_taskflow_api_virtualenv.py:29} WARNING - The tutorial_taskflow_api_virtualenv example DAG requires virtualenv, please install it.
[2025-09-03T20:12:14.395+0200] {processor.py:755} WARNING - No viable dags retrieved from /home/varun/miniconda3/envs/python38/lib/python3.8/site-packages/airflow/example_dags/tutorial_taskflow_api_virtualenv.py
[2025-09-03T20:12:14.406+0200] {processor.py:175} INFO - Processing /home/varun/miniconda3/envs/python38/lib/python3.8/site-packages/airflow/example_dags/tutorial_taskflow_api_virtualenv.py took 0.084 seconds
[2025-09-03T20:13:04.396+0200] {processor.py:153} INFO - Started process (PID=4715) to work on /home/varun/miniconda3/envs/python38/lib/python3.8/site-packages/airflow/example_dags/tutorial_taskflow_api_virtualenv.py
[2025-09-03T20:13:04.397+0200] {processor.py:743} INFO - Processing file /home/varun/miniconda3/envs/python38/lib/python3.8/site-packages/airflow/example_dags/tutorial_taskflow_api_virtualenv.py for tasks to queue
[2025-09-03T20:13:04.398+0200] {logging_mixin.py:137} INFO - [2025-09-03T20:13:04.398+0200] {dagbag.py:532} INFO - Filling up the DagBag from /home/varun/miniconda3/envs/python38/lib/python3.8/site-packages/airflow/example_dags/tutorial_taskflow_api_virtualenv.py
[2025-09-03T20:13:04.469+0200] {logging_mixin.py:137} INFO - [2025-09-03T20:13:04.469+0200] {tutorial_taskflow_api_virtualenv.py:29} WARNING - The tutorial_taskflow_api_virtualenv example DAG requires virtualenv, please install it.
[2025-09-03T20:13:04.470+0200] {processor.py:755} WARNING - No viable dags retrieved from /home/varun/miniconda3/envs/python38/lib/python3.8/site-packages/airflow/example_dags/tutorial_taskflow_api_virtualenv.py
[2025-09-03T20:13:04.483+0200] {processor.py:175} INFO - Processing /home/varun/miniconda3/envs/python38/lib/python3.8/site-packages/airflow/example_dags/tutorial_taskflow_api_virtualenv.py took 0.090 seconds
[2025-09-03T20:13:50.899+0200] {processor.py:153} INFO - Started process (PID=4757) to work on /home/varun/miniconda3/envs/python38/lib/python3.8/site-packages/airflow/example_dags/tutorial_taskflow_api_virtualenv.py
[2025-09-03T20:13:50.901+0200] {processor.py:743} INFO - Processing file /home/varun/miniconda3/envs/python38/lib/python3.8/site-packages/airflow/example_dags/tutorial_taskflow_api_virtualenv.py for tasks to queue
[2025-09-03T20:13:50.902+0200] {logging_mixin.py:137} INFO - [2025-09-03T20:13:50.902+0200] {dagbag.py:532} INFO - Filling up the DagBag from /home/varun/miniconda3/envs/python38/lib/python3.8/site-packages/airflow/example_dags/tutorial_taskflow_api_virtualenv.py
[2025-09-03T20:13:50.970+0200] {logging_mixin.py:137} INFO - [2025-09-03T20:13:50.970+0200] {tutorial_taskflow_api_virtualenv.py:29} WARNING - The tutorial_taskflow_api_virtualenv example DAG requires virtualenv, please install it.
[2025-09-03T20:13:50.970+0200] {processor.py:755} WARNING - No viable dags retrieved from /home/varun/miniconda3/envs/python38/lib/python3.8/site-packages/airflow/example_dags/tutorial_taskflow_api_virtualenv.py
[2025-09-03T20:13:50.981+0200] {processor.py:175} INFO - Processing /home/varun/miniconda3/envs/python38/lib/python3.8/site-packages/airflow/example_dags/tutorial_taskflow_api_virtualenv.py took 0.085 seconds
[2025-09-03T20:14:34.025+0200] {processor.py:153} INFO - Started process (PID=4799) to work on /home/varun/miniconda3/envs/python38/lib/python3.8/site-packages/airflow/example_dags/tutorial_taskflow_api_virtualenv.py
[2025-09-03T20:14:34.027+0200] {processor.py:743} INFO - Processing file /home/varun/miniconda3/envs/python38/lib/python3.8/site-packages/airflow/example_dags/tutorial_taskflow_api_virtualenv.py for tasks to queue
[2025-09-03T20:14:34.027+0200] {logging_mixin.py:137} INFO - [2025-09-03T20:14:34.027+0200] {dagbag.py:532} INFO - Filling up the DagBag from /home/varun/miniconda3/envs/python38/lib/python3.8/site-packages/airflow/example_dags/tutorial_taskflow_api_virtualenv.py
[2025-09-03T20:14:34.094+0200] {logging_mixin.py:137} INFO - [2025-09-03T20:14:34.094+0200] {tutorial_taskflow_api_virtualenv.py:29} WARNING - The tutorial_taskflow_api_virtualenv example DAG requires virtualenv, please install it.
[2025-09-03T20:14:34.094+0200] {processor.py:755} WARNING - No viable dags retrieved from /home/varun/miniconda3/envs/python38/lib/python3.8/site-packages/airflow/example_dags/tutorial_taskflow_api_virtualenv.py
[2025-09-03T20:14:34.104+0200] {processor.py:175} INFO - Processing /home/varun/miniconda3/envs/python38/lib/python3.8/site-packages/airflow/example_dags/tutorial_taskflow_api_virtualenv.py took 0.082 seconds
[2025-09-03T20:15:20.126+0200] {processor.py:153} INFO - Started process (PID=4841) to work on /home/varun/miniconda3/envs/python38/lib/python3.8/site-packages/airflow/example_dags/tutorial_taskflow_api_virtualenv.py
[2025-09-03T20:15:20.127+0200] {processor.py:743} INFO - Processing file /home/varun/miniconda3/envs/python38/lib/python3.8/site-packages/airflow/example_dags/tutorial_taskflow_api_virtualenv.py for tasks to queue
[2025-09-03T20:15:20.128+0200] {logging_mixin.py:137} INFO - [2025-09-03T20:15:20.128+0200] {dagbag.py:532} INFO - Filling up the DagBag from /home/varun/miniconda3/envs/python38/lib/python3.8/site-packages/airflow/example_dags/tutorial_taskflow_api_virtualenv.py
[2025-09-03T20:15:20.200+0200] {logging_mixin.py:137} INFO - [2025-09-03T20:15:20.200+0200] {tutorial_taskflow_api_virtualenv.py:29} WARNING - The tutorial_taskflow_api_virtualenv example DAG requires virtualenv, please install it.
[2025-09-03T20:15:20.201+0200] {processor.py:755} WARNING - No viable dags retrieved from /home/varun/miniconda3/envs/python38/lib/python3.8/site-packages/airflow/example_dags/tutorial_taskflow_api_virtualenv.py
[2025-09-03T20:15:20.210+0200] {processor.py:175} INFO - Processing /home/varun/miniconda3/envs/python38/lib/python3.8/site-packages/airflow/example_dags/tutorial_taskflow_api_virtualenv.py took 0.088 seconds
[2025-09-03T20:16:05.986+0200] {processor.py:153} INFO - Started process (PID=4883) to work on /home/varun/miniconda3/envs/python38/lib/python3.8/site-packages/airflow/example_dags/tutorial_taskflow_api_virtualenv.py
[2025-09-03T20:16:05.988+0200] {processor.py:743} INFO - Processing file /home/varun/miniconda3/envs/python38/lib/python3.8/site-packages/airflow/example_dags/tutorial_taskflow_api_virtualenv.py for tasks to queue
[2025-09-03T20:16:05.989+0200] {logging_mixin.py:137} INFO - [2025-09-03T20:16:05.989+0200] {dagbag.py:532} INFO - Filling up the DagBag from /home/varun/miniconda3/envs/python38/lib/python3.8/site-packages/airflow/example_dags/tutorial_taskflow_api_virtualenv.py
[2025-09-03T20:16:06.078+0200] {logging_mixin.py:137} INFO - [2025-09-03T20:16:06.078+0200] {tutorial_taskflow_api_virtualenv.py:29} WARNING - The tutorial_taskflow_api_virtualenv example DAG requires virtualenv, please install it.
[2025-09-03T20:16:06.078+0200] {processor.py:755} WARNING - No viable dags retrieved from /home/varun/miniconda3/envs/python38/lib/python3.8/site-packages/airflow/example_dags/tutorial_taskflow_api_virtualenv.py
[2025-09-03T20:16:06.090+0200] {processor.py:175} INFO - Processing /home/varun/miniconda3/envs/python38/lib/python3.8/site-packages/airflow/example_dags/tutorial_taskflow_api_virtualenv.py took 0.108 seconds
[2025-09-03T20:16:50.027+0200] {processor.py:153} INFO - Started process (PID=4925) to work on /home/varun/miniconda3/envs/python38/lib/python3.8/site-packages/airflow/example_dags/tutorial_taskflow_api_virtualenv.py
[2025-09-03T20:16:50.029+0200] {processor.py:743} INFO - Processing file /home/varun/miniconda3/envs/python38/lib/python3.8/site-packages/airflow/example_dags/tutorial_taskflow_api_virtualenv.py for tasks to queue
[2025-09-03T20:16:50.029+0200] {logging_mixin.py:137} INFO - [2025-09-03T20:16:50.029+0200] {dagbag.py:532} INFO - Filling up the DagBag from /home/varun/miniconda3/envs/python38/lib/python3.8/site-packages/airflow/example_dags/tutorial_taskflow_api_virtualenv.py
[2025-09-03T20:16:50.101+0200] {logging_mixin.py:137} INFO - [2025-09-03T20:16:50.101+0200] {tutorial_taskflow_api_virtualenv.py:29} WARNING - The tutorial_taskflow_api_virtualenv example DAG requires virtualenv, please install it.
[2025-09-03T20:16:50.101+0200] {processor.py:755} WARNING - No viable dags retrieved from /home/varun/miniconda3/envs/python38/lib/python3.8/site-packages/airflow/example_dags/tutorial_taskflow_api_virtualenv.py
[2025-09-03T20:16:50.109+0200] {processor.py:175} INFO - Processing /home/varun/miniconda3/envs/python38/lib/python3.8/site-packages/airflow/example_dags/tutorial_taskflow_api_virtualenv.py took 0.085 seconds
[2025-09-03T20:17:36.003+0200] {processor.py:153} INFO - Started process (PID=4970) to work on /home/varun/miniconda3/envs/python38/lib/python3.8/site-packages/airflow/example_dags/tutorial_taskflow_api_virtualenv.py
[2025-09-03T20:17:36.005+0200] {processor.py:743} INFO - Processing file /home/varun/miniconda3/envs/python38/lib/python3.8/site-packages/airflow/example_dags/tutorial_taskflow_api_virtualenv.py for tasks to queue
[2025-09-03T20:17:36.006+0200] {logging_mixin.py:137} INFO - [2025-09-03T20:17:36.005+0200] {dagbag.py:532} INFO - Filling up the DagBag from /home/varun/miniconda3/envs/python38/lib/python3.8/site-packages/airflow/example_dags/tutorial_taskflow_api_virtualenv.py
[2025-09-03T20:17:36.085+0200] {logging_mixin.py:137} INFO - [2025-09-03T20:17:36.084+0200] {tutorial_taskflow_api_virtualenv.py:29} WARNING - The tutorial_taskflow_api_virtualenv example DAG requires virtualenv, please install it.
[2025-09-03T20:17:36.085+0200] {processor.py:755} WARNING - No viable dags retrieved from /home/varun/miniconda3/envs/python38/lib/python3.8/site-packages/airflow/example_dags/tutorial_taskflow_api_virtualenv.py
[2025-09-03T20:17:36.098+0200] {processor.py:175} INFO - Processing /home/varun/miniconda3/envs/python38/lib/python3.8/site-packages/airflow/example_dags/tutorial_taskflow_api_virtualenv.py took 0.098 seconds
[2025-09-03T20:18:23.432+0200] {processor.py:153} INFO - Started process (PID=5013) to work on /home/varun/miniconda3/envs/python38/lib/python3.8/site-packages/airflow/example_dags/tutorial_taskflow_api_virtualenv.py
[2025-09-03T20:18:23.434+0200] {processor.py:743} INFO - Processing file /home/varun/miniconda3/envs/python38/lib/python3.8/site-packages/airflow/example_dags/tutorial_taskflow_api_virtualenv.py for tasks to queue
[2025-09-03T20:18:23.434+0200] {logging_mixin.py:137} INFO - [2025-09-03T20:18:23.434+0200] {dagbag.py:532} INFO - Filling up the DagBag from /home/varun/miniconda3/envs/python38/lib/python3.8/site-packages/airflow/example_dags/tutorial_taskflow_api_virtualenv.py
[2025-09-03T20:18:23.512+0200] {logging_mixin.py:137} INFO - [2025-09-03T20:18:23.511+0200] {tutorial_taskflow_api_virtualenv.py:29} WARNING - The tutorial_taskflow_api_virtualenv example DAG requires virtualenv, please install it.
[2025-09-03T20:18:23.512+0200] {processor.py:755} WARNING - No viable dags retrieved from /home/varun/miniconda3/envs/python38/lib/python3.8/site-packages/airflow/example_dags/tutorial_taskflow_api_virtualenv.py
[2025-09-03T20:18:23.523+0200] {processor.py:175} INFO - Processing /home/varun/miniconda3/envs/python38/lib/python3.8/site-packages/airflow/example_dags/tutorial_taskflow_api_virtualenv.py took 0.095 seconds
[2025-09-03T20:19:11.440+0200] {processor.py:153} INFO - Started process (PID=5055) to work on /home/varun/miniconda3/envs/python38/lib/python3.8/site-packages/airflow/example_dags/tutorial_taskflow_api_virtualenv.py
[2025-09-03T20:19:11.442+0200] {processor.py:743} INFO - Processing file /home/varun/miniconda3/envs/python38/lib/python3.8/site-packages/airflow/example_dags/tutorial_taskflow_api_virtualenv.py for tasks to queue
[2025-09-03T20:19:11.442+0200] {logging_mixin.py:137} INFO - [2025-09-03T20:19:11.442+0200] {dagbag.py:532} INFO - Filling up the DagBag from /home/varun/miniconda3/envs/python38/lib/python3.8/site-packages/airflow/example_dags/tutorial_taskflow_api_virtualenv.py
[2025-09-03T20:19:11.516+0200] {logging_mixin.py:137} INFO - [2025-09-03T20:19:11.516+0200] {tutorial_taskflow_api_virtualenv.py:29} WARNING - The tutorial_taskflow_api_virtualenv example DAG requires virtualenv, please install it.
[2025-09-03T20:19:11.517+0200] {processor.py:755} WARNING - No viable dags retrieved from /home/varun/miniconda3/envs/python38/lib/python3.8/site-packages/airflow/example_dags/tutorial_taskflow_api_virtualenv.py
[2025-09-03T20:19:11.527+0200] {processor.py:175} INFO - Processing /home/varun/miniconda3/envs/python38/lib/python3.8/site-packages/airflow/example_dags/tutorial_taskflow_api_virtualenv.py took 0.090 seconds
[2025-09-03T20:20:00.729+0200] {processor.py:153} INFO - Started process (PID=5097) to work on /home/varun/miniconda3/envs/python38/lib/python3.8/site-packages/airflow/example_dags/tutorial_taskflow_api_virtualenv.py
[2025-09-03T20:20:00.731+0200] {processor.py:743} INFO - Processing file /home/varun/miniconda3/envs/python38/lib/python3.8/site-packages/airflow/example_dags/tutorial_taskflow_api_virtualenv.py for tasks to queue
[2025-09-03T20:20:00.732+0200] {logging_mixin.py:137} INFO - [2025-09-03T20:20:00.731+0200] {dagbag.py:532} INFO - Filling up the DagBag from /home/varun/miniconda3/envs/python38/lib/python3.8/site-packages/airflow/example_dags/tutorial_taskflow_api_virtualenv.py
[2025-09-03T20:20:00.816+0200] {logging_mixin.py:137} INFO - [2025-09-03T20:20:00.815+0200] {tutorial_taskflow_api_virtualenv.py:29} WARNING - The tutorial_taskflow_api_virtualenv example DAG requires virtualenv, please install it.
[2025-09-03T20:20:00.816+0200] {processor.py:755} WARNING - No viable dags retrieved from /home/varun/miniconda3/envs/python38/lib/python3.8/site-packages/airflow/example_dags/tutorial_taskflow_api_virtualenv.py
[2025-09-03T20:20:00.825+0200] {processor.py:175} INFO - Processing /home/varun/miniconda3/envs/python38/lib/python3.8/site-packages/airflow/example_dags/tutorial_taskflow_api_virtualenv.py took 0.099 seconds
[2025-09-03T20:20:54.467+0200] {processor.py:153} INFO - Started process (PID=5139) to work on /home/varun/miniconda3/envs/python38/lib/python3.8/site-packages/airflow/example_dags/tutorial_taskflow_api_virtualenv.py
[2025-09-03T20:20:54.469+0200] {processor.py:743} INFO - Processing file /home/varun/miniconda3/envs/python38/lib/python3.8/site-packages/airflow/example_dags/tutorial_taskflow_api_virtualenv.py for tasks to queue
[2025-09-03T20:20:54.470+0200] {logging_mixin.py:137} INFO - [2025-09-03T20:20:54.470+0200] {dagbag.py:532} INFO - Filling up the DagBag from /home/varun/miniconda3/envs/python38/lib/python3.8/site-packages/airflow/example_dags/tutorial_taskflow_api_virtualenv.py
[2025-09-03T20:20:54.537+0200] {logging_mixin.py:137} INFO - [2025-09-03T20:20:54.537+0200] {tutorial_taskflow_api_virtualenv.py:29} WARNING - The tutorial_taskflow_api_virtualenv example DAG requires virtualenv, please install it.
[2025-09-03T20:20:54.537+0200] {processor.py:755} WARNING - No viable dags retrieved from /home/varun/miniconda3/envs/python38/lib/python3.8/site-packages/airflow/example_dags/tutorial_taskflow_api_virtualenv.py
[2025-09-03T20:20:54.547+0200] {processor.py:175} INFO - Processing /home/varun/miniconda3/envs/python38/lib/python3.8/site-packages/airflow/example_dags/tutorial_taskflow_api_virtualenv.py took 0.083 seconds
[2025-09-03T20:21:43.543+0200] {processor.py:153} INFO - Started process (PID=5181) to work on /home/varun/miniconda3/envs/python38/lib/python3.8/site-packages/airflow/example_dags/tutorial_taskflow_api_virtualenv.py
[2025-09-03T20:21:43.545+0200] {processor.py:743} INFO - Processing file /home/varun/miniconda3/envs/python38/lib/python3.8/site-packages/airflow/example_dags/tutorial_taskflow_api_virtualenv.py for tasks to queue
[2025-09-03T20:21:43.545+0200] {logging_mixin.py:137} INFO - [2025-09-03T20:21:43.545+0200] {dagbag.py:532} INFO - Filling up the DagBag from /home/varun/miniconda3/envs/python38/lib/python3.8/site-packages/airflow/example_dags/tutorial_taskflow_api_virtualenv.py
[2025-09-03T20:21:43.611+0200] {logging_mixin.py:137} INFO - [2025-09-03T20:21:43.611+0200] {tutorial_taskflow_api_virtualenv.py:29} WARNING - The tutorial_taskflow_api_virtualenv example DAG requires virtualenv, please install it.
[2025-09-03T20:21:43.612+0200] {processor.py:755} WARNING - No viable dags retrieved from /home/varun/miniconda3/envs/python38/lib/python3.8/site-packages/airflow/example_dags/tutorial_taskflow_api_virtualenv.py
[2025-09-03T20:21:43.619+0200] {processor.py:175} INFO - Processing /home/varun/miniconda3/envs/python38/lib/python3.8/site-packages/airflow/example_dags/tutorial_taskflow_api_virtualenv.py took 0.079 seconds
[2025-09-03T20:22:36.331+0200] {processor.py:153} INFO - Started process (PID=5223) to work on /home/varun/miniconda3/envs/python38/lib/python3.8/site-packages/airflow/example_dags/tutorial_taskflow_api_virtualenv.py
[2025-09-03T20:22:36.333+0200] {processor.py:743} INFO - Processing file /home/varun/miniconda3/envs/python38/lib/python3.8/site-packages/airflow/example_dags/tutorial_taskflow_api_virtualenv.py for tasks to queue
[2025-09-03T20:22:36.333+0200] {logging_mixin.py:137} INFO - [2025-09-03T20:22:36.333+0200] {dagbag.py:532} INFO - Filling up the DagBag from /home/varun/miniconda3/envs/python38/lib/python3.8/site-packages/airflow/example_dags/tutorial_taskflow_api_virtualenv.py
[2025-09-03T20:22:36.508+0200] {logging_mixin.py:137} INFO - [2025-09-03T20:22:36.508+0200] {tutorial_taskflow_api_virtualenv.py:29} WARNING - The tutorial_taskflow_api_virtualenv example DAG requires virtualenv, please install it.
[2025-09-03T20:22:36.509+0200] {processor.py:755} WARNING - No viable dags retrieved from /home/varun/miniconda3/envs/python38/lib/python3.8/site-packages/airflow/example_dags/tutorial_taskflow_api_virtualenv.py
[2025-09-03T20:22:36.515+0200] {processor.py:175} INFO - Processing /home/varun/miniconda3/envs/python38/lib/python3.8/site-packages/airflow/example_dags/tutorial_taskflow_api_virtualenv.py took 0.187 seconds
[2025-09-03T20:23:24.498+0200] {processor.py:153} INFO - Started process (PID=5265) to work on /home/varun/miniconda3/envs/python38/lib/python3.8/site-packages/airflow/example_dags/tutorial_taskflow_api_virtualenv.py
[2025-09-03T20:23:24.500+0200] {processor.py:743} INFO - Processing file /home/varun/miniconda3/envs/python38/lib/python3.8/site-packages/airflow/example_dags/tutorial_taskflow_api_virtualenv.py for tasks to queue
[2025-09-03T20:23:24.501+0200] {logging_mixin.py:137} INFO - [2025-09-03T20:23:24.500+0200] {dagbag.py:532} INFO - Filling up the DagBag from /home/varun/miniconda3/envs/python38/lib/python3.8/site-packages/airflow/example_dags/tutorial_taskflow_api_virtualenv.py
[2025-09-03T20:23:24.565+0200] {logging_mixin.py:137} INFO - [2025-09-03T20:23:24.565+0200] {tutorial_taskflow_api_virtualenv.py:29} WARNING - The tutorial_taskflow_api_virtualenv example DAG requires virtualenv, please install it.
[2025-09-03T20:23:24.565+0200] {processor.py:755} WARNING - No viable dags retrieved from /home/varun/miniconda3/envs/python38/lib/python3.8/site-packages/airflow/example_dags/tutorial_taskflow_api_virtualenv.py
[2025-09-03T20:23:24.576+0200] {processor.py:175} INFO - Processing /home/varun/miniconda3/envs/python38/lib/python3.8/site-packages/airflow/example_dags/tutorial_taskflow_api_virtualenv.py took 0.080 seconds
[2025-09-03T20:24:10.529+0200] {processor.py:153} INFO - Started process (PID=5308) to work on /home/varun/miniconda3/envs/python38/lib/python3.8/site-packages/airflow/example_dags/tutorial_taskflow_api_virtualenv.py
[2025-09-03T20:24:10.530+0200] {processor.py:743} INFO - Processing file /home/varun/miniconda3/envs/python38/lib/python3.8/site-packages/airflow/example_dags/tutorial_taskflow_api_virtualenv.py for tasks to queue
[2025-09-03T20:24:10.531+0200] {logging_mixin.py:137} INFO - [2025-09-03T20:24:10.531+0200] {dagbag.py:532} INFO - Filling up the DagBag from /home/varun/miniconda3/envs/python38/lib/python3.8/site-packages/airflow/example_dags/tutorial_taskflow_api_virtualenv.py
[2025-09-03T20:24:10.600+0200] {logging_mixin.py:137} INFO - [2025-09-03T20:24:10.600+0200] {tutorial_taskflow_api_virtualenv.py:29} WARNING - The tutorial_taskflow_api_virtualenv example DAG requires virtualenv, please install it.
[2025-09-03T20:24:10.600+0200] {processor.py:755} WARNING - No viable dags retrieved from /home/varun/miniconda3/envs/python38/lib/python3.8/site-packages/airflow/example_dags/tutorial_taskflow_api_virtualenv.py
[2025-09-03T20:24:10.610+0200] {processor.py:175} INFO - Processing /home/varun/miniconda3/envs/python38/lib/python3.8/site-packages/airflow/example_dags/tutorial_taskflow_api_virtualenv.py took 0.085 seconds
[2025-09-03T20:25:00.772+0200] {processor.py:153} INFO - Started process (PID=5350) to work on /home/varun/miniconda3/envs/python38/lib/python3.8/site-packages/airflow/example_dags/tutorial_taskflow_api_virtualenv.py
[2025-09-03T20:25:00.774+0200] {processor.py:743} INFO - Processing file /home/varun/miniconda3/envs/python38/lib/python3.8/site-packages/airflow/example_dags/tutorial_taskflow_api_virtualenv.py for tasks to queue
[2025-09-03T20:25:00.774+0200] {logging_mixin.py:137} INFO - [2025-09-03T20:25:00.774+0200] {dagbag.py:532} INFO - Filling up the DagBag from /home/varun/miniconda3/envs/python38/lib/python3.8/site-packages/airflow/example_dags/tutorial_taskflow_api_virtualenv.py
[2025-09-03T20:25:00.840+0200] {logging_mixin.py:137} INFO - [2025-09-03T20:25:00.840+0200] {tutorial_taskflow_api_virtualenv.py:29} WARNING - The tutorial_taskflow_api_virtualenv example DAG requires virtualenv, please install it.
[2025-09-03T20:25:00.840+0200] {processor.py:755} WARNING - No viable dags retrieved from /home/varun/miniconda3/envs/python38/lib/python3.8/site-packages/airflow/example_dags/tutorial_taskflow_api_virtualenv.py
[2025-09-03T20:25:00.849+0200] {processor.py:175} INFO - Processing /home/varun/miniconda3/envs/python38/lib/python3.8/site-packages/airflow/example_dags/tutorial_taskflow_api_virtualenv.py took 0.080 seconds
[2025-09-03T20:25:43.181+0200] {processor.py:153} INFO - Started process (PID=5392) to work on /home/varun/miniconda3/envs/python38/lib/python3.8/site-packages/airflow/example_dags/tutorial_taskflow_api_virtualenv.py
[2025-09-03T20:25:43.183+0200] {processor.py:743} INFO - Processing file /home/varun/miniconda3/envs/python38/lib/python3.8/site-packages/airflow/example_dags/tutorial_taskflow_api_virtualenv.py for tasks to queue
[2025-09-03T20:25:43.184+0200] {logging_mixin.py:137} INFO - [2025-09-03T20:25:43.184+0200] {dagbag.py:532} INFO - Filling up the DagBag from /home/varun/miniconda3/envs/python38/lib/python3.8/site-packages/airflow/example_dags/tutorial_taskflow_api_virtualenv.py
[2025-09-03T20:25:43.249+0200] {logging_mixin.py:137} INFO - [2025-09-03T20:25:43.249+0200] {tutorial_taskflow_api_virtualenv.py:29} WARNING - The tutorial_taskflow_api_virtualenv example DAG requires virtualenv, please install it.
[2025-09-03T20:25:43.249+0200] {processor.py:755} WARNING - No viable dags retrieved from /home/varun/miniconda3/envs/python38/lib/python3.8/site-packages/airflow/example_dags/tutorial_taskflow_api_virtualenv.py
[2025-09-03T20:25:43.261+0200] {processor.py:175} INFO - Processing /home/varun/miniconda3/envs/python38/lib/python3.8/site-packages/airflow/example_dags/tutorial_taskflow_api_virtualenv.py took 0.083 seconds
[2025-09-03T20:26:28.225+0200] {processor.py:153} INFO - Started process (PID=5434) to work on /home/varun/miniconda3/envs/python38/lib/python3.8/site-packages/airflow/example_dags/tutorial_taskflow_api_virtualenv.py
[2025-09-03T20:26:28.226+0200] {processor.py:743} INFO - Processing file /home/varun/miniconda3/envs/python38/lib/python3.8/site-packages/airflow/example_dags/tutorial_taskflow_api_virtualenv.py for tasks to queue
[2025-09-03T20:26:28.227+0200] {logging_mixin.py:137} INFO - [2025-09-03T20:26:28.227+0200] {dagbag.py:532} INFO - Filling up the DagBag from /home/varun/miniconda3/envs/python38/lib/python3.8/site-packages/airflow/example_dags/tutorial_taskflow_api_virtualenv.py
[2025-09-03T20:26:28.297+0200] {logging_mixin.py:137} INFO - [2025-09-03T20:26:28.297+0200] {tutorial_taskflow_api_virtualenv.py:29} WARNING - The tutorial_taskflow_api_virtualenv example DAG requires virtualenv, please install it.
[2025-09-03T20:26:28.297+0200] {processor.py:755} WARNING - No viable dags retrieved from /home/varun/miniconda3/envs/python38/lib/python3.8/site-packages/airflow/example_dags/tutorial_taskflow_api_virtualenv.py
[2025-09-03T20:26:28.307+0200] {processor.py:175} INFO - Processing /home/varun/miniconda3/envs/python38/lib/python3.8/site-packages/airflow/example_dags/tutorial_taskflow_api_virtualenv.py took 0.085 seconds
[2025-09-03T20:27:17.818+0200] {processor.py:153} INFO - Started process (PID=5476) to work on /home/varun/miniconda3/envs/python38/lib/python3.8/site-packages/airflow/example_dags/tutorial_taskflow_api_virtualenv.py
[2025-09-03T20:27:17.819+0200] {processor.py:743} INFO - Processing file /home/varun/miniconda3/envs/python38/lib/python3.8/site-packages/airflow/example_dags/tutorial_taskflow_api_virtualenv.py for tasks to queue
[2025-09-03T20:27:17.820+0200] {logging_mixin.py:137} INFO - [2025-09-03T20:27:17.820+0200] {dagbag.py:532} INFO - Filling up the DagBag from /home/varun/miniconda3/envs/python38/lib/python3.8/site-packages/airflow/example_dags/tutorial_taskflow_api_virtualenv.py
[2025-09-03T20:27:17.884+0200] {logging_mixin.py:137} INFO - [2025-09-03T20:27:17.884+0200] {tutorial_taskflow_api_virtualenv.py:29} WARNING - The tutorial_taskflow_api_virtualenv example DAG requires virtualenv, please install it.
[2025-09-03T20:27:17.884+0200] {processor.py:755} WARNING - No viable dags retrieved from /home/varun/miniconda3/envs/python38/lib/python3.8/site-packages/airflow/example_dags/tutorial_taskflow_api_virtualenv.py
[2025-09-03T20:27:17.895+0200] {processor.py:175} INFO - Processing /home/varun/miniconda3/envs/python38/lib/python3.8/site-packages/airflow/example_dags/tutorial_taskflow_api_virtualenv.py took 0.080 seconds
[2025-09-03T20:28:04.221+0200] {processor.py:153} INFO - Started process (PID=5518) to work on /home/varun/miniconda3/envs/python38/lib/python3.8/site-packages/airflow/example_dags/tutorial_taskflow_api_virtualenv.py
[2025-09-03T20:28:04.222+0200] {processor.py:743} INFO - Processing file /home/varun/miniconda3/envs/python38/lib/python3.8/site-packages/airflow/example_dags/tutorial_taskflow_api_virtualenv.py for tasks to queue
[2025-09-03T20:28:04.223+0200] {logging_mixin.py:137} INFO - [2025-09-03T20:28:04.223+0200] {dagbag.py:532} INFO - Filling up the DagBag from /home/varun/miniconda3/envs/python38/lib/python3.8/site-packages/airflow/example_dags/tutorial_taskflow_api_virtualenv.py
[2025-09-03T20:28:04.299+0200] {logging_mixin.py:137} INFO - [2025-09-03T20:28:04.299+0200] {tutorial_taskflow_api_virtualenv.py:29} WARNING - The tutorial_taskflow_api_virtualenv example DAG requires virtualenv, please install it.
[2025-09-03T20:28:04.299+0200] {processor.py:755} WARNING - No viable dags retrieved from /home/varun/miniconda3/envs/python38/lib/python3.8/site-packages/airflow/example_dags/tutorial_taskflow_api_virtualenv.py
[2025-09-03T20:28:04.309+0200] {processor.py:175} INFO - Processing /home/varun/miniconda3/envs/python38/lib/python3.8/site-packages/airflow/example_dags/tutorial_taskflow_api_virtualenv.py took 0.091 seconds
[2025-09-03T20:28:49.967+0200] {processor.py:153} INFO - Started process (PID=5560) to work on /home/varun/miniconda3/envs/python38/lib/python3.8/site-packages/airflow/example_dags/tutorial_taskflow_api_virtualenv.py
[2025-09-03T20:28:49.969+0200] {processor.py:743} INFO - Processing file /home/varun/miniconda3/envs/python38/lib/python3.8/site-packages/airflow/example_dags/tutorial_taskflow_api_virtualenv.py for tasks to queue
[2025-09-03T20:28:49.969+0200] {logging_mixin.py:137} INFO - [2025-09-03T20:28:49.969+0200] {dagbag.py:532} INFO - Filling up the DagBag from /home/varun/miniconda3/envs/python38/lib/python3.8/site-packages/airflow/example_dags/tutorial_taskflow_api_virtualenv.py
[2025-09-03T20:28:50.032+0200] {logging_mixin.py:137} INFO - [2025-09-03T20:28:50.032+0200] {tutorial_taskflow_api_virtualenv.py:29} WARNING - The tutorial_taskflow_api_virtualenv example DAG requires virtualenv, please install it.
[2025-09-03T20:28:50.032+0200] {processor.py:755} WARNING - No viable dags retrieved from /home/varun/miniconda3/envs/python38/lib/python3.8/site-packages/airflow/example_dags/tutorial_taskflow_api_virtualenv.py
[2025-09-03T20:28:50.042+0200] {processor.py:175} INFO - Processing /home/varun/miniconda3/envs/python38/lib/python3.8/site-packages/airflow/example_dags/tutorial_taskflow_api_virtualenv.py took 0.078 seconds
[2025-09-03T20:29:39.743+0200] {processor.py:153} INFO - Started process (PID=5603) to work on /home/varun/miniconda3/envs/python38/lib/python3.8/site-packages/airflow/example_dags/tutorial_taskflow_api_virtualenv.py
[2025-09-03T20:29:39.745+0200] {processor.py:743} INFO - Processing file /home/varun/miniconda3/envs/python38/lib/python3.8/site-packages/airflow/example_dags/tutorial_taskflow_api_virtualenv.py for tasks to queue
[2025-09-03T20:29:39.746+0200] {logging_mixin.py:137} INFO - [2025-09-03T20:29:39.746+0200] {dagbag.py:532} INFO - Filling up the DagBag from /home/varun/miniconda3/envs/python38/lib/python3.8/site-packages/airflow/example_dags/tutorial_taskflow_api_virtualenv.py
[2025-09-03T20:29:39.813+0200] {logging_mixin.py:137} INFO - [2025-09-03T20:29:39.813+0200] {tutorial_taskflow_api_virtualenv.py:29} WARNING - The tutorial_taskflow_api_virtualenv example DAG requires virtualenv, please install it.
[2025-09-03T20:29:39.813+0200] {processor.py:755} WARNING - No viable dags retrieved from /home/varun/miniconda3/envs/python38/lib/python3.8/site-packages/airflow/example_dags/tutorial_taskflow_api_virtualenv.py
[2025-09-03T20:29:39.822+0200] {processor.py:175} INFO - Processing /home/varun/miniconda3/envs/python38/lib/python3.8/site-packages/airflow/example_dags/tutorial_taskflow_api_virtualenv.py took 0.082 seconds
[2025-09-03T20:30:25.011+0200] {processor.py:153} INFO - Started process (PID=5645) to work on /home/varun/miniconda3/envs/python38/lib/python3.8/site-packages/airflow/example_dags/tutorial_taskflow_api_virtualenv.py
[2025-09-03T20:30:25.012+0200] {processor.py:743} INFO - Processing file /home/varun/miniconda3/envs/python38/lib/python3.8/site-packages/airflow/example_dags/tutorial_taskflow_api_virtualenv.py for tasks to queue
[2025-09-03T20:30:25.013+0200] {logging_mixin.py:137} INFO - [2025-09-03T20:30:25.013+0200] {dagbag.py:532} INFO - Filling up the DagBag from /home/varun/miniconda3/envs/python38/lib/python3.8/site-packages/airflow/example_dags/tutorial_taskflow_api_virtualenv.py
[2025-09-03T20:30:25.085+0200] {logging_mixin.py:137} INFO - [2025-09-03T20:30:25.085+0200] {tutorial_taskflow_api_virtualenv.py:29} WARNING - The tutorial_taskflow_api_virtualenv example DAG requires virtualenv, please install it.
[2025-09-03T20:30:25.085+0200] {processor.py:755} WARNING - No viable dags retrieved from /home/varun/miniconda3/envs/python38/lib/python3.8/site-packages/airflow/example_dags/tutorial_taskflow_api_virtualenv.py
[2025-09-03T20:30:25.095+0200] {processor.py:175} INFO - Processing /home/varun/miniconda3/envs/python38/lib/python3.8/site-packages/airflow/example_dags/tutorial_taskflow_api_virtualenv.py took 0.088 seconds
[2025-09-03T20:31:08.282+0200] {processor.py:153} INFO - Started process (PID=5687) to work on /home/varun/miniconda3/envs/python38/lib/python3.8/site-packages/airflow/example_dags/tutorial_taskflow_api_virtualenv.py
[2025-09-03T20:31:08.284+0200] {processor.py:743} INFO - Processing file /home/varun/miniconda3/envs/python38/lib/python3.8/site-packages/airflow/example_dags/tutorial_taskflow_api_virtualenv.py for tasks to queue
[2025-09-03T20:31:08.285+0200] {logging_mixin.py:137} INFO - [2025-09-03T20:31:08.285+0200] {dagbag.py:532} INFO - Filling up the DagBag from /home/varun/miniconda3/envs/python38/lib/python3.8/site-packages/airflow/example_dags/tutorial_taskflow_api_virtualenv.py
[2025-09-03T20:31:08.348+0200] {logging_mixin.py:137} INFO - [2025-09-03T20:31:08.348+0200] {tutorial_taskflow_api_virtualenv.py:29} WARNING - The tutorial_taskflow_api_virtualenv example DAG requires virtualenv, please install it.
[2025-09-03T20:31:08.349+0200] {processor.py:755} WARNING - No viable dags retrieved from /home/varun/miniconda3/envs/python38/lib/python3.8/site-packages/airflow/example_dags/tutorial_taskflow_api_virtualenv.py
[2025-09-03T20:31:08.359+0200] {processor.py:175} INFO - Processing /home/varun/miniconda3/envs/python38/lib/python3.8/site-packages/airflow/example_dags/tutorial_taskflow_api_virtualenv.py took 0.082 seconds
[2025-09-03T20:31:54.388+0200] {processor.py:153} INFO - Started process (PID=5729) to work on /home/varun/miniconda3/envs/python38/lib/python3.8/site-packages/airflow/example_dags/tutorial_taskflow_api_virtualenv.py
[2025-09-03T20:31:54.389+0200] {processor.py:743} INFO - Processing file /home/varun/miniconda3/envs/python38/lib/python3.8/site-packages/airflow/example_dags/tutorial_taskflow_api_virtualenv.py for tasks to queue
[2025-09-03T20:31:54.389+0200] {logging_mixin.py:137} INFO - [2025-09-03T20:31:54.389+0200] {dagbag.py:532} INFO - Filling up the DagBag from /home/varun/miniconda3/envs/python38/lib/python3.8/site-packages/airflow/example_dags/tutorial_taskflow_api_virtualenv.py
[2025-09-03T20:31:54.452+0200] {logging_mixin.py:137} INFO - [2025-09-03T20:31:54.452+0200] {tutorial_taskflow_api_virtualenv.py:29} WARNING - The tutorial_taskflow_api_virtualenv example DAG requires virtualenv, please install it.
[2025-09-03T20:31:54.453+0200] {processor.py:755} WARNING - No viable dags retrieved from /home/varun/miniconda3/envs/python38/lib/python3.8/site-packages/airflow/example_dags/tutorial_taskflow_api_virtualenv.py
[2025-09-03T20:31:54.463+0200] {processor.py:175} INFO - Processing /home/varun/miniconda3/envs/python38/lib/python3.8/site-packages/airflow/example_dags/tutorial_taskflow_api_virtualenv.py took 0.079 seconds
[2025-09-03T20:32:41.626+0200] {processor.py:153} INFO - Started process (PID=5771) to work on /home/varun/miniconda3/envs/python38/lib/python3.8/site-packages/airflow/example_dags/tutorial_taskflow_api_virtualenv.py
[2025-09-03T20:32:41.628+0200] {processor.py:743} INFO - Processing file /home/varun/miniconda3/envs/python38/lib/python3.8/site-packages/airflow/example_dags/tutorial_taskflow_api_virtualenv.py for tasks to queue
[2025-09-03T20:32:41.628+0200] {logging_mixin.py:137} INFO - [2025-09-03T20:32:41.628+0200] {dagbag.py:532} INFO - Filling up the DagBag from /home/varun/miniconda3/envs/python38/lib/python3.8/site-packages/airflow/example_dags/tutorial_taskflow_api_virtualenv.py
[2025-09-03T20:32:41.692+0200] {logging_mixin.py:137} INFO - [2025-09-03T20:32:41.692+0200] {tutorial_taskflow_api_virtualenv.py:29} WARNING - The tutorial_taskflow_api_virtualenv example DAG requires virtualenv, please install it.
[2025-09-03T20:32:41.692+0200] {processor.py:755} WARNING - No viable dags retrieved from /home/varun/miniconda3/envs/python38/lib/python3.8/site-packages/airflow/example_dags/tutorial_taskflow_api_virtualenv.py
[2025-09-03T20:32:41.701+0200] {processor.py:175} INFO - Processing /home/varun/miniconda3/envs/python38/lib/python3.8/site-packages/airflow/example_dags/tutorial_taskflow_api_virtualenv.py took 0.078 seconds
[2025-09-03T20:33:27.562+0200] {processor.py:153} INFO - Started process (PID=5813) to work on /home/varun/miniconda3/envs/python38/lib/python3.8/site-packages/airflow/example_dags/tutorial_taskflow_api_virtualenv.py
[2025-09-03T20:33:27.564+0200] {processor.py:743} INFO - Processing file /home/varun/miniconda3/envs/python38/lib/python3.8/site-packages/airflow/example_dags/tutorial_taskflow_api_virtualenv.py for tasks to queue
[2025-09-03T20:33:27.564+0200] {logging_mixin.py:137} INFO - [2025-09-03T20:33:27.564+0200] {dagbag.py:532} INFO - Filling up the DagBag from /home/varun/miniconda3/envs/python38/lib/python3.8/site-packages/airflow/example_dags/tutorial_taskflow_api_virtualenv.py
[2025-09-03T20:33:27.630+0200] {logging_mixin.py:137} INFO - [2025-09-03T20:33:27.630+0200] {tutorial_taskflow_api_virtualenv.py:29} WARNING - The tutorial_taskflow_api_virtualenv example DAG requires virtualenv, please install it.
[2025-09-03T20:33:27.630+0200] {processor.py:755} WARNING - No viable dags retrieved from /home/varun/miniconda3/envs/python38/lib/python3.8/site-packages/airflow/example_dags/tutorial_taskflow_api_virtualenv.py
[2025-09-03T20:33:27.639+0200] {processor.py:175} INFO - Processing /home/varun/miniconda3/envs/python38/lib/python3.8/site-packages/airflow/example_dags/tutorial_taskflow_api_virtualenv.py took 0.080 seconds
[2025-09-03T20:34:13.586+0200] {processor.py:153} INFO - Started process (PID=5855) to work on /home/varun/miniconda3/envs/python38/lib/python3.8/site-packages/airflow/example_dags/tutorial_taskflow_api_virtualenv.py
[2025-09-03T20:34:13.588+0200] {processor.py:743} INFO - Processing file /home/varun/miniconda3/envs/python38/lib/python3.8/site-packages/airflow/example_dags/tutorial_taskflow_api_virtualenv.py for tasks to queue
[2025-09-03T20:34:13.588+0200] {logging_mixin.py:137} INFO - [2025-09-03T20:34:13.588+0200] {dagbag.py:532} INFO - Filling up the DagBag from /home/varun/miniconda3/envs/python38/lib/python3.8/site-packages/airflow/example_dags/tutorial_taskflow_api_virtualenv.py
[2025-09-03T20:34:13.656+0200] {logging_mixin.py:137} INFO - [2025-09-03T20:34:13.656+0200] {tutorial_taskflow_api_virtualenv.py:29} WARNING - The tutorial_taskflow_api_virtualenv example DAG requires virtualenv, please install it.
[2025-09-03T20:34:13.656+0200] {processor.py:755} WARNING - No viable dags retrieved from /home/varun/miniconda3/envs/python38/lib/python3.8/site-packages/airflow/example_dags/tutorial_taskflow_api_virtualenv.py
[2025-09-03T20:34:13.667+0200] {processor.py:175} INFO - Processing /home/varun/miniconda3/envs/python38/lib/python3.8/site-packages/airflow/example_dags/tutorial_taskflow_api_virtualenv.py took 0.086 seconds
[2025-09-03T20:34:56.947+0200] {processor.py:153} INFO - Started process (PID=5898) to work on /home/varun/miniconda3/envs/python38/lib/python3.8/site-packages/airflow/example_dags/tutorial_taskflow_api_virtualenv.py
[2025-09-03T20:34:56.948+0200] {processor.py:743} INFO - Processing file /home/varun/miniconda3/envs/python38/lib/python3.8/site-packages/airflow/example_dags/tutorial_taskflow_api_virtualenv.py for tasks to queue
[2025-09-03T20:34:56.949+0200] {logging_mixin.py:137} INFO - [2025-09-03T20:34:56.949+0200] {dagbag.py:532} INFO - Filling up the DagBag from /home/varun/miniconda3/envs/python38/lib/python3.8/site-packages/airflow/example_dags/tutorial_taskflow_api_virtualenv.py
[2025-09-03T20:34:57.013+0200] {logging_mixin.py:137} INFO - [2025-09-03T20:34:57.013+0200] {tutorial_taskflow_api_virtualenv.py:29} WARNING - The tutorial_taskflow_api_virtualenv example DAG requires virtualenv, please install it.
[2025-09-03T20:34:57.013+0200] {processor.py:755} WARNING - No viable dags retrieved from /home/varun/miniconda3/envs/python38/lib/python3.8/site-packages/airflow/example_dags/tutorial_taskflow_api_virtualenv.py
[2025-09-03T20:34:57.021+0200] {processor.py:175} INFO - Processing /home/varun/miniconda3/envs/python38/lib/python3.8/site-packages/airflow/example_dags/tutorial_taskflow_api_virtualenv.py took 0.078 seconds
[2025-09-03T20:35:46.953+0200] {processor.py:153} INFO - Started process (PID=5940) to work on /home/varun/miniconda3/envs/python38/lib/python3.8/site-packages/airflow/example_dags/tutorial_taskflow_api_virtualenv.py
[2025-09-03T20:35:46.954+0200] {processor.py:743} INFO - Processing file /home/varun/miniconda3/envs/python38/lib/python3.8/site-packages/airflow/example_dags/tutorial_taskflow_api_virtualenv.py for tasks to queue
[2025-09-03T20:35:46.955+0200] {logging_mixin.py:137} INFO - [2025-09-03T20:35:46.955+0200] {dagbag.py:532} INFO - Filling up the DagBag from /home/varun/miniconda3/envs/python38/lib/python3.8/site-packages/airflow/example_dags/tutorial_taskflow_api_virtualenv.py
[2025-09-03T20:35:47.030+0200] {logging_mixin.py:137} INFO - [2025-09-03T20:35:47.030+0200] {tutorial_taskflow_api_virtualenv.py:29} WARNING - The tutorial_taskflow_api_virtualenv example DAG requires virtualenv, please install it.
[2025-09-03T20:35:47.030+0200] {processor.py:755} WARNING - No viable dags retrieved from /home/varun/miniconda3/envs/python38/lib/python3.8/site-packages/airflow/example_dags/tutorial_taskflow_api_virtualenv.py
[2025-09-03T20:35:47.038+0200] {processor.py:175} INFO - Processing /home/varun/miniconda3/envs/python38/lib/python3.8/site-packages/airflow/example_dags/tutorial_taskflow_api_virtualenv.py took 0.089 seconds
[2025-09-03T20:36:31.600+0200] {processor.py:153} INFO - Started process (PID=5982) to work on /home/varun/miniconda3/envs/python38/lib/python3.8/site-packages/airflow/example_dags/tutorial_taskflow_api_virtualenv.py
[2025-09-03T20:36:31.602+0200] {processor.py:743} INFO - Processing file /home/varun/miniconda3/envs/python38/lib/python3.8/site-packages/airflow/example_dags/tutorial_taskflow_api_virtualenv.py for tasks to queue
[2025-09-03T20:36:31.603+0200] {logging_mixin.py:137} INFO - [2025-09-03T20:36:31.602+0200] {dagbag.py:532} INFO - Filling up the DagBag from /home/varun/miniconda3/envs/python38/lib/python3.8/site-packages/airflow/example_dags/tutorial_taskflow_api_virtualenv.py
[2025-09-03T20:36:31.699+0200] {logging_mixin.py:137} INFO - [2025-09-03T20:36:31.699+0200] {tutorial_taskflow_api_virtualenv.py:29} WARNING - The tutorial_taskflow_api_virtualenv example DAG requires virtualenv, please install it.
[2025-09-03T20:36:31.700+0200] {processor.py:755} WARNING - No viable dags retrieved from /home/varun/miniconda3/envs/python38/lib/python3.8/site-packages/airflow/example_dags/tutorial_taskflow_api_virtualenv.py
[2025-09-03T20:36:31.709+0200] {processor.py:175} INFO - Processing /home/varun/miniconda3/envs/python38/lib/python3.8/site-packages/airflow/example_dags/tutorial_taskflow_api_virtualenv.py took 0.113 seconds
